<?xml version="1.0" encoding="UTF-8"?>
<testsuite xmlns:xsi="http://www.w3.org/2001/XMLSchema-instance" xsi:noNamespaceSchemaLocation="https://maven.apache.org/surefire/maven-surefire-plugin/xsd/surefire-test-report.xsd" name="com.gmail.qa.test.RunAllTest" time="61.37" tests="4" errors="4" skipped="0" failures="0">
  <properties>
    <property name="sun.desktop" value="windows"/>
    <property name="awt.toolkit" value="sun.awt.windows.WToolkit"/>
    <property name="file.encoding.pkg" value="sun.io"/>
    <property name="java.specification.version" value="1.8"/>
    <property name="sun.cpu.isalist" value="amd64"/>
    <property name="sun.jnu.encoding" value="Cp1252"/>
    <property name="java.class.path" value="C:\Let&apos;s Code!\POMMavenProject_jUnit\target\test-classes;C:\Let&apos;s Code!\POMMavenProject_jUnit\target\classes;C:\Users\chait\.m2\repository\junit\junit\4.11\junit-4.11.jar;C:\Users\chait\.m2\repository\org\hamcrest\hamcrest-core\1.3\hamcrest-core-1.3.jar;C:\Users\chait\.m2\repository\org\seleniumhq\selenium\selenium-java\3.5.3\selenium-java-3.5.3.jar;C:\Users\chait\.m2\repository\org\seleniumhq\selenium\selenium-api\3.5.3\selenium-api-3.5.3.jar;C:\Users\chait\.m2\repository\org\seleniumhq\selenium\selenium-chrome-driver\3.5.3\selenium-chrome-driver-3.5.3.jar;C:\Users\chait\.m2\repository\org\seleniumhq\selenium\selenium-edge-driver\3.5.3\selenium-edge-driver-3.5.3.jar;C:\Users\chait\.m2\repository\org\seleniumhq\selenium\selenium-firefox-driver\3.5.3\selenium-firefox-driver-3.5.3.jar;C:\Users\chait\.m2\repository\org\seleniumhq\selenium\selenium-ie-driver\3.5.3\selenium-ie-driver-3.5.3.jar;C:\Users\chait\.m2\repository\org\seleniumhq\selenium\selenium-opera-driver\3.5.3\selenium-opera-driver-3.5.3.jar;C:\Users\chait\.m2\repository\org\seleniumhq\selenium\selenium-remote-driver\3.5.3\selenium-remote-driver-3.5.3.jar;C:\Users\chait\.m2\repository\org\seleniumhq\selenium\selenium-safari-driver\3.5.3\selenium-safari-driver-3.5.3.jar;C:\Users\chait\.m2\repository\org\seleniumhq\selenium\selenium-support\3.5.3\selenium-support-3.5.3.jar;C:\Users\chait\.m2\repository\cglib\cglib-nodep\3.2.4\cglib-nodep-3.2.4.jar;C:\Users\chait\.m2\repository\org\apache\commons\commons-exec\1.3\commons-exec-1.3.jar;C:\Users\chait\.m2\repository\org\apache\commons\commons-lang3\3.5\commons-lang3-3.5.jar;C:\Users\chait\.m2\repository\commons-codec\commons-codec\1.10\commons-codec-1.10.jar;C:\Users\chait\.m2\repository\commons-io\commons-io\2.5\commons-io-2.5.jar;C:\Users\chait\.m2\repository\commons-logging\commons-logging\1.2\commons-logging-1.2.jar;C:\Users\chait\.m2\repository\org\w3c\css\sac\1.3\sac-1.3.jar;C:\Users\chait\.m2\repository\net\sourceforge\cssparser\cssparser\0.9.23\cssparser-0.9.23.jar;C:\Users\chait\.m2\repository\com\google\code\gson\gson\2.8.0\gson-2.8.0.jar;C:\Users\chait\.m2\repository\com\google\guava\guava\23.0\guava-23.0.jar;C:\Users\chait\.m2\repository\com\google\code\findbugs\jsr305\1.3.9\jsr305-1.3.9.jar;C:\Users\chait\.m2\repository\com\google\errorprone\error_prone_annotations\2.0.18\error_prone_annotations-2.0.18.jar;C:\Users\chait\.m2\repository\com\google\j2objc\j2objc-annotations\1.1\j2objc-annotations-1.1.jar;C:\Users\chait\.m2\repository\org\codehaus\mojo\animal-sniffer-annotations\1.14\animal-sniffer-annotations-1.14.jar;C:\Users\chait\.m2\repository\net\sourceforge\htmlunit\htmlunit\2.27\htmlunit-2.27.jar;C:\Users\chait\.m2\repository\net\sourceforge\htmlunit\htmlunit-core-js\2.27\htmlunit-core-js-2.27.jar;C:\Users\chait\.m2\repository\net\sourceforge\htmlunit\neko-htmlunit\2.27\neko-htmlunit-2.27.jar;C:\Users\chait\.m2\repository\org\apache\httpcomponents\httpclient\4.5.3\httpclient-4.5.3.jar;C:\Users\chait\.m2\repository\org\apache\httpcomponents\httpcore\4.4.6\httpcore-4.4.6.jar;C:\Users\chait\.m2\repository\org\apache\httpcomponents\httpmime\4.5.3\httpmime-4.5.3.jar;C:\Users\chait\.m2\repository\org\eclipse\jetty\jetty-client\9.4.5.v20170502\jetty-client-9.4.5.v20170502.jar;C:\Users\chait\.m2\repository\org\eclipse\jetty\jetty-http\9.4.5.v20170502\jetty-http-9.4.5.v20170502.jar;C:\Users\chait\.m2\repository\org\eclipse\jetty\jetty-io\9.4.5.v20170502\jetty-io-9.4.5.v20170502.jar;C:\Users\chait\.m2\repository\org\eclipse\jetty\jetty-util\9.4.5.v20170502\jetty-util-9.4.5.v20170502.jar;C:\Users\chait\.m2\repository\net\java\dev\jna\jna\4.1.0\jna-4.1.0.jar;C:\Users\chait\.m2\repository\net\java\dev\jna\jna-platform\4.1.0\jna-platform-4.1.0.jar;C:\Users\chait\.m2\repository\com\codeborne\phantomjsdriver\1.4.0\phantomjsdriver-1.4.0.jar;C:\Users\chait\.m2\repository\org\seleniumhq\selenium\htmlunit-driver\2.27\htmlunit-driver-2.27.jar;C:\Users\chait\.m2\repository\javax\servlet\javax.servlet-api\3.1.0\javax.servlet-api-3.1.0.jar;C:\Users\chait\.m2\repository\org\eclipse\jetty\websocket\websocket-api\9.4.5.v20170502\websocket-api-9.4.5.v20170502.jar;C:\Users\chait\.m2\repository\org\eclipse\jetty\websocket\websocket-client\9.4.5.v20170502\websocket-client-9.4.5.v20170502.jar;C:\Users\chait\.m2\repository\org\eclipse\jetty\websocket\websocket-common\9.4.5.v20170502\websocket-common-9.4.5.v20170502.jar;C:\Users\chait\.m2\repository\xalan\serializer\2.7.2\serializer-2.7.2.jar;C:\Users\chait\.m2\repository\xalan\xalan\2.7.2\xalan-2.7.2.jar;C:\Users\chait\.m2\repository\xerces\xercesImpl\2.11.0\xercesImpl-2.11.0.jar;C:\Users\chait\.m2\repository\xml-apis\xml-apis\1.4.01\xml-apis-1.4.01.jar;C:\Users\chait\.m2\repository\org\apache\poi\poi\3.9\poi-3.9.jar;C:\Users\chait\.m2\repository\org\apache\poi\poi-ooxml\3.9\poi-ooxml-3.9.jar;C:\Users\chait\.m2\repository\dom4j\dom4j\1.6.1\dom4j-1.6.1.jar;C:\Users\chait\.m2\repository\org\apache\poi\poi-ooxml-schemas\3.9\poi-ooxml-schemas-3.9.jar;C:\Users\chait\.m2\repository\org\apache\xmlbeans\xmlbeans\2.3.0\xmlbeans-2.3.0.jar;C:\Users\chait\.m2\repository\stax\stax-api\1.0.1\stax-api-1.0.1.jar;C:\Users\chait\.m2\repository\org\apache\poi\poi-scratchpad\3.9\poi-scratchpad-3.9.jar;C:\Users\chait\.m2\repository\org\apache\poi\ooxml-schemas\1.1\ooxml-schemas-1.1.jar;C:\Users\chait\.m2\repository\org\apache\poi\openxml4j\1.0-beta\openxml4j-1.0-beta.jar;C:\Users\chait\.m2\repository\log4j\log4j\1.2.17\log4j-1.2.17.jar;C:\Users\chait\.m2\repository\com\relevantcodes\extentreports\2.41.2\extentreports-2.41.2.jar;C:\Users\chait\.m2\repository\org\jsoup\jsoup\1.8.3\jsoup-1.8.3.jar;C:\Users\chait\.m2\repository\org\xerial\sqlite-jdbc\3.8.11.1\sqlite-jdbc-3.8.11.1.jar;C:\Users\chait\.m2\repository\org\freemarker\freemarker\2.3.23\freemarker-2.3.23.jar;C:\Users\chait\.m2\repository\org\mongodb\mongodb-driver\3.0.4\mongodb-driver-3.0.4.jar;C:\Users\chait\.m2\repository\org\mongodb\bson\3.0.4\bson-3.0.4.jar;C:\Users\chait\.m2\repository\org\mongodb\mongodb-driver-core\3.0.4\mongodb-driver-core-3.0.4.jar;"/>
    <property name="java.vm.vendor" value="Oracle Corporation"/>
    <property name="sun.arch.data.model" value="64"/>
    <property name="user.variant" value=""/>
    <property name="java.vendor.url" value="http://java.oracle.com/"/>
    <property name="user.timezone" value=""/>
    <property name="java.vm.specification.version" value="1.8"/>
    <property name="os.name" value="Windows 10"/>
    <property name="user.country" value="IN"/>
    <property name="sun.java.launcher" value="SUN_STANDARD"/>
    <property name="sun.boot.library.path" value="C:\Program Files\Java\jdk1.8.0_181\jre\bin"/>
    <property name="sun.java.command" value="C:\Users\chait\AppData\Local\Temp\surefire4193940774796782512\surefirebooter6948951925212431895.jar C:\Users\chait\AppData\Local\Temp\surefire4193940774796782512 2018-12-09T12-34-35_669-jvmRun1 surefire7379303583976553324tmp surefire_08298821567986502871tmp"/>
    <property name="surefire.test.class.path" value="C:\Let&apos;s Code!\POMMavenProject_jUnit\target\test-classes;C:\Let&apos;s Code!\POMMavenProject_jUnit\target\classes;C:\Users\chait\.m2\repository\junit\junit\4.11\junit-4.11.jar;C:\Users\chait\.m2\repository\org\hamcrest\hamcrest-core\1.3\hamcrest-core-1.3.jar;C:\Users\chait\.m2\repository\org\seleniumhq\selenium\selenium-java\3.5.3\selenium-java-3.5.3.jar;C:\Users\chait\.m2\repository\org\seleniumhq\selenium\selenium-api\3.5.3\selenium-api-3.5.3.jar;C:\Users\chait\.m2\repository\org\seleniumhq\selenium\selenium-chrome-driver\3.5.3\selenium-chrome-driver-3.5.3.jar;C:\Users\chait\.m2\repository\org\seleniumhq\selenium\selenium-edge-driver\3.5.3\selenium-edge-driver-3.5.3.jar;C:\Users\chait\.m2\repository\org\seleniumhq\selenium\selenium-firefox-driver\3.5.3\selenium-firefox-driver-3.5.3.jar;C:\Users\chait\.m2\repository\org\seleniumhq\selenium\selenium-ie-driver\3.5.3\selenium-ie-driver-3.5.3.jar;C:\Users\chait\.m2\repository\org\seleniumhq\selenium\selenium-opera-driver\3.5.3\selenium-opera-driver-3.5.3.jar;C:\Users\chait\.m2\repository\org\seleniumhq\selenium\selenium-remote-driver\3.5.3\selenium-remote-driver-3.5.3.jar;C:\Users\chait\.m2\repository\org\seleniumhq\selenium\selenium-safari-driver\3.5.3\selenium-safari-driver-3.5.3.jar;C:\Users\chait\.m2\repository\org\seleniumhq\selenium\selenium-support\3.5.3\selenium-support-3.5.3.jar;C:\Users\chait\.m2\repository\cglib\cglib-nodep\3.2.4\cglib-nodep-3.2.4.jar;C:\Users\chait\.m2\repository\org\apache\commons\commons-exec\1.3\commons-exec-1.3.jar;C:\Users\chait\.m2\repository\org\apache\commons\commons-lang3\3.5\commons-lang3-3.5.jar;C:\Users\chait\.m2\repository\commons-codec\commons-codec\1.10\commons-codec-1.10.jar;C:\Users\chait\.m2\repository\commons-io\commons-io\2.5\commons-io-2.5.jar;C:\Users\chait\.m2\repository\commons-logging\commons-logging\1.2\commons-logging-1.2.jar;C:\Users\chait\.m2\repository\org\w3c\css\sac\1.3\sac-1.3.jar;C:\Users\chait\.m2\repository\net\sourceforge\cssparser\cssparser\0.9.23\cssparser-0.9.23.jar;C:\Users\chait\.m2\repository\com\google\code\gson\gson\2.8.0\gson-2.8.0.jar;C:\Users\chait\.m2\repository\com\google\guava\guava\23.0\guava-23.0.jar;C:\Users\chait\.m2\repository\com\google\code\findbugs\jsr305\1.3.9\jsr305-1.3.9.jar;C:\Users\chait\.m2\repository\com\google\errorprone\error_prone_annotations\2.0.18\error_prone_annotations-2.0.18.jar;C:\Users\chait\.m2\repository\com\google\j2objc\j2objc-annotations\1.1\j2objc-annotations-1.1.jar;C:\Users\chait\.m2\repository\org\codehaus\mojo\animal-sniffer-annotations\1.14\animal-sniffer-annotations-1.14.jar;C:\Users\chait\.m2\repository\net\sourceforge\htmlunit\htmlunit\2.27\htmlunit-2.27.jar;C:\Users\chait\.m2\repository\net\sourceforge\htmlunit\htmlunit-core-js\2.27\htmlunit-core-js-2.27.jar;C:\Users\chait\.m2\repository\net\sourceforge\htmlunit\neko-htmlunit\2.27\neko-htmlunit-2.27.jar;C:\Users\chait\.m2\repository\org\apache\httpcomponents\httpclient\4.5.3\httpclient-4.5.3.jar;C:\Users\chait\.m2\repository\org\apache\httpcomponents\httpcore\4.4.6\httpcore-4.4.6.jar;C:\Users\chait\.m2\repository\org\apache\httpcomponents\httpmime\4.5.3\httpmime-4.5.3.jar;C:\Users\chait\.m2\repository\org\eclipse\jetty\jetty-client\9.4.5.v20170502\jetty-client-9.4.5.v20170502.jar;C:\Users\chait\.m2\repository\org\eclipse\jetty\jetty-http\9.4.5.v20170502\jetty-http-9.4.5.v20170502.jar;C:\Users\chait\.m2\repository\org\eclipse\jetty\jetty-io\9.4.5.v20170502\jetty-io-9.4.5.v20170502.jar;C:\Users\chait\.m2\repository\org\eclipse\jetty\jetty-util\9.4.5.v20170502\jetty-util-9.4.5.v20170502.jar;C:\Users\chait\.m2\repository\net\java\dev\jna\jna\4.1.0\jna-4.1.0.jar;C:\Users\chait\.m2\repository\net\java\dev\jna\jna-platform\4.1.0\jna-platform-4.1.0.jar;C:\Users\chait\.m2\repository\com\codeborne\phantomjsdriver\1.4.0\phantomjsdriver-1.4.0.jar;C:\Users\chait\.m2\repository\org\seleniumhq\selenium\htmlunit-driver\2.27\htmlunit-driver-2.27.jar;C:\Users\chait\.m2\repository\javax\servlet\javax.servlet-api\3.1.0\javax.servlet-api-3.1.0.jar;C:\Users\chait\.m2\repository\org\eclipse\jetty\websocket\websocket-api\9.4.5.v20170502\websocket-api-9.4.5.v20170502.jar;C:\Users\chait\.m2\repository\org\eclipse\jetty\websocket\websocket-client\9.4.5.v20170502\websocket-client-9.4.5.v20170502.jar;C:\Users\chait\.m2\repository\org\eclipse\jetty\websocket\websocket-common\9.4.5.v20170502\websocket-common-9.4.5.v20170502.jar;C:\Users\chait\.m2\repository\xalan\serializer\2.7.2\serializer-2.7.2.jar;C:\Users\chait\.m2\repository\xalan\xalan\2.7.2\xalan-2.7.2.jar;C:\Users\chait\.m2\repository\xerces\xercesImpl\2.11.0\xercesImpl-2.11.0.jar;C:\Users\chait\.m2\repository\xml-apis\xml-apis\1.4.01\xml-apis-1.4.01.jar;C:\Users\chait\.m2\repository\org\apache\poi\poi\3.9\poi-3.9.jar;C:\Users\chait\.m2\repository\org\apache\poi\poi-ooxml\3.9\poi-ooxml-3.9.jar;C:\Users\chait\.m2\repository\dom4j\dom4j\1.6.1\dom4j-1.6.1.jar;C:\Users\chait\.m2\repository\org\apache\poi\poi-ooxml-schemas\3.9\poi-ooxml-schemas-3.9.jar;C:\Users\chait\.m2\repository\org\apache\xmlbeans\xmlbeans\2.3.0\xmlbeans-2.3.0.jar;C:\Users\chait\.m2\repository\stax\stax-api\1.0.1\stax-api-1.0.1.jar;C:\Users\chait\.m2\repository\org\apache\poi\poi-scratchpad\3.9\poi-scratchpad-3.9.jar;C:\Users\chait\.m2\repository\org\apache\poi\ooxml-schemas\1.1\ooxml-schemas-1.1.jar;C:\Users\chait\.m2\repository\org\apache\poi\openxml4j\1.0-beta\openxml4j-1.0-beta.jar;C:\Users\chait\.m2\repository\log4j\log4j\1.2.17\log4j-1.2.17.jar;C:\Users\chait\.m2\repository\com\relevantcodes\extentreports\2.41.2\extentreports-2.41.2.jar;C:\Users\chait\.m2\repository\org\jsoup\jsoup\1.8.3\jsoup-1.8.3.jar;C:\Users\chait\.m2\repository\org\xerial\sqlite-jdbc\3.8.11.1\sqlite-jdbc-3.8.11.1.jar;C:\Users\chait\.m2\repository\org\freemarker\freemarker\2.3.23\freemarker-2.3.23.jar;C:\Users\chait\.m2\repository\org\mongodb\mongodb-driver\3.0.4\mongodb-driver-3.0.4.jar;C:\Users\chait\.m2\repository\org\mongodb\bson\3.0.4\bson-3.0.4.jar;C:\Users\chait\.m2\repository\org\mongodb\mongodb-driver-core\3.0.4\mongodb-driver-core-3.0.4.jar;"/>
    <property name="sun.cpu.endian" value="little"/>
    <property name="user.home" value="C:\Users\chait"/>
    <property name="user.language" value="en"/>
    <property name="java.specification.vendor" value="Oracle Corporation"/>
    <property name="java.home" value="C:\Program Files\Java\jdk1.8.0_181\jre"/>
    <property name="basedir" value="C:\Let&apos;s Code!\POMMavenProject_jUnit"/>
    <property name="file.separator" value="\"/>
    <property name="line.separator" value="&#10;"/>
    <property name="java.vm.specification.vendor" value="Oracle Corporation"/>
    <property name="java.specification.name" value="Java Platform API Specification"/>
    <property name="java.awt.graphicsenv" value="sun.awt.Win32GraphicsEnvironment"/>
    <property name="surefire.real.class.path" value="C:\Users\chait\AppData\Local\Temp\surefire4193940774796782512\surefirebooter6948951925212431895.jar"/>
    <property name="sun.boot.class.path" value="C:\Program Files\Java\jdk1.8.0_181\jre\lib\resources.jar;C:\Program Files\Java\jdk1.8.0_181\jre\lib\rt.jar;C:\Program Files\Java\jdk1.8.0_181\jre\lib\sunrsasign.jar;C:\Program Files\Java\jdk1.8.0_181\jre\lib\jsse.jar;C:\Program Files\Java\jdk1.8.0_181\jre\lib\jce.jar;C:\Program Files\Java\jdk1.8.0_181\jre\lib\charsets.jar;C:\Program Files\Java\jdk1.8.0_181\jre\lib\jfr.jar;C:\Program Files\Java\jdk1.8.0_181\jre\classes"/>
    <property name="user.script" value=""/>
    <property name="sun.management.compiler" value="HotSpot 64-Bit Tiered Compilers"/>
    <property name="java.runtime.version" value="1.8.0_181-b13"/>
    <property name="user.name" value="chait"/>
    <property name="path.separator" value=";"/>
    <property name="os.version" value="10.0"/>
    <property name="java.endorsed.dirs" value="C:\Program Files\Java\jdk1.8.0_181\jre\lib\endorsed"/>
    <property name="java.runtime.name" value="Java(TM) SE Runtime Environment"/>
    <property name="file.encoding" value="Cp1252"/>
    <property name="java.vm.name" value="Java HotSpot(TM) 64-Bit Server VM"/>
    <property name="localRepository" value="C:\Users\chait\.m2\repository"/>
    <property name="java.vendor.url.bug" value="http://bugreport.sun.com/bugreport/"/>
    <property name="java.io.tmpdir" value="C:\Users\chait\AppData\Local\Temp\"/>
    <property name="java.version" value="1.8.0_181"/>
    <property name="user.dir" value="C:\Let&apos;s Code!\POMMavenProject_jUnit"/>
    <property name="os.arch" value="amd64"/>
    <property name="java.vm.specification.name" value="Java Virtual Machine Specification"/>
    <property name="java.awt.printerjob" value="sun.awt.windows.WPrinterJob"/>
    <property name="sun.os.patch.level" value=""/>
    <property name="java.library.path" value="C:\Program Files\Java\jdk1.8.0_181\jre\bin;C:\WINDOWS\Sun\Java\bin;C:\WINDOWS\system32;C:\WINDOWS;C:\Users\chait\.jenkins\tools\hudson.tasks.Maven_MavenInstallation\POMMavenProject_jUnit/bin;C:\Program Files\Java\jdk1.8.0_181/bin;C:\Program Files\Java\jdk1.8.0_181/bin;C:\Program Files (x86)\Common Files\Oracle\Java\javapath;C:\WINDOWS\system32;C:\WINDOWS;C:\WINDOWS\System32\Wbem;C:\WINDOWS\System32\WindowsPowerShell\v1.0\;C:\WINDOWS\System32\OpenSSH\;C:\Users\chait\AppData\Local\Microsoft\WindowsApps;;."/>
    <property name="java.vm.info" value="mixed mode"/>
    <property name="java.vendor" value="Oracle Corporation"/>
    <property name="java.vm.version" value="25.181-b13"/>
    <property name="java.ext.dirs" value="C:\Program Files\Java\jdk1.8.0_181\jre\lib\ext;C:\WINDOWS\Sun\Java\lib\ext"/>
    <property name="sun.io.unicode.encoding" value="UnicodeLittle"/>
    <property name="java.class.version" value="52.0"/>
  </properties>
  <testcase name="testGmailSignInAndSignOut" classname="com.gmail.qa.test.GmailSignInAndSignOutTest" time="33.147">
    <error message="Expected condition failed: waiting for all conditions to be valid: visibility of Proxy element for: DefaultElementLocator &apos;By.xpath: //span[@class=&apos;gb_bb gbii&apos;]&apos; &amp;&amp; element to be clickable: Proxy element for: DefaultElementLocator &apos;By.xpath: //span[@class=&apos;gb_bb gbii&apos;]&apos; (tried for 20 second(s) with 500 MILLISECONDS interval)" type="org.openqa.selenium.TimeoutException"><![CDATA[org.openqa.selenium.TimeoutException: Expected condition failed: waiting for all conditions to be valid: visibility of Proxy element for: DefaultElementLocator 'By.xpath: //span[@class='gb_bb gbii']' && element to be clickable: Proxy element for: DefaultElementLocator 'By.xpath: //span[@class='gb_bb gbii']' (tried for 20 second(s) with 500 MILLISECONDS interval)
	at com.gmail.qa.test.GmailSignInAndSignOutTest.testGmailSignInAndSignOut(GmailSignInAndSignOutTest.java:47)
Caused by: org.openqa.selenium.NoSuchElementException: 
no such element: Unable to locate element: {"method":"xpath","selector":"//span[@class='gb_bb gbii']"}
  (Session info: chrome=70.0.3538.110)
  (Driver info: chromedriver=2.44.609538 (b655c5a60b0b544917107a59d4153d4bf78e1b90),platform=Windows NT 10.0.17134 x86_64) (WARNING: The server did not provide any stacktrace information)
Command duration or timeout: 0 milliseconds
For documentation on this error, please visit: http://seleniumhq.org/exceptions/no_such_element.html
Build info: version: '3.5.3', revision: 'a88d25fe6b', time: '2017-08-29T12:42:44.417Z'
System info: host: 'DESKTOP-VQGGT5N', ip: '192.168.1.12', os.name: 'Windows 10', os.arch: 'amd64', os.version: '10.0', java.version: '1.8.0_181'
Driver info: org.openqa.selenium.chrome.ChromeDriver
Capabilities [{mobileEmulationEnabled=false, hasTouchScreen=false, platform=XP, acceptSslCerts=false, goog:chromeOptions={debuggerAddress=localhost:50320}, acceptInsecureCerts=false, webStorageEnabled=true, browserName=chrome, takesScreenshot=true, javascriptEnabled=true, platformName=XP, setWindowRect=true, unexpectedAlertBehaviour=ignore, applicationCacheEnabled=false, rotatable=false, networkConnectionEnabled=false, chrome={chromedriverVersion=2.44.609538 (b655c5a60b0b544917107a59d4153d4bf78e1b90), userDataDir=C:\Users\chait\AppData\Local\Temp\scoped_dir6672_32296}, takesHeapSnapshot=true, unhandledPromptBehavior=ignore, pageLoadStrategy=normal, databaseEnabled=false, handlesAlerts=true, version=70.0.3538.110, browserConnectionEnabled=false, nativeEvents=true, locationContextEnabled=true, cssSelectorsEnabled=true}]
Session ID: 0fb59d3c372d29b94d8f2df8106983e1
*** Element info: {Using=xpath, value=//span[@class='gb_bb gbii']}
	at com.gmail.qa.test.GmailSignInAndSignOutTest.testGmailSignInAndSignOut(GmailSignInAndSignOutTest.java:47)
]]></error>
    <system-out><![CDATA[12-09-2018 12:36:02 Base.java INFO  [main] GmailSignInAndSignOutTest 31 - Execution Started
12-09-2018 12:36:02 RequestAddCookies.java DEBUG [Forwarding newSession on session null to remote] protocol.RequestAddCookies 123 - CookieSpec selected: default
12-09-2018 12:36:02 RequestAuthCache.java DEBUG [Forwarding newSession on session null to remote] protocol.RequestAuthCache 77 - Auth cache not set in the context
12-09-2018 12:36:02 PoolingHttpClientConnectionManager.java DEBUG [Forwarding newSession on session null to remote] conn.PoolingHttpClientConnectionManager 255 - Connection request: [route: {}->http://localhost:13733][total kept alive: 0; route allocated: 0 of 2000; total allocated: 0 of 2000]
12-09-2018 12:36:02 PoolingHttpClientConnectionManager.java DEBUG [Forwarding newSession on session null to remote] conn.PoolingHttpClientConnectionManager 288 - Connection leased: [id: 3][route: {}->http://localhost:13733][total kept alive: 0; route allocated: 1 of 2000; total allocated: 1 of 2000]
12-09-2018 12:36:02 MainClientExec.java DEBUG [Forwarding newSession on session null to remote] execchain.MainClientExec 235 - Opening connection {}->http://localhost:13733
12-09-2018 12:36:02 DefaultHttpClientConnectionOperator.java DEBUG [Forwarding newSession on session null to remote] conn.DefaultHttpClientConnectionOperator 139 - Connecting to localhost/127.0.0.1:13733
12-09-2018 12:36:02 DefaultHttpClientConnectionOperator.java DEBUG [Forwarding newSession on session null to remote] conn.DefaultHttpClientConnectionOperator 146 - Connection established 127.0.0.1:50319<->127.0.0.1:13733
12-09-2018 12:36:02 LoggingManagedHttpClientConnection.java DEBUG [Forwarding newSession on session null to remote] conn.DefaultManagedHttpClientConnection 88 - http-outgoing-3: set socket timeout to 10800000
12-09-2018 12:36:02 MainClientExec.java DEBUG [Forwarding newSession on session null to remote] execchain.MainClientExec 256 - Executing request POST /session HTTP/1.1
12-09-2018 12:36:02 MainClientExec.java DEBUG [Forwarding newSession on session null to remote] execchain.MainClientExec 261 - Target auth state: UNCHALLENGED
12-09-2018 12:36:02 MainClientExec.java DEBUG [Forwarding newSession on session null to remote] execchain.MainClientExec 267 - Proxy auth state: UNCHALLENGED
12-09-2018 12:36:02 LoggingManagedHttpClientConnection.java DEBUG [Forwarding newSession on session null to remote] http.headers 133 - http-outgoing-3 >> POST /session HTTP/1.1
12-09-2018 12:36:02 LoggingManagedHttpClientConnection.java DEBUG [Forwarding newSession on session null to remote] http.headers 136 - http-outgoing-3 >> Content-Type: application/json; charset=utf-8
12-09-2018 12:36:02 LoggingManagedHttpClientConnection.java DEBUG [Forwarding newSession on session null to remote] http.headers 136 - http-outgoing-3 >> Content-Length: 550
12-09-2018 12:36:02 LoggingManagedHttpClientConnection.java DEBUG [Forwarding newSession on session null to remote] http.headers 136 - http-outgoing-3 >> Host: localhost:13733
12-09-2018 12:36:02 LoggingManagedHttpClientConnection.java DEBUG [Forwarding newSession on session null to remote] http.headers 136 - http-outgoing-3 >> Connection: Keep-Alive
12-09-2018 12:36:02 LoggingManagedHttpClientConnection.java DEBUG [Forwarding newSession on session null to remote] http.headers 136 - http-outgoing-3 >> User-Agent: Apache-HttpClient/4.5.3 (Java/1.8.0_181)
12-09-2018 12:36:02 LoggingManagedHttpClientConnection.java DEBUG [Forwarding newSession on session null to remote] http.headers 136 - http-outgoing-3 >> Accept-Encoding: gzip,deflate
12-09-2018 12:36:02 Wire.java DEBUG [Forwarding newSession on session null to remote] http.wire 73 - http-outgoing-3 >> "POST /session HTTP/1.1[\r][\n]"
12-09-2018 12:36:02 Wire.java DEBUG [Forwarding newSession on session null to remote] http.wire 73 - http-outgoing-3 >> "Content-Type: application/json; charset=utf-8[\r][\n]"
12-09-2018 12:36:02 Wire.java DEBUG [Forwarding newSession on session null to remote] http.wire 73 - http-outgoing-3 >> "Content-Length: 550[\r][\n]"
12-09-2018 12:36:02 Wire.java DEBUG [Forwarding newSession on session null to remote] http.wire 73 - http-outgoing-3 >> "Host: localhost:13733[\r][\n]"
12-09-2018 12:36:02 Wire.java DEBUG [Forwarding newSession on session null to remote] http.wire 73 - http-outgoing-3 >> "Connection: Keep-Alive[\r][\n]"
12-09-2018 12:36:02 Wire.java DEBUG [Forwarding newSession on session null to remote] http.wire 73 - http-outgoing-3 >> "User-Agent: Apache-HttpClient/4.5.3 (Java/1.8.0_181)[\r][\n]"
12-09-2018 12:36:02 Wire.java DEBUG [Forwarding newSession on session null to remote] http.wire 73 - http-outgoing-3 >> "Accept-Encoding: gzip,deflate[\r][\n]"
12-09-2018 12:36:02 Wire.java DEBUG [Forwarding newSession on session null to remote] http.wire 73 - http-outgoing-3 >> "[\r][\n]"
12-09-2018 12:36:02 Wire.java DEBUG [Forwarding newSession on session null to remote] http.wire 73 - http-outgoing-3 >> "{[\n]"
12-09-2018 12:36:02 Wire.java DEBUG [Forwarding newSession on session null to remote] http.wire 73 - http-outgoing-3 >> "  "desiredCapabilities": {[\n]"
12-09-2018 12:36:02 Wire.java DEBUG [Forwarding newSession on session null to remote] http.wire 73 - http-outgoing-3 >> "    "browserName": "chrome",[\n]"
12-09-2018 12:36:02 Wire.java DEBUG [Forwarding newSession on session null to remote] http.wire 73 - http-outgoing-3 >> "    "chromeOptions": {[\n]"
12-09-2018 12:36:02 Wire.java DEBUG [Forwarding newSession on session null to remote] http.wire 73 - http-outgoing-3 >> "      "args": [],[\n]"
12-09-2018 12:36:02 Wire.java DEBUG [Forwarding newSession on session null to remote] http.wire 73 - http-outgoing-3 >> "      "extensions": [][\n]"
12-09-2018 12:36:02 Wire.java DEBUG [Forwarding newSession on session null to remote] http.wire 73 - http-outgoing-3 >> "    },[\n]"
12-09-2018 12:36:02 Wire.java DEBUG [Forwarding newSession on session null to remote] http.wire 73 - http-outgoing-3 >> "    "version": "",[\n]"
12-09-2018 12:36:02 Wire.java DEBUG [Forwarding newSession on session null to remote] http.wire 73 - http-outgoing-3 >> "    "platform": "ANY"[\n]"
12-09-2018 12:36:02 Wire.java DEBUG [Forwarding newSession on session null to remote] http.wire 73 - http-outgoing-3 >> "  },[\n]"
12-09-2018 12:36:02 Wire.java DEBUG [Forwarding newSession on session null to remote] http.wire 73 - http-outgoing-3 >> "  "requiredCapabilities": {},[\n]"
12-09-2018 12:36:02 Wire.java DEBUG [Forwarding newSession on session null to remote] http.wire 73 - http-outgoing-3 >> "  "capabilities": {[\n]"
12-09-2018 12:36:02 Wire.java DEBUG [Forwarding newSession on session null to remote] http.wire 73 - http-outgoing-3 >> "    "desiredCapabilities": {[\n]"
12-09-2018 12:36:02 Wire.java DEBUG [Forwarding newSession on session null to remote] http.wire 73 - http-outgoing-3 >> "      "browserName": "chrome",[\n]"
12-09-2018 12:36:02 Wire.java DEBUG [Forwarding newSession on session null to remote] http.wire 73 - http-outgoing-3 >> "      "chromeOptions": {[\n]"
12-09-2018 12:36:02 Wire.java DEBUG [Forwarding newSession on session null to remote] http.wire 73 - http-outgoing-3 >> "        "args": [],[\n]"
12-09-2018 12:36:02 Wire.java DEBUG [Forwarding newSession on session null to remote] http.wire 73 - http-outgoing-3 >> "        "extensions": [][\n]"
12-09-2018 12:36:02 Wire.java DEBUG [Forwarding newSession on session null to remote] http.wire 73 - http-outgoing-3 >> "      },[\n]"
12-09-2018 12:36:02 Wire.java DEBUG [Forwarding newSession on session null to remote] http.wire 73 - http-outgoing-3 >> "      "version": "",[\n]"
12-09-2018 12:36:02 Wire.java DEBUG [Forwarding newSession on session null to remote] http.wire 73 - http-outgoing-3 >> "      "platform": "ANY"[\n]"
12-09-2018 12:36:02 Wire.java DEBUG [Forwarding newSession on session null to remote] http.wire 73 - http-outgoing-3 >> "    },[\n]"
12-09-2018 12:36:02 Wire.java DEBUG [Forwarding newSession on session null to remote] http.wire 73 - http-outgoing-3 >> "    "requiredCapabilities": {},[\n]"
12-09-2018 12:36:02 Wire.java DEBUG [Forwarding newSession on session null to remote] http.wire 73 - http-outgoing-3 >> "    "alwaysMatch": {},[\n]"
12-09-2018 12:36:02 Wire.java DEBUG [Forwarding newSession on session null to remote] http.wire 73 - http-outgoing-3 >> "    "firstMatch": [[\n]"
12-09-2018 12:36:02 Wire.java DEBUG [Forwarding newSession on session null to remote] http.wire 73 - http-outgoing-3 >> "      {[\n]"
12-09-2018 12:36:02 Wire.java DEBUG [Forwarding newSession on session null to remote] http.wire 73 - http-outgoing-3 >> "        "browserName": "chrome"[\n]"
12-09-2018 12:36:02 Wire.java DEBUG [Forwarding newSession on session null to remote] http.wire 73 - http-outgoing-3 >> "      }[\n]"
12-09-2018 12:36:02 Wire.java DEBUG [Forwarding newSession on session null to remote] http.wire 73 - http-outgoing-3 >> "    ][\n]"
12-09-2018 12:36:02 Wire.java DEBUG [Forwarding newSession on session null to remote] http.wire 73 - http-outgoing-3 >> "  }[\n]"
12-09-2018 12:36:02 Wire.java DEBUG [Forwarding newSession on session null to remote] http.wire 87 - http-outgoing-3 >> "}"
12-09-2018 12:36:04 Wire.java DEBUG [Forwarding newSession on session null to remote] http.wire 73 - http-outgoing-3 << "HTTP/1.1 200 OK[\r][\n]"
12-09-2018 12:36:04 Wire.java DEBUG [Forwarding newSession on session null to remote] http.wire 73 - http-outgoing-3 << "Content-Length:894[\r][\n]"
12-09-2018 12:36:04 Wire.java DEBUG [Forwarding newSession on session null to remote] http.wire 73 - http-outgoing-3 << "Content-Type:application/json; charset=utf-8[\r][\n]"
12-09-2018 12:36:04 Wire.java DEBUG [Forwarding newSession on session null to remote] http.wire 73 - http-outgoing-3 << "[\r][\n]"
12-09-2018 12:36:04 Wire.java DEBUG [Forwarding newSession on session null to remote] http.wire 87 - http-outgoing-3 << "{"sessionId":"0fb59d3c372d29b94d8f2df8106983e1","status":0,"value":{"acceptInsecureCerts":false,"acceptSslCerts":false,"applicationCacheEnabled":false,"browserConnectionEnabled":false,"browserName":"chrome","chrome":{"chromedriverVersion":"2.44.609538 (b655c5a60b0b544917107a59d4153d4bf78e1b90)","userDataDir":"C:\\Users\\chait\\AppData\\Local\\Temp\\scoped_dir6672_32296"},"cssSelectorsEnabled":true,"databaseEnabled":false,"goog:chromeOptions":{"debuggerAddress":"localhost:50320"},"handlesAlerts":true,"hasTouchScreen":false,"javascriptEnabled":true,"locationContextEnabled":true,"mobileEmulationEnabled":false,"nativeEvents":true,"networkConnectionEnabled":false,"pageLoadStrategy":"normal","platform":"Windows NT","rotatable":false,"setWindowRect":true,"takesHeapSnapshot":true,"takesScreenshot":true,"unexpectedAlertBehaviour":"ignore","version":"70.0.3538.110","webStorageEnabled":true}}"
12-09-2018 12:36:04 LoggingManagedHttpClientConnection.java DEBUG [Forwarding newSession on session null to remote] http.headers 122 - http-outgoing-3 << HTTP/1.1 200 OK
12-09-2018 12:36:04 LoggingManagedHttpClientConnection.java DEBUG [Forwarding newSession on session null to remote] http.headers 125 - http-outgoing-3 << Content-Length:894
12-09-2018 12:36:04 LoggingManagedHttpClientConnection.java DEBUG [Forwarding newSession on session null to remote] http.headers 125 - http-outgoing-3 << Content-Type:application/json; charset=utf-8
12-09-2018 12:36:04 MainClientExec.java DEBUG [Forwarding newSession on session null to remote] execchain.MainClientExec 285 - Connection can be kept alive indefinitely
12-09-2018 12:36:04 PoolingHttpClientConnectionManager.java DEBUG [Forwarding newSession on session null to remote] conn.PoolingHttpClientConnectionManager 320 - Connection [id: 3][route: {}->http://localhost:13733] can be kept alive indefinitely
12-09-2018 12:36:04 PoolingHttpClientConnectionManager.java DEBUG [Forwarding newSession on session null to remote] conn.PoolingHttpClientConnectionManager 326 - Connection released: [id: 3][route: {}->http://localhost:13733][total kept alive: 1; route allocated: 1 of 2000; total allocated: 1 of 2000]
12-09-2018 12:36:04 RequestAddCookies.java DEBUG [Forwarding maximizeCurrentWindow on session 0fb59d3c372d29b94d8f2df8106983e1 to remote] protocol.RequestAddCookies 123 - CookieSpec selected: default
12-09-2018 12:36:04 RequestAuthCache.java DEBUG [Forwarding maximizeCurrentWindow on session 0fb59d3c372d29b94d8f2df8106983e1 to remote] protocol.RequestAuthCache 77 - Auth cache not set in the context
12-09-2018 12:36:04 PoolingHttpClientConnectionManager.java DEBUG [Forwarding maximizeCurrentWindow on session 0fb59d3c372d29b94d8f2df8106983e1 to remote] conn.PoolingHttpClientConnectionManager 255 - Connection request: [route: {}->http://localhost:13733][total kept alive: 1; route allocated: 1 of 2000; total allocated: 1 of 2000]
12-09-2018 12:36:04 PoolingHttpClientConnectionManager.java DEBUG [Forwarding maximizeCurrentWindow on session 0fb59d3c372d29b94d8f2df8106983e1 to remote] conn.PoolingHttpClientConnectionManager 288 - Connection leased: [id: 3][route: {}->http://localhost:13733][total kept alive: 0; route allocated: 1 of 2000; total allocated: 1 of 2000]
12-09-2018 12:36:04 MainClientExec.java DEBUG [Forwarding maximizeCurrentWindow on session 0fb59d3c372d29b94d8f2df8106983e1 to remote] execchain.MainClientExec 208 - Stale connection check
12-09-2018 12:36:04 Wire.java DEBUG [Forwarding maximizeCurrentWindow on session 0fb59d3c372d29b94d8f2df8106983e1 to remote] http.wire 87 - http-outgoing-3 << "[read] I/O error: Read timed out"
12-09-2018 12:36:04 LoggingManagedHttpClientConnection.java DEBUG [Forwarding maximizeCurrentWindow on session 0fb59d3c372d29b94d8f2df8106983e1 to remote] conn.DefaultManagedHttpClientConnection 88 - http-outgoing-3: set socket timeout to 10800000
12-09-2018 12:36:04 MainClientExec.java DEBUG [Forwarding maximizeCurrentWindow on session 0fb59d3c372d29b94d8f2df8106983e1 to remote] execchain.MainClientExec 256 - Executing request POST /session/0fb59d3c372d29b94d8f2df8106983e1/window/current/maximize HTTP/1.1
12-09-2018 12:36:04 MainClientExec.java DEBUG [Forwarding maximizeCurrentWindow on session 0fb59d3c372d29b94d8f2df8106983e1 to remote] execchain.MainClientExec 261 - Target auth state: UNCHALLENGED
12-09-2018 12:36:04 MainClientExec.java DEBUG [Forwarding maximizeCurrentWindow on session 0fb59d3c372d29b94d8f2df8106983e1 to remote] execchain.MainClientExec 267 - Proxy auth state: UNCHALLENGED
12-09-2018 12:36:04 LoggingManagedHttpClientConnection.java DEBUG [Forwarding maximizeCurrentWindow on session 0fb59d3c372d29b94d8f2df8106983e1 to remote] http.headers 133 - http-outgoing-3 >> POST /session/0fb59d3c372d29b94d8f2df8106983e1/window/current/maximize HTTP/1.1
12-09-2018 12:36:04 LoggingManagedHttpClientConnection.java DEBUG [Forwarding maximizeCurrentWindow on session 0fb59d3c372d29b94d8f2df8106983e1 to remote] http.headers 136 - http-outgoing-3 >> Content-Type: application/json; charset=utf-8
12-09-2018 12:36:04 LoggingManagedHttpClientConnection.java DEBUG [Forwarding maximizeCurrentWindow on session 0fb59d3c372d29b94d8f2df8106983e1 to remote] http.headers 136 - http-outgoing-3 >> Content-Length: 45
12-09-2018 12:36:04 LoggingManagedHttpClientConnection.java DEBUG [Forwarding maximizeCurrentWindow on session 0fb59d3c372d29b94d8f2df8106983e1 to remote] http.headers 136 - http-outgoing-3 >> Host: localhost:13733
12-09-2018 12:36:04 LoggingManagedHttpClientConnection.java DEBUG [Forwarding maximizeCurrentWindow on session 0fb59d3c372d29b94d8f2df8106983e1 to remote] http.headers 136 - http-outgoing-3 >> Connection: Keep-Alive
12-09-2018 12:36:04 LoggingManagedHttpClientConnection.java DEBUG [Forwarding maximizeCurrentWindow on session 0fb59d3c372d29b94d8f2df8106983e1 to remote] http.headers 136 - http-outgoing-3 >> User-Agent: Apache-HttpClient/4.5.3 (Java/1.8.0_181)
12-09-2018 12:36:04 LoggingManagedHttpClientConnection.java DEBUG [Forwarding maximizeCurrentWindow on session 0fb59d3c372d29b94d8f2df8106983e1 to remote] http.headers 136 - http-outgoing-3 >> Accept-Encoding: gzip,deflate
12-09-2018 12:36:04 Wire.java DEBUG [Forwarding maximizeCurrentWindow on session 0fb59d3c372d29b94d8f2df8106983e1 to remote] http.wire 73 - http-outgoing-3 >> "POST /session/0fb59d3c372d29b94d8f2df8106983e1/window/current/maximize HTTP/1.1[\r][\n]"
12-09-2018 12:36:04 Wire.java DEBUG [Forwarding maximizeCurrentWindow on session 0fb59d3c372d29b94d8f2df8106983e1 to remote] http.wire 73 - http-outgoing-3 >> "Content-Type: application/json; charset=utf-8[\r][\n]"
12-09-2018 12:36:04 Wire.java DEBUG [Forwarding maximizeCurrentWindow on session 0fb59d3c372d29b94d8f2df8106983e1 to remote] http.wire 73 - http-outgoing-3 >> "Content-Length: 45[\r][\n]"
12-09-2018 12:36:04 Wire.java DEBUG [Forwarding maximizeCurrentWindow on session 0fb59d3c372d29b94d8f2df8106983e1 to remote] http.wire 73 - http-outgoing-3 >> "Host: localhost:13733[\r][\n]"
12-09-2018 12:36:04 Wire.java DEBUG [Forwarding maximizeCurrentWindow on session 0fb59d3c372d29b94d8f2df8106983e1 to remote] http.wire 73 - http-outgoing-3 >> "Connection: Keep-Alive[\r][\n]"
12-09-2018 12:36:04 Wire.java DEBUG [Forwarding maximizeCurrentWindow on session 0fb59d3c372d29b94d8f2df8106983e1 to remote] http.wire 73 - http-outgoing-3 >> "User-Agent: Apache-HttpClient/4.5.3 (Java/1.8.0_181)[\r][\n]"
12-09-2018 12:36:04 Wire.java DEBUG [Forwarding maximizeCurrentWindow on session 0fb59d3c372d29b94d8f2df8106983e1 to remote] http.wire 73 - http-outgoing-3 >> "Accept-Encoding: gzip,deflate[\r][\n]"
12-09-2018 12:36:04 Wire.java DEBUG [Forwarding maximizeCurrentWindow on session 0fb59d3c372d29b94d8f2df8106983e1 to remote] http.wire 73 - http-outgoing-3 >> "[\r][\n]"
12-09-2018 12:36:04 Wire.java DEBUG [Forwarding maximizeCurrentWindow on session 0fb59d3c372d29b94d8f2df8106983e1 to remote] http.wire 87 - http-outgoing-3 >> "{"windowHandle":"current","handle":"current"}"
12-09-2018 12:36:05 Wire.java DEBUG [Forwarding maximizeCurrentWindow on session 0fb59d3c372d29b94d8f2df8106983e1 to remote] http.wire 73 - http-outgoing-3 << "HTTP/1.1 200 OK[\r][\n]"
12-09-2018 12:36:05 Wire.java DEBUG [Forwarding maximizeCurrentWindow on session 0fb59d3c372d29b94d8f2df8106983e1 to remote] http.wire 73 - http-outgoing-3 << "Content-Length:109[\r][\n]"
12-09-2018 12:36:05 Wire.java DEBUG [Forwarding maximizeCurrentWindow on session 0fb59d3c372d29b94d8f2df8106983e1 to remote] http.wire 73 - http-outgoing-3 << "Content-Type:application/json; charset=utf-8[\r][\n]"
12-09-2018 12:36:05 Wire.java DEBUG [Forwarding maximizeCurrentWindow on session 0fb59d3c372d29b94d8f2df8106983e1 to remote] http.wire 73 - http-outgoing-3 << "[\r][\n]"
12-09-2018 12:36:05 Wire.java DEBUG [Forwarding maximizeCurrentWindow on session 0fb59d3c372d29b94d8f2df8106983e1 to remote] http.wire 87 - http-outgoing-3 << "{"sessionId":"0fb59d3c372d29b94d8f2df8106983e1","status":0,"value":{"height":840,"width":1552,"x":-8,"y":-8}}"
12-09-2018 12:36:05 LoggingManagedHttpClientConnection.java DEBUG [Forwarding maximizeCurrentWindow on session 0fb59d3c372d29b94d8f2df8106983e1 to remote] http.headers 122 - http-outgoing-3 << HTTP/1.1 200 OK
12-09-2018 12:36:05 LoggingManagedHttpClientConnection.java DEBUG [Forwarding maximizeCurrentWindow on session 0fb59d3c372d29b94d8f2df8106983e1 to remote] http.headers 125 - http-outgoing-3 << Content-Length:109
12-09-2018 12:36:05 LoggingManagedHttpClientConnection.java DEBUG [Forwarding maximizeCurrentWindow on session 0fb59d3c372d29b94d8f2df8106983e1 to remote] http.headers 125 - http-outgoing-3 << Content-Type:application/json; charset=utf-8
12-09-2018 12:36:05 MainClientExec.java DEBUG [Forwarding maximizeCurrentWindow on session 0fb59d3c372d29b94d8f2df8106983e1 to remote] execchain.MainClientExec 285 - Connection can be kept alive indefinitely
12-09-2018 12:36:05 PoolingHttpClientConnectionManager.java DEBUG [Forwarding maximizeCurrentWindow on session 0fb59d3c372d29b94d8f2df8106983e1 to remote] conn.PoolingHttpClientConnectionManager 320 - Connection [id: 3][route: {}->http://localhost:13733] can be kept alive indefinitely
12-09-2018 12:36:05 PoolingHttpClientConnectionManager.java DEBUG [Forwarding maximizeCurrentWindow on session 0fb59d3c372d29b94d8f2df8106983e1 to remote] conn.PoolingHttpClientConnectionManager 326 - Connection released: [id: 3][route: {}->http://localhost:13733][total kept alive: 1; route allocated: 1 of 2000; total allocated: 1 of 2000]
12-09-2018 12:36:05 RequestAddCookies.java DEBUG [Forwarding deleteAllCookies on session 0fb59d3c372d29b94d8f2df8106983e1 to remote] protocol.RequestAddCookies 123 - CookieSpec selected: default
12-09-2018 12:36:05 RequestAuthCache.java DEBUG [Forwarding deleteAllCookies on session 0fb59d3c372d29b94d8f2df8106983e1 to remote] protocol.RequestAuthCache 77 - Auth cache not set in the context
12-09-2018 12:36:05 PoolingHttpClientConnectionManager.java DEBUG [Forwarding deleteAllCookies on session 0fb59d3c372d29b94d8f2df8106983e1 to remote] conn.PoolingHttpClientConnectionManager 255 - Connection request: [route: {}->http://localhost:13733][total kept alive: 1; route allocated: 1 of 2000; total allocated: 1 of 2000]
12-09-2018 12:36:05 PoolingHttpClientConnectionManager.java DEBUG [Forwarding deleteAllCookies on session 0fb59d3c372d29b94d8f2df8106983e1 to remote] conn.PoolingHttpClientConnectionManager 288 - Connection leased: [id: 3][route: {}->http://localhost:13733][total kept alive: 0; route allocated: 1 of 2000; total allocated: 1 of 2000]
12-09-2018 12:36:05 MainClientExec.java DEBUG [Forwarding deleteAllCookies on session 0fb59d3c372d29b94d8f2df8106983e1 to remote] execchain.MainClientExec 208 - Stale connection check
12-09-2018 12:36:05 Wire.java DEBUG [Forwarding deleteAllCookies on session 0fb59d3c372d29b94d8f2df8106983e1 to remote] http.wire 87 - http-outgoing-3 << "[read] I/O error: Read timed out"
12-09-2018 12:36:05 LoggingManagedHttpClientConnection.java DEBUG [Forwarding deleteAllCookies on session 0fb59d3c372d29b94d8f2df8106983e1 to remote] conn.DefaultManagedHttpClientConnection 88 - http-outgoing-3: set socket timeout to 10800000
12-09-2018 12:36:05 MainClientExec.java DEBUG [Forwarding deleteAllCookies on session 0fb59d3c372d29b94d8f2df8106983e1 to remote] execchain.MainClientExec 256 - Executing request DELETE /session/0fb59d3c372d29b94d8f2df8106983e1/cookie HTTP/1.1
12-09-2018 12:36:05 MainClientExec.java DEBUG [Forwarding deleteAllCookies on session 0fb59d3c372d29b94d8f2df8106983e1 to remote] execchain.MainClientExec 261 - Target auth state: UNCHALLENGED
12-09-2018 12:36:05 MainClientExec.java DEBUG [Forwarding deleteAllCookies on session 0fb59d3c372d29b94d8f2df8106983e1 to remote] execchain.MainClientExec 267 - Proxy auth state: UNCHALLENGED
12-09-2018 12:36:05 LoggingManagedHttpClientConnection.java DEBUG [Forwarding deleteAllCookies on session 0fb59d3c372d29b94d8f2df8106983e1 to remote] http.headers 133 - http-outgoing-3 >> DELETE /session/0fb59d3c372d29b94d8f2df8106983e1/cookie HTTP/1.1
12-09-2018 12:36:05 LoggingManagedHttpClientConnection.java DEBUG [Forwarding deleteAllCookies on session 0fb59d3c372d29b94d8f2df8106983e1 to remote] http.headers 136 - http-outgoing-3 >> Host: localhost:13733
12-09-2018 12:36:05 LoggingManagedHttpClientConnection.java DEBUG [Forwarding deleteAllCookies on session 0fb59d3c372d29b94d8f2df8106983e1 to remote] http.headers 136 - http-outgoing-3 >> Connection: Keep-Alive
12-09-2018 12:36:05 LoggingManagedHttpClientConnection.java DEBUG [Forwarding deleteAllCookies on session 0fb59d3c372d29b94d8f2df8106983e1 to remote] http.headers 136 - http-outgoing-3 >> User-Agent: Apache-HttpClient/4.5.3 (Java/1.8.0_181)
12-09-2018 12:36:05 LoggingManagedHttpClientConnection.java DEBUG [Forwarding deleteAllCookies on session 0fb59d3c372d29b94d8f2df8106983e1 to remote] http.headers 136 - http-outgoing-3 >> Accept-Encoding: gzip,deflate
12-09-2018 12:36:05 Wire.java DEBUG [Forwarding deleteAllCookies on session 0fb59d3c372d29b94d8f2df8106983e1 to remote] http.wire 73 - http-outgoing-3 >> "DELETE /session/0fb59d3c372d29b94d8f2df8106983e1/cookie HTTP/1.1[\r][\n]"
12-09-2018 12:36:05 Wire.java DEBUG [Forwarding deleteAllCookies on session 0fb59d3c372d29b94d8f2df8106983e1 to remote] http.wire 73 - http-outgoing-3 >> "Host: localhost:13733[\r][\n]"
12-09-2018 12:36:05 Wire.java DEBUG [Forwarding deleteAllCookies on session 0fb59d3c372d29b94d8f2df8106983e1 to remote] http.wire 73 - http-outgoing-3 >> "Connection: Keep-Alive[\r][\n]"
12-09-2018 12:36:05 Wire.java DEBUG [Forwarding deleteAllCookies on session 0fb59d3c372d29b94d8f2df8106983e1 to remote] http.wire 73 - http-outgoing-3 >> "User-Agent: Apache-HttpClient/4.5.3 (Java/1.8.0_181)[\r][\n]"
12-09-2018 12:36:05 Wire.java DEBUG [Forwarding deleteAllCookies on session 0fb59d3c372d29b94d8f2df8106983e1 to remote] http.wire 73 - http-outgoing-3 >> "Accept-Encoding: gzip,deflate[\r][\n]"
12-09-2018 12:36:05 Wire.java DEBUG [Forwarding deleteAllCookies on session 0fb59d3c372d29b94d8f2df8106983e1 to remote] http.wire 73 - http-outgoing-3 >> "[\r][\n]"
12-09-2018 12:36:05 Wire.java DEBUG [Forwarding deleteAllCookies on session 0fb59d3c372d29b94d8f2df8106983e1 to remote] http.wire 73 - http-outgoing-3 << "HTTP/1.1 200 OK[\r][\n]"
12-09-2018 12:36:05 Wire.java DEBUG [Forwarding deleteAllCookies on session 0fb59d3c372d29b94d8f2df8106983e1 to remote] http.wire 73 - http-outgoing-3 << "Content-Length:72[\r][\n]"
12-09-2018 12:36:05 Wire.java DEBUG [Forwarding deleteAllCookies on session 0fb59d3c372d29b94d8f2df8106983e1 to remote] http.wire 73 - http-outgoing-3 << "Content-Type:application/json; charset=utf-8[\r][\n]"
12-09-2018 12:36:05 Wire.java DEBUG [Forwarding deleteAllCookies on session 0fb59d3c372d29b94d8f2df8106983e1 to remote] http.wire 73 - http-outgoing-3 << "[\r][\n]"
12-09-2018 12:36:05 Wire.java DEBUG [Forwarding deleteAllCookies on session 0fb59d3c372d29b94d8f2df8106983e1 to remote] http.wire 87 - http-outgoing-3 << "{"sessionId":"0fb59d3c372d29b94d8f2df8106983e1","status":0,"value":null}"
12-09-2018 12:36:05 LoggingManagedHttpClientConnection.java DEBUG [Forwarding deleteAllCookies on session 0fb59d3c372d29b94d8f2df8106983e1 to remote] http.headers 122 - http-outgoing-3 << HTTP/1.1 200 OK
12-09-2018 12:36:05 LoggingManagedHttpClientConnection.java DEBUG [Forwarding deleteAllCookies on session 0fb59d3c372d29b94d8f2df8106983e1 to remote] http.headers 125 - http-outgoing-3 << Content-Length:72
12-09-2018 12:36:05 LoggingManagedHttpClientConnection.java DEBUG [Forwarding deleteAllCookies on session 0fb59d3c372d29b94d8f2df8106983e1 to remote] http.headers 125 - http-outgoing-3 << Content-Type:application/json; charset=utf-8
12-09-2018 12:36:05 MainClientExec.java DEBUG [Forwarding deleteAllCookies on session 0fb59d3c372d29b94d8f2df8106983e1 to remote] execchain.MainClientExec 285 - Connection can be kept alive indefinitely
12-09-2018 12:36:05 PoolingHttpClientConnectionManager.java DEBUG [Forwarding deleteAllCookies on session 0fb59d3c372d29b94d8f2df8106983e1 to remote] conn.PoolingHttpClientConnectionManager 320 - Connection [id: 3][route: {}->http://localhost:13733] can be kept alive indefinitely
12-09-2018 12:36:05 PoolingHttpClientConnectionManager.java DEBUG [Forwarding deleteAllCookies on session 0fb59d3c372d29b94d8f2df8106983e1 to remote] conn.PoolingHttpClientConnectionManager 326 - Connection released: [id: 3][route: {}->http://localhost:13733][total kept alive: 1; route allocated: 1 of 2000; total allocated: 1 of 2000]
12-09-2018 12:36:05 RequestAddCookies.java DEBUG [Forwarding get on session 0fb59d3c372d29b94d8f2df8106983e1 to remote] protocol.RequestAddCookies 123 - CookieSpec selected: default
12-09-2018 12:36:05 RequestAuthCache.java DEBUG [Forwarding get on session 0fb59d3c372d29b94d8f2df8106983e1 to remote] protocol.RequestAuthCache 77 - Auth cache not set in the context
12-09-2018 12:36:05 PoolingHttpClientConnectionManager.java DEBUG [Forwarding get on session 0fb59d3c372d29b94d8f2df8106983e1 to remote] conn.PoolingHttpClientConnectionManager 255 - Connection request: [route: {}->http://localhost:13733][total kept alive: 1; route allocated: 1 of 2000; total allocated: 1 of 2000]
12-09-2018 12:36:05 PoolingHttpClientConnectionManager.java DEBUG [Forwarding get on session 0fb59d3c372d29b94d8f2df8106983e1 to remote] conn.PoolingHttpClientConnectionManager 288 - Connection leased: [id: 3][route: {}->http://localhost:13733][total kept alive: 0; route allocated: 1 of 2000; total allocated: 1 of 2000]
12-09-2018 12:36:05 MainClientExec.java DEBUG [Forwarding get on session 0fb59d3c372d29b94d8f2df8106983e1 to remote] execchain.MainClientExec 208 - Stale connection check
12-09-2018 12:36:05 Wire.java DEBUG [Forwarding get on session 0fb59d3c372d29b94d8f2df8106983e1 to remote] http.wire 87 - http-outgoing-3 << "[read] I/O error: Read timed out"
12-09-2018 12:36:05 LoggingManagedHttpClientConnection.java DEBUG [Forwarding get on session 0fb59d3c372d29b94d8f2df8106983e1 to remote] conn.DefaultManagedHttpClientConnection 88 - http-outgoing-3: set socket timeout to 10800000
12-09-2018 12:36:05 MainClientExec.java DEBUG [Forwarding get on session 0fb59d3c372d29b94d8f2df8106983e1 to remote] execchain.MainClientExec 256 - Executing request POST /session/0fb59d3c372d29b94d8f2df8106983e1/url HTTP/1.1
12-09-2018 12:36:05 MainClientExec.java DEBUG [Forwarding get on session 0fb59d3c372d29b94d8f2df8106983e1 to remote] execchain.MainClientExec 261 - Target auth state: UNCHALLENGED
12-09-2018 12:36:05 MainClientExec.java DEBUG [Forwarding get on session 0fb59d3c372d29b94d8f2df8106983e1 to remote] execchain.MainClientExec 267 - Proxy auth state: UNCHALLENGED
12-09-2018 12:36:05 LoggingManagedHttpClientConnection.java DEBUG [Forwarding get on session 0fb59d3c372d29b94d8f2df8106983e1 to remote] http.headers 133 - http-outgoing-3 >> POST /session/0fb59d3c372d29b94d8f2df8106983e1/url HTTP/1.1
12-09-2018 12:36:05 LoggingManagedHttpClientConnection.java DEBUG [Forwarding get on session 0fb59d3c372d29b94d8f2df8106983e1 to remote] http.headers 136 - http-outgoing-3 >> Content-Type: application/json; charset=utf-8
12-09-2018 12:36:05 LoggingManagedHttpClientConnection.java DEBUG [Forwarding get on session 0fb59d3c372d29b94d8f2df8106983e1 to remote] http.headers 136 - http-outgoing-3 >> Content-Length: 27
12-09-2018 12:36:05 LoggingManagedHttpClientConnection.java DEBUG [Forwarding get on session 0fb59d3c372d29b94d8f2df8106983e1 to remote] http.headers 136 - http-outgoing-3 >> Host: localhost:13733
12-09-2018 12:36:05 LoggingManagedHttpClientConnection.java DEBUG [Forwarding get on session 0fb59d3c372d29b94d8f2df8106983e1 to remote] http.headers 136 - http-outgoing-3 >> Connection: Keep-Alive
12-09-2018 12:36:05 LoggingManagedHttpClientConnection.java DEBUG [Forwarding get on session 0fb59d3c372d29b94d8f2df8106983e1 to remote] http.headers 136 - http-outgoing-3 >> User-Agent: Apache-HttpClient/4.5.3 (Java/1.8.0_181)
12-09-2018 12:36:05 LoggingManagedHttpClientConnection.java DEBUG [Forwarding get on session 0fb59d3c372d29b94d8f2df8106983e1 to remote] http.headers 136 - http-outgoing-3 >> Accept-Encoding: gzip,deflate
12-09-2018 12:36:05 Wire.java DEBUG [Forwarding get on session 0fb59d3c372d29b94d8f2df8106983e1 to remote] http.wire 73 - http-outgoing-3 >> "POST /session/0fb59d3c372d29b94d8f2df8106983e1/url HTTP/1.1[\r][\n]"
12-09-2018 12:36:05 Wire.java DEBUG [Forwarding get on session 0fb59d3c372d29b94d8f2df8106983e1 to remote] http.wire 73 - http-outgoing-3 >> "Content-Type: application/json; charset=utf-8[\r][\n]"
12-09-2018 12:36:05 Wire.java DEBUG [Forwarding get on session 0fb59d3c372d29b94d8f2df8106983e1 to remote] http.wire 73 - http-outgoing-3 >> "Content-Length: 27[\r][\n]"
12-09-2018 12:36:05 Wire.java DEBUG [Forwarding get on session 0fb59d3c372d29b94d8f2df8106983e1 to remote] http.wire 73 - http-outgoing-3 >> "Host: localhost:13733[\r][\n]"
12-09-2018 12:36:05 Wire.java DEBUG [Forwarding get on session 0fb59d3c372d29b94d8f2df8106983e1 to remote] http.wire 73 - http-outgoing-3 >> "Connection: Keep-Alive[\r][\n]"
12-09-2018 12:36:05 Wire.java DEBUG [Forwarding get on session 0fb59d3c372d29b94d8f2df8106983e1 to remote] http.wire 73 - http-outgoing-3 >> "User-Agent: Apache-HttpClient/4.5.3 (Java/1.8.0_181)[\r][\n]"
12-09-2018 12:36:05 Wire.java DEBUG [Forwarding get on session 0fb59d3c372d29b94d8f2df8106983e1 to remote] http.wire 73 - http-outgoing-3 >> "Accept-Encoding: gzip,deflate[\r][\n]"
12-09-2018 12:36:05 Wire.java DEBUG [Forwarding get on session 0fb59d3c372d29b94d8f2df8106983e1 to remote] http.wire 73 - http-outgoing-3 >> "[\r][\n]"
12-09-2018 12:36:05 Wire.java DEBUG [Forwarding get on session 0fb59d3c372d29b94d8f2df8106983e1 to remote] http.wire 87 - http-outgoing-3 >> "{"url":"https://gmail.com"}"
12-09-2018 12:36:08 Wire.java DEBUG [Forwarding get on session 0fb59d3c372d29b94d8f2df8106983e1 to remote] http.wire 73 - http-outgoing-3 << "HTTP/1.1 200 OK[\r][\n]"
12-09-2018 12:36:08 Wire.java DEBUG [Forwarding get on session 0fb59d3c372d29b94d8f2df8106983e1 to remote] http.wire 73 - http-outgoing-3 << "Content-Length:72[\r][\n]"
12-09-2018 12:36:08 Wire.java DEBUG [Forwarding get on session 0fb59d3c372d29b94d8f2df8106983e1 to remote] http.wire 73 - http-outgoing-3 << "Content-Type:application/json; charset=utf-8[\r][\n]"
12-09-2018 12:36:08 Wire.java DEBUG [Forwarding get on session 0fb59d3c372d29b94d8f2df8106983e1 to remote] http.wire 73 - http-outgoing-3 << "[\r][\n]"
12-09-2018 12:36:08 Wire.java DEBUG [Forwarding get on session 0fb59d3c372d29b94d8f2df8106983e1 to remote] http.wire 87 - http-outgoing-3 << "{"sessionId":"0fb59d3c372d29b94d8f2df8106983e1","status":0,"value":null}"
12-09-2018 12:36:08 LoggingManagedHttpClientConnection.java DEBUG [Forwarding get on session 0fb59d3c372d29b94d8f2df8106983e1 to remote] http.headers 122 - http-outgoing-3 << HTTP/1.1 200 OK
12-09-2018 12:36:08 LoggingManagedHttpClientConnection.java DEBUG [Forwarding get on session 0fb59d3c372d29b94d8f2df8106983e1 to remote] http.headers 125 - http-outgoing-3 << Content-Length:72
12-09-2018 12:36:08 LoggingManagedHttpClientConnection.java DEBUG [Forwarding get on session 0fb59d3c372d29b94d8f2df8106983e1 to remote] http.headers 125 - http-outgoing-3 << Content-Type:application/json; charset=utf-8
12-09-2018 12:36:08 MainClientExec.java DEBUG [Forwarding get on session 0fb59d3c372d29b94d8f2df8106983e1 to remote] execchain.MainClientExec 285 - Connection can be kept alive indefinitely
12-09-2018 12:36:08 PoolingHttpClientConnectionManager.java DEBUG [Forwarding get on session 0fb59d3c372d29b94d8f2df8106983e1 to remote] conn.PoolingHttpClientConnectionManager 320 - Connection [id: 3][route: {}->http://localhost:13733] can be kept alive indefinitely
12-09-2018 12:36:08 PoolingHttpClientConnectionManager.java DEBUG [Forwarding get on session 0fb59d3c372d29b94d8f2df8106983e1 to remote] conn.PoolingHttpClientConnectionManager 326 - Connection released: [id: 3][route: {}->http://localhost:13733][total kept alive: 1; route allocated: 1 of 2000; total allocated: 1 of 2000]
12-09-2018 12:36:08 Base.java INFO  [main] EnterEmailPage 31 - Execution Started
12-09-2018 12:36:08 Base.java INFO  [main] Utils 31 - Execution Started
12-09-2018 12:36:08 RequestAddCookies.java DEBUG [Forwarding findElement on session 0fb59d3c372d29b94d8f2df8106983e1 to remote] protocol.RequestAddCookies 123 - CookieSpec selected: default
12-09-2018 12:36:08 RequestAuthCache.java DEBUG [Forwarding findElement on session 0fb59d3c372d29b94d8f2df8106983e1 to remote] protocol.RequestAuthCache 77 - Auth cache not set in the context
12-09-2018 12:36:08 PoolingHttpClientConnectionManager.java DEBUG [Forwarding findElement on session 0fb59d3c372d29b94d8f2df8106983e1 to remote] conn.PoolingHttpClientConnectionManager 255 - Connection request: [route: {}->http://localhost:13733][total kept alive: 1; route allocated: 1 of 2000; total allocated: 1 of 2000]
12-09-2018 12:36:08 PoolingHttpClientConnectionManager.java DEBUG [Forwarding findElement on session 0fb59d3c372d29b94d8f2df8106983e1 to remote] conn.PoolingHttpClientConnectionManager 288 - Connection leased: [id: 3][route: {}->http://localhost:13733][total kept alive: 0; route allocated: 1 of 2000; total allocated: 1 of 2000]
12-09-2018 12:36:08 MainClientExec.java DEBUG [Forwarding findElement on session 0fb59d3c372d29b94d8f2df8106983e1 to remote] execchain.MainClientExec 208 - Stale connection check
12-09-2018 12:36:08 Wire.java DEBUG [Forwarding findElement on session 0fb59d3c372d29b94d8f2df8106983e1 to remote] http.wire 87 - http-outgoing-3 << "[read] I/O error: Read timed out"
12-09-2018 12:36:08 LoggingManagedHttpClientConnection.java DEBUG [Forwarding findElement on session 0fb59d3c372d29b94d8f2df8106983e1 to remote] conn.DefaultManagedHttpClientConnection 88 - http-outgoing-3: set socket timeout to 10800000
12-09-2018 12:36:08 MainClientExec.java DEBUG [Forwarding findElement on session 0fb59d3c372d29b94d8f2df8106983e1 to remote] execchain.MainClientExec 256 - Executing request POST /session/0fb59d3c372d29b94d8f2df8106983e1/element HTTP/1.1
12-09-2018 12:36:08 MainClientExec.java DEBUG [Forwarding findElement on session 0fb59d3c372d29b94d8f2df8106983e1 to remote] execchain.MainClientExec 261 - Target auth state: UNCHALLENGED
12-09-2018 12:36:08 MainClientExec.java DEBUG [Forwarding findElement on session 0fb59d3c372d29b94d8f2df8106983e1 to remote] execchain.MainClientExec 267 - Proxy auth state: UNCHALLENGED
12-09-2018 12:36:08 LoggingManagedHttpClientConnection.java DEBUG [Forwarding findElement on session 0fb59d3c372d29b94d8f2df8106983e1 to remote] http.headers 133 - http-outgoing-3 >> POST /session/0fb59d3c372d29b94d8f2df8106983e1/element HTTP/1.1
12-09-2018 12:36:08 LoggingManagedHttpClientConnection.java DEBUG [Forwarding findElement on session 0fb59d3c372d29b94d8f2df8106983e1 to remote] http.headers 136 - http-outgoing-3 >> Content-Type: application/json; charset=utf-8
12-09-2018 12:36:08 LoggingManagedHttpClientConnection.java DEBUG [Forwarding findElement on session 0fb59d3c372d29b94d8f2df8106983e1 to remote] http.headers 136 - http-outgoing-3 >> Content-Length: 50
12-09-2018 12:36:08 LoggingManagedHttpClientConnection.java DEBUG [Forwarding findElement on session 0fb59d3c372d29b94d8f2df8106983e1 to remote] http.headers 136 - http-outgoing-3 >> Host: localhost:13733
12-09-2018 12:36:08 LoggingManagedHttpClientConnection.java DEBUG [Forwarding findElement on session 0fb59d3c372d29b94d8f2df8106983e1 to remote] http.headers 136 - http-outgoing-3 >> Connection: Keep-Alive
12-09-2018 12:36:08 LoggingManagedHttpClientConnection.java DEBUG [Forwarding findElement on session 0fb59d3c372d29b94d8f2df8106983e1 to remote] http.headers 136 - http-outgoing-3 >> User-Agent: Apache-HttpClient/4.5.3 (Java/1.8.0_181)
12-09-2018 12:36:08 LoggingManagedHttpClientConnection.java DEBUG [Forwarding findElement on session 0fb59d3c372d29b94d8f2df8106983e1 to remote] http.headers 136 - http-outgoing-3 >> Accept-Encoding: gzip,deflate
12-09-2018 12:36:08 Wire.java DEBUG [Forwarding findElement on session 0fb59d3c372d29b94d8f2df8106983e1 to remote] http.wire 73 - http-outgoing-3 >> "POST /session/0fb59d3c372d29b94d8f2df8106983e1/element HTTP/1.1[\r][\n]"
12-09-2018 12:36:08 Wire.java DEBUG [Forwarding findElement on session 0fb59d3c372d29b94d8f2df8106983e1 to remote] http.wire 73 - http-outgoing-3 >> "Content-Type: application/json; charset=utf-8[\r][\n]"
12-09-2018 12:36:08 Wire.java DEBUG [Forwarding findElement on session 0fb59d3c372d29b94d8f2df8106983e1 to remote] http.wire 73 - http-outgoing-3 >> "Content-Length: 50[\r][\n]"
12-09-2018 12:36:08 Wire.java DEBUG [Forwarding findElement on session 0fb59d3c372d29b94d8f2df8106983e1 to remote] http.wire 73 - http-outgoing-3 >> "Host: localhost:13733[\r][\n]"
12-09-2018 12:36:08 Wire.java DEBUG [Forwarding findElement on session 0fb59d3c372d29b94d8f2df8106983e1 to remote] http.wire 73 - http-outgoing-3 >> "Connection: Keep-Alive[\r][\n]"
12-09-2018 12:36:08 Wire.java DEBUG [Forwarding findElement on session 0fb59d3c372d29b94d8f2df8106983e1 to remote] http.wire 73 - http-outgoing-3 >> "User-Agent: Apache-HttpClient/4.5.3 (Java/1.8.0_181)[\r][\n]"
12-09-2018 12:36:08 Wire.java DEBUG [Forwarding findElement on session 0fb59d3c372d29b94d8f2df8106983e1 to remote] http.wire 73 - http-outgoing-3 >> "Accept-Encoding: gzip,deflate[\r][\n]"
12-09-2018 12:36:08 Wire.java DEBUG [Forwarding findElement on session 0fb59d3c372d29b94d8f2df8106983e1 to remote] http.wire 73 - http-outgoing-3 >> "[\r][\n]"
12-09-2018 12:36:08 Wire.java DEBUG [Forwarding findElement on session 0fb59d3c372d29b94d8f2df8106983e1 to remote] http.wire 87 - http-outgoing-3 >> "{"using":"xpath","value":"//input[@type='email']"}"
12-09-2018 12:36:08 Wire.java DEBUG [Forwarding findElement on session 0fb59d3c372d29b94d8f2df8106983e1 to remote] http.wire 73 - http-outgoing-3 << "HTTP/1.1 200 OK[\r][\n]"
12-09-2018 12:36:08 Wire.java DEBUG [Forwarding findElement on session 0fb59d3c372d29b94d8f2df8106983e1 to remote] http.wire 73 - http-outgoing-3 << "Content-Length:102[\r][\n]"
12-09-2018 12:36:08 Wire.java DEBUG [Forwarding findElement on session 0fb59d3c372d29b94d8f2df8106983e1 to remote] http.wire 73 - http-outgoing-3 << "Content-Type:application/json; charset=utf-8[\r][\n]"
12-09-2018 12:36:08 Wire.java DEBUG [Forwarding findElement on session 0fb59d3c372d29b94d8f2df8106983e1 to remote] http.wire 73 - http-outgoing-3 << "[\r][\n]"
12-09-2018 12:36:08 Wire.java DEBUG [Forwarding findElement on session 0fb59d3c372d29b94d8f2df8106983e1 to remote] http.wire 87 - http-outgoing-3 << "{"sessionId":"0fb59d3c372d29b94d8f2df8106983e1","status":0,"value":{"ELEMENT":"0.8992521356777354-1"}}"
12-09-2018 12:36:08 LoggingManagedHttpClientConnection.java DEBUG [Forwarding findElement on session 0fb59d3c372d29b94d8f2df8106983e1 to remote] http.headers 122 - http-outgoing-3 << HTTP/1.1 200 OK
12-09-2018 12:36:08 LoggingManagedHttpClientConnection.java DEBUG [Forwarding findElement on session 0fb59d3c372d29b94d8f2df8106983e1 to remote] http.headers 125 - http-outgoing-3 << Content-Length:102
12-09-2018 12:36:08 LoggingManagedHttpClientConnection.java DEBUG [Forwarding findElement on session 0fb59d3c372d29b94d8f2df8106983e1 to remote] http.headers 125 - http-outgoing-3 << Content-Type:application/json; charset=utf-8
12-09-2018 12:36:08 MainClientExec.java DEBUG [Forwarding findElement on session 0fb59d3c372d29b94d8f2df8106983e1 to remote] execchain.MainClientExec 285 - Connection can be kept alive indefinitely
12-09-2018 12:36:08 PoolingHttpClientConnectionManager.java DEBUG [Forwarding findElement on session 0fb59d3c372d29b94d8f2df8106983e1 to remote] conn.PoolingHttpClientConnectionManager 320 - Connection [id: 3][route: {}->http://localhost:13733] can be kept alive indefinitely
12-09-2018 12:36:08 PoolingHttpClientConnectionManager.java DEBUG [Forwarding findElement on session 0fb59d3c372d29b94d8f2df8106983e1 to remote] conn.PoolingHttpClientConnectionManager 326 - Connection released: [id: 3][route: {}->http://localhost:13733][total kept alive: 1; route allocated: 1 of 2000; total allocated: 1 of 2000]
12-09-2018 12:36:08 RequestAddCookies.java DEBUG [Forwarding isElementDisplayed on session 0fb59d3c372d29b94d8f2df8106983e1 to remote] protocol.RequestAddCookies 123 - CookieSpec selected: default
12-09-2018 12:36:08 RequestAuthCache.java DEBUG [Forwarding isElementDisplayed on session 0fb59d3c372d29b94d8f2df8106983e1 to remote] protocol.RequestAuthCache 77 - Auth cache not set in the context
12-09-2018 12:36:08 PoolingHttpClientConnectionManager.java DEBUG [Forwarding isElementDisplayed on session 0fb59d3c372d29b94d8f2df8106983e1 to remote] conn.PoolingHttpClientConnectionManager 255 - Connection request: [route: {}->http://localhost:13733][total kept alive: 1; route allocated: 1 of 2000; total allocated: 1 of 2000]
12-09-2018 12:36:08 PoolingHttpClientConnectionManager.java DEBUG [Forwarding isElementDisplayed on session 0fb59d3c372d29b94d8f2df8106983e1 to remote] conn.PoolingHttpClientConnectionManager 288 - Connection leased: [id: 3][route: {}->http://localhost:13733][total kept alive: 0; route allocated: 1 of 2000; total allocated: 1 of 2000]
12-09-2018 12:36:08 MainClientExec.java DEBUG [Forwarding isElementDisplayed on session 0fb59d3c372d29b94d8f2df8106983e1 to remote] execchain.MainClientExec 208 - Stale connection check
12-09-2018 12:36:08 Wire.java DEBUG [Forwarding isElementDisplayed on session 0fb59d3c372d29b94d8f2df8106983e1 to remote] http.wire 87 - http-outgoing-3 << "[read] I/O error: Read timed out"
12-09-2018 12:36:08 LoggingManagedHttpClientConnection.java DEBUG [Forwarding isElementDisplayed on session 0fb59d3c372d29b94d8f2df8106983e1 to remote] conn.DefaultManagedHttpClientConnection 88 - http-outgoing-3: set socket timeout to 10800000
12-09-2018 12:36:08 MainClientExec.java DEBUG [Forwarding isElementDisplayed on session 0fb59d3c372d29b94d8f2df8106983e1 to remote] execchain.MainClientExec 256 - Executing request GET /session/0fb59d3c372d29b94d8f2df8106983e1/element/0.8992521356777354-1/displayed HTTP/1.1
12-09-2018 12:36:08 MainClientExec.java DEBUG [Forwarding isElementDisplayed on session 0fb59d3c372d29b94d8f2df8106983e1 to remote] execchain.MainClientExec 261 - Target auth state: UNCHALLENGED
12-09-2018 12:36:08 MainClientExec.java DEBUG [Forwarding isElementDisplayed on session 0fb59d3c372d29b94d8f2df8106983e1 to remote] execchain.MainClientExec 267 - Proxy auth state: UNCHALLENGED
12-09-2018 12:36:08 LoggingManagedHttpClientConnection.java DEBUG [Forwarding isElementDisplayed on session 0fb59d3c372d29b94d8f2df8106983e1 to remote] http.headers 133 - http-outgoing-3 >> GET /session/0fb59d3c372d29b94d8f2df8106983e1/element/0.8992521356777354-1/displayed HTTP/1.1
12-09-2018 12:36:08 LoggingManagedHttpClientConnection.java DEBUG [Forwarding isElementDisplayed on session 0fb59d3c372d29b94d8f2df8106983e1 to remote] http.headers 136 - http-outgoing-3 >> Cache-Control: no-cache
12-09-2018 12:36:08 LoggingManagedHttpClientConnection.java DEBUG [Forwarding isElementDisplayed on session 0fb59d3c372d29b94d8f2df8106983e1 to remote] http.headers 136 - http-outgoing-3 >> Host: localhost:13733
12-09-2018 12:36:08 LoggingManagedHttpClientConnection.java DEBUG [Forwarding isElementDisplayed on session 0fb59d3c372d29b94d8f2df8106983e1 to remote] http.headers 136 - http-outgoing-3 >> Connection: Keep-Alive
12-09-2018 12:36:08 LoggingManagedHttpClientConnection.java DEBUG [Forwarding isElementDisplayed on session 0fb59d3c372d29b94d8f2df8106983e1 to remote] http.headers 136 - http-outgoing-3 >> User-Agent: Apache-HttpClient/4.5.3 (Java/1.8.0_181)
12-09-2018 12:36:08 LoggingManagedHttpClientConnection.java DEBUG [Forwarding isElementDisplayed on session 0fb59d3c372d29b94d8f2df8106983e1 to remote] http.headers 136 - http-outgoing-3 >> Accept-Encoding: gzip,deflate
12-09-2018 12:36:08 Wire.java DEBUG [Forwarding isElementDisplayed on session 0fb59d3c372d29b94d8f2df8106983e1 to remote] http.wire 73 - http-outgoing-3 >> "GET /session/0fb59d3c372d29b94d8f2df8106983e1/element/0.8992521356777354-1/displayed HTTP/1.1[\r][\n]"
12-09-2018 12:36:08 Wire.java DEBUG [Forwarding isElementDisplayed on session 0fb59d3c372d29b94d8f2df8106983e1 to remote] http.wire 73 - http-outgoing-3 >> "Cache-Control: no-cache[\r][\n]"
12-09-2018 12:36:08 Wire.java DEBUG [Forwarding isElementDisplayed on session 0fb59d3c372d29b94d8f2df8106983e1 to remote] http.wire 73 - http-outgoing-3 >> "Host: localhost:13733[\r][\n]"
12-09-2018 12:36:08 Wire.java DEBUG [Forwarding isElementDisplayed on session 0fb59d3c372d29b94d8f2df8106983e1 to remote] http.wire 73 - http-outgoing-3 >> "Connection: Keep-Alive[\r][\n]"
12-09-2018 12:36:08 Wire.java DEBUG [Forwarding isElementDisplayed on session 0fb59d3c372d29b94d8f2df8106983e1 to remote] http.wire 73 - http-outgoing-3 >> "User-Agent: Apache-HttpClient/4.5.3 (Java/1.8.0_181)[\r][\n]"
12-09-2018 12:36:08 Wire.java DEBUG [Forwarding isElementDisplayed on session 0fb59d3c372d29b94d8f2df8106983e1 to remote] http.wire 73 - http-outgoing-3 >> "Accept-Encoding: gzip,deflate[\r][\n]"
12-09-2018 12:36:08 Wire.java DEBUG [Forwarding isElementDisplayed on session 0fb59d3c372d29b94d8f2df8106983e1 to remote] http.wire 73 - http-outgoing-3 >> "[\r][\n]"
12-09-2018 12:36:08 Wire.java DEBUG [Forwarding isElementDisplayed on session 0fb59d3c372d29b94d8f2df8106983e1 to remote] http.wire 73 - http-outgoing-3 << "HTTP/1.1 200 OK[\r][\n]"
12-09-2018 12:36:08 Wire.java DEBUG [Forwarding isElementDisplayed on session 0fb59d3c372d29b94d8f2df8106983e1 to remote] http.wire 73 - http-outgoing-3 << "Content-Length:72[\r][\n]"
12-09-2018 12:36:08 Wire.java DEBUG [Forwarding isElementDisplayed on session 0fb59d3c372d29b94d8f2df8106983e1 to remote] http.wire 73 - http-outgoing-3 << "Content-Type:application/json; charset=utf-8[\r][\n]"
12-09-2018 12:36:08 Wire.java DEBUG [Forwarding isElementDisplayed on session 0fb59d3c372d29b94d8f2df8106983e1 to remote] http.wire 73 - http-outgoing-3 << "[\r][\n]"
12-09-2018 12:36:08 Wire.java DEBUG [Forwarding isElementDisplayed on session 0fb59d3c372d29b94d8f2df8106983e1 to remote] http.wire 87 - http-outgoing-3 << "{"sessionId":"0fb59d3c372d29b94d8f2df8106983e1","status":0,"value":true}"
12-09-2018 12:36:08 LoggingManagedHttpClientConnection.java DEBUG [Forwarding isElementDisplayed on session 0fb59d3c372d29b94d8f2df8106983e1 to remote] http.headers 122 - http-outgoing-3 << HTTP/1.1 200 OK
12-09-2018 12:36:08 LoggingManagedHttpClientConnection.java DEBUG [Forwarding isElementDisplayed on session 0fb59d3c372d29b94d8f2df8106983e1 to remote] http.headers 125 - http-outgoing-3 << Content-Length:72
12-09-2018 12:36:08 LoggingManagedHttpClientConnection.java DEBUG [Forwarding isElementDisplayed on session 0fb59d3c372d29b94d8f2df8106983e1 to remote] http.headers 125 - http-outgoing-3 << Content-Type:application/json; charset=utf-8
12-09-2018 12:36:08 MainClientExec.java DEBUG [Forwarding isElementDisplayed on session 0fb59d3c372d29b94d8f2df8106983e1 to remote] execchain.MainClientExec 285 - Connection can be kept alive indefinitely
12-09-2018 12:36:08 PoolingHttpClientConnectionManager.java DEBUG [Forwarding isElementDisplayed on session 0fb59d3c372d29b94d8f2df8106983e1 to remote] conn.PoolingHttpClientConnectionManager 320 - Connection [id: 3][route: {}->http://localhost:13733] can be kept alive indefinitely
12-09-2018 12:36:08 PoolingHttpClientConnectionManager.java DEBUG [Forwarding isElementDisplayed on session 0fb59d3c372d29b94d8f2df8106983e1 to remote] conn.PoolingHttpClientConnectionManager 326 - Connection released: [id: 3][route: {}->http://localhost:13733][total kept alive: 1; route allocated: 1 of 2000; total allocated: 1 of 2000]
12-09-2018 12:36:08 RequestAddCookies.java DEBUG [Forwarding findElement on session 0fb59d3c372d29b94d8f2df8106983e1 to remote] protocol.RequestAddCookies 123 - CookieSpec selected: default
12-09-2018 12:36:08 RequestAuthCache.java DEBUG [Forwarding findElement on session 0fb59d3c372d29b94d8f2df8106983e1 to remote] protocol.RequestAuthCache 77 - Auth cache not set in the context
12-09-2018 12:36:08 PoolingHttpClientConnectionManager.java DEBUG [Forwarding findElement on session 0fb59d3c372d29b94d8f2df8106983e1 to remote] conn.PoolingHttpClientConnectionManager 255 - Connection request: [route: {}->http://localhost:13733][total kept alive: 1; route allocated: 1 of 2000; total allocated: 1 of 2000]
12-09-2018 12:36:08 PoolingHttpClientConnectionManager.java DEBUG [Forwarding findElement on session 0fb59d3c372d29b94d8f2df8106983e1 to remote] conn.PoolingHttpClientConnectionManager 288 - Connection leased: [id: 3][route: {}->http://localhost:13733][total kept alive: 0; route allocated: 1 of 2000; total allocated: 1 of 2000]
12-09-2018 12:36:08 MainClientExec.java DEBUG [Forwarding findElement on session 0fb59d3c372d29b94d8f2df8106983e1 to remote] execchain.MainClientExec 208 - Stale connection check
12-09-2018 12:36:08 Wire.java DEBUG [Forwarding findElement on session 0fb59d3c372d29b94d8f2df8106983e1 to remote] http.wire 87 - http-outgoing-3 << "[read] I/O error: Read timed out"
12-09-2018 12:36:08 LoggingManagedHttpClientConnection.java DEBUG [Forwarding findElement on session 0fb59d3c372d29b94d8f2df8106983e1 to remote] conn.DefaultManagedHttpClientConnection 88 - http-outgoing-3: set socket timeout to 10800000
12-09-2018 12:36:08 MainClientExec.java DEBUG [Forwarding findElement on session 0fb59d3c372d29b94d8f2df8106983e1 to remote] execchain.MainClientExec 256 - Executing request POST /session/0fb59d3c372d29b94d8f2df8106983e1/element HTTP/1.1
12-09-2018 12:36:08 MainClientExec.java DEBUG [Forwarding findElement on session 0fb59d3c372d29b94d8f2df8106983e1 to remote] execchain.MainClientExec 261 - Target auth state: UNCHALLENGED
12-09-2018 12:36:08 MainClientExec.java DEBUG [Forwarding findElement on session 0fb59d3c372d29b94d8f2df8106983e1 to remote] execchain.MainClientExec 267 - Proxy auth state: UNCHALLENGED
12-09-2018 12:36:08 LoggingManagedHttpClientConnection.java DEBUG [Forwarding findElement on session 0fb59d3c372d29b94d8f2df8106983e1 to remote] http.headers 133 - http-outgoing-3 >> POST /session/0fb59d3c372d29b94d8f2df8106983e1/element HTTP/1.1
12-09-2018 12:36:08 LoggingManagedHttpClientConnection.java DEBUG [Forwarding findElement on session 0fb59d3c372d29b94d8f2df8106983e1 to remote] http.headers 136 - http-outgoing-3 >> Content-Type: application/json; charset=utf-8
12-09-2018 12:36:08 LoggingManagedHttpClientConnection.java DEBUG [Forwarding findElement on session 0fb59d3c372d29b94d8f2df8106983e1 to remote] http.headers 136 - http-outgoing-3 >> Content-Length: 50
12-09-2018 12:36:08 LoggingManagedHttpClientConnection.java DEBUG [Forwarding findElement on session 0fb59d3c372d29b94d8f2df8106983e1 to remote] http.headers 136 - http-outgoing-3 >> Host: localhost:13733
12-09-2018 12:36:08 LoggingManagedHttpClientConnection.java DEBUG [Forwarding findElement on session 0fb59d3c372d29b94d8f2df8106983e1 to remote] http.headers 136 - http-outgoing-3 >> Connection: Keep-Alive
12-09-2018 12:36:08 LoggingManagedHttpClientConnection.java DEBUG [Forwarding findElement on session 0fb59d3c372d29b94d8f2df8106983e1 to remote] http.headers 136 - http-outgoing-3 >> User-Agent: Apache-HttpClient/4.5.3 (Java/1.8.0_181)
12-09-2018 12:36:08 LoggingManagedHttpClientConnection.java DEBUG [Forwarding findElement on session 0fb59d3c372d29b94d8f2df8106983e1 to remote] http.headers 136 - http-outgoing-3 >> Accept-Encoding: gzip,deflate
12-09-2018 12:36:08 Wire.java DEBUG [Forwarding findElement on session 0fb59d3c372d29b94d8f2df8106983e1 to remote] http.wire 73 - http-outgoing-3 >> "POST /session/0fb59d3c372d29b94d8f2df8106983e1/element HTTP/1.1[\r][\n]"
12-09-2018 12:36:08 Wire.java DEBUG [Forwarding findElement on session 0fb59d3c372d29b94d8f2df8106983e1 to remote] http.wire 73 - http-outgoing-3 >> "Content-Type: application/json; charset=utf-8[\r][\n]"
12-09-2018 12:36:08 Wire.java DEBUG [Forwarding findElement on session 0fb59d3c372d29b94d8f2df8106983e1 to remote] http.wire 73 - http-outgoing-3 >> "Content-Length: 50[\r][\n]"
12-09-2018 12:36:08 Wire.java DEBUG [Forwarding findElement on session 0fb59d3c372d29b94d8f2df8106983e1 to remote] http.wire 73 - http-outgoing-3 >> "Host: localhost:13733[\r][\n]"
12-09-2018 12:36:08 Wire.java DEBUG [Forwarding findElement on session 0fb59d3c372d29b94d8f2df8106983e1 to remote] http.wire 73 - http-outgoing-3 >> "Connection: Keep-Alive[\r][\n]"
12-09-2018 12:36:08 Wire.java DEBUG [Forwarding findElement on session 0fb59d3c372d29b94d8f2df8106983e1 to remote] http.wire 73 - http-outgoing-3 >> "User-Agent: Apache-HttpClient/4.5.3 (Java/1.8.0_181)[\r][\n]"
12-09-2018 12:36:08 Wire.java DEBUG [Forwarding findElement on session 0fb59d3c372d29b94d8f2df8106983e1 to remote] http.wire 73 - http-outgoing-3 >> "Accept-Encoding: gzip,deflate[\r][\n]"
12-09-2018 12:36:08 Wire.java DEBUG [Forwarding findElement on session 0fb59d3c372d29b94d8f2df8106983e1 to remote] http.wire 73 - http-outgoing-3 >> "[\r][\n]"
12-09-2018 12:36:08 Wire.java DEBUG [Forwarding findElement on session 0fb59d3c372d29b94d8f2df8106983e1 to remote] http.wire 87 - http-outgoing-3 >> "{"using":"xpath","value":"//input[@type='email']"}"
12-09-2018 12:36:08 Wire.java DEBUG [Forwarding findElement on session 0fb59d3c372d29b94d8f2df8106983e1 to remote] http.wire 73 - http-outgoing-3 << "HTTP/1.1 200 OK[\r][\n]"
12-09-2018 12:36:08 Wire.java DEBUG [Forwarding findElement on session 0fb59d3c372d29b94d8f2df8106983e1 to remote] http.wire 73 - http-outgoing-3 << "Content-Length:102[\r][\n]"
12-09-2018 12:36:08 Wire.java DEBUG [Forwarding findElement on session 0fb59d3c372d29b94d8f2df8106983e1 to remote] http.wire 73 - http-outgoing-3 << "Content-Type:application/json; charset=utf-8[\r][\n]"
12-09-2018 12:36:08 Wire.java DEBUG [Forwarding findElement on session 0fb59d3c372d29b94d8f2df8106983e1 to remote] http.wire 73 - http-outgoing-3 << "[\r][\n]"
12-09-2018 12:36:08 Wire.java DEBUG [Forwarding findElement on session 0fb59d3c372d29b94d8f2df8106983e1 to remote] http.wire 87 - http-outgoing-3 << "{"sessionId":"0fb59d3c372d29b94d8f2df8106983e1","status":0,"value":{"ELEMENT":"0.8992521356777354-1"}}"
12-09-2018 12:36:08 LoggingManagedHttpClientConnection.java DEBUG [Forwarding findElement on session 0fb59d3c372d29b94d8f2df8106983e1 to remote] http.headers 122 - http-outgoing-3 << HTTP/1.1 200 OK
12-09-2018 12:36:08 LoggingManagedHttpClientConnection.java DEBUG [Forwarding findElement on session 0fb59d3c372d29b94d8f2df8106983e1 to remote] http.headers 125 - http-outgoing-3 << Content-Length:102
12-09-2018 12:36:08 LoggingManagedHttpClientConnection.java DEBUG [Forwarding findElement on session 0fb59d3c372d29b94d8f2df8106983e1 to remote] http.headers 125 - http-outgoing-3 << Content-Type:application/json; charset=utf-8
12-09-2018 12:36:08 MainClientExec.java DEBUG [Forwarding findElement on session 0fb59d3c372d29b94d8f2df8106983e1 to remote] execchain.MainClientExec 285 - Connection can be kept alive indefinitely
12-09-2018 12:36:08 PoolingHttpClientConnectionManager.java DEBUG [Forwarding findElement on session 0fb59d3c372d29b94d8f2df8106983e1 to remote] conn.PoolingHttpClientConnectionManager 320 - Connection [id: 3][route: {}->http://localhost:13733] can be kept alive indefinitely
12-09-2018 12:36:08 PoolingHttpClientConnectionManager.java DEBUG [Forwarding findElement on session 0fb59d3c372d29b94d8f2df8106983e1 to remote] conn.PoolingHttpClientConnectionManager 326 - Connection released: [id: 3][route: {}->http://localhost:13733][total kept alive: 1; route allocated: 1 of 2000; total allocated: 1 of 2000]
12-09-2018 12:36:08 RequestAddCookies.java DEBUG [Forwarding isElementDisplayed on session 0fb59d3c372d29b94d8f2df8106983e1 to remote] protocol.RequestAddCookies 123 - CookieSpec selected: default
12-09-2018 12:36:08 RequestAuthCache.java DEBUG [Forwarding isElementDisplayed on session 0fb59d3c372d29b94d8f2df8106983e1 to remote] protocol.RequestAuthCache 77 - Auth cache not set in the context
12-09-2018 12:36:08 PoolingHttpClientConnectionManager.java DEBUG [Forwarding isElementDisplayed on session 0fb59d3c372d29b94d8f2df8106983e1 to remote] conn.PoolingHttpClientConnectionManager 255 - Connection request: [route: {}->http://localhost:13733][total kept alive: 1; route allocated: 1 of 2000; total allocated: 1 of 2000]
12-09-2018 12:36:08 PoolingHttpClientConnectionManager.java DEBUG [Forwarding isElementDisplayed on session 0fb59d3c372d29b94d8f2df8106983e1 to remote] conn.PoolingHttpClientConnectionManager 288 - Connection leased: [id: 3][route: {}->http://localhost:13733][total kept alive: 0; route allocated: 1 of 2000; total allocated: 1 of 2000]
12-09-2018 12:36:08 MainClientExec.java DEBUG [Forwarding isElementDisplayed on session 0fb59d3c372d29b94d8f2df8106983e1 to remote] execchain.MainClientExec 208 - Stale connection check
12-09-2018 12:36:08 Wire.java DEBUG [Forwarding isElementDisplayed on session 0fb59d3c372d29b94d8f2df8106983e1 to remote] http.wire 87 - http-outgoing-3 << "[read] I/O error: Read timed out"
12-09-2018 12:36:08 LoggingManagedHttpClientConnection.java DEBUG [Forwarding isElementDisplayed on session 0fb59d3c372d29b94d8f2df8106983e1 to remote] conn.DefaultManagedHttpClientConnection 88 - http-outgoing-3: set socket timeout to 10800000
12-09-2018 12:36:08 MainClientExec.java DEBUG [Forwarding isElementDisplayed on session 0fb59d3c372d29b94d8f2df8106983e1 to remote] execchain.MainClientExec 256 - Executing request GET /session/0fb59d3c372d29b94d8f2df8106983e1/element/0.8992521356777354-1/displayed HTTP/1.1
12-09-2018 12:36:08 MainClientExec.java DEBUG [Forwarding isElementDisplayed on session 0fb59d3c372d29b94d8f2df8106983e1 to remote] execchain.MainClientExec 261 - Target auth state: UNCHALLENGED
12-09-2018 12:36:08 MainClientExec.java DEBUG [Forwarding isElementDisplayed on session 0fb59d3c372d29b94d8f2df8106983e1 to remote] execchain.MainClientExec 267 - Proxy auth state: UNCHALLENGED
12-09-2018 12:36:08 LoggingManagedHttpClientConnection.java DEBUG [Forwarding isElementDisplayed on session 0fb59d3c372d29b94d8f2df8106983e1 to remote] http.headers 133 - http-outgoing-3 >> GET /session/0fb59d3c372d29b94d8f2df8106983e1/element/0.8992521356777354-1/displayed HTTP/1.1
12-09-2018 12:36:08 LoggingManagedHttpClientConnection.java DEBUG [Forwarding isElementDisplayed on session 0fb59d3c372d29b94d8f2df8106983e1 to remote] http.headers 136 - http-outgoing-3 >> Cache-Control: no-cache
12-09-2018 12:36:08 LoggingManagedHttpClientConnection.java DEBUG [Forwarding isElementDisplayed on session 0fb59d3c372d29b94d8f2df8106983e1 to remote] http.headers 136 - http-outgoing-3 >> Host: localhost:13733
12-09-2018 12:36:08 LoggingManagedHttpClientConnection.java DEBUG [Forwarding isElementDisplayed on session 0fb59d3c372d29b94d8f2df8106983e1 to remote] http.headers 136 - http-outgoing-3 >> Connection: Keep-Alive
12-09-2018 12:36:08 LoggingManagedHttpClientConnection.java DEBUG [Forwarding isElementDisplayed on session 0fb59d3c372d29b94d8f2df8106983e1 to remote] http.headers 136 - http-outgoing-3 >> User-Agent: Apache-HttpClient/4.5.3 (Java/1.8.0_181)
12-09-2018 12:36:08 LoggingManagedHttpClientConnection.java DEBUG [Forwarding isElementDisplayed on session 0fb59d3c372d29b94d8f2df8106983e1 to remote] http.headers 136 - http-outgoing-3 >> Accept-Encoding: gzip,deflate
12-09-2018 12:36:08 Wire.java DEBUG [Forwarding isElementDisplayed on session 0fb59d3c372d29b94d8f2df8106983e1 to remote] http.wire 73 - http-outgoing-3 >> "GET /session/0fb59d3c372d29b94d8f2df8106983e1/element/0.8992521356777354-1/displayed HTTP/1.1[\r][\n]"
12-09-2018 12:36:08 Wire.java DEBUG [Forwarding isElementDisplayed on session 0fb59d3c372d29b94d8f2df8106983e1 to remote] http.wire 73 - http-outgoing-3 >> "Cache-Control: no-cache[\r][\n]"
12-09-2018 12:36:08 Wire.java DEBUG [Forwarding isElementDisplayed on session 0fb59d3c372d29b94d8f2df8106983e1 to remote] http.wire 73 - http-outgoing-3 >> "Host: localhost:13733[\r][\n]"
12-09-2018 12:36:08 Wire.java DEBUG [Forwarding isElementDisplayed on session 0fb59d3c372d29b94d8f2df8106983e1 to remote] http.wire 73 - http-outgoing-3 >> "Connection: Keep-Alive[\r][\n]"
12-09-2018 12:36:08 Wire.java DEBUG [Forwarding isElementDisplayed on session 0fb59d3c372d29b94d8f2df8106983e1 to remote] http.wire 73 - http-outgoing-3 >> "User-Agent: Apache-HttpClient/4.5.3 (Java/1.8.0_181)[\r][\n]"
12-09-2018 12:36:08 Wire.java DEBUG [Forwarding isElementDisplayed on session 0fb59d3c372d29b94d8f2df8106983e1 to remote] http.wire 73 - http-outgoing-3 >> "Accept-Encoding: gzip,deflate[\r][\n]"
12-09-2018 12:36:08 Wire.java DEBUG [Forwarding isElementDisplayed on session 0fb59d3c372d29b94d8f2df8106983e1 to remote] http.wire 73 - http-outgoing-3 >> "[\r][\n]"
12-09-2018 12:36:08 Wire.java DEBUG [Forwarding isElementDisplayed on session 0fb59d3c372d29b94d8f2df8106983e1 to remote] http.wire 73 - http-outgoing-3 << "HTTP/1.1 200 OK[\r][\n]"
12-09-2018 12:36:08 Wire.java DEBUG [Forwarding isElementDisplayed on session 0fb59d3c372d29b94d8f2df8106983e1 to remote] http.wire 73 - http-outgoing-3 << "Content-Length:72[\r][\n]"
12-09-2018 12:36:08 Wire.java DEBUG [Forwarding isElementDisplayed on session 0fb59d3c372d29b94d8f2df8106983e1 to remote] http.wire 73 - http-outgoing-3 << "Content-Type:application/json; charset=utf-8[\r][\n]"
12-09-2018 12:36:08 Wire.java DEBUG [Forwarding isElementDisplayed on session 0fb59d3c372d29b94d8f2df8106983e1 to remote] http.wire 73 - http-outgoing-3 << "[\r][\n]"
12-09-2018 12:36:08 Wire.java DEBUG [Forwarding isElementDisplayed on session 0fb59d3c372d29b94d8f2df8106983e1 to remote] http.wire 87 - http-outgoing-3 << "{"sessionId":"0fb59d3c372d29b94d8f2df8106983e1","status":0,"value":true}"
12-09-2018 12:36:08 LoggingManagedHttpClientConnection.java DEBUG [Forwarding isElementDisplayed on session 0fb59d3c372d29b94d8f2df8106983e1 to remote] http.headers 122 - http-outgoing-3 << HTTP/1.1 200 OK
12-09-2018 12:36:08 LoggingManagedHttpClientConnection.java DEBUG [Forwarding isElementDisplayed on session 0fb59d3c372d29b94d8f2df8106983e1 to remote] http.headers 125 - http-outgoing-3 << Content-Length:72
12-09-2018 12:36:08 LoggingManagedHttpClientConnection.java DEBUG [Forwarding isElementDisplayed on session 0fb59d3c372d29b94d8f2df8106983e1 to remote] http.headers 125 - http-outgoing-3 << Content-Type:application/json; charset=utf-8
12-09-2018 12:36:08 MainClientExec.java DEBUG [Forwarding isElementDisplayed on session 0fb59d3c372d29b94d8f2df8106983e1 to remote] execchain.MainClientExec 285 - Connection can be kept alive indefinitely
12-09-2018 12:36:08 PoolingHttpClientConnectionManager.java DEBUG [Forwarding isElementDisplayed on session 0fb59d3c372d29b94d8f2df8106983e1 to remote] conn.PoolingHttpClientConnectionManager 320 - Connection [id: 3][route: {}->http://localhost:13733] can be kept alive indefinitely
12-09-2018 12:36:08 PoolingHttpClientConnectionManager.java DEBUG [Forwarding isElementDisplayed on session 0fb59d3c372d29b94d8f2df8106983e1 to remote] conn.PoolingHttpClientConnectionManager 326 - Connection released: [id: 3][route: {}->http://localhost:13733][total kept alive: 1; route allocated: 1 of 2000; total allocated: 1 of 2000]
12-09-2018 12:36:08 RequestAddCookies.java DEBUG [Forwarding findElement on session 0fb59d3c372d29b94d8f2df8106983e1 to remote] protocol.RequestAddCookies 123 - CookieSpec selected: default
12-09-2018 12:36:08 RequestAuthCache.java DEBUG [Forwarding findElement on session 0fb59d3c372d29b94d8f2df8106983e1 to remote] protocol.RequestAuthCache 77 - Auth cache not set in the context
12-09-2018 12:36:08 PoolingHttpClientConnectionManager.java DEBUG [Forwarding findElement on session 0fb59d3c372d29b94d8f2df8106983e1 to remote] conn.PoolingHttpClientConnectionManager 255 - Connection request: [route: {}->http://localhost:13733][total kept alive: 1; route allocated: 1 of 2000; total allocated: 1 of 2000]
12-09-2018 12:36:08 PoolingHttpClientConnectionManager.java DEBUG [Forwarding findElement on session 0fb59d3c372d29b94d8f2df8106983e1 to remote] conn.PoolingHttpClientConnectionManager 288 - Connection leased: [id: 3][route: {}->http://localhost:13733][total kept alive: 0; route allocated: 1 of 2000; total allocated: 1 of 2000]
12-09-2018 12:36:08 MainClientExec.java DEBUG [Forwarding findElement on session 0fb59d3c372d29b94d8f2df8106983e1 to remote] execchain.MainClientExec 208 - Stale connection check
12-09-2018 12:36:08 Wire.java DEBUG [Forwarding findElement on session 0fb59d3c372d29b94d8f2df8106983e1 to remote] http.wire 87 - http-outgoing-3 << "[read] I/O error: Read timed out"
12-09-2018 12:36:08 LoggingManagedHttpClientConnection.java DEBUG [Forwarding findElement on session 0fb59d3c372d29b94d8f2df8106983e1 to remote] conn.DefaultManagedHttpClientConnection 88 - http-outgoing-3: set socket timeout to 10800000
12-09-2018 12:36:08 MainClientExec.java DEBUG [Forwarding findElement on session 0fb59d3c372d29b94d8f2df8106983e1 to remote] execchain.MainClientExec 256 - Executing request POST /session/0fb59d3c372d29b94d8f2df8106983e1/element HTTP/1.1
12-09-2018 12:36:08 MainClientExec.java DEBUG [Forwarding findElement on session 0fb59d3c372d29b94d8f2df8106983e1 to remote] execchain.MainClientExec 261 - Target auth state: UNCHALLENGED
12-09-2018 12:36:08 MainClientExec.java DEBUG [Forwarding findElement on session 0fb59d3c372d29b94d8f2df8106983e1 to remote] execchain.MainClientExec 267 - Proxy auth state: UNCHALLENGED
12-09-2018 12:36:08 LoggingManagedHttpClientConnection.java DEBUG [Forwarding findElement on session 0fb59d3c372d29b94d8f2df8106983e1 to remote] http.headers 133 - http-outgoing-3 >> POST /session/0fb59d3c372d29b94d8f2df8106983e1/element HTTP/1.1
12-09-2018 12:36:08 LoggingManagedHttpClientConnection.java DEBUG [Forwarding findElement on session 0fb59d3c372d29b94d8f2df8106983e1 to remote] http.headers 136 - http-outgoing-3 >> Content-Type: application/json; charset=utf-8
12-09-2018 12:36:08 LoggingManagedHttpClientConnection.java DEBUG [Forwarding findElement on session 0fb59d3c372d29b94d8f2df8106983e1 to remote] http.headers 136 - http-outgoing-3 >> Content-Length: 50
12-09-2018 12:36:08 LoggingManagedHttpClientConnection.java DEBUG [Forwarding findElement on session 0fb59d3c372d29b94d8f2df8106983e1 to remote] http.headers 136 - http-outgoing-3 >> Host: localhost:13733
12-09-2018 12:36:08 LoggingManagedHttpClientConnection.java DEBUG [Forwarding findElement on session 0fb59d3c372d29b94d8f2df8106983e1 to remote] http.headers 136 - http-outgoing-3 >> Connection: Keep-Alive
12-09-2018 12:36:08 LoggingManagedHttpClientConnection.java DEBUG [Forwarding findElement on session 0fb59d3c372d29b94d8f2df8106983e1 to remote] http.headers 136 - http-outgoing-3 >> User-Agent: Apache-HttpClient/4.5.3 (Java/1.8.0_181)
12-09-2018 12:36:08 LoggingManagedHttpClientConnection.java DEBUG [Forwarding findElement on session 0fb59d3c372d29b94d8f2df8106983e1 to remote] http.headers 136 - http-outgoing-3 >> Accept-Encoding: gzip,deflate
12-09-2018 12:36:08 Wire.java DEBUG [Forwarding findElement on session 0fb59d3c372d29b94d8f2df8106983e1 to remote] http.wire 73 - http-outgoing-3 >> "POST /session/0fb59d3c372d29b94d8f2df8106983e1/element HTTP/1.1[\r][\n]"
12-09-2018 12:36:08 Wire.java DEBUG [Forwarding findElement on session 0fb59d3c372d29b94d8f2df8106983e1 to remote] http.wire 73 - http-outgoing-3 >> "Content-Type: application/json; charset=utf-8[\r][\n]"
12-09-2018 12:36:08 Wire.java DEBUG [Forwarding findElement on session 0fb59d3c372d29b94d8f2df8106983e1 to remote] http.wire 73 - http-outgoing-3 >> "Content-Length: 50[\r][\n]"
12-09-2018 12:36:08 Wire.java DEBUG [Forwarding findElement on session 0fb59d3c372d29b94d8f2df8106983e1 to remote] http.wire 73 - http-outgoing-3 >> "Host: localhost:13733[\r][\n]"
12-09-2018 12:36:08 Wire.java DEBUG [Forwarding findElement on session 0fb59d3c372d29b94d8f2df8106983e1 to remote] http.wire 73 - http-outgoing-3 >> "Connection: Keep-Alive[\r][\n]"
12-09-2018 12:36:08 Wire.java DEBUG [Forwarding findElement on session 0fb59d3c372d29b94d8f2df8106983e1 to remote] http.wire 73 - http-outgoing-3 >> "User-Agent: Apache-HttpClient/4.5.3 (Java/1.8.0_181)[\r][\n]"
12-09-2018 12:36:08 Wire.java DEBUG [Forwarding findElement on session 0fb59d3c372d29b94d8f2df8106983e1 to remote] http.wire 73 - http-outgoing-3 >> "Accept-Encoding: gzip,deflate[\r][\n]"
12-09-2018 12:36:08 Wire.java DEBUG [Forwarding findElement on session 0fb59d3c372d29b94d8f2df8106983e1 to remote] http.wire 73 - http-outgoing-3 >> "[\r][\n]"
12-09-2018 12:36:08 Wire.java DEBUG [Forwarding findElement on session 0fb59d3c372d29b94d8f2df8106983e1 to remote] http.wire 87 - http-outgoing-3 >> "{"using":"xpath","value":"//input[@type='email']"}"
12-09-2018 12:36:08 Wire.java DEBUG [Forwarding findElement on session 0fb59d3c372d29b94d8f2df8106983e1 to remote] http.wire 73 - http-outgoing-3 << "HTTP/1.1 200 OK[\r][\n]"
12-09-2018 12:36:08 Wire.java DEBUG [Forwarding findElement on session 0fb59d3c372d29b94d8f2df8106983e1 to remote] http.wire 73 - http-outgoing-3 << "Content-Length:102[\r][\n]"
12-09-2018 12:36:08 Wire.java DEBUG [Forwarding findElement on session 0fb59d3c372d29b94d8f2df8106983e1 to remote] http.wire 73 - http-outgoing-3 << "Content-Type:application/json; charset=utf-8[\r][\n]"
12-09-2018 12:36:08 Wire.java DEBUG [Forwarding findElement on session 0fb59d3c372d29b94d8f2df8106983e1 to remote] http.wire 73 - http-outgoing-3 << "[\r][\n]"
12-09-2018 12:36:08 Wire.java DEBUG [Forwarding findElement on session 0fb59d3c372d29b94d8f2df8106983e1 to remote] http.wire 87 - http-outgoing-3 << "{"sessionId":"0fb59d3c372d29b94d8f2df8106983e1","status":0,"value":{"ELEMENT":"0.8992521356777354-1"}}"
12-09-2018 12:36:08 LoggingManagedHttpClientConnection.java DEBUG [Forwarding findElement on session 0fb59d3c372d29b94d8f2df8106983e1 to remote] http.headers 122 - http-outgoing-3 << HTTP/1.1 200 OK
12-09-2018 12:36:08 LoggingManagedHttpClientConnection.java DEBUG [Forwarding findElement on session 0fb59d3c372d29b94d8f2df8106983e1 to remote] http.headers 125 - http-outgoing-3 << Content-Length:102
12-09-2018 12:36:08 LoggingManagedHttpClientConnection.java DEBUG [Forwarding findElement on session 0fb59d3c372d29b94d8f2df8106983e1 to remote] http.headers 125 - http-outgoing-3 << Content-Type:application/json; charset=utf-8
12-09-2018 12:36:08 MainClientExec.java DEBUG [Forwarding findElement on session 0fb59d3c372d29b94d8f2df8106983e1 to remote] execchain.MainClientExec 285 - Connection can be kept alive indefinitely
12-09-2018 12:36:08 PoolingHttpClientConnectionManager.java DEBUG [Forwarding findElement on session 0fb59d3c372d29b94d8f2df8106983e1 to remote] conn.PoolingHttpClientConnectionManager 320 - Connection [id: 3][route: {}->http://localhost:13733] can be kept alive indefinitely
12-09-2018 12:36:08 PoolingHttpClientConnectionManager.java DEBUG [Forwarding findElement on session 0fb59d3c372d29b94d8f2df8106983e1 to remote] conn.PoolingHttpClientConnectionManager 326 - Connection released: [id: 3][route: {}->http://localhost:13733][total kept alive: 1; route allocated: 1 of 2000; total allocated: 1 of 2000]
12-09-2018 12:36:08 RequestAddCookies.java DEBUG [Forwarding isElementEnabled on session 0fb59d3c372d29b94d8f2df8106983e1 to remote] protocol.RequestAddCookies 123 - CookieSpec selected: default
12-09-2018 12:36:08 RequestAuthCache.java DEBUG [Forwarding isElementEnabled on session 0fb59d3c372d29b94d8f2df8106983e1 to remote] protocol.RequestAuthCache 77 - Auth cache not set in the context
12-09-2018 12:36:08 PoolingHttpClientConnectionManager.java DEBUG [Forwarding isElementEnabled on session 0fb59d3c372d29b94d8f2df8106983e1 to remote] conn.PoolingHttpClientConnectionManager 255 - Connection request: [route: {}->http://localhost:13733][total kept alive: 1; route allocated: 1 of 2000; total allocated: 1 of 2000]
12-09-2018 12:36:08 PoolingHttpClientConnectionManager.java DEBUG [Forwarding isElementEnabled on session 0fb59d3c372d29b94d8f2df8106983e1 to remote] conn.PoolingHttpClientConnectionManager 288 - Connection leased: [id: 3][route: {}->http://localhost:13733][total kept alive: 0; route allocated: 1 of 2000; total allocated: 1 of 2000]
12-09-2018 12:36:08 MainClientExec.java DEBUG [Forwarding isElementEnabled on session 0fb59d3c372d29b94d8f2df8106983e1 to remote] execchain.MainClientExec 208 - Stale connection check
12-09-2018 12:36:08 Wire.java DEBUG [Forwarding isElementEnabled on session 0fb59d3c372d29b94d8f2df8106983e1 to remote] http.wire 87 - http-outgoing-3 << "[read] I/O error: Read timed out"
12-09-2018 12:36:08 LoggingManagedHttpClientConnection.java DEBUG [Forwarding isElementEnabled on session 0fb59d3c372d29b94d8f2df8106983e1 to remote] conn.DefaultManagedHttpClientConnection 88 - http-outgoing-3: set socket timeout to 10800000
12-09-2018 12:36:08 MainClientExec.java DEBUG [Forwarding isElementEnabled on session 0fb59d3c372d29b94d8f2df8106983e1 to remote] execchain.MainClientExec 256 - Executing request GET /session/0fb59d3c372d29b94d8f2df8106983e1/element/0.8992521356777354-1/enabled HTTP/1.1
12-09-2018 12:36:08 MainClientExec.java DEBUG [Forwarding isElementEnabled on session 0fb59d3c372d29b94d8f2df8106983e1 to remote] execchain.MainClientExec 261 - Target auth state: UNCHALLENGED
12-09-2018 12:36:08 MainClientExec.java DEBUG [Forwarding isElementEnabled on session 0fb59d3c372d29b94d8f2df8106983e1 to remote] execchain.MainClientExec 267 - Proxy auth state: UNCHALLENGED
12-09-2018 12:36:08 LoggingManagedHttpClientConnection.java DEBUG [Forwarding isElementEnabled on session 0fb59d3c372d29b94d8f2df8106983e1 to remote] http.headers 133 - http-outgoing-3 >> GET /session/0fb59d3c372d29b94d8f2df8106983e1/element/0.8992521356777354-1/enabled HTTP/1.1
12-09-2018 12:36:08 LoggingManagedHttpClientConnection.java DEBUG [Forwarding isElementEnabled on session 0fb59d3c372d29b94d8f2df8106983e1 to remote] http.headers 136 - http-outgoing-3 >> Cache-Control: no-cache
12-09-2018 12:36:08 LoggingManagedHttpClientConnection.java DEBUG [Forwarding isElementEnabled on session 0fb59d3c372d29b94d8f2df8106983e1 to remote] http.headers 136 - http-outgoing-3 >> Host: localhost:13733
12-09-2018 12:36:08 LoggingManagedHttpClientConnection.java DEBUG [Forwarding isElementEnabled on session 0fb59d3c372d29b94d8f2df8106983e1 to remote] http.headers 136 - http-outgoing-3 >> Connection: Keep-Alive
12-09-2018 12:36:08 LoggingManagedHttpClientConnection.java DEBUG [Forwarding isElementEnabled on session 0fb59d3c372d29b94d8f2df8106983e1 to remote] http.headers 136 - http-outgoing-3 >> User-Agent: Apache-HttpClient/4.5.3 (Java/1.8.0_181)
12-09-2018 12:36:08 LoggingManagedHttpClientConnection.java DEBUG [Forwarding isElementEnabled on session 0fb59d3c372d29b94d8f2df8106983e1 to remote] http.headers 136 - http-outgoing-3 >> Accept-Encoding: gzip,deflate
12-09-2018 12:36:08 Wire.java DEBUG [Forwarding isElementEnabled on session 0fb59d3c372d29b94d8f2df8106983e1 to remote] http.wire 73 - http-outgoing-3 >> "GET /session/0fb59d3c372d29b94d8f2df8106983e1/element/0.8992521356777354-1/enabled HTTP/1.1[\r][\n]"
12-09-2018 12:36:08 Wire.java DEBUG [Forwarding isElementEnabled on session 0fb59d3c372d29b94d8f2df8106983e1 to remote] http.wire 73 - http-outgoing-3 >> "Cache-Control: no-cache[\r][\n]"
12-09-2018 12:36:08 Wire.java DEBUG [Forwarding isElementEnabled on session 0fb59d3c372d29b94d8f2df8106983e1 to remote] http.wire 73 - http-outgoing-3 >> "Host: localhost:13733[\r][\n]"
12-09-2018 12:36:08 Wire.java DEBUG [Forwarding isElementEnabled on session 0fb59d3c372d29b94d8f2df8106983e1 to remote] http.wire 73 - http-outgoing-3 >> "Connection: Keep-Alive[\r][\n]"
12-09-2018 12:36:08 Wire.java DEBUG [Forwarding isElementEnabled on session 0fb59d3c372d29b94d8f2df8106983e1 to remote] http.wire 73 - http-outgoing-3 >> "User-Agent: Apache-HttpClient/4.5.3 (Java/1.8.0_181)[\r][\n]"
12-09-2018 12:36:08 Wire.java DEBUG [Forwarding isElementEnabled on session 0fb59d3c372d29b94d8f2df8106983e1 to remote] http.wire 73 - http-outgoing-3 >> "Accept-Encoding: gzip,deflate[\r][\n]"
12-09-2018 12:36:08 Wire.java DEBUG [Forwarding isElementEnabled on session 0fb59d3c372d29b94d8f2df8106983e1 to remote] http.wire 73 - http-outgoing-3 >> "[\r][\n]"
12-09-2018 12:36:08 Wire.java DEBUG [Forwarding isElementEnabled on session 0fb59d3c372d29b94d8f2df8106983e1 to remote] http.wire 73 - http-outgoing-3 << "HTTP/1.1 200 OK[\r][\n]"
12-09-2018 12:36:08 Wire.java DEBUG [Forwarding isElementEnabled on session 0fb59d3c372d29b94d8f2df8106983e1 to remote] http.wire 73 - http-outgoing-3 << "Content-Length:72[\r][\n]"
12-09-2018 12:36:08 Wire.java DEBUG [Forwarding isElementEnabled on session 0fb59d3c372d29b94d8f2df8106983e1 to remote] http.wire 73 - http-outgoing-3 << "Content-Type:application/json; charset=utf-8[\r][\n]"
12-09-2018 12:36:08 Wire.java DEBUG [Forwarding isElementEnabled on session 0fb59d3c372d29b94d8f2df8106983e1 to remote] http.wire 73 - http-outgoing-3 << "[\r][\n]"
12-09-2018 12:36:08 Wire.java DEBUG [Forwarding isElementEnabled on session 0fb59d3c372d29b94d8f2df8106983e1 to remote] http.wire 87 - http-outgoing-3 << "{"sessionId":"0fb59d3c372d29b94d8f2df8106983e1","status":0,"value":true}"
12-09-2018 12:36:08 LoggingManagedHttpClientConnection.java DEBUG [Forwarding isElementEnabled on session 0fb59d3c372d29b94d8f2df8106983e1 to remote] http.headers 122 - http-outgoing-3 << HTTP/1.1 200 OK
12-09-2018 12:36:08 LoggingManagedHttpClientConnection.java DEBUG [Forwarding isElementEnabled on session 0fb59d3c372d29b94d8f2df8106983e1 to remote] http.headers 125 - http-outgoing-3 << Content-Length:72
12-09-2018 12:36:08 LoggingManagedHttpClientConnection.java DEBUG [Forwarding isElementEnabled on session 0fb59d3c372d29b94d8f2df8106983e1 to remote] http.headers 125 - http-outgoing-3 << Content-Type:application/json; charset=utf-8
12-09-2018 12:36:08 MainClientExec.java DEBUG [Forwarding isElementEnabled on session 0fb59d3c372d29b94d8f2df8106983e1 to remote] execchain.MainClientExec 285 - Connection can be kept alive indefinitely
12-09-2018 12:36:08 PoolingHttpClientConnectionManager.java DEBUG [Forwarding isElementEnabled on session 0fb59d3c372d29b94d8f2df8106983e1 to remote] conn.PoolingHttpClientConnectionManager 320 - Connection [id: 3][route: {}->http://localhost:13733] can be kept alive indefinitely
12-09-2018 12:36:08 PoolingHttpClientConnectionManager.java DEBUG [Forwarding isElementEnabled on session 0fb59d3c372d29b94d8f2df8106983e1 to remote] conn.PoolingHttpClientConnectionManager 326 - Connection released: [id: 3][route: {}->http://localhost:13733][total kept alive: 1; route allocated: 1 of 2000; total allocated: 1 of 2000]
12-09-2018 12:36:08 RequestAddCookies.java DEBUG [Forwarding findElement on session 0fb59d3c372d29b94d8f2df8106983e1 to remote] protocol.RequestAddCookies 123 - CookieSpec selected: default
12-09-2018 12:36:08 RequestAuthCache.java DEBUG [Forwarding findElement on session 0fb59d3c372d29b94d8f2df8106983e1 to remote] protocol.RequestAuthCache 77 - Auth cache not set in the context
12-09-2018 12:36:08 PoolingHttpClientConnectionManager.java DEBUG [Forwarding findElement on session 0fb59d3c372d29b94d8f2df8106983e1 to remote] conn.PoolingHttpClientConnectionManager 255 - Connection request: [route: {}->http://localhost:13733][total kept alive: 1; route allocated: 1 of 2000; total allocated: 1 of 2000]
12-09-2018 12:36:08 PoolingHttpClientConnectionManager.java DEBUG [Forwarding findElement on session 0fb59d3c372d29b94d8f2df8106983e1 to remote] conn.PoolingHttpClientConnectionManager 288 - Connection leased: [id: 3][route: {}->http://localhost:13733][total kept alive: 0; route allocated: 1 of 2000; total allocated: 1 of 2000]
12-09-2018 12:36:08 MainClientExec.java DEBUG [Forwarding findElement on session 0fb59d3c372d29b94d8f2df8106983e1 to remote] execchain.MainClientExec 208 - Stale connection check
12-09-2018 12:36:08 Wire.java DEBUG [Forwarding findElement on session 0fb59d3c372d29b94d8f2df8106983e1 to remote] http.wire 87 - http-outgoing-3 << "[read] I/O error: Read timed out"
12-09-2018 12:36:08 LoggingManagedHttpClientConnection.java DEBUG [Forwarding findElement on session 0fb59d3c372d29b94d8f2df8106983e1 to remote] conn.DefaultManagedHttpClientConnection 88 - http-outgoing-3: set socket timeout to 10800000
12-09-2018 12:36:08 MainClientExec.java DEBUG [Forwarding findElement on session 0fb59d3c372d29b94d8f2df8106983e1 to remote] execchain.MainClientExec 256 - Executing request POST /session/0fb59d3c372d29b94d8f2df8106983e1/element HTTP/1.1
12-09-2018 12:36:08 MainClientExec.java DEBUG [Forwarding findElement on session 0fb59d3c372d29b94d8f2df8106983e1 to remote] execchain.MainClientExec 261 - Target auth state: UNCHALLENGED
12-09-2018 12:36:08 MainClientExec.java DEBUG [Forwarding findElement on session 0fb59d3c372d29b94d8f2df8106983e1 to remote] execchain.MainClientExec 267 - Proxy auth state: UNCHALLENGED
12-09-2018 12:36:08 LoggingManagedHttpClientConnection.java DEBUG [Forwarding findElement on session 0fb59d3c372d29b94d8f2df8106983e1 to remote] http.headers 133 - http-outgoing-3 >> POST /session/0fb59d3c372d29b94d8f2df8106983e1/element HTTP/1.1
12-09-2018 12:36:08 LoggingManagedHttpClientConnection.java DEBUG [Forwarding findElement on session 0fb59d3c372d29b94d8f2df8106983e1 to remote] http.headers 136 - http-outgoing-3 >> Content-Type: application/json; charset=utf-8
12-09-2018 12:36:08 LoggingManagedHttpClientConnection.java DEBUG [Forwarding findElement on session 0fb59d3c372d29b94d8f2df8106983e1 to remote] http.headers 136 - http-outgoing-3 >> Content-Length: 58
12-09-2018 12:36:08 LoggingManagedHttpClientConnection.java DEBUG [Forwarding findElement on session 0fb59d3c372d29b94d8f2df8106983e1 to remote] http.headers 136 - http-outgoing-3 >> Host: localhost:13733
12-09-2018 12:36:08 LoggingManagedHttpClientConnection.java DEBUG [Forwarding findElement on session 0fb59d3c372d29b94d8f2df8106983e1 to remote] http.headers 136 - http-outgoing-3 >> Connection: Keep-Alive
12-09-2018 12:36:08 LoggingManagedHttpClientConnection.java DEBUG [Forwarding findElement on session 0fb59d3c372d29b94d8f2df8106983e1 to remote] http.headers 136 - http-outgoing-3 >> User-Agent: Apache-HttpClient/4.5.3 (Java/1.8.0_181)
12-09-2018 12:36:08 LoggingManagedHttpClientConnection.java DEBUG [Forwarding findElement on session 0fb59d3c372d29b94d8f2df8106983e1 to remote] http.headers 136 - http-outgoing-3 >> Accept-Encoding: gzip,deflate
12-09-2018 12:36:08 Wire.java DEBUG [Forwarding findElement on session 0fb59d3c372d29b94d8f2df8106983e1 to remote] http.wire 73 - http-outgoing-3 >> "POST /session/0fb59d3c372d29b94d8f2df8106983e1/element HTTP/1.1[\r][\n]"
12-09-2018 12:36:08 Wire.java DEBUG [Forwarding findElement on session 0fb59d3c372d29b94d8f2df8106983e1 to remote] http.wire 73 - http-outgoing-3 >> "Content-Type: application/json; charset=utf-8[\r][\n]"
12-09-2018 12:36:08 Wire.java DEBUG [Forwarding findElement on session 0fb59d3c372d29b94d8f2df8106983e1 to remote] http.wire 73 - http-outgoing-3 >> "Content-Length: 58[\r][\n]"
12-09-2018 12:36:08 Wire.java DEBUG [Forwarding findElement on session 0fb59d3c372d29b94d8f2df8106983e1 to remote] http.wire 73 - http-outgoing-3 >> "Host: localhost:13733[\r][\n]"
12-09-2018 12:36:08 Wire.java DEBUG [Forwarding findElement on session 0fb59d3c372d29b94d8f2df8106983e1 to remote] http.wire 73 - http-outgoing-3 >> "Connection: Keep-Alive[\r][\n]"
12-09-2018 12:36:08 Wire.java DEBUG [Forwarding findElement on session 0fb59d3c372d29b94d8f2df8106983e1 to remote] http.wire 73 - http-outgoing-3 >> "User-Agent: Apache-HttpClient/4.5.3 (Java/1.8.0_181)[\r][\n]"
12-09-2018 12:36:08 Wire.java DEBUG [Forwarding findElement on session 0fb59d3c372d29b94d8f2df8106983e1 to remote] http.wire 73 - http-outgoing-3 >> "Accept-Encoding: gzip,deflate[\r][\n]"
12-09-2018 12:36:08 Wire.java DEBUG [Forwarding findElement on session 0fb59d3c372d29b94d8f2df8106983e1 to remote] http.wire 73 - http-outgoing-3 >> "[\r][\n]"
12-09-2018 12:36:08 Wire.java DEBUG [Forwarding findElement on session 0fb59d3c372d29b94d8f2df8106983e1 to remote] http.wire 87 - http-outgoing-3 >> "{"using":"xpath","value":"//span[@class='RveJvd snByac']"}"
12-09-2018 12:36:08 Wire.java DEBUG [Forwarding findElement on session 0fb59d3c372d29b94d8f2df8106983e1 to remote] http.wire 73 - http-outgoing-3 << "HTTP/1.1 200 OK[\r][\n]"
12-09-2018 12:36:08 Wire.java DEBUG [Forwarding findElement on session 0fb59d3c372d29b94d8f2df8106983e1 to remote] http.wire 73 - http-outgoing-3 << "Content-Length:102[\r][\n]"
12-09-2018 12:36:08 Wire.java DEBUG [Forwarding findElement on session 0fb59d3c372d29b94d8f2df8106983e1 to remote] http.wire 73 - http-outgoing-3 << "Content-Type:application/json; charset=utf-8[\r][\n]"
12-09-2018 12:36:08 Wire.java DEBUG [Forwarding findElement on session 0fb59d3c372d29b94d8f2df8106983e1 to remote] http.wire 73 - http-outgoing-3 << "[\r][\n]"
12-09-2018 12:36:08 Wire.java DEBUG [Forwarding findElement on session 0fb59d3c372d29b94d8f2df8106983e1 to remote] http.wire 87 - http-outgoing-3 << "{"sessionId":"0fb59d3c372d29b94d8f2df8106983e1","status":0,"value":{"ELEMENT":"0.8992521356777354-2"}}"
12-09-2018 12:36:08 LoggingManagedHttpClientConnection.java DEBUG [Forwarding findElement on session 0fb59d3c372d29b94d8f2df8106983e1 to remote] http.headers 122 - http-outgoing-3 << HTTP/1.1 200 OK
12-09-2018 12:36:08 LoggingManagedHttpClientConnection.java DEBUG [Forwarding findElement on session 0fb59d3c372d29b94d8f2df8106983e1 to remote] http.headers 125 - http-outgoing-3 << Content-Length:102
12-09-2018 12:36:08 LoggingManagedHttpClientConnection.java DEBUG [Forwarding findElement on session 0fb59d3c372d29b94d8f2df8106983e1 to remote] http.headers 125 - http-outgoing-3 << Content-Type:application/json; charset=utf-8
12-09-2018 12:36:08 MainClientExec.java DEBUG [Forwarding findElement on session 0fb59d3c372d29b94d8f2df8106983e1 to remote] execchain.MainClientExec 285 - Connection can be kept alive indefinitely
12-09-2018 12:36:08 PoolingHttpClientConnectionManager.java DEBUG [Forwarding findElement on session 0fb59d3c372d29b94d8f2df8106983e1 to remote] conn.PoolingHttpClientConnectionManager 320 - Connection [id: 3][route: {}->http://localhost:13733] can be kept alive indefinitely
12-09-2018 12:36:08 PoolingHttpClientConnectionManager.java DEBUG [Forwarding findElement on session 0fb59d3c372d29b94d8f2df8106983e1 to remote] conn.PoolingHttpClientConnectionManager 326 - Connection released: [id: 3][route: {}->http://localhost:13733][total kept alive: 1; route allocated: 1 of 2000; total allocated: 1 of 2000]
12-09-2018 12:36:08 RequestAddCookies.java DEBUG [Forwarding isElementDisplayed on session 0fb59d3c372d29b94d8f2df8106983e1 to remote] protocol.RequestAddCookies 123 - CookieSpec selected: default
12-09-2018 12:36:08 RequestAuthCache.java DEBUG [Forwarding isElementDisplayed on session 0fb59d3c372d29b94d8f2df8106983e1 to remote] protocol.RequestAuthCache 77 - Auth cache not set in the context
12-09-2018 12:36:08 PoolingHttpClientConnectionManager.java DEBUG [Forwarding isElementDisplayed on session 0fb59d3c372d29b94d8f2df8106983e1 to remote] conn.PoolingHttpClientConnectionManager 255 - Connection request: [route: {}->http://localhost:13733][total kept alive: 1; route allocated: 1 of 2000; total allocated: 1 of 2000]
12-09-2018 12:36:08 PoolingHttpClientConnectionManager.java DEBUG [Forwarding isElementDisplayed on session 0fb59d3c372d29b94d8f2df8106983e1 to remote] conn.PoolingHttpClientConnectionManager 288 - Connection leased: [id: 3][route: {}->http://localhost:13733][total kept alive: 0; route allocated: 1 of 2000; total allocated: 1 of 2000]
12-09-2018 12:36:08 MainClientExec.java DEBUG [Forwarding isElementDisplayed on session 0fb59d3c372d29b94d8f2df8106983e1 to remote] execchain.MainClientExec 208 - Stale connection check
12-09-2018 12:36:08 Wire.java DEBUG [Forwarding isElementDisplayed on session 0fb59d3c372d29b94d8f2df8106983e1 to remote] http.wire 87 - http-outgoing-3 << "[read] I/O error: Read timed out"
12-09-2018 12:36:08 LoggingManagedHttpClientConnection.java DEBUG [Forwarding isElementDisplayed on session 0fb59d3c372d29b94d8f2df8106983e1 to remote] conn.DefaultManagedHttpClientConnection 88 - http-outgoing-3: set socket timeout to 10800000
12-09-2018 12:36:08 MainClientExec.java DEBUG [Forwarding isElementDisplayed on session 0fb59d3c372d29b94d8f2df8106983e1 to remote] execchain.MainClientExec 256 - Executing request GET /session/0fb59d3c372d29b94d8f2df8106983e1/element/0.8992521356777354-2/displayed HTTP/1.1
12-09-2018 12:36:08 MainClientExec.java DEBUG [Forwarding isElementDisplayed on session 0fb59d3c372d29b94d8f2df8106983e1 to remote] execchain.MainClientExec 261 - Target auth state: UNCHALLENGED
12-09-2018 12:36:08 MainClientExec.java DEBUG [Forwarding isElementDisplayed on session 0fb59d3c372d29b94d8f2df8106983e1 to remote] execchain.MainClientExec 267 - Proxy auth state: UNCHALLENGED
12-09-2018 12:36:08 LoggingManagedHttpClientConnection.java DEBUG [Forwarding isElementDisplayed on session 0fb59d3c372d29b94d8f2df8106983e1 to remote] http.headers 133 - http-outgoing-3 >> GET /session/0fb59d3c372d29b94d8f2df8106983e1/element/0.8992521356777354-2/displayed HTTP/1.1
12-09-2018 12:36:08 LoggingManagedHttpClientConnection.java DEBUG [Forwarding isElementDisplayed on session 0fb59d3c372d29b94d8f2df8106983e1 to remote] http.headers 136 - http-outgoing-3 >> Cache-Control: no-cache
12-09-2018 12:36:08 LoggingManagedHttpClientConnection.java DEBUG [Forwarding isElementDisplayed on session 0fb59d3c372d29b94d8f2df8106983e1 to remote] http.headers 136 - http-outgoing-3 >> Host: localhost:13733
12-09-2018 12:36:08 LoggingManagedHttpClientConnection.java DEBUG [Forwarding isElementDisplayed on session 0fb59d3c372d29b94d8f2df8106983e1 to remote] http.headers 136 - http-outgoing-3 >> Connection: Keep-Alive
12-09-2018 12:36:08 LoggingManagedHttpClientConnection.java DEBUG [Forwarding isElementDisplayed on session 0fb59d3c372d29b94d8f2df8106983e1 to remote] http.headers 136 - http-outgoing-3 >> User-Agent: Apache-HttpClient/4.5.3 (Java/1.8.0_181)
12-09-2018 12:36:08 LoggingManagedHttpClientConnection.java DEBUG [Forwarding isElementDisplayed on session 0fb59d3c372d29b94d8f2df8106983e1 to remote] http.headers 136 - http-outgoing-3 >> Accept-Encoding: gzip,deflate
12-09-2018 12:36:08 Wire.java DEBUG [Forwarding isElementDisplayed on session 0fb59d3c372d29b94d8f2df8106983e1 to remote] http.wire 73 - http-outgoing-3 >> "GET /session/0fb59d3c372d29b94d8f2df8106983e1/element/0.8992521356777354-2/displayed HTTP/1.1[\r][\n]"
12-09-2018 12:36:08 Wire.java DEBUG [Forwarding isElementDisplayed on session 0fb59d3c372d29b94d8f2df8106983e1 to remote] http.wire 73 - http-outgoing-3 >> "Cache-Control: no-cache[\r][\n]"
12-09-2018 12:36:08 Wire.java DEBUG [Forwarding isElementDisplayed on session 0fb59d3c372d29b94d8f2df8106983e1 to remote] http.wire 73 - http-outgoing-3 >> "Host: localhost:13733[\r][\n]"
12-09-2018 12:36:08 Wire.java DEBUG [Forwarding isElementDisplayed on session 0fb59d3c372d29b94d8f2df8106983e1 to remote] http.wire 73 - http-outgoing-3 >> "Connection: Keep-Alive[\r][\n]"
12-09-2018 12:36:08 Wire.java DEBUG [Forwarding isElementDisplayed on session 0fb59d3c372d29b94d8f2df8106983e1 to remote] http.wire 73 - http-outgoing-3 >> "User-Agent: Apache-HttpClient/4.5.3 (Java/1.8.0_181)[\r][\n]"
12-09-2018 12:36:08 Wire.java DEBUG [Forwarding isElementDisplayed on session 0fb59d3c372d29b94d8f2df8106983e1 to remote] http.wire 73 - http-outgoing-3 >> "Accept-Encoding: gzip,deflate[\r][\n]"
12-09-2018 12:36:08 Wire.java DEBUG [Forwarding isElementDisplayed on session 0fb59d3c372d29b94d8f2df8106983e1 to remote] http.wire 73 - http-outgoing-3 >> "[\r][\n]"
12-09-2018 12:36:08 Wire.java DEBUG [Forwarding isElementDisplayed on session 0fb59d3c372d29b94d8f2df8106983e1 to remote] http.wire 73 - http-outgoing-3 << "HTTP/1.1 200 OK[\r][\n]"
12-09-2018 12:36:08 Wire.java DEBUG [Forwarding isElementDisplayed on session 0fb59d3c372d29b94d8f2df8106983e1 to remote] http.wire 73 - http-outgoing-3 << "Content-Length:72[\r][\n]"
12-09-2018 12:36:08 Wire.java DEBUG [Forwarding isElementDisplayed on session 0fb59d3c372d29b94d8f2df8106983e1 to remote] http.wire 73 - http-outgoing-3 << "Content-Type:application/json; charset=utf-8[\r][\n]"
12-09-2018 12:36:08 Wire.java DEBUG [Forwarding isElementDisplayed on session 0fb59d3c372d29b94d8f2df8106983e1 to remote] http.wire 73 - http-outgoing-3 << "[\r][\n]"
12-09-2018 12:36:08 Wire.java DEBUG [Forwarding isElementDisplayed on session 0fb59d3c372d29b94d8f2df8106983e1 to remote] http.wire 87 - http-outgoing-3 << "{"sessionId":"0fb59d3c372d29b94d8f2df8106983e1","status":0,"value":true}"
12-09-2018 12:36:08 LoggingManagedHttpClientConnection.java DEBUG [Forwarding isElementDisplayed on session 0fb59d3c372d29b94d8f2df8106983e1 to remote] http.headers 122 - http-outgoing-3 << HTTP/1.1 200 OK
12-09-2018 12:36:08 LoggingManagedHttpClientConnection.java DEBUG [Forwarding isElementDisplayed on session 0fb59d3c372d29b94d8f2df8106983e1 to remote] http.headers 125 - http-outgoing-3 << Content-Length:72
12-09-2018 12:36:08 LoggingManagedHttpClientConnection.java DEBUG [Forwarding isElementDisplayed on session 0fb59d3c372d29b94d8f2df8106983e1 to remote] http.headers 125 - http-outgoing-3 << Content-Type:application/json; charset=utf-8
12-09-2018 12:36:08 MainClientExec.java DEBUG [Forwarding isElementDisplayed on session 0fb59d3c372d29b94d8f2df8106983e1 to remote] execchain.MainClientExec 285 - Connection can be kept alive indefinitely
12-09-2018 12:36:08 PoolingHttpClientConnectionManager.java DEBUG [Forwarding isElementDisplayed on session 0fb59d3c372d29b94d8f2df8106983e1 to remote] conn.PoolingHttpClientConnectionManager 320 - Connection [id: 3][route: {}->http://localhost:13733] can be kept alive indefinitely
12-09-2018 12:36:08 PoolingHttpClientConnectionManager.java DEBUG [Forwarding isElementDisplayed on session 0fb59d3c372d29b94d8f2df8106983e1 to remote] conn.PoolingHttpClientConnectionManager 326 - Connection released: [id: 3][route: {}->http://localhost:13733][total kept alive: 1; route allocated: 1 of 2000; total allocated: 1 of 2000]
12-09-2018 12:36:08 RequestAddCookies.java DEBUG [Forwarding findElement on session 0fb59d3c372d29b94d8f2df8106983e1 to remote] protocol.RequestAddCookies 123 - CookieSpec selected: default
12-09-2018 12:36:08 RequestAuthCache.java DEBUG [Forwarding findElement on session 0fb59d3c372d29b94d8f2df8106983e1 to remote] protocol.RequestAuthCache 77 - Auth cache not set in the context
12-09-2018 12:36:08 PoolingHttpClientConnectionManager.java DEBUG [Forwarding findElement on session 0fb59d3c372d29b94d8f2df8106983e1 to remote] conn.PoolingHttpClientConnectionManager 255 - Connection request: [route: {}->http://localhost:13733][total kept alive: 1; route allocated: 1 of 2000; total allocated: 1 of 2000]
12-09-2018 12:36:08 PoolingHttpClientConnectionManager.java DEBUG [Forwarding findElement on session 0fb59d3c372d29b94d8f2df8106983e1 to remote] conn.PoolingHttpClientConnectionManager 288 - Connection leased: [id: 3][route: {}->http://localhost:13733][total kept alive: 0; route allocated: 1 of 2000; total allocated: 1 of 2000]
12-09-2018 12:36:08 MainClientExec.java DEBUG [Forwarding findElement on session 0fb59d3c372d29b94d8f2df8106983e1 to remote] execchain.MainClientExec 208 - Stale connection check
12-09-2018 12:36:08 Wire.java DEBUG [Forwarding findElement on session 0fb59d3c372d29b94d8f2df8106983e1 to remote] http.wire 87 - http-outgoing-3 << "[read] I/O error: Read timed out"
12-09-2018 12:36:08 LoggingManagedHttpClientConnection.java DEBUG [Forwarding findElement on session 0fb59d3c372d29b94d8f2df8106983e1 to remote] conn.DefaultManagedHttpClientConnection 88 - http-outgoing-3: set socket timeout to 10800000
12-09-2018 12:36:08 MainClientExec.java DEBUG [Forwarding findElement on session 0fb59d3c372d29b94d8f2df8106983e1 to remote] execchain.MainClientExec 256 - Executing request POST /session/0fb59d3c372d29b94d8f2df8106983e1/element HTTP/1.1
12-09-2018 12:36:08 MainClientExec.java DEBUG [Forwarding findElement on session 0fb59d3c372d29b94d8f2df8106983e1 to remote] execchain.MainClientExec 261 - Target auth state: UNCHALLENGED
12-09-2018 12:36:08 MainClientExec.java DEBUG [Forwarding findElement on session 0fb59d3c372d29b94d8f2df8106983e1 to remote] execchain.MainClientExec 267 - Proxy auth state: UNCHALLENGED
12-09-2018 12:36:08 LoggingManagedHttpClientConnection.java DEBUG [Forwarding findElement on session 0fb59d3c372d29b94d8f2df8106983e1 to remote] http.headers 133 - http-outgoing-3 >> POST /session/0fb59d3c372d29b94d8f2df8106983e1/element HTTP/1.1
12-09-2018 12:36:08 LoggingManagedHttpClientConnection.java DEBUG [Forwarding findElement on session 0fb59d3c372d29b94d8f2df8106983e1 to remote] http.headers 136 - http-outgoing-3 >> Content-Type: application/json; charset=utf-8
12-09-2018 12:36:08 LoggingManagedHttpClientConnection.java DEBUG [Forwarding findElement on session 0fb59d3c372d29b94d8f2df8106983e1 to remote] http.headers 136 - http-outgoing-3 >> Content-Length: 58
12-09-2018 12:36:08 LoggingManagedHttpClientConnection.java DEBUG [Forwarding findElement on session 0fb59d3c372d29b94d8f2df8106983e1 to remote] http.headers 136 - http-outgoing-3 >> Host: localhost:13733
12-09-2018 12:36:08 LoggingManagedHttpClientConnection.java DEBUG [Forwarding findElement on session 0fb59d3c372d29b94d8f2df8106983e1 to remote] http.headers 136 - http-outgoing-3 >> Connection: Keep-Alive
12-09-2018 12:36:08 LoggingManagedHttpClientConnection.java DEBUG [Forwarding findElement on session 0fb59d3c372d29b94d8f2df8106983e1 to remote] http.headers 136 - http-outgoing-3 >> User-Agent: Apache-HttpClient/4.5.3 (Java/1.8.0_181)
12-09-2018 12:36:08 LoggingManagedHttpClientConnection.java DEBUG [Forwarding findElement on session 0fb59d3c372d29b94d8f2df8106983e1 to remote] http.headers 136 - http-outgoing-3 >> Accept-Encoding: gzip,deflate
12-09-2018 12:36:08 Wire.java DEBUG [Forwarding findElement on session 0fb59d3c372d29b94d8f2df8106983e1 to remote] http.wire 73 - http-outgoing-3 >> "POST /session/0fb59d3c372d29b94d8f2df8106983e1/element HTTP/1.1[\r][\n]"
12-09-2018 12:36:08 Wire.java DEBUG [Forwarding findElement on session 0fb59d3c372d29b94d8f2df8106983e1 to remote] http.wire 73 - http-outgoing-3 >> "Content-Type: application/json; charset=utf-8[\r][\n]"
12-09-2018 12:36:08 Wire.java DEBUG [Forwarding findElement on session 0fb59d3c372d29b94d8f2df8106983e1 to remote] http.wire 73 - http-outgoing-3 >> "Content-Length: 58[\r][\n]"
12-09-2018 12:36:08 Wire.java DEBUG [Forwarding findElement on session 0fb59d3c372d29b94d8f2df8106983e1 to remote] http.wire 73 - http-outgoing-3 >> "Host: localhost:13733[\r][\n]"
12-09-2018 12:36:08 Wire.java DEBUG [Forwarding findElement on session 0fb59d3c372d29b94d8f2df8106983e1 to remote] http.wire 73 - http-outgoing-3 >> "Connection: Keep-Alive[\r][\n]"
12-09-2018 12:36:08 Wire.java DEBUG [Forwarding findElement on session 0fb59d3c372d29b94d8f2df8106983e1 to remote] http.wire 73 - http-outgoing-3 >> "User-Agent: Apache-HttpClient/4.5.3 (Java/1.8.0_181)[\r][\n]"
12-09-2018 12:36:08 Wire.java DEBUG [Forwarding findElement on session 0fb59d3c372d29b94d8f2df8106983e1 to remote] http.wire 73 - http-outgoing-3 >> "Accept-Encoding: gzip,deflate[\r][\n]"
12-09-2018 12:36:08 Wire.java DEBUG [Forwarding findElement on session 0fb59d3c372d29b94d8f2df8106983e1 to remote] http.wire 73 - http-outgoing-3 >> "[\r][\n]"
12-09-2018 12:36:08 Wire.java DEBUG [Forwarding findElement on session 0fb59d3c372d29b94d8f2df8106983e1 to remote] http.wire 87 - http-outgoing-3 >> "{"using":"xpath","value":"//span[@class='RveJvd snByac']"}"
12-09-2018 12:36:08 Wire.java DEBUG [Forwarding findElement on session 0fb59d3c372d29b94d8f2df8106983e1 to remote] http.wire 73 - http-outgoing-3 << "HTTP/1.1 200 OK[\r][\n]"
12-09-2018 12:36:08 Wire.java DEBUG [Forwarding findElement on session 0fb59d3c372d29b94d8f2df8106983e1 to remote] http.wire 73 - http-outgoing-3 << "Content-Length:102[\r][\n]"
12-09-2018 12:36:08 Wire.java DEBUG [Forwarding findElement on session 0fb59d3c372d29b94d8f2df8106983e1 to remote] http.wire 73 - http-outgoing-3 << "Content-Type:application/json; charset=utf-8[\r][\n]"
12-09-2018 12:36:08 Wire.java DEBUG [Forwarding findElement on session 0fb59d3c372d29b94d8f2df8106983e1 to remote] http.wire 73 - http-outgoing-3 << "[\r][\n]"
12-09-2018 12:36:08 Wire.java DEBUG [Forwarding findElement on session 0fb59d3c372d29b94d8f2df8106983e1 to remote] http.wire 87 - http-outgoing-3 << "{"sessionId":"0fb59d3c372d29b94d8f2df8106983e1","status":0,"value":{"ELEMENT":"0.8992521356777354-2"}}"
12-09-2018 12:36:08 LoggingManagedHttpClientConnection.java DEBUG [Forwarding findElement on session 0fb59d3c372d29b94d8f2df8106983e1 to remote] http.headers 122 - http-outgoing-3 << HTTP/1.1 200 OK
12-09-2018 12:36:08 LoggingManagedHttpClientConnection.java DEBUG [Forwarding findElement on session 0fb59d3c372d29b94d8f2df8106983e1 to remote] http.headers 125 - http-outgoing-3 << Content-Length:102
12-09-2018 12:36:08 LoggingManagedHttpClientConnection.java DEBUG [Forwarding findElement on session 0fb59d3c372d29b94d8f2df8106983e1 to remote] http.headers 125 - http-outgoing-3 << Content-Type:application/json; charset=utf-8
12-09-2018 12:36:08 MainClientExec.java DEBUG [Forwarding findElement on session 0fb59d3c372d29b94d8f2df8106983e1 to remote] execchain.MainClientExec 285 - Connection can be kept alive indefinitely
12-09-2018 12:36:08 PoolingHttpClientConnectionManager.java DEBUG [Forwarding findElement on session 0fb59d3c372d29b94d8f2df8106983e1 to remote] conn.PoolingHttpClientConnectionManager 320 - Connection [id: 3][route: {}->http://localhost:13733] can be kept alive indefinitely
12-09-2018 12:36:08 PoolingHttpClientConnectionManager.java DEBUG [Forwarding findElement on session 0fb59d3c372d29b94d8f2df8106983e1 to remote] conn.PoolingHttpClientConnectionManager 326 - Connection released: [id: 3][route: {}->http://localhost:13733][total kept alive: 1; route allocated: 1 of 2000; total allocated: 1 of 2000]
12-09-2018 12:36:08 RequestAddCookies.java DEBUG [Forwarding isElementDisplayed on session 0fb59d3c372d29b94d8f2df8106983e1 to remote] protocol.RequestAddCookies 123 - CookieSpec selected: default
12-09-2018 12:36:08 RequestAuthCache.java DEBUG [Forwarding isElementDisplayed on session 0fb59d3c372d29b94d8f2df8106983e1 to remote] protocol.RequestAuthCache 77 - Auth cache not set in the context
12-09-2018 12:36:08 PoolingHttpClientConnectionManager.java DEBUG [Forwarding isElementDisplayed on session 0fb59d3c372d29b94d8f2df8106983e1 to remote] conn.PoolingHttpClientConnectionManager 255 - Connection request: [route: {}->http://localhost:13733][total kept alive: 1; route allocated: 1 of 2000; total allocated: 1 of 2000]
12-09-2018 12:36:08 PoolingHttpClientConnectionManager.java DEBUG [Forwarding isElementDisplayed on session 0fb59d3c372d29b94d8f2df8106983e1 to remote] conn.PoolingHttpClientConnectionManager 288 - Connection leased: [id: 3][route: {}->http://localhost:13733][total kept alive: 0; route allocated: 1 of 2000; total allocated: 1 of 2000]
12-09-2018 12:36:08 MainClientExec.java DEBUG [Forwarding isElementDisplayed on session 0fb59d3c372d29b94d8f2df8106983e1 to remote] execchain.MainClientExec 208 - Stale connection check
12-09-2018 12:36:08 Wire.java DEBUG [Forwarding isElementDisplayed on session 0fb59d3c372d29b94d8f2df8106983e1 to remote] http.wire 87 - http-outgoing-3 << "[read] I/O error: Read timed out"
12-09-2018 12:36:08 LoggingManagedHttpClientConnection.java DEBUG [Forwarding isElementDisplayed on session 0fb59d3c372d29b94d8f2df8106983e1 to remote] conn.DefaultManagedHttpClientConnection 88 - http-outgoing-3: set socket timeout to 10800000
12-09-2018 12:36:08 MainClientExec.java DEBUG [Forwarding isElementDisplayed on session 0fb59d3c372d29b94d8f2df8106983e1 to remote] execchain.MainClientExec 256 - Executing request GET /session/0fb59d3c372d29b94d8f2df8106983e1/element/0.8992521356777354-2/displayed HTTP/1.1
12-09-2018 12:36:08 MainClientExec.java DEBUG [Forwarding isElementDisplayed on session 0fb59d3c372d29b94d8f2df8106983e1 to remote] execchain.MainClientExec 261 - Target auth state: UNCHALLENGED
12-09-2018 12:36:08 MainClientExec.java DEBUG [Forwarding isElementDisplayed on session 0fb59d3c372d29b94d8f2df8106983e1 to remote] execchain.MainClientExec 267 - Proxy auth state: UNCHALLENGED
12-09-2018 12:36:08 LoggingManagedHttpClientConnection.java DEBUG [Forwarding isElementDisplayed on session 0fb59d3c372d29b94d8f2df8106983e1 to remote] http.headers 133 - http-outgoing-3 >> GET /session/0fb59d3c372d29b94d8f2df8106983e1/element/0.8992521356777354-2/displayed HTTP/1.1
12-09-2018 12:36:08 LoggingManagedHttpClientConnection.java DEBUG [Forwarding isElementDisplayed on session 0fb59d3c372d29b94d8f2df8106983e1 to remote] http.headers 136 - http-outgoing-3 >> Cache-Control: no-cache
12-09-2018 12:36:08 LoggingManagedHttpClientConnection.java DEBUG [Forwarding isElementDisplayed on session 0fb59d3c372d29b94d8f2df8106983e1 to remote] http.headers 136 - http-outgoing-3 >> Host: localhost:13733
12-09-2018 12:36:08 LoggingManagedHttpClientConnection.java DEBUG [Forwarding isElementDisplayed on session 0fb59d3c372d29b94d8f2df8106983e1 to remote] http.headers 136 - http-outgoing-3 >> Connection: Keep-Alive
12-09-2018 12:36:08 LoggingManagedHttpClientConnection.java DEBUG [Forwarding isElementDisplayed on session 0fb59d3c372d29b94d8f2df8106983e1 to remote] http.headers 136 - http-outgoing-3 >> User-Agent: Apache-HttpClient/4.5.3 (Java/1.8.0_181)
12-09-2018 12:36:08 LoggingManagedHttpClientConnection.java DEBUG [Forwarding isElementDisplayed on session 0fb59d3c372d29b94d8f2df8106983e1 to remote] http.headers 136 - http-outgoing-3 >> Accept-Encoding: gzip,deflate
12-09-2018 12:36:08 Wire.java DEBUG [Forwarding isElementDisplayed on session 0fb59d3c372d29b94d8f2df8106983e1 to remote] http.wire 73 - http-outgoing-3 >> "GET /session/0fb59d3c372d29b94d8f2df8106983e1/element/0.8992521356777354-2/displayed HTTP/1.1[\r][\n]"
12-09-2018 12:36:08 Wire.java DEBUG [Forwarding isElementDisplayed on session 0fb59d3c372d29b94d8f2df8106983e1 to remote] http.wire 73 - http-outgoing-3 >> "Cache-Control: no-cache[\r][\n]"
12-09-2018 12:36:08 Wire.java DEBUG [Forwarding isElementDisplayed on session 0fb59d3c372d29b94d8f2df8106983e1 to remote] http.wire 73 - http-outgoing-3 >> "Host: localhost:13733[\r][\n]"
12-09-2018 12:36:08 Wire.java DEBUG [Forwarding isElementDisplayed on session 0fb59d3c372d29b94d8f2df8106983e1 to remote] http.wire 73 - http-outgoing-3 >> "Connection: Keep-Alive[\r][\n]"
12-09-2018 12:36:08 Wire.java DEBUG [Forwarding isElementDisplayed on session 0fb59d3c372d29b94d8f2df8106983e1 to remote] http.wire 73 - http-outgoing-3 >> "User-Agent: Apache-HttpClient/4.5.3 (Java/1.8.0_181)[\r][\n]"
12-09-2018 12:36:08 Wire.java DEBUG [Forwarding isElementDisplayed on session 0fb59d3c372d29b94d8f2df8106983e1 to remote] http.wire 73 - http-outgoing-3 >> "Accept-Encoding: gzip,deflate[\r][\n]"
12-09-2018 12:36:08 Wire.java DEBUG [Forwarding isElementDisplayed on session 0fb59d3c372d29b94d8f2df8106983e1 to remote] http.wire 73 - http-outgoing-3 >> "[\r][\n]"
12-09-2018 12:36:08 Wire.java DEBUG [Forwarding isElementDisplayed on session 0fb59d3c372d29b94d8f2df8106983e1 to remote] http.wire 73 - http-outgoing-3 << "HTTP/1.1 200 OK[\r][\n]"
12-09-2018 12:36:08 Wire.java DEBUG [Forwarding isElementDisplayed on session 0fb59d3c372d29b94d8f2df8106983e1 to remote] http.wire 73 - http-outgoing-3 << "Content-Length:72[\r][\n]"
12-09-2018 12:36:08 Wire.java DEBUG [Forwarding isElementDisplayed on session 0fb59d3c372d29b94d8f2df8106983e1 to remote] http.wire 73 - http-outgoing-3 << "Content-Type:application/json; charset=utf-8[\r][\n]"
12-09-2018 12:36:08 Wire.java DEBUG [Forwarding isElementDisplayed on session 0fb59d3c372d29b94d8f2df8106983e1 to remote] http.wire 73 - http-outgoing-3 << "[\r][\n]"
12-09-2018 12:36:08 Wire.java DEBUG [Forwarding isElementDisplayed on session 0fb59d3c372d29b94d8f2df8106983e1 to remote] http.wire 87 - http-outgoing-3 << "{"sessionId":"0fb59d3c372d29b94d8f2df8106983e1","status":0,"value":true}"
12-09-2018 12:36:08 LoggingManagedHttpClientConnection.java DEBUG [Forwarding isElementDisplayed on session 0fb59d3c372d29b94d8f2df8106983e1 to remote] http.headers 122 - http-outgoing-3 << HTTP/1.1 200 OK
12-09-2018 12:36:08 LoggingManagedHttpClientConnection.java DEBUG [Forwarding isElementDisplayed on session 0fb59d3c372d29b94d8f2df8106983e1 to remote] http.headers 125 - http-outgoing-3 << Content-Length:72
12-09-2018 12:36:08 LoggingManagedHttpClientConnection.java DEBUG [Forwarding isElementDisplayed on session 0fb59d3c372d29b94d8f2df8106983e1 to remote] http.headers 125 - http-outgoing-3 << Content-Type:application/json; charset=utf-8
12-09-2018 12:36:08 MainClientExec.java DEBUG [Forwarding isElementDisplayed on session 0fb59d3c372d29b94d8f2df8106983e1 to remote] execchain.MainClientExec 285 - Connection can be kept alive indefinitely
12-09-2018 12:36:08 PoolingHttpClientConnectionManager.java DEBUG [Forwarding isElementDisplayed on session 0fb59d3c372d29b94d8f2df8106983e1 to remote] conn.PoolingHttpClientConnectionManager 320 - Connection [id: 3][route: {}->http://localhost:13733] can be kept alive indefinitely
12-09-2018 12:36:08 PoolingHttpClientConnectionManager.java DEBUG [Forwarding isElementDisplayed on session 0fb59d3c372d29b94d8f2df8106983e1 to remote] conn.PoolingHttpClientConnectionManager 326 - Connection released: [id: 3][route: {}->http://localhost:13733][total kept alive: 1; route allocated: 1 of 2000; total allocated: 1 of 2000]
12-09-2018 12:36:08 RequestAddCookies.java DEBUG [Forwarding findElement on session 0fb59d3c372d29b94d8f2df8106983e1 to remote] protocol.RequestAddCookies 123 - CookieSpec selected: default
12-09-2018 12:36:08 RequestAuthCache.java DEBUG [Forwarding findElement on session 0fb59d3c372d29b94d8f2df8106983e1 to remote] protocol.RequestAuthCache 77 - Auth cache not set in the context
12-09-2018 12:36:08 PoolingHttpClientConnectionManager.java DEBUG [Forwarding findElement on session 0fb59d3c372d29b94d8f2df8106983e1 to remote] conn.PoolingHttpClientConnectionManager 255 - Connection request: [route: {}->http://localhost:13733][total kept alive: 1; route allocated: 1 of 2000; total allocated: 1 of 2000]
12-09-2018 12:36:08 PoolingHttpClientConnectionManager.java DEBUG [Forwarding findElement on session 0fb59d3c372d29b94d8f2df8106983e1 to remote] conn.PoolingHttpClientConnectionManager 288 - Connection leased: [id: 3][route: {}->http://localhost:13733][total kept alive: 0; route allocated: 1 of 2000; total allocated: 1 of 2000]
12-09-2018 12:36:08 MainClientExec.java DEBUG [Forwarding findElement on session 0fb59d3c372d29b94d8f2df8106983e1 to remote] execchain.MainClientExec 208 - Stale connection check
12-09-2018 12:36:08 Wire.java DEBUG [Forwarding findElement on session 0fb59d3c372d29b94d8f2df8106983e1 to remote] http.wire 87 - http-outgoing-3 << "[read] I/O error: Read timed out"
12-09-2018 12:36:08 LoggingManagedHttpClientConnection.java DEBUG [Forwarding findElement on session 0fb59d3c372d29b94d8f2df8106983e1 to remote] conn.DefaultManagedHttpClientConnection 88 - http-outgoing-3: set socket timeout to 10800000
12-09-2018 12:36:08 MainClientExec.java DEBUG [Forwarding findElement on session 0fb59d3c372d29b94d8f2df8106983e1 to remote] execchain.MainClientExec 256 - Executing request POST /session/0fb59d3c372d29b94d8f2df8106983e1/element HTTP/1.1
12-09-2018 12:36:08 MainClientExec.java DEBUG [Forwarding findElement on session 0fb59d3c372d29b94d8f2df8106983e1 to remote] execchain.MainClientExec 261 - Target auth state: UNCHALLENGED
12-09-2018 12:36:08 MainClientExec.java DEBUG [Forwarding findElement on session 0fb59d3c372d29b94d8f2df8106983e1 to remote] execchain.MainClientExec 267 - Proxy auth state: UNCHALLENGED
12-09-2018 12:36:08 LoggingManagedHttpClientConnection.java DEBUG [Forwarding findElement on session 0fb59d3c372d29b94d8f2df8106983e1 to remote] http.headers 133 - http-outgoing-3 >> POST /session/0fb59d3c372d29b94d8f2df8106983e1/element HTTP/1.1
12-09-2018 12:36:08 LoggingManagedHttpClientConnection.java DEBUG [Forwarding findElement on session 0fb59d3c372d29b94d8f2df8106983e1 to remote] http.headers 136 - http-outgoing-3 >> Content-Type: application/json; charset=utf-8
12-09-2018 12:36:08 LoggingManagedHttpClientConnection.java DEBUG [Forwarding findElement on session 0fb59d3c372d29b94d8f2df8106983e1 to remote] http.headers 136 - http-outgoing-3 >> Content-Length: 58
12-09-2018 12:36:08 LoggingManagedHttpClientConnection.java DEBUG [Forwarding findElement on session 0fb59d3c372d29b94d8f2df8106983e1 to remote] http.headers 136 - http-outgoing-3 >> Host: localhost:13733
12-09-2018 12:36:08 LoggingManagedHttpClientConnection.java DEBUG [Forwarding findElement on session 0fb59d3c372d29b94d8f2df8106983e1 to remote] http.headers 136 - http-outgoing-3 >> Connection: Keep-Alive
12-09-2018 12:36:08 LoggingManagedHttpClientConnection.java DEBUG [Forwarding findElement on session 0fb59d3c372d29b94d8f2df8106983e1 to remote] http.headers 136 - http-outgoing-3 >> User-Agent: Apache-HttpClient/4.5.3 (Java/1.8.0_181)
12-09-2018 12:36:08 LoggingManagedHttpClientConnection.java DEBUG [Forwarding findElement on session 0fb59d3c372d29b94d8f2df8106983e1 to remote] http.headers 136 - http-outgoing-3 >> Accept-Encoding: gzip,deflate
12-09-2018 12:36:08 Wire.java DEBUG [Forwarding findElement on session 0fb59d3c372d29b94d8f2df8106983e1 to remote] http.wire 73 - http-outgoing-3 >> "POST /session/0fb59d3c372d29b94d8f2df8106983e1/element HTTP/1.1[\r][\n]"
12-09-2018 12:36:08 Wire.java DEBUG [Forwarding findElement on session 0fb59d3c372d29b94d8f2df8106983e1 to remote] http.wire 73 - http-outgoing-3 >> "Content-Type: application/json; charset=utf-8[\r][\n]"
12-09-2018 12:36:08 Wire.java DEBUG [Forwarding findElement on session 0fb59d3c372d29b94d8f2df8106983e1 to remote] http.wire 73 - http-outgoing-3 >> "Content-Length: 58[\r][\n]"
12-09-2018 12:36:08 Wire.java DEBUG [Forwarding findElement on session 0fb59d3c372d29b94d8f2df8106983e1 to remote] http.wire 73 - http-outgoing-3 >> "Host: localhost:13733[\r][\n]"
12-09-2018 12:36:08 Wire.java DEBUG [Forwarding findElement on session 0fb59d3c372d29b94d8f2df8106983e1 to remote] http.wire 73 - http-outgoing-3 >> "Connection: Keep-Alive[\r][\n]"
12-09-2018 12:36:08 Wire.java DEBUG [Forwarding findElement on session 0fb59d3c372d29b94d8f2df8106983e1 to remote] http.wire 73 - http-outgoing-3 >> "User-Agent: Apache-HttpClient/4.5.3 (Java/1.8.0_181)[\r][\n]"
12-09-2018 12:36:08 Wire.java DEBUG [Forwarding findElement on session 0fb59d3c372d29b94d8f2df8106983e1 to remote] http.wire 73 - http-outgoing-3 >> "Accept-Encoding: gzip,deflate[\r][\n]"
12-09-2018 12:36:08 Wire.java DEBUG [Forwarding findElement on session 0fb59d3c372d29b94d8f2df8106983e1 to remote] http.wire 73 - http-outgoing-3 >> "[\r][\n]"
12-09-2018 12:36:08 Wire.java DEBUG [Forwarding findElement on session 0fb59d3c372d29b94d8f2df8106983e1 to remote] http.wire 87 - http-outgoing-3 >> "{"using":"xpath","value":"//span[@class='RveJvd snByac']"}"
12-09-2018 12:36:08 Wire.java DEBUG [Forwarding findElement on session 0fb59d3c372d29b94d8f2df8106983e1 to remote] http.wire 73 - http-outgoing-3 << "HTTP/1.1 200 OK[\r][\n]"
12-09-2018 12:36:08 Wire.java DEBUG [Forwarding findElement on session 0fb59d3c372d29b94d8f2df8106983e1 to remote] http.wire 73 - http-outgoing-3 << "Content-Length:102[\r][\n]"
12-09-2018 12:36:08 Wire.java DEBUG [Forwarding findElement on session 0fb59d3c372d29b94d8f2df8106983e1 to remote] http.wire 73 - http-outgoing-3 << "Content-Type:application/json; charset=utf-8[\r][\n]"
12-09-2018 12:36:08 Wire.java DEBUG [Forwarding findElement on session 0fb59d3c372d29b94d8f2df8106983e1 to remote] http.wire 73 - http-outgoing-3 << "[\r][\n]"
12-09-2018 12:36:08 Wire.java DEBUG [Forwarding findElement on session 0fb59d3c372d29b94d8f2df8106983e1 to remote] http.wire 87 - http-outgoing-3 << "{"sessionId":"0fb59d3c372d29b94d8f2df8106983e1","status":0,"value":{"ELEMENT":"0.8992521356777354-2"}}"
12-09-2018 12:36:08 LoggingManagedHttpClientConnection.java DEBUG [Forwarding findElement on session 0fb59d3c372d29b94d8f2df8106983e1 to remote] http.headers 122 - http-outgoing-3 << HTTP/1.1 200 OK
12-09-2018 12:36:08 LoggingManagedHttpClientConnection.java DEBUG [Forwarding findElement on session 0fb59d3c372d29b94d8f2df8106983e1 to remote] http.headers 125 - http-outgoing-3 << Content-Length:102
12-09-2018 12:36:08 LoggingManagedHttpClientConnection.java DEBUG [Forwarding findElement on session 0fb59d3c372d29b94d8f2df8106983e1 to remote] http.headers 125 - http-outgoing-3 << Content-Type:application/json; charset=utf-8
12-09-2018 12:36:08 MainClientExec.java DEBUG [Forwarding findElement on session 0fb59d3c372d29b94d8f2df8106983e1 to remote] execchain.MainClientExec 285 - Connection can be kept alive indefinitely
12-09-2018 12:36:08 PoolingHttpClientConnectionManager.java DEBUG [Forwarding findElement on session 0fb59d3c372d29b94d8f2df8106983e1 to remote] conn.PoolingHttpClientConnectionManager 320 - Connection [id: 3][route: {}->http://localhost:13733] can be kept alive indefinitely
12-09-2018 12:36:08 PoolingHttpClientConnectionManager.java DEBUG [Forwarding findElement on session 0fb59d3c372d29b94d8f2df8106983e1 to remote] conn.PoolingHttpClientConnectionManager 326 - Connection released: [id: 3][route: {}->http://localhost:13733][total kept alive: 1; route allocated: 1 of 2000; total allocated: 1 of 2000]
12-09-2018 12:36:08 RequestAddCookies.java DEBUG [Forwarding isElementEnabled on session 0fb59d3c372d29b94d8f2df8106983e1 to remote] protocol.RequestAddCookies 123 - CookieSpec selected: default
12-09-2018 12:36:08 RequestAuthCache.java DEBUG [Forwarding isElementEnabled on session 0fb59d3c372d29b94d8f2df8106983e1 to remote] protocol.RequestAuthCache 77 - Auth cache not set in the context
12-09-2018 12:36:08 PoolingHttpClientConnectionManager.java DEBUG [Forwarding isElementEnabled on session 0fb59d3c372d29b94d8f2df8106983e1 to remote] conn.PoolingHttpClientConnectionManager 255 - Connection request: [route: {}->http://localhost:13733][total kept alive: 1; route allocated: 1 of 2000; total allocated: 1 of 2000]
12-09-2018 12:36:08 PoolingHttpClientConnectionManager.java DEBUG [Forwarding isElementEnabled on session 0fb59d3c372d29b94d8f2df8106983e1 to remote] conn.PoolingHttpClientConnectionManager 288 - Connection leased: [id: 3][route: {}->http://localhost:13733][total kept alive: 0; route allocated: 1 of 2000; total allocated: 1 of 2000]
12-09-2018 12:36:08 MainClientExec.java DEBUG [Forwarding isElementEnabled on session 0fb59d3c372d29b94d8f2df8106983e1 to remote] execchain.MainClientExec 208 - Stale connection check
12-09-2018 12:36:08 Wire.java DEBUG [Forwarding isElementEnabled on session 0fb59d3c372d29b94d8f2df8106983e1 to remote] http.wire 87 - http-outgoing-3 << "[read] I/O error: Read timed out"
12-09-2018 12:36:08 LoggingManagedHttpClientConnection.java DEBUG [Forwarding isElementEnabled on session 0fb59d3c372d29b94d8f2df8106983e1 to remote] conn.DefaultManagedHttpClientConnection 88 - http-outgoing-3: set socket timeout to 10800000
12-09-2018 12:36:08 MainClientExec.java DEBUG [Forwarding isElementEnabled on session 0fb59d3c372d29b94d8f2df8106983e1 to remote] execchain.MainClientExec 256 - Executing request GET /session/0fb59d3c372d29b94d8f2df8106983e1/element/0.8992521356777354-2/enabled HTTP/1.1
12-09-2018 12:36:08 MainClientExec.java DEBUG [Forwarding isElementEnabled on session 0fb59d3c372d29b94d8f2df8106983e1 to remote] execchain.MainClientExec 261 - Target auth state: UNCHALLENGED
12-09-2018 12:36:08 MainClientExec.java DEBUG [Forwarding isElementEnabled on session 0fb59d3c372d29b94d8f2df8106983e1 to remote] execchain.MainClientExec 267 - Proxy auth state: UNCHALLENGED
12-09-2018 12:36:08 LoggingManagedHttpClientConnection.java DEBUG [Forwarding isElementEnabled on session 0fb59d3c372d29b94d8f2df8106983e1 to remote] http.headers 133 - http-outgoing-3 >> GET /session/0fb59d3c372d29b94d8f2df8106983e1/element/0.8992521356777354-2/enabled HTTP/1.1
12-09-2018 12:36:08 LoggingManagedHttpClientConnection.java DEBUG [Forwarding isElementEnabled on session 0fb59d3c372d29b94d8f2df8106983e1 to remote] http.headers 136 - http-outgoing-3 >> Cache-Control: no-cache
12-09-2018 12:36:08 LoggingManagedHttpClientConnection.java DEBUG [Forwarding isElementEnabled on session 0fb59d3c372d29b94d8f2df8106983e1 to remote] http.headers 136 - http-outgoing-3 >> Host: localhost:13733
12-09-2018 12:36:08 LoggingManagedHttpClientConnection.java DEBUG [Forwarding isElementEnabled on session 0fb59d3c372d29b94d8f2df8106983e1 to remote] http.headers 136 - http-outgoing-3 >> Connection: Keep-Alive
12-09-2018 12:36:08 LoggingManagedHttpClientConnection.java DEBUG [Forwarding isElementEnabled on session 0fb59d3c372d29b94d8f2df8106983e1 to remote] http.headers 136 - http-outgoing-3 >> User-Agent: Apache-HttpClient/4.5.3 (Java/1.8.0_181)
12-09-2018 12:36:08 LoggingManagedHttpClientConnection.java DEBUG [Forwarding isElementEnabled on session 0fb59d3c372d29b94d8f2df8106983e1 to remote] http.headers 136 - http-outgoing-3 >> Accept-Encoding: gzip,deflate
12-09-2018 12:36:08 Wire.java DEBUG [Forwarding isElementEnabled on session 0fb59d3c372d29b94d8f2df8106983e1 to remote] http.wire 73 - http-outgoing-3 >> "GET /session/0fb59d3c372d29b94d8f2df8106983e1/element/0.8992521356777354-2/enabled HTTP/1.1[\r][\n]"
12-09-2018 12:36:08 Wire.java DEBUG [Forwarding isElementEnabled on session 0fb59d3c372d29b94d8f2df8106983e1 to remote] http.wire 73 - http-outgoing-3 >> "Cache-Control: no-cache[\r][\n]"
12-09-2018 12:36:08 Wire.java DEBUG [Forwarding isElementEnabled on session 0fb59d3c372d29b94d8f2df8106983e1 to remote] http.wire 73 - http-outgoing-3 >> "Host: localhost:13733[\r][\n]"
12-09-2018 12:36:08 Wire.java DEBUG [Forwarding isElementEnabled on session 0fb59d3c372d29b94d8f2df8106983e1 to remote] http.wire 73 - http-outgoing-3 >> "Connection: Keep-Alive[\r][\n]"
12-09-2018 12:36:08 Wire.java DEBUG [Forwarding isElementEnabled on session 0fb59d3c372d29b94d8f2df8106983e1 to remote] http.wire 73 - http-outgoing-3 >> "User-Agent: Apache-HttpClient/4.5.3 (Java/1.8.0_181)[\r][\n]"
12-09-2018 12:36:08 Wire.java DEBUG [Forwarding isElementEnabled on session 0fb59d3c372d29b94d8f2df8106983e1 to remote] http.wire 73 - http-outgoing-3 >> "Accept-Encoding: gzip,deflate[\r][\n]"
12-09-2018 12:36:08 Wire.java DEBUG [Forwarding isElementEnabled on session 0fb59d3c372d29b94d8f2df8106983e1 to remote] http.wire 73 - http-outgoing-3 >> "[\r][\n]"
12-09-2018 12:36:08 Wire.java DEBUG [Forwarding isElementEnabled on session 0fb59d3c372d29b94d8f2df8106983e1 to remote] http.wire 73 - http-outgoing-3 << "HTTP/1.1 200 OK[\r][\n]"
12-09-2018 12:36:08 Wire.java DEBUG [Forwarding isElementEnabled on session 0fb59d3c372d29b94d8f2df8106983e1 to remote] http.wire 73 - http-outgoing-3 << "Content-Length:72[\r][\n]"
12-09-2018 12:36:08 Wire.java DEBUG [Forwarding isElementEnabled on session 0fb59d3c372d29b94d8f2df8106983e1 to remote] http.wire 73 - http-outgoing-3 << "Content-Type:application/json; charset=utf-8[\r][\n]"
12-09-2018 12:36:08 Wire.java DEBUG [Forwarding isElementEnabled on session 0fb59d3c372d29b94d8f2df8106983e1 to remote] http.wire 73 - http-outgoing-3 << "[\r][\n]"
12-09-2018 12:36:08 Wire.java DEBUG [Forwarding isElementEnabled on session 0fb59d3c372d29b94d8f2df8106983e1 to remote] http.wire 87 - http-outgoing-3 << "{"sessionId":"0fb59d3c372d29b94d8f2df8106983e1","status":0,"value":true}"
12-09-2018 12:36:08 LoggingManagedHttpClientConnection.java DEBUG [Forwarding isElementEnabled on session 0fb59d3c372d29b94d8f2df8106983e1 to remote] http.headers 122 - http-outgoing-3 << HTTP/1.1 200 OK
12-09-2018 12:36:08 LoggingManagedHttpClientConnection.java DEBUG [Forwarding isElementEnabled on session 0fb59d3c372d29b94d8f2df8106983e1 to remote] http.headers 125 - http-outgoing-3 << Content-Length:72
12-09-2018 12:36:08 LoggingManagedHttpClientConnection.java DEBUG [Forwarding isElementEnabled on session 0fb59d3c372d29b94d8f2df8106983e1 to remote] http.headers 125 - http-outgoing-3 << Content-Type:application/json; charset=utf-8
12-09-2018 12:36:08 MainClientExec.java DEBUG [Forwarding isElementEnabled on session 0fb59d3c372d29b94d8f2df8106983e1 to remote] execchain.MainClientExec 285 - Connection can be kept alive indefinitely
12-09-2018 12:36:08 PoolingHttpClientConnectionManager.java DEBUG [Forwarding isElementEnabled on session 0fb59d3c372d29b94d8f2df8106983e1 to remote] conn.PoolingHttpClientConnectionManager 320 - Connection [id: 3][route: {}->http://localhost:13733] can be kept alive indefinitely
12-09-2018 12:36:08 PoolingHttpClientConnectionManager.java DEBUG [Forwarding isElementEnabled on session 0fb59d3c372d29b94d8f2df8106983e1 to remote] conn.PoolingHttpClientConnectionManager 326 - Connection released: [id: 3][route: {}->http://localhost:13733][total kept alive: 1; route allocated: 1 of 2000; total allocated: 1 of 2000]
12-09-2018 12:36:08 RequestAddCookies.java DEBUG [Forwarding findElement on session 0fb59d3c372d29b94d8f2df8106983e1 to remote] protocol.RequestAddCookies 123 - CookieSpec selected: default
12-09-2018 12:36:08 RequestAuthCache.java DEBUG [Forwarding findElement on session 0fb59d3c372d29b94d8f2df8106983e1 to remote] protocol.RequestAuthCache 77 - Auth cache not set in the context
12-09-2018 12:36:08 PoolingHttpClientConnectionManager.java DEBUG [Forwarding findElement on session 0fb59d3c372d29b94d8f2df8106983e1 to remote] conn.PoolingHttpClientConnectionManager 255 - Connection request: [route: {}->http://localhost:13733][total kept alive: 1; route allocated: 1 of 2000; total allocated: 1 of 2000]
12-09-2018 12:36:08 PoolingHttpClientConnectionManager.java DEBUG [Forwarding findElement on session 0fb59d3c372d29b94d8f2df8106983e1 to remote] conn.PoolingHttpClientConnectionManager 288 - Connection leased: [id: 3][route: {}->http://localhost:13733][total kept alive: 0; route allocated: 1 of 2000; total allocated: 1 of 2000]
12-09-2018 12:36:08 MainClientExec.java DEBUG [Forwarding findElement on session 0fb59d3c372d29b94d8f2df8106983e1 to remote] execchain.MainClientExec 208 - Stale connection check
12-09-2018 12:36:08 Wire.java DEBUG [Forwarding findElement on session 0fb59d3c372d29b94d8f2df8106983e1 to remote] http.wire 87 - http-outgoing-3 << "[read] I/O error: Read timed out"
12-09-2018 12:36:08 LoggingManagedHttpClientConnection.java DEBUG [Forwarding findElement on session 0fb59d3c372d29b94d8f2df8106983e1 to remote] conn.DefaultManagedHttpClientConnection 88 - http-outgoing-3: set socket timeout to 10800000
12-09-2018 12:36:08 MainClientExec.java DEBUG [Forwarding findElement on session 0fb59d3c372d29b94d8f2df8106983e1 to remote] execchain.MainClientExec 256 - Executing request POST /session/0fb59d3c372d29b94d8f2df8106983e1/element HTTP/1.1
12-09-2018 12:36:08 MainClientExec.java DEBUG [Forwarding findElement on session 0fb59d3c372d29b94d8f2df8106983e1 to remote] execchain.MainClientExec 261 - Target auth state: UNCHALLENGED
12-09-2018 12:36:08 MainClientExec.java DEBUG [Forwarding findElement on session 0fb59d3c372d29b94d8f2df8106983e1 to remote] execchain.MainClientExec 267 - Proxy auth state: UNCHALLENGED
12-09-2018 12:36:08 LoggingManagedHttpClientConnection.java DEBUG [Forwarding findElement on session 0fb59d3c372d29b94d8f2df8106983e1 to remote] http.headers 133 - http-outgoing-3 >> POST /session/0fb59d3c372d29b94d8f2df8106983e1/element HTTP/1.1
12-09-2018 12:36:08 LoggingManagedHttpClientConnection.java DEBUG [Forwarding findElement on session 0fb59d3c372d29b94d8f2df8106983e1 to remote] http.headers 136 - http-outgoing-3 >> Content-Type: application/json; charset=utf-8
12-09-2018 12:36:08 LoggingManagedHttpClientConnection.java DEBUG [Forwarding findElement on session 0fb59d3c372d29b94d8f2df8106983e1 to remote] http.headers 136 - http-outgoing-3 >> Content-Length: 50
12-09-2018 12:36:08 LoggingManagedHttpClientConnection.java DEBUG [Forwarding findElement on session 0fb59d3c372d29b94d8f2df8106983e1 to remote] http.headers 136 - http-outgoing-3 >> Host: localhost:13733
12-09-2018 12:36:08 LoggingManagedHttpClientConnection.java DEBUG [Forwarding findElement on session 0fb59d3c372d29b94d8f2df8106983e1 to remote] http.headers 136 - http-outgoing-3 >> Connection: Keep-Alive
12-09-2018 12:36:08 LoggingManagedHttpClientConnection.java DEBUG [Forwarding findElement on session 0fb59d3c372d29b94d8f2df8106983e1 to remote] http.headers 136 - http-outgoing-3 >> User-Agent: Apache-HttpClient/4.5.3 (Java/1.8.0_181)
12-09-2018 12:36:08 LoggingManagedHttpClientConnection.java DEBUG [Forwarding findElement on session 0fb59d3c372d29b94d8f2df8106983e1 to remote] http.headers 136 - http-outgoing-3 >> Accept-Encoding: gzip,deflate
12-09-2018 12:36:08 Wire.java DEBUG [Forwarding findElement on session 0fb59d3c372d29b94d8f2df8106983e1 to remote] http.wire 73 - http-outgoing-3 >> "POST /session/0fb59d3c372d29b94d8f2df8106983e1/element HTTP/1.1[\r][\n]"
12-09-2018 12:36:08 Wire.java DEBUG [Forwarding findElement on session 0fb59d3c372d29b94d8f2df8106983e1 to remote] http.wire 73 - http-outgoing-3 >> "Content-Type: application/json; charset=utf-8[\r][\n]"
12-09-2018 12:36:08 Wire.java DEBUG [Forwarding findElement on session 0fb59d3c372d29b94d8f2df8106983e1 to remote] http.wire 73 - http-outgoing-3 >> "Content-Length: 50[\r][\n]"
12-09-2018 12:36:08 Wire.java DEBUG [Forwarding findElement on session 0fb59d3c372d29b94d8f2df8106983e1 to remote] http.wire 73 - http-outgoing-3 >> "Host: localhost:13733[\r][\n]"
12-09-2018 12:36:08 Wire.java DEBUG [Forwarding findElement on session 0fb59d3c372d29b94d8f2df8106983e1 to remote] http.wire 73 - http-outgoing-3 >> "Connection: Keep-Alive[\r][\n]"
12-09-2018 12:36:08 Wire.java DEBUG [Forwarding findElement on session 0fb59d3c372d29b94d8f2df8106983e1 to remote] http.wire 73 - http-outgoing-3 >> "User-Agent: Apache-HttpClient/4.5.3 (Java/1.8.0_181)[\r][\n]"
12-09-2018 12:36:08 Wire.java DEBUG [Forwarding findElement on session 0fb59d3c372d29b94d8f2df8106983e1 to remote] http.wire 73 - http-outgoing-3 >> "Accept-Encoding: gzip,deflate[\r][\n]"
12-09-2018 12:36:08 Wire.java DEBUG [Forwarding findElement on session 0fb59d3c372d29b94d8f2df8106983e1 to remote] http.wire 73 - http-outgoing-3 >> "[\r][\n]"
12-09-2018 12:36:08 Wire.java DEBUG [Forwarding findElement on session 0fb59d3c372d29b94d8f2df8106983e1 to remote] http.wire 87 - http-outgoing-3 >> "{"using":"xpath","value":"//input[@type='email']"}"
12-09-2018 12:36:08 Wire.java DEBUG [Forwarding findElement on session 0fb59d3c372d29b94d8f2df8106983e1 to remote] http.wire 73 - http-outgoing-3 << "HTTP/1.1 200 OK[\r][\n]"
12-09-2018 12:36:08 Wire.java DEBUG [Forwarding findElement on session 0fb59d3c372d29b94d8f2df8106983e1 to remote] http.wire 73 - http-outgoing-3 << "Content-Length:102[\r][\n]"
12-09-2018 12:36:08 Wire.java DEBUG [Forwarding findElement on session 0fb59d3c372d29b94d8f2df8106983e1 to remote] http.wire 73 - http-outgoing-3 << "Content-Type:application/json; charset=utf-8[\r][\n]"
12-09-2018 12:36:08 Wire.java DEBUG [Forwarding findElement on session 0fb59d3c372d29b94d8f2df8106983e1 to remote] http.wire 73 - http-outgoing-3 << "[\r][\n]"
12-09-2018 12:36:08 Wire.java DEBUG [Forwarding findElement on session 0fb59d3c372d29b94d8f2df8106983e1 to remote] http.wire 87 - http-outgoing-3 << "{"sessionId":"0fb59d3c372d29b94d8f2df8106983e1","status":0,"value":{"ELEMENT":"0.8992521356777354-1"}}"
12-09-2018 12:36:08 LoggingManagedHttpClientConnection.java DEBUG [Forwarding findElement on session 0fb59d3c372d29b94d8f2df8106983e1 to remote] http.headers 122 - http-outgoing-3 << HTTP/1.1 200 OK
12-09-2018 12:36:08 LoggingManagedHttpClientConnection.java DEBUG [Forwarding findElement on session 0fb59d3c372d29b94d8f2df8106983e1 to remote] http.headers 125 - http-outgoing-3 << Content-Length:102
12-09-2018 12:36:08 LoggingManagedHttpClientConnection.java DEBUG [Forwarding findElement on session 0fb59d3c372d29b94d8f2df8106983e1 to remote] http.headers 125 - http-outgoing-3 << Content-Type:application/json; charset=utf-8
12-09-2018 12:36:08 MainClientExec.java DEBUG [Forwarding findElement on session 0fb59d3c372d29b94d8f2df8106983e1 to remote] execchain.MainClientExec 285 - Connection can be kept alive indefinitely
12-09-2018 12:36:08 PoolingHttpClientConnectionManager.java DEBUG [Forwarding findElement on session 0fb59d3c372d29b94d8f2df8106983e1 to remote] conn.PoolingHttpClientConnectionManager 320 - Connection [id: 3][route: {}->http://localhost:13733] can be kept alive indefinitely
12-09-2018 12:36:08 PoolingHttpClientConnectionManager.java DEBUG [Forwarding findElement on session 0fb59d3c372d29b94d8f2df8106983e1 to remote] conn.PoolingHttpClientConnectionManager 326 - Connection released: [id: 3][route: {}->http://localhost:13733][total kept alive: 1; route allocated: 1 of 2000; total allocated: 1 of 2000]
12-09-2018 12:36:08 RequestAddCookies.java DEBUG [Forwarding sendKeysToElement on session 0fb59d3c372d29b94d8f2df8106983e1 to remote] protocol.RequestAddCookies 123 - CookieSpec selected: default
12-09-2018 12:36:08 RequestAuthCache.java DEBUG [Forwarding sendKeysToElement on session 0fb59d3c372d29b94d8f2df8106983e1 to remote] protocol.RequestAuthCache 77 - Auth cache not set in the context
12-09-2018 12:36:08 PoolingHttpClientConnectionManager.java DEBUG [Forwarding sendKeysToElement on session 0fb59d3c372d29b94d8f2df8106983e1 to remote] conn.PoolingHttpClientConnectionManager 255 - Connection request: [route: {}->http://localhost:13733][total kept alive: 1; route allocated: 1 of 2000; total allocated: 1 of 2000]
12-09-2018 12:36:08 PoolingHttpClientConnectionManager.java DEBUG [Forwarding sendKeysToElement on session 0fb59d3c372d29b94d8f2df8106983e1 to remote] conn.PoolingHttpClientConnectionManager 288 - Connection leased: [id: 3][route: {}->http://localhost:13733][total kept alive: 0; route allocated: 1 of 2000; total allocated: 1 of 2000]
12-09-2018 12:36:08 MainClientExec.java DEBUG [Forwarding sendKeysToElement on session 0fb59d3c372d29b94d8f2df8106983e1 to remote] execchain.MainClientExec 208 - Stale connection check
12-09-2018 12:36:08 Wire.java DEBUG [Forwarding sendKeysToElement on session 0fb59d3c372d29b94d8f2df8106983e1 to remote] http.wire 87 - http-outgoing-3 << "[read] I/O error: Read timed out"
12-09-2018 12:36:08 LoggingManagedHttpClientConnection.java DEBUG [Forwarding sendKeysToElement on session 0fb59d3c372d29b94d8f2df8106983e1 to remote] conn.DefaultManagedHttpClientConnection 88 - http-outgoing-3: set socket timeout to 10800000
12-09-2018 12:36:08 MainClientExec.java DEBUG [Forwarding sendKeysToElement on session 0fb59d3c372d29b94d8f2df8106983e1 to remote] execchain.MainClientExec 256 - Executing request POST /session/0fb59d3c372d29b94d8f2df8106983e1/element/0.8992521356777354-1/value HTTP/1.1
12-09-2018 12:36:08 MainClientExec.java DEBUG [Forwarding sendKeysToElement on session 0fb59d3c372d29b94d8f2df8106983e1 to remote] execchain.MainClientExec 261 - Target auth state: UNCHALLENGED
12-09-2018 12:36:08 MainClientExec.java DEBUG [Forwarding sendKeysToElement on session 0fb59d3c372d29b94d8f2df8106983e1 to remote] execchain.MainClientExec 267 - Proxy auth state: UNCHALLENGED
12-09-2018 12:36:08 LoggingManagedHttpClientConnection.java DEBUG [Forwarding sendKeysToElement on session 0fb59d3c372d29b94d8f2df8106983e1 to remote] http.headers 133 - http-outgoing-3 >> POST /session/0fb59d3c372d29b94d8f2df8106983e1/element/0.8992521356777354-1/value HTTP/1.1
12-09-2018 12:36:08 LoggingManagedHttpClientConnection.java DEBUG [Forwarding sendKeysToElement on session 0fb59d3c372d29b94d8f2df8106983e1 to remote] http.headers 136 - http-outgoing-3 >> Content-Type: application/json; charset=utf-8
12-09-2018 12:36:08 LoggingManagedHttpClientConnection.java DEBUG [Forwarding sendKeysToElement on session 0fb59d3c372d29b94d8f2df8106983e1 to remote] http.headers 136 - http-outgoing-3 >> Content-Length: 67
12-09-2018 12:36:08 LoggingManagedHttpClientConnection.java DEBUG [Forwarding sendKeysToElement on session 0fb59d3c372d29b94d8f2df8106983e1 to remote] http.headers 136 - http-outgoing-3 >> Host: localhost:13733
12-09-2018 12:36:08 LoggingManagedHttpClientConnection.java DEBUG [Forwarding sendKeysToElement on session 0fb59d3c372d29b94d8f2df8106983e1 to remote] http.headers 136 - http-outgoing-3 >> Connection: Keep-Alive
12-09-2018 12:36:08 LoggingManagedHttpClientConnection.java DEBUG [Forwarding sendKeysToElement on session 0fb59d3c372d29b94d8f2df8106983e1 to remote] http.headers 136 - http-outgoing-3 >> User-Agent: Apache-HttpClient/4.5.3 (Java/1.8.0_181)
12-09-2018 12:36:08 LoggingManagedHttpClientConnection.java DEBUG [Forwarding sendKeysToElement on session 0fb59d3c372d29b94d8f2df8106983e1 to remote] http.headers 136 - http-outgoing-3 >> Accept-Encoding: gzip,deflate
12-09-2018 12:36:08 Wire.java DEBUG [Forwarding sendKeysToElement on session 0fb59d3c372d29b94d8f2df8106983e1 to remote] http.wire 73 - http-outgoing-3 >> "POST /session/0fb59d3c372d29b94d8f2df8106983e1/element/0.8992521356777354-1/value HTTP/1.1[\r][\n]"
12-09-2018 12:36:08 Wire.java DEBUG [Forwarding sendKeysToElement on session 0fb59d3c372d29b94d8f2df8106983e1 to remote] http.wire 73 - http-outgoing-3 >> "Content-Type: application/json; charset=utf-8[\r][\n]"
12-09-2018 12:36:08 Wire.java DEBUG [Forwarding sendKeysToElement on session 0fb59d3c372d29b94d8f2df8106983e1 to remote] http.wire 73 - http-outgoing-3 >> "Content-Length: 67[\r][\n]"
12-09-2018 12:36:08 Wire.java DEBUG [Forwarding sendKeysToElement on session 0fb59d3c372d29b94d8f2df8106983e1 to remote] http.wire 73 - http-outgoing-3 >> "Host: localhost:13733[\r][\n]"
12-09-2018 12:36:08 Wire.java DEBUG [Forwarding sendKeysToElement on session 0fb59d3c372d29b94d8f2df8106983e1 to remote] http.wire 73 - http-outgoing-3 >> "Connection: Keep-Alive[\r][\n]"
12-09-2018 12:36:08 Wire.java DEBUG [Forwarding sendKeysToElement on session 0fb59d3c372d29b94d8f2df8106983e1 to remote] http.wire 73 - http-outgoing-3 >> "User-Agent: Apache-HttpClient/4.5.3 (Java/1.8.0_181)[\r][\n]"
12-09-2018 12:36:08 Wire.java DEBUG [Forwarding sendKeysToElement on session 0fb59d3c372d29b94d8f2df8106983e1 to remote] http.wire 73 - http-outgoing-3 >> "Accept-Encoding: gzip,deflate[\r][\n]"
12-09-2018 12:36:08 Wire.java DEBUG [Forwarding sendKeysToElement on session 0fb59d3c372d29b94d8f2df8106983e1 to remote] http.wire 73 - http-outgoing-3 >> "[\r][\n]"
12-09-2018 12:36:08 Wire.java DEBUG [Forwarding sendKeysToElement on session 0fb59d3c372d29b94d8f2df8106983e1 to remote] http.wire 87 - http-outgoing-3 >> "{"id":"0.8992521356777354-1","value":["automationmail6@gmail.com"]}"
12-09-2018 12:36:08 Wire.java DEBUG [Forwarding sendKeysToElement on session 0fb59d3c372d29b94d8f2df8106983e1 to remote] http.wire 73 - http-outgoing-3 << "HTTP/1.1 200 OK[\r][\n]"
12-09-2018 12:36:08 Wire.java DEBUG [Forwarding sendKeysToElement on session 0fb59d3c372d29b94d8f2df8106983e1 to remote] http.wire 73 - http-outgoing-3 << "Content-Length:72[\r][\n]"
12-09-2018 12:36:08 Wire.java DEBUG [Forwarding sendKeysToElement on session 0fb59d3c372d29b94d8f2df8106983e1 to remote] http.wire 73 - http-outgoing-3 << "Content-Type:application/json; charset=utf-8[\r][\n]"
12-09-2018 12:36:08 Wire.java DEBUG [Forwarding sendKeysToElement on session 0fb59d3c372d29b94d8f2df8106983e1 to remote] http.wire 73 - http-outgoing-3 << "[\r][\n]"
12-09-2018 12:36:08 Wire.java DEBUG [Forwarding sendKeysToElement on session 0fb59d3c372d29b94d8f2df8106983e1 to remote] http.wire 87 - http-outgoing-3 << "{"sessionId":"0fb59d3c372d29b94d8f2df8106983e1","status":0,"value":null}"
12-09-2018 12:36:08 LoggingManagedHttpClientConnection.java DEBUG [Forwarding sendKeysToElement on session 0fb59d3c372d29b94d8f2df8106983e1 to remote] http.headers 122 - http-outgoing-3 << HTTP/1.1 200 OK
12-09-2018 12:36:08 LoggingManagedHttpClientConnection.java DEBUG [Forwarding sendKeysToElement on session 0fb59d3c372d29b94d8f2df8106983e1 to remote] http.headers 125 - http-outgoing-3 << Content-Length:72
12-09-2018 12:36:08 LoggingManagedHttpClientConnection.java DEBUG [Forwarding sendKeysToElement on session 0fb59d3c372d29b94d8f2df8106983e1 to remote] http.headers 125 - http-outgoing-3 << Content-Type:application/json; charset=utf-8
12-09-2018 12:36:08 MainClientExec.java DEBUG [Forwarding sendKeysToElement on session 0fb59d3c372d29b94d8f2df8106983e1 to remote] execchain.MainClientExec 285 - Connection can be kept alive indefinitely
12-09-2018 12:36:08 PoolingHttpClientConnectionManager.java DEBUG [Forwarding sendKeysToElement on session 0fb59d3c372d29b94d8f2df8106983e1 to remote] conn.PoolingHttpClientConnectionManager 320 - Connection [id: 3][route: {}->http://localhost:13733] can be kept alive indefinitely
12-09-2018 12:36:08 PoolingHttpClientConnectionManager.java DEBUG [Forwarding sendKeysToElement on session 0fb59d3c372d29b94d8f2df8106983e1 to remote] conn.PoolingHttpClientConnectionManager 326 - Connection released: [id: 3][route: {}->http://localhost:13733][total kept alive: 1; route allocated: 1 of 2000; total allocated: 1 of 2000]
12-09-2018 12:36:08 RequestAddCookies.java DEBUG [Forwarding findElement on session 0fb59d3c372d29b94d8f2df8106983e1 to remote] protocol.RequestAddCookies 123 - CookieSpec selected: default
12-09-2018 12:36:08 RequestAuthCache.java DEBUG [Forwarding findElement on session 0fb59d3c372d29b94d8f2df8106983e1 to remote] protocol.RequestAuthCache 77 - Auth cache not set in the context
12-09-2018 12:36:08 PoolingHttpClientConnectionManager.java DEBUG [Forwarding findElement on session 0fb59d3c372d29b94d8f2df8106983e1 to remote] conn.PoolingHttpClientConnectionManager 255 - Connection request: [route: {}->http://localhost:13733][total kept alive: 1; route allocated: 1 of 2000; total allocated: 1 of 2000]
12-09-2018 12:36:08 PoolingHttpClientConnectionManager.java DEBUG [Forwarding findElement on session 0fb59d3c372d29b94d8f2df8106983e1 to remote] conn.PoolingHttpClientConnectionManager 288 - Connection leased: [id: 3][route: {}->http://localhost:13733][total kept alive: 0; route allocated: 1 of 2000; total allocated: 1 of 2000]
12-09-2018 12:36:08 MainClientExec.java DEBUG [Forwarding findElement on session 0fb59d3c372d29b94d8f2df8106983e1 to remote] execchain.MainClientExec 208 - Stale connection check
12-09-2018 12:36:08 Wire.java DEBUG [Forwarding findElement on session 0fb59d3c372d29b94d8f2df8106983e1 to remote] http.wire 87 - http-outgoing-3 << "[read] I/O error: Read timed out"
12-09-2018 12:36:08 LoggingManagedHttpClientConnection.java DEBUG [Forwarding findElement on session 0fb59d3c372d29b94d8f2df8106983e1 to remote] conn.DefaultManagedHttpClientConnection 88 - http-outgoing-3: set socket timeout to 10800000
12-09-2018 12:36:08 MainClientExec.java DEBUG [Forwarding findElement on session 0fb59d3c372d29b94d8f2df8106983e1 to remote] execchain.MainClientExec 256 - Executing request POST /session/0fb59d3c372d29b94d8f2df8106983e1/element HTTP/1.1
12-09-2018 12:36:08 MainClientExec.java DEBUG [Forwarding findElement on session 0fb59d3c372d29b94d8f2df8106983e1 to remote] execchain.MainClientExec 261 - Target auth state: UNCHALLENGED
12-09-2018 12:36:08 MainClientExec.java DEBUG [Forwarding findElement on session 0fb59d3c372d29b94d8f2df8106983e1 to remote] execchain.MainClientExec 267 - Proxy auth state: UNCHALLENGED
12-09-2018 12:36:08 LoggingManagedHttpClientConnection.java DEBUG [Forwarding findElement on session 0fb59d3c372d29b94d8f2df8106983e1 to remote] http.headers 133 - http-outgoing-3 >> POST /session/0fb59d3c372d29b94d8f2df8106983e1/element HTTP/1.1
12-09-2018 12:36:08 LoggingManagedHttpClientConnection.java DEBUG [Forwarding findElement on session 0fb59d3c372d29b94d8f2df8106983e1 to remote] http.headers 136 - http-outgoing-3 >> Content-Type: application/json; charset=utf-8
12-09-2018 12:36:08 LoggingManagedHttpClientConnection.java DEBUG [Forwarding findElement on session 0fb59d3c372d29b94d8f2df8106983e1 to remote] http.headers 136 - http-outgoing-3 >> Content-Length: 58
12-09-2018 12:36:08 LoggingManagedHttpClientConnection.java DEBUG [Forwarding findElement on session 0fb59d3c372d29b94d8f2df8106983e1 to remote] http.headers 136 - http-outgoing-3 >> Host: localhost:13733
12-09-2018 12:36:08 LoggingManagedHttpClientConnection.java DEBUG [Forwarding findElement on session 0fb59d3c372d29b94d8f2df8106983e1 to remote] http.headers 136 - http-outgoing-3 >> Connection: Keep-Alive
12-09-2018 12:36:08 LoggingManagedHttpClientConnection.java DEBUG [Forwarding findElement on session 0fb59d3c372d29b94d8f2df8106983e1 to remote] http.headers 136 - http-outgoing-3 >> User-Agent: Apache-HttpClient/4.5.3 (Java/1.8.0_181)
12-09-2018 12:36:08 LoggingManagedHttpClientConnection.java DEBUG [Forwarding findElement on session 0fb59d3c372d29b94d8f2df8106983e1 to remote] http.headers 136 - http-outgoing-3 >> Accept-Encoding: gzip,deflate
12-09-2018 12:36:08 Wire.java DEBUG [Forwarding findElement on session 0fb59d3c372d29b94d8f2df8106983e1 to remote] http.wire 73 - http-outgoing-3 >> "POST /session/0fb59d3c372d29b94d8f2df8106983e1/element HTTP/1.1[\r][\n]"
12-09-2018 12:36:08 Wire.java DEBUG [Forwarding findElement on session 0fb59d3c372d29b94d8f2df8106983e1 to remote] http.wire 73 - http-outgoing-3 >> "Content-Type: application/json; charset=utf-8[\r][\n]"
12-09-2018 12:36:08 Wire.java DEBUG [Forwarding findElement on session 0fb59d3c372d29b94d8f2df8106983e1 to remote] http.wire 73 - http-outgoing-3 >> "Content-Length: 58[\r][\n]"
12-09-2018 12:36:08 Wire.java DEBUG [Forwarding findElement on session 0fb59d3c372d29b94d8f2df8106983e1 to remote] http.wire 73 - http-outgoing-3 >> "Host: localhost:13733[\r][\n]"
12-09-2018 12:36:08 Wire.java DEBUG [Forwarding findElement on session 0fb59d3c372d29b94d8f2df8106983e1 to remote] http.wire 73 - http-outgoing-3 >> "Connection: Keep-Alive[\r][\n]"
12-09-2018 12:36:08 Wire.java DEBUG [Forwarding findElement on session 0fb59d3c372d29b94d8f2df8106983e1 to remote] http.wire 73 - http-outgoing-3 >> "User-Agent: Apache-HttpClient/4.5.3 (Java/1.8.0_181)[\r][\n]"
12-09-2018 12:36:08 Wire.java DEBUG [Forwarding findElement on session 0fb59d3c372d29b94d8f2df8106983e1 to remote] http.wire 73 - http-outgoing-3 >> "Accept-Encoding: gzip,deflate[\r][\n]"
12-09-2018 12:36:08 Wire.java DEBUG [Forwarding findElement on session 0fb59d3c372d29b94d8f2df8106983e1 to remote] http.wire 73 - http-outgoing-3 >> "[\r][\n]"
12-09-2018 12:36:08 Wire.java DEBUG [Forwarding findElement on session 0fb59d3c372d29b94d8f2df8106983e1 to remote] http.wire 87 - http-outgoing-3 >> "{"using":"xpath","value":"//span[@class='RveJvd snByac']"}"
12-09-2018 12:36:08 Wire.java DEBUG [Forwarding findElement on session 0fb59d3c372d29b94d8f2df8106983e1 to remote] http.wire 73 - http-outgoing-3 << "HTTP/1.1 200 OK[\r][\n]"
12-09-2018 12:36:08 Wire.java DEBUG [Forwarding findElement on session 0fb59d3c372d29b94d8f2df8106983e1 to remote] http.wire 73 - http-outgoing-3 << "Content-Length:102[\r][\n]"
12-09-2018 12:36:08 Wire.java DEBUG [Forwarding findElement on session 0fb59d3c372d29b94d8f2df8106983e1 to remote] http.wire 73 - http-outgoing-3 << "Content-Type:application/json; charset=utf-8[\r][\n]"
12-09-2018 12:36:08 Wire.java DEBUG [Forwarding findElement on session 0fb59d3c372d29b94d8f2df8106983e1 to remote] http.wire 73 - http-outgoing-3 << "[\r][\n]"
12-09-2018 12:36:08 Wire.java DEBUG [Forwarding findElement on session 0fb59d3c372d29b94d8f2df8106983e1 to remote] http.wire 87 - http-outgoing-3 << "{"sessionId":"0fb59d3c372d29b94d8f2df8106983e1","status":0,"value":{"ELEMENT":"0.8992521356777354-2"}}"
12-09-2018 12:36:08 LoggingManagedHttpClientConnection.java DEBUG [Forwarding findElement on session 0fb59d3c372d29b94d8f2df8106983e1 to remote] http.headers 122 - http-outgoing-3 << HTTP/1.1 200 OK
12-09-2018 12:36:08 LoggingManagedHttpClientConnection.java DEBUG [Forwarding findElement on session 0fb59d3c372d29b94d8f2df8106983e1 to remote] http.headers 125 - http-outgoing-3 << Content-Length:102
12-09-2018 12:36:08 LoggingManagedHttpClientConnection.java DEBUG [Forwarding findElement on session 0fb59d3c372d29b94d8f2df8106983e1 to remote] http.headers 125 - http-outgoing-3 << Content-Type:application/json; charset=utf-8
12-09-2018 12:36:08 MainClientExec.java DEBUG [Forwarding findElement on session 0fb59d3c372d29b94d8f2df8106983e1 to remote] execchain.MainClientExec 285 - Connection can be kept alive indefinitely
12-09-2018 12:36:08 PoolingHttpClientConnectionManager.java DEBUG [Forwarding findElement on session 0fb59d3c372d29b94d8f2df8106983e1 to remote] conn.PoolingHttpClientConnectionManager 320 - Connection [id: 3][route: {}->http://localhost:13733] can be kept alive indefinitely
12-09-2018 12:36:08 PoolingHttpClientConnectionManager.java DEBUG [Forwarding findElement on session 0fb59d3c372d29b94d8f2df8106983e1 to remote] conn.PoolingHttpClientConnectionManager 326 - Connection released: [id: 3][route: {}->http://localhost:13733][total kept alive: 1; route allocated: 1 of 2000; total allocated: 1 of 2000]
12-09-2018 12:36:08 RequestAddCookies.java DEBUG [Forwarding clickElement on session 0fb59d3c372d29b94d8f2df8106983e1 to remote] protocol.RequestAddCookies 123 - CookieSpec selected: default
12-09-2018 12:36:08 RequestAuthCache.java DEBUG [Forwarding clickElement on session 0fb59d3c372d29b94d8f2df8106983e1 to remote] protocol.RequestAuthCache 77 - Auth cache not set in the context
12-09-2018 12:36:08 PoolingHttpClientConnectionManager.java DEBUG [Forwarding clickElement on session 0fb59d3c372d29b94d8f2df8106983e1 to remote] conn.PoolingHttpClientConnectionManager 255 - Connection request: [route: {}->http://localhost:13733][total kept alive: 1; route allocated: 1 of 2000; total allocated: 1 of 2000]
12-09-2018 12:36:08 PoolingHttpClientConnectionManager.java DEBUG [Forwarding clickElement on session 0fb59d3c372d29b94d8f2df8106983e1 to remote] conn.PoolingHttpClientConnectionManager 288 - Connection leased: [id: 3][route: {}->http://localhost:13733][total kept alive: 0; route allocated: 1 of 2000; total allocated: 1 of 2000]
12-09-2018 12:36:08 MainClientExec.java DEBUG [Forwarding clickElement on session 0fb59d3c372d29b94d8f2df8106983e1 to remote] execchain.MainClientExec 208 - Stale connection check
12-09-2018 12:36:08 Wire.java DEBUG [Forwarding clickElement on session 0fb59d3c372d29b94d8f2df8106983e1 to remote] http.wire 87 - http-outgoing-3 << "[read] I/O error: Read timed out"
12-09-2018 12:36:08 LoggingManagedHttpClientConnection.java DEBUG [Forwarding clickElement on session 0fb59d3c372d29b94d8f2df8106983e1 to remote] conn.DefaultManagedHttpClientConnection 88 - http-outgoing-3: set socket timeout to 10800000
12-09-2018 12:36:08 MainClientExec.java DEBUG [Forwarding clickElement on session 0fb59d3c372d29b94d8f2df8106983e1 to remote] execchain.MainClientExec 256 - Executing request POST /session/0fb59d3c372d29b94d8f2df8106983e1/element/0.8992521356777354-2/click HTTP/1.1
12-09-2018 12:36:08 MainClientExec.java DEBUG [Forwarding clickElement on session 0fb59d3c372d29b94d8f2df8106983e1 to remote] execchain.MainClientExec 261 - Target auth state: UNCHALLENGED
12-09-2018 12:36:08 MainClientExec.java DEBUG [Forwarding clickElement on session 0fb59d3c372d29b94d8f2df8106983e1 to remote] execchain.MainClientExec 267 - Proxy auth state: UNCHALLENGED
12-09-2018 12:36:08 LoggingManagedHttpClientConnection.java DEBUG [Forwarding clickElement on session 0fb59d3c372d29b94d8f2df8106983e1 to remote] http.headers 133 - http-outgoing-3 >> POST /session/0fb59d3c372d29b94d8f2df8106983e1/element/0.8992521356777354-2/click HTTP/1.1
12-09-2018 12:36:08 LoggingManagedHttpClientConnection.java DEBUG [Forwarding clickElement on session 0fb59d3c372d29b94d8f2df8106983e1 to remote] http.headers 136 - http-outgoing-3 >> Content-Type: application/json; charset=utf-8
12-09-2018 12:36:08 LoggingManagedHttpClientConnection.java DEBUG [Forwarding clickElement on session 0fb59d3c372d29b94d8f2df8106983e1 to remote] http.headers 136 - http-outgoing-3 >> Content-Length: 29
12-09-2018 12:36:08 LoggingManagedHttpClientConnection.java DEBUG [Forwarding clickElement on session 0fb59d3c372d29b94d8f2df8106983e1 to remote] http.headers 136 - http-outgoing-3 >> Host: localhost:13733
12-09-2018 12:36:08 LoggingManagedHttpClientConnection.java DEBUG [Forwarding clickElement on session 0fb59d3c372d29b94d8f2df8106983e1 to remote] http.headers 136 - http-outgoing-3 >> Connection: Keep-Alive
12-09-2018 12:36:08 LoggingManagedHttpClientConnection.java DEBUG [Forwarding clickElement on session 0fb59d3c372d29b94d8f2df8106983e1 to remote] http.headers 136 - http-outgoing-3 >> User-Agent: Apache-HttpClient/4.5.3 (Java/1.8.0_181)
12-09-2018 12:36:08 LoggingManagedHttpClientConnection.java DEBUG [Forwarding clickElement on session 0fb59d3c372d29b94d8f2df8106983e1 to remote] http.headers 136 - http-outgoing-3 >> Accept-Encoding: gzip,deflate
12-09-2018 12:36:08 Wire.java DEBUG [Forwarding clickElement on session 0fb59d3c372d29b94d8f2df8106983e1 to remote] http.wire 73 - http-outgoing-3 >> "POST /session/0fb59d3c372d29b94d8f2df8106983e1/element/0.8992521356777354-2/click HTTP/1.1[\r][\n]"
12-09-2018 12:36:08 Wire.java DEBUG [Forwarding clickElement on session 0fb59d3c372d29b94d8f2df8106983e1 to remote] http.wire 73 - http-outgoing-3 >> "Content-Type: application/json; charset=utf-8[\r][\n]"
12-09-2018 12:36:08 Wire.java DEBUG [Forwarding clickElement on session 0fb59d3c372d29b94d8f2df8106983e1 to remote] http.wire 73 - http-outgoing-3 >> "Content-Length: 29[\r][\n]"
12-09-2018 12:36:08 Wire.java DEBUG [Forwarding clickElement on session 0fb59d3c372d29b94d8f2df8106983e1 to remote] http.wire 73 - http-outgoing-3 >> "Host: localhost:13733[\r][\n]"
12-09-2018 12:36:08 Wire.java DEBUG [Forwarding clickElement on session 0fb59d3c372d29b94d8f2df8106983e1 to remote] http.wire 73 - http-outgoing-3 >> "Connection: Keep-Alive[\r][\n]"
12-09-2018 12:36:08 Wire.java DEBUG [Forwarding clickElement on session 0fb59d3c372d29b94d8f2df8106983e1 to remote] http.wire 73 - http-outgoing-3 >> "User-Agent: Apache-HttpClient/4.5.3 (Java/1.8.0_181)[\r][\n]"
12-09-2018 12:36:08 Wire.java DEBUG [Forwarding clickElement on session 0fb59d3c372d29b94d8f2df8106983e1 to remote] http.wire 73 - http-outgoing-3 >> "Accept-Encoding: gzip,deflate[\r][\n]"
12-09-2018 12:36:08 Wire.java DEBUG [Forwarding clickElement on session 0fb59d3c372d29b94d8f2df8106983e1 to remote] http.wire 73 - http-outgoing-3 >> "[\r][\n]"
12-09-2018 12:36:08 Wire.java DEBUG [Forwarding clickElement on session 0fb59d3c372d29b94d8f2df8106983e1 to remote] http.wire 87 - http-outgoing-3 >> "{"id":"0.8992521356777354-2"}"
12-09-2018 12:36:09 Wire.java DEBUG [Forwarding clickElement on session 0fb59d3c372d29b94d8f2df8106983e1 to remote] http.wire 73 - http-outgoing-3 << "HTTP/1.1 200 OK[\r][\n]"
12-09-2018 12:36:09 Wire.java DEBUG [Forwarding clickElement on session 0fb59d3c372d29b94d8f2df8106983e1 to remote] http.wire 73 - http-outgoing-3 << "Content-Length:72[\r][\n]"
12-09-2018 12:36:09 Wire.java DEBUG [Forwarding clickElement on session 0fb59d3c372d29b94d8f2df8106983e1 to remote] http.wire 73 - http-outgoing-3 << "Content-Type:application/json; charset=utf-8[\r][\n]"
12-09-2018 12:36:09 Wire.java DEBUG [Forwarding clickElement on session 0fb59d3c372d29b94d8f2df8106983e1 to remote] http.wire 73 - http-outgoing-3 << "[\r][\n]"
12-09-2018 12:36:09 Wire.java DEBUG [Forwarding clickElement on session 0fb59d3c372d29b94d8f2df8106983e1 to remote] http.wire 87 - http-outgoing-3 << "{"sessionId":"0fb59d3c372d29b94d8f2df8106983e1","status":0,"value":null}"
12-09-2018 12:36:09 LoggingManagedHttpClientConnection.java DEBUG [Forwarding clickElement on session 0fb59d3c372d29b94d8f2df8106983e1 to remote] http.headers 122 - http-outgoing-3 << HTTP/1.1 200 OK
12-09-2018 12:36:09 LoggingManagedHttpClientConnection.java DEBUG [Forwarding clickElement on session 0fb59d3c372d29b94d8f2df8106983e1 to remote] http.headers 125 - http-outgoing-3 << Content-Length:72
12-09-2018 12:36:09 LoggingManagedHttpClientConnection.java DEBUG [Forwarding clickElement on session 0fb59d3c372d29b94d8f2df8106983e1 to remote] http.headers 125 - http-outgoing-3 << Content-Type:application/json; charset=utf-8
12-09-2018 12:36:09 MainClientExec.java DEBUG [Forwarding clickElement on session 0fb59d3c372d29b94d8f2df8106983e1 to remote] execchain.MainClientExec 285 - Connection can be kept alive indefinitely
12-09-2018 12:36:09 PoolingHttpClientConnectionManager.java DEBUG [Forwarding clickElement on session 0fb59d3c372d29b94d8f2df8106983e1 to remote] conn.PoolingHttpClientConnectionManager 320 - Connection [id: 3][route: {}->http://localhost:13733] can be kept alive indefinitely
12-09-2018 12:36:09 PoolingHttpClientConnectionManager.java DEBUG [Forwarding clickElement on session 0fb59d3c372d29b94d8f2df8106983e1 to remote] conn.PoolingHttpClientConnectionManager 326 - Connection released: [id: 3][route: {}->http://localhost:13733][total kept alive: 1; route allocated: 1 of 2000; total allocated: 1 of 2000]
12-09-2018 12:36:09 RequestAddCookies.java DEBUG [Forwarding findElements on session 0fb59d3c372d29b94d8f2df8106983e1 to remote] protocol.RequestAddCookies 123 - CookieSpec selected: default
12-09-2018 12:36:09 RequestAuthCache.java DEBUG [Forwarding findElements on session 0fb59d3c372d29b94d8f2df8106983e1 to remote] protocol.RequestAuthCache 77 - Auth cache not set in the context
12-09-2018 12:36:09 PoolingHttpClientConnectionManager.java DEBUG [Forwarding findElements on session 0fb59d3c372d29b94d8f2df8106983e1 to remote] conn.PoolingHttpClientConnectionManager 255 - Connection request: [route: {}->http://localhost:13733][total kept alive: 1; route allocated: 1 of 2000; total allocated: 1 of 2000]
12-09-2018 12:36:09 PoolingHttpClientConnectionManager.java DEBUG [Forwarding findElements on session 0fb59d3c372d29b94d8f2df8106983e1 to remote] conn.PoolingHttpClientConnectionManager 288 - Connection leased: [id: 3][route: {}->http://localhost:13733][total kept alive: 0; route allocated: 1 of 2000; total allocated: 1 of 2000]
12-09-2018 12:36:09 MainClientExec.java DEBUG [Forwarding findElements on session 0fb59d3c372d29b94d8f2df8106983e1 to remote] execchain.MainClientExec 208 - Stale connection check
12-09-2018 12:36:09 Wire.java DEBUG [Forwarding findElements on session 0fb59d3c372d29b94d8f2df8106983e1 to remote] http.wire 87 - http-outgoing-3 << "[read] I/O error: Read timed out"
12-09-2018 12:36:09 LoggingManagedHttpClientConnection.java DEBUG [Forwarding findElements on session 0fb59d3c372d29b94d8f2df8106983e1 to remote] conn.DefaultManagedHttpClientConnection 88 - http-outgoing-3: set socket timeout to 10800000
12-09-2018 12:36:09 MainClientExec.java DEBUG [Forwarding findElements on session 0fb59d3c372d29b94d8f2df8106983e1 to remote] execchain.MainClientExec 256 - Executing request POST /session/0fb59d3c372d29b94d8f2df8106983e1/elements HTTP/1.1
12-09-2018 12:36:09 MainClientExec.java DEBUG [Forwarding findElements on session 0fb59d3c372d29b94d8f2df8106983e1 to remote] execchain.MainClientExec 261 - Target auth state: UNCHALLENGED
12-09-2018 12:36:09 MainClientExec.java DEBUG [Forwarding findElements on session 0fb59d3c372d29b94d8f2df8106983e1 to remote] execchain.MainClientExec 267 - Proxy auth state: UNCHALLENGED
12-09-2018 12:36:09 LoggingManagedHttpClientConnection.java DEBUG [Forwarding findElements on session 0fb59d3c372d29b94d8f2df8106983e1 to remote] http.headers 133 - http-outgoing-3 >> POST /session/0fb59d3c372d29b94d8f2df8106983e1/elements HTTP/1.1
12-09-2018 12:36:09 LoggingManagedHttpClientConnection.java DEBUG [Forwarding findElements on session 0fb59d3c372d29b94d8f2df8106983e1 to remote] http.headers 136 - http-outgoing-3 >> Content-Type: application/json; charset=utf-8
12-09-2018 12:36:09 LoggingManagedHttpClientConnection.java DEBUG [Forwarding findElements on session 0fb59d3c372d29b94d8f2df8106983e1 to remote] http.headers 136 - http-outgoing-3 >> Content-Length: 50
12-09-2018 12:36:09 LoggingManagedHttpClientConnection.java DEBUG [Forwarding findElements on session 0fb59d3c372d29b94d8f2df8106983e1 to remote] http.headers 136 - http-outgoing-3 >> Host: localhost:13733
12-09-2018 12:36:09 LoggingManagedHttpClientConnection.java DEBUG [Forwarding findElements on session 0fb59d3c372d29b94d8f2df8106983e1 to remote] http.headers 136 - http-outgoing-3 >> Connection: Keep-Alive
12-09-2018 12:36:09 LoggingManagedHttpClientConnection.java DEBUG [Forwarding findElements on session 0fb59d3c372d29b94d8f2df8106983e1 to remote] http.headers 136 - http-outgoing-3 >> User-Agent: Apache-HttpClient/4.5.3 (Java/1.8.0_181)
12-09-2018 12:36:09 LoggingManagedHttpClientConnection.java DEBUG [Forwarding findElements on session 0fb59d3c372d29b94d8f2df8106983e1 to remote] http.headers 136 - http-outgoing-3 >> Accept-Encoding: gzip,deflate
12-09-2018 12:36:09 Wire.java DEBUG [Forwarding findElements on session 0fb59d3c372d29b94d8f2df8106983e1 to remote] http.wire 73 - http-outgoing-3 >> "POST /session/0fb59d3c372d29b94d8f2df8106983e1/elements HTTP/1.1[\r][\n]"
12-09-2018 12:36:09 Wire.java DEBUG [Forwarding findElements on session 0fb59d3c372d29b94d8f2df8106983e1 to remote] http.wire 73 - http-outgoing-3 >> "Content-Type: application/json; charset=utf-8[\r][\n]"
12-09-2018 12:36:09 Wire.java DEBUG [Forwarding findElements on session 0fb59d3c372d29b94d8f2df8106983e1 to remote] http.wire 73 - http-outgoing-3 >> "Content-Length: 50[\r][\n]"
12-09-2018 12:36:09 Wire.java DEBUG [Forwarding findElements on session 0fb59d3c372d29b94d8f2df8106983e1 to remote] http.wire 73 - http-outgoing-3 >> "Host: localhost:13733[\r][\n]"
12-09-2018 12:36:09 Wire.java DEBUG [Forwarding findElements on session 0fb59d3c372d29b94d8f2df8106983e1 to remote] http.wire 73 - http-outgoing-3 >> "Connection: Keep-Alive[\r][\n]"
12-09-2018 12:36:09 Wire.java DEBUG [Forwarding findElements on session 0fb59d3c372d29b94d8f2df8106983e1 to remote] http.wire 73 - http-outgoing-3 >> "User-Agent: Apache-HttpClient/4.5.3 (Java/1.8.0_181)[\r][\n]"
12-09-2018 12:36:09 Wire.java DEBUG [Forwarding findElements on session 0fb59d3c372d29b94d8f2df8106983e1 to remote] http.wire 73 - http-outgoing-3 >> "Accept-Encoding: gzip,deflate[\r][\n]"
12-09-2018 12:36:09 Wire.java DEBUG [Forwarding findElements on session 0fb59d3c372d29b94d8f2df8106983e1 to remote] http.wire 73 - http-outgoing-3 >> "[\r][\n]"
12-09-2018 12:36:09 Wire.java DEBUG [Forwarding findElements on session 0fb59d3c372d29b94d8f2df8106983e1 to remote] http.wire 87 - http-outgoing-3 >> "{"using":"xpath","value":"//div[@jsname='B34EJ']"}"
12-09-2018 12:36:09 Wire.java DEBUG [Forwarding findElements on session 0fb59d3c372d29b94d8f2df8106983e1 to remote] http.wire 73 - http-outgoing-3 << "HTTP/1.1 200 OK[\r][\n]"
12-09-2018 12:36:09 Wire.java DEBUG [Forwarding findElements on session 0fb59d3c372d29b94d8f2df8106983e1 to remote] http.wire 73 - http-outgoing-3 << "Content-Length:139[\r][\n]"
12-09-2018 12:36:09 Wire.java DEBUG [Forwarding findElements on session 0fb59d3c372d29b94d8f2df8106983e1 to remote] http.wire 73 - http-outgoing-3 << "Content-Type:application/json; charset=utf-8[\r][\n]"
12-09-2018 12:36:09 Wire.java DEBUG [Forwarding findElements on session 0fb59d3c372d29b94d8f2df8106983e1 to remote] http.wire 73 - http-outgoing-3 << "[\r][\n]"
12-09-2018 12:36:09 Wire.java DEBUG [Forwarding findElements on session 0fb59d3c372d29b94d8f2df8106983e1 to remote] http.wire 87 - http-outgoing-3 << "{"sessionId":"0fb59d3c372d29b94d8f2df8106983e1","status":0,"value":[{"ELEMENT":"0.8992521356777354-3"},{"ELEMENT":"0.8992521356777354-4"}]}"
12-09-2018 12:36:09 LoggingManagedHttpClientConnection.java DEBUG [Forwarding findElements on session 0fb59d3c372d29b94d8f2df8106983e1 to remote] http.headers 122 - http-outgoing-3 << HTTP/1.1 200 OK
12-09-2018 12:36:09 LoggingManagedHttpClientConnection.java DEBUG [Forwarding findElements on session 0fb59d3c372d29b94d8f2df8106983e1 to remote] http.headers 125 - http-outgoing-3 << Content-Length:139
12-09-2018 12:36:09 LoggingManagedHttpClientConnection.java DEBUG [Forwarding findElements on session 0fb59d3c372d29b94d8f2df8106983e1 to remote] http.headers 125 - http-outgoing-3 << Content-Type:application/json; charset=utf-8
12-09-2018 12:36:09 MainClientExec.java DEBUG [Forwarding findElements on session 0fb59d3c372d29b94d8f2df8106983e1 to remote] execchain.MainClientExec 285 - Connection can be kept alive indefinitely
12-09-2018 12:36:09 PoolingHttpClientConnectionManager.java DEBUG [Forwarding findElements on session 0fb59d3c372d29b94d8f2df8106983e1 to remote] conn.PoolingHttpClientConnectionManager 320 - Connection [id: 3][route: {}->http://localhost:13733] can be kept alive indefinitely
12-09-2018 12:36:09 PoolingHttpClientConnectionManager.java DEBUG [Forwarding findElements on session 0fb59d3c372d29b94d8f2df8106983e1 to remote] conn.PoolingHttpClientConnectionManager 326 - Connection released: [id: 3][route: {}->http://localhost:13733][total kept alive: 1; route allocated: 1 of 2000; total allocated: 1 of 2000]
12-09-2018 12:36:09 RequestAddCookies.java DEBUG [Forwarding findElements on session 0fb59d3c372d29b94d8f2df8106983e1 to remote] protocol.RequestAddCookies 123 - CookieSpec selected: default
12-09-2018 12:36:09 RequestAuthCache.java DEBUG [Forwarding findElements on session 0fb59d3c372d29b94d8f2df8106983e1 to remote] protocol.RequestAuthCache 77 - Auth cache not set in the context
12-09-2018 12:36:09 PoolingHttpClientConnectionManager.java DEBUG [Forwarding findElements on session 0fb59d3c372d29b94d8f2df8106983e1 to remote] conn.PoolingHttpClientConnectionManager 255 - Connection request: [route: {}->http://localhost:13733][total kept alive: 1; route allocated: 1 of 2000; total allocated: 1 of 2000]
12-09-2018 12:36:09 PoolingHttpClientConnectionManager.java DEBUG [Forwarding findElements on session 0fb59d3c372d29b94d8f2df8106983e1 to remote] conn.PoolingHttpClientConnectionManager 288 - Connection leased: [id: 3][route: {}->http://localhost:13733][total kept alive: 0; route allocated: 1 of 2000; total allocated: 1 of 2000]
12-09-2018 12:36:09 MainClientExec.java DEBUG [Forwarding findElements on session 0fb59d3c372d29b94d8f2df8106983e1 to remote] execchain.MainClientExec 208 - Stale connection check
12-09-2018 12:36:09 Wire.java DEBUG [Forwarding findElements on session 0fb59d3c372d29b94d8f2df8106983e1 to remote] http.wire 87 - http-outgoing-3 << "[read] I/O error: Read timed out"
12-09-2018 12:36:09 LoggingManagedHttpClientConnection.java DEBUG [Forwarding findElements on session 0fb59d3c372d29b94d8f2df8106983e1 to remote] conn.DefaultManagedHttpClientConnection 88 - http-outgoing-3: set socket timeout to 10800000
12-09-2018 12:36:09 MainClientExec.java DEBUG [Forwarding findElements on session 0fb59d3c372d29b94d8f2df8106983e1 to remote] execchain.MainClientExec 256 - Executing request POST /session/0fb59d3c372d29b94d8f2df8106983e1/elements HTTP/1.1
12-09-2018 12:36:09 MainClientExec.java DEBUG [Forwarding findElements on session 0fb59d3c372d29b94d8f2df8106983e1 to remote] execchain.MainClientExec 261 - Target auth state: UNCHALLENGED
12-09-2018 12:36:09 MainClientExec.java DEBUG [Forwarding findElements on session 0fb59d3c372d29b94d8f2df8106983e1 to remote] execchain.MainClientExec 267 - Proxy auth state: UNCHALLENGED
12-09-2018 12:36:09 LoggingManagedHttpClientConnection.java DEBUG [Forwarding findElements on session 0fb59d3c372d29b94d8f2df8106983e1 to remote] http.headers 133 - http-outgoing-3 >> POST /session/0fb59d3c372d29b94d8f2df8106983e1/elements HTTP/1.1
12-09-2018 12:36:09 LoggingManagedHttpClientConnection.java DEBUG [Forwarding findElements on session 0fb59d3c372d29b94d8f2df8106983e1 to remote] http.headers 136 - http-outgoing-3 >> Content-Type: application/json; charset=utf-8
12-09-2018 12:36:09 LoggingManagedHttpClientConnection.java DEBUG [Forwarding findElements on session 0fb59d3c372d29b94d8f2df8106983e1 to remote] http.headers 136 - http-outgoing-3 >> Content-Length: 50
12-09-2018 12:36:09 LoggingManagedHttpClientConnection.java DEBUG [Forwarding findElements on session 0fb59d3c372d29b94d8f2df8106983e1 to remote] http.headers 136 - http-outgoing-3 >> Host: localhost:13733
12-09-2018 12:36:09 LoggingManagedHttpClientConnection.java DEBUG [Forwarding findElements on session 0fb59d3c372d29b94d8f2df8106983e1 to remote] http.headers 136 - http-outgoing-3 >> Connection: Keep-Alive
12-09-2018 12:36:09 LoggingManagedHttpClientConnection.java DEBUG [Forwarding findElements on session 0fb59d3c372d29b94d8f2df8106983e1 to remote] http.headers 136 - http-outgoing-3 >> User-Agent: Apache-HttpClient/4.5.3 (Java/1.8.0_181)
12-09-2018 12:36:09 LoggingManagedHttpClientConnection.java DEBUG [Forwarding findElements on session 0fb59d3c372d29b94d8f2df8106983e1 to remote] http.headers 136 - http-outgoing-3 >> Accept-Encoding: gzip,deflate
12-09-2018 12:36:09 Wire.java DEBUG [Forwarding findElements on session 0fb59d3c372d29b94d8f2df8106983e1 to remote] http.wire 73 - http-outgoing-3 >> "POST /session/0fb59d3c372d29b94d8f2df8106983e1/elements HTTP/1.1[\r][\n]"
12-09-2018 12:36:09 Wire.java DEBUG [Forwarding findElements on session 0fb59d3c372d29b94d8f2df8106983e1 to remote] http.wire 73 - http-outgoing-3 >> "Content-Type: application/json; charset=utf-8[\r][\n]"
12-09-2018 12:36:09 Wire.java DEBUG [Forwarding findElements on session 0fb59d3c372d29b94d8f2df8106983e1 to remote] http.wire 73 - http-outgoing-3 >> "Content-Length: 50[\r][\n]"
12-09-2018 12:36:09 Wire.java DEBUG [Forwarding findElements on session 0fb59d3c372d29b94d8f2df8106983e1 to remote] http.wire 73 - http-outgoing-3 >> "Host: localhost:13733[\r][\n]"
12-09-2018 12:36:09 Wire.java DEBUG [Forwarding findElements on session 0fb59d3c372d29b94d8f2df8106983e1 to remote] http.wire 73 - http-outgoing-3 >> "Connection: Keep-Alive[\r][\n]"
12-09-2018 12:36:09 Wire.java DEBUG [Forwarding findElements on session 0fb59d3c372d29b94d8f2df8106983e1 to remote] http.wire 73 - http-outgoing-3 >> "User-Agent: Apache-HttpClient/4.5.3 (Java/1.8.0_181)[\r][\n]"
12-09-2018 12:36:09 Wire.java DEBUG [Forwarding findElements on session 0fb59d3c372d29b94d8f2df8106983e1 to remote] http.wire 73 - http-outgoing-3 >> "Accept-Encoding: gzip,deflate[\r][\n]"
12-09-2018 12:36:09 Wire.java DEBUG [Forwarding findElements on session 0fb59d3c372d29b94d8f2df8106983e1 to remote] http.wire 73 - http-outgoing-3 >> "[\r][\n]"
12-09-2018 12:36:09 Wire.java DEBUG [Forwarding findElements on session 0fb59d3c372d29b94d8f2df8106983e1 to remote] http.wire 87 - http-outgoing-3 >> "{"using":"xpath","value":"//div[@jsname='B34EJ']"}"
12-09-2018 12:36:09 Wire.java DEBUG [Forwarding findElements on session 0fb59d3c372d29b94d8f2df8106983e1 to remote] http.wire 73 - http-outgoing-3 << "HTTP/1.1 200 OK[\r][\n]"
12-09-2018 12:36:09 Wire.java DEBUG [Forwarding findElements on session 0fb59d3c372d29b94d8f2df8106983e1 to remote] http.wire 73 - http-outgoing-3 << "Content-Length:139[\r][\n]"
12-09-2018 12:36:09 Wire.java DEBUG [Forwarding findElements on session 0fb59d3c372d29b94d8f2df8106983e1 to remote] http.wire 73 - http-outgoing-3 << "Content-Type:application/json; charset=utf-8[\r][\n]"
12-09-2018 12:36:09 Wire.java DEBUG [Forwarding findElements on session 0fb59d3c372d29b94d8f2df8106983e1 to remote] http.wire 73 - http-outgoing-3 << "[\r][\n]"
12-09-2018 12:36:09 Wire.java DEBUG [Forwarding findElements on session 0fb59d3c372d29b94d8f2df8106983e1 to remote] http.wire 87 - http-outgoing-3 << "{"sessionId":"0fb59d3c372d29b94d8f2df8106983e1","status":0,"value":[{"ELEMENT":"0.8992521356777354-3"},{"ELEMENT":"0.8992521356777354-4"}]}"
12-09-2018 12:36:09 LoggingManagedHttpClientConnection.java DEBUG [Forwarding findElements on session 0fb59d3c372d29b94d8f2df8106983e1 to remote] http.headers 122 - http-outgoing-3 << HTTP/1.1 200 OK
12-09-2018 12:36:09 LoggingManagedHttpClientConnection.java DEBUG [Forwarding findElements on session 0fb59d3c372d29b94d8f2df8106983e1 to remote] http.headers 125 - http-outgoing-3 << Content-Length:139
12-09-2018 12:36:09 LoggingManagedHttpClientConnection.java DEBUG [Forwarding findElements on session 0fb59d3c372d29b94d8f2df8106983e1 to remote] http.headers 125 - http-outgoing-3 << Content-Type:application/json; charset=utf-8
12-09-2018 12:36:09 MainClientExec.java DEBUG [Forwarding findElements on session 0fb59d3c372d29b94d8f2df8106983e1 to remote] execchain.MainClientExec 285 - Connection can be kept alive indefinitely
12-09-2018 12:36:09 PoolingHttpClientConnectionManager.java DEBUG [Forwarding findElements on session 0fb59d3c372d29b94d8f2df8106983e1 to remote] conn.PoolingHttpClientConnectionManager 320 - Connection [id: 3][route: {}->http://localhost:13733] can be kept alive indefinitely
12-09-2018 12:36:09 PoolingHttpClientConnectionManager.java DEBUG [Forwarding findElements on session 0fb59d3c372d29b94d8f2df8106983e1 to remote] conn.PoolingHttpClientConnectionManager 326 - Connection released: [id: 3][route: {}->http://localhost:13733][total kept alive: 1; route allocated: 1 of 2000; total allocated: 1 of 2000]
12-09-2018 12:36:09 RequestAddCookies.java DEBUG [Forwarding getElementText on session 0fb59d3c372d29b94d8f2df8106983e1 to remote] protocol.RequestAddCookies 123 - CookieSpec selected: default
12-09-2018 12:36:09 RequestAuthCache.java DEBUG [Forwarding getElementText on session 0fb59d3c372d29b94d8f2df8106983e1 to remote] protocol.RequestAuthCache 77 - Auth cache not set in the context
12-09-2018 12:36:09 PoolingHttpClientConnectionManager.java DEBUG [Forwarding getElementText on session 0fb59d3c372d29b94d8f2df8106983e1 to remote] conn.PoolingHttpClientConnectionManager 255 - Connection request: [route: {}->http://localhost:13733][total kept alive: 1; route allocated: 1 of 2000; total allocated: 1 of 2000]
12-09-2018 12:36:09 PoolingHttpClientConnectionManager.java DEBUG [Forwarding getElementText on session 0fb59d3c372d29b94d8f2df8106983e1 to remote] conn.PoolingHttpClientConnectionManager 288 - Connection leased: [id: 3][route: {}->http://localhost:13733][total kept alive: 0; route allocated: 1 of 2000; total allocated: 1 of 2000]
12-09-2018 12:36:09 MainClientExec.java DEBUG [Forwarding getElementText on session 0fb59d3c372d29b94d8f2df8106983e1 to remote] execchain.MainClientExec 208 - Stale connection check
12-09-2018 12:36:09 Wire.java DEBUG [Forwarding getElementText on session 0fb59d3c372d29b94d8f2df8106983e1 to remote] http.wire 87 - http-outgoing-3 << "[read] I/O error: Read timed out"
12-09-2018 12:36:09 LoggingManagedHttpClientConnection.java DEBUG [Forwarding getElementText on session 0fb59d3c372d29b94d8f2df8106983e1 to remote] conn.DefaultManagedHttpClientConnection 88 - http-outgoing-3: set socket timeout to 10800000
12-09-2018 12:36:09 MainClientExec.java DEBUG [Forwarding getElementText on session 0fb59d3c372d29b94d8f2df8106983e1 to remote] execchain.MainClientExec 256 - Executing request GET /session/0fb59d3c372d29b94d8f2df8106983e1/element/0.8992521356777354-3/text HTTP/1.1
12-09-2018 12:36:09 MainClientExec.java DEBUG [Forwarding getElementText on session 0fb59d3c372d29b94d8f2df8106983e1 to remote] execchain.MainClientExec 261 - Target auth state: UNCHALLENGED
12-09-2018 12:36:09 MainClientExec.java DEBUG [Forwarding getElementText on session 0fb59d3c372d29b94d8f2df8106983e1 to remote] execchain.MainClientExec 267 - Proxy auth state: UNCHALLENGED
12-09-2018 12:36:09 LoggingManagedHttpClientConnection.java DEBUG [Forwarding getElementText on session 0fb59d3c372d29b94d8f2df8106983e1 to remote] http.headers 133 - http-outgoing-3 >> GET /session/0fb59d3c372d29b94d8f2df8106983e1/element/0.8992521356777354-3/text HTTP/1.1
12-09-2018 12:36:09 LoggingManagedHttpClientConnection.java DEBUG [Forwarding getElementText on session 0fb59d3c372d29b94d8f2df8106983e1 to remote] http.headers 136 - http-outgoing-3 >> Cache-Control: no-cache
12-09-2018 12:36:09 LoggingManagedHttpClientConnection.java DEBUG [Forwarding getElementText on session 0fb59d3c372d29b94d8f2df8106983e1 to remote] http.headers 136 - http-outgoing-3 >> Host: localhost:13733
12-09-2018 12:36:09 LoggingManagedHttpClientConnection.java DEBUG [Forwarding getElementText on session 0fb59d3c372d29b94d8f2df8106983e1 to remote] http.headers 136 - http-outgoing-3 >> Connection: Keep-Alive
12-09-2018 12:36:09 LoggingManagedHttpClientConnection.java DEBUG [Forwarding getElementText on session 0fb59d3c372d29b94d8f2df8106983e1 to remote] http.headers 136 - http-outgoing-3 >> User-Agent: Apache-HttpClient/4.5.3 (Java/1.8.0_181)
12-09-2018 12:36:09 LoggingManagedHttpClientConnection.java DEBUG [Forwarding getElementText on session 0fb59d3c372d29b94d8f2df8106983e1 to remote] http.headers 136 - http-outgoing-3 >> Accept-Encoding: gzip,deflate
12-09-2018 12:36:09 Wire.java DEBUG [Forwarding getElementText on session 0fb59d3c372d29b94d8f2df8106983e1 to remote] http.wire 73 - http-outgoing-3 >> "GET /session/0fb59d3c372d29b94d8f2df8106983e1/element/0.8992521356777354-3/text HTTP/1.1[\r][\n]"
12-09-2018 12:36:09 Wire.java DEBUG [Forwarding getElementText on session 0fb59d3c372d29b94d8f2df8106983e1 to remote] http.wire 73 - http-outgoing-3 >> "Cache-Control: no-cache[\r][\n]"
12-09-2018 12:36:09 Wire.java DEBUG [Forwarding getElementText on session 0fb59d3c372d29b94d8f2df8106983e1 to remote] http.wire 73 - http-outgoing-3 >> "Host: localhost:13733[\r][\n]"
12-09-2018 12:36:09 Wire.java DEBUG [Forwarding getElementText on session 0fb59d3c372d29b94d8f2df8106983e1 to remote] http.wire 73 - http-outgoing-3 >> "Connection: Keep-Alive[\r][\n]"
12-09-2018 12:36:09 Wire.java DEBUG [Forwarding getElementText on session 0fb59d3c372d29b94d8f2df8106983e1 to remote] http.wire 73 - http-outgoing-3 >> "User-Agent: Apache-HttpClient/4.5.3 (Java/1.8.0_181)[\r][\n]"
12-09-2018 12:36:09 Wire.java DEBUG [Forwarding getElementText on session 0fb59d3c372d29b94d8f2df8106983e1 to remote] http.wire 73 - http-outgoing-3 >> "Accept-Encoding: gzip,deflate[\r][\n]"
12-09-2018 12:36:09 Wire.java DEBUG [Forwarding getElementText on session 0fb59d3c372d29b94d8f2df8106983e1 to remote] http.wire 73 - http-outgoing-3 >> "[\r][\n]"
12-09-2018 12:36:09 Wire.java DEBUG [Forwarding getElementText on session 0fb59d3c372d29b94d8f2df8106983e1 to remote] http.wire 73 - http-outgoing-3 << "HTTP/1.1 200 OK[\r][\n]"
12-09-2018 12:36:09 Wire.java DEBUG [Forwarding getElementText on session 0fb59d3c372d29b94d8f2df8106983e1 to remote] http.wire 73 - http-outgoing-3 << "Content-Length:70[\r][\n]"
12-09-2018 12:36:09 Wire.java DEBUG [Forwarding getElementText on session 0fb59d3c372d29b94d8f2df8106983e1 to remote] http.wire 73 - http-outgoing-3 << "Content-Type:application/json; charset=utf-8[\r][\n]"
12-09-2018 12:36:09 Wire.java DEBUG [Forwarding getElementText on session 0fb59d3c372d29b94d8f2df8106983e1 to remote] http.wire 73 - http-outgoing-3 << "[\r][\n]"
12-09-2018 12:36:09 Wire.java DEBUG [Forwarding getElementText on session 0fb59d3c372d29b94d8f2df8106983e1 to remote] http.wire 87 - http-outgoing-3 << "{"sessionId":"0fb59d3c372d29b94d8f2df8106983e1","status":0,"value":""}"
12-09-2018 12:36:09 LoggingManagedHttpClientConnection.java DEBUG [Forwarding getElementText on session 0fb59d3c372d29b94d8f2df8106983e1 to remote] http.headers 122 - http-outgoing-3 << HTTP/1.1 200 OK
12-09-2018 12:36:09 LoggingManagedHttpClientConnection.java DEBUG [Forwarding getElementText on session 0fb59d3c372d29b94d8f2df8106983e1 to remote] http.headers 125 - http-outgoing-3 << Content-Length:70
12-09-2018 12:36:09 LoggingManagedHttpClientConnection.java DEBUG [Forwarding getElementText on session 0fb59d3c372d29b94d8f2df8106983e1 to remote] http.headers 125 - http-outgoing-3 << Content-Type:application/json; charset=utf-8
12-09-2018 12:36:09 MainClientExec.java DEBUG [Forwarding getElementText on session 0fb59d3c372d29b94d8f2df8106983e1 to remote] execchain.MainClientExec 285 - Connection can be kept alive indefinitely
12-09-2018 12:36:09 PoolingHttpClientConnectionManager.java DEBUG [Forwarding getElementText on session 0fb59d3c372d29b94d8f2df8106983e1 to remote] conn.PoolingHttpClientConnectionManager 320 - Connection [id: 3][route: {}->http://localhost:13733] can be kept alive indefinitely
12-09-2018 12:36:09 PoolingHttpClientConnectionManager.java DEBUG [Forwarding getElementText on session 0fb59d3c372d29b94d8f2df8106983e1 to remote] conn.PoolingHttpClientConnectionManager 326 - Connection released: [id: 3][route: {}->http://localhost:13733][total kept alive: 1; route allocated: 1 of 2000; total allocated: 1 of 2000]
12-09-2018 12:36:09 RequestAddCookies.java DEBUG [Forwarding getElementText on session 0fb59d3c372d29b94d8f2df8106983e1 to remote] protocol.RequestAddCookies 123 - CookieSpec selected: default
12-09-2018 12:36:09 RequestAuthCache.java DEBUG [Forwarding getElementText on session 0fb59d3c372d29b94d8f2df8106983e1 to remote] protocol.RequestAuthCache 77 - Auth cache not set in the context
12-09-2018 12:36:09 PoolingHttpClientConnectionManager.java DEBUG [Forwarding getElementText on session 0fb59d3c372d29b94d8f2df8106983e1 to remote] conn.PoolingHttpClientConnectionManager 255 - Connection request: [route: {}->http://localhost:13733][total kept alive: 1; route allocated: 1 of 2000; total allocated: 1 of 2000]
12-09-2018 12:36:09 PoolingHttpClientConnectionManager.java DEBUG [Forwarding getElementText on session 0fb59d3c372d29b94d8f2df8106983e1 to remote] conn.PoolingHttpClientConnectionManager 288 - Connection leased: [id: 3][route: {}->http://localhost:13733][total kept alive: 0; route allocated: 1 of 2000; total allocated: 1 of 2000]
12-09-2018 12:36:09 MainClientExec.java DEBUG [Forwarding getElementText on session 0fb59d3c372d29b94d8f2df8106983e1 to remote] execchain.MainClientExec 208 - Stale connection check
12-09-2018 12:36:09 Wire.java DEBUG [Forwarding getElementText on session 0fb59d3c372d29b94d8f2df8106983e1 to remote] http.wire 87 - http-outgoing-3 << "[read] I/O error: Read timed out"
12-09-2018 12:36:09 LoggingManagedHttpClientConnection.java DEBUG [Forwarding getElementText on session 0fb59d3c372d29b94d8f2df8106983e1 to remote] conn.DefaultManagedHttpClientConnection 88 - http-outgoing-3: set socket timeout to 10800000
12-09-2018 12:36:09 MainClientExec.java DEBUG [Forwarding getElementText on session 0fb59d3c372d29b94d8f2df8106983e1 to remote] execchain.MainClientExec 256 - Executing request GET /session/0fb59d3c372d29b94d8f2df8106983e1/element/0.8992521356777354-3/text HTTP/1.1
12-09-2018 12:36:09 MainClientExec.java DEBUG [Forwarding getElementText on session 0fb59d3c372d29b94d8f2df8106983e1 to remote] execchain.MainClientExec 261 - Target auth state: UNCHALLENGED
12-09-2018 12:36:09 MainClientExec.java DEBUG [Forwarding getElementText on session 0fb59d3c372d29b94d8f2df8106983e1 to remote] execchain.MainClientExec 267 - Proxy auth state: UNCHALLENGED
12-09-2018 12:36:09 LoggingManagedHttpClientConnection.java DEBUG [Forwarding getElementText on session 0fb59d3c372d29b94d8f2df8106983e1 to remote] http.headers 133 - http-outgoing-3 >> GET /session/0fb59d3c372d29b94d8f2df8106983e1/element/0.8992521356777354-3/text HTTP/1.1
12-09-2018 12:36:09 LoggingManagedHttpClientConnection.java DEBUG [Forwarding getElementText on session 0fb59d3c372d29b94d8f2df8106983e1 to remote] http.headers 136 - http-outgoing-3 >> Cache-Control: no-cache
12-09-2018 12:36:09 LoggingManagedHttpClientConnection.java DEBUG [Forwarding getElementText on session 0fb59d3c372d29b94d8f2df8106983e1 to remote] http.headers 136 - http-outgoing-3 >> Host: localhost:13733
12-09-2018 12:36:09 LoggingManagedHttpClientConnection.java DEBUG [Forwarding getElementText on session 0fb59d3c372d29b94d8f2df8106983e1 to remote] http.headers 136 - http-outgoing-3 >> Connection: Keep-Alive
12-09-2018 12:36:09 LoggingManagedHttpClientConnection.java DEBUG [Forwarding getElementText on session 0fb59d3c372d29b94d8f2df8106983e1 to remote] http.headers 136 - http-outgoing-3 >> User-Agent: Apache-HttpClient/4.5.3 (Java/1.8.0_181)
12-09-2018 12:36:09 LoggingManagedHttpClientConnection.java DEBUG [Forwarding getElementText on session 0fb59d3c372d29b94d8f2df8106983e1 to remote] http.headers 136 - http-outgoing-3 >> Accept-Encoding: gzip,deflate
12-09-2018 12:36:09 Wire.java DEBUG [Forwarding getElementText on session 0fb59d3c372d29b94d8f2df8106983e1 to remote] http.wire 73 - http-outgoing-3 >> "GET /session/0fb59d3c372d29b94d8f2df8106983e1/element/0.8992521356777354-3/text HTTP/1.1[\r][\n]"
12-09-2018 12:36:09 Wire.java DEBUG [Forwarding getElementText on session 0fb59d3c372d29b94d8f2df8106983e1 to remote] http.wire 73 - http-outgoing-3 >> "Cache-Control: no-cache[\r][\n]"
12-09-2018 12:36:09 Wire.java DEBUG [Forwarding getElementText on session 0fb59d3c372d29b94d8f2df8106983e1 to remote] http.wire 73 - http-outgoing-3 >> "Host: localhost:13733[\r][\n]"
12-09-2018 12:36:09 Wire.java DEBUG [Forwarding getElementText on session 0fb59d3c372d29b94d8f2df8106983e1 to remote] http.wire 73 - http-outgoing-3 >> "Connection: Keep-Alive[\r][\n]"
12-09-2018 12:36:09 Wire.java DEBUG [Forwarding getElementText on session 0fb59d3c372d29b94d8f2df8106983e1 to remote] http.wire 73 - http-outgoing-3 >> "User-Agent: Apache-HttpClient/4.5.3 (Java/1.8.0_181)[\r][\n]"
12-09-2018 12:36:09 Wire.java DEBUG [Forwarding getElementText on session 0fb59d3c372d29b94d8f2df8106983e1 to remote] http.wire 73 - http-outgoing-3 >> "Accept-Encoding: gzip,deflate[\r][\n]"
12-09-2018 12:36:09 Wire.java DEBUG [Forwarding getElementText on session 0fb59d3c372d29b94d8f2df8106983e1 to remote] http.wire 73 - http-outgoing-3 >> "[\r][\n]"
12-09-2018 12:36:09 Wire.java DEBUG [Forwarding getElementText on session 0fb59d3c372d29b94d8f2df8106983e1 to remote] http.wire 73 - http-outgoing-3 << "HTTP/1.1 200 OK[\r][\n]"
12-09-2018 12:36:09 Wire.java DEBUG [Forwarding getElementText on session 0fb59d3c372d29b94d8f2df8106983e1 to remote] http.wire 73 - http-outgoing-3 << "Content-Length:70[\r][\n]"
12-09-2018 12:36:09 Wire.java DEBUG [Forwarding getElementText on session 0fb59d3c372d29b94d8f2df8106983e1 to remote] http.wire 73 - http-outgoing-3 << "Content-Type:application/json; charset=utf-8[\r][\n]"
12-09-2018 12:36:09 Wire.java DEBUG [Forwarding getElementText on session 0fb59d3c372d29b94d8f2df8106983e1 to remote] http.wire 73 - http-outgoing-3 << "[\r][\n]"
12-09-2018 12:36:09 Wire.java DEBUG [Forwarding getElementText on session 0fb59d3c372d29b94d8f2df8106983e1 to remote] http.wire 87 - http-outgoing-3 << "{"sessionId":"0fb59d3c372d29b94d8f2df8106983e1","status":0,"value":""}"
12-09-2018 12:36:09 LoggingManagedHttpClientConnection.java DEBUG [Forwarding getElementText on session 0fb59d3c372d29b94d8f2df8106983e1 to remote] http.headers 122 - http-outgoing-3 << HTTP/1.1 200 OK
12-09-2018 12:36:09 LoggingManagedHttpClientConnection.java DEBUG [Forwarding getElementText on session 0fb59d3c372d29b94d8f2df8106983e1 to remote] http.headers 125 - http-outgoing-3 << Content-Length:70
12-09-2018 12:36:09 LoggingManagedHttpClientConnection.java DEBUG [Forwarding getElementText on session 0fb59d3c372d29b94d8f2df8106983e1 to remote] http.headers 125 - http-outgoing-3 << Content-Type:application/json; charset=utf-8
12-09-2018 12:36:09 MainClientExec.java DEBUG [Forwarding getElementText on session 0fb59d3c372d29b94d8f2df8106983e1 to remote] execchain.MainClientExec 285 - Connection can be kept alive indefinitely
12-09-2018 12:36:09 PoolingHttpClientConnectionManager.java DEBUG [Forwarding getElementText on session 0fb59d3c372d29b94d8f2df8106983e1 to remote] conn.PoolingHttpClientConnectionManager 320 - Connection [id: 3][route: {}->http://localhost:13733] can be kept alive indefinitely
12-09-2018 12:36:09 PoolingHttpClientConnectionManager.java DEBUG [Forwarding getElementText on session 0fb59d3c372d29b94d8f2df8106983e1 to remote] conn.PoolingHttpClientConnectionManager 326 - Connection released: [id: 3][route: {}->http://localhost:13733][total kept alive: 1; route allocated: 1 of 2000; total allocated: 1 of 2000]
12-09-2018 12:36:09 RequestAddCookies.java DEBUG [Forwarding getElementText on session 0fb59d3c372d29b94d8f2df8106983e1 to remote] protocol.RequestAddCookies 123 - CookieSpec selected: default
12-09-2018 12:36:09 RequestAuthCache.java DEBUG [Forwarding getElementText on session 0fb59d3c372d29b94d8f2df8106983e1 to remote] protocol.RequestAuthCache 77 - Auth cache not set in the context
12-09-2018 12:36:09 PoolingHttpClientConnectionManager.java DEBUG [Forwarding getElementText on session 0fb59d3c372d29b94d8f2df8106983e1 to remote] conn.PoolingHttpClientConnectionManager 255 - Connection request: [route: {}->http://localhost:13733][total kept alive: 1; route allocated: 1 of 2000; total allocated: 1 of 2000]
12-09-2018 12:36:09 PoolingHttpClientConnectionManager.java DEBUG [Forwarding getElementText on session 0fb59d3c372d29b94d8f2df8106983e1 to remote] conn.PoolingHttpClientConnectionManager 288 - Connection leased: [id: 3][route: {}->http://localhost:13733][total kept alive: 0; route allocated: 1 of 2000; total allocated: 1 of 2000]
12-09-2018 12:36:09 MainClientExec.java DEBUG [Forwarding getElementText on session 0fb59d3c372d29b94d8f2df8106983e1 to remote] execchain.MainClientExec 208 - Stale connection check
12-09-2018 12:36:09 Wire.java DEBUG [Forwarding getElementText on session 0fb59d3c372d29b94d8f2df8106983e1 to remote] http.wire 87 - http-outgoing-3 << "[read] I/O error: Read timed out"
12-09-2018 12:36:09 LoggingManagedHttpClientConnection.java DEBUG [Forwarding getElementText on session 0fb59d3c372d29b94d8f2df8106983e1 to remote] conn.DefaultManagedHttpClientConnection 88 - http-outgoing-3: set socket timeout to 10800000
12-09-2018 12:36:09 MainClientExec.java DEBUG [Forwarding getElementText on session 0fb59d3c372d29b94d8f2df8106983e1 to remote] execchain.MainClientExec 256 - Executing request GET /session/0fb59d3c372d29b94d8f2df8106983e1/element/0.8992521356777354-4/text HTTP/1.1
12-09-2018 12:36:09 MainClientExec.java DEBUG [Forwarding getElementText on session 0fb59d3c372d29b94d8f2df8106983e1 to remote] execchain.MainClientExec 261 - Target auth state: UNCHALLENGED
12-09-2018 12:36:09 MainClientExec.java DEBUG [Forwarding getElementText on session 0fb59d3c372d29b94d8f2df8106983e1 to remote] execchain.MainClientExec 267 - Proxy auth state: UNCHALLENGED
12-09-2018 12:36:09 LoggingManagedHttpClientConnection.java DEBUG [Forwarding getElementText on session 0fb59d3c372d29b94d8f2df8106983e1 to remote] http.headers 133 - http-outgoing-3 >> GET /session/0fb59d3c372d29b94d8f2df8106983e1/element/0.8992521356777354-4/text HTTP/1.1
12-09-2018 12:36:09 LoggingManagedHttpClientConnection.java DEBUG [Forwarding getElementText on session 0fb59d3c372d29b94d8f2df8106983e1 to remote] http.headers 136 - http-outgoing-3 >> Cache-Control: no-cache
12-09-2018 12:36:09 LoggingManagedHttpClientConnection.java DEBUG [Forwarding getElementText on session 0fb59d3c372d29b94d8f2df8106983e1 to remote] http.headers 136 - http-outgoing-3 >> Host: localhost:13733
12-09-2018 12:36:09 LoggingManagedHttpClientConnection.java DEBUG [Forwarding getElementText on session 0fb59d3c372d29b94d8f2df8106983e1 to remote] http.headers 136 - http-outgoing-3 >> Connection: Keep-Alive
12-09-2018 12:36:09 LoggingManagedHttpClientConnection.java DEBUG [Forwarding getElementText on session 0fb59d3c372d29b94d8f2df8106983e1 to remote] http.headers 136 - http-outgoing-3 >> User-Agent: Apache-HttpClient/4.5.3 (Java/1.8.0_181)
12-09-2018 12:36:09 LoggingManagedHttpClientConnection.java DEBUG [Forwarding getElementText on session 0fb59d3c372d29b94d8f2df8106983e1 to remote] http.headers 136 - http-outgoing-3 >> Accept-Encoding: gzip,deflate
12-09-2018 12:36:09 Wire.java DEBUG [Forwarding getElementText on session 0fb59d3c372d29b94d8f2df8106983e1 to remote] http.wire 73 - http-outgoing-3 >> "GET /session/0fb59d3c372d29b94d8f2df8106983e1/element/0.8992521356777354-4/text HTTP/1.1[\r][\n]"
12-09-2018 12:36:09 Wire.java DEBUG [Forwarding getElementText on session 0fb59d3c372d29b94d8f2df8106983e1 to remote] http.wire 73 - http-outgoing-3 >> "Cache-Control: no-cache[\r][\n]"
12-09-2018 12:36:09 Wire.java DEBUG [Forwarding getElementText on session 0fb59d3c372d29b94d8f2df8106983e1 to remote] http.wire 73 - http-outgoing-3 >> "Host: localhost:13733[\r][\n]"
12-09-2018 12:36:09 Wire.java DEBUG [Forwarding getElementText on session 0fb59d3c372d29b94d8f2df8106983e1 to remote] http.wire 73 - http-outgoing-3 >> "Connection: Keep-Alive[\r][\n]"
12-09-2018 12:36:09 Wire.java DEBUG [Forwarding getElementText on session 0fb59d3c372d29b94d8f2df8106983e1 to remote] http.wire 73 - http-outgoing-3 >> "User-Agent: Apache-HttpClient/4.5.3 (Java/1.8.0_181)[\r][\n]"
12-09-2018 12:36:09 Wire.java DEBUG [Forwarding getElementText on session 0fb59d3c372d29b94d8f2df8106983e1 to remote] http.wire 73 - http-outgoing-3 >> "Accept-Encoding: gzip,deflate[\r][\n]"
12-09-2018 12:36:09 Wire.java DEBUG [Forwarding getElementText on session 0fb59d3c372d29b94d8f2df8106983e1 to remote] http.wire 73 - http-outgoing-3 >> "[\r][\n]"
12-09-2018 12:36:09 Wire.java DEBUG [Forwarding getElementText on session 0fb59d3c372d29b94d8f2df8106983e1 to remote] http.wire 73 - http-outgoing-3 << "HTTP/1.1 200 OK[\r][\n]"
12-09-2018 12:36:09 Wire.java DEBUG [Forwarding getElementText on session 0fb59d3c372d29b94d8f2df8106983e1 to remote] http.wire 73 - http-outgoing-3 << "Content-Length:70[\r][\n]"
12-09-2018 12:36:09 Wire.java DEBUG [Forwarding getElementText on session 0fb59d3c372d29b94d8f2df8106983e1 to remote] http.wire 73 - http-outgoing-3 << "Content-Type:application/json; charset=utf-8[\r][\n]"
12-09-2018 12:36:09 Wire.java DEBUG [Forwarding getElementText on session 0fb59d3c372d29b94d8f2df8106983e1 to remote] http.wire 73 - http-outgoing-3 << "[\r][\n]"
12-09-2018 12:36:09 Wire.java DEBUG [Forwarding getElementText on session 0fb59d3c372d29b94d8f2df8106983e1 to remote] http.wire 87 - http-outgoing-3 << "{"sessionId":"0fb59d3c372d29b94d8f2df8106983e1","status":0,"value":""}"
12-09-2018 12:36:09 LoggingManagedHttpClientConnection.java DEBUG [Forwarding getElementText on session 0fb59d3c372d29b94d8f2df8106983e1 to remote] http.headers 122 - http-outgoing-3 << HTTP/1.1 200 OK
12-09-2018 12:36:09 LoggingManagedHttpClientConnection.java DEBUG [Forwarding getElementText on session 0fb59d3c372d29b94d8f2df8106983e1 to remote] http.headers 125 - http-outgoing-3 << Content-Length:70
12-09-2018 12:36:09 LoggingManagedHttpClientConnection.java DEBUG [Forwarding getElementText on session 0fb59d3c372d29b94d8f2df8106983e1 to remote] http.headers 125 - http-outgoing-3 << Content-Type:application/json; charset=utf-8
12-09-2018 12:36:09 MainClientExec.java DEBUG [Forwarding getElementText on session 0fb59d3c372d29b94d8f2df8106983e1 to remote] execchain.MainClientExec 285 - Connection can be kept alive indefinitely
12-09-2018 12:36:09 PoolingHttpClientConnectionManager.java DEBUG [Forwarding getElementText on session 0fb59d3c372d29b94d8f2df8106983e1 to remote] conn.PoolingHttpClientConnectionManager 320 - Connection [id: 3][route: {}->http://localhost:13733] can be kept alive indefinitely
12-09-2018 12:36:09 PoolingHttpClientConnectionManager.java DEBUG [Forwarding getElementText on session 0fb59d3c372d29b94d8f2df8106983e1 to remote] conn.PoolingHttpClientConnectionManager 326 - Connection released: [id: 3][route: {}->http://localhost:13733][total kept alive: 1; route allocated: 1 of 2000; total allocated: 1 of 2000]
12-09-2018 12:36:09 RequestAddCookies.java DEBUG [Forwarding getElementText on session 0fb59d3c372d29b94d8f2df8106983e1 to remote] protocol.RequestAddCookies 123 - CookieSpec selected: default
12-09-2018 12:36:09 RequestAuthCache.java DEBUG [Forwarding getElementText on session 0fb59d3c372d29b94d8f2df8106983e1 to remote] protocol.RequestAuthCache 77 - Auth cache not set in the context
12-09-2018 12:36:09 PoolingHttpClientConnectionManager.java DEBUG [Forwarding getElementText on session 0fb59d3c372d29b94d8f2df8106983e1 to remote] conn.PoolingHttpClientConnectionManager 255 - Connection request: [route: {}->http://localhost:13733][total kept alive: 1; route allocated: 1 of 2000; total allocated: 1 of 2000]
12-09-2018 12:36:09 PoolingHttpClientConnectionManager.java DEBUG [Forwarding getElementText on session 0fb59d3c372d29b94d8f2df8106983e1 to remote] conn.PoolingHttpClientConnectionManager 288 - Connection leased: [id: 3][route: {}->http://localhost:13733][total kept alive: 0; route allocated: 1 of 2000; total allocated: 1 of 2000]
12-09-2018 12:36:09 MainClientExec.java DEBUG [Forwarding getElementText on session 0fb59d3c372d29b94d8f2df8106983e1 to remote] execchain.MainClientExec 208 - Stale connection check
12-09-2018 12:36:09 Wire.java DEBUG [Forwarding getElementText on session 0fb59d3c372d29b94d8f2df8106983e1 to remote] http.wire 87 - http-outgoing-3 << "[read] I/O error: Read timed out"
12-09-2018 12:36:09 LoggingManagedHttpClientConnection.java DEBUG [Forwarding getElementText on session 0fb59d3c372d29b94d8f2df8106983e1 to remote] conn.DefaultManagedHttpClientConnection 88 - http-outgoing-3: set socket timeout to 10800000
12-09-2018 12:36:09 MainClientExec.java DEBUG [Forwarding getElementText on session 0fb59d3c372d29b94d8f2df8106983e1 to remote] execchain.MainClientExec 256 - Executing request GET /session/0fb59d3c372d29b94d8f2df8106983e1/element/0.8992521356777354-4/text HTTP/1.1
12-09-2018 12:36:09 MainClientExec.java DEBUG [Forwarding getElementText on session 0fb59d3c372d29b94d8f2df8106983e1 to remote] execchain.MainClientExec 261 - Target auth state: UNCHALLENGED
12-09-2018 12:36:09 MainClientExec.java DEBUG [Forwarding getElementText on session 0fb59d3c372d29b94d8f2df8106983e1 to remote] execchain.MainClientExec 267 - Proxy auth state: UNCHALLENGED
12-09-2018 12:36:09 LoggingManagedHttpClientConnection.java DEBUG [Forwarding getElementText on session 0fb59d3c372d29b94d8f2df8106983e1 to remote] http.headers 133 - http-outgoing-3 >> GET /session/0fb59d3c372d29b94d8f2df8106983e1/element/0.8992521356777354-4/text HTTP/1.1
12-09-2018 12:36:09 LoggingManagedHttpClientConnection.java DEBUG [Forwarding getElementText on session 0fb59d3c372d29b94d8f2df8106983e1 to remote] http.headers 136 - http-outgoing-3 >> Cache-Control: no-cache
12-09-2018 12:36:09 LoggingManagedHttpClientConnection.java DEBUG [Forwarding getElementText on session 0fb59d3c372d29b94d8f2df8106983e1 to remote] http.headers 136 - http-outgoing-3 >> Host: localhost:13733
12-09-2018 12:36:09 LoggingManagedHttpClientConnection.java DEBUG [Forwarding getElementText on session 0fb59d3c372d29b94d8f2df8106983e1 to remote] http.headers 136 - http-outgoing-3 >> Connection: Keep-Alive
12-09-2018 12:36:09 LoggingManagedHttpClientConnection.java DEBUG [Forwarding getElementText on session 0fb59d3c372d29b94d8f2df8106983e1 to remote] http.headers 136 - http-outgoing-3 >> User-Agent: Apache-HttpClient/4.5.3 (Java/1.8.0_181)
12-09-2018 12:36:09 LoggingManagedHttpClientConnection.java DEBUG [Forwarding getElementText on session 0fb59d3c372d29b94d8f2df8106983e1 to remote] http.headers 136 - http-outgoing-3 >> Accept-Encoding: gzip,deflate
12-09-2018 12:36:09 Wire.java DEBUG [Forwarding getElementText on session 0fb59d3c372d29b94d8f2df8106983e1 to remote] http.wire 73 - http-outgoing-3 >> "GET /session/0fb59d3c372d29b94d8f2df8106983e1/element/0.8992521356777354-4/text HTTP/1.1[\r][\n]"
12-09-2018 12:36:09 Wire.java DEBUG [Forwarding getElementText on session 0fb59d3c372d29b94d8f2df8106983e1 to remote] http.wire 73 - http-outgoing-3 >> "Cache-Control: no-cache[\r][\n]"
12-09-2018 12:36:09 Wire.java DEBUG [Forwarding getElementText on session 0fb59d3c372d29b94d8f2df8106983e1 to remote] http.wire 73 - http-outgoing-3 >> "Host: localhost:13733[\r][\n]"
12-09-2018 12:36:09 Wire.java DEBUG [Forwarding getElementText on session 0fb59d3c372d29b94d8f2df8106983e1 to remote] http.wire 73 - http-outgoing-3 >> "Connection: Keep-Alive[\r][\n]"
12-09-2018 12:36:09 Wire.java DEBUG [Forwarding getElementText on session 0fb59d3c372d29b94d8f2df8106983e1 to remote] http.wire 73 - http-outgoing-3 >> "User-Agent: Apache-HttpClient/4.5.3 (Java/1.8.0_181)[\r][\n]"
12-09-2018 12:36:09 Wire.java DEBUG [Forwarding getElementText on session 0fb59d3c372d29b94d8f2df8106983e1 to remote] http.wire 73 - http-outgoing-3 >> "Accept-Encoding: gzip,deflate[\r][\n]"
12-09-2018 12:36:09 Wire.java DEBUG [Forwarding getElementText on session 0fb59d3c372d29b94d8f2df8106983e1 to remote] http.wire 73 - http-outgoing-3 >> "[\r][\n]"
12-09-2018 12:36:09 Wire.java DEBUG [Forwarding getElementText on session 0fb59d3c372d29b94d8f2df8106983e1 to remote] http.wire 73 - http-outgoing-3 << "HTTP/1.1 200 OK[\r][\n]"
12-09-2018 12:36:09 Wire.java DEBUG [Forwarding getElementText on session 0fb59d3c372d29b94d8f2df8106983e1 to remote] http.wire 73 - http-outgoing-3 << "Content-Length:70[\r][\n]"
12-09-2018 12:36:09 Wire.java DEBUG [Forwarding getElementText on session 0fb59d3c372d29b94d8f2df8106983e1 to remote] http.wire 73 - http-outgoing-3 << "Content-Type:application/json; charset=utf-8[\r][\n]"
12-09-2018 12:36:09 Wire.java DEBUG [Forwarding getElementText on session 0fb59d3c372d29b94d8f2df8106983e1 to remote] http.wire 73 - http-outgoing-3 << "[\r][\n]"
12-09-2018 12:36:09 Wire.java DEBUG [Forwarding getElementText on session 0fb59d3c372d29b94d8f2df8106983e1 to remote] http.wire 87 - http-outgoing-3 << "{"sessionId":"0fb59d3c372d29b94d8f2df8106983e1","status":0,"value":""}"
12-09-2018 12:36:09 LoggingManagedHttpClientConnection.java DEBUG [Forwarding getElementText on session 0fb59d3c372d29b94d8f2df8106983e1 to remote] http.headers 122 - http-outgoing-3 << HTTP/1.1 200 OK
12-09-2018 12:36:09 LoggingManagedHttpClientConnection.java DEBUG [Forwarding getElementText on session 0fb59d3c372d29b94d8f2df8106983e1 to remote] http.headers 125 - http-outgoing-3 << Content-Length:70
12-09-2018 12:36:09 LoggingManagedHttpClientConnection.java DEBUG [Forwarding getElementText on session 0fb59d3c372d29b94d8f2df8106983e1 to remote] http.headers 125 - http-outgoing-3 << Content-Type:application/json; charset=utf-8
12-09-2018 12:36:09 MainClientExec.java DEBUG [Forwarding getElementText on session 0fb59d3c372d29b94d8f2df8106983e1 to remote] execchain.MainClientExec 285 - Connection can be kept alive indefinitely
12-09-2018 12:36:09 PoolingHttpClientConnectionManager.java DEBUG [Forwarding getElementText on session 0fb59d3c372d29b94d8f2df8106983e1 to remote] conn.PoolingHttpClientConnectionManager 320 - Connection [id: 3][route: {}->http://localhost:13733] can be kept alive indefinitely
12-09-2018 12:36:09 PoolingHttpClientConnectionManager.java DEBUG [Forwarding getElementText on session 0fb59d3c372d29b94d8f2df8106983e1 to remote] conn.PoolingHttpClientConnectionManager 326 - Connection released: [id: 3][route: {}->http://localhost:13733][total kept alive: 1; route allocated: 1 of 2000; total allocated: 1 of 2000]
12-09-2018 12:36:09 Base.java INFO  [main] EnterPasswordPage 31 - Execution Started
12-09-2018 12:36:09 Base.java INFO  [main] Utils 31 - Execution Started
12-09-2018 12:36:09 RequestAddCookies.java DEBUG [Forwarding findElement on session 0fb59d3c372d29b94d8f2df8106983e1 to remote] protocol.RequestAddCookies 123 - CookieSpec selected: default
12-09-2018 12:36:09 RequestAuthCache.java DEBUG [Forwarding findElement on session 0fb59d3c372d29b94d8f2df8106983e1 to remote] protocol.RequestAuthCache 77 - Auth cache not set in the context
12-09-2018 12:36:09 PoolingHttpClientConnectionManager.java DEBUG [Forwarding findElement on session 0fb59d3c372d29b94d8f2df8106983e1 to remote] conn.PoolingHttpClientConnectionManager 255 - Connection request: [route: {}->http://localhost:13733][total kept alive: 1; route allocated: 1 of 2000; total allocated: 1 of 2000]
12-09-2018 12:36:09 PoolingHttpClientConnectionManager.java DEBUG [Forwarding findElement on session 0fb59d3c372d29b94d8f2df8106983e1 to remote] conn.PoolingHttpClientConnectionManager 288 - Connection leased: [id: 3][route: {}->http://localhost:13733][total kept alive: 0; route allocated: 1 of 2000; total allocated: 1 of 2000]
12-09-2018 12:36:09 MainClientExec.java DEBUG [Forwarding findElement on session 0fb59d3c372d29b94d8f2df8106983e1 to remote] execchain.MainClientExec 208 - Stale connection check
12-09-2018 12:36:09 Wire.java DEBUG [Forwarding findElement on session 0fb59d3c372d29b94d8f2df8106983e1 to remote] http.wire 87 - http-outgoing-3 << "[read] I/O error: Read timed out"
12-09-2018 12:36:09 LoggingManagedHttpClientConnection.java DEBUG [Forwarding findElement on session 0fb59d3c372d29b94d8f2df8106983e1 to remote] conn.DefaultManagedHttpClientConnection 88 - http-outgoing-3: set socket timeout to 10800000
12-09-2018 12:36:09 MainClientExec.java DEBUG [Forwarding findElement on session 0fb59d3c372d29b94d8f2df8106983e1 to remote] execchain.MainClientExec 256 - Executing request POST /session/0fb59d3c372d29b94d8f2df8106983e1/element HTTP/1.1
12-09-2018 12:36:09 MainClientExec.java DEBUG [Forwarding findElement on session 0fb59d3c372d29b94d8f2df8106983e1 to remote] execchain.MainClientExec 261 - Target auth state: UNCHALLENGED
12-09-2018 12:36:09 MainClientExec.java DEBUG [Forwarding findElement on session 0fb59d3c372d29b94d8f2df8106983e1 to remote] execchain.MainClientExec 267 - Proxy auth state: UNCHALLENGED
12-09-2018 12:36:09 LoggingManagedHttpClientConnection.java DEBUG [Forwarding findElement on session 0fb59d3c372d29b94d8f2df8106983e1 to remote] http.headers 133 - http-outgoing-3 >> POST /session/0fb59d3c372d29b94d8f2df8106983e1/element HTTP/1.1
12-09-2018 12:36:09 LoggingManagedHttpClientConnection.java DEBUG [Forwarding findElement on session 0fb59d3c372d29b94d8f2df8106983e1 to remote] http.headers 136 - http-outgoing-3 >> Content-Type: application/json; charset=utf-8
12-09-2018 12:36:09 LoggingManagedHttpClientConnection.java DEBUG [Forwarding findElement on session 0fb59d3c372d29b94d8f2df8106983e1 to remote] http.headers 136 - http-outgoing-3 >> Content-Length: 53
12-09-2018 12:36:09 LoggingManagedHttpClientConnection.java DEBUG [Forwarding findElement on session 0fb59d3c372d29b94d8f2df8106983e1 to remote] http.headers 136 - http-outgoing-3 >> Host: localhost:13733
12-09-2018 12:36:09 LoggingManagedHttpClientConnection.java DEBUG [Forwarding findElement on session 0fb59d3c372d29b94d8f2df8106983e1 to remote] http.headers 136 - http-outgoing-3 >> Connection: Keep-Alive
12-09-2018 12:36:09 LoggingManagedHttpClientConnection.java DEBUG [Forwarding findElement on session 0fb59d3c372d29b94d8f2df8106983e1 to remote] http.headers 136 - http-outgoing-3 >> User-Agent: Apache-HttpClient/4.5.3 (Java/1.8.0_181)
12-09-2018 12:36:09 LoggingManagedHttpClientConnection.java DEBUG [Forwarding findElement on session 0fb59d3c372d29b94d8f2df8106983e1 to remote] http.headers 136 - http-outgoing-3 >> Accept-Encoding: gzip,deflate
12-09-2018 12:36:09 Wire.java DEBUG [Forwarding findElement on session 0fb59d3c372d29b94d8f2df8106983e1 to remote] http.wire 73 - http-outgoing-3 >> "POST /session/0fb59d3c372d29b94d8f2df8106983e1/element HTTP/1.1[\r][\n]"
12-09-2018 12:36:09 Wire.java DEBUG [Forwarding findElement on session 0fb59d3c372d29b94d8f2df8106983e1 to remote] http.wire 73 - http-outgoing-3 >> "Content-Type: application/json; charset=utf-8[\r][\n]"
12-09-2018 12:36:09 Wire.java DEBUG [Forwarding findElement on session 0fb59d3c372d29b94d8f2df8106983e1 to remote] http.wire 73 - http-outgoing-3 >> "Content-Length: 53[\r][\n]"
12-09-2018 12:36:09 Wire.java DEBUG [Forwarding findElement on session 0fb59d3c372d29b94d8f2df8106983e1 to remote] http.wire 73 - http-outgoing-3 >> "Host: localhost:13733[\r][\n]"
12-09-2018 12:36:09 Wire.java DEBUG [Forwarding findElement on session 0fb59d3c372d29b94d8f2df8106983e1 to remote] http.wire 73 - http-outgoing-3 >> "Connection: Keep-Alive[\r][\n]"
12-09-2018 12:36:09 Wire.java DEBUG [Forwarding findElement on session 0fb59d3c372d29b94d8f2df8106983e1 to remote] http.wire 73 - http-outgoing-3 >> "User-Agent: Apache-HttpClient/4.5.3 (Java/1.8.0_181)[\r][\n]"
12-09-2018 12:36:09 Wire.java DEBUG [Forwarding findElement on session 0fb59d3c372d29b94d8f2df8106983e1 to remote] http.wire 73 - http-outgoing-3 >> "Accept-Encoding: gzip,deflate[\r][\n]"
12-09-2018 12:36:09 Wire.java DEBUG [Forwarding findElement on session 0fb59d3c372d29b94d8f2df8106983e1 to remote] http.wire 73 - http-outgoing-3 >> "[\r][\n]"
12-09-2018 12:36:09 Wire.java DEBUG [Forwarding findElement on session 0fb59d3c372d29b94d8f2df8106983e1 to remote] http.wire 87 - http-outgoing-3 >> "{"using":"xpath","value":"//input[@type='password']"}"
12-09-2018 12:36:09 Wire.java DEBUG [Forwarding findElement on session 0fb59d3c372d29b94d8f2df8106983e1 to remote] http.wire 73 - http-outgoing-3 << "HTTP/1.1 200 OK[\r][\n]"
12-09-2018 12:36:09 Wire.java DEBUG [Forwarding findElement on session 0fb59d3c372d29b94d8f2df8106983e1 to remote] http.wire 73 - http-outgoing-3 << "Content-Length:102[\r][\n]"
12-09-2018 12:36:09 Wire.java DEBUG [Forwarding findElement on session 0fb59d3c372d29b94d8f2df8106983e1 to remote] http.wire 73 - http-outgoing-3 << "Content-Type:application/json; charset=utf-8[\r][\n]"
12-09-2018 12:36:09 Wire.java DEBUG [Forwarding findElement on session 0fb59d3c372d29b94d8f2df8106983e1 to remote] http.wire 73 - http-outgoing-3 << "[\r][\n]"
12-09-2018 12:36:09 Wire.java DEBUG [Forwarding findElement on session 0fb59d3c372d29b94d8f2df8106983e1 to remote] http.wire 87 - http-outgoing-3 << "{"sessionId":"0fb59d3c372d29b94d8f2df8106983e1","status":0,"value":{"ELEMENT":"0.8992521356777354-5"}}"
12-09-2018 12:36:09 LoggingManagedHttpClientConnection.java DEBUG [Forwarding findElement on session 0fb59d3c372d29b94d8f2df8106983e1 to remote] http.headers 122 - http-outgoing-3 << HTTP/1.1 200 OK
12-09-2018 12:36:09 LoggingManagedHttpClientConnection.java DEBUG [Forwarding findElement on session 0fb59d3c372d29b94d8f2df8106983e1 to remote] http.headers 125 - http-outgoing-3 << Content-Length:102
12-09-2018 12:36:09 LoggingManagedHttpClientConnection.java DEBUG [Forwarding findElement on session 0fb59d3c372d29b94d8f2df8106983e1 to remote] http.headers 125 - http-outgoing-3 << Content-Type:application/json; charset=utf-8
12-09-2018 12:36:09 MainClientExec.java DEBUG [Forwarding findElement on session 0fb59d3c372d29b94d8f2df8106983e1 to remote] execchain.MainClientExec 285 - Connection can be kept alive indefinitely
12-09-2018 12:36:09 PoolingHttpClientConnectionManager.java DEBUG [Forwarding findElement on session 0fb59d3c372d29b94d8f2df8106983e1 to remote] conn.PoolingHttpClientConnectionManager 320 - Connection [id: 3][route: {}->http://localhost:13733] can be kept alive indefinitely
12-09-2018 12:36:09 PoolingHttpClientConnectionManager.java DEBUG [Forwarding findElement on session 0fb59d3c372d29b94d8f2df8106983e1 to remote] conn.PoolingHttpClientConnectionManager 326 - Connection released: [id: 3][route: {}->http://localhost:13733][total kept alive: 1; route allocated: 1 of 2000; total allocated: 1 of 2000]
12-09-2018 12:36:09 RequestAddCookies.java DEBUG [Forwarding isElementDisplayed on session 0fb59d3c372d29b94d8f2df8106983e1 to remote] protocol.RequestAddCookies 123 - CookieSpec selected: default
12-09-2018 12:36:09 RequestAuthCache.java DEBUG [Forwarding isElementDisplayed on session 0fb59d3c372d29b94d8f2df8106983e1 to remote] protocol.RequestAuthCache 77 - Auth cache not set in the context
12-09-2018 12:36:09 PoolingHttpClientConnectionManager.java DEBUG [Forwarding isElementDisplayed on session 0fb59d3c372d29b94d8f2df8106983e1 to remote] conn.PoolingHttpClientConnectionManager 255 - Connection request: [route: {}->http://localhost:13733][total kept alive: 1; route allocated: 1 of 2000; total allocated: 1 of 2000]
12-09-2018 12:36:09 PoolingHttpClientConnectionManager.java DEBUG [Forwarding isElementDisplayed on session 0fb59d3c372d29b94d8f2df8106983e1 to remote] conn.PoolingHttpClientConnectionManager 288 - Connection leased: [id: 3][route: {}->http://localhost:13733][total kept alive: 0; route allocated: 1 of 2000; total allocated: 1 of 2000]
12-09-2018 12:36:09 MainClientExec.java DEBUG [Forwarding isElementDisplayed on session 0fb59d3c372d29b94d8f2df8106983e1 to remote] execchain.MainClientExec 208 - Stale connection check
12-09-2018 12:36:09 Wire.java DEBUG [Forwarding isElementDisplayed on session 0fb59d3c372d29b94d8f2df8106983e1 to remote] http.wire 87 - http-outgoing-3 << "[read] I/O error: Read timed out"
12-09-2018 12:36:09 LoggingManagedHttpClientConnection.java DEBUG [Forwarding isElementDisplayed on session 0fb59d3c372d29b94d8f2df8106983e1 to remote] conn.DefaultManagedHttpClientConnection 88 - http-outgoing-3: set socket timeout to 10800000
12-09-2018 12:36:09 MainClientExec.java DEBUG [Forwarding isElementDisplayed on session 0fb59d3c372d29b94d8f2df8106983e1 to remote] execchain.MainClientExec 256 - Executing request GET /session/0fb59d3c372d29b94d8f2df8106983e1/element/0.8992521356777354-5/displayed HTTP/1.1
12-09-2018 12:36:09 MainClientExec.java DEBUG [Forwarding isElementDisplayed on session 0fb59d3c372d29b94d8f2df8106983e1 to remote] execchain.MainClientExec 261 - Target auth state: UNCHALLENGED
12-09-2018 12:36:09 MainClientExec.java DEBUG [Forwarding isElementDisplayed on session 0fb59d3c372d29b94d8f2df8106983e1 to remote] execchain.MainClientExec 267 - Proxy auth state: UNCHALLENGED
12-09-2018 12:36:09 LoggingManagedHttpClientConnection.java DEBUG [Forwarding isElementDisplayed on session 0fb59d3c372d29b94d8f2df8106983e1 to remote] http.headers 133 - http-outgoing-3 >> GET /session/0fb59d3c372d29b94d8f2df8106983e1/element/0.8992521356777354-5/displayed HTTP/1.1
12-09-2018 12:36:09 LoggingManagedHttpClientConnection.java DEBUG [Forwarding isElementDisplayed on session 0fb59d3c372d29b94d8f2df8106983e1 to remote] http.headers 136 - http-outgoing-3 >> Cache-Control: no-cache
12-09-2018 12:36:09 LoggingManagedHttpClientConnection.java DEBUG [Forwarding isElementDisplayed on session 0fb59d3c372d29b94d8f2df8106983e1 to remote] http.headers 136 - http-outgoing-3 >> Host: localhost:13733
12-09-2018 12:36:09 LoggingManagedHttpClientConnection.java DEBUG [Forwarding isElementDisplayed on session 0fb59d3c372d29b94d8f2df8106983e1 to remote] http.headers 136 - http-outgoing-3 >> Connection: Keep-Alive
12-09-2018 12:36:09 LoggingManagedHttpClientConnection.java DEBUG [Forwarding isElementDisplayed on session 0fb59d3c372d29b94d8f2df8106983e1 to remote] http.headers 136 - http-outgoing-3 >> User-Agent: Apache-HttpClient/4.5.3 (Java/1.8.0_181)
12-09-2018 12:36:09 LoggingManagedHttpClientConnection.java DEBUG [Forwarding isElementDisplayed on session 0fb59d3c372d29b94d8f2df8106983e1 to remote] http.headers 136 - http-outgoing-3 >> Accept-Encoding: gzip,deflate
12-09-2018 12:36:09 Wire.java DEBUG [Forwarding isElementDisplayed on session 0fb59d3c372d29b94d8f2df8106983e1 to remote] http.wire 73 - http-outgoing-3 >> "GET /session/0fb59d3c372d29b94d8f2df8106983e1/element/0.8992521356777354-5/displayed HTTP/1.1[\r][\n]"
12-09-2018 12:36:09 Wire.java DEBUG [Forwarding isElementDisplayed on session 0fb59d3c372d29b94d8f2df8106983e1 to remote] http.wire 73 - http-outgoing-3 >> "Cache-Control: no-cache[\r][\n]"
12-09-2018 12:36:09 Wire.java DEBUG [Forwarding isElementDisplayed on session 0fb59d3c372d29b94d8f2df8106983e1 to remote] http.wire 73 - http-outgoing-3 >> "Host: localhost:13733[\r][\n]"
12-09-2018 12:36:09 Wire.java DEBUG [Forwarding isElementDisplayed on session 0fb59d3c372d29b94d8f2df8106983e1 to remote] http.wire 73 - http-outgoing-3 >> "Connection: Keep-Alive[\r][\n]"
12-09-2018 12:36:09 Wire.java DEBUG [Forwarding isElementDisplayed on session 0fb59d3c372d29b94d8f2df8106983e1 to remote] http.wire 73 - http-outgoing-3 >> "User-Agent: Apache-HttpClient/4.5.3 (Java/1.8.0_181)[\r][\n]"
12-09-2018 12:36:09 Wire.java DEBUG [Forwarding isElementDisplayed on session 0fb59d3c372d29b94d8f2df8106983e1 to remote] http.wire 73 - http-outgoing-3 >> "Accept-Encoding: gzip,deflate[\r][\n]"
12-09-2018 12:36:09 Wire.java DEBUG [Forwarding isElementDisplayed on session 0fb59d3c372d29b94d8f2df8106983e1 to remote] http.wire 73 - http-outgoing-3 >> "[\r][\n]"
12-09-2018 12:36:09 Wire.java DEBUG [Forwarding isElementDisplayed on session 0fb59d3c372d29b94d8f2df8106983e1 to remote] http.wire 73 - http-outgoing-3 << "HTTP/1.1 200 OK[\r][\n]"
12-09-2018 12:36:09 Wire.java DEBUG [Forwarding isElementDisplayed on session 0fb59d3c372d29b94d8f2df8106983e1 to remote] http.wire 73 - http-outgoing-3 << "Content-Length:73[\r][\n]"
12-09-2018 12:36:09 Wire.java DEBUG [Forwarding isElementDisplayed on session 0fb59d3c372d29b94d8f2df8106983e1 to remote] http.wire 73 - http-outgoing-3 << "Content-Type:application/json; charset=utf-8[\r][\n]"
12-09-2018 12:36:09 Wire.java DEBUG [Forwarding isElementDisplayed on session 0fb59d3c372d29b94d8f2df8106983e1 to remote] http.wire 73 - http-outgoing-3 << "[\r][\n]"
12-09-2018 12:36:09 Wire.java DEBUG [Forwarding isElementDisplayed on session 0fb59d3c372d29b94d8f2df8106983e1 to remote] http.wire 87 - http-outgoing-3 << "{"sessionId":"0fb59d3c372d29b94d8f2df8106983e1","status":0,"value":false}"
12-09-2018 12:36:09 LoggingManagedHttpClientConnection.java DEBUG [Forwarding isElementDisplayed on session 0fb59d3c372d29b94d8f2df8106983e1 to remote] http.headers 122 - http-outgoing-3 << HTTP/1.1 200 OK
12-09-2018 12:36:09 LoggingManagedHttpClientConnection.java DEBUG [Forwarding isElementDisplayed on session 0fb59d3c372d29b94d8f2df8106983e1 to remote] http.headers 125 - http-outgoing-3 << Content-Length:73
12-09-2018 12:36:09 LoggingManagedHttpClientConnection.java DEBUG [Forwarding isElementDisplayed on session 0fb59d3c372d29b94d8f2df8106983e1 to remote] http.headers 125 - http-outgoing-3 << Content-Type:application/json; charset=utf-8
12-09-2018 12:36:09 MainClientExec.java DEBUG [Forwarding isElementDisplayed on session 0fb59d3c372d29b94d8f2df8106983e1 to remote] execchain.MainClientExec 285 - Connection can be kept alive indefinitely
12-09-2018 12:36:09 PoolingHttpClientConnectionManager.java DEBUG [Forwarding isElementDisplayed on session 0fb59d3c372d29b94d8f2df8106983e1 to remote] conn.PoolingHttpClientConnectionManager 320 - Connection [id: 3][route: {}->http://localhost:13733] can be kept alive indefinitely
12-09-2018 12:36:09 PoolingHttpClientConnectionManager.java DEBUG [Forwarding isElementDisplayed on session 0fb59d3c372d29b94d8f2df8106983e1 to remote] conn.PoolingHttpClientConnectionManager 326 - Connection released: [id: 3][route: {}->http://localhost:13733][total kept alive: 1; route allocated: 1 of 2000; total allocated: 1 of 2000]
12-09-2018 12:36:10 RequestAddCookies.java DEBUG [Forwarding findElement on session 0fb59d3c372d29b94d8f2df8106983e1 to remote] protocol.RequestAddCookies 123 - CookieSpec selected: default
12-09-2018 12:36:10 RequestAuthCache.java DEBUG [Forwarding findElement on session 0fb59d3c372d29b94d8f2df8106983e1 to remote] protocol.RequestAuthCache 77 - Auth cache not set in the context
12-09-2018 12:36:10 PoolingHttpClientConnectionManager.java DEBUG [Forwarding findElement on session 0fb59d3c372d29b94d8f2df8106983e1 to remote] conn.PoolingHttpClientConnectionManager 255 - Connection request: [route: {}->http://localhost:13733][total kept alive: 1; route allocated: 1 of 2000; total allocated: 1 of 2000]
12-09-2018 12:36:10 PoolingHttpClientConnectionManager.java DEBUG [Forwarding findElement on session 0fb59d3c372d29b94d8f2df8106983e1 to remote] conn.PoolingHttpClientConnectionManager 288 - Connection leased: [id: 3][route: {}->http://localhost:13733][total kept alive: 0; route allocated: 1 of 2000; total allocated: 1 of 2000]
12-09-2018 12:36:10 MainClientExec.java DEBUG [Forwarding findElement on session 0fb59d3c372d29b94d8f2df8106983e1 to remote] execchain.MainClientExec 208 - Stale connection check
12-09-2018 12:36:10 Wire.java DEBUG [Forwarding findElement on session 0fb59d3c372d29b94d8f2df8106983e1 to remote] http.wire 87 - http-outgoing-3 << "[read] I/O error: Read timed out"
12-09-2018 12:36:10 LoggingManagedHttpClientConnection.java DEBUG [Forwarding findElement on session 0fb59d3c372d29b94d8f2df8106983e1 to remote] conn.DefaultManagedHttpClientConnection 88 - http-outgoing-3: set socket timeout to 10800000
12-09-2018 12:36:10 MainClientExec.java DEBUG [Forwarding findElement on session 0fb59d3c372d29b94d8f2df8106983e1 to remote] execchain.MainClientExec 256 - Executing request POST /session/0fb59d3c372d29b94d8f2df8106983e1/element HTTP/1.1
12-09-2018 12:36:10 MainClientExec.java DEBUG [Forwarding findElement on session 0fb59d3c372d29b94d8f2df8106983e1 to remote] execchain.MainClientExec 261 - Target auth state: UNCHALLENGED
12-09-2018 12:36:10 MainClientExec.java DEBUG [Forwarding findElement on session 0fb59d3c372d29b94d8f2df8106983e1 to remote] execchain.MainClientExec 267 - Proxy auth state: UNCHALLENGED
12-09-2018 12:36:10 LoggingManagedHttpClientConnection.java DEBUG [Forwarding findElement on session 0fb59d3c372d29b94d8f2df8106983e1 to remote] http.headers 133 - http-outgoing-3 >> POST /session/0fb59d3c372d29b94d8f2df8106983e1/element HTTP/1.1
12-09-2018 12:36:10 LoggingManagedHttpClientConnection.java DEBUG [Forwarding findElement on session 0fb59d3c372d29b94d8f2df8106983e1 to remote] http.headers 136 - http-outgoing-3 >> Content-Type: application/json; charset=utf-8
12-09-2018 12:36:10 LoggingManagedHttpClientConnection.java DEBUG [Forwarding findElement on session 0fb59d3c372d29b94d8f2df8106983e1 to remote] http.headers 136 - http-outgoing-3 >> Content-Length: 53
12-09-2018 12:36:10 LoggingManagedHttpClientConnection.java DEBUG [Forwarding findElement on session 0fb59d3c372d29b94d8f2df8106983e1 to remote] http.headers 136 - http-outgoing-3 >> Host: localhost:13733
12-09-2018 12:36:10 LoggingManagedHttpClientConnection.java DEBUG [Forwarding findElement on session 0fb59d3c372d29b94d8f2df8106983e1 to remote] http.headers 136 - http-outgoing-3 >> Connection: Keep-Alive
12-09-2018 12:36:10 LoggingManagedHttpClientConnection.java DEBUG [Forwarding findElement on session 0fb59d3c372d29b94d8f2df8106983e1 to remote] http.headers 136 - http-outgoing-3 >> User-Agent: Apache-HttpClient/4.5.3 (Java/1.8.0_181)
12-09-2018 12:36:10 LoggingManagedHttpClientConnection.java DEBUG [Forwarding findElement on session 0fb59d3c372d29b94d8f2df8106983e1 to remote] http.headers 136 - http-outgoing-3 >> Accept-Encoding: gzip,deflate
12-09-2018 12:36:10 Wire.java DEBUG [Forwarding findElement on session 0fb59d3c372d29b94d8f2df8106983e1 to remote] http.wire 73 - http-outgoing-3 >> "POST /session/0fb59d3c372d29b94d8f2df8106983e1/element HTTP/1.1[\r][\n]"
12-09-2018 12:36:10 Wire.java DEBUG [Forwarding findElement on session 0fb59d3c372d29b94d8f2df8106983e1 to remote] http.wire 73 - http-outgoing-3 >> "Content-Type: application/json; charset=utf-8[\r][\n]"
12-09-2018 12:36:10 Wire.java DEBUG [Forwarding findElement on session 0fb59d3c372d29b94d8f2df8106983e1 to remote] http.wire 73 - http-outgoing-3 >> "Content-Length: 53[\r][\n]"
12-09-2018 12:36:10 Wire.java DEBUG [Forwarding findElement on session 0fb59d3c372d29b94d8f2df8106983e1 to remote] http.wire 73 - http-outgoing-3 >> "Host: localhost:13733[\r][\n]"
12-09-2018 12:36:10 Wire.java DEBUG [Forwarding findElement on session 0fb59d3c372d29b94d8f2df8106983e1 to remote] http.wire 73 - http-outgoing-3 >> "Connection: Keep-Alive[\r][\n]"
12-09-2018 12:36:10 Wire.java DEBUG [Forwarding findElement on session 0fb59d3c372d29b94d8f2df8106983e1 to remote] http.wire 73 - http-outgoing-3 >> "User-Agent: Apache-HttpClient/4.5.3 (Java/1.8.0_181)[\r][\n]"
12-09-2018 12:36:10 Wire.java DEBUG [Forwarding findElement on session 0fb59d3c372d29b94d8f2df8106983e1 to remote] http.wire 73 - http-outgoing-3 >> "Accept-Encoding: gzip,deflate[\r][\n]"
12-09-2018 12:36:10 Wire.java DEBUG [Forwarding findElement on session 0fb59d3c372d29b94d8f2df8106983e1 to remote] http.wire 73 - http-outgoing-3 >> "[\r][\n]"
12-09-2018 12:36:10 Wire.java DEBUG [Forwarding findElement on session 0fb59d3c372d29b94d8f2df8106983e1 to remote] http.wire 87 - http-outgoing-3 >> "{"using":"xpath","value":"//input[@type='password']"}"
12-09-2018 12:36:10 Wire.java DEBUG [Forwarding findElement on session 0fb59d3c372d29b94d8f2df8106983e1 to remote] http.wire 73 - http-outgoing-3 << "HTTP/1.1 200 OK[\r][\n]"
12-09-2018 12:36:10 Wire.java DEBUG [Forwarding findElement on session 0fb59d3c372d29b94d8f2df8106983e1 to remote] http.wire 73 - http-outgoing-3 << "Content-Length:102[\r][\n]"
12-09-2018 12:36:10 Wire.java DEBUG [Forwarding findElement on session 0fb59d3c372d29b94d8f2df8106983e1 to remote] http.wire 73 - http-outgoing-3 << "Content-Type:application/json; charset=utf-8[\r][\n]"
12-09-2018 12:36:10 Wire.java DEBUG [Forwarding findElement on session 0fb59d3c372d29b94d8f2df8106983e1 to remote] http.wire 73 - http-outgoing-3 << "[\r][\n]"
12-09-2018 12:36:10 Wire.java DEBUG [Forwarding findElement on session 0fb59d3c372d29b94d8f2df8106983e1 to remote] http.wire 87 - http-outgoing-3 << "{"sessionId":"0fb59d3c372d29b94d8f2df8106983e1","status":0,"value":{"ELEMENT":"0.8992521356777354-6"}}"
12-09-2018 12:36:10 LoggingManagedHttpClientConnection.java DEBUG [Forwarding findElement on session 0fb59d3c372d29b94d8f2df8106983e1 to remote] http.headers 122 - http-outgoing-3 << HTTP/1.1 200 OK
12-09-2018 12:36:10 LoggingManagedHttpClientConnection.java DEBUG [Forwarding findElement on session 0fb59d3c372d29b94d8f2df8106983e1 to remote] http.headers 125 - http-outgoing-3 << Content-Length:102
12-09-2018 12:36:10 LoggingManagedHttpClientConnection.java DEBUG [Forwarding findElement on session 0fb59d3c372d29b94d8f2df8106983e1 to remote] http.headers 125 - http-outgoing-3 << Content-Type:application/json; charset=utf-8
12-09-2018 12:36:10 MainClientExec.java DEBUG [Forwarding findElement on session 0fb59d3c372d29b94d8f2df8106983e1 to remote] execchain.MainClientExec 285 - Connection can be kept alive indefinitely
12-09-2018 12:36:10 PoolingHttpClientConnectionManager.java DEBUG [Forwarding findElement on session 0fb59d3c372d29b94d8f2df8106983e1 to remote] conn.PoolingHttpClientConnectionManager 320 - Connection [id: 3][route: {}->http://localhost:13733] can be kept alive indefinitely
12-09-2018 12:36:10 PoolingHttpClientConnectionManager.java DEBUG [Forwarding findElement on session 0fb59d3c372d29b94d8f2df8106983e1 to remote] conn.PoolingHttpClientConnectionManager 326 - Connection released: [id: 3][route: {}->http://localhost:13733][total kept alive: 1; route allocated: 1 of 2000; total allocated: 1 of 2000]
12-09-2018 12:36:10 RequestAddCookies.java DEBUG [Forwarding isElementDisplayed on session 0fb59d3c372d29b94d8f2df8106983e1 to remote] protocol.RequestAddCookies 123 - CookieSpec selected: default
12-09-2018 12:36:10 RequestAuthCache.java DEBUG [Forwarding isElementDisplayed on session 0fb59d3c372d29b94d8f2df8106983e1 to remote] protocol.RequestAuthCache 77 - Auth cache not set in the context
12-09-2018 12:36:10 PoolingHttpClientConnectionManager.java DEBUG [Forwarding isElementDisplayed on session 0fb59d3c372d29b94d8f2df8106983e1 to remote] conn.PoolingHttpClientConnectionManager 255 - Connection request: [route: {}->http://localhost:13733][total kept alive: 1; route allocated: 1 of 2000; total allocated: 1 of 2000]
12-09-2018 12:36:10 PoolingHttpClientConnectionManager.java DEBUG [Forwarding isElementDisplayed on session 0fb59d3c372d29b94d8f2df8106983e1 to remote] conn.PoolingHttpClientConnectionManager 288 - Connection leased: [id: 3][route: {}->http://localhost:13733][total kept alive: 0; route allocated: 1 of 2000; total allocated: 1 of 2000]
12-09-2018 12:36:10 MainClientExec.java DEBUG [Forwarding isElementDisplayed on session 0fb59d3c372d29b94d8f2df8106983e1 to remote] execchain.MainClientExec 208 - Stale connection check
12-09-2018 12:36:10 Wire.java DEBUG [Forwarding isElementDisplayed on session 0fb59d3c372d29b94d8f2df8106983e1 to remote] http.wire 87 - http-outgoing-3 << "[read] I/O error: Read timed out"
12-09-2018 12:36:10 LoggingManagedHttpClientConnection.java DEBUG [Forwarding isElementDisplayed on session 0fb59d3c372d29b94d8f2df8106983e1 to remote] conn.DefaultManagedHttpClientConnection 88 - http-outgoing-3: set socket timeout to 10800000
12-09-2018 12:36:10 MainClientExec.java DEBUG [Forwarding isElementDisplayed on session 0fb59d3c372d29b94d8f2df8106983e1 to remote] execchain.MainClientExec 256 - Executing request GET /session/0fb59d3c372d29b94d8f2df8106983e1/element/0.8992521356777354-6/displayed HTTP/1.1
12-09-2018 12:36:10 MainClientExec.java DEBUG [Forwarding isElementDisplayed on session 0fb59d3c372d29b94d8f2df8106983e1 to remote] execchain.MainClientExec 261 - Target auth state: UNCHALLENGED
12-09-2018 12:36:10 MainClientExec.java DEBUG [Forwarding isElementDisplayed on session 0fb59d3c372d29b94d8f2df8106983e1 to remote] execchain.MainClientExec 267 - Proxy auth state: UNCHALLENGED
12-09-2018 12:36:10 LoggingManagedHttpClientConnection.java DEBUG [Forwarding isElementDisplayed on session 0fb59d3c372d29b94d8f2df8106983e1 to remote] http.headers 133 - http-outgoing-3 >> GET /session/0fb59d3c372d29b94d8f2df8106983e1/element/0.8992521356777354-6/displayed HTTP/1.1
12-09-2018 12:36:10 LoggingManagedHttpClientConnection.java DEBUG [Forwarding isElementDisplayed on session 0fb59d3c372d29b94d8f2df8106983e1 to remote] http.headers 136 - http-outgoing-3 >> Cache-Control: no-cache
12-09-2018 12:36:10 LoggingManagedHttpClientConnection.java DEBUG [Forwarding isElementDisplayed on session 0fb59d3c372d29b94d8f2df8106983e1 to remote] http.headers 136 - http-outgoing-3 >> Host: localhost:13733
12-09-2018 12:36:10 LoggingManagedHttpClientConnection.java DEBUG [Forwarding isElementDisplayed on session 0fb59d3c372d29b94d8f2df8106983e1 to remote] http.headers 136 - http-outgoing-3 >> Connection: Keep-Alive
12-09-2018 12:36:10 LoggingManagedHttpClientConnection.java DEBUG [Forwarding isElementDisplayed on session 0fb59d3c372d29b94d8f2df8106983e1 to remote] http.headers 136 - http-outgoing-3 >> User-Agent: Apache-HttpClient/4.5.3 (Java/1.8.0_181)
12-09-2018 12:36:10 LoggingManagedHttpClientConnection.java DEBUG [Forwarding isElementDisplayed on session 0fb59d3c372d29b94d8f2df8106983e1 to remote] http.headers 136 - http-outgoing-3 >> Accept-Encoding: gzip,deflate
12-09-2018 12:36:10 Wire.java DEBUG [Forwarding isElementDisplayed on session 0fb59d3c372d29b94d8f2df8106983e1 to remote] http.wire 73 - http-outgoing-3 >> "GET /session/0fb59d3c372d29b94d8f2df8106983e1/element/0.8992521356777354-6/displayed HTTP/1.1[\r][\n]"
12-09-2018 12:36:10 Wire.java DEBUG [Forwarding isElementDisplayed on session 0fb59d3c372d29b94d8f2df8106983e1 to remote] http.wire 73 - http-outgoing-3 >> "Cache-Control: no-cache[\r][\n]"
12-09-2018 12:36:10 Wire.java DEBUG [Forwarding isElementDisplayed on session 0fb59d3c372d29b94d8f2df8106983e1 to remote] http.wire 73 - http-outgoing-3 >> "Host: localhost:13733[\r][\n]"
12-09-2018 12:36:10 Wire.java DEBUG [Forwarding isElementDisplayed on session 0fb59d3c372d29b94d8f2df8106983e1 to remote] http.wire 73 - http-outgoing-3 >> "Connection: Keep-Alive[\r][\n]"
12-09-2018 12:36:10 Wire.java DEBUG [Forwarding isElementDisplayed on session 0fb59d3c372d29b94d8f2df8106983e1 to remote] http.wire 73 - http-outgoing-3 >> "User-Agent: Apache-HttpClient/4.5.3 (Java/1.8.0_181)[\r][\n]"
12-09-2018 12:36:10 Wire.java DEBUG [Forwarding isElementDisplayed on session 0fb59d3c372d29b94d8f2df8106983e1 to remote] http.wire 73 - http-outgoing-3 >> "Accept-Encoding: gzip,deflate[\r][\n]"
12-09-2018 12:36:10 Wire.java DEBUG [Forwarding isElementDisplayed on session 0fb59d3c372d29b94d8f2df8106983e1 to remote] http.wire 73 - http-outgoing-3 >> "[\r][\n]"
12-09-2018 12:36:10 Wire.java DEBUG [Forwarding isElementDisplayed on session 0fb59d3c372d29b94d8f2df8106983e1 to remote] http.wire 73 - http-outgoing-3 << "HTTP/1.1 200 OK[\r][\n]"
12-09-2018 12:36:10 Wire.java DEBUG [Forwarding isElementDisplayed on session 0fb59d3c372d29b94d8f2df8106983e1 to remote] http.wire 73 - http-outgoing-3 << "Content-Length:72[\r][\n]"
12-09-2018 12:36:10 Wire.java DEBUG [Forwarding isElementDisplayed on session 0fb59d3c372d29b94d8f2df8106983e1 to remote] http.wire 73 - http-outgoing-3 << "Content-Type:application/json; charset=utf-8[\r][\n]"
12-09-2018 12:36:10 Wire.java DEBUG [Forwarding isElementDisplayed on session 0fb59d3c372d29b94d8f2df8106983e1 to remote] http.wire 73 - http-outgoing-3 << "[\r][\n]"
12-09-2018 12:36:10 Wire.java DEBUG [Forwarding isElementDisplayed on session 0fb59d3c372d29b94d8f2df8106983e1 to remote] http.wire 87 - http-outgoing-3 << "{"sessionId":"0fb59d3c372d29b94d8f2df8106983e1","status":0,"value":true}"
12-09-2018 12:36:10 LoggingManagedHttpClientConnection.java DEBUG [Forwarding isElementDisplayed on session 0fb59d3c372d29b94d8f2df8106983e1 to remote] http.headers 122 - http-outgoing-3 << HTTP/1.1 200 OK
12-09-2018 12:36:10 LoggingManagedHttpClientConnection.java DEBUG [Forwarding isElementDisplayed on session 0fb59d3c372d29b94d8f2df8106983e1 to remote] http.headers 125 - http-outgoing-3 << Content-Length:72
12-09-2018 12:36:10 LoggingManagedHttpClientConnection.java DEBUG [Forwarding isElementDisplayed on session 0fb59d3c372d29b94d8f2df8106983e1 to remote] http.headers 125 - http-outgoing-3 << Content-Type:application/json; charset=utf-8
12-09-2018 12:36:10 MainClientExec.java DEBUG [Forwarding isElementDisplayed on session 0fb59d3c372d29b94d8f2df8106983e1 to remote] execchain.MainClientExec 285 - Connection can be kept alive indefinitely
12-09-2018 12:36:10 PoolingHttpClientConnectionManager.java DEBUG [Forwarding isElementDisplayed on session 0fb59d3c372d29b94d8f2df8106983e1 to remote] conn.PoolingHttpClientConnectionManager 320 - Connection [id: 3][route: {}->http://localhost:13733] can be kept alive indefinitely
12-09-2018 12:36:10 PoolingHttpClientConnectionManager.java DEBUG [Forwarding isElementDisplayed on session 0fb59d3c372d29b94d8f2df8106983e1 to remote] conn.PoolingHttpClientConnectionManager 326 - Connection released: [id: 3][route: {}->http://localhost:13733][total kept alive: 1; route allocated: 1 of 2000; total allocated: 1 of 2000]
12-09-2018 12:36:10 RequestAddCookies.java DEBUG [Forwarding findElement on session 0fb59d3c372d29b94d8f2df8106983e1 to remote] protocol.RequestAddCookies 123 - CookieSpec selected: default
12-09-2018 12:36:10 RequestAuthCache.java DEBUG [Forwarding findElement on session 0fb59d3c372d29b94d8f2df8106983e1 to remote] protocol.RequestAuthCache 77 - Auth cache not set in the context
12-09-2018 12:36:10 PoolingHttpClientConnectionManager.java DEBUG [Forwarding findElement on session 0fb59d3c372d29b94d8f2df8106983e1 to remote] conn.PoolingHttpClientConnectionManager 255 - Connection request: [route: {}->http://localhost:13733][total kept alive: 1; route allocated: 1 of 2000; total allocated: 1 of 2000]
12-09-2018 12:36:10 PoolingHttpClientConnectionManager.java DEBUG [Forwarding findElement on session 0fb59d3c372d29b94d8f2df8106983e1 to remote] conn.PoolingHttpClientConnectionManager 288 - Connection leased: [id: 3][route: {}->http://localhost:13733][total kept alive: 0; route allocated: 1 of 2000; total allocated: 1 of 2000]
12-09-2018 12:36:10 MainClientExec.java DEBUG [Forwarding findElement on session 0fb59d3c372d29b94d8f2df8106983e1 to remote] execchain.MainClientExec 208 - Stale connection check
12-09-2018 12:36:10 Wire.java DEBUG [Forwarding findElement on session 0fb59d3c372d29b94d8f2df8106983e1 to remote] http.wire 87 - http-outgoing-3 << "[read] I/O error: Read timed out"
12-09-2018 12:36:10 LoggingManagedHttpClientConnection.java DEBUG [Forwarding findElement on session 0fb59d3c372d29b94d8f2df8106983e1 to remote] conn.DefaultManagedHttpClientConnection 88 - http-outgoing-3: set socket timeout to 10800000
12-09-2018 12:36:10 MainClientExec.java DEBUG [Forwarding findElement on session 0fb59d3c372d29b94d8f2df8106983e1 to remote] execchain.MainClientExec 256 - Executing request POST /session/0fb59d3c372d29b94d8f2df8106983e1/element HTTP/1.1
12-09-2018 12:36:10 MainClientExec.java DEBUG [Forwarding findElement on session 0fb59d3c372d29b94d8f2df8106983e1 to remote] execchain.MainClientExec 261 - Target auth state: UNCHALLENGED
12-09-2018 12:36:10 MainClientExec.java DEBUG [Forwarding findElement on session 0fb59d3c372d29b94d8f2df8106983e1 to remote] execchain.MainClientExec 267 - Proxy auth state: UNCHALLENGED
12-09-2018 12:36:10 LoggingManagedHttpClientConnection.java DEBUG [Forwarding findElement on session 0fb59d3c372d29b94d8f2df8106983e1 to remote] http.headers 133 - http-outgoing-3 >> POST /session/0fb59d3c372d29b94d8f2df8106983e1/element HTTP/1.1
12-09-2018 12:36:10 LoggingManagedHttpClientConnection.java DEBUG [Forwarding findElement on session 0fb59d3c372d29b94d8f2df8106983e1 to remote] http.headers 136 - http-outgoing-3 >> Content-Type: application/json; charset=utf-8
12-09-2018 12:36:10 LoggingManagedHttpClientConnection.java DEBUG [Forwarding findElement on session 0fb59d3c372d29b94d8f2df8106983e1 to remote] http.headers 136 - http-outgoing-3 >> Content-Length: 53
12-09-2018 12:36:10 LoggingManagedHttpClientConnection.java DEBUG [Forwarding findElement on session 0fb59d3c372d29b94d8f2df8106983e1 to remote] http.headers 136 - http-outgoing-3 >> Host: localhost:13733
12-09-2018 12:36:10 LoggingManagedHttpClientConnection.java DEBUG [Forwarding findElement on session 0fb59d3c372d29b94d8f2df8106983e1 to remote] http.headers 136 - http-outgoing-3 >> Connection: Keep-Alive
12-09-2018 12:36:10 LoggingManagedHttpClientConnection.java DEBUG [Forwarding findElement on session 0fb59d3c372d29b94d8f2df8106983e1 to remote] http.headers 136 - http-outgoing-3 >> User-Agent: Apache-HttpClient/4.5.3 (Java/1.8.0_181)
12-09-2018 12:36:10 LoggingManagedHttpClientConnection.java DEBUG [Forwarding findElement on session 0fb59d3c372d29b94d8f2df8106983e1 to remote] http.headers 136 - http-outgoing-3 >> Accept-Encoding: gzip,deflate
12-09-2018 12:36:10 Wire.java DEBUG [Forwarding findElement on session 0fb59d3c372d29b94d8f2df8106983e1 to remote] http.wire 73 - http-outgoing-3 >> "POST /session/0fb59d3c372d29b94d8f2df8106983e1/element HTTP/1.1[\r][\n]"
12-09-2018 12:36:10 Wire.java DEBUG [Forwarding findElement on session 0fb59d3c372d29b94d8f2df8106983e1 to remote] http.wire 73 - http-outgoing-3 >> "Content-Type: application/json; charset=utf-8[\r][\n]"
12-09-2018 12:36:10 Wire.java DEBUG [Forwarding findElement on session 0fb59d3c372d29b94d8f2df8106983e1 to remote] http.wire 73 - http-outgoing-3 >> "Content-Length: 53[\r][\n]"
12-09-2018 12:36:10 Wire.java DEBUG [Forwarding findElement on session 0fb59d3c372d29b94d8f2df8106983e1 to remote] http.wire 73 - http-outgoing-3 >> "Host: localhost:13733[\r][\n]"
12-09-2018 12:36:10 Wire.java DEBUG [Forwarding findElement on session 0fb59d3c372d29b94d8f2df8106983e1 to remote] http.wire 73 - http-outgoing-3 >> "Connection: Keep-Alive[\r][\n]"
12-09-2018 12:36:10 Wire.java DEBUG [Forwarding findElement on session 0fb59d3c372d29b94d8f2df8106983e1 to remote] http.wire 73 - http-outgoing-3 >> "User-Agent: Apache-HttpClient/4.5.3 (Java/1.8.0_181)[\r][\n]"
12-09-2018 12:36:10 Wire.java DEBUG [Forwarding findElement on session 0fb59d3c372d29b94d8f2df8106983e1 to remote] http.wire 73 - http-outgoing-3 >> "Accept-Encoding: gzip,deflate[\r][\n]"
12-09-2018 12:36:10 Wire.java DEBUG [Forwarding findElement on session 0fb59d3c372d29b94d8f2df8106983e1 to remote] http.wire 73 - http-outgoing-3 >> "[\r][\n]"
12-09-2018 12:36:10 Wire.java DEBUG [Forwarding findElement on session 0fb59d3c372d29b94d8f2df8106983e1 to remote] http.wire 87 - http-outgoing-3 >> "{"using":"xpath","value":"//input[@type='password']"}"
12-09-2018 12:36:10 Wire.java DEBUG [Forwarding findElement on session 0fb59d3c372d29b94d8f2df8106983e1 to remote] http.wire 73 - http-outgoing-3 << "HTTP/1.1 200 OK[\r][\n]"
12-09-2018 12:36:10 Wire.java DEBUG [Forwarding findElement on session 0fb59d3c372d29b94d8f2df8106983e1 to remote] http.wire 73 - http-outgoing-3 << "Content-Length:102[\r][\n]"
12-09-2018 12:36:10 Wire.java DEBUG [Forwarding findElement on session 0fb59d3c372d29b94d8f2df8106983e1 to remote] http.wire 73 - http-outgoing-3 << "Content-Type:application/json; charset=utf-8[\r][\n]"
12-09-2018 12:36:10 Wire.java DEBUG [Forwarding findElement on session 0fb59d3c372d29b94d8f2df8106983e1 to remote] http.wire 73 - http-outgoing-3 << "[\r][\n]"
12-09-2018 12:36:10 Wire.java DEBUG [Forwarding findElement on session 0fb59d3c372d29b94d8f2df8106983e1 to remote] http.wire 87 - http-outgoing-3 << "{"sessionId":"0fb59d3c372d29b94d8f2df8106983e1","status":0,"value":{"ELEMENT":"0.8992521356777354-6"}}"
12-09-2018 12:36:10 LoggingManagedHttpClientConnection.java DEBUG [Forwarding findElement on session 0fb59d3c372d29b94d8f2df8106983e1 to remote] http.headers 122 - http-outgoing-3 << HTTP/1.1 200 OK
12-09-2018 12:36:10 LoggingManagedHttpClientConnection.java DEBUG [Forwarding findElement on session 0fb59d3c372d29b94d8f2df8106983e1 to remote] http.headers 125 - http-outgoing-3 << Content-Length:102
12-09-2018 12:36:10 LoggingManagedHttpClientConnection.java DEBUG [Forwarding findElement on session 0fb59d3c372d29b94d8f2df8106983e1 to remote] http.headers 125 - http-outgoing-3 << Content-Type:application/json; charset=utf-8
12-09-2018 12:36:10 MainClientExec.java DEBUG [Forwarding findElement on session 0fb59d3c372d29b94d8f2df8106983e1 to remote] execchain.MainClientExec 285 - Connection can be kept alive indefinitely
12-09-2018 12:36:10 PoolingHttpClientConnectionManager.java DEBUG [Forwarding findElement on session 0fb59d3c372d29b94d8f2df8106983e1 to remote] conn.PoolingHttpClientConnectionManager 320 - Connection [id: 3][route: {}->http://localhost:13733] can be kept alive indefinitely
12-09-2018 12:36:10 PoolingHttpClientConnectionManager.java DEBUG [Forwarding findElement on session 0fb59d3c372d29b94d8f2df8106983e1 to remote] conn.PoolingHttpClientConnectionManager 326 - Connection released: [id: 3][route: {}->http://localhost:13733][total kept alive: 1; route allocated: 1 of 2000; total allocated: 1 of 2000]
12-09-2018 12:36:10 RequestAddCookies.java DEBUG [Forwarding isElementDisplayed on session 0fb59d3c372d29b94d8f2df8106983e1 to remote] protocol.RequestAddCookies 123 - CookieSpec selected: default
12-09-2018 12:36:10 RequestAuthCache.java DEBUG [Forwarding isElementDisplayed on session 0fb59d3c372d29b94d8f2df8106983e1 to remote] protocol.RequestAuthCache 77 - Auth cache not set in the context
12-09-2018 12:36:10 PoolingHttpClientConnectionManager.java DEBUG [Forwarding isElementDisplayed on session 0fb59d3c372d29b94d8f2df8106983e1 to remote] conn.PoolingHttpClientConnectionManager 255 - Connection request: [route: {}->http://localhost:13733][total kept alive: 1; route allocated: 1 of 2000; total allocated: 1 of 2000]
12-09-2018 12:36:10 PoolingHttpClientConnectionManager.java DEBUG [Forwarding isElementDisplayed on session 0fb59d3c372d29b94d8f2df8106983e1 to remote] conn.PoolingHttpClientConnectionManager 288 - Connection leased: [id: 3][route: {}->http://localhost:13733][total kept alive: 0; route allocated: 1 of 2000; total allocated: 1 of 2000]
12-09-2018 12:36:10 MainClientExec.java DEBUG [Forwarding isElementDisplayed on session 0fb59d3c372d29b94d8f2df8106983e1 to remote] execchain.MainClientExec 208 - Stale connection check
12-09-2018 12:36:10 Wire.java DEBUG [Forwarding isElementDisplayed on session 0fb59d3c372d29b94d8f2df8106983e1 to remote] http.wire 87 - http-outgoing-3 << "[read] I/O error: Read timed out"
12-09-2018 12:36:10 LoggingManagedHttpClientConnection.java DEBUG [Forwarding isElementDisplayed on session 0fb59d3c372d29b94d8f2df8106983e1 to remote] conn.DefaultManagedHttpClientConnection 88 - http-outgoing-3: set socket timeout to 10800000
12-09-2018 12:36:10 MainClientExec.java DEBUG [Forwarding isElementDisplayed on session 0fb59d3c372d29b94d8f2df8106983e1 to remote] execchain.MainClientExec 256 - Executing request GET /session/0fb59d3c372d29b94d8f2df8106983e1/element/0.8992521356777354-6/displayed HTTP/1.1
12-09-2018 12:36:10 MainClientExec.java DEBUG [Forwarding isElementDisplayed on session 0fb59d3c372d29b94d8f2df8106983e1 to remote] execchain.MainClientExec 261 - Target auth state: UNCHALLENGED
12-09-2018 12:36:10 MainClientExec.java DEBUG [Forwarding isElementDisplayed on session 0fb59d3c372d29b94d8f2df8106983e1 to remote] execchain.MainClientExec 267 - Proxy auth state: UNCHALLENGED
12-09-2018 12:36:10 LoggingManagedHttpClientConnection.java DEBUG [Forwarding isElementDisplayed on session 0fb59d3c372d29b94d8f2df8106983e1 to remote] http.headers 133 - http-outgoing-3 >> GET /session/0fb59d3c372d29b94d8f2df8106983e1/element/0.8992521356777354-6/displayed HTTP/1.1
12-09-2018 12:36:10 LoggingManagedHttpClientConnection.java DEBUG [Forwarding isElementDisplayed on session 0fb59d3c372d29b94d8f2df8106983e1 to remote] http.headers 136 - http-outgoing-3 >> Cache-Control: no-cache
12-09-2018 12:36:10 LoggingManagedHttpClientConnection.java DEBUG [Forwarding isElementDisplayed on session 0fb59d3c372d29b94d8f2df8106983e1 to remote] http.headers 136 - http-outgoing-3 >> Host: localhost:13733
12-09-2018 12:36:10 LoggingManagedHttpClientConnection.java DEBUG [Forwarding isElementDisplayed on session 0fb59d3c372d29b94d8f2df8106983e1 to remote] http.headers 136 - http-outgoing-3 >> Connection: Keep-Alive
12-09-2018 12:36:10 LoggingManagedHttpClientConnection.java DEBUG [Forwarding isElementDisplayed on session 0fb59d3c372d29b94d8f2df8106983e1 to remote] http.headers 136 - http-outgoing-3 >> User-Agent: Apache-HttpClient/4.5.3 (Java/1.8.0_181)
12-09-2018 12:36:10 LoggingManagedHttpClientConnection.java DEBUG [Forwarding isElementDisplayed on session 0fb59d3c372d29b94d8f2df8106983e1 to remote] http.headers 136 - http-outgoing-3 >> Accept-Encoding: gzip,deflate
12-09-2018 12:36:10 Wire.java DEBUG [Forwarding isElementDisplayed on session 0fb59d3c372d29b94d8f2df8106983e1 to remote] http.wire 73 - http-outgoing-3 >> "GET /session/0fb59d3c372d29b94d8f2df8106983e1/element/0.8992521356777354-6/displayed HTTP/1.1[\r][\n]"
12-09-2018 12:36:10 Wire.java DEBUG [Forwarding isElementDisplayed on session 0fb59d3c372d29b94d8f2df8106983e1 to remote] http.wire 73 - http-outgoing-3 >> "Cache-Control: no-cache[\r][\n]"
12-09-2018 12:36:10 Wire.java DEBUG [Forwarding isElementDisplayed on session 0fb59d3c372d29b94d8f2df8106983e1 to remote] http.wire 73 - http-outgoing-3 >> "Host: localhost:13733[\r][\n]"
12-09-2018 12:36:10 Wire.java DEBUG [Forwarding isElementDisplayed on session 0fb59d3c372d29b94d8f2df8106983e1 to remote] http.wire 73 - http-outgoing-3 >> "Connection: Keep-Alive[\r][\n]"
12-09-2018 12:36:10 Wire.java DEBUG [Forwarding isElementDisplayed on session 0fb59d3c372d29b94d8f2df8106983e1 to remote] http.wire 73 - http-outgoing-3 >> "User-Agent: Apache-HttpClient/4.5.3 (Java/1.8.0_181)[\r][\n]"
12-09-2018 12:36:10 Wire.java DEBUG [Forwarding isElementDisplayed on session 0fb59d3c372d29b94d8f2df8106983e1 to remote] http.wire 73 - http-outgoing-3 >> "Accept-Encoding: gzip,deflate[\r][\n]"
12-09-2018 12:36:10 Wire.java DEBUG [Forwarding isElementDisplayed on session 0fb59d3c372d29b94d8f2df8106983e1 to remote] http.wire 73 - http-outgoing-3 >> "[\r][\n]"
12-09-2018 12:36:10 Wire.java DEBUG [Forwarding isElementDisplayed on session 0fb59d3c372d29b94d8f2df8106983e1 to remote] http.wire 73 - http-outgoing-3 << "HTTP/1.1 200 OK[\r][\n]"
12-09-2018 12:36:10 Wire.java DEBUG [Forwarding isElementDisplayed on session 0fb59d3c372d29b94d8f2df8106983e1 to remote] http.wire 73 - http-outgoing-3 << "Content-Length:72[\r][\n]"
12-09-2018 12:36:10 Wire.java DEBUG [Forwarding isElementDisplayed on session 0fb59d3c372d29b94d8f2df8106983e1 to remote] http.wire 73 - http-outgoing-3 << "Content-Type:application/json; charset=utf-8[\r][\n]"
12-09-2018 12:36:10 Wire.java DEBUG [Forwarding isElementDisplayed on session 0fb59d3c372d29b94d8f2df8106983e1 to remote] http.wire 73 - http-outgoing-3 << "[\r][\n]"
12-09-2018 12:36:10 Wire.java DEBUG [Forwarding isElementDisplayed on session 0fb59d3c372d29b94d8f2df8106983e1 to remote] http.wire 87 - http-outgoing-3 << "{"sessionId":"0fb59d3c372d29b94d8f2df8106983e1","status":0,"value":true}"
12-09-2018 12:36:10 LoggingManagedHttpClientConnection.java DEBUG [Forwarding isElementDisplayed on session 0fb59d3c372d29b94d8f2df8106983e1 to remote] http.headers 122 - http-outgoing-3 << HTTP/1.1 200 OK
12-09-2018 12:36:10 LoggingManagedHttpClientConnection.java DEBUG [Forwarding isElementDisplayed on session 0fb59d3c372d29b94d8f2df8106983e1 to remote] http.headers 125 - http-outgoing-3 << Content-Length:72
12-09-2018 12:36:10 LoggingManagedHttpClientConnection.java DEBUG [Forwarding isElementDisplayed on session 0fb59d3c372d29b94d8f2df8106983e1 to remote] http.headers 125 - http-outgoing-3 << Content-Type:application/json; charset=utf-8
12-09-2018 12:36:10 MainClientExec.java DEBUG [Forwarding isElementDisplayed on session 0fb59d3c372d29b94d8f2df8106983e1 to remote] execchain.MainClientExec 285 - Connection can be kept alive indefinitely
12-09-2018 12:36:10 PoolingHttpClientConnectionManager.java DEBUG [Forwarding isElementDisplayed on session 0fb59d3c372d29b94d8f2df8106983e1 to remote] conn.PoolingHttpClientConnectionManager 320 - Connection [id: 3][route: {}->http://localhost:13733] can be kept alive indefinitely
12-09-2018 12:36:10 PoolingHttpClientConnectionManager.java DEBUG [Forwarding isElementDisplayed on session 0fb59d3c372d29b94d8f2df8106983e1 to remote] conn.PoolingHttpClientConnectionManager 326 - Connection released: [id: 3][route: {}->http://localhost:13733][total kept alive: 1; route allocated: 1 of 2000; total allocated: 1 of 2000]
12-09-2018 12:36:10 RequestAddCookies.java DEBUG [Forwarding findElement on session 0fb59d3c372d29b94d8f2df8106983e1 to remote] protocol.RequestAddCookies 123 - CookieSpec selected: default
12-09-2018 12:36:10 RequestAuthCache.java DEBUG [Forwarding findElement on session 0fb59d3c372d29b94d8f2df8106983e1 to remote] protocol.RequestAuthCache 77 - Auth cache not set in the context
12-09-2018 12:36:10 PoolingHttpClientConnectionManager.java DEBUG [Forwarding findElement on session 0fb59d3c372d29b94d8f2df8106983e1 to remote] conn.PoolingHttpClientConnectionManager 255 - Connection request: [route: {}->http://localhost:13733][total kept alive: 1; route allocated: 1 of 2000; total allocated: 1 of 2000]
12-09-2018 12:36:10 PoolingHttpClientConnectionManager.java DEBUG [Forwarding findElement on session 0fb59d3c372d29b94d8f2df8106983e1 to remote] conn.PoolingHttpClientConnectionManager 288 - Connection leased: [id: 3][route: {}->http://localhost:13733][total kept alive: 0; route allocated: 1 of 2000; total allocated: 1 of 2000]
12-09-2018 12:36:10 MainClientExec.java DEBUG [Forwarding findElement on session 0fb59d3c372d29b94d8f2df8106983e1 to remote] execchain.MainClientExec 208 - Stale connection check
12-09-2018 12:36:10 Wire.java DEBUG [Forwarding findElement on session 0fb59d3c372d29b94d8f2df8106983e1 to remote] http.wire 87 - http-outgoing-3 << "[read] I/O error: Read timed out"
12-09-2018 12:36:10 LoggingManagedHttpClientConnection.java DEBUG [Forwarding findElement on session 0fb59d3c372d29b94d8f2df8106983e1 to remote] conn.DefaultManagedHttpClientConnection 88 - http-outgoing-3: set socket timeout to 10800000
12-09-2018 12:36:10 MainClientExec.java DEBUG [Forwarding findElement on session 0fb59d3c372d29b94d8f2df8106983e1 to remote] execchain.MainClientExec 256 - Executing request POST /session/0fb59d3c372d29b94d8f2df8106983e1/element HTTP/1.1
12-09-2018 12:36:10 MainClientExec.java DEBUG [Forwarding findElement on session 0fb59d3c372d29b94d8f2df8106983e1 to remote] execchain.MainClientExec 261 - Target auth state: UNCHALLENGED
12-09-2018 12:36:10 MainClientExec.java DEBUG [Forwarding findElement on session 0fb59d3c372d29b94d8f2df8106983e1 to remote] execchain.MainClientExec 267 - Proxy auth state: UNCHALLENGED
12-09-2018 12:36:10 LoggingManagedHttpClientConnection.java DEBUG [Forwarding findElement on session 0fb59d3c372d29b94d8f2df8106983e1 to remote] http.headers 133 - http-outgoing-3 >> POST /session/0fb59d3c372d29b94d8f2df8106983e1/element HTTP/1.1
12-09-2018 12:36:10 LoggingManagedHttpClientConnection.java DEBUG [Forwarding findElement on session 0fb59d3c372d29b94d8f2df8106983e1 to remote] http.headers 136 - http-outgoing-3 >> Content-Type: application/json; charset=utf-8
12-09-2018 12:36:10 LoggingManagedHttpClientConnection.java DEBUG [Forwarding findElement on session 0fb59d3c372d29b94d8f2df8106983e1 to remote] http.headers 136 - http-outgoing-3 >> Content-Length: 53
12-09-2018 12:36:10 LoggingManagedHttpClientConnection.java DEBUG [Forwarding findElement on session 0fb59d3c372d29b94d8f2df8106983e1 to remote] http.headers 136 - http-outgoing-3 >> Host: localhost:13733
12-09-2018 12:36:10 LoggingManagedHttpClientConnection.java DEBUG [Forwarding findElement on session 0fb59d3c372d29b94d8f2df8106983e1 to remote] http.headers 136 - http-outgoing-3 >> Connection: Keep-Alive
12-09-2018 12:36:10 LoggingManagedHttpClientConnection.java DEBUG [Forwarding findElement on session 0fb59d3c372d29b94d8f2df8106983e1 to remote] http.headers 136 - http-outgoing-3 >> User-Agent: Apache-HttpClient/4.5.3 (Java/1.8.0_181)
12-09-2018 12:36:10 LoggingManagedHttpClientConnection.java DEBUG [Forwarding findElement on session 0fb59d3c372d29b94d8f2df8106983e1 to remote] http.headers 136 - http-outgoing-3 >> Accept-Encoding: gzip,deflate
12-09-2018 12:36:10 Wire.java DEBUG [Forwarding findElement on session 0fb59d3c372d29b94d8f2df8106983e1 to remote] http.wire 73 - http-outgoing-3 >> "POST /session/0fb59d3c372d29b94d8f2df8106983e1/element HTTP/1.1[\r][\n]"
12-09-2018 12:36:10 Wire.java DEBUG [Forwarding findElement on session 0fb59d3c372d29b94d8f2df8106983e1 to remote] http.wire 73 - http-outgoing-3 >> "Content-Type: application/json; charset=utf-8[\r][\n]"
12-09-2018 12:36:10 Wire.java DEBUG [Forwarding findElement on session 0fb59d3c372d29b94d8f2df8106983e1 to remote] http.wire 73 - http-outgoing-3 >> "Content-Length: 53[\r][\n]"
12-09-2018 12:36:10 Wire.java DEBUG [Forwarding findElement on session 0fb59d3c372d29b94d8f2df8106983e1 to remote] http.wire 73 - http-outgoing-3 >> "Host: localhost:13733[\r][\n]"
12-09-2018 12:36:10 Wire.java DEBUG [Forwarding findElement on session 0fb59d3c372d29b94d8f2df8106983e1 to remote] http.wire 73 - http-outgoing-3 >> "Connection: Keep-Alive[\r][\n]"
12-09-2018 12:36:10 Wire.java DEBUG [Forwarding findElement on session 0fb59d3c372d29b94d8f2df8106983e1 to remote] http.wire 73 - http-outgoing-3 >> "User-Agent: Apache-HttpClient/4.5.3 (Java/1.8.0_181)[\r][\n]"
12-09-2018 12:36:10 Wire.java DEBUG [Forwarding findElement on session 0fb59d3c372d29b94d8f2df8106983e1 to remote] http.wire 73 - http-outgoing-3 >> "Accept-Encoding: gzip,deflate[\r][\n]"
12-09-2018 12:36:10 Wire.java DEBUG [Forwarding findElement on session 0fb59d3c372d29b94d8f2df8106983e1 to remote] http.wire 73 - http-outgoing-3 >> "[\r][\n]"
12-09-2018 12:36:10 Wire.java DEBUG [Forwarding findElement on session 0fb59d3c372d29b94d8f2df8106983e1 to remote] http.wire 87 - http-outgoing-3 >> "{"using":"xpath","value":"//input[@type='password']"}"
12-09-2018 12:36:10 Wire.java DEBUG [Forwarding findElement on session 0fb59d3c372d29b94d8f2df8106983e1 to remote] http.wire 73 - http-outgoing-3 << "HTTP/1.1 200 OK[\r][\n]"
12-09-2018 12:36:10 Wire.java DEBUG [Forwarding findElement on session 0fb59d3c372d29b94d8f2df8106983e1 to remote] http.wire 73 - http-outgoing-3 << "Content-Length:102[\r][\n]"
12-09-2018 12:36:10 Wire.java DEBUG [Forwarding findElement on session 0fb59d3c372d29b94d8f2df8106983e1 to remote] http.wire 73 - http-outgoing-3 << "Content-Type:application/json; charset=utf-8[\r][\n]"
12-09-2018 12:36:10 Wire.java DEBUG [Forwarding findElement on session 0fb59d3c372d29b94d8f2df8106983e1 to remote] http.wire 73 - http-outgoing-3 << "[\r][\n]"
12-09-2018 12:36:10 Wire.java DEBUG [Forwarding findElement on session 0fb59d3c372d29b94d8f2df8106983e1 to remote] http.wire 87 - http-outgoing-3 << "{"sessionId":"0fb59d3c372d29b94d8f2df8106983e1","status":0,"value":{"ELEMENT":"0.8992521356777354-6"}}"
12-09-2018 12:36:10 LoggingManagedHttpClientConnection.java DEBUG [Forwarding findElement on session 0fb59d3c372d29b94d8f2df8106983e1 to remote] http.headers 122 - http-outgoing-3 << HTTP/1.1 200 OK
12-09-2018 12:36:10 LoggingManagedHttpClientConnection.java DEBUG [Forwarding findElement on session 0fb59d3c372d29b94d8f2df8106983e1 to remote] http.headers 125 - http-outgoing-3 << Content-Length:102
12-09-2018 12:36:10 LoggingManagedHttpClientConnection.java DEBUG [Forwarding findElement on session 0fb59d3c372d29b94d8f2df8106983e1 to remote] http.headers 125 - http-outgoing-3 << Content-Type:application/json; charset=utf-8
12-09-2018 12:36:10 MainClientExec.java DEBUG [Forwarding findElement on session 0fb59d3c372d29b94d8f2df8106983e1 to remote] execchain.MainClientExec 285 - Connection can be kept alive indefinitely
12-09-2018 12:36:10 PoolingHttpClientConnectionManager.java DEBUG [Forwarding findElement on session 0fb59d3c372d29b94d8f2df8106983e1 to remote] conn.PoolingHttpClientConnectionManager 320 - Connection [id: 3][route: {}->http://localhost:13733] can be kept alive indefinitely
12-09-2018 12:36:10 PoolingHttpClientConnectionManager.java DEBUG [Forwarding findElement on session 0fb59d3c372d29b94d8f2df8106983e1 to remote] conn.PoolingHttpClientConnectionManager 326 - Connection released: [id: 3][route: {}->http://localhost:13733][total kept alive: 1; route allocated: 1 of 2000; total allocated: 1 of 2000]
12-09-2018 12:36:10 RequestAddCookies.java DEBUG [Forwarding isElementEnabled on session 0fb59d3c372d29b94d8f2df8106983e1 to remote] protocol.RequestAddCookies 123 - CookieSpec selected: default
12-09-2018 12:36:10 RequestAuthCache.java DEBUG [Forwarding isElementEnabled on session 0fb59d3c372d29b94d8f2df8106983e1 to remote] protocol.RequestAuthCache 77 - Auth cache not set in the context
12-09-2018 12:36:10 PoolingHttpClientConnectionManager.java DEBUG [Forwarding isElementEnabled on session 0fb59d3c372d29b94d8f2df8106983e1 to remote] conn.PoolingHttpClientConnectionManager 255 - Connection request: [route: {}->http://localhost:13733][total kept alive: 1; route allocated: 1 of 2000; total allocated: 1 of 2000]
12-09-2018 12:36:10 PoolingHttpClientConnectionManager.java DEBUG [Forwarding isElementEnabled on session 0fb59d3c372d29b94d8f2df8106983e1 to remote] conn.PoolingHttpClientConnectionManager 288 - Connection leased: [id: 3][route: {}->http://localhost:13733][total kept alive: 0; route allocated: 1 of 2000; total allocated: 1 of 2000]
12-09-2018 12:36:10 MainClientExec.java DEBUG [Forwarding isElementEnabled on session 0fb59d3c372d29b94d8f2df8106983e1 to remote] execchain.MainClientExec 208 - Stale connection check
12-09-2018 12:36:10 Wire.java DEBUG [Forwarding isElementEnabled on session 0fb59d3c372d29b94d8f2df8106983e1 to remote] http.wire 87 - http-outgoing-3 << "[read] I/O error: Read timed out"
12-09-2018 12:36:10 LoggingManagedHttpClientConnection.java DEBUG [Forwarding isElementEnabled on session 0fb59d3c372d29b94d8f2df8106983e1 to remote] conn.DefaultManagedHttpClientConnection 88 - http-outgoing-3: set socket timeout to 10800000
12-09-2018 12:36:10 MainClientExec.java DEBUG [Forwarding isElementEnabled on session 0fb59d3c372d29b94d8f2df8106983e1 to remote] execchain.MainClientExec 256 - Executing request GET /session/0fb59d3c372d29b94d8f2df8106983e1/element/0.8992521356777354-6/enabled HTTP/1.1
12-09-2018 12:36:10 MainClientExec.java DEBUG [Forwarding isElementEnabled on session 0fb59d3c372d29b94d8f2df8106983e1 to remote] execchain.MainClientExec 261 - Target auth state: UNCHALLENGED
12-09-2018 12:36:10 MainClientExec.java DEBUG [Forwarding isElementEnabled on session 0fb59d3c372d29b94d8f2df8106983e1 to remote] execchain.MainClientExec 267 - Proxy auth state: UNCHALLENGED
12-09-2018 12:36:10 LoggingManagedHttpClientConnection.java DEBUG [Forwarding isElementEnabled on session 0fb59d3c372d29b94d8f2df8106983e1 to remote] http.headers 133 - http-outgoing-3 >> GET /session/0fb59d3c372d29b94d8f2df8106983e1/element/0.8992521356777354-6/enabled HTTP/1.1
12-09-2018 12:36:10 LoggingManagedHttpClientConnection.java DEBUG [Forwarding isElementEnabled on session 0fb59d3c372d29b94d8f2df8106983e1 to remote] http.headers 136 - http-outgoing-3 >> Cache-Control: no-cache
12-09-2018 12:36:10 LoggingManagedHttpClientConnection.java DEBUG [Forwarding isElementEnabled on session 0fb59d3c372d29b94d8f2df8106983e1 to remote] http.headers 136 - http-outgoing-3 >> Host: localhost:13733
12-09-2018 12:36:10 LoggingManagedHttpClientConnection.java DEBUG [Forwarding isElementEnabled on session 0fb59d3c372d29b94d8f2df8106983e1 to remote] http.headers 136 - http-outgoing-3 >> Connection: Keep-Alive
12-09-2018 12:36:10 LoggingManagedHttpClientConnection.java DEBUG [Forwarding isElementEnabled on session 0fb59d3c372d29b94d8f2df8106983e1 to remote] http.headers 136 - http-outgoing-3 >> User-Agent: Apache-HttpClient/4.5.3 (Java/1.8.0_181)
12-09-2018 12:36:10 LoggingManagedHttpClientConnection.java DEBUG [Forwarding isElementEnabled on session 0fb59d3c372d29b94d8f2df8106983e1 to remote] http.headers 136 - http-outgoing-3 >> Accept-Encoding: gzip,deflate
12-09-2018 12:36:10 Wire.java DEBUG [Forwarding isElementEnabled on session 0fb59d3c372d29b94d8f2df8106983e1 to remote] http.wire 73 - http-outgoing-3 >> "GET /session/0fb59d3c372d29b94d8f2df8106983e1/element/0.8992521356777354-6/enabled HTTP/1.1[\r][\n]"
12-09-2018 12:36:10 Wire.java DEBUG [Forwarding isElementEnabled on session 0fb59d3c372d29b94d8f2df8106983e1 to remote] http.wire 73 - http-outgoing-3 >> "Cache-Control: no-cache[\r][\n]"
12-09-2018 12:36:10 Wire.java DEBUG [Forwarding isElementEnabled on session 0fb59d3c372d29b94d8f2df8106983e1 to remote] http.wire 73 - http-outgoing-3 >> "Host: localhost:13733[\r][\n]"
12-09-2018 12:36:10 Wire.java DEBUG [Forwarding isElementEnabled on session 0fb59d3c372d29b94d8f2df8106983e1 to remote] http.wire 73 - http-outgoing-3 >> "Connection: Keep-Alive[\r][\n]"
12-09-2018 12:36:10 Wire.java DEBUG [Forwarding isElementEnabled on session 0fb59d3c372d29b94d8f2df8106983e1 to remote] http.wire 73 - http-outgoing-3 >> "User-Agent: Apache-HttpClient/4.5.3 (Java/1.8.0_181)[\r][\n]"
12-09-2018 12:36:10 Wire.java DEBUG [Forwarding isElementEnabled on session 0fb59d3c372d29b94d8f2df8106983e1 to remote] http.wire 73 - http-outgoing-3 >> "Accept-Encoding: gzip,deflate[\r][\n]"
12-09-2018 12:36:10 Wire.java DEBUG [Forwarding isElementEnabled on session 0fb59d3c372d29b94d8f2df8106983e1 to remote] http.wire 73 - http-outgoing-3 >> "[\r][\n]"
12-09-2018 12:36:10 Wire.java DEBUG [Forwarding isElementEnabled on session 0fb59d3c372d29b94d8f2df8106983e1 to remote] http.wire 73 - http-outgoing-3 << "HTTP/1.1 200 OK[\r][\n]"
12-09-2018 12:36:10 Wire.java DEBUG [Forwarding isElementEnabled on session 0fb59d3c372d29b94d8f2df8106983e1 to remote] http.wire 73 - http-outgoing-3 << "Content-Length:72[\r][\n]"
12-09-2018 12:36:10 Wire.java DEBUG [Forwarding isElementEnabled on session 0fb59d3c372d29b94d8f2df8106983e1 to remote] http.wire 73 - http-outgoing-3 << "Content-Type:application/json; charset=utf-8[\r][\n]"
12-09-2018 12:36:10 Wire.java DEBUG [Forwarding isElementEnabled on session 0fb59d3c372d29b94d8f2df8106983e1 to remote] http.wire 73 - http-outgoing-3 << "[\r][\n]"
12-09-2018 12:36:10 Wire.java DEBUG [Forwarding isElementEnabled on session 0fb59d3c372d29b94d8f2df8106983e1 to remote] http.wire 87 - http-outgoing-3 << "{"sessionId":"0fb59d3c372d29b94d8f2df8106983e1","status":0,"value":true}"
12-09-2018 12:36:10 LoggingManagedHttpClientConnection.java DEBUG [Forwarding isElementEnabled on session 0fb59d3c372d29b94d8f2df8106983e1 to remote] http.headers 122 - http-outgoing-3 << HTTP/1.1 200 OK
12-09-2018 12:36:10 LoggingManagedHttpClientConnection.java DEBUG [Forwarding isElementEnabled on session 0fb59d3c372d29b94d8f2df8106983e1 to remote] http.headers 125 - http-outgoing-3 << Content-Length:72
12-09-2018 12:36:10 LoggingManagedHttpClientConnection.java DEBUG [Forwarding isElementEnabled on session 0fb59d3c372d29b94d8f2df8106983e1 to remote] http.headers 125 - http-outgoing-3 << Content-Type:application/json; charset=utf-8
12-09-2018 12:36:10 MainClientExec.java DEBUG [Forwarding isElementEnabled on session 0fb59d3c372d29b94d8f2df8106983e1 to remote] execchain.MainClientExec 285 - Connection can be kept alive indefinitely
12-09-2018 12:36:10 PoolingHttpClientConnectionManager.java DEBUG [Forwarding isElementEnabled on session 0fb59d3c372d29b94d8f2df8106983e1 to remote] conn.PoolingHttpClientConnectionManager 320 - Connection [id: 3][route: {}->http://localhost:13733] can be kept alive indefinitely
12-09-2018 12:36:10 PoolingHttpClientConnectionManager.java DEBUG [Forwarding isElementEnabled on session 0fb59d3c372d29b94d8f2df8106983e1 to remote] conn.PoolingHttpClientConnectionManager 326 - Connection released: [id: 3][route: {}->http://localhost:13733][total kept alive: 1; route allocated: 1 of 2000; total allocated: 1 of 2000]
12-09-2018 12:36:10 RequestAddCookies.java DEBUG [Forwarding findElement on session 0fb59d3c372d29b94d8f2df8106983e1 to remote] protocol.RequestAddCookies 123 - CookieSpec selected: default
12-09-2018 12:36:10 RequestAuthCache.java DEBUG [Forwarding findElement on session 0fb59d3c372d29b94d8f2df8106983e1 to remote] protocol.RequestAuthCache 77 - Auth cache not set in the context
12-09-2018 12:36:10 PoolingHttpClientConnectionManager.java DEBUG [Forwarding findElement on session 0fb59d3c372d29b94d8f2df8106983e1 to remote] conn.PoolingHttpClientConnectionManager 255 - Connection request: [route: {}->http://localhost:13733][total kept alive: 1; route allocated: 1 of 2000; total allocated: 1 of 2000]
12-09-2018 12:36:10 PoolingHttpClientConnectionManager.java DEBUG [Forwarding findElement on session 0fb59d3c372d29b94d8f2df8106983e1 to remote] conn.PoolingHttpClientConnectionManager 288 - Connection leased: [id: 3][route: {}->http://localhost:13733][total kept alive: 0; route allocated: 1 of 2000; total allocated: 1 of 2000]
12-09-2018 12:36:10 MainClientExec.java DEBUG [Forwarding findElement on session 0fb59d3c372d29b94d8f2df8106983e1 to remote] execchain.MainClientExec 208 - Stale connection check
12-09-2018 12:36:10 Wire.java DEBUG [Forwarding findElement on session 0fb59d3c372d29b94d8f2df8106983e1 to remote] http.wire 87 - http-outgoing-3 << "[read] I/O error: Read timed out"
12-09-2018 12:36:10 LoggingManagedHttpClientConnection.java DEBUG [Forwarding findElement on session 0fb59d3c372d29b94d8f2df8106983e1 to remote] conn.DefaultManagedHttpClientConnection 88 - http-outgoing-3: set socket timeout to 10800000
12-09-2018 12:36:10 MainClientExec.java DEBUG [Forwarding findElement on session 0fb59d3c372d29b94d8f2df8106983e1 to remote] execchain.MainClientExec 256 - Executing request POST /session/0fb59d3c372d29b94d8f2df8106983e1/element HTTP/1.1
12-09-2018 12:36:10 MainClientExec.java DEBUG [Forwarding findElement on session 0fb59d3c372d29b94d8f2df8106983e1 to remote] execchain.MainClientExec 261 - Target auth state: UNCHALLENGED
12-09-2018 12:36:10 MainClientExec.java DEBUG [Forwarding findElement on session 0fb59d3c372d29b94d8f2df8106983e1 to remote] execchain.MainClientExec 267 - Proxy auth state: UNCHALLENGED
12-09-2018 12:36:10 LoggingManagedHttpClientConnection.java DEBUG [Forwarding findElement on session 0fb59d3c372d29b94d8f2df8106983e1 to remote] http.headers 133 - http-outgoing-3 >> POST /session/0fb59d3c372d29b94d8f2df8106983e1/element HTTP/1.1
12-09-2018 12:36:10 LoggingManagedHttpClientConnection.java DEBUG [Forwarding findElement on session 0fb59d3c372d29b94d8f2df8106983e1 to remote] http.headers 136 - http-outgoing-3 >> Content-Type: application/json; charset=utf-8
12-09-2018 12:36:10 LoggingManagedHttpClientConnection.java DEBUG [Forwarding findElement on session 0fb59d3c372d29b94d8f2df8106983e1 to remote] http.headers 136 - http-outgoing-3 >> Content-Length: 58
12-09-2018 12:36:10 LoggingManagedHttpClientConnection.java DEBUG [Forwarding findElement on session 0fb59d3c372d29b94d8f2df8106983e1 to remote] http.headers 136 - http-outgoing-3 >> Host: localhost:13733
12-09-2018 12:36:10 LoggingManagedHttpClientConnection.java DEBUG [Forwarding findElement on session 0fb59d3c372d29b94d8f2df8106983e1 to remote] http.headers 136 - http-outgoing-3 >> Connection: Keep-Alive
12-09-2018 12:36:10 LoggingManagedHttpClientConnection.java DEBUG [Forwarding findElement on session 0fb59d3c372d29b94d8f2df8106983e1 to remote] http.headers 136 - http-outgoing-3 >> User-Agent: Apache-HttpClient/4.5.3 (Java/1.8.0_181)
12-09-2018 12:36:10 LoggingManagedHttpClientConnection.java DEBUG [Forwarding findElement on session 0fb59d3c372d29b94d8f2df8106983e1 to remote] http.headers 136 - http-outgoing-3 >> Accept-Encoding: gzip,deflate
12-09-2018 12:36:10 Wire.java DEBUG [Forwarding findElement on session 0fb59d3c372d29b94d8f2df8106983e1 to remote] http.wire 73 - http-outgoing-3 >> "POST /session/0fb59d3c372d29b94d8f2df8106983e1/element HTTP/1.1[\r][\n]"
12-09-2018 12:36:10 Wire.java DEBUG [Forwarding findElement on session 0fb59d3c372d29b94d8f2df8106983e1 to remote] http.wire 73 - http-outgoing-3 >> "Content-Type: application/json; charset=utf-8[\r][\n]"
12-09-2018 12:36:10 Wire.java DEBUG [Forwarding findElement on session 0fb59d3c372d29b94d8f2df8106983e1 to remote] http.wire 73 - http-outgoing-3 >> "Content-Length: 58[\r][\n]"
12-09-2018 12:36:10 Wire.java DEBUG [Forwarding findElement on session 0fb59d3c372d29b94d8f2df8106983e1 to remote] http.wire 73 - http-outgoing-3 >> "Host: localhost:13733[\r][\n]"
12-09-2018 12:36:10 Wire.java DEBUG [Forwarding findElement on session 0fb59d3c372d29b94d8f2df8106983e1 to remote] http.wire 73 - http-outgoing-3 >> "Connection: Keep-Alive[\r][\n]"
12-09-2018 12:36:10 Wire.java DEBUG [Forwarding findElement on session 0fb59d3c372d29b94d8f2df8106983e1 to remote] http.wire 73 - http-outgoing-3 >> "User-Agent: Apache-HttpClient/4.5.3 (Java/1.8.0_181)[\r][\n]"
12-09-2018 12:36:10 Wire.java DEBUG [Forwarding findElement on session 0fb59d3c372d29b94d8f2df8106983e1 to remote] http.wire 73 - http-outgoing-3 >> "Accept-Encoding: gzip,deflate[\r][\n]"
12-09-2018 12:36:10 Wire.java DEBUG [Forwarding findElement on session 0fb59d3c372d29b94d8f2df8106983e1 to remote] http.wire 73 - http-outgoing-3 >> "[\r][\n]"
12-09-2018 12:36:10 Wire.java DEBUG [Forwarding findElement on session 0fb59d3c372d29b94d8f2df8106983e1 to remote] http.wire 87 - http-outgoing-3 >> "{"using":"xpath","value":"//span[@class='RveJvd snByac']"}"
12-09-2018 12:36:10 Wire.java DEBUG [Forwarding findElement on session 0fb59d3c372d29b94d8f2df8106983e1 to remote] http.wire 73 - http-outgoing-3 << "HTTP/1.1 200 OK[\r][\n]"
12-09-2018 12:36:10 Wire.java DEBUG [Forwarding findElement on session 0fb59d3c372d29b94d8f2df8106983e1 to remote] http.wire 73 - http-outgoing-3 << "Content-Length:102[\r][\n]"
12-09-2018 12:36:10 Wire.java DEBUG [Forwarding findElement on session 0fb59d3c372d29b94d8f2df8106983e1 to remote] http.wire 73 - http-outgoing-3 << "Content-Type:application/json; charset=utf-8[\r][\n]"
12-09-2018 12:36:10 Wire.java DEBUG [Forwarding findElement on session 0fb59d3c372d29b94d8f2df8106983e1 to remote] http.wire 73 - http-outgoing-3 << "[\r][\n]"
12-09-2018 12:36:10 Wire.java DEBUG [Forwarding findElement on session 0fb59d3c372d29b94d8f2df8106983e1 to remote] http.wire 87 - http-outgoing-3 << "{"sessionId":"0fb59d3c372d29b94d8f2df8106983e1","status":0,"value":{"ELEMENT":"0.8992521356777354-7"}}"
12-09-2018 12:36:10 LoggingManagedHttpClientConnection.java DEBUG [Forwarding findElement on session 0fb59d3c372d29b94d8f2df8106983e1 to remote] http.headers 122 - http-outgoing-3 << HTTP/1.1 200 OK
12-09-2018 12:36:10 LoggingManagedHttpClientConnection.java DEBUG [Forwarding findElement on session 0fb59d3c372d29b94d8f2df8106983e1 to remote] http.headers 125 - http-outgoing-3 << Content-Length:102
12-09-2018 12:36:10 LoggingManagedHttpClientConnection.java DEBUG [Forwarding findElement on session 0fb59d3c372d29b94d8f2df8106983e1 to remote] http.headers 125 - http-outgoing-3 << Content-Type:application/json; charset=utf-8
12-09-2018 12:36:10 MainClientExec.java DEBUG [Forwarding findElement on session 0fb59d3c372d29b94d8f2df8106983e1 to remote] execchain.MainClientExec 285 - Connection can be kept alive indefinitely
12-09-2018 12:36:10 PoolingHttpClientConnectionManager.java DEBUG [Forwarding findElement on session 0fb59d3c372d29b94d8f2df8106983e1 to remote] conn.PoolingHttpClientConnectionManager 320 - Connection [id: 3][route: {}->http://localhost:13733] can be kept alive indefinitely
12-09-2018 12:36:10 PoolingHttpClientConnectionManager.java DEBUG [Forwarding findElement on session 0fb59d3c372d29b94d8f2df8106983e1 to remote] conn.PoolingHttpClientConnectionManager 326 - Connection released: [id: 3][route: {}->http://localhost:13733][total kept alive: 1; route allocated: 1 of 2000; total allocated: 1 of 2000]
12-09-2018 12:36:10 RequestAddCookies.java DEBUG [Forwarding isElementDisplayed on session 0fb59d3c372d29b94d8f2df8106983e1 to remote] protocol.RequestAddCookies 123 - CookieSpec selected: default
12-09-2018 12:36:10 RequestAuthCache.java DEBUG [Forwarding isElementDisplayed on session 0fb59d3c372d29b94d8f2df8106983e1 to remote] protocol.RequestAuthCache 77 - Auth cache not set in the context
12-09-2018 12:36:10 PoolingHttpClientConnectionManager.java DEBUG [Forwarding isElementDisplayed on session 0fb59d3c372d29b94d8f2df8106983e1 to remote] conn.PoolingHttpClientConnectionManager 255 - Connection request: [route: {}->http://localhost:13733][total kept alive: 1; route allocated: 1 of 2000; total allocated: 1 of 2000]
12-09-2018 12:36:10 PoolingHttpClientConnectionManager.java DEBUG [Forwarding isElementDisplayed on session 0fb59d3c372d29b94d8f2df8106983e1 to remote] conn.PoolingHttpClientConnectionManager 288 - Connection leased: [id: 3][route: {}->http://localhost:13733][total kept alive: 0; route allocated: 1 of 2000; total allocated: 1 of 2000]
12-09-2018 12:36:10 MainClientExec.java DEBUG [Forwarding isElementDisplayed on session 0fb59d3c372d29b94d8f2df8106983e1 to remote] execchain.MainClientExec 208 - Stale connection check
12-09-2018 12:36:10 Wire.java DEBUG [Forwarding isElementDisplayed on session 0fb59d3c372d29b94d8f2df8106983e1 to remote] http.wire 87 - http-outgoing-3 << "[read] I/O error: Read timed out"
12-09-2018 12:36:10 LoggingManagedHttpClientConnection.java DEBUG [Forwarding isElementDisplayed on session 0fb59d3c372d29b94d8f2df8106983e1 to remote] conn.DefaultManagedHttpClientConnection 88 - http-outgoing-3: set socket timeout to 10800000
12-09-2018 12:36:10 MainClientExec.java DEBUG [Forwarding isElementDisplayed on session 0fb59d3c372d29b94d8f2df8106983e1 to remote] execchain.MainClientExec 256 - Executing request GET /session/0fb59d3c372d29b94d8f2df8106983e1/element/0.8992521356777354-7/displayed HTTP/1.1
12-09-2018 12:36:10 MainClientExec.java DEBUG [Forwarding isElementDisplayed on session 0fb59d3c372d29b94d8f2df8106983e1 to remote] execchain.MainClientExec 261 - Target auth state: UNCHALLENGED
12-09-2018 12:36:10 MainClientExec.java DEBUG [Forwarding isElementDisplayed on session 0fb59d3c372d29b94d8f2df8106983e1 to remote] execchain.MainClientExec 267 - Proxy auth state: UNCHALLENGED
12-09-2018 12:36:10 LoggingManagedHttpClientConnection.java DEBUG [Forwarding isElementDisplayed on session 0fb59d3c372d29b94d8f2df8106983e1 to remote] http.headers 133 - http-outgoing-3 >> GET /session/0fb59d3c372d29b94d8f2df8106983e1/element/0.8992521356777354-7/displayed HTTP/1.1
12-09-2018 12:36:10 LoggingManagedHttpClientConnection.java DEBUG [Forwarding isElementDisplayed on session 0fb59d3c372d29b94d8f2df8106983e1 to remote] http.headers 136 - http-outgoing-3 >> Cache-Control: no-cache
12-09-2018 12:36:10 LoggingManagedHttpClientConnection.java DEBUG [Forwarding isElementDisplayed on session 0fb59d3c372d29b94d8f2df8106983e1 to remote] http.headers 136 - http-outgoing-3 >> Host: localhost:13733
12-09-2018 12:36:10 LoggingManagedHttpClientConnection.java DEBUG [Forwarding isElementDisplayed on session 0fb59d3c372d29b94d8f2df8106983e1 to remote] http.headers 136 - http-outgoing-3 >> Connection: Keep-Alive
12-09-2018 12:36:10 LoggingManagedHttpClientConnection.java DEBUG [Forwarding isElementDisplayed on session 0fb59d3c372d29b94d8f2df8106983e1 to remote] http.headers 136 - http-outgoing-3 >> User-Agent: Apache-HttpClient/4.5.3 (Java/1.8.0_181)
12-09-2018 12:36:10 LoggingManagedHttpClientConnection.java DEBUG [Forwarding isElementDisplayed on session 0fb59d3c372d29b94d8f2df8106983e1 to remote] http.headers 136 - http-outgoing-3 >> Accept-Encoding: gzip,deflate
12-09-2018 12:36:10 Wire.java DEBUG [Forwarding isElementDisplayed on session 0fb59d3c372d29b94d8f2df8106983e1 to remote] http.wire 73 - http-outgoing-3 >> "GET /session/0fb59d3c372d29b94d8f2df8106983e1/element/0.8992521356777354-7/displayed HTTP/1.1[\r][\n]"
12-09-2018 12:36:10 Wire.java DEBUG [Forwarding isElementDisplayed on session 0fb59d3c372d29b94d8f2df8106983e1 to remote] http.wire 73 - http-outgoing-3 >> "Cache-Control: no-cache[\r][\n]"
12-09-2018 12:36:10 Wire.java DEBUG [Forwarding isElementDisplayed on session 0fb59d3c372d29b94d8f2df8106983e1 to remote] http.wire 73 - http-outgoing-3 >> "Host: localhost:13733[\r][\n]"
12-09-2018 12:36:10 Wire.java DEBUG [Forwarding isElementDisplayed on session 0fb59d3c372d29b94d8f2df8106983e1 to remote] http.wire 73 - http-outgoing-3 >> "Connection: Keep-Alive[\r][\n]"
12-09-2018 12:36:10 Wire.java DEBUG [Forwarding isElementDisplayed on session 0fb59d3c372d29b94d8f2df8106983e1 to remote] http.wire 73 - http-outgoing-3 >> "User-Agent: Apache-HttpClient/4.5.3 (Java/1.8.0_181)[\r][\n]"
12-09-2018 12:36:10 Wire.java DEBUG [Forwarding isElementDisplayed on session 0fb59d3c372d29b94d8f2df8106983e1 to remote] http.wire 73 - http-outgoing-3 >> "Accept-Encoding: gzip,deflate[\r][\n]"
12-09-2018 12:36:10 Wire.java DEBUG [Forwarding isElementDisplayed on session 0fb59d3c372d29b94d8f2df8106983e1 to remote] http.wire 73 - http-outgoing-3 >> "[\r][\n]"
12-09-2018 12:36:10 Wire.java DEBUG [Forwarding isElementDisplayed on session 0fb59d3c372d29b94d8f2df8106983e1 to remote] http.wire 73 - http-outgoing-3 << "HTTP/1.1 200 OK[\r][\n]"
12-09-2018 12:36:10 Wire.java DEBUG [Forwarding isElementDisplayed on session 0fb59d3c372d29b94d8f2df8106983e1 to remote] http.wire 73 - http-outgoing-3 << "Content-Length:72[\r][\n]"
12-09-2018 12:36:10 Wire.java DEBUG [Forwarding isElementDisplayed on session 0fb59d3c372d29b94d8f2df8106983e1 to remote] http.wire 73 - http-outgoing-3 << "Content-Type:application/json; charset=utf-8[\r][\n]"
12-09-2018 12:36:10 Wire.java DEBUG [Forwarding isElementDisplayed on session 0fb59d3c372d29b94d8f2df8106983e1 to remote] http.wire 73 - http-outgoing-3 << "[\r][\n]"
12-09-2018 12:36:10 Wire.java DEBUG [Forwarding isElementDisplayed on session 0fb59d3c372d29b94d8f2df8106983e1 to remote] http.wire 87 - http-outgoing-3 << "{"sessionId":"0fb59d3c372d29b94d8f2df8106983e1","status":0,"value":true}"
12-09-2018 12:36:10 LoggingManagedHttpClientConnection.java DEBUG [Forwarding isElementDisplayed on session 0fb59d3c372d29b94d8f2df8106983e1 to remote] http.headers 122 - http-outgoing-3 << HTTP/1.1 200 OK
12-09-2018 12:36:10 LoggingManagedHttpClientConnection.java DEBUG [Forwarding isElementDisplayed on session 0fb59d3c372d29b94d8f2df8106983e1 to remote] http.headers 125 - http-outgoing-3 << Content-Length:72
12-09-2018 12:36:10 LoggingManagedHttpClientConnection.java DEBUG [Forwarding isElementDisplayed on session 0fb59d3c372d29b94d8f2df8106983e1 to remote] http.headers 125 - http-outgoing-3 << Content-Type:application/json; charset=utf-8
12-09-2018 12:36:10 MainClientExec.java DEBUG [Forwarding isElementDisplayed on session 0fb59d3c372d29b94d8f2df8106983e1 to remote] execchain.MainClientExec 285 - Connection can be kept alive indefinitely
12-09-2018 12:36:10 PoolingHttpClientConnectionManager.java DEBUG [Forwarding isElementDisplayed on session 0fb59d3c372d29b94d8f2df8106983e1 to remote] conn.PoolingHttpClientConnectionManager 320 - Connection [id: 3][route: {}->http://localhost:13733] can be kept alive indefinitely
12-09-2018 12:36:10 PoolingHttpClientConnectionManager.java DEBUG [Forwarding isElementDisplayed on session 0fb59d3c372d29b94d8f2df8106983e1 to remote] conn.PoolingHttpClientConnectionManager 326 - Connection released: [id: 3][route: {}->http://localhost:13733][total kept alive: 1; route allocated: 1 of 2000; total allocated: 1 of 2000]
12-09-2018 12:36:10 RequestAddCookies.java DEBUG [Forwarding findElement on session 0fb59d3c372d29b94d8f2df8106983e1 to remote] protocol.RequestAddCookies 123 - CookieSpec selected: default
12-09-2018 12:36:10 RequestAuthCache.java DEBUG [Forwarding findElement on session 0fb59d3c372d29b94d8f2df8106983e1 to remote] protocol.RequestAuthCache 77 - Auth cache not set in the context
12-09-2018 12:36:10 PoolingHttpClientConnectionManager.java DEBUG [Forwarding findElement on session 0fb59d3c372d29b94d8f2df8106983e1 to remote] conn.PoolingHttpClientConnectionManager 255 - Connection request: [route: {}->http://localhost:13733][total kept alive: 1; route allocated: 1 of 2000; total allocated: 1 of 2000]
12-09-2018 12:36:10 PoolingHttpClientConnectionManager.java DEBUG [Forwarding findElement on session 0fb59d3c372d29b94d8f2df8106983e1 to remote] conn.PoolingHttpClientConnectionManager 288 - Connection leased: [id: 3][route: {}->http://localhost:13733][total kept alive: 0; route allocated: 1 of 2000; total allocated: 1 of 2000]
12-09-2018 12:36:10 MainClientExec.java DEBUG [Forwarding findElement on session 0fb59d3c372d29b94d8f2df8106983e1 to remote] execchain.MainClientExec 208 - Stale connection check
12-09-2018 12:36:10 Wire.java DEBUG [Forwarding findElement on session 0fb59d3c372d29b94d8f2df8106983e1 to remote] http.wire 87 - http-outgoing-3 << "[read] I/O error: Read timed out"
12-09-2018 12:36:10 LoggingManagedHttpClientConnection.java DEBUG [Forwarding findElement on session 0fb59d3c372d29b94d8f2df8106983e1 to remote] conn.DefaultManagedHttpClientConnection 88 - http-outgoing-3: set socket timeout to 10800000
12-09-2018 12:36:10 MainClientExec.java DEBUG [Forwarding findElement on session 0fb59d3c372d29b94d8f2df8106983e1 to remote] execchain.MainClientExec 256 - Executing request POST /session/0fb59d3c372d29b94d8f2df8106983e1/element HTTP/1.1
12-09-2018 12:36:10 MainClientExec.java DEBUG [Forwarding findElement on session 0fb59d3c372d29b94d8f2df8106983e1 to remote] execchain.MainClientExec 261 - Target auth state: UNCHALLENGED
12-09-2018 12:36:10 MainClientExec.java DEBUG [Forwarding findElement on session 0fb59d3c372d29b94d8f2df8106983e1 to remote] execchain.MainClientExec 267 - Proxy auth state: UNCHALLENGED
12-09-2018 12:36:10 LoggingManagedHttpClientConnection.java DEBUG [Forwarding findElement on session 0fb59d3c372d29b94d8f2df8106983e1 to remote] http.headers 133 - http-outgoing-3 >> POST /session/0fb59d3c372d29b94d8f2df8106983e1/element HTTP/1.1
12-09-2018 12:36:10 LoggingManagedHttpClientConnection.java DEBUG [Forwarding findElement on session 0fb59d3c372d29b94d8f2df8106983e1 to remote] http.headers 136 - http-outgoing-3 >> Content-Type: application/json; charset=utf-8
12-09-2018 12:36:10 LoggingManagedHttpClientConnection.java DEBUG [Forwarding findElement on session 0fb59d3c372d29b94d8f2df8106983e1 to remote] http.headers 136 - http-outgoing-3 >> Content-Length: 58
12-09-2018 12:36:10 LoggingManagedHttpClientConnection.java DEBUG [Forwarding findElement on session 0fb59d3c372d29b94d8f2df8106983e1 to remote] http.headers 136 - http-outgoing-3 >> Host: localhost:13733
12-09-2018 12:36:10 LoggingManagedHttpClientConnection.java DEBUG [Forwarding findElement on session 0fb59d3c372d29b94d8f2df8106983e1 to remote] http.headers 136 - http-outgoing-3 >> Connection: Keep-Alive
12-09-2018 12:36:10 LoggingManagedHttpClientConnection.java DEBUG [Forwarding findElement on session 0fb59d3c372d29b94d8f2df8106983e1 to remote] http.headers 136 - http-outgoing-3 >> User-Agent: Apache-HttpClient/4.5.3 (Java/1.8.0_181)
12-09-2018 12:36:10 LoggingManagedHttpClientConnection.java DEBUG [Forwarding findElement on session 0fb59d3c372d29b94d8f2df8106983e1 to remote] http.headers 136 - http-outgoing-3 >> Accept-Encoding: gzip,deflate
12-09-2018 12:36:10 Wire.java DEBUG [Forwarding findElement on session 0fb59d3c372d29b94d8f2df8106983e1 to remote] http.wire 73 - http-outgoing-3 >> "POST /session/0fb59d3c372d29b94d8f2df8106983e1/element HTTP/1.1[\r][\n]"
12-09-2018 12:36:10 Wire.java DEBUG [Forwarding findElement on session 0fb59d3c372d29b94d8f2df8106983e1 to remote] http.wire 73 - http-outgoing-3 >> "Content-Type: application/json; charset=utf-8[\r][\n]"
12-09-2018 12:36:10 Wire.java DEBUG [Forwarding findElement on session 0fb59d3c372d29b94d8f2df8106983e1 to remote] http.wire 73 - http-outgoing-3 >> "Content-Length: 58[\r][\n]"
12-09-2018 12:36:10 Wire.java DEBUG [Forwarding findElement on session 0fb59d3c372d29b94d8f2df8106983e1 to remote] http.wire 73 - http-outgoing-3 >> "Host: localhost:13733[\r][\n]"
12-09-2018 12:36:10 Wire.java DEBUG [Forwarding findElement on session 0fb59d3c372d29b94d8f2df8106983e1 to remote] http.wire 73 - http-outgoing-3 >> "Connection: Keep-Alive[\r][\n]"
12-09-2018 12:36:10 Wire.java DEBUG [Forwarding findElement on session 0fb59d3c372d29b94d8f2df8106983e1 to remote] http.wire 73 - http-outgoing-3 >> "User-Agent: Apache-HttpClient/4.5.3 (Java/1.8.0_181)[\r][\n]"
12-09-2018 12:36:10 Wire.java DEBUG [Forwarding findElement on session 0fb59d3c372d29b94d8f2df8106983e1 to remote] http.wire 73 - http-outgoing-3 >> "Accept-Encoding: gzip,deflate[\r][\n]"
12-09-2018 12:36:10 Wire.java DEBUG [Forwarding findElement on session 0fb59d3c372d29b94d8f2df8106983e1 to remote] http.wire 73 - http-outgoing-3 >> "[\r][\n]"
12-09-2018 12:36:10 Wire.java DEBUG [Forwarding findElement on session 0fb59d3c372d29b94d8f2df8106983e1 to remote] http.wire 87 - http-outgoing-3 >> "{"using":"xpath","value":"//span[@class='RveJvd snByac']"}"
12-09-2018 12:36:10 Wire.java DEBUG [Forwarding findElement on session 0fb59d3c372d29b94d8f2df8106983e1 to remote] http.wire 73 - http-outgoing-3 << "HTTP/1.1 200 OK[\r][\n]"
12-09-2018 12:36:10 Wire.java DEBUG [Forwarding findElement on session 0fb59d3c372d29b94d8f2df8106983e1 to remote] http.wire 73 - http-outgoing-3 << "Content-Length:102[\r][\n]"
12-09-2018 12:36:10 Wire.java DEBUG [Forwarding findElement on session 0fb59d3c372d29b94d8f2df8106983e1 to remote] http.wire 73 - http-outgoing-3 << "Content-Type:application/json; charset=utf-8[\r][\n]"
12-09-2018 12:36:10 Wire.java DEBUG [Forwarding findElement on session 0fb59d3c372d29b94d8f2df8106983e1 to remote] http.wire 73 - http-outgoing-3 << "[\r][\n]"
12-09-2018 12:36:10 Wire.java DEBUG [Forwarding findElement on session 0fb59d3c372d29b94d8f2df8106983e1 to remote] http.wire 87 - http-outgoing-3 << "{"sessionId":"0fb59d3c372d29b94d8f2df8106983e1","status":0,"value":{"ELEMENT":"0.8992521356777354-7"}}"
12-09-2018 12:36:10 LoggingManagedHttpClientConnection.java DEBUG [Forwarding findElement on session 0fb59d3c372d29b94d8f2df8106983e1 to remote] http.headers 122 - http-outgoing-3 << HTTP/1.1 200 OK
12-09-2018 12:36:10 LoggingManagedHttpClientConnection.java DEBUG [Forwarding findElement on session 0fb59d3c372d29b94d8f2df8106983e1 to remote] http.headers 125 - http-outgoing-3 << Content-Length:102
12-09-2018 12:36:10 LoggingManagedHttpClientConnection.java DEBUG [Forwarding findElement on session 0fb59d3c372d29b94d8f2df8106983e1 to remote] http.headers 125 - http-outgoing-3 << Content-Type:application/json; charset=utf-8
12-09-2018 12:36:10 MainClientExec.java DEBUG [Forwarding findElement on session 0fb59d3c372d29b94d8f2df8106983e1 to remote] execchain.MainClientExec 285 - Connection can be kept alive indefinitely
12-09-2018 12:36:10 PoolingHttpClientConnectionManager.java DEBUG [Forwarding findElement on session 0fb59d3c372d29b94d8f2df8106983e1 to remote] conn.PoolingHttpClientConnectionManager 320 - Connection [id: 3][route: {}->http://localhost:13733] can be kept alive indefinitely
12-09-2018 12:36:10 PoolingHttpClientConnectionManager.java DEBUG [Forwarding findElement on session 0fb59d3c372d29b94d8f2df8106983e1 to remote] conn.PoolingHttpClientConnectionManager 326 - Connection released: [id: 3][route: {}->http://localhost:13733][total kept alive: 1; route allocated: 1 of 2000; total allocated: 1 of 2000]
12-09-2018 12:36:10 RequestAddCookies.java DEBUG [Forwarding isElementDisplayed on session 0fb59d3c372d29b94d8f2df8106983e1 to remote] protocol.RequestAddCookies 123 - CookieSpec selected: default
12-09-2018 12:36:10 RequestAuthCache.java DEBUG [Forwarding isElementDisplayed on session 0fb59d3c372d29b94d8f2df8106983e1 to remote] protocol.RequestAuthCache 77 - Auth cache not set in the context
12-09-2018 12:36:10 PoolingHttpClientConnectionManager.java DEBUG [Forwarding isElementDisplayed on session 0fb59d3c372d29b94d8f2df8106983e1 to remote] conn.PoolingHttpClientConnectionManager 255 - Connection request: [route: {}->http://localhost:13733][total kept alive: 1; route allocated: 1 of 2000; total allocated: 1 of 2000]
12-09-2018 12:36:10 PoolingHttpClientConnectionManager.java DEBUG [Forwarding isElementDisplayed on session 0fb59d3c372d29b94d8f2df8106983e1 to remote] conn.PoolingHttpClientConnectionManager 288 - Connection leased: [id: 3][route: {}->http://localhost:13733][total kept alive: 0; route allocated: 1 of 2000; total allocated: 1 of 2000]
12-09-2018 12:36:10 MainClientExec.java DEBUG [Forwarding isElementDisplayed on session 0fb59d3c372d29b94d8f2df8106983e1 to remote] execchain.MainClientExec 208 - Stale connection check
12-09-2018 12:36:10 Wire.java DEBUG [Forwarding isElementDisplayed on session 0fb59d3c372d29b94d8f2df8106983e1 to remote] http.wire 87 - http-outgoing-3 << "[read] I/O error: Read timed out"
12-09-2018 12:36:10 LoggingManagedHttpClientConnection.java DEBUG [Forwarding isElementDisplayed on session 0fb59d3c372d29b94d8f2df8106983e1 to remote] conn.DefaultManagedHttpClientConnection 88 - http-outgoing-3: set socket timeout to 10800000
12-09-2018 12:36:10 MainClientExec.java DEBUG [Forwarding isElementDisplayed on session 0fb59d3c372d29b94d8f2df8106983e1 to remote] execchain.MainClientExec 256 - Executing request GET /session/0fb59d3c372d29b94d8f2df8106983e1/element/0.8992521356777354-7/displayed HTTP/1.1
12-09-2018 12:36:10 MainClientExec.java DEBUG [Forwarding isElementDisplayed on session 0fb59d3c372d29b94d8f2df8106983e1 to remote] execchain.MainClientExec 261 - Target auth state: UNCHALLENGED
12-09-2018 12:36:10 MainClientExec.java DEBUG [Forwarding isElementDisplayed on session 0fb59d3c372d29b94d8f2df8106983e1 to remote] execchain.MainClientExec 267 - Proxy auth state: UNCHALLENGED
12-09-2018 12:36:10 LoggingManagedHttpClientConnection.java DEBUG [Forwarding isElementDisplayed on session 0fb59d3c372d29b94d8f2df8106983e1 to remote] http.headers 133 - http-outgoing-3 >> GET /session/0fb59d3c372d29b94d8f2df8106983e1/element/0.8992521356777354-7/displayed HTTP/1.1
12-09-2018 12:36:10 LoggingManagedHttpClientConnection.java DEBUG [Forwarding isElementDisplayed on session 0fb59d3c372d29b94d8f2df8106983e1 to remote] http.headers 136 - http-outgoing-3 >> Cache-Control: no-cache
12-09-2018 12:36:10 LoggingManagedHttpClientConnection.java DEBUG [Forwarding isElementDisplayed on session 0fb59d3c372d29b94d8f2df8106983e1 to remote] http.headers 136 - http-outgoing-3 >> Host: localhost:13733
12-09-2018 12:36:10 LoggingManagedHttpClientConnection.java DEBUG [Forwarding isElementDisplayed on session 0fb59d3c372d29b94d8f2df8106983e1 to remote] http.headers 136 - http-outgoing-3 >> Connection: Keep-Alive
12-09-2018 12:36:10 LoggingManagedHttpClientConnection.java DEBUG [Forwarding isElementDisplayed on session 0fb59d3c372d29b94d8f2df8106983e1 to remote] http.headers 136 - http-outgoing-3 >> User-Agent: Apache-HttpClient/4.5.3 (Java/1.8.0_181)
12-09-2018 12:36:10 LoggingManagedHttpClientConnection.java DEBUG [Forwarding isElementDisplayed on session 0fb59d3c372d29b94d8f2df8106983e1 to remote] http.headers 136 - http-outgoing-3 >> Accept-Encoding: gzip,deflate
12-09-2018 12:36:10 Wire.java DEBUG [Forwarding isElementDisplayed on session 0fb59d3c372d29b94d8f2df8106983e1 to remote] http.wire 73 - http-outgoing-3 >> "GET /session/0fb59d3c372d29b94d8f2df8106983e1/element/0.8992521356777354-7/displayed HTTP/1.1[\r][\n]"
12-09-2018 12:36:10 Wire.java DEBUG [Forwarding isElementDisplayed on session 0fb59d3c372d29b94d8f2df8106983e1 to remote] http.wire 73 - http-outgoing-3 >> "Cache-Control: no-cache[\r][\n]"
12-09-2018 12:36:10 Wire.java DEBUG [Forwarding isElementDisplayed on session 0fb59d3c372d29b94d8f2df8106983e1 to remote] http.wire 73 - http-outgoing-3 >> "Host: localhost:13733[\r][\n]"
12-09-2018 12:36:10 Wire.java DEBUG [Forwarding isElementDisplayed on session 0fb59d3c372d29b94d8f2df8106983e1 to remote] http.wire 73 - http-outgoing-3 >> "Connection: Keep-Alive[\r][\n]"
12-09-2018 12:36:10 Wire.java DEBUG [Forwarding isElementDisplayed on session 0fb59d3c372d29b94d8f2df8106983e1 to remote] http.wire 73 - http-outgoing-3 >> "User-Agent: Apache-HttpClient/4.5.3 (Java/1.8.0_181)[\r][\n]"
12-09-2018 12:36:10 Wire.java DEBUG [Forwarding isElementDisplayed on session 0fb59d3c372d29b94d8f2df8106983e1 to remote] http.wire 73 - http-outgoing-3 >> "Accept-Encoding: gzip,deflate[\r][\n]"
12-09-2018 12:36:10 Wire.java DEBUG [Forwarding isElementDisplayed on session 0fb59d3c372d29b94d8f2df8106983e1 to remote] http.wire 73 - http-outgoing-3 >> "[\r][\n]"
12-09-2018 12:36:10 Wire.java DEBUG [Forwarding isElementDisplayed on session 0fb59d3c372d29b94d8f2df8106983e1 to remote] http.wire 73 - http-outgoing-3 << "HTTP/1.1 200 OK[\r][\n]"
12-09-2018 12:36:10 Wire.java DEBUG [Forwarding isElementDisplayed on session 0fb59d3c372d29b94d8f2df8106983e1 to remote] http.wire 73 - http-outgoing-3 << "Content-Length:72[\r][\n]"
12-09-2018 12:36:10 Wire.java DEBUG [Forwarding isElementDisplayed on session 0fb59d3c372d29b94d8f2df8106983e1 to remote] http.wire 73 - http-outgoing-3 << "Content-Type:application/json; charset=utf-8[\r][\n]"
12-09-2018 12:36:10 Wire.java DEBUG [Forwarding isElementDisplayed on session 0fb59d3c372d29b94d8f2df8106983e1 to remote] http.wire 73 - http-outgoing-3 << "[\r][\n]"
12-09-2018 12:36:10 Wire.java DEBUG [Forwarding isElementDisplayed on session 0fb59d3c372d29b94d8f2df8106983e1 to remote] http.wire 87 - http-outgoing-3 << "{"sessionId":"0fb59d3c372d29b94d8f2df8106983e1","status":0,"value":true}"
12-09-2018 12:36:10 LoggingManagedHttpClientConnection.java DEBUG [Forwarding isElementDisplayed on session 0fb59d3c372d29b94d8f2df8106983e1 to remote] http.headers 122 - http-outgoing-3 << HTTP/1.1 200 OK
12-09-2018 12:36:10 LoggingManagedHttpClientConnection.java DEBUG [Forwarding isElementDisplayed on session 0fb59d3c372d29b94d8f2df8106983e1 to remote] http.headers 125 - http-outgoing-3 << Content-Length:72
12-09-2018 12:36:10 LoggingManagedHttpClientConnection.java DEBUG [Forwarding isElementDisplayed on session 0fb59d3c372d29b94d8f2df8106983e1 to remote] http.headers 125 - http-outgoing-3 << Content-Type:application/json; charset=utf-8
12-09-2018 12:36:10 MainClientExec.java DEBUG [Forwarding isElementDisplayed on session 0fb59d3c372d29b94d8f2df8106983e1 to remote] execchain.MainClientExec 285 - Connection can be kept alive indefinitely
12-09-2018 12:36:10 PoolingHttpClientConnectionManager.java DEBUG [Forwarding isElementDisplayed on session 0fb59d3c372d29b94d8f2df8106983e1 to remote] conn.PoolingHttpClientConnectionManager 320 - Connection [id: 3][route: {}->http://localhost:13733] can be kept alive indefinitely
12-09-2018 12:36:10 PoolingHttpClientConnectionManager.java DEBUG [Forwarding isElementDisplayed on session 0fb59d3c372d29b94d8f2df8106983e1 to remote] conn.PoolingHttpClientConnectionManager 326 - Connection released: [id: 3][route: {}->http://localhost:13733][total kept alive: 1; route allocated: 1 of 2000; total allocated: 1 of 2000]
12-09-2018 12:36:10 RequestAddCookies.java DEBUG [Forwarding findElement on session 0fb59d3c372d29b94d8f2df8106983e1 to remote] protocol.RequestAddCookies 123 - CookieSpec selected: default
12-09-2018 12:36:10 RequestAuthCache.java DEBUG [Forwarding findElement on session 0fb59d3c372d29b94d8f2df8106983e1 to remote] protocol.RequestAuthCache 77 - Auth cache not set in the context
12-09-2018 12:36:10 PoolingHttpClientConnectionManager.java DEBUG [Forwarding findElement on session 0fb59d3c372d29b94d8f2df8106983e1 to remote] conn.PoolingHttpClientConnectionManager 255 - Connection request: [route: {}->http://localhost:13733][total kept alive: 1; route allocated: 1 of 2000; total allocated: 1 of 2000]
12-09-2018 12:36:10 PoolingHttpClientConnectionManager.java DEBUG [Forwarding findElement on session 0fb59d3c372d29b94d8f2df8106983e1 to remote] conn.PoolingHttpClientConnectionManager 288 - Connection leased: [id: 3][route: {}->http://localhost:13733][total kept alive: 0; route allocated: 1 of 2000; total allocated: 1 of 2000]
12-09-2018 12:36:10 MainClientExec.java DEBUG [Forwarding findElement on session 0fb59d3c372d29b94d8f2df8106983e1 to remote] execchain.MainClientExec 208 - Stale connection check
12-09-2018 12:36:10 Wire.java DEBUG [Forwarding findElement on session 0fb59d3c372d29b94d8f2df8106983e1 to remote] http.wire 87 - http-outgoing-3 << "[read] I/O error: Read timed out"
12-09-2018 12:36:10 LoggingManagedHttpClientConnection.java DEBUG [Forwarding findElement on session 0fb59d3c372d29b94d8f2df8106983e1 to remote] conn.DefaultManagedHttpClientConnection 88 - http-outgoing-3: set socket timeout to 10800000
12-09-2018 12:36:10 MainClientExec.java DEBUG [Forwarding findElement on session 0fb59d3c372d29b94d8f2df8106983e1 to remote] execchain.MainClientExec 256 - Executing request POST /session/0fb59d3c372d29b94d8f2df8106983e1/element HTTP/1.1
12-09-2018 12:36:10 MainClientExec.java DEBUG [Forwarding findElement on session 0fb59d3c372d29b94d8f2df8106983e1 to remote] execchain.MainClientExec 261 - Target auth state: UNCHALLENGED
12-09-2018 12:36:10 MainClientExec.java DEBUG [Forwarding findElement on session 0fb59d3c372d29b94d8f2df8106983e1 to remote] execchain.MainClientExec 267 - Proxy auth state: UNCHALLENGED
12-09-2018 12:36:10 LoggingManagedHttpClientConnection.java DEBUG [Forwarding findElement on session 0fb59d3c372d29b94d8f2df8106983e1 to remote] http.headers 133 - http-outgoing-3 >> POST /session/0fb59d3c372d29b94d8f2df8106983e1/element HTTP/1.1
12-09-2018 12:36:10 LoggingManagedHttpClientConnection.java DEBUG [Forwarding findElement on session 0fb59d3c372d29b94d8f2df8106983e1 to remote] http.headers 136 - http-outgoing-3 >> Content-Type: application/json; charset=utf-8
12-09-2018 12:36:10 LoggingManagedHttpClientConnection.java DEBUG [Forwarding findElement on session 0fb59d3c372d29b94d8f2df8106983e1 to remote] http.headers 136 - http-outgoing-3 >> Content-Length: 58
12-09-2018 12:36:10 LoggingManagedHttpClientConnection.java DEBUG [Forwarding findElement on session 0fb59d3c372d29b94d8f2df8106983e1 to remote] http.headers 136 - http-outgoing-3 >> Host: localhost:13733
12-09-2018 12:36:10 LoggingManagedHttpClientConnection.java DEBUG [Forwarding findElement on session 0fb59d3c372d29b94d8f2df8106983e1 to remote] http.headers 136 - http-outgoing-3 >> Connection: Keep-Alive
12-09-2018 12:36:10 LoggingManagedHttpClientConnection.java DEBUG [Forwarding findElement on session 0fb59d3c372d29b94d8f2df8106983e1 to remote] http.headers 136 - http-outgoing-3 >> User-Agent: Apache-HttpClient/4.5.3 (Java/1.8.0_181)
12-09-2018 12:36:10 LoggingManagedHttpClientConnection.java DEBUG [Forwarding findElement on session 0fb59d3c372d29b94d8f2df8106983e1 to remote] http.headers 136 - http-outgoing-3 >> Accept-Encoding: gzip,deflate
12-09-2018 12:36:10 Wire.java DEBUG [Forwarding findElement on session 0fb59d3c372d29b94d8f2df8106983e1 to remote] http.wire 73 - http-outgoing-3 >> "POST /session/0fb59d3c372d29b94d8f2df8106983e1/element HTTP/1.1[\r][\n]"
12-09-2018 12:36:10 Wire.java DEBUG [Forwarding findElement on session 0fb59d3c372d29b94d8f2df8106983e1 to remote] http.wire 73 - http-outgoing-3 >> "Content-Type: application/json; charset=utf-8[\r][\n]"
12-09-2018 12:36:10 Wire.java DEBUG [Forwarding findElement on session 0fb59d3c372d29b94d8f2df8106983e1 to remote] http.wire 73 - http-outgoing-3 >> "Content-Length: 58[\r][\n]"
12-09-2018 12:36:10 Wire.java DEBUG [Forwarding findElement on session 0fb59d3c372d29b94d8f2df8106983e1 to remote] http.wire 73 - http-outgoing-3 >> "Host: localhost:13733[\r][\n]"
12-09-2018 12:36:10 Wire.java DEBUG [Forwarding findElement on session 0fb59d3c372d29b94d8f2df8106983e1 to remote] http.wire 73 - http-outgoing-3 >> "Connection: Keep-Alive[\r][\n]"
12-09-2018 12:36:10 Wire.java DEBUG [Forwarding findElement on session 0fb59d3c372d29b94d8f2df8106983e1 to remote] http.wire 73 - http-outgoing-3 >> "User-Agent: Apache-HttpClient/4.5.3 (Java/1.8.0_181)[\r][\n]"
12-09-2018 12:36:10 Wire.java DEBUG [Forwarding findElement on session 0fb59d3c372d29b94d8f2df8106983e1 to remote] http.wire 73 - http-outgoing-3 >> "Accept-Encoding: gzip,deflate[\r][\n]"
12-09-2018 12:36:10 Wire.java DEBUG [Forwarding findElement on session 0fb59d3c372d29b94d8f2df8106983e1 to remote] http.wire 73 - http-outgoing-3 >> "[\r][\n]"
12-09-2018 12:36:10 Wire.java DEBUG [Forwarding findElement on session 0fb59d3c372d29b94d8f2df8106983e1 to remote] http.wire 87 - http-outgoing-3 >> "{"using":"xpath","value":"//span[@class='RveJvd snByac']"}"
12-09-2018 12:36:10 Wire.java DEBUG [Forwarding findElement on session 0fb59d3c372d29b94d8f2df8106983e1 to remote] http.wire 73 - http-outgoing-3 << "HTTP/1.1 200 OK[\r][\n]"
12-09-2018 12:36:10 Wire.java DEBUG [Forwarding findElement on session 0fb59d3c372d29b94d8f2df8106983e1 to remote] http.wire 73 - http-outgoing-3 << "Content-Length:102[\r][\n]"
12-09-2018 12:36:10 Wire.java DEBUG [Forwarding findElement on session 0fb59d3c372d29b94d8f2df8106983e1 to remote] http.wire 73 - http-outgoing-3 << "Content-Type:application/json; charset=utf-8[\r][\n]"
12-09-2018 12:36:10 Wire.java DEBUG [Forwarding findElement on session 0fb59d3c372d29b94d8f2df8106983e1 to remote] http.wire 73 - http-outgoing-3 << "[\r][\n]"
12-09-2018 12:36:10 Wire.java DEBUG [Forwarding findElement on session 0fb59d3c372d29b94d8f2df8106983e1 to remote] http.wire 87 - http-outgoing-3 << "{"sessionId":"0fb59d3c372d29b94d8f2df8106983e1","status":0,"value":{"ELEMENT":"0.8992521356777354-7"}}"
12-09-2018 12:36:10 LoggingManagedHttpClientConnection.java DEBUG [Forwarding findElement on session 0fb59d3c372d29b94d8f2df8106983e1 to remote] http.headers 122 - http-outgoing-3 << HTTP/1.1 200 OK
12-09-2018 12:36:10 LoggingManagedHttpClientConnection.java DEBUG [Forwarding findElement on session 0fb59d3c372d29b94d8f2df8106983e1 to remote] http.headers 125 - http-outgoing-3 << Content-Length:102
12-09-2018 12:36:10 LoggingManagedHttpClientConnection.java DEBUG [Forwarding findElement on session 0fb59d3c372d29b94d8f2df8106983e1 to remote] http.headers 125 - http-outgoing-3 << Content-Type:application/json; charset=utf-8
12-09-2018 12:36:10 MainClientExec.java DEBUG [Forwarding findElement on session 0fb59d3c372d29b94d8f2df8106983e1 to remote] execchain.MainClientExec 285 - Connection can be kept alive indefinitely
12-09-2018 12:36:10 PoolingHttpClientConnectionManager.java DEBUG [Forwarding findElement on session 0fb59d3c372d29b94d8f2df8106983e1 to remote] conn.PoolingHttpClientConnectionManager 320 - Connection [id: 3][route: {}->http://localhost:13733] can be kept alive indefinitely
12-09-2018 12:36:10 PoolingHttpClientConnectionManager.java DEBUG [Forwarding findElement on session 0fb59d3c372d29b94d8f2df8106983e1 to remote] conn.PoolingHttpClientConnectionManager 326 - Connection released: [id: 3][route: {}->http://localhost:13733][total kept alive: 1; route allocated: 1 of 2000; total allocated: 1 of 2000]
12-09-2018 12:36:10 RequestAddCookies.java DEBUG [Forwarding isElementEnabled on session 0fb59d3c372d29b94d8f2df8106983e1 to remote] protocol.RequestAddCookies 123 - CookieSpec selected: default
12-09-2018 12:36:10 RequestAuthCache.java DEBUG [Forwarding isElementEnabled on session 0fb59d3c372d29b94d8f2df8106983e1 to remote] protocol.RequestAuthCache 77 - Auth cache not set in the context
12-09-2018 12:36:10 PoolingHttpClientConnectionManager.java DEBUG [Forwarding isElementEnabled on session 0fb59d3c372d29b94d8f2df8106983e1 to remote] conn.PoolingHttpClientConnectionManager 255 - Connection request: [route: {}->http://localhost:13733][total kept alive: 1; route allocated: 1 of 2000; total allocated: 1 of 2000]
12-09-2018 12:36:10 PoolingHttpClientConnectionManager.java DEBUG [Forwarding isElementEnabled on session 0fb59d3c372d29b94d8f2df8106983e1 to remote] conn.PoolingHttpClientConnectionManager 288 - Connection leased: [id: 3][route: {}->http://localhost:13733][total kept alive: 0; route allocated: 1 of 2000; total allocated: 1 of 2000]
12-09-2018 12:36:10 MainClientExec.java DEBUG [Forwarding isElementEnabled on session 0fb59d3c372d29b94d8f2df8106983e1 to remote] execchain.MainClientExec 208 - Stale connection check
12-09-2018 12:36:10 Wire.java DEBUG [Forwarding isElementEnabled on session 0fb59d3c372d29b94d8f2df8106983e1 to remote] http.wire 87 - http-outgoing-3 << "[read] I/O error: Read timed out"
12-09-2018 12:36:10 LoggingManagedHttpClientConnection.java DEBUG [Forwarding isElementEnabled on session 0fb59d3c372d29b94d8f2df8106983e1 to remote] conn.DefaultManagedHttpClientConnection 88 - http-outgoing-3: set socket timeout to 10800000
12-09-2018 12:36:10 MainClientExec.java DEBUG [Forwarding isElementEnabled on session 0fb59d3c372d29b94d8f2df8106983e1 to remote] execchain.MainClientExec 256 - Executing request GET /session/0fb59d3c372d29b94d8f2df8106983e1/element/0.8992521356777354-7/enabled HTTP/1.1
12-09-2018 12:36:10 MainClientExec.java DEBUG [Forwarding isElementEnabled on session 0fb59d3c372d29b94d8f2df8106983e1 to remote] execchain.MainClientExec 261 - Target auth state: UNCHALLENGED
12-09-2018 12:36:10 MainClientExec.java DEBUG [Forwarding isElementEnabled on session 0fb59d3c372d29b94d8f2df8106983e1 to remote] execchain.MainClientExec 267 - Proxy auth state: UNCHALLENGED
12-09-2018 12:36:10 LoggingManagedHttpClientConnection.java DEBUG [Forwarding isElementEnabled on session 0fb59d3c372d29b94d8f2df8106983e1 to remote] http.headers 133 - http-outgoing-3 >> GET /session/0fb59d3c372d29b94d8f2df8106983e1/element/0.8992521356777354-7/enabled HTTP/1.1
12-09-2018 12:36:10 LoggingManagedHttpClientConnection.java DEBUG [Forwarding isElementEnabled on session 0fb59d3c372d29b94d8f2df8106983e1 to remote] http.headers 136 - http-outgoing-3 >> Cache-Control: no-cache
12-09-2018 12:36:10 LoggingManagedHttpClientConnection.java DEBUG [Forwarding isElementEnabled on session 0fb59d3c372d29b94d8f2df8106983e1 to remote] http.headers 136 - http-outgoing-3 >> Host: localhost:13733
12-09-2018 12:36:10 LoggingManagedHttpClientConnection.java DEBUG [Forwarding isElementEnabled on session 0fb59d3c372d29b94d8f2df8106983e1 to remote] http.headers 136 - http-outgoing-3 >> Connection: Keep-Alive
12-09-2018 12:36:10 LoggingManagedHttpClientConnection.java DEBUG [Forwarding isElementEnabled on session 0fb59d3c372d29b94d8f2df8106983e1 to remote] http.headers 136 - http-outgoing-3 >> User-Agent: Apache-HttpClient/4.5.3 (Java/1.8.0_181)
12-09-2018 12:36:10 LoggingManagedHttpClientConnection.java DEBUG [Forwarding isElementEnabled on session 0fb59d3c372d29b94d8f2df8106983e1 to remote] http.headers 136 - http-outgoing-3 >> Accept-Encoding: gzip,deflate
12-09-2018 12:36:10 Wire.java DEBUG [Forwarding isElementEnabled on session 0fb59d3c372d29b94d8f2df8106983e1 to remote] http.wire 73 - http-outgoing-3 >> "GET /session/0fb59d3c372d29b94d8f2df8106983e1/element/0.8992521356777354-7/enabled HTTP/1.1[\r][\n]"
12-09-2018 12:36:10 Wire.java DEBUG [Forwarding isElementEnabled on session 0fb59d3c372d29b94d8f2df8106983e1 to remote] http.wire 73 - http-outgoing-3 >> "Cache-Control: no-cache[\r][\n]"
12-09-2018 12:36:10 Wire.java DEBUG [Forwarding isElementEnabled on session 0fb59d3c372d29b94d8f2df8106983e1 to remote] http.wire 73 - http-outgoing-3 >> "Host: localhost:13733[\r][\n]"
12-09-2018 12:36:10 Wire.java DEBUG [Forwarding isElementEnabled on session 0fb59d3c372d29b94d8f2df8106983e1 to remote] http.wire 73 - http-outgoing-3 >> "Connection: Keep-Alive[\r][\n]"
12-09-2018 12:36:10 Wire.java DEBUG [Forwarding isElementEnabled on session 0fb59d3c372d29b94d8f2df8106983e1 to remote] http.wire 73 - http-outgoing-3 >> "User-Agent: Apache-HttpClient/4.5.3 (Java/1.8.0_181)[\r][\n]"
12-09-2018 12:36:10 Wire.java DEBUG [Forwarding isElementEnabled on session 0fb59d3c372d29b94d8f2df8106983e1 to remote] http.wire 73 - http-outgoing-3 >> "Accept-Encoding: gzip,deflate[\r][\n]"
12-09-2018 12:36:10 Wire.java DEBUG [Forwarding isElementEnabled on session 0fb59d3c372d29b94d8f2df8106983e1 to remote] http.wire 73 - http-outgoing-3 >> "[\r][\n]"
12-09-2018 12:36:10 Wire.java DEBUG [Forwarding isElementEnabled on session 0fb59d3c372d29b94d8f2df8106983e1 to remote] http.wire 73 - http-outgoing-3 << "HTTP/1.1 200 OK[\r][\n]"
12-09-2018 12:36:10 Wire.java DEBUG [Forwarding isElementEnabled on session 0fb59d3c372d29b94d8f2df8106983e1 to remote] http.wire 73 - http-outgoing-3 << "Content-Length:72[\r][\n]"
12-09-2018 12:36:10 Wire.java DEBUG [Forwarding isElementEnabled on session 0fb59d3c372d29b94d8f2df8106983e1 to remote] http.wire 73 - http-outgoing-3 << "Content-Type:application/json; charset=utf-8[\r][\n]"
12-09-2018 12:36:10 Wire.java DEBUG [Forwarding isElementEnabled on session 0fb59d3c372d29b94d8f2df8106983e1 to remote] http.wire 73 - http-outgoing-3 << "[\r][\n]"
12-09-2018 12:36:10 Wire.java DEBUG [Forwarding isElementEnabled on session 0fb59d3c372d29b94d8f2df8106983e1 to remote] http.wire 87 - http-outgoing-3 << "{"sessionId":"0fb59d3c372d29b94d8f2df8106983e1","status":0,"value":true}"
12-09-2018 12:36:10 LoggingManagedHttpClientConnection.java DEBUG [Forwarding isElementEnabled on session 0fb59d3c372d29b94d8f2df8106983e1 to remote] http.headers 122 - http-outgoing-3 << HTTP/1.1 200 OK
12-09-2018 12:36:10 LoggingManagedHttpClientConnection.java DEBUG [Forwarding isElementEnabled on session 0fb59d3c372d29b94d8f2df8106983e1 to remote] http.headers 125 - http-outgoing-3 << Content-Length:72
12-09-2018 12:36:10 LoggingManagedHttpClientConnection.java DEBUG [Forwarding isElementEnabled on session 0fb59d3c372d29b94d8f2df8106983e1 to remote] http.headers 125 - http-outgoing-3 << Content-Type:application/json; charset=utf-8
12-09-2018 12:36:10 MainClientExec.java DEBUG [Forwarding isElementEnabled on session 0fb59d3c372d29b94d8f2df8106983e1 to remote] execchain.MainClientExec 285 - Connection can be kept alive indefinitely
12-09-2018 12:36:10 PoolingHttpClientConnectionManager.java DEBUG [Forwarding isElementEnabled on session 0fb59d3c372d29b94d8f2df8106983e1 to remote] conn.PoolingHttpClientConnectionManager 320 - Connection [id: 3][route: {}->http://localhost:13733] can be kept alive indefinitely
12-09-2018 12:36:10 PoolingHttpClientConnectionManager.java DEBUG [Forwarding isElementEnabled on session 0fb59d3c372d29b94d8f2df8106983e1 to remote] conn.PoolingHttpClientConnectionManager 326 - Connection released: [id: 3][route: {}->http://localhost:13733][total kept alive: 1; route allocated: 1 of 2000; total allocated: 1 of 2000]
12-09-2018 12:36:10 RequestAddCookies.java DEBUG [Forwarding findElement on session 0fb59d3c372d29b94d8f2df8106983e1 to remote] protocol.RequestAddCookies 123 - CookieSpec selected: default
12-09-2018 12:36:10 RequestAuthCache.java DEBUG [Forwarding findElement on session 0fb59d3c372d29b94d8f2df8106983e1 to remote] protocol.RequestAuthCache 77 - Auth cache not set in the context
12-09-2018 12:36:10 PoolingHttpClientConnectionManager.java DEBUG [Forwarding findElement on session 0fb59d3c372d29b94d8f2df8106983e1 to remote] conn.PoolingHttpClientConnectionManager 255 - Connection request: [route: {}->http://localhost:13733][total kept alive: 1; route allocated: 1 of 2000; total allocated: 1 of 2000]
12-09-2018 12:36:10 PoolingHttpClientConnectionManager.java DEBUG [Forwarding findElement on session 0fb59d3c372d29b94d8f2df8106983e1 to remote] conn.PoolingHttpClientConnectionManager 288 - Connection leased: [id: 3][route: {}->http://localhost:13733][total kept alive: 0; route allocated: 1 of 2000; total allocated: 1 of 2000]
12-09-2018 12:36:10 MainClientExec.java DEBUG [Forwarding findElement on session 0fb59d3c372d29b94d8f2df8106983e1 to remote] execchain.MainClientExec 208 - Stale connection check
12-09-2018 12:36:10 Wire.java DEBUG [Forwarding findElement on session 0fb59d3c372d29b94d8f2df8106983e1 to remote] http.wire 87 - http-outgoing-3 << "[read] I/O error: Read timed out"
12-09-2018 12:36:10 LoggingManagedHttpClientConnection.java DEBUG [Forwarding findElement on session 0fb59d3c372d29b94d8f2df8106983e1 to remote] conn.DefaultManagedHttpClientConnection 88 - http-outgoing-3: set socket timeout to 10800000
12-09-2018 12:36:10 MainClientExec.java DEBUG [Forwarding findElement on session 0fb59d3c372d29b94d8f2df8106983e1 to remote] execchain.MainClientExec 256 - Executing request POST /session/0fb59d3c372d29b94d8f2df8106983e1/element HTTP/1.1
12-09-2018 12:36:10 MainClientExec.java DEBUG [Forwarding findElement on session 0fb59d3c372d29b94d8f2df8106983e1 to remote] execchain.MainClientExec 261 - Target auth state: UNCHALLENGED
12-09-2018 12:36:10 MainClientExec.java DEBUG [Forwarding findElement on session 0fb59d3c372d29b94d8f2df8106983e1 to remote] execchain.MainClientExec 267 - Proxy auth state: UNCHALLENGED
12-09-2018 12:36:10 LoggingManagedHttpClientConnection.java DEBUG [Forwarding findElement on session 0fb59d3c372d29b94d8f2df8106983e1 to remote] http.headers 133 - http-outgoing-3 >> POST /session/0fb59d3c372d29b94d8f2df8106983e1/element HTTP/1.1
12-09-2018 12:36:10 LoggingManagedHttpClientConnection.java DEBUG [Forwarding findElement on session 0fb59d3c372d29b94d8f2df8106983e1 to remote] http.headers 136 - http-outgoing-3 >> Content-Type: application/json; charset=utf-8
12-09-2018 12:36:10 LoggingManagedHttpClientConnection.java DEBUG [Forwarding findElement on session 0fb59d3c372d29b94d8f2df8106983e1 to remote] http.headers 136 - http-outgoing-3 >> Content-Length: 53
12-09-2018 12:36:10 LoggingManagedHttpClientConnection.java DEBUG [Forwarding findElement on session 0fb59d3c372d29b94d8f2df8106983e1 to remote] http.headers 136 - http-outgoing-3 >> Host: localhost:13733
12-09-2018 12:36:10 LoggingManagedHttpClientConnection.java DEBUG [Forwarding findElement on session 0fb59d3c372d29b94d8f2df8106983e1 to remote] http.headers 136 - http-outgoing-3 >> Connection: Keep-Alive
12-09-2018 12:36:10 LoggingManagedHttpClientConnection.java DEBUG [Forwarding findElement on session 0fb59d3c372d29b94d8f2df8106983e1 to remote] http.headers 136 - http-outgoing-3 >> User-Agent: Apache-HttpClient/4.5.3 (Java/1.8.0_181)
12-09-2018 12:36:10 LoggingManagedHttpClientConnection.java DEBUG [Forwarding findElement on session 0fb59d3c372d29b94d8f2df8106983e1 to remote] http.headers 136 - http-outgoing-3 >> Accept-Encoding: gzip,deflate
12-09-2018 12:36:10 Wire.java DEBUG [Forwarding findElement on session 0fb59d3c372d29b94d8f2df8106983e1 to remote] http.wire 73 - http-outgoing-3 >> "POST /session/0fb59d3c372d29b94d8f2df8106983e1/element HTTP/1.1[\r][\n]"
12-09-2018 12:36:10 Wire.java DEBUG [Forwarding findElement on session 0fb59d3c372d29b94d8f2df8106983e1 to remote] http.wire 73 - http-outgoing-3 >> "Content-Type: application/json; charset=utf-8[\r][\n]"
12-09-2018 12:36:10 Wire.java DEBUG [Forwarding findElement on session 0fb59d3c372d29b94d8f2df8106983e1 to remote] http.wire 73 - http-outgoing-3 >> "Content-Length: 53[\r][\n]"
12-09-2018 12:36:10 Wire.java DEBUG [Forwarding findElement on session 0fb59d3c372d29b94d8f2df8106983e1 to remote] http.wire 73 - http-outgoing-3 >> "Host: localhost:13733[\r][\n]"
12-09-2018 12:36:10 Wire.java DEBUG [Forwarding findElement on session 0fb59d3c372d29b94d8f2df8106983e1 to remote] http.wire 73 - http-outgoing-3 >> "Connection: Keep-Alive[\r][\n]"
12-09-2018 12:36:10 Wire.java DEBUG [Forwarding findElement on session 0fb59d3c372d29b94d8f2df8106983e1 to remote] http.wire 73 - http-outgoing-3 >> "User-Agent: Apache-HttpClient/4.5.3 (Java/1.8.0_181)[\r][\n]"
12-09-2018 12:36:10 Wire.java DEBUG [Forwarding findElement on session 0fb59d3c372d29b94d8f2df8106983e1 to remote] http.wire 73 - http-outgoing-3 >> "Accept-Encoding: gzip,deflate[\r][\n]"
12-09-2018 12:36:10 Wire.java DEBUG [Forwarding findElement on session 0fb59d3c372d29b94d8f2df8106983e1 to remote] http.wire 73 - http-outgoing-3 >> "[\r][\n]"
12-09-2018 12:36:10 Wire.java DEBUG [Forwarding findElement on session 0fb59d3c372d29b94d8f2df8106983e1 to remote] http.wire 87 - http-outgoing-3 >> "{"using":"xpath","value":"//input[@type='password']"}"
12-09-2018 12:36:10 Wire.java DEBUG [Forwarding findElement on session 0fb59d3c372d29b94d8f2df8106983e1 to remote] http.wire 73 - http-outgoing-3 << "HTTP/1.1 200 OK[\r][\n]"
12-09-2018 12:36:10 Wire.java DEBUG [Forwarding findElement on session 0fb59d3c372d29b94d8f2df8106983e1 to remote] http.wire 73 - http-outgoing-3 << "Content-Length:102[\r][\n]"
12-09-2018 12:36:10 Wire.java DEBUG [Forwarding findElement on session 0fb59d3c372d29b94d8f2df8106983e1 to remote] http.wire 73 - http-outgoing-3 << "Content-Type:application/json; charset=utf-8[\r][\n]"
12-09-2018 12:36:10 Wire.java DEBUG [Forwarding findElement on session 0fb59d3c372d29b94d8f2df8106983e1 to remote] http.wire 73 - http-outgoing-3 << "[\r][\n]"
12-09-2018 12:36:10 Wire.java DEBUG [Forwarding findElement on session 0fb59d3c372d29b94d8f2df8106983e1 to remote] http.wire 87 - http-outgoing-3 << "{"sessionId":"0fb59d3c372d29b94d8f2df8106983e1","status":0,"value":{"ELEMENT":"0.8992521356777354-6"}}"
12-09-2018 12:36:10 LoggingManagedHttpClientConnection.java DEBUG [Forwarding findElement on session 0fb59d3c372d29b94d8f2df8106983e1 to remote] http.headers 122 - http-outgoing-3 << HTTP/1.1 200 OK
12-09-2018 12:36:10 LoggingManagedHttpClientConnection.java DEBUG [Forwarding findElement on session 0fb59d3c372d29b94d8f2df8106983e1 to remote] http.headers 125 - http-outgoing-3 << Content-Length:102
12-09-2018 12:36:10 LoggingManagedHttpClientConnection.java DEBUG [Forwarding findElement on session 0fb59d3c372d29b94d8f2df8106983e1 to remote] http.headers 125 - http-outgoing-3 << Content-Type:application/json; charset=utf-8
12-09-2018 12:36:10 MainClientExec.java DEBUG [Forwarding findElement on session 0fb59d3c372d29b94d8f2df8106983e1 to remote] execchain.MainClientExec 285 - Connection can be kept alive indefinitely
12-09-2018 12:36:10 PoolingHttpClientConnectionManager.java DEBUG [Forwarding findElement on session 0fb59d3c372d29b94d8f2df8106983e1 to remote] conn.PoolingHttpClientConnectionManager 320 - Connection [id: 3][route: {}->http://localhost:13733] can be kept alive indefinitely
12-09-2018 12:36:10 PoolingHttpClientConnectionManager.java DEBUG [Forwarding findElement on session 0fb59d3c372d29b94d8f2df8106983e1 to remote] conn.PoolingHttpClientConnectionManager 326 - Connection released: [id: 3][route: {}->http://localhost:13733][total kept alive: 1; route allocated: 1 of 2000; total allocated: 1 of 2000]
12-09-2018 12:36:10 RequestAddCookies.java DEBUG [Forwarding sendKeysToElement on session 0fb59d3c372d29b94d8f2df8106983e1 to remote] protocol.RequestAddCookies 123 - CookieSpec selected: default
12-09-2018 12:36:10 RequestAuthCache.java DEBUG [Forwarding sendKeysToElement on session 0fb59d3c372d29b94d8f2df8106983e1 to remote] protocol.RequestAuthCache 77 - Auth cache not set in the context
12-09-2018 12:36:10 PoolingHttpClientConnectionManager.java DEBUG [Forwarding sendKeysToElement on session 0fb59d3c372d29b94d8f2df8106983e1 to remote] conn.PoolingHttpClientConnectionManager 255 - Connection request: [route: {}->http://localhost:13733][total kept alive: 1; route allocated: 1 of 2000; total allocated: 1 of 2000]
12-09-2018 12:36:10 PoolingHttpClientConnectionManager.java DEBUG [Forwarding sendKeysToElement on session 0fb59d3c372d29b94d8f2df8106983e1 to remote] conn.PoolingHttpClientConnectionManager 288 - Connection leased: [id: 3][route: {}->http://localhost:13733][total kept alive: 0; route allocated: 1 of 2000; total allocated: 1 of 2000]
12-09-2018 12:36:10 MainClientExec.java DEBUG [Forwarding sendKeysToElement on session 0fb59d3c372d29b94d8f2df8106983e1 to remote] execchain.MainClientExec 208 - Stale connection check
12-09-2018 12:36:10 Wire.java DEBUG [Forwarding sendKeysToElement on session 0fb59d3c372d29b94d8f2df8106983e1 to remote] http.wire 87 - http-outgoing-3 << "[read] I/O error: Read timed out"
12-09-2018 12:36:10 LoggingManagedHttpClientConnection.java DEBUG [Forwarding sendKeysToElement on session 0fb59d3c372d29b94d8f2df8106983e1 to remote] conn.DefaultManagedHttpClientConnection 88 - http-outgoing-3: set socket timeout to 10800000
12-09-2018 12:36:10 MainClientExec.java DEBUG [Forwarding sendKeysToElement on session 0fb59d3c372d29b94d8f2df8106983e1 to remote] execchain.MainClientExec 256 - Executing request POST /session/0fb59d3c372d29b94d8f2df8106983e1/element/0.8992521356777354-6/value HTTP/1.1
12-09-2018 12:36:10 MainClientExec.java DEBUG [Forwarding sendKeysToElement on session 0fb59d3c372d29b94d8f2df8106983e1 to remote] execchain.MainClientExec 261 - Target auth state: UNCHALLENGED
12-09-2018 12:36:10 MainClientExec.java DEBUG [Forwarding sendKeysToElement on session 0fb59d3c372d29b94d8f2df8106983e1 to remote] execchain.MainClientExec 267 - Proxy auth state: UNCHALLENGED
12-09-2018 12:36:10 LoggingManagedHttpClientConnection.java DEBUG [Forwarding sendKeysToElement on session 0fb59d3c372d29b94d8f2df8106983e1 to remote] http.headers 133 - http-outgoing-3 >> POST /session/0fb59d3c372d29b94d8f2df8106983e1/element/0.8992521356777354-6/value HTTP/1.1
12-09-2018 12:36:10 LoggingManagedHttpClientConnection.java DEBUG [Forwarding sendKeysToElement on session 0fb59d3c372d29b94d8f2df8106983e1 to remote] http.headers 136 - http-outgoing-3 >> Content-Type: application/json; charset=utf-8
12-09-2018 12:36:10 LoggingManagedHttpClientConnection.java DEBUG [Forwarding sendKeysToElement on session 0fb59d3c372d29b94d8f2df8106983e1 to remote] http.headers 136 - http-outgoing-3 >> Content-Length: 50
12-09-2018 12:36:10 LoggingManagedHttpClientConnection.java DEBUG [Forwarding sendKeysToElement on session 0fb59d3c372d29b94d8f2df8106983e1 to remote] http.headers 136 - http-outgoing-3 >> Host: localhost:13733
12-09-2018 12:36:10 LoggingManagedHttpClientConnection.java DEBUG [Forwarding sendKeysToElement on session 0fb59d3c372d29b94d8f2df8106983e1 to remote] http.headers 136 - http-outgoing-3 >> Connection: Keep-Alive
12-09-2018 12:36:10 LoggingManagedHttpClientConnection.java DEBUG [Forwarding sendKeysToElement on session 0fb59d3c372d29b94d8f2df8106983e1 to remote] http.headers 136 - http-outgoing-3 >> User-Agent: Apache-HttpClient/4.5.3 (Java/1.8.0_181)
12-09-2018 12:36:10 LoggingManagedHttpClientConnection.java DEBUG [Forwarding sendKeysToElement on session 0fb59d3c372d29b94d8f2df8106983e1 to remote] http.headers 136 - http-outgoing-3 >> Accept-Encoding: gzip,deflate
12-09-2018 12:36:10 Wire.java DEBUG [Forwarding sendKeysToElement on session 0fb59d3c372d29b94d8f2df8106983e1 to remote] http.wire 73 - http-outgoing-3 >> "POST /session/0fb59d3c372d29b94d8f2df8106983e1/element/0.8992521356777354-6/value HTTP/1.1[\r][\n]"
12-09-2018 12:36:10 Wire.java DEBUG [Forwarding sendKeysToElement on session 0fb59d3c372d29b94d8f2df8106983e1 to remote] http.wire 73 - http-outgoing-3 >> "Content-Type: application/json; charset=utf-8[\r][\n]"
12-09-2018 12:36:10 Wire.java DEBUG [Forwarding sendKeysToElement on session 0fb59d3c372d29b94d8f2df8106983e1 to remote] http.wire 73 - http-outgoing-3 >> "Content-Length: 50[\r][\n]"
12-09-2018 12:36:10 Wire.java DEBUG [Forwarding sendKeysToElement on session 0fb59d3c372d29b94d8f2df8106983e1 to remote] http.wire 73 - http-outgoing-3 >> "Host: localhost:13733[\r][\n]"
12-09-2018 12:36:10 Wire.java DEBUG [Forwarding sendKeysToElement on session 0fb59d3c372d29b94d8f2df8106983e1 to remote] http.wire 73 - http-outgoing-3 >> "Connection: Keep-Alive[\r][\n]"
12-09-2018 12:36:10 Wire.java DEBUG [Forwarding sendKeysToElement on session 0fb59d3c372d29b94d8f2df8106983e1 to remote] http.wire 73 - http-outgoing-3 >> "User-Agent: Apache-HttpClient/4.5.3 (Java/1.8.0_181)[\r][\n]"
12-09-2018 12:36:10 Wire.java DEBUG [Forwarding sendKeysToElement on session 0fb59d3c372d29b94d8f2df8106983e1 to remote] http.wire 73 - http-outgoing-3 >> "Accept-Encoding: gzip,deflate[\r][\n]"
12-09-2018 12:36:10 Wire.java DEBUG [Forwarding sendKeysToElement on session 0fb59d3c372d29b94d8f2df8106983e1 to remote] http.wire 73 - http-outgoing-3 >> "[\r][\n]"
12-09-2018 12:36:10 Wire.java DEBUG [Forwarding sendKeysToElement on session 0fb59d3c372d29b94d8f2df8106983e1 to remote] http.wire 87 - http-outgoing-3 >> "{"id":"0.8992521356777354-6","value":["Auto@123"]}"
12-09-2018 12:36:10 Wire.java DEBUG [Forwarding sendKeysToElement on session 0fb59d3c372d29b94d8f2df8106983e1 to remote] http.wire 73 - http-outgoing-3 << "HTTP/1.1 200 OK[\r][\n]"
12-09-2018 12:36:10 Wire.java DEBUG [Forwarding sendKeysToElement on session 0fb59d3c372d29b94d8f2df8106983e1 to remote] http.wire 73 - http-outgoing-3 << "Content-Length:72[\r][\n]"
12-09-2018 12:36:10 Wire.java DEBUG [Forwarding sendKeysToElement on session 0fb59d3c372d29b94d8f2df8106983e1 to remote] http.wire 73 - http-outgoing-3 << "Content-Type:application/json; charset=utf-8[\r][\n]"
12-09-2018 12:36:10 Wire.java DEBUG [Forwarding sendKeysToElement on session 0fb59d3c372d29b94d8f2df8106983e1 to remote] http.wire 73 - http-outgoing-3 << "[\r][\n]"
12-09-2018 12:36:10 Wire.java DEBUG [Forwarding sendKeysToElement on session 0fb59d3c372d29b94d8f2df8106983e1 to remote] http.wire 87 - http-outgoing-3 << "{"sessionId":"0fb59d3c372d29b94d8f2df8106983e1","status":0,"value":null}"
12-09-2018 12:36:10 LoggingManagedHttpClientConnection.java DEBUG [Forwarding sendKeysToElement on session 0fb59d3c372d29b94d8f2df8106983e1 to remote] http.headers 122 - http-outgoing-3 << HTTP/1.1 200 OK
12-09-2018 12:36:10 LoggingManagedHttpClientConnection.java DEBUG [Forwarding sendKeysToElement on session 0fb59d3c372d29b94d8f2df8106983e1 to remote] http.headers 125 - http-outgoing-3 << Content-Length:72
12-09-2018 12:36:10 LoggingManagedHttpClientConnection.java DEBUG [Forwarding sendKeysToElement on session 0fb59d3c372d29b94d8f2df8106983e1 to remote] http.headers 125 - http-outgoing-3 << Content-Type:application/json; charset=utf-8
12-09-2018 12:36:10 MainClientExec.java DEBUG [Forwarding sendKeysToElement on session 0fb59d3c372d29b94d8f2df8106983e1 to remote] execchain.MainClientExec 285 - Connection can be kept alive indefinitely
12-09-2018 12:36:10 PoolingHttpClientConnectionManager.java DEBUG [Forwarding sendKeysToElement on session 0fb59d3c372d29b94d8f2df8106983e1 to remote] conn.PoolingHttpClientConnectionManager 320 - Connection [id: 3][route: {}->http://localhost:13733] can be kept alive indefinitely
12-09-2018 12:36:10 PoolingHttpClientConnectionManager.java DEBUG [Forwarding sendKeysToElement on session 0fb59d3c372d29b94d8f2df8106983e1 to remote] conn.PoolingHttpClientConnectionManager 326 - Connection released: [id: 3][route: {}->http://localhost:13733][total kept alive: 1; route allocated: 1 of 2000; total allocated: 1 of 2000]
12-09-2018 12:36:10 RequestAddCookies.java DEBUG [Forwarding findElement on session 0fb59d3c372d29b94d8f2df8106983e1 to remote] protocol.RequestAddCookies 123 - CookieSpec selected: default
12-09-2018 12:36:10 RequestAuthCache.java DEBUG [Forwarding findElement on session 0fb59d3c372d29b94d8f2df8106983e1 to remote] protocol.RequestAuthCache 77 - Auth cache not set in the context
12-09-2018 12:36:10 PoolingHttpClientConnectionManager.java DEBUG [Forwarding findElement on session 0fb59d3c372d29b94d8f2df8106983e1 to remote] conn.PoolingHttpClientConnectionManager 255 - Connection request: [route: {}->http://localhost:13733][total kept alive: 1; route allocated: 1 of 2000; total allocated: 1 of 2000]
12-09-2018 12:36:10 PoolingHttpClientConnectionManager.java DEBUG [Forwarding findElement on session 0fb59d3c372d29b94d8f2df8106983e1 to remote] conn.PoolingHttpClientConnectionManager 288 - Connection leased: [id: 3][route: {}->http://localhost:13733][total kept alive: 0; route allocated: 1 of 2000; total allocated: 1 of 2000]
12-09-2018 12:36:10 MainClientExec.java DEBUG [Forwarding findElement on session 0fb59d3c372d29b94d8f2df8106983e1 to remote] execchain.MainClientExec 208 - Stale connection check
12-09-2018 12:36:10 Wire.java DEBUG [Forwarding findElement on session 0fb59d3c372d29b94d8f2df8106983e1 to remote] http.wire 87 - http-outgoing-3 << "[read] I/O error: Read timed out"
12-09-2018 12:36:10 LoggingManagedHttpClientConnection.java DEBUG [Forwarding findElement on session 0fb59d3c372d29b94d8f2df8106983e1 to remote] conn.DefaultManagedHttpClientConnection 88 - http-outgoing-3: set socket timeout to 10800000
12-09-2018 12:36:10 MainClientExec.java DEBUG [Forwarding findElement on session 0fb59d3c372d29b94d8f2df8106983e1 to remote] execchain.MainClientExec 256 - Executing request POST /session/0fb59d3c372d29b94d8f2df8106983e1/element HTTP/1.1
12-09-2018 12:36:10 MainClientExec.java DEBUG [Forwarding findElement on session 0fb59d3c372d29b94d8f2df8106983e1 to remote] execchain.MainClientExec 261 - Target auth state: UNCHALLENGED
12-09-2018 12:36:10 MainClientExec.java DEBUG [Forwarding findElement on session 0fb59d3c372d29b94d8f2df8106983e1 to remote] execchain.MainClientExec 267 - Proxy auth state: UNCHALLENGED
12-09-2018 12:36:10 LoggingManagedHttpClientConnection.java DEBUG [Forwarding findElement on session 0fb59d3c372d29b94d8f2df8106983e1 to remote] http.headers 133 - http-outgoing-3 >> POST /session/0fb59d3c372d29b94d8f2df8106983e1/element HTTP/1.1
12-09-2018 12:36:10 LoggingManagedHttpClientConnection.java DEBUG [Forwarding findElement on session 0fb59d3c372d29b94d8f2df8106983e1 to remote] http.headers 136 - http-outgoing-3 >> Content-Type: application/json; charset=utf-8
12-09-2018 12:36:10 LoggingManagedHttpClientConnection.java DEBUG [Forwarding findElement on session 0fb59d3c372d29b94d8f2df8106983e1 to remote] http.headers 136 - http-outgoing-3 >> Content-Length: 58
12-09-2018 12:36:10 LoggingManagedHttpClientConnection.java DEBUG [Forwarding findElement on session 0fb59d3c372d29b94d8f2df8106983e1 to remote] http.headers 136 - http-outgoing-3 >> Host: localhost:13733
12-09-2018 12:36:10 LoggingManagedHttpClientConnection.java DEBUG [Forwarding findElement on session 0fb59d3c372d29b94d8f2df8106983e1 to remote] http.headers 136 - http-outgoing-3 >> Connection: Keep-Alive
12-09-2018 12:36:10 LoggingManagedHttpClientConnection.java DEBUG [Forwarding findElement on session 0fb59d3c372d29b94d8f2df8106983e1 to remote] http.headers 136 - http-outgoing-3 >> User-Agent: Apache-HttpClient/4.5.3 (Java/1.8.0_181)
12-09-2018 12:36:10 LoggingManagedHttpClientConnection.java DEBUG [Forwarding findElement on session 0fb59d3c372d29b94d8f2df8106983e1 to remote] http.headers 136 - http-outgoing-3 >> Accept-Encoding: gzip,deflate
12-09-2018 12:36:10 Wire.java DEBUG [Forwarding findElement on session 0fb59d3c372d29b94d8f2df8106983e1 to remote] http.wire 73 - http-outgoing-3 >> "POST /session/0fb59d3c372d29b94d8f2df8106983e1/element HTTP/1.1[\r][\n]"
12-09-2018 12:36:10 Wire.java DEBUG [Forwarding findElement on session 0fb59d3c372d29b94d8f2df8106983e1 to remote] http.wire 73 - http-outgoing-3 >> "Content-Type: application/json; charset=utf-8[\r][\n]"
12-09-2018 12:36:10 Wire.java DEBUG [Forwarding findElement on session 0fb59d3c372d29b94d8f2df8106983e1 to remote] http.wire 73 - http-outgoing-3 >> "Content-Length: 58[\r][\n]"
12-09-2018 12:36:10 Wire.java DEBUG [Forwarding findElement on session 0fb59d3c372d29b94d8f2df8106983e1 to remote] http.wire 73 - http-outgoing-3 >> "Host: localhost:13733[\r][\n]"
12-09-2018 12:36:10 Wire.java DEBUG [Forwarding findElement on session 0fb59d3c372d29b94d8f2df8106983e1 to remote] http.wire 73 - http-outgoing-3 >> "Connection: Keep-Alive[\r][\n]"
12-09-2018 12:36:10 Wire.java DEBUG [Forwarding findElement on session 0fb59d3c372d29b94d8f2df8106983e1 to remote] http.wire 73 - http-outgoing-3 >> "User-Agent: Apache-HttpClient/4.5.3 (Java/1.8.0_181)[\r][\n]"
12-09-2018 12:36:10 Wire.java DEBUG [Forwarding findElement on session 0fb59d3c372d29b94d8f2df8106983e1 to remote] http.wire 73 - http-outgoing-3 >> "Accept-Encoding: gzip,deflate[\r][\n]"
12-09-2018 12:36:10 Wire.java DEBUG [Forwarding findElement on session 0fb59d3c372d29b94d8f2df8106983e1 to remote] http.wire 73 - http-outgoing-3 >> "[\r][\n]"
12-09-2018 12:36:10 Wire.java DEBUG [Forwarding findElement on session 0fb59d3c372d29b94d8f2df8106983e1 to remote] http.wire 87 - http-outgoing-3 >> "{"using":"xpath","value":"//span[@class='RveJvd snByac']"}"
12-09-2018 12:36:10 Wire.java DEBUG [Forwarding findElement on session 0fb59d3c372d29b94d8f2df8106983e1 to remote] http.wire 73 - http-outgoing-3 << "HTTP/1.1 200 OK[\r][\n]"
12-09-2018 12:36:10 Wire.java DEBUG [Forwarding findElement on session 0fb59d3c372d29b94d8f2df8106983e1 to remote] http.wire 73 - http-outgoing-3 << "Content-Length:102[\r][\n]"
12-09-2018 12:36:10 Wire.java DEBUG [Forwarding findElement on session 0fb59d3c372d29b94d8f2df8106983e1 to remote] http.wire 73 - http-outgoing-3 << "Content-Type:application/json; charset=utf-8[\r][\n]"
12-09-2018 12:36:10 Wire.java DEBUG [Forwarding findElement on session 0fb59d3c372d29b94d8f2df8106983e1 to remote] http.wire 73 - http-outgoing-3 << "[\r][\n]"
12-09-2018 12:36:10 Wire.java DEBUG [Forwarding findElement on session 0fb59d3c372d29b94d8f2df8106983e1 to remote] http.wire 87 - http-outgoing-3 << "{"sessionId":"0fb59d3c372d29b94d8f2df8106983e1","status":0,"value":{"ELEMENT":"0.8992521356777354-7"}}"
12-09-2018 12:36:10 LoggingManagedHttpClientConnection.java DEBUG [Forwarding findElement on session 0fb59d3c372d29b94d8f2df8106983e1 to remote] http.headers 122 - http-outgoing-3 << HTTP/1.1 200 OK
12-09-2018 12:36:10 LoggingManagedHttpClientConnection.java DEBUG [Forwarding findElement on session 0fb59d3c372d29b94d8f2df8106983e1 to remote] http.headers 125 - http-outgoing-3 << Content-Length:102
12-09-2018 12:36:10 LoggingManagedHttpClientConnection.java DEBUG [Forwarding findElement on session 0fb59d3c372d29b94d8f2df8106983e1 to remote] http.headers 125 - http-outgoing-3 << Content-Type:application/json; charset=utf-8
12-09-2018 12:36:10 MainClientExec.java DEBUG [Forwarding findElement on session 0fb59d3c372d29b94d8f2df8106983e1 to remote] execchain.MainClientExec 285 - Connection can be kept alive indefinitely
12-09-2018 12:36:10 PoolingHttpClientConnectionManager.java DEBUG [Forwarding findElement on session 0fb59d3c372d29b94d8f2df8106983e1 to remote] conn.PoolingHttpClientConnectionManager 320 - Connection [id: 3][route: {}->http://localhost:13733] can be kept alive indefinitely
12-09-2018 12:36:10 PoolingHttpClientConnectionManager.java DEBUG [Forwarding findElement on session 0fb59d3c372d29b94d8f2df8106983e1 to remote] conn.PoolingHttpClientConnectionManager 326 - Connection released: [id: 3][route: {}->http://localhost:13733][total kept alive: 1; route allocated: 1 of 2000; total allocated: 1 of 2000]
12-09-2018 12:36:10 RequestAddCookies.java DEBUG [Forwarding clickElement on session 0fb59d3c372d29b94d8f2df8106983e1 to remote] protocol.RequestAddCookies 123 - CookieSpec selected: default
12-09-2018 12:36:10 RequestAuthCache.java DEBUG [Forwarding clickElement on session 0fb59d3c372d29b94d8f2df8106983e1 to remote] protocol.RequestAuthCache 77 - Auth cache not set in the context
12-09-2018 12:36:10 PoolingHttpClientConnectionManager.java DEBUG [Forwarding clickElement on session 0fb59d3c372d29b94d8f2df8106983e1 to remote] conn.PoolingHttpClientConnectionManager 255 - Connection request: [route: {}->http://localhost:13733][total kept alive: 1; route allocated: 1 of 2000; total allocated: 1 of 2000]
12-09-2018 12:36:10 PoolingHttpClientConnectionManager.java DEBUG [Forwarding clickElement on session 0fb59d3c372d29b94d8f2df8106983e1 to remote] conn.PoolingHttpClientConnectionManager 288 - Connection leased: [id: 3][route: {}->http://localhost:13733][total kept alive: 0; route allocated: 1 of 2000; total allocated: 1 of 2000]
12-09-2018 12:36:10 MainClientExec.java DEBUG [Forwarding clickElement on session 0fb59d3c372d29b94d8f2df8106983e1 to remote] execchain.MainClientExec 208 - Stale connection check
12-09-2018 12:36:10 Wire.java DEBUG [Forwarding clickElement on session 0fb59d3c372d29b94d8f2df8106983e1 to remote] http.wire 87 - http-outgoing-3 << "[read] I/O error: Read timed out"
12-09-2018 12:36:10 LoggingManagedHttpClientConnection.java DEBUG [Forwarding clickElement on session 0fb59d3c372d29b94d8f2df8106983e1 to remote] conn.DefaultManagedHttpClientConnection 88 - http-outgoing-3: set socket timeout to 10800000
12-09-2018 12:36:10 MainClientExec.java DEBUG [Forwarding clickElement on session 0fb59d3c372d29b94d8f2df8106983e1 to remote] execchain.MainClientExec 256 - Executing request POST /session/0fb59d3c372d29b94d8f2df8106983e1/element/0.8992521356777354-7/click HTTP/1.1
12-09-2018 12:36:10 MainClientExec.java DEBUG [Forwarding clickElement on session 0fb59d3c372d29b94d8f2df8106983e1 to remote] execchain.MainClientExec 261 - Target auth state: UNCHALLENGED
12-09-2018 12:36:10 MainClientExec.java DEBUG [Forwarding clickElement on session 0fb59d3c372d29b94d8f2df8106983e1 to remote] execchain.MainClientExec 267 - Proxy auth state: UNCHALLENGED
12-09-2018 12:36:10 LoggingManagedHttpClientConnection.java DEBUG [Forwarding clickElement on session 0fb59d3c372d29b94d8f2df8106983e1 to remote] http.headers 133 - http-outgoing-3 >> POST /session/0fb59d3c372d29b94d8f2df8106983e1/element/0.8992521356777354-7/click HTTP/1.1
12-09-2018 12:36:10 LoggingManagedHttpClientConnection.java DEBUG [Forwarding clickElement on session 0fb59d3c372d29b94d8f2df8106983e1 to remote] http.headers 136 - http-outgoing-3 >> Content-Type: application/json; charset=utf-8
12-09-2018 12:36:10 LoggingManagedHttpClientConnection.java DEBUG [Forwarding clickElement on session 0fb59d3c372d29b94d8f2df8106983e1 to remote] http.headers 136 - http-outgoing-3 >> Content-Length: 29
12-09-2018 12:36:10 LoggingManagedHttpClientConnection.java DEBUG [Forwarding clickElement on session 0fb59d3c372d29b94d8f2df8106983e1 to remote] http.headers 136 - http-outgoing-3 >> Host: localhost:13733
12-09-2018 12:36:10 LoggingManagedHttpClientConnection.java DEBUG [Forwarding clickElement on session 0fb59d3c372d29b94d8f2df8106983e1 to remote] http.headers 136 - http-outgoing-3 >> Connection: Keep-Alive
12-09-2018 12:36:10 LoggingManagedHttpClientConnection.java DEBUG [Forwarding clickElement on session 0fb59d3c372d29b94d8f2df8106983e1 to remote] http.headers 136 - http-outgoing-3 >> User-Agent: Apache-HttpClient/4.5.3 (Java/1.8.0_181)
12-09-2018 12:36:10 LoggingManagedHttpClientConnection.java DEBUG [Forwarding clickElement on session 0fb59d3c372d29b94d8f2df8106983e1 to remote] http.headers 136 - http-outgoing-3 >> Accept-Encoding: gzip,deflate
12-09-2018 12:36:10 Wire.java DEBUG [Forwarding clickElement on session 0fb59d3c372d29b94d8f2df8106983e1 to remote] http.wire 73 - http-outgoing-3 >> "POST /session/0fb59d3c372d29b94d8f2df8106983e1/element/0.8992521356777354-7/click HTTP/1.1[\r][\n]"
12-09-2018 12:36:10 Wire.java DEBUG [Forwarding clickElement on session 0fb59d3c372d29b94d8f2df8106983e1 to remote] http.wire 73 - http-outgoing-3 >> "Content-Type: application/json; charset=utf-8[\r][\n]"
12-09-2018 12:36:10 Wire.java DEBUG [Forwarding clickElement on session 0fb59d3c372d29b94d8f2df8106983e1 to remote] http.wire 73 - http-outgoing-3 >> "Content-Length: 29[\r][\n]"
12-09-2018 12:36:10 Wire.java DEBUG [Forwarding clickElement on session 0fb59d3c372d29b94d8f2df8106983e1 to remote] http.wire 73 - http-outgoing-3 >> "Host: localhost:13733[\r][\n]"
12-09-2018 12:36:10 Wire.java DEBUG [Forwarding clickElement on session 0fb59d3c372d29b94d8f2df8106983e1 to remote] http.wire 73 - http-outgoing-3 >> "Connection: Keep-Alive[\r][\n]"
12-09-2018 12:36:10 Wire.java DEBUG [Forwarding clickElement on session 0fb59d3c372d29b94d8f2df8106983e1 to remote] http.wire 73 - http-outgoing-3 >> "User-Agent: Apache-HttpClient/4.5.3 (Java/1.8.0_181)[\r][\n]"
12-09-2018 12:36:10 Wire.java DEBUG [Forwarding clickElement on session 0fb59d3c372d29b94d8f2df8106983e1 to remote] http.wire 73 - http-outgoing-3 >> "Accept-Encoding: gzip,deflate[\r][\n]"
12-09-2018 12:36:10 Wire.java DEBUG [Forwarding clickElement on session 0fb59d3c372d29b94d8f2df8106983e1 to remote] http.wire 73 - http-outgoing-3 >> "[\r][\n]"
12-09-2018 12:36:10 Wire.java DEBUG [Forwarding clickElement on session 0fb59d3c372d29b94d8f2df8106983e1 to remote] http.wire 87 - http-outgoing-3 >> "{"id":"0.8992521356777354-7"}"
12-09-2018 12:36:10 Wire.java DEBUG [Forwarding clickElement on session 0fb59d3c372d29b94d8f2df8106983e1 to remote] http.wire 73 - http-outgoing-3 << "HTTP/1.1 200 OK[\r][\n]"
12-09-2018 12:36:10 Wire.java DEBUG [Forwarding clickElement on session 0fb59d3c372d29b94d8f2df8106983e1 to remote] http.wire 73 - http-outgoing-3 << "Content-Length:72[\r][\n]"
12-09-2018 12:36:10 Wire.java DEBUG [Forwarding clickElement on session 0fb59d3c372d29b94d8f2df8106983e1 to remote] http.wire 73 - http-outgoing-3 << "Content-Type:application/json; charset=utf-8[\r][\n]"
12-09-2018 12:36:10 Wire.java DEBUG [Forwarding clickElement on session 0fb59d3c372d29b94d8f2df8106983e1 to remote] http.wire 73 - http-outgoing-3 << "[\r][\n]"
12-09-2018 12:36:10 Wire.java DEBUG [Forwarding clickElement on session 0fb59d3c372d29b94d8f2df8106983e1 to remote] http.wire 87 - http-outgoing-3 << "{"sessionId":"0fb59d3c372d29b94d8f2df8106983e1","status":0,"value":null}"
12-09-2018 12:36:10 LoggingManagedHttpClientConnection.java DEBUG [Forwarding clickElement on session 0fb59d3c372d29b94d8f2df8106983e1 to remote] http.headers 122 - http-outgoing-3 << HTTP/1.1 200 OK
12-09-2018 12:36:10 LoggingManagedHttpClientConnection.java DEBUG [Forwarding clickElement on session 0fb59d3c372d29b94d8f2df8106983e1 to remote] http.headers 125 - http-outgoing-3 << Content-Length:72
12-09-2018 12:36:10 LoggingManagedHttpClientConnection.java DEBUG [Forwarding clickElement on session 0fb59d3c372d29b94d8f2df8106983e1 to remote] http.headers 125 - http-outgoing-3 << Content-Type:application/json; charset=utf-8
12-09-2018 12:36:10 MainClientExec.java DEBUG [Forwarding clickElement on session 0fb59d3c372d29b94d8f2df8106983e1 to remote] execchain.MainClientExec 285 - Connection can be kept alive indefinitely
12-09-2018 12:36:10 PoolingHttpClientConnectionManager.java DEBUG [Forwarding clickElement on session 0fb59d3c372d29b94d8f2df8106983e1 to remote] conn.PoolingHttpClientConnectionManager 320 - Connection [id: 3][route: {}->http://localhost:13733] can be kept alive indefinitely
12-09-2018 12:36:10 PoolingHttpClientConnectionManager.java DEBUG [Forwarding clickElement on session 0fb59d3c372d29b94d8f2df8106983e1 to remote] conn.PoolingHttpClientConnectionManager 326 - Connection released: [id: 3][route: {}->http://localhost:13733][total kept alive: 1; route allocated: 1 of 2000; total allocated: 1 of 2000]
12-09-2018 12:36:11 RequestAddCookies.java DEBUG [Forwarding findElements on session 0fb59d3c372d29b94d8f2df8106983e1 to remote] protocol.RequestAddCookies 123 - CookieSpec selected: default
12-09-2018 12:36:11 RequestAuthCache.java DEBUG [Forwarding findElements on session 0fb59d3c372d29b94d8f2df8106983e1 to remote] protocol.RequestAuthCache 77 - Auth cache not set in the context
12-09-2018 12:36:11 PoolingHttpClientConnectionManager.java DEBUG [Forwarding findElements on session 0fb59d3c372d29b94d8f2df8106983e1 to remote] conn.PoolingHttpClientConnectionManager 255 - Connection request: [route: {}->http://localhost:13733][total kept alive: 1; route allocated: 1 of 2000; total allocated: 1 of 2000]
12-09-2018 12:36:11 PoolingHttpClientConnectionManager.java DEBUG [Forwarding findElements on session 0fb59d3c372d29b94d8f2df8106983e1 to remote] conn.PoolingHttpClientConnectionManager 288 - Connection leased: [id: 3][route: {}->http://localhost:13733][total kept alive: 0; route allocated: 1 of 2000; total allocated: 1 of 2000]
12-09-2018 12:36:11 MainClientExec.java DEBUG [Forwarding findElements on session 0fb59d3c372d29b94d8f2df8106983e1 to remote] execchain.MainClientExec 208 - Stale connection check
12-09-2018 12:36:11 Wire.java DEBUG [Forwarding findElements on session 0fb59d3c372d29b94d8f2df8106983e1 to remote] http.wire 87 - http-outgoing-3 << "[read] I/O error: Read timed out"
12-09-2018 12:36:11 LoggingManagedHttpClientConnection.java DEBUG [Forwarding findElements on session 0fb59d3c372d29b94d8f2df8106983e1 to remote] conn.DefaultManagedHttpClientConnection 88 - http-outgoing-3: set socket timeout to 10800000
12-09-2018 12:36:11 MainClientExec.java DEBUG [Forwarding findElements on session 0fb59d3c372d29b94d8f2df8106983e1 to remote] execchain.MainClientExec 256 - Executing request POST /session/0fb59d3c372d29b94d8f2df8106983e1/elements HTTP/1.1
12-09-2018 12:36:11 MainClientExec.java DEBUG [Forwarding findElements on session 0fb59d3c372d29b94d8f2df8106983e1 to remote] execchain.MainClientExec 261 - Target auth state: UNCHALLENGED
12-09-2018 12:36:11 MainClientExec.java DEBUG [Forwarding findElements on session 0fb59d3c372d29b94d8f2df8106983e1 to remote] execchain.MainClientExec 267 - Proxy auth state: UNCHALLENGED
12-09-2018 12:36:11 LoggingManagedHttpClientConnection.java DEBUG [Forwarding findElements on session 0fb59d3c372d29b94d8f2df8106983e1 to remote] http.headers 133 - http-outgoing-3 >> POST /session/0fb59d3c372d29b94d8f2df8106983e1/elements HTTP/1.1
12-09-2018 12:36:11 LoggingManagedHttpClientConnection.java DEBUG [Forwarding findElements on session 0fb59d3c372d29b94d8f2df8106983e1 to remote] http.headers 136 - http-outgoing-3 >> Content-Type: application/json; charset=utf-8
12-09-2018 12:36:11 LoggingManagedHttpClientConnection.java DEBUG [Forwarding findElements on session 0fb59d3c372d29b94d8f2df8106983e1 to remote] http.headers 136 - http-outgoing-3 >> Content-Length: 50
12-09-2018 12:36:11 LoggingManagedHttpClientConnection.java DEBUG [Forwarding findElements on session 0fb59d3c372d29b94d8f2df8106983e1 to remote] http.headers 136 - http-outgoing-3 >> Host: localhost:13733
12-09-2018 12:36:11 LoggingManagedHttpClientConnection.java DEBUG [Forwarding findElements on session 0fb59d3c372d29b94d8f2df8106983e1 to remote] http.headers 136 - http-outgoing-3 >> Connection: Keep-Alive
12-09-2018 12:36:11 LoggingManagedHttpClientConnection.java DEBUG [Forwarding findElements on session 0fb59d3c372d29b94d8f2df8106983e1 to remote] http.headers 136 - http-outgoing-3 >> User-Agent: Apache-HttpClient/4.5.3 (Java/1.8.0_181)
12-09-2018 12:36:11 LoggingManagedHttpClientConnection.java DEBUG [Forwarding findElements on session 0fb59d3c372d29b94d8f2df8106983e1 to remote] http.headers 136 - http-outgoing-3 >> Accept-Encoding: gzip,deflate
12-09-2018 12:36:11 Wire.java DEBUG [Forwarding findElements on session 0fb59d3c372d29b94d8f2df8106983e1 to remote] http.wire 73 - http-outgoing-3 >> "POST /session/0fb59d3c372d29b94d8f2df8106983e1/elements HTTP/1.1[\r][\n]"
12-09-2018 12:36:11 Wire.java DEBUG [Forwarding findElements on session 0fb59d3c372d29b94d8f2df8106983e1 to remote] http.wire 73 - http-outgoing-3 >> "Content-Type: application/json; charset=utf-8[\r][\n]"
12-09-2018 12:36:11 Wire.java DEBUG [Forwarding findElements on session 0fb59d3c372d29b94d8f2df8106983e1 to remote] http.wire 73 - http-outgoing-3 >> "Content-Length: 50[\r][\n]"
12-09-2018 12:36:11 Wire.java DEBUG [Forwarding findElements on session 0fb59d3c372d29b94d8f2df8106983e1 to remote] http.wire 73 - http-outgoing-3 >> "Host: localhost:13733[\r][\n]"
12-09-2018 12:36:11 Wire.java DEBUG [Forwarding findElements on session 0fb59d3c372d29b94d8f2df8106983e1 to remote] http.wire 73 - http-outgoing-3 >> "Connection: Keep-Alive[\r][\n]"
12-09-2018 12:36:11 Wire.java DEBUG [Forwarding findElements on session 0fb59d3c372d29b94d8f2df8106983e1 to remote] http.wire 73 - http-outgoing-3 >> "User-Agent: Apache-HttpClient/4.5.3 (Java/1.8.0_181)[\r][\n]"
12-09-2018 12:36:11 Wire.java DEBUG [Forwarding findElements on session 0fb59d3c372d29b94d8f2df8106983e1 to remote] http.wire 73 - http-outgoing-3 >> "Accept-Encoding: gzip,deflate[\r][\n]"
12-09-2018 12:36:11 Wire.java DEBUG [Forwarding findElements on session 0fb59d3c372d29b94d8f2df8106983e1 to remote] http.wire 73 - http-outgoing-3 >> "[\r][\n]"
12-09-2018 12:36:11 Wire.java DEBUG [Forwarding findElements on session 0fb59d3c372d29b94d8f2df8106983e1 to remote] http.wire 87 - http-outgoing-3 >> "{"using":"xpath","value":"//div[@jsname='B34EJ']"}"
12-09-2018 12:36:11 Wire.java DEBUG [Forwarding findElements on session 0fb59d3c372d29b94d8f2df8106983e1 to remote] http.wire 73 - http-outgoing-3 << "HTTP/1.1 200 OK[\r][\n]"
12-09-2018 12:36:11 Wire.java DEBUG [Forwarding findElements on session 0fb59d3c372d29b94d8f2df8106983e1 to remote] http.wire 73 - http-outgoing-3 << "Content-Length:139[\r][\n]"
12-09-2018 12:36:11 Wire.java DEBUG [Forwarding findElements on session 0fb59d3c372d29b94d8f2df8106983e1 to remote] http.wire 73 - http-outgoing-3 << "Content-Type:application/json; charset=utf-8[\r][\n]"
12-09-2018 12:36:11 Wire.java DEBUG [Forwarding findElements on session 0fb59d3c372d29b94d8f2df8106983e1 to remote] http.wire 73 - http-outgoing-3 << "[\r][\n]"
12-09-2018 12:36:11 Wire.java DEBUG [Forwarding findElements on session 0fb59d3c372d29b94d8f2df8106983e1 to remote] http.wire 87 - http-outgoing-3 << "{"sessionId":"0fb59d3c372d29b94d8f2df8106983e1","status":0,"value":[{"ELEMENT":"0.8992521356777354-8"},{"ELEMENT":"0.8992521356777354-9"}]}"
12-09-2018 12:36:11 LoggingManagedHttpClientConnection.java DEBUG [Forwarding findElements on session 0fb59d3c372d29b94d8f2df8106983e1 to remote] http.headers 122 - http-outgoing-3 << HTTP/1.1 200 OK
12-09-2018 12:36:11 LoggingManagedHttpClientConnection.java DEBUG [Forwarding findElements on session 0fb59d3c372d29b94d8f2df8106983e1 to remote] http.headers 125 - http-outgoing-3 << Content-Length:139
12-09-2018 12:36:11 LoggingManagedHttpClientConnection.java DEBUG [Forwarding findElements on session 0fb59d3c372d29b94d8f2df8106983e1 to remote] http.headers 125 - http-outgoing-3 << Content-Type:application/json; charset=utf-8
12-09-2018 12:36:11 MainClientExec.java DEBUG [Forwarding findElements on session 0fb59d3c372d29b94d8f2df8106983e1 to remote] execchain.MainClientExec 285 - Connection can be kept alive indefinitely
12-09-2018 12:36:11 PoolingHttpClientConnectionManager.java DEBUG [Forwarding findElements on session 0fb59d3c372d29b94d8f2df8106983e1 to remote] conn.PoolingHttpClientConnectionManager 320 - Connection [id: 3][route: {}->http://localhost:13733] can be kept alive indefinitely
12-09-2018 12:36:11 PoolingHttpClientConnectionManager.java DEBUG [Forwarding findElements on session 0fb59d3c372d29b94d8f2df8106983e1 to remote] conn.PoolingHttpClientConnectionManager 326 - Connection released: [id: 3][route: {}->http://localhost:13733][total kept alive: 1; route allocated: 1 of 2000; total allocated: 1 of 2000]
12-09-2018 12:36:11 RequestAddCookies.java DEBUG [Forwarding findElements on session 0fb59d3c372d29b94d8f2df8106983e1 to remote] protocol.RequestAddCookies 123 - CookieSpec selected: default
12-09-2018 12:36:11 RequestAuthCache.java DEBUG [Forwarding findElements on session 0fb59d3c372d29b94d8f2df8106983e1 to remote] protocol.RequestAuthCache 77 - Auth cache not set in the context
12-09-2018 12:36:11 PoolingHttpClientConnectionManager.java DEBUG [Forwarding findElements on session 0fb59d3c372d29b94d8f2df8106983e1 to remote] conn.PoolingHttpClientConnectionManager 255 - Connection request: [route: {}->http://localhost:13733][total kept alive: 1; route allocated: 1 of 2000; total allocated: 1 of 2000]
12-09-2018 12:36:11 PoolingHttpClientConnectionManager.java DEBUG [Forwarding findElements on session 0fb59d3c372d29b94d8f2df8106983e1 to remote] conn.PoolingHttpClientConnectionManager 288 - Connection leased: [id: 3][route: {}->http://localhost:13733][total kept alive: 0; route allocated: 1 of 2000; total allocated: 1 of 2000]
12-09-2018 12:36:11 MainClientExec.java DEBUG [Forwarding findElements on session 0fb59d3c372d29b94d8f2df8106983e1 to remote] execchain.MainClientExec 208 - Stale connection check
12-09-2018 12:36:11 Wire.java DEBUG [Forwarding findElements on session 0fb59d3c372d29b94d8f2df8106983e1 to remote] http.wire 87 - http-outgoing-3 << "[read] I/O error: Read timed out"
12-09-2018 12:36:11 LoggingManagedHttpClientConnection.java DEBUG [Forwarding findElements on session 0fb59d3c372d29b94d8f2df8106983e1 to remote] conn.DefaultManagedHttpClientConnection 88 - http-outgoing-3: set socket timeout to 10800000
12-09-2018 12:36:11 MainClientExec.java DEBUG [Forwarding findElements on session 0fb59d3c372d29b94d8f2df8106983e1 to remote] execchain.MainClientExec 256 - Executing request POST /session/0fb59d3c372d29b94d8f2df8106983e1/elements HTTP/1.1
12-09-2018 12:36:11 MainClientExec.java DEBUG [Forwarding findElements on session 0fb59d3c372d29b94d8f2df8106983e1 to remote] execchain.MainClientExec 261 - Target auth state: UNCHALLENGED
12-09-2018 12:36:11 MainClientExec.java DEBUG [Forwarding findElements on session 0fb59d3c372d29b94d8f2df8106983e1 to remote] execchain.MainClientExec 267 - Proxy auth state: UNCHALLENGED
12-09-2018 12:36:11 LoggingManagedHttpClientConnection.java DEBUG [Forwarding findElements on session 0fb59d3c372d29b94d8f2df8106983e1 to remote] http.headers 133 - http-outgoing-3 >> POST /session/0fb59d3c372d29b94d8f2df8106983e1/elements HTTP/1.1
12-09-2018 12:36:11 LoggingManagedHttpClientConnection.java DEBUG [Forwarding findElements on session 0fb59d3c372d29b94d8f2df8106983e1 to remote] http.headers 136 - http-outgoing-3 >> Content-Type: application/json; charset=utf-8
12-09-2018 12:36:11 LoggingManagedHttpClientConnection.java DEBUG [Forwarding findElements on session 0fb59d3c372d29b94d8f2df8106983e1 to remote] http.headers 136 - http-outgoing-3 >> Content-Length: 50
12-09-2018 12:36:11 LoggingManagedHttpClientConnection.java DEBUG [Forwarding findElements on session 0fb59d3c372d29b94d8f2df8106983e1 to remote] http.headers 136 - http-outgoing-3 >> Host: localhost:13733
12-09-2018 12:36:11 LoggingManagedHttpClientConnection.java DEBUG [Forwarding findElements on session 0fb59d3c372d29b94d8f2df8106983e1 to remote] http.headers 136 - http-outgoing-3 >> Connection: Keep-Alive
12-09-2018 12:36:11 LoggingManagedHttpClientConnection.java DEBUG [Forwarding findElements on session 0fb59d3c372d29b94d8f2df8106983e1 to remote] http.headers 136 - http-outgoing-3 >> User-Agent: Apache-HttpClient/4.5.3 (Java/1.8.0_181)
12-09-2018 12:36:11 LoggingManagedHttpClientConnection.java DEBUG [Forwarding findElements on session 0fb59d3c372d29b94d8f2df8106983e1 to remote] http.headers 136 - http-outgoing-3 >> Accept-Encoding: gzip,deflate
12-09-2018 12:36:11 Wire.java DEBUG [Forwarding findElements on session 0fb59d3c372d29b94d8f2df8106983e1 to remote] http.wire 73 - http-outgoing-3 >> "POST /session/0fb59d3c372d29b94d8f2df8106983e1/elements HTTP/1.1[\r][\n]"
12-09-2018 12:36:11 Wire.java DEBUG [Forwarding findElements on session 0fb59d3c372d29b94d8f2df8106983e1 to remote] http.wire 73 - http-outgoing-3 >> "Content-Type: application/json; charset=utf-8[\r][\n]"
12-09-2018 12:36:11 Wire.java DEBUG [Forwarding findElements on session 0fb59d3c372d29b94d8f2df8106983e1 to remote] http.wire 73 - http-outgoing-3 >> "Content-Length: 50[\r][\n]"
12-09-2018 12:36:11 Wire.java DEBUG [Forwarding findElements on session 0fb59d3c372d29b94d8f2df8106983e1 to remote] http.wire 73 - http-outgoing-3 >> "Host: localhost:13733[\r][\n]"
12-09-2018 12:36:11 Wire.java DEBUG [Forwarding findElements on session 0fb59d3c372d29b94d8f2df8106983e1 to remote] http.wire 73 - http-outgoing-3 >> "Connection: Keep-Alive[\r][\n]"
12-09-2018 12:36:11 Wire.java DEBUG [Forwarding findElements on session 0fb59d3c372d29b94d8f2df8106983e1 to remote] http.wire 73 - http-outgoing-3 >> "User-Agent: Apache-HttpClient/4.5.3 (Java/1.8.0_181)[\r][\n]"
12-09-2018 12:36:11 Wire.java DEBUG [Forwarding findElements on session 0fb59d3c372d29b94d8f2df8106983e1 to remote] http.wire 73 - http-outgoing-3 >> "Accept-Encoding: gzip,deflate[\r][\n]"
12-09-2018 12:36:11 Wire.java DEBUG [Forwarding findElements on session 0fb59d3c372d29b94d8f2df8106983e1 to remote] http.wire 73 - http-outgoing-3 >> "[\r][\n]"
12-09-2018 12:36:11 Wire.java DEBUG [Forwarding findElements on session 0fb59d3c372d29b94d8f2df8106983e1 to remote] http.wire 87 - http-outgoing-3 >> "{"using":"xpath","value":"//div[@jsname='B34EJ']"}"
12-09-2018 12:36:11 Wire.java DEBUG [Forwarding findElements on session 0fb59d3c372d29b94d8f2df8106983e1 to remote] http.wire 73 - http-outgoing-3 << "HTTP/1.1 200 OK[\r][\n]"
12-09-2018 12:36:11 Wire.java DEBUG [Forwarding findElements on session 0fb59d3c372d29b94d8f2df8106983e1 to remote] http.wire 73 - http-outgoing-3 << "Content-Length:139[\r][\n]"
12-09-2018 12:36:11 Wire.java DEBUG [Forwarding findElements on session 0fb59d3c372d29b94d8f2df8106983e1 to remote] http.wire 73 - http-outgoing-3 << "Content-Type:application/json; charset=utf-8[\r][\n]"
12-09-2018 12:36:11 Wire.java DEBUG [Forwarding findElements on session 0fb59d3c372d29b94d8f2df8106983e1 to remote] http.wire 73 - http-outgoing-3 << "[\r][\n]"
12-09-2018 12:36:11 Wire.java DEBUG [Forwarding findElements on session 0fb59d3c372d29b94d8f2df8106983e1 to remote] http.wire 87 - http-outgoing-3 << "{"sessionId":"0fb59d3c372d29b94d8f2df8106983e1","status":0,"value":[{"ELEMENT":"0.8992521356777354-8"},{"ELEMENT":"0.8992521356777354-9"}]}"
12-09-2018 12:36:11 LoggingManagedHttpClientConnection.java DEBUG [Forwarding findElements on session 0fb59d3c372d29b94d8f2df8106983e1 to remote] http.headers 122 - http-outgoing-3 << HTTP/1.1 200 OK
12-09-2018 12:36:11 LoggingManagedHttpClientConnection.java DEBUG [Forwarding findElements on session 0fb59d3c372d29b94d8f2df8106983e1 to remote] http.headers 125 - http-outgoing-3 << Content-Length:139
12-09-2018 12:36:11 LoggingManagedHttpClientConnection.java DEBUG [Forwarding findElements on session 0fb59d3c372d29b94d8f2df8106983e1 to remote] http.headers 125 - http-outgoing-3 << Content-Type:application/json; charset=utf-8
12-09-2018 12:36:11 MainClientExec.java DEBUG [Forwarding findElements on session 0fb59d3c372d29b94d8f2df8106983e1 to remote] execchain.MainClientExec 285 - Connection can be kept alive indefinitely
12-09-2018 12:36:11 PoolingHttpClientConnectionManager.java DEBUG [Forwarding findElements on session 0fb59d3c372d29b94d8f2df8106983e1 to remote] conn.PoolingHttpClientConnectionManager 320 - Connection [id: 3][route: {}->http://localhost:13733] can be kept alive indefinitely
12-09-2018 12:36:11 PoolingHttpClientConnectionManager.java DEBUG [Forwarding findElements on session 0fb59d3c372d29b94d8f2df8106983e1 to remote] conn.PoolingHttpClientConnectionManager 326 - Connection released: [id: 3][route: {}->http://localhost:13733][total kept alive: 1; route allocated: 1 of 2000; total allocated: 1 of 2000]
12-09-2018 12:36:11 RequestAddCookies.java DEBUG [Forwarding getElementText on session 0fb59d3c372d29b94d8f2df8106983e1 to remote] protocol.RequestAddCookies 123 - CookieSpec selected: default
12-09-2018 12:36:11 RequestAuthCache.java DEBUG [Forwarding getElementText on session 0fb59d3c372d29b94d8f2df8106983e1 to remote] protocol.RequestAuthCache 77 - Auth cache not set in the context
12-09-2018 12:36:11 PoolingHttpClientConnectionManager.java DEBUG [Forwarding getElementText on session 0fb59d3c372d29b94d8f2df8106983e1 to remote] conn.PoolingHttpClientConnectionManager 255 - Connection request: [route: {}->http://localhost:13733][total kept alive: 1; route allocated: 1 of 2000; total allocated: 1 of 2000]
12-09-2018 12:36:11 PoolingHttpClientConnectionManager.java DEBUG [Forwarding getElementText on session 0fb59d3c372d29b94d8f2df8106983e1 to remote] conn.PoolingHttpClientConnectionManager 288 - Connection leased: [id: 3][route: {}->http://localhost:13733][total kept alive: 0; route allocated: 1 of 2000; total allocated: 1 of 2000]
12-09-2018 12:36:11 MainClientExec.java DEBUG [Forwarding getElementText on session 0fb59d3c372d29b94d8f2df8106983e1 to remote] execchain.MainClientExec 208 - Stale connection check
12-09-2018 12:36:11 Wire.java DEBUG [Forwarding getElementText on session 0fb59d3c372d29b94d8f2df8106983e1 to remote] http.wire 87 - http-outgoing-3 << "[read] I/O error: Read timed out"
12-09-2018 12:36:11 LoggingManagedHttpClientConnection.java DEBUG [Forwarding getElementText on session 0fb59d3c372d29b94d8f2df8106983e1 to remote] conn.DefaultManagedHttpClientConnection 88 - http-outgoing-3: set socket timeout to 10800000
12-09-2018 12:36:11 MainClientExec.java DEBUG [Forwarding getElementText on session 0fb59d3c372d29b94d8f2df8106983e1 to remote] execchain.MainClientExec 256 - Executing request GET /session/0fb59d3c372d29b94d8f2df8106983e1/element/0.8992521356777354-8/text HTTP/1.1
12-09-2018 12:36:11 MainClientExec.java DEBUG [Forwarding getElementText on session 0fb59d3c372d29b94d8f2df8106983e1 to remote] execchain.MainClientExec 261 - Target auth state: UNCHALLENGED
12-09-2018 12:36:11 MainClientExec.java DEBUG [Forwarding getElementText on session 0fb59d3c372d29b94d8f2df8106983e1 to remote] execchain.MainClientExec 267 - Proxy auth state: UNCHALLENGED
12-09-2018 12:36:11 LoggingManagedHttpClientConnection.java DEBUG [Forwarding getElementText on session 0fb59d3c372d29b94d8f2df8106983e1 to remote] http.headers 133 - http-outgoing-3 >> GET /session/0fb59d3c372d29b94d8f2df8106983e1/element/0.8992521356777354-8/text HTTP/1.1
12-09-2018 12:36:11 LoggingManagedHttpClientConnection.java DEBUG [Forwarding getElementText on session 0fb59d3c372d29b94d8f2df8106983e1 to remote] http.headers 136 - http-outgoing-3 >> Cache-Control: no-cache
12-09-2018 12:36:11 LoggingManagedHttpClientConnection.java DEBUG [Forwarding getElementText on session 0fb59d3c372d29b94d8f2df8106983e1 to remote] http.headers 136 - http-outgoing-3 >> Host: localhost:13733
12-09-2018 12:36:11 LoggingManagedHttpClientConnection.java DEBUG [Forwarding getElementText on session 0fb59d3c372d29b94d8f2df8106983e1 to remote] http.headers 136 - http-outgoing-3 >> Connection: Keep-Alive
12-09-2018 12:36:11 LoggingManagedHttpClientConnection.java DEBUG [Forwarding getElementText on session 0fb59d3c372d29b94d8f2df8106983e1 to remote] http.headers 136 - http-outgoing-3 >> User-Agent: Apache-HttpClient/4.5.3 (Java/1.8.0_181)
12-09-2018 12:36:11 LoggingManagedHttpClientConnection.java DEBUG [Forwarding getElementText on session 0fb59d3c372d29b94d8f2df8106983e1 to remote] http.headers 136 - http-outgoing-3 >> Accept-Encoding: gzip,deflate
12-09-2018 12:36:11 Wire.java DEBUG [Forwarding getElementText on session 0fb59d3c372d29b94d8f2df8106983e1 to remote] http.wire 73 - http-outgoing-3 >> "GET /session/0fb59d3c372d29b94d8f2df8106983e1/element/0.8992521356777354-8/text HTTP/1.1[\r][\n]"
12-09-2018 12:36:11 Wire.java DEBUG [Forwarding getElementText on session 0fb59d3c372d29b94d8f2df8106983e1 to remote] http.wire 73 - http-outgoing-3 >> "Cache-Control: no-cache[\r][\n]"
12-09-2018 12:36:11 Wire.java DEBUG [Forwarding getElementText on session 0fb59d3c372d29b94d8f2df8106983e1 to remote] http.wire 73 - http-outgoing-3 >> "Host: localhost:13733[\r][\n]"
12-09-2018 12:36:11 Wire.java DEBUG [Forwarding getElementText on session 0fb59d3c372d29b94d8f2df8106983e1 to remote] http.wire 73 - http-outgoing-3 >> "Connection: Keep-Alive[\r][\n]"
12-09-2018 12:36:11 Wire.java DEBUG [Forwarding getElementText on session 0fb59d3c372d29b94d8f2df8106983e1 to remote] http.wire 73 - http-outgoing-3 >> "User-Agent: Apache-HttpClient/4.5.3 (Java/1.8.0_181)[\r][\n]"
12-09-2018 12:36:11 Wire.java DEBUG [Forwarding getElementText on session 0fb59d3c372d29b94d8f2df8106983e1 to remote] http.wire 73 - http-outgoing-3 >> "Accept-Encoding: gzip,deflate[\r][\n]"
12-09-2018 12:36:11 Wire.java DEBUG [Forwarding getElementText on session 0fb59d3c372d29b94d8f2df8106983e1 to remote] http.wire 73 - http-outgoing-3 >> "[\r][\n]"
12-09-2018 12:36:11 Wire.java DEBUG [Forwarding getElementText on session 0fb59d3c372d29b94d8f2df8106983e1 to remote] http.wire 73 - http-outgoing-3 << "HTTP/1.1 200 OK[\r][\n]"
12-09-2018 12:36:11 Wire.java DEBUG [Forwarding getElementText on session 0fb59d3c372d29b94d8f2df8106983e1 to remote] http.wire 73 - http-outgoing-3 << "Content-Length:70[\r][\n]"
12-09-2018 12:36:11 Wire.java DEBUG [Forwarding getElementText on session 0fb59d3c372d29b94d8f2df8106983e1 to remote] http.wire 73 - http-outgoing-3 << "Content-Type:application/json; charset=utf-8[\r][\n]"
12-09-2018 12:36:11 Wire.java DEBUG [Forwarding getElementText on session 0fb59d3c372d29b94d8f2df8106983e1 to remote] http.wire 73 - http-outgoing-3 << "[\r][\n]"
12-09-2018 12:36:11 Wire.java DEBUG [Forwarding getElementText on session 0fb59d3c372d29b94d8f2df8106983e1 to remote] http.wire 87 - http-outgoing-3 << "{"sessionId":"0fb59d3c372d29b94d8f2df8106983e1","status":0,"value":""}"
12-09-2018 12:36:11 LoggingManagedHttpClientConnection.java DEBUG [Forwarding getElementText on session 0fb59d3c372d29b94d8f2df8106983e1 to remote] http.headers 122 - http-outgoing-3 << HTTP/1.1 200 OK
12-09-2018 12:36:11 LoggingManagedHttpClientConnection.java DEBUG [Forwarding getElementText on session 0fb59d3c372d29b94d8f2df8106983e1 to remote] http.headers 125 - http-outgoing-3 << Content-Length:70
12-09-2018 12:36:11 LoggingManagedHttpClientConnection.java DEBUG [Forwarding getElementText on session 0fb59d3c372d29b94d8f2df8106983e1 to remote] http.headers 125 - http-outgoing-3 << Content-Type:application/json; charset=utf-8
12-09-2018 12:36:11 MainClientExec.java DEBUG [Forwarding getElementText on session 0fb59d3c372d29b94d8f2df8106983e1 to remote] execchain.MainClientExec 285 - Connection can be kept alive indefinitely
12-09-2018 12:36:11 PoolingHttpClientConnectionManager.java DEBUG [Forwarding getElementText on session 0fb59d3c372d29b94d8f2df8106983e1 to remote] conn.PoolingHttpClientConnectionManager 320 - Connection [id: 3][route: {}->http://localhost:13733] can be kept alive indefinitely
12-09-2018 12:36:11 PoolingHttpClientConnectionManager.java DEBUG [Forwarding getElementText on session 0fb59d3c372d29b94d8f2df8106983e1 to remote] conn.PoolingHttpClientConnectionManager 326 - Connection released: [id: 3][route: {}->http://localhost:13733][total kept alive: 1; route allocated: 1 of 2000; total allocated: 1 of 2000]
12-09-2018 12:36:11 RequestAddCookies.java DEBUG [Forwarding getElementText on session 0fb59d3c372d29b94d8f2df8106983e1 to remote] protocol.RequestAddCookies 123 - CookieSpec selected: default
12-09-2018 12:36:11 RequestAuthCache.java DEBUG [Forwarding getElementText on session 0fb59d3c372d29b94d8f2df8106983e1 to remote] protocol.RequestAuthCache 77 - Auth cache not set in the context
12-09-2018 12:36:11 PoolingHttpClientConnectionManager.java DEBUG [Forwarding getElementText on session 0fb59d3c372d29b94d8f2df8106983e1 to remote] conn.PoolingHttpClientConnectionManager 255 - Connection request: [route: {}->http://localhost:13733][total kept alive: 1; route allocated: 1 of 2000; total allocated: 1 of 2000]
12-09-2018 12:36:11 PoolingHttpClientConnectionManager.java DEBUG [Forwarding getElementText on session 0fb59d3c372d29b94d8f2df8106983e1 to remote] conn.PoolingHttpClientConnectionManager 288 - Connection leased: [id: 3][route: {}->http://localhost:13733][total kept alive: 0; route allocated: 1 of 2000; total allocated: 1 of 2000]
12-09-2018 12:36:11 MainClientExec.java DEBUG [Forwarding getElementText on session 0fb59d3c372d29b94d8f2df8106983e1 to remote] execchain.MainClientExec 208 - Stale connection check
12-09-2018 12:36:11 Wire.java DEBUG [Forwarding getElementText on session 0fb59d3c372d29b94d8f2df8106983e1 to remote] http.wire 87 - http-outgoing-3 << "[read] I/O error: Read timed out"
12-09-2018 12:36:11 LoggingManagedHttpClientConnection.java DEBUG [Forwarding getElementText on session 0fb59d3c372d29b94d8f2df8106983e1 to remote] conn.DefaultManagedHttpClientConnection 88 - http-outgoing-3: set socket timeout to 10800000
12-09-2018 12:36:11 MainClientExec.java DEBUG [Forwarding getElementText on session 0fb59d3c372d29b94d8f2df8106983e1 to remote] execchain.MainClientExec 256 - Executing request GET /session/0fb59d3c372d29b94d8f2df8106983e1/element/0.8992521356777354-8/text HTTP/1.1
12-09-2018 12:36:11 MainClientExec.java DEBUG [Forwarding getElementText on session 0fb59d3c372d29b94d8f2df8106983e1 to remote] execchain.MainClientExec 261 - Target auth state: UNCHALLENGED
12-09-2018 12:36:11 MainClientExec.java DEBUG [Forwarding getElementText on session 0fb59d3c372d29b94d8f2df8106983e1 to remote] execchain.MainClientExec 267 - Proxy auth state: UNCHALLENGED
12-09-2018 12:36:11 LoggingManagedHttpClientConnection.java DEBUG [Forwarding getElementText on session 0fb59d3c372d29b94d8f2df8106983e1 to remote] http.headers 133 - http-outgoing-3 >> GET /session/0fb59d3c372d29b94d8f2df8106983e1/element/0.8992521356777354-8/text HTTP/1.1
12-09-2018 12:36:11 LoggingManagedHttpClientConnection.java DEBUG [Forwarding getElementText on session 0fb59d3c372d29b94d8f2df8106983e1 to remote] http.headers 136 - http-outgoing-3 >> Cache-Control: no-cache
12-09-2018 12:36:11 LoggingManagedHttpClientConnection.java DEBUG [Forwarding getElementText on session 0fb59d3c372d29b94d8f2df8106983e1 to remote] http.headers 136 - http-outgoing-3 >> Host: localhost:13733
12-09-2018 12:36:11 LoggingManagedHttpClientConnection.java DEBUG [Forwarding getElementText on session 0fb59d3c372d29b94d8f2df8106983e1 to remote] http.headers 136 - http-outgoing-3 >> Connection: Keep-Alive
12-09-2018 12:36:11 LoggingManagedHttpClientConnection.java DEBUG [Forwarding getElementText on session 0fb59d3c372d29b94d8f2df8106983e1 to remote] http.headers 136 - http-outgoing-3 >> User-Agent: Apache-HttpClient/4.5.3 (Java/1.8.0_181)
12-09-2018 12:36:11 LoggingManagedHttpClientConnection.java DEBUG [Forwarding getElementText on session 0fb59d3c372d29b94d8f2df8106983e1 to remote] http.headers 136 - http-outgoing-3 >> Accept-Encoding: gzip,deflate
12-09-2018 12:36:11 Wire.java DEBUG [Forwarding getElementText on session 0fb59d3c372d29b94d8f2df8106983e1 to remote] http.wire 73 - http-outgoing-3 >> "GET /session/0fb59d3c372d29b94d8f2df8106983e1/element/0.8992521356777354-8/text HTTP/1.1[\r][\n]"
12-09-2018 12:36:11 Wire.java DEBUG [Forwarding getElementText on session 0fb59d3c372d29b94d8f2df8106983e1 to remote] http.wire 73 - http-outgoing-3 >> "Cache-Control: no-cache[\r][\n]"
12-09-2018 12:36:11 Wire.java DEBUG [Forwarding getElementText on session 0fb59d3c372d29b94d8f2df8106983e1 to remote] http.wire 73 - http-outgoing-3 >> "Host: localhost:13733[\r][\n]"
12-09-2018 12:36:11 Wire.java DEBUG [Forwarding getElementText on session 0fb59d3c372d29b94d8f2df8106983e1 to remote] http.wire 73 - http-outgoing-3 >> "Connection: Keep-Alive[\r][\n]"
12-09-2018 12:36:11 Wire.java DEBUG [Forwarding getElementText on session 0fb59d3c372d29b94d8f2df8106983e1 to remote] http.wire 73 - http-outgoing-3 >> "User-Agent: Apache-HttpClient/4.5.3 (Java/1.8.0_181)[\r][\n]"
12-09-2018 12:36:11 Wire.java DEBUG [Forwarding getElementText on session 0fb59d3c372d29b94d8f2df8106983e1 to remote] http.wire 73 - http-outgoing-3 >> "Accept-Encoding: gzip,deflate[\r][\n]"
12-09-2018 12:36:11 Wire.java DEBUG [Forwarding getElementText on session 0fb59d3c372d29b94d8f2df8106983e1 to remote] http.wire 73 - http-outgoing-3 >> "[\r][\n]"
12-09-2018 12:36:11 Wire.java DEBUG [Forwarding getElementText on session 0fb59d3c372d29b94d8f2df8106983e1 to remote] http.wire 73 - http-outgoing-3 << "HTTP/1.1 200 OK[\r][\n]"
12-09-2018 12:36:11 Wire.java DEBUG [Forwarding getElementText on session 0fb59d3c372d29b94d8f2df8106983e1 to remote] http.wire 73 - http-outgoing-3 << "Content-Length:70[\r][\n]"
12-09-2018 12:36:11 Wire.java DEBUG [Forwarding getElementText on session 0fb59d3c372d29b94d8f2df8106983e1 to remote] http.wire 73 - http-outgoing-3 << "Content-Type:application/json; charset=utf-8[\r][\n]"
12-09-2018 12:36:11 Wire.java DEBUG [Forwarding getElementText on session 0fb59d3c372d29b94d8f2df8106983e1 to remote] http.wire 73 - http-outgoing-3 << "[\r][\n]"
12-09-2018 12:36:11 Wire.java DEBUG [Forwarding getElementText on session 0fb59d3c372d29b94d8f2df8106983e1 to remote] http.wire 87 - http-outgoing-3 << "{"sessionId":"0fb59d3c372d29b94d8f2df8106983e1","status":0,"value":""}"
12-09-2018 12:36:11 LoggingManagedHttpClientConnection.java DEBUG [Forwarding getElementText on session 0fb59d3c372d29b94d8f2df8106983e1 to remote] http.headers 122 - http-outgoing-3 << HTTP/1.1 200 OK
12-09-2018 12:36:11 LoggingManagedHttpClientConnection.java DEBUG [Forwarding getElementText on session 0fb59d3c372d29b94d8f2df8106983e1 to remote] http.headers 125 - http-outgoing-3 << Content-Length:70
12-09-2018 12:36:11 LoggingManagedHttpClientConnection.java DEBUG [Forwarding getElementText on session 0fb59d3c372d29b94d8f2df8106983e1 to remote] http.headers 125 - http-outgoing-3 << Content-Type:application/json; charset=utf-8
12-09-2018 12:36:11 MainClientExec.java DEBUG [Forwarding getElementText on session 0fb59d3c372d29b94d8f2df8106983e1 to remote] execchain.MainClientExec 285 - Connection can be kept alive indefinitely
12-09-2018 12:36:11 PoolingHttpClientConnectionManager.java DEBUG [Forwarding getElementText on session 0fb59d3c372d29b94d8f2df8106983e1 to remote] conn.PoolingHttpClientConnectionManager 320 - Connection [id: 3][route: {}->http://localhost:13733] can be kept alive indefinitely
12-09-2018 12:36:11 PoolingHttpClientConnectionManager.java DEBUG [Forwarding getElementText on session 0fb59d3c372d29b94d8f2df8106983e1 to remote] conn.PoolingHttpClientConnectionManager 326 - Connection released: [id: 3][route: {}->http://localhost:13733][total kept alive: 1; route allocated: 1 of 2000; total allocated: 1 of 2000]
12-09-2018 12:36:11 RequestAddCookies.java DEBUG [Forwarding getElementText on session 0fb59d3c372d29b94d8f2df8106983e1 to remote] protocol.RequestAddCookies 123 - CookieSpec selected: default
12-09-2018 12:36:11 RequestAuthCache.java DEBUG [Forwarding getElementText on session 0fb59d3c372d29b94d8f2df8106983e1 to remote] protocol.RequestAuthCache 77 - Auth cache not set in the context
12-09-2018 12:36:11 PoolingHttpClientConnectionManager.java DEBUG [Forwarding getElementText on session 0fb59d3c372d29b94d8f2df8106983e1 to remote] conn.PoolingHttpClientConnectionManager 255 - Connection request: [route: {}->http://localhost:13733][total kept alive: 1; route allocated: 1 of 2000; total allocated: 1 of 2000]
12-09-2018 12:36:11 PoolingHttpClientConnectionManager.java DEBUG [Forwarding getElementText on session 0fb59d3c372d29b94d8f2df8106983e1 to remote] conn.PoolingHttpClientConnectionManager 288 - Connection leased: [id: 3][route: {}->http://localhost:13733][total kept alive: 0; route allocated: 1 of 2000; total allocated: 1 of 2000]
12-09-2018 12:36:11 MainClientExec.java DEBUG [Forwarding getElementText on session 0fb59d3c372d29b94d8f2df8106983e1 to remote] execchain.MainClientExec 208 - Stale connection check
12-09-2018 12:36:11 Wire.java DEBUG [Forwarding getElementText on session 0fb59d3c372d29b94d8f2df8106983e1 to remote] http.wire 87 - http-outgoing-3 << "[read] I/O error: Read timed out"
12-09-2018 12:36:11 LoggingManagedHttpClientConnection.java DEBUG [Forwarding getElementText on session 0fb59d3c372d29b94d8f2df8106983e1 to remote] conn.DefaultManagedHttpClientConnection 88 - http-outgoing-3: set socket timeout to 10800000
12-09-2018 12:36:11 MainClientExec.java DEBUG [Forwarding getElementText on session 0fb59d3c372d29b94d8f2df8106983e1 to remote] execchain.MainClientExec 256 - Executing request GET /session/0fb59d3c372d29b94d8f2df8106983e1/element/0.8992521356777354-9/text HTTP/1.1
12-09-2018 12:36:11 MainClientExec.java DEBUG [Forwarding getElementText on session 0fb59d3c372d29b94d8f2df8106983e1 to remote] execchain.MainClientExec 261 - Target auth state: UNCHALLENGED
12-09-2018 12:36:11 MainClientExec.java DEBUG [Forwarding getElementText on session 0fb59d3c372d29b94d8f2df8106983e1 to remote] execchain.MainClientExec 267 - Proxy auth state: UNCHALLENGED
12-09-2018 12:36:11 LoggingManagedHttpClientConnection.java DEBUG [Forwarding getElementText on session 0fb59d3c372d29b94d8f2df8106983e1 to remote] http.headers 133 - http-outgoing-3 >> GET /session/0fb59d3c372d29b94d8f2df8106983e1/element/0.8992521356777354-9/text HTTP/1.1
12-09-2018 12:36:11 LoggingManagedHttpClientConnection.java DEBUG [Forwarding getElementText on session 0fb59d3c372d29b94d8f2df8106983e1 to remote] http.headers 136 - http-outgoing-3 >> Cache-Control: no-cache
12-09-2018 12:36:11 LoggingManagedHttpClientConnection.java DEBUG [Forwarding getElementText on session 0fb59d3c372d29b94d8f2df8106983e1 to remote] http.headers 136 - http-outgoing-3 >> Host: localhost:13733
12-09-2018 12:36:11 LoggingManagedHttpClientConnection.java DEBUG [Forwarding getElementText on session 0fb59d3c372d29b94d8f2df8106983e1 to remote] http.headers 136 - http-outgoing-3 >> Connection: Keep-Alive
12-09-2018 12:36:11 LoggingManagedHttpClientConnection.java DEBUG [Forwarding getElementText on session 0fb59d3c372d29b94d8f2df8106983e1 to remote] http.headers 136 - http-outgoing-3 >> User-Agent: Apache-HttpClient/4.5.3 (Java/1.8.0_181)
12-09-2018 12:36:11 LoggingManagedHttpClientConnection.java DEBUG [Forwarding getElementText on session 0fb59d3c372d29b94d8f2df8106983e1 to remote] http.headers 136 - http-outgoing-3 >> Accept-Encoding: gzip,deflate
12-09-2018 12:36:11 Wire.java DEBUG [Forwarding getElementText on session 0fb59d3c372d29b94d8f2df8106983e1 to remote] http.wire 73 - http-outgoing-3 >> "GET /session/0fb59d3c372d29b94d8f2df8106983e1/element/0.8992521356777354-9/text HTTP/1.1[\r][\n]"
12-09-2018 12:36:11 Wire.java DEBUG [Forwarding getElementText on session 0fb59d3c372d29b94d8f2df8106983e1 to remote] http.wire 73 - http-outgoing-3 >> "Cache-Control: no-cache[\r][\n]"
12-09-2018 12:36:11 Wire.java DEBUG [Forwarding getElementText on session 0fb59d3c372d29b94d8f2df8106983e1 to remote] http.wire 73 - http-outgoing-3 >> "Host: localhost:13733[\r][\n]"
12-09-2018 12:36:11 Wire.java DEBUG [Forwarding getElementText on session 0fb59d3c372d29b94d8f2df8106983e1 to remote] http.wire 73 - http-outgoing-3 >> "Connection: Keep-Alive[\r][\n]"
12-09-2018 12:36:11 Wire.java DEBUG [Forwarding getElementText on session 0fb59d3c372d29b94d8f2df8106983e1 to remote] http.wire 73 - http-outgoing-3 >> "User-Agent: Apache-HttpClient/4.5.3 (Java/1.8.0_181)[\r][\n]"
12-09-2018 12:36:11 Wire.java DEBUG [Forwarding getElementText on session 0fb59d3c372d29b94d8f2df8106983e1 to remote] http.wire 73 - http-outgoing-3 >> "Accept-Encoding: gzip,deflate[\r][\n]"
12-09-2018 12:36:11 Wire.java DEBUG [Forwarding getElementText on session 0fb59d3c372d29b94d8f2df8106983e1 to remote] http.wire 73 - http-outgoing-3 >> "[\r][\n]"
12-09-2018 12:36:11 Wire.java DEBUG [Forwarding getElementText on session 0fb59d3c372d29b94d8f2df8106983e1 to remote] http.wire 73 - http-outgoing-3 << "HTTP/1.1 200 OK[\r][\n]"
12-09-2018 12:36:11 Wire.java DEBUG [Forwarding getElementText on session 0fb59d3c372d29b94d8f2df8106983e1 to remote] http.wire 73 - http-outgoing-3 << "Content-Length:70[\r][\n]"
12-09-2018 12:36:11 Wire.java DEBUG [Forwarding getElementText on session 0fb59d3c372d29b94d8f2df8106983e1 to remote] http.wire 73 - http-outgoing-3 << "Content-Type:application/json; charset=utf-8[\r][\n]"
12-09-2018 12:36:11 Wire.java DEBUG [Forwarding getElementText on session 0fb59d3c372d29b94d8f2df8106983e1 to remote] http.wire 73 - http-outgoing-3 << "[\r][\n]"
12-09-2018 12:36:11 Wire.java DEBUG [Forwarding getElementText on session 0fb59d3c372d29b94d8f2df8106983e1 to remote] http.wire 87 - http-outgoing-3 << "{"sessionId":"0fb59d3c372d29b94d8f2df8106983e1","status":0,"value":""}"
12-09-2018 12:36:11 LoggingManagedHttpClientConnection.java DEBUG [Forwarding getElementText on session 0fb59d3c372d29b94d8f2df8106983e1 to remote] http.headers 122 - http-outgoing-3 << HTTP/1.1 200 OK
12-09-2018 12:36:11 LoggingManagedHttpClientConnection.java DEBUG [Forwarding getElementText on session 0fb59d3c372d29b94d8f2df8106983e1 to remote] http.headers 125 - http-outgoing-3 << Content-Length:70
12-09-2018 12:36:11 LoggingManagedHttpClientConnection.java DEBUG [Forwarding getElementText on session 0fb59d3c372d29b94d8f2df8106983e1 to remote] http.headers 125 - http-outgoing-3 << Content-Type:application/json; charset=utf-8
12-09-2018 12:36:11 MainClientExec.java DEBUG [Forwarding getElementText on session 0fb59d3c372d29b94d8f2df8106983e1 to remote] execchain.MainClientExec 285 - Connection can be kept alive indefinitely
12-09-2018 12:36:11 PoolingHttpClientConnectionManager.java DEBUG [Forwarding getElementText on session 0fb59d3c372d29b94d8f2df8106983e1 to remote] conn.PoolingHttpClientConnectionManager 320 - Connection [id: 3][route: {}->http://localhost:13733] can be kept alive indefinitely
12-09-2018 12:36:11 PoolingHttpClientConnectionManager.java DEBUG [Forwarding getElementText on session 0fb59d3c372d29b94d8f2df8106983e1 to remote] conn.PoolingHttpClientConnectionManager 326 - Connection released: [id: 3][route: {}->http://localhost:13733][total kept alive: 1; route allocated: 1 of 2000; total allocated: 1 of 2000]
12-09-2018 12:36:11 RequestAddCookies.java DEBUG [Forwarding getElementText on session 0fb59d3c372d29b94d8f2df8106983e1 to remote] protocol.RequestAddCookies 123 - CookieSpec selected: default
12-09-2018 12:36:11 RequestAuthCache.java DEBUG [Forwarding getElementText on session 0fb59d3c372d29b94d8f2df8106983e1 to remote] protocol.RequestAuthCache 77 - Auth cache not set in the context
12-09-2018 12:36:11 PoolingHttpClientConnectionManager.java DEBUG [Forwarding getElementText on session 0fb59d3c372d29b94d8f2df8106983e1 to remote] conn.PoolingHttpClientConnectionManager 255 - Connection request: [route: {}->http://localhost:13733][total kept alive: 1; route allocated: 1 of 2000; total allocated: 1 of 2000]
12-09-2018 12:36:11 PoolingHttpClientConnectionManager.java DEBUG [Forwarding getElementText on session 0fb59d3c372d29b94d8f2df8106983e1 to remote] conn.PoolingHttpClientConnectionManager 288 - Connection leased: [id: 3][route: {}->http://localhost:13733][total kept alive: 0; route allocated: 1 of 2000; total allocated: 1 of 2000]
12-09-2018 12:36:11 MainClientExec.java DEBUG [Forwarding getElementText on session 0fb59d3c372d29b94d8f2df8106983e1 to remote] execchain.MainClientExec 208 - Stale connection check
12-09-2018 12:36:11 Wire.java DEBUG [Forwarding getElementText on session 0fb59d3c372d29b94d8f2df8106983e1 to remote] http.wire 87 - http-outgoing-3 << "[read] I/O error: Read timed out"
12-09-2018 12:36:11 LoggingManagedHttpClientConnection.java DEBUG [Forwarding getElementText on session 0fb59d3c372d29b94d8f2df8106983e1 to remote] conn.DefaultManagedHttpClientConnection 88 - http-outgoing-3: set socket timeout to 10800000
12-09-2018 12:36:11 MainClientExec.java DEBUG [Forwarding getElementText on session 0fb59d3c372d29b94d8f2df8106983e1 to remote] execchain.MainClientExec 256 - Executing request GET /session/0fb59d3c372d29b94d8f2df8106983e1/element/0.8992521356777354-9/text HTTP/1.1
12-09-2018 12:36:11 MainClientExec.java DEBUG [Forwarding getElementText on session 0fb59d3c372d29b94d8f2df8106983e1 to remote] execchain.MainClientExec 261 - Target auth state: UNCHALLENGED
12-09-2018 12:36:11 MainClientExec.java DEBUG [Forwarding getElementText on session 0fb59d3c372d29b94d8f2df8106983e1 to remote] execchain.MainClientExec 267 - Proxy auth state: UNCHALLENGED
12-09-2018 12:36:11 LoggingManagedHttpClientConnection.java DEBUG [Forwarding getElementText on session 0fb59d3c372d29b94d8f2df8106983e1 to remote] http.headers 133 - http-outgoing-3 >> GET /session/0fb59d3c372d29b94d8f2df8106983e1/element/0.8992521356777354-9/text HTTP/1.1
12-09-2018 12:36:11 LoggingManagedHttpClientConnection.java DEBUG [Forwarding getElementText on session 0fb59d3c372d29b94d8f2df8106983e1 to remote] http.headers 136 - http-outgoing-3 >> Cache-Control: no-cache
12-09-2018 12:36:11 LoggingManagedHttpClientConnection.java DEBUG [Forwarding getElementText on session 0fb59d3c372d29b94d8f2df8106983e1 to remote] http.headers 136 - http-outgoing-3 >> Host: localhost:13733
12-09-2018 12:36:11 LoggingManagedHttpClientConnection.java DEBUG [Forwarding getElementText on session 0fb59d3c372d29b94d8f2df8106983e1 to remote] http.headers 136 - http-outgoing-3 >> Connection: Keep-Alive
12-09-2018 12:36:11 LoggingManagedHttpClientConnection.java DEBUG [Forwarding getElementText on session 0fb59d3c372d29b94d8f2df8106983e1 to remote] http.headers 136 - http-outgoing-3 >> User-Agent: Apache-HttpClient/4.5.3 (Java/1.8.0_181)
12-09-2018 12:36:11 LoggingManagedHttpClientConnection.java DEBUG [Forwarding getElementText on session 0fb59d3c372d29b94d8f2df8106983e1 to remote] http.headers 136 - http-outgoing-3 >> Accept-Encoding: gzip,deflate
12-09-2018 12:36:11 Wire.java DEBUG [Forwarding getElementText on session 0fb59d3c372d29b94d8f2df8106983e1 to remote] http.wire 73 - http-outgoing-3 >> "GET /session/0fb59d3c372d29b94d8f2df8106983e1/element/0.8992521356777354-9/text HTTP/1.1[\r][\n]"
12-09-2018 12:36:11 Wire.java DEBUG [Forwarding getElementText on session 0fb59d3c372d29b94d8f2df8106983e1 to remote] http.wire 73 - http-outgoing-3 >> "Cache-Control: no-cache[\r][\n]"
12-09-2018 12:36:11 Wire.java DEBUG [Forwarding getElementText on session 0fb59d3c372d29b94d8f2df8106983e1 to remote] http.wire 73 - http-outgoing-3 >> "Host: localhost:13733[\r][\n]"
12-09-2018 12:36:11 Wire.java DEBUG [Forwarding getElementText on session 0fb59d3c372d29b94d8f2df8106983e1 to remote] http.wire 73 - http-outgoing-3 >> "Connection: Keep-Alive[\r][\n]"
12-09-2018 12:36:11 Wire.java DEBUG [Forwarding getElementText on session 0fb59d3c372d29b94d8f2df8106983e1 to remote] http.wire 73 - http-outgoing-3 >> "User-Agent: Apache-HttpClient/4.5.3 (Java/1.8.0_181)[\r][\n]"
12-09-2018 12:36:11 Wire.java DEBUG [Forwarding getElementText on session 0fb59d3c372d29b94d8f2df8106983e1 to remote] http.wire 73 - http-outgoing-3 >> "Accept-Encoding: gzip,deflate[\r][\n]"
12-09-2018 12:36:11 Wire.java DEBUG [Forwarding getElementText on session 0fb59d3c372d29b94d8f2df8106983e1 to remote] http.wire 73 - http-outgoing-3 >> "[\r][\n]"
12-09-2018 12:36:11 Wire.java DEBUG [Forwarding getElementText on session 0fb59d3c372d29b94d8f2df8106983e1 to remote] http.wire 73 - http-outgoing-3 << "HTTP/1.1 200 OK[\r][\n]"
12-09-2018 12:36:11 Wire.java DEBUG [Forwarding getElementText on session 0fb59d3c372d29b94d8f2df8106983e1 to remote] http.wire 73 - http-outgoing-3 << "Content-Length:70[\r][\n]"
12-09-2018 12:36:11 Wire.java DEBUG [Forwarding getElementText on session 0fb59d3c372d29b94d8f2df8106983e1 to remote] http.wire 73 - http-outgoing-3 << "Content-Type:application/json; charset=utf-8[\r][\n]"
12-09-2018 12:36:11 Wire.java DEBUG [Forwarding getElementText on session 0fb59d3c372d29b94d8f2df8106983e1 to remote] http.wire 73 - http-outgoing-3 << "[\r][\n]"
12-09-2018 12:36:11 Wire.java DEBUG [Forwarding getElementText on session 0fb59d3c372d29b94d8f2df8106983e1 to remote] http.wire 87 - http-outgoing-3 << "{"sessionId":"0fb59d3c372d29b94d8f2df8106983e1","status":0,"value":""}"
12-09-2018 12:36:11 LoggingManagedHttpClientConnection.java DEBUG [Forwarding getElementText on session 0fb59d3c372d29b94d8f2df8106983e1 to remote] http.headers 122 - http-outgoing-3 << HTTP/1.1 200 OK
12-09-2018 12:36:11 LoggingManagedHttpClientConnection.java DEBUG [Forwarding getElementText on session 0fb59d3c372d29b94d8f2df8106983e1 to remote] http.headers 125 - http-outgoing-3 << Content-Length:70
12-09-2018 12:36:11 LoggingManagedHttpClientConnection.java DEBUG [Forwarding getElementText on session 0fb59d3c372d29b94d8f2df8106983e1 to remote] http.headers 125 - http-outgoing-3 << Content-Type:application/json; charset=utf-8
12-09-2018 12:36:11 MainClientExec.java DEBUG [Forwarding getElementText on session 0fb59d3c372d29b94d8f2df8106983e1 to remote] execchain.MainClientExec 285 - Connection can be kept alive indefinitely
12-09-2018 12:36:11 PoolingHttpClientConnectionManager.java DEBUG [Forwarding getElementText on session 0fb59d3c372d29b94d8f2df8106983e1 to remote] conn.PoolingHttpClientConnectionManager 320 - Connection [id: 3][route: {}->http://localhost:13733] can be kept alive indefinitely
12-09-2018 12:36:11 PoolingHttpClientConnectionManager.java DEBUG [Forwarding getElementText on session 0fb59d3c372d29b94d8f2df8106983e1 to remote] conn.PoolingHttpClientConnectionManager 326 - Connection released: [id: 3][route: {}->http://localhost:13733][total kept alive: 1; route allocated: 1 of 2000; total allocated: 1 of 2000]
12-09-2018 12:36:11 Base.java INFO  [main] InboxPage 31 - Execution Started
12-09-2018 12:36:11 RequestAddCookies.java DEBUG [Forwarding findElement on session 0fb59d3c372d29b94d8f2df8106983e1 to remote] protocol.RequestAddCookies 123 - CookieSpec selected: default
12-09-2018 12:36:11 RequestAuthCache.java DEBUG [Forwarding findElement on session 0fb59d3c372d29b94d8f2df8106983e1 to remote] protocol.RequestAuthCache 77 - Auth cache not set in the context
12-09-2018 12:36:11 PoolingHttpClientConnectionManager.java DEBUG [Forwarding findElement on session 0fb59d3c372d29b94d8f2df8106983e1 to remote] conn.PoolingHttpClientConnectionManager 255 - Connection request: [route: {}->http://localhost:13733][total kept alive: 1; route allocated: 1 of 2000; total allocated: 1 of 2000]
12-09-2018 12:36:11 PoolingHttpClientConnectionManager.java DEBUG [Forwarding findElement on session 0fb59d3c372d29b94d8f2df8106983e1 to remote] conn.PoolingHttpClientConnectionManager 288 - Connection leased: [id: 3][route: {}->http://localhost:13733][total kept alive: 0; route allocated: 1 of 2000; total allocated: 1 of 2000]
12-09-2018 12:36:11 MainClientExec.java DEBUG [Forwarding findElement on session 0fb59d3c372d29b94d8f2df8106983e1 to remote] execchain.MainClientExec 208 - Stale connection check
12-09-2018 12:36:11 Wire.java DEBUG [Forwarding findElement on session 0fb59d3c372d29b94d8f2df8106983e1 to remote] http.wire 87 - http-outgoing-3 << "[read] I/O error: Read timed out"
12-09-2018 12:36:11 LoggingManagedHttpClientConnection.java DEBUG [Forwarding findElement on session 0fb59d3c372d29b94d8f2df8106983e1 to remote] conn.DefaultManagedHttpClientConnection 88 - http-outgoing-3: set socket timeout to 10800000
12-09-2018 12:36:11 MainClientExec.java DEBUG [Forwarding findElement on session 0fb59d3c372d29b94d8f2df8106983e1 to remote] execchain.MainClientExec 256 - Executing request POST /session/0fb59d3c372d29b94d8f2df8106983e1/element HTTP/1.1
12-09-2018 12:36:11 MainClientExec.java DEBUG [Forwarding findElement on session 0fb59d3c372d29b94d8f2df8106983e1 to remote] execchain.MainClientExec 261 - Target auth state: UNCHALLENGED
12-09-2018 12:36:11 MainClientExec.java DEBUG [Forwarding findElement on session 0fb59d3c372d29b94d8f2df8106983e1 to remote] execchain.MainClientExec 267 - Proxy auth state: UNCHALLENGED
12-09-2018 12:36:11 LoggingManagedHttpClientConnection.java DEBUG [Forwarding findElement on session 0fb59d3c372d29b94d8f2df8106983e1 to remote] http.headers 133 - http-outgoing-3 >> POST /session/0fb59d3c372d29b94d8f2df8106983e1/element HTTP/1.1
12-09-2018 12:36:11 LoggingManagedHttpClientConnection.java DEBUG [Forwarding findElement on session 0fb59d3c372d29b94d8f2df8106983e1 to remote] http.headers 136 - http-outgoing-3 >> Content-Type: application/json; charset=utf-8
12-09-2018 12:36:11 LoggingManagedHttpClientConnection.java DEBUG [Forwarding findElement on session 0fb59d3c372d29b94d8f2df8106983e1 to remote] http.headers 136 - http-outgoing-3 >> Content-Length: 55
12-09-2018 12:36:11 LoggingManagedHttpClientConnection.java DEBUG [Forwarding findElement on session 0fb59d3c372d29b94d8f2df8106983e1 to remote] http.headers 136 - http-outgoing-3 >> Host: localhost:13733
12-09-2018 12:36:11 LoggingManagedHttpClientConnection.java DEBUG [Forwarding findElement on session 0fb59d3c372d29b94d8f2df8106983e1 to remote] http.headers 136 - http-outgoing-3 >> Connection: Keep-Alive
12-09-2018 12:36:11 LoggingManagedHttpClientConnection.java DEBUG [Forwarding findElement on session 0fb59d3c372d29b94d8f2df8106983e1 to remote] http.headers 136 - http-outgoing-3 >> User-Agent: Apache-HttpClient/4.5.3 (Java/1.8.0_181)
12-09-2018 12:36:11 LoggingManagedHttpClientConnection.java DEBUG [Forwarding findElement on session 0fb59d3c372d29b94d8f2df8106983e1 to remote] http.headers 136 - http-outgoing-3 >> Accept-Encoding: gzip,deflate
12-09-2018 12:36:11 Wire.java DEBUG [Forwarding findElement on session 0fb59d3c372d29b94d8f2df8106983e1 to remote] http.wire 73 - http-outgoing-3 >> "POST /session/0fb59d3c372d29b94d8f2df8106983e1/element HTTP/1.1[\r][\n]"
12-09-2018 12:36:11 Wire.java DEBUG [Forwarding findElement on session 0fb59d3c372d29b94d8f2df8106983e1 to remote] http.wire 73 - http-outgoing-3 >> "Content-Type: application/json; charset=utf-8[\r][\n]"
12-09-2018 12:36:11 Wire.java DEBUG [Forwarding findElement on session 0fb59d3c372d29b94d8f2df8106983e1 to remote] http.wire 73 - http-outgoing-3 >> "Content-Length: 55[\r][\n]"
12-09-2018 12:36:11 Wire.java DEBUG [Forwarding findElement on session 0fb59d3c372d29b94d8f2df8106983e1 to remote] http.wire 73 - http-outgoing-3 >> "Host: localhost:13733[\r][\n]"
12-09-2018 12:36:11 Wire.java DEBUG [Forwarding findElement on session 0fb59d3c372d29b94d8f2df8106983e1 to remote] http.wire 73 - http-outgoing-3 >> "Connection: Keep-Alive[\r][\n]"
12-09-2018 12:36:11 Wire.java DEBUG [Forwarding findElement on session 0fb59d3c372d29b94d8f2df8106983e1 to remote] http.wire 73 - http-outgoing-3 >> "User-Agent: Apache-HttpClient/4.5.3 (Java/1.8.0_181)[\r][\n]"
12-09-2018 12:36:11 Wire.java DEBUG [Forwarding findElement on session 0fb59d3c372d29b94d8f2df8106983e1 to remote] http.wire 73 - http-outgoing-3 >> "Accept-Encoding: gzip,deflate[\r][\n]"
12-09-2018 12:36:11 Wire.java DEBUG [Forwarding findElement on session 0fb59d3c372d29b94d8f2df8106983e1 to remote] http.wire 73 - http-outgoing-3 >> "[\r][\n]"
12-09-2018 12:36:11 Wire.java DEBUG [Forwarding findElement on session 0fb59d3c372d29b94d8f2df8106983e1 to remote] http.wire 87 - http-outgoing-3 >> "{"using":"xpath","value":"//span[@class='gb_bb gbii']"}"
12-09-2018 12:36:12 Wire.java DEBUG [Forwarding findElement on session 0fb59d3c372d29b94d8f2df8106983e1 to remote] http.wire 73 - http-outgoing-3 << "HTTP/1.1 200 OK[\r][\n]"
12-09-2018 12:36:12 Wire.java DEBUG [Forwarding findElement on session 0fb59d3c372d29b94d8f2df8106983e1 to remote] http.wire 73 - http-outgoing-3 << "Content-Length:356[\r][\n]"
12-09-2018 12:36:12 Wire.java DEBUG [Forwarding findElement on session 0fb59d3c372d29b94d8f2df8106983e1 to remote] http.wire 73 - http-outgoing-3 << "Content-Type:application/json; charset=utf-8[\r][\n]"
12-09-2018 12:36:12 Wire.java DEBUG [Forwarding findElement on session 0fb59d3c372d29b94d8f2df8106983e1 to remote] http.wire 73 - http-outgoing-3 << "[\r][\n]"
12-09-2018 12:36:12 Wire.java DEBUG [Forwarding findElement on session 0fb59d3c372d29b94d8f2df8106983e1 to remote] http.wire 87 - http-outgoing-3 << "{"sessionId":"0fb59d3c372d29b94d8f2df8106983e1","status":7,"value":{"message":"no such element: Unable to locate element: {\"method\":\"xpath\",\"selector\":\"//span[@class='gb_bb gbii']\"}\n  (Session info: chrome=70.0.3538.110)\n  (Driver info: chromedriver=2.44.609538 (b655c5a60b0b544917107a59d4153d4bf78e1b90),platform=Windows NT 10.0.17134 x86_64)"}}"
12-09-2018 12:36:12 LoggingManagedHttpClientConnection.java DEBUG [Forwarding findElement on session 0fb59d3c372d29b94d8f2df8106983e1 to remote] http.headers 122 - http-outgoing-3 << HTTP/1.1 200 OK
12-09-2018 12:36:12 LoggingManagedHttpClientConnection.java DEBUG [Forwarding findElement on session 0fb59d3c372d29b94d8f2df8106983e1 to remote] http.headers 125 - http-outgoing-3 << Content-Length:356
12-09-2018 12:36:12 LoggingManagedHttpClientConnection.java DEBUG [Forwarding findElement on session 0fb59d3c372d29b94d8f2df8106983e1 to remote] http.headers 125 - http-outgoing-3 << Content-Type:application/json; charset=utf-8
12-09-2018 12:36:12 MainClientExec.java DEBUG [Forwarding findElement on session 0fb59d3c372d29b94d8f2df8106983e1 to remote] execchain.MainClientExec 285 - Connection can be kept alive indefinitely
12-09-2018 12:36:12 PoolingHttpClientConnectionManager.java DEBUG [Forwarding findElement on session 0fb59d3c372d29b94d8f2df8106983e1 to remote] conn.PoolingHttpClientConnectionManager 320 - Connection [id: 3][route: {}->http://localhost:13733] can be kept alive indefinitely
12-09-2018 12:36:12 PoolingHttpClientConnectionManager.java DEBUG [Forwarding findElement on session 0fb59d3c372d29b94d8f2df8106983e1 to remote] conn.PoolingHttpClientConnectionManager 326 - Connection released: [id: 3][route: {}->http://localhost:13733][total kept alive: 1; route allocated: 1 of 2000; total allocated: 1 of 2000]
12-09-2018 12:36:12 RequestAddCookies.java DEBUG [Forwarding findElement on session 0fb59d3c372d29b94d8f2df8106983e1 to remote] protocol.RequestAddCookies 123 - CookieSpec selected: default
12-09-2018 12:36:12 RequestAuthCache.java DEBUG [Forwarding findElement on session 0fb59d3c372d29b94d8f2df8106983e1 to remote] protocol.RequestAuthCache 77 - Auth cache not set in the context
12-09-2018 12:36:12 PoolingHttpClientConnectionManager.java DEBUG [Forwarding findElement on session 0fb59d3c372d29b94d8f2df8106983e1 to remote] conn.PoolingHttpClientConnectionManager 255 - Connection request: [route: {}->http://localhost:13733][total kept alive: 1; route allocated: 1 of 2000; total allocated: 1 of 2000]
12-09-2018 12:36:12 PoolingHttpClientConnectionManager.java DEBUG [Forwarding findElement on session 0fb59d3c372d29b94d8f2df8106983e1 to remote] conn.PoolingHttpClientConnectionManager 288 - Connection leased: [id: 3][route: {}->http://localhost:13733][total kept alive: 0; route allocated: 1 of 2000; total allocated: 1 of 2000]
12-09-2018 12:36:12 MainClientExec.java DEBUG [Forwarding findElement on session 0fb59d3c372d29b94d8f2df8106983e1 to remote] execchain.MainClientExec 208 - Stale connection check
12-09-2018 12:36:12 Wire.java DEBUG [Forwarding findElement on session 0fb59d3c372d29b94d8f2df8106983e1 to remote] http.wire 87 - http-outgoing-3 << "[read] I/O error: Read timed out"
12-09-2018 12:36:12 LoggingManagedHttpClientConnection.java DEBUG [Forwarding findElement on session 0fb59d3c372d29b94d8f2df8106983e1 to remote] conn.DefaultManagedHttpClientConnection 88 - http-outgoing-3: set socket timeout to 10800000
12-09-2018 12:36:12 MainClientExec.java DEBUG [Forwarding findElement on session 0fb59d3c372d29b94d8f2df8106983e1 to remote] execchain.MainClientExec 256 - Executing request POST /session/0fb59d3c372d29b94d8f2df8106983e1/element HTTP/1.1
12-09-2018 12:36:12 MainClientExec.java DEBUG [Forwarding findElement on session 0fb59d3c372d29b94d8f2df8106983e1 to remote] execchain.MainClientExec 261 - Target auth state: UNCHALLENGED
12-09-2018 12:36:12 MainClientExec.java DEBUG [Forwarding findElement on session 0fb59d3c372d29b94d8f2df8106983e1 to remote] execchain.MainClientExec 267 - Proxy auth state: UNCHALLENGED
12-09-2018 12:36:12 LoggingManagedHttpClientConnection.java DEBUG [Forwarding findElement on session 0fb59d3c372d29b94d8f2df8106983e1 to remote] http.headers 133 - http-outgoing-3 >> POST /session/0fb59d3c372d29b94d8f2df8106983e1/element HTTP/1.1
12-09-2018 12:36:12 LoggingManagedHttpClientConnection.java DEBUG [Forwarding findElement on session 0fb59d3c372d29b94d8f2df8106983e1 to remote] http.headers 136 - http-outgoing-3 >> Content-Type: application/json; charset=utf-8
12-09-2018 12:36:12 LoggingManagedHttpClientConnection.java DEBUG [Forwarding findElement on session 0fb59d3c372d29b94d8f2df8106983e1 to remote] http.headers 136 - http-outgoing-3 >> Content-Length: 55
12-09-2018 12:36:12 LoggingManagedHttpClientConnection.java DEBUG [Forwarding findElement on session 0fb59d3c372d29b94d8f2df8106983e1 to remote] http.headers 136 - http-outgoing-3 >> Host: localhost:13733
12-09-2018 12:36:12 LoggingManagedHttpClientConnection.java DEBUG [Forwarding findElement on session 0fb59d3c372d29b94d8f2df8106983e1 to remote] http.headers 136 - http-outgoing-3 >> Connection: Keep-Alive
12-09-2018 12:36:12 LoggingManagedHttpClientConnection.java DEBUG [Forwarding findElement on session 0fb59d3c372d29b94d8f2df8106983e1 to remote] http.headers 136 - http-outgoing-3 >> User-Agent: Apache-HttpClient/4.5.3 (Java/1.8.0_181)
12-09-2018 12:36:12 LoggingManagedHttpClientConnection.java DEBUG [Forwarding findElement on session 0fb59d3c372d29b94d8f2df8106983e1 to remote] http.headers 136 - http-outgoing-3 >> Accept-Encoding: gzip,deflate
12-09-2018 12:36:12 Wire.java DEBUG [Forwarding findElement on session 0fb59d3c372d29b94d8f2df8106983e1 to remote] http.wire 73 - http-outgoing-3 >> "POST /session/0fb59d3c372d29b94d8f2df8106983e1/element HTTP/1.1[\r][\n]"
12-09-2018 12:36:12 Wire.java DEBUG [Forwarding findElement on session 0fb59d3c372d29b94d8f2df8106983e1 to remote] http.wire 73 - http-outgoing-3 >> "Content-Type: application/json; charset=utf-8[\r][\n]"
12-09-2018 12:36:12 Wire.java DEBUG [Forwarding findElement on session 0fb59d3c372d29b94d8f2df8106983e1 to remote] http.wire 73 - http-outgoing-3 >> "Content-Length: 55[\r][\n]"
12-09-2018 12:36:12 Wire.java DEBUG [Forwarding findElement on session 0fb59d3c372d29b94d8f2df8106983e1 to remote] http.wire 73 - http-outgoing-3 >> "Host: localhost:13733[\r][\n]"
12-09-2018 12:36:12 Wire.java DEBUG [Forwarding findElement on session 0fb59d3c372d29b94d8f2df8106983e1 to remote] http.wire 73 - http-outgoing-3 >> "Connection: Keep-Alive[\r][\n]"
12-09-2018 12:36:12 Wire.java DEBUG [Forwarding findElement on session 0fb59d3c372d29b94d8f2df8106983e1 to remote] http.wire 73 - http-outgoing-3 >> "User-Agent: Apache-HttpClient/4.5.3 (Java/1.8.0_181)[\r][\n]"
12-09-2018 12:36:12 Wire.java DEBUG [Forwarding findElement on session 0fb59d3c372d29b94d8f2df8106983e1 to remote] http.wire 73 - http-outgoing-3 >> "Accept-Encoding: gzip,deflate[\r][\n]"
12-09-2018 12:36:12 Wire.java DEBUG [Forwarding findElement on session 0fb59d3c372d29b94d8f2df8106983e1 to remote] http.wire 73 - http-outgoing-3 >> "[\r][\n]"
12-09-2018 12:36:12 Wire.java DEBUG [Forwarding findElement on session 0fb59d3c372d29b94d8f2df8106983e1 to remote] http.wire 87 - http-outgoing-3 >> "{"using":"xpath","value":"//span[@class='gb_bb gbii']"}"
12-09-2018 12:36:12 Wire.java DEBUG [Forwarding findElement on session 0fb59d3c372d29b94d8f2df8106983e1 to remote] http.wire 73 - http-outgoing-3 << "HTTP/1.1 200 OK[\r][\n]"
12-09-2018 12:36:12 Wire.java DEBUG [Forwarding findElement on session 0fb59d3c372d29b94d8f2df8106983e1 to remote] http.wire 73 - http-outgoing-3 << "Content-Length:356[\r][\n]"
12-09-2018 12:36:12 Wire.java DEBUG [Forwarding findElement on session 0fb59d3c372d29b94d8f2df8106983e1 to remote] http.wire 73 - http-outgoing-3 << "Content-Type:application/json; charset=utf-8[\r][\n]"
12-09-2018 12:36:12 Wire.java DEBUG [Forwarding findElement on session 0fb59d3c372d29b94d8f2df8106983e1 to remote] http.wire 73 - http-outgoing-3 << "[\r][\n]"
12-09-2018 12:36:12 Wire.java DEBUG [Forwarding findElement on session 0fb59d3c372d29b94d8f2df8106983e1 to remote] http.wire 87 - http-outgoing-3 << "{"sessionId":"0fb59d3c372d29b94d8f2df8106983e1","status":7,"value":{"message":"no such element: Unable to locate element: {\"method\":\"xpath\",\"selector\":\"//span[@class='gb_bb gbii']\"}\n  (Session info: chrome=70.0.3538.110)\n  (Driver info: chromedriver=2.44.609538 (b655c5a60b0b544917107a59d4153d4bf78e1b90),platform=Windows NT 10.0.17134 x86_64)"}}"
12-09-2018 12:36:12 LoggingManagedHttpClientConnection.java DEBUG [Forwarding findElement on session 0fb59d3c372d29b94d8f2df8106983e1 to remote] http.headers 122 - http-outgoing-3 << HTTP/1.1 200 OK
12-09-2018 12:36:12 LoggingManagedHttpClientConnection.java DEBUG [Forwarding findElement on session 0fb59d3c372d29b94d8f2df8106983e1 to remote] http.headers 125 - http-outgoing-3 << Content-Length:356
12-09-2018 12:36:12 LoggingManagedHttpClientConnection.java DEBUG [Forwarding findElement on session 0fb59d3c372d29b94d8f2df8106983e1 to remote] http.headers 125 - http-outgoing-3 << Content-Type:application/json; charset=utf-8
12-09-2018 12:36:12 MainClientExec.java DEBUG [Forwarding findElement on session 0fb59d3c372d29b94d8f2df8106983e1 to remote] execchain.MainClientExec 285 - Connection can be kept alive indefinitely
12-09-2018 12:36:12 PoolingHttpClientConnectionManager.java DEBUG [Forwarding findElement on session 0fb59d3c372d29b94d8f2df8106983e1 to remote] conn.PoolingHttpClientConnectionManager 320 - Connection [id: 3][route: {}->http://localhost:13733] can be kept alive indefinitely
12-09-2018 12:36:12 PoolingHttpClientConnectionManager.java DEBUG [Forwarding findElement on session 0fb59d3c372d29b94d8f2df8106983e1 to remote] conn.PoolingHttpClientConnectionManager 326 - Connection released: [id: 3][route: {}->http://localhost:13733][total kept alive: 1; route allocated: 1 of 2000; total allocated: 1 of 2000]
12-09-2018 12:36:13 RequestAddCookies.java DEBUG [Forwarding findElement on session 0fb59d3c372d29b94d8f2df8106983e1 to remote] protocol.RequestAddCookies 123 - CookieSpec selected: default
12-09-2018 12:36:13 RequestAuthCache.java DEBUG [Forwarding findElement on session 0fb59d3c372d29b94d8f2df8106983e1 to remote] protocol.RequestAuthCache 77 - Auth cache not set in the context
12-09-2018 12:36:13 PoolingHttpClientConnectionManager.java DEBUG [Forwarding findElement on session 0fb59d3c372d29b94d8f2df8106983e1 to remote] conn.PoolingHttpClientConnectionManager 255 - Connection request: [route: {}->http://localhost:13733][total kept alive: 1; route allocated: 1 of 2000; total allocated: 1 of 2000]
12-09-2018 12:36:13 PoolingHttpClientConnectionManager.java DEBUG [Forwarding findElement on session 0fb59d3c372d29b94d8f2df8106983e1 to remote] conn.PoolingHttpClientConnectionManager 288 - Connection leased: [id: 3][route: {}->http://localhost:13733][total kept alive: 0; route allocated: 1 of 2000; total allocated: 1 of 2000]
12-09-2018 12:36:13 MainClientExec.java DEBUG [Forwarding findElement on session 0fb59d3c372d29b94d8f2df8106983e1 to remote] execchain.MainClientExec 208 - Stale connection check
12-09-2018 12:36:13 Wire.java DEBUG [Forwarding findElement on session 0fb59d3c372d29b94d8f2df8106983e1 to remote] http.wire 87 - http-outgoing-3 << "[read] I/O error: Read timed out"
12-09-2018 12:36:13 LoggingManagedHttpClientConnection.java DEBUG [Forwarding findElement on session 0fb59d3c372d29b94d8f2df8106983e1 to remote] conn.DefaultManagedHttpClientConnection 88 - http-outgoing-3: set socket timeout to 10800000
12-09-2018 12:36:13 MainClientExec.java DEBUG [Forwarding findElement on session 0fb59d3c372d29b94d8f2df8106983e1 to remote] execchain.MainClientExec 256 - Executing request POST /session/0fb59d3c372d29b94d8f2df8106983e1/element HTTP/1.1
12-09-2018 12:36:13 MainClientExec.java DEBUG [Forwarding findElement on session 0fb59d3c372d29b94d8f2df8106983e1 to remote] execchain.MainClientExec 261 - Target auth state: UNCHALLENGED
12-09-2018 12:36:13 MainClientExec.java DEBUG [Forwarding findElement on session 0fb59d3c372d29b94d8f2df8106983e1 to remote] execchain.MainClientExec 267 - Proxy auth state: UNCHALLENGED
12-09-2018 12:36:13 LoggingManagedHttpClientConnection.java DEBUG [Forwarding findElement on session 0fb59d3c372d29b94d8f2df8106983e1 to remote] http.headers 133 - http-outgoing-3 >> POST /session/0fb59d3c372d29b94d8f2df8106983e1/element HTTP/1.1
12-09-2018 12:36:13 LoggingManagedHttpClientConnection.java DEBUG [Forwarding findElement on session 0fb59d3c372d29b94d8f2df8106983e1 to remote] http.headers 136 - http-outgoing-3 >> Content-Type: application/json; charset=utf-8
12-09-2018 12:36:13 LoggingManagedHttpClientConnection.java DEBUG [Forwarding findElement on session 0fb59d3c372d29b94d8f2df8106983e1 to remote] http.headers 136 - http-outgoing-3 >> Content-Length: 55
12-09-2018 12:36:13 LoggingManagedHttpClientConnection.java DEBUG [Forwarding findElement on session 0fb59d3c372d29b94d8f2df8106983e1 to remote] http.headers 136 - http-outgoing-3 >> Host: localhost:13733
12-09-2018 12:36:13 LoggingManagedHttpClientConnection.java DEBUG [Forwarding findElement on session 0fb59d3c372d29b94d8f2df8106983e1 to remote] http.headers 136 - http-outgoing-3 >> Connection: Keep-Alive
12-09-2018 12:36:13 LoggingManagedHttpClientConnection.java DEBUG [Forwarding findElement on session 0fb59d3c372d29b94d8f2df8106983e1 to remote] http.headers 136 - http-outgoing-3 >> User-Agent: Apache-HttpClient/4.5.3 (Java/1.8.0_181)
12-09-2018 12:36:13 LoggingManagedHttpClientConnection.java DEBUG [Forwarding findElement on session 0fb59d3c372d29b94d8f2df8106983e1 to remote] http.headers 136 - http-outgoing-3 >> Accept-Encoding: gzip,deflate
12-09-2018 12:36:13 Wire.java DEBUG [Forwarding findElement on session 0fb59d3c372d29b94d8f2df8106983e1 to remote] http.wire 73 - http-outgoing-3 >> "POST /session/0fb59d3c372d29b94d8f2df8106983e1/element HTTP/1.1[\r][\n]"
12-09-2018 12:36:13 Wire.java DEBUG [Forwarding findElement on session 0fb59d3c372d29b94d8f2df8106983e1 to remote] http.wire 73 - http-outgoing-3 >> "Content-Type: application/json; charset=utf-8[\r][\n]"
12-09-2018 12:36:13 Wire.java DEBUG [Forwarding findElement on session 0fb59d3c372d29b94d8f2df8106983e1 to remote] http.wire 73 - http-outgoing-3 >> "Content-Length: 55[\r][\n]"
12-09-2018 12:36:13 Wire.java DEBUG [Forwarding findElement on session 0fb59d3c372d29b94d8f2df8106983e1 to remote] http.wire 73 - http-outgoing-3 >> "Host: localhost:13733[\r][\n]"
12-09-2018 12:36:13 Wire.java DEBUG [Forwarding findElement on session 0fb59d3c372d29b94d8f2df8106983e1 to remote] http.wire 73 - http-outgoing-3 >> "Connection: Keep-Alive[\r][\n]"
12-09-2018 12:36:13 Wire.java DEBUG [Forwarding findElement on session 0fb59d3c372d29b94d8f2df8106983e1 to remote] http.wire 73 - http-outgoing-3 >> "User-Agent: Apache-HttpClient/4.5.3 (Java/1.8.0_181)[\r][\n]"
12-09-2018 12:36:13 Wire.java DEBUG [Forwarding findElement on session 0fb59d3c372d29b94d8f2df8106983e1 to remote] http.wire 73 - http-outgoing-3 >> "Accept-Encoding: gzip,deflate[\r][\n]"
12-09-2018 12:36:13 Wire.java DEBUG [Forwarding findElement on session 0fb59d3c372d29b94d8f2df8106983e1 to remote] http.wire 73 - http-outgoing-3 >> "[\r][\n]"
12-09-2018 12:36:13 Wire.java DEBUG [Forwarding findElement on session 0fb59d3c372d29b94d8f2df8106983e1 to remote] http.wire 87 - http-outgoing-3 >> "{"using":"xpath","value":"//span[@class='gb_bb gbii']"}"
12-09-2018 12:36:13 Wire.java DEBUG [Forwarding findElement on session 0fb59d3c372d29b94d8f2df8106983e1 to remote] http.wire 73 - http-outgoing-3 << "HTTP/1.1 200 OK[\r][\n]"
12-09-2018 12:36:13 Wire.java DEBUG [Forwarding findElement on session 0fb59d3c372d29b94d8f2df8106983e1 to remote] http.wire 73 - http-outgoing-3 << "Content-Length:356[\r][\n]"
12-09-2018 12:36:13 Wire.java DEBUG [Forwarding findElement on session 0fb59d3c372d29b94d8f2df8106983e1 to remote] http.wire 73 - http-outgoing-3 << "Content-Type:application/json; charset=utf-8[\r][\n]"
12-09-2018 12:36:13 Wire.java DEBUG [Forwarding findElement on session 0fb59d3c372d29b94d8f2df8106983e1 to remote] http.wire 73 - http-outgoing-3 << "[\r][\n]"
12-09-2018 12:36:13 Wire.java DEBUG [Forwarding findElement on session 0fb59d3c372d29b94d8f2df8106983e1 to remote] http.wire 87 - http-outgoing-3 << "{"sessionId":"0fb59d3c372d29b94d8f2df8106983e1","status":7,"value":{"message":"no such element: Unable to locate element: {\"method\":\"xpath\",\"selector\":\"//span[@class='gb_bb gbii']\"}\n  (Session info: chrome=70.0.3538.110)\n  (Driver info: chromedriver=2.44.609538 (b655c5a60b0b544917107a59d4153d4bf78e1b90),platform=Windows NT 10.0.17134 x86_64)"}}"
12-09-2018 12:36:13 LoggingManagedHttpClientConnection.java DEBUG [Forwarding findElement on session 0fb59d3c372d29b94d8f2df8106983e1 to remote] http.headers 122 - http-outgoing-3 << HTTP/1.1 200 OK
12-09-2018 12:36:13 LoggingManagedHttpClientConnection.java DEBUG [Forwarding findElement on session 0fb59d3c372d29b94d8f2df8106983e1 to remote] http.headers 125 - http-outgoing-3 << Content-Length:356
12-09-2018 12:36:13 LoggingManagedHttpClientConnection.java DEBUG [Forwarding findElement on session 0fb59d3c372d29b94d8f2df8106983e1 to remote] http.headers 125 - http-outgoing-3 << Content-Type:application/json; charset=utf-8
12-09-2018 12:36:13 MainClientExec.java DEBUG [Forwarding findElement on session 0fb59d3c372d29b94d8f2df8106983e1 to remote] execchain.MainClientExec 285 - Connection can be kept alive indefinitely
12-09-2018 12:36:13 PoolingHttpClientConnectionManager.java DEBUG [Forwarding findElement on session 0fb59d3c372d29b94d8f2df8106983e1 to remote] conn.PoolingHttpClientConnectionManager 320 - Connection [id: 3][route: {}->http://localhost:13733] can be kept alive indefinitely
12-09-2018 12:36:13 PoolingHttpClientConnectionManager.java DEBUG [Forwarding findElement on session 0fb59d3c372d29b94d8f2df8106983e1 to remote] conn.PoolingHttpClientConnectionManager 326 - Connection released: [id: 3][route: {}->http://localhost:13733][total kept alive: 1; route allocated: 1 of 2000; total allocated: 1 of 2000]
12-09-2018 12:36:13 RequestAddCookies.java DEBUG [Forwarding findElement on session 0fb59d3c372d29b94d8f2df8106983e1 to remote] protocol.RequestAddCookies 123 - CookieSpec selected: default
12-09-2018 12:36:13 RequestAuthCache.java DEBUG [Forwarding findElement on session 0fb59d3c372d29b94d8f2df8106983e1 to remote] protocol.RequestAuthCache 77 - Auth cache not set in the context
12-09-2018 12:36:13 PoolingHttpClientConnectionManager.java DEBUG [Forwarding findElement on session 0fb59d3c372d29b94d8f2df8106983e1 to remote] conn.PoolingHttpClientConnectionManager 255 - Connection request: [route: {}->http://localhost:13733][total kept alive: 1; route allocated: 1 of 2000; total allocated: 1 of 2000]
12-09-2018 12:36:13 PoolingHttpClientConnectionManager.java DEBUG [Forwarding findElement on session 0fb59d3c372d29b94d8f2df8106983e1 to remote] conn.PoolingHttpClientConnectionManager 288 - Connection leased: [id: 3][route: {}->http://localhost:13733][total kept alive: 0; route allocated: 1 of 2000; total allocated: 1 of 2000]
12-09-2018 12:36:13 MainClientExec.java DEBUG [Forwarding findElement on session 0fb59d3c372d29b94d8f2df8106983e1 to remote] execchain.MainClientExec 208 - Stale connection check
12-09-2018 12:36:13 Wire.java DEBUG [Forwarding findElement on session 0fb59d3c372d29b94d8f2df8106983e1 to remote] http.wire 87 - http-outgoing-3 << "[read] I/O error: Read timed out"
12-09-2018 12:36:13 LoggingManagedHttpClientConnection.java DEBUG [Forwarding findElement on session 0fb59d3c372d29b94d8f2df8106983e1 to remote] conn.DefaultManagedHttpClientConnection 88 - http-outgoing-3: set socket timeout to 10800000
12-09-2018 12:36:13 MainClientExec.java DEBUG [Forwarding findElement on session 0fb59d3c372d29b94d8f2df8106983e1 to remote] execchain.MainClientExec 256 - Executing request POST /session/0fb59d3c372d29b94d8f2df8106983e1/element HTTP/1.1
12-09-2018 12:36:13 MainClientExec.java DEBUG [Forwarding findElement on session 0fb59d3c372d29b94d8f2df8106983e1 to remote] execchain.MainClientExec 261 - Target auth state: UNCHALLENGED
12-09-2018 12:36:13 MainClientExec.java DEBUG [Forwarding findElement on session 0fb59d3c372d29b94d8f2df8106983e1 to remote] execchain.MainClientExec 267 - Proxy auth state: UNCHALLENGED
12-09-2018 12:36:13 LoggingManagedHttpClientConnection.java DEBUG [Forwarding findElement on session 0fb59d3c372d29b94d8f2df8106983e1 to remote] http.headers 133 - http-outgoing-3 >> POST /session/0fb59d3c372d29b94d8f2df8106983e1/element HTTP/1.1
12-09-2018 12:36:13 LoggingManagedHttpClientConnection.java DEBUG [Forwarding findElement on session 0fb59d3c372d29b94d8f2df8106983e1 to remote] http.headers 136 - http-outgoing-3 >> Content-Type: application/json; charset=utf-8
12-09-2018 12:36:13 LoggingManagedHttpClientConnection.java DEBUG [Forwarding findElement on session 0fb59d3c372d29b94d8f2df8106983e1 to remote] http.headers 136 - http-outgoing-3 >> Content-Length: 55
12-09-2018 12:36:13 LoggingManagedHttpClientConnection.java DEBUG [Forwarding findElement on session 0fb59d3c372d29b94d8f2df8106983e1 to remote] http.headers 136 - http-outgoing-3 >> Host: localhost:13733
12-09-2018 12:36:13 LoggingManagedHttpClientConnection.java DEBUG [Forwarding findElement on session 0fb59d3c372d29b94d8f2df8106983e1 to remote] http.headers 136 - http-outgoing-3 >> Connection: Keep-Alive
12-09-2018 12:36:13 LoggingManagedHttpClientConnection.java DEBUG [Forwarding findElement on session 0fb59d3c372d29b94d8f2df8106983e1 to remote] http.headers 136 - http-outgoing-3 >> User-Agent: Apache-HttpClient/4.5.3 (Java/1.8.0_181)
12-09-2018 12:36:13 LoggingManagedHttpClientConnection.java DEBUG [Forwarding findElement on session 0fb59d3c372d29b94d8f2df8106983e1 to remote] http.headers 136 - http-outgoing-3 >> Accept-Encoding: gzip,deflate
12-09-2018 12:36:13 Wire.java DEBUG [Forwarding findElement on session 0fb59d3c372d29b94d8f2df8106983e1 to remote] http.wire 73 - http-outgoing-3 >> "POST /session/0fb59d3c372d29b94d8f2df8106983e1/element HTTP/1.1[\r][\n]"
12-09-2018 12:36:13 Wire.java DEBUG [Forwarding findElement on session 0fb59d3c372d29b94d8f2df8106983e1 to remote] http.wire 73 - http-outgoing-3 >> "Content-Type: application/json; charset=utf-8[\r][\n]"
12-09-2018 12:36:13 Wire.java DEBUG [Forwarding findElement on session 0fb59d3c372d29b94d8f2df8106983e1 to remote] http.wire 73 - http-outgoing-3 >> "Content-Length: 55[\r][\n]"
12-09-2018 12:36:13 Wire.java DEBUG [Forwarding findElement on session 0fb59d3c372d29b94d8f2df8106983e1 to remote] http.wire 73 - http-outgoing-3 >> "Host: localhost:13733[\r][\n]"
12-09-2018 12:36:13 Wire.java DEBUG [Forwarding findElement on session 0fb59d3c372d29b94d8f2df8106983e1 to remote] http.wire 73 - http-outgoing-3 >> "Connection: Keep-Alive[\r][\n]"
12-09-2018 12:36:13 Wire.java DEBUG [Forwarding findElement on session 0fb59d3c372d29b94d8f2df8106983e1 to remote] http.wire 73 - http-outgoing-3 >> "User-Agent: Apache-HttpClient/4.5.3 (Java/1.8.0_181)[\r][\n]"
12-09-2018 12:36:13 Wire.java DEBUG [Forwarding findElement on session 0fb59d3c372d29b94d8f2df8106983e1 to remote] http.wire 73 - http-outgoing-3 >> "Accept-Encoding: gzip,deflate[\r][\n]"
12-09-2018 12:36:13 Wire.java DEBUG [Forwarding findElement on session 0fb59d3c372d29b94d8f2df8106983e1 to remote] http.wire 73 - http-outgoing-3 >> "[\r][\n]"
12-09-2018 12:36:13 Wire.java DEBUG [Forwarding findElement on session 0fb59d3c372d29b94d8f2df8106983e1 to remote] http.wire 87 - http-outgoing-3 >> "{"using":"xpath","value":"//span[@class='gb_bb gbii']"}"
12-09-2018 12:36:13 Wire.java DEBUG [Forwarding findElement on session 0fb59d3c372d29b94d8f2df8106983e1 to remote] http.wire 73 - http-outgoing-3 << "HTTP/1.1 200 OK[\r][\n]"
12-09-2018 12:36:13 Wire.java DEBUG [Forwarding findElement on session 0fb59d3c372d29b94d8f2df8106983e1 to remote] http.wire 73 - http-outgoing-3 << "Content-Length:356[\r][\n]"
12-09-2018 12:36:13 Wire.java DEBUG [Forwarding findElement on session 0fb59d3c372d29b94d8f2df8106983e1 to remote] http.wire 73 - http-outgoing-3 << "Content-Type:application/json; charset=utf-8[\r][\n]"
12-09-2018 12:36:13 Wire.java DEBUG [Forwarding findElement on session 0fb59d3c372d29b94d8f2df8106983e1 to remote] http.wire 73 - http-outgoing-3 << "[\r][\n]"
12-09-2018 12:36:13 Wire.java DEBUG [Forwarding findElement on session 0fb59d3c372d29b94d8f2df8106983e1 to remote] http.wire 87 - http-outgoing-3 << "{"sessionId":"0fb59d3c372d29b94d8f2df8106983e1","status":7,"value":{"message":"no such element: Unable to locate element: {\"method\":\"xpath\",\"selector\":\"//span[@class='gb_bb gbii']\"}\n  (Session info: chrome=70.0.3538.110)\n  (Driver info: chromedriver=2.44.609538 (b655c5a60b0b544917107a59d4153d4bf78e1b90),platform=Windows NT 10.0.17134 x86_64)"}}"
12-09-2018 12:36:13 LoggingManagedHttpClientConnection.java DEBUG [Forwarding findElement on session 0fb59d3c372d29b94d8f2df8106983e1 to remote] http.headers 122 - http-outgoing-3 << HTTP/1.1 200 OK
12-09-2018 12:36:13 LoggingManagedHttpClientConnection.java DEBUG [Forwarding findElement on session 0fb59d3c372d29b94d8f2df8106983e1 to remote] http.headers 125 - http-outgoing-3 << Content-Length:356
12-09-2018 12:36:13 LoggingManagedHttpClientConnection.java DEBUG [Forwarding findElement on session 0fb59d3c372d29b94d8f2df8106983e1 to remote] http.headers 125 - http-outgoing-3 << Content-Type:application/json; charset=utf-8
12-09-2018 12:36:13 MainClientExec.java DEBUG [Forwarding findElement on session 0fb59d3c372d29b94d8f2df8106983e1 to remote] execchain.MainClientExec 285 - Connection can be kept alive indefinitely
12-09-2018 12:36:13 PoolingHttpClientConnectionManager.java DEBUG [Forwarding findElement on session 0fb59d3c372d29b94d8f2df8106983e1 to remote] conn.PoolingHttpClientConnectionManager 320 - Connection [id: 3][route: {}->http://localhost:13733] can be kept alive indefinitely
12-09-2018 12:36:13 PoolingHttpClientConnectionManager.java DEBUG [Forwarding findElement on session 0fb59d3c372d29b94d8f2df8106983e1 to remote] conn.PoolingHttpClientConnectionManager 326 - Connection released: [id: 3][route: {}->http://localhost:13733][total kept alive: 1; route allocated: 1 of 2000; total allocated: 1 of 2000]
12-09-2018 12:36:14 RequestAddCookies.java DEBUG [Forwarding findElement on session 0fb59d3c372d29b94d8f2df8106983e1 to remote] protocol.RequestAddCookies 123 - CookieSpec selected: default
12-09-2018 12:36:14 RequestAuthCache.java DEBUG [Forwarding findElement on session 0fb59d3c372d29b94d8f2df8106983e1 to remote] protocol.RequestAuthCache 77 - Auth cache not set in the context
12-09-2018 12:36:14 PoolingHttpClientConnectionManager.java DEBUG [Forwarding findElement on session 0fb59d3c372d29b94d8f2df8106983e1 to remote] conn.PoolingHttpClientConnectionManager 255 - Connection request: [route: {}->http://localhost:13733][total kept alive: 1; route allocated: 1 of 2000; total allocated: 1 of 2000]
12-09-2018 12:36:14 PoolingHttpClientConnectionManager.java DEBUG [Forwarding findElement on session 0fb59d3c372d29b94d8f2df8106983e1 to remote] conn.PoolingHttpClientConnectionManager 288 - Connection leased: [id: 3][route: {}->http://localhost:13733][total kept alive: 0; route allocated: 1 of 2000; total allocated: 1 of 2000]
12-09-2018 12:36:14 MainClientExec.java DEBUG [Forwarding findElement on session 0fb59d3c372d29b94d8f2df8106983e1 to remote] execchain.MainClientExec 208 - Stale connection check
12-09-2018 12:36:14 Wire.java DEBUG [Forwarding findElement on session 0fb59d3c372d29b94d8f2df8106983e1 to remote] http.wire 87 - http-outgoing-3 << "[read] I/O error: Read timed out"
12-09-2018 12:36:14 LoggingManagedHttpClientConnection.java DEBUG [Forwarding findElement on session 0fb59d3c372d29b94d8f2df8106983e1 to remote] conn.DefaultManagedHttpClientConnection 88 - http-outgoing-3: set socket timeout to 10800000
12-09-2018 12:36:14 MainClientExec.java DEBUG [Forwarding findElement on session 0fb59d3c372d29b94d8f2df8106983e1 to remote] execchain.MainClientExec 256 - Executing request POST /session/0fb59d3c372d29b94d8f2df8106983e1/element HTTP/1.1
12-09-2018 12:36:14 MainClientExec.java DEBUG [Forwarding findElement on session 0fb59d3c372d29b94d8f2df8106983e1 to remote] execchain.MainClientExec 261 - Target auth state: UNCHALLENGED
12-09-2018 12:36:14 MainClientExec.java DEBUG [Forwarding findElement on session 0fb59d3c372d29b94d8f2df8106983e1 to remote] execchain.MainClientExec 267 - Proxy auth state: UNCHALLENGED
12-09-2018 12:36:14 LoggingManagedHttpClientConnection.java DEBUG [Forwarding findElement on session 0fb59d3c372d29b94d8f2df8106983e1 to remote] http.headers 133 - http-outgoing-3 >> POST /session/0fb59d3c372d29b94d8f2df8106983e1/element HTTP/1.1
12-09-2018 12:36:14 LoggingManagedHttpClientConnection.java DEBUG [Forwarding findElement on session 0fb59d3c372d29b94d8f2df8106983e1 to remote] http.headers 136 - http-outgoing-3 >> Content-Type: application/json; charset=utf-8
12-09-2018 12:36:14 LoggingManagedHttpClientConnection.java DEBUG [Forwarding findElement on session 0fb59d3c372d29b94d8f2df8106983e1 to remote] http.headers 136 - http-outgoing-3 >> Content-Length: 55
12-09-2018 12:36:14 LoggingManagedHttpClientConnection.java DEBUG [Forwarding findElement on session 0fb59d3c372d29b94d8f2df8106983e1 to remote] http.headers 136 - http-outgoing-3 >> Host: localhost:13733
12-09-2018 12:36:14 LoggingManagedHttpClientConnection.java DEBUG [Forwarding findElement on session 0fb59d3c372d29b94d8f2df8106983e1 to remote] http.headers 136 - http-outgoing-3 >> Connection: Keep-Alive
12-09-2018 12:36:14 LoggingManagedHttpClientConnection.java DEBUG [Forwarding findElement on session 0fb59d3c372d29b94d8f2df8106983e1 to remote] http.headers 136 - http-outgoing-3 >> User-Agent: Apache-HttpClient/4.5.3 (Java/1.8.0_181)
12-09-2018 12:36:14 LoggingManagedHttpClientConnection.java DEBUG [Forwarding findElement on session 0fb59d3c372d29b94d8f2df8106983e1 to remote] http.headers 136 - http-outgoing-3 >> Accept-Encoding: gzip,deflate
12-09-2018 12:36:14 Wire.java DEBUG [Forwarding findElement on session 0fb59d3c372d29b94d8f2df8106983e1 to remote] http.wire 73 - http-outgoing-3 >> "POST /session/0fb59d3c372d29b94d8f2df8106983e1/element HTTP/1.1[\r][\n]"
12-09-2018 12:36:14 Wire.java DEBUG [Forwarding findElement on session 0fb59d3c372d29b94d8f2df8106983e1 to remote] http.wire 73 - http-outgoing-3 >> "Content-Type: application/json; charset=utf-8[\r][\n]"
12-09-2018 12:36:14 Wire.java DEBUG [Forwarding findElement on session 0fb59d3c372d29b94d8f2df8106983e1 to remote] http.wire 73 - http-outgoing-3 >> "Content-Length: 55[\r][\n]"
12-09-2018 12:36:14 Wire.java DEBUG [Forwarding findElement on session 0fb59d3c372d29b94d8f2df8106983e1 to remote] http.wire 73 - http-outgoing-3 >> "Host: localhost:13733[\r][\n]"
12-09-2018 12:36:14 Wire.java DEBUG [Forwarding findElement on session 0fb59d3c372d29b94d8f2df8106983e1 to remote] http.wire 73 - http-outgoing-3 >> "Connection: Keep-Alive[\r][\n]"
12-09-2018 12:36:14 Wire.java DEBUG [Forwarding findElement on session 0fb59d3c372d29b94d8f2df8106983e1 to remote] http.wire 73 - http-outgoing-3 >> "User-Agent: Apache-HttpClient/4.5.3 (Java/1.8.0_181)[\r][\n]"
12-09-2018 12:36:14 Wire.java DEBUG [Forwarding findElement on session 0fb59d3c372d29b94d8f2df8106983e1 to remote] http.wire 73 - http-outgoing-3 >> "Accept-Encoding: gzip,deflate[\r][\n]"
12-09-2018 12:36:14 Wire.java DEBUG [Forwarding findElement on session 0fb59d3c372d29b94d8f2df8106983e1 to remote] http.wire 73 - http-outgoing-3 >> "[\r][\n]"
12-09-2018 12:36:14 Wire.java DEBUG [Forwarding findElement on session 0fb59d3c372d29b94d8f2df8106983e1 to remote] http.wire 87 - http-outgoing-3 >> "{"using":"xpath","value":"//span[@class='gb_bb gbii']"}"
12-09-2018 12:36:14 Wire.java DEBUG [Forwarding findElement on session 0fb59d3c372d29b94d8f2df8106983e1 to remote] http.wire 73 - http-outgoing-3 << "HTTP/1.1 200 OK[\r][\n]"
12-09-2018 12:36:14 Wire.java DEBUG [Forwarding findElement on session 0fb59d3c372d29b94d8f2df8106983e1 to remote] http.wire 73 - http-outgoing-3 << "Content-Length:356[\r][\n]"
12-09-2018 12:36:14 Wire.java DEBUG [Forwarding findElement on session 0fb59d3c372d29b94d8f2df8106983e1 to remote] http.wire 73 - http-outgoing-3 << "Content-Type:application/json; charset=utf-8[\r][\n]"
12-09-2018 12:36:14 Wire.java DEBUG [Forwarding findElement on session 0fb59d3c372d29b94d8f2df8106983e1 to remote] http.wire 73 - http-outgoing-3 << "[\r][\n]"
12-09-2018 12:36:14 Wire.java DEBUG [Forwarding findElement on session 0fb59d3c372d29b94d8f2df8106983e1 to remote] http.wire 87 - http-outgoing-3 << "{"sessionId":"0fb59d3c372d29b94d8f2df8106983e1","status":7,"value":{"message":"no such element: Unable to locate element: {\"method\":\"xpath\",\"selector\":\"//span[@class='gb_bb gbii']\"}\n  (Session info: chrome=70.0.3538.110)\n  (Driver info: chromedriver=2.44.609538 (b655c5a60b0b544917107a59d4153d4bf78e1b90),platform=Windows NT 10.0.17134 x86_64)"}}"
12-09-2018 12:36:14 LoggingManagedHttpClientConnection.java DEBUG [Forwarding findElement on session 0fb59d3c372d29b94d8f2df8106983e1 to remote] http.headers 122 - http-outgoing-3 << HTTP/1.1 200 OK
12-09-2018 12:36:14 LoggingManagedHttpClientConnection.java DEBUG [Forwarding findElement on session 0fb59d3c372d29b94d8f2df8106983e1 to remote] http.headers 125 - http-outgoing-3 << Content-Length:356
12-09-2018 12:36:14 LoggingManagedHttpClientConnection.java DEBUG [Forwarding findElement on session 0fb59d3c372d29b94d8f2df8106983e1 to remote] http.headers 125 - http-outgoing-3 << Content-Type:application/json; charset=utf-8
12-09-2018 12:36:14 MainClientExec.java DEBUG [Forwarding findElement on session 0fb59d3c372d29b94d8f2df8106983e1 to remote] execchain.MainClientExec 285 - Connection can be kept alive indefinitely
12-09-2018 12:36:14 PoolingHttpClientConnectionManager.java DEBUG [Forwarding findElement on session 0fb59d3c372d29b94d8f2df8106983e1 to remote] conn.PoolingHttpClientConnectionManager 320 - Connection [id: 3][route: {}->http://localhost:13733] can be kept alive indefinitely
12-09-2018 12:36:14 PoolingHttpClientConnectionManager.java DEBUG [Forwarding findElement on session 0fb59d3c372d29b94d8f2df8106983e1 to remote] conn.PoolingHttpClientConnectionManager 326 - Connection released: [id: 3][route: {}->http://localhost:13733][total kept alive: 1; route allocated: 1 of 2000; total allocated: 1 of 2000]
12-09-2018 12:36:14 RequestAddCookies.java DEBUG [Forwarding findElement on session 0fb59d3c372d29b94d8f2df8106983e1 to remote] protocol.RequestAddCookies 123 - CookieSpec selected: default
12-09-2018 12:36:14 RequestAuthCache.java DEBUG [Forwarding findElement on session 0fb59d3c372d29b94d8f2df8106983e1 to remote] protocol.RequestAuthCache 77 - Auth cache not set in the context
12-09-2018 12:36:14 PoolingHttpClientConnectionManager.java DEBUG [Forwarding findElement on session 0fb59d3c372d29b94d8f2df8106983e1 to remote] conn.PoolingHttpClientConnectionManager 255 - Connection request: [route: {}->http://localhost:13733][total kept alive: 1; route allocated: 1 of 2000; total allocated: 1 of 2000]
12-09-2018 12:36:14 PoolingHttpClientConnectionManager.java DEBUG [Forwarding findElement on session 0fb59d3c372d29b94d8f2df8106983e1 to remote] conn.PoolingHttpClientConnectionManager 288 - Connection leased: [id: 3][route: {}->http://localhost:13733][total kept alive: 0; route allocated: 1 of 2000; total allocated: 1 of 2000]
12-09-2018 12:36:14 MainClientExec.java DEBUG [Forwarding findElement on session 0fb59d3c372d29b94d8f2df8106983e1 to remote] execchain.MainClientExec 208 - Stale connection check
12-09-2018 12:36:14 Wire.java DEBUG [Forwarding findElement on session 0fb59d3c372d29b94d8f2df8106983e1 to remote] http.wire 87 - http-outgoing-3 << "[read] I/O error: Read timed out"
12-09-2018 12:36:14 LoggingManagedHttpClientConnection.java DEBUG [Forwarding findElement on session 0fb59d3c372d29b94d8f2df8106983e1 to remote] conn.DefaultManagedHttpClientConnection 88 - http-outgoing-3: set socket timeout to 10800000
12-09-2018 12:36:14 MainClientExec.java DEBUG [Forwarding findElement on session 0fb59d3c372d29b94d8f2df8106983e1 to remote] execchain.MainClientExec 256 - Executing request POST /session/0fb59d3c372d29b94d8f2df8106983e1/element HTTP/1.1
12-09-2018 12:36:14 MainClientExec.java DEBUG [Forwarding findElement on session 0fb59d3c372d29b94d8f2df8106983e1 to remote] execchain.MainClientExec 261 - Target auth state: UNCHALLENGED
12-09-2018 12:36:14 MainClientExec.java DEBUG [Forwarding findElement on session 0fb59d3c372d29b94d8f2df8106983e1 to remote] execchain.MainClientExec 267 - Proxy auth state: UNCHALLENGED
12-09-2018 12:36:14 LoggingManagedHttpClientConnection.java DEBUG [Forwarding findElement on session 0fb59d3c372d29b94d8f2df8106983e1 to remote] http.headers 133 - http-outgoing-3 >> POST /session/0fb59d3c372d29b94d8f2df8106983e1/element HTTP/1.1
12-09-2018 12:36:14 LoggingManagedHttpClientConnection.java DEBUG [Forwarding findElement on session 0fb59d3c372d29b94d8f2df8106983e1 to remote] http.headers 136 - http-outgoing-3 >> Content-Type: application/json; charset=utf-8
12-09-2018 12:36:14 LoggingManagedHttpClientConnection.java DEBUG [Forwarding findElement on session 0fb59d3c372d29b94d8f2df8106983e1 to remote] http.headers 136 - http-outgoing-3 >> Content-Length: 55
12-09-2018 12:36:14 LoggingManagedHttpClientConnection.java DEBUG [Forwarding findElement on session 0fb59d3c372d29b94d8f2df8106983e1 to remote] http.headers 136 - http-outgoing-3 >> Host: localhost:13733
12-09-2018 12:36:14 LoggingManagedHttpClientConnection.java DEBUG [Forwarding findElement on session 0fb59d3c372d29b94d8f2df8106983e1 to remote] http.headers 136 - http-outgoing-3 >> Connection: Keep-Alive
12-09-2018 12:36:14 LoggingManagedHttpClientConnection.java DEBUG [Forwarding findElement on session 0fb59d3c372d29b94d8f2df8106983e1 to remote] http.headers 136 - http-outgoing-3 >> User-Agent: Apache-HttpClient/4.5.3 (Java/1.8.0_181)
12-09-2018 12:36:14 LoggingManagedHttpClientConnection.java DEBUG [Forwarding findElement on session 0fb59d3c372d29b94d8f2df8106983e1 to remote] http.headers 136 - http-outgoing-3 >> Accept-Encoding: gzip,deflate
12-09-2018 12:36:14 Wire.java DEBUG [Forwarding findElement on session 0fb59d3c372d29b94d8f2df8106983e1 to remote] http.wire 73 - http-outgoing-3 >> "POST /session/0fb59d3c372d29b94d8f2df8106983e1/element HTTP/1.1[\r][\n]"
12-09-2018 12:36:14 Wire.java DEBUG [Forwarding findElement on session 0fb59d3c372d29b94d8f2df8106983e1 to remote] http.wire 73 - http-outgoing-3 >> "Content-Type: application/json; charset=utf-8[\r][\n]"
12-09-2018 12:36:14 Wire.java DEBUG [Forwarding findElement on session 0fb59d3c372d29b94d8f2df8106983e1 to remote] http.wire 73 - http-outgoing-3 >> "Content-Length: 55[\r][\n]"
12-09-2018 12:36:14 Wire.java DEBUG [Forwarding findElement on session 0fb59d3c372d29b94d8f2df8106983e1 to remote] http.wire 73 - http-outgoing-3 >> "Host: localhost:13733[\r][\n]"
12-09-2018 12:36:14 Wire.java DEBUG [Forwarding findElement on session 0fb59d3c372d29b94d8f2df8106983e1 to remote] http.wire 73 - http-outgoing-3 >> "Connection: Keep-Alive[\r][\n]"
12-09-2018 12:36:14 Wire.java DEBUG [Forwarding findElement on session 0fb59d3c372d29b94d8f2df8106983e1 to remote] http.wire 73 - http-outgoing-3 >> "User-Agent: Apache-HttpClient/4.5.3 (Java/1.8.0_181)[\r][\n]"
12-09-2018 12:36:14 Wire.java DEBUG [Forwarding findElement on session 0fb59d3c372d29b94d8f2df8106983e1 to remote] http.wire 73 - http-outgoing-3 >> "Accept-Encoding: gzip,deflate[\r][\n]"
12-09-2018 12:36:14 Wire.java DEBUG [Forwarding findElement on session 0fb59d3c372d29b94d8f2df8106983e1 to remote] http.wire 73 - http-outgoing-3 >> "[\r][\n]"
12-09-2018 12:36:14 Wire.java DEBUG [Forwarding findElement on session 0fb59d3c372d29b94d8f2df8106983e1 to remote] http.wire 87 - http-outgoing-3 >> "{"using":"xpath","value":"//span[@class='gb_bb gbii']"}"
12-09-2018 12:36:14 Wire.java DEBUG [Forwarding findElement on session 0fb59d3c372d29b94d8f2df8106983e1 to remote] http.wire 73 - http-outgoing-3 << "HTTP/1.1 200 OK[\r][\n]"
12-09-2018 12:36:14 Wire.java DEBUG [Forwarding findElement on session 0fb59d3c372d29b94d8f2df8106983e1 to remote] http.wire 73 - http-outgoing-3 << "Content-Length:356[\r][\n]"
12-09-2018 12:36:14 Wire.java DEBUG [Forwarding findElement on session 0fb59d3c372d29b94d8f2df8106983e1 to remote] http.wire 73 - http-outgoing-3 << "Content-Type:application/json; charset=utf-8[\r][\n]"
12-09-2018 12:36:14 Wire.java DEBUG [Forwarding findElement on session 0fb59d3c372d29b94d8f2df8106983e1 to remote] http.wire 73 - http-outgoing-3 << "[\r][\n]"
12-09-2018 12:36:14 Wire.java DEBUG [Forwarding findElement on session 0fb59d3c372d29b94d8f2df8106983e1 to remote] http.wire 87 - http-outgoing-3 << "{"sessionId":"0fb59d3c372d29b94d8f2df8106983e1","status":7,"value":{"message":"no such element: Unable to locate element: {\"method\":\"xpath\",\"selector\":\"//span[@class='gb_bb gbii']\"}\n  (Session info: chrome=70.0.3538.110)\n  (Driver info: chromedriver=2.44.609538 (b655c5a60b0b544917107a59d4153d4bf78e1b90),platform=Windows NT 10.0.17134 x86_64)"}}"
12-09-2018 12:36:14 LoggingManagedHttpClientConnection.java DEBUG [Forwarding findElement on session 0fb59d3c372d29b94d8f2df8106983e1 to remote] http.headers 122 - http-outgoing-3 << HTTP/1.1 200 OK
12-09-2018 12:36:14 LoggingManagedHttpClientConnection.java DEBUG [Forwarding findElement on session 0fb59d3c372d29b94d8f2df8106983e1 to remote] http.headers 125 - http-outgoing-3 << Content-Length:356
12-09-2018 12:36:14 LoggingManagedHttpClientConnection.java DEBUG [Forwarding findElement on session 0fb59d3c372d29b94d8f2df8106983e1 to remote] http.headers 125 - http-outgoing-3 << Content-Type:application/json; charset=utf-8
12-09-2018 12:36:14 MainClientExec.java DEBUG [Forwarding findElement on session 0fb59d3c372d29b94d8f2df8106983e1 to remote] execchain.MainClientExec 285 - Connection can be kept alive indefinitely
12-09-2018 12:36:14 PoolingHttpClientConnectionManager.java DEBUG [Forwarding findElement on session 0fb59d3c372d29b94d8f2df8106983e1 to remote] conn.PoolingHttpClientConnectionManager 320 - Connection [id: 3][route: {}->http://localhost:13733] can be kept alive indefinitely
12-09-2018 12:36:14 PoolingHttpClientConnectionManager.java DEBUG [Forwarding findElement on session 0fb59d3c372d29b94d8f2df8106983e1 to remote] conn.PoolingHttpClientConnectionManager 326 - Connection released: [id: 3][route: {}->http://localhost:13733][total kept alive: 1; route allocated: 1 of 2000; total allocated: 1 of 2000]
12-09-2018 12:36:15 RequestAddCookies.java DEBUG [Forwarding findElement on session 0fb59d3c372d29b94d8f2df8106983e1 to remote] protocol.RequestAddCookies 123 - CookieSpec selected: default
12-09-2018 12:36:15 RequestAuthCache.java DEBUG [Forwarding findElement on session 0fb59d3c372d29b94d8f2df8106983e1 to remote] protocol.RequestAuthCache 77 - Auth cache not set in the context
12-09-2018 12:36:15 PoolingHttpClientConnectionManager.java DEBUG [Forwarding findElement on session 0fb59d3c372d29b94d8f2df8106983e1 to remote] conn.PoolingHttpClientConnectionManager 255 - Connection request: [route: {}->http://localhost:13733][total kept alive: 1; route allocated: 1 of 2000; total allocated: 1 of 2000]
12-09-2018 12:36:15 PoolingHttpClientConnectionManager.java DEBUG [Forwarding findElement on session 0fb59d3c372d29b94d8f2df8106983e1 to remote] conn.PoolingHttpClientConnectionManager 288 - Connection leased: [id: 3][route: {}->http://localhost:13733][total kept alive: 0; route allocated: 1 of 2000; total allocated: 1 of 2000]
12-09-2018 12:36:15 MainClientExec.java DEBUG [Forwarding findElement on session 0fb59d3c372d29b94d8f2df8106983e1 to remote] execchain.MainClientExec 208 - Stale connection check
12-09-2018 12:36:15 Wire.java DEBUG [Forwarding findElement on session 0fb59d3c372d29b94d8f2df8106983e1 to remote] http.wire 87 - http-outgoing-3 << "[read] I/O error: Read timed out"
12-09-2018 12:36:15 LoggingManagedHttpClientConnection.java DEBUG [Forwarding findElement on session 0fb59d3c372d29b94d8f2df8106983e1 to remote] conn.DefaultManagedHttpClientConnection 88 - http-outgoing-3: set socket timeout to 10800000
12-09-2018 12:36:15 MainClientExec.java DEBUG [Forwarding findElement on session 0fb59d3c372d29b94d8f2df8106983e1 to remote] execchain.MainClientExec 256 - Executing request POST /session/0fb59d3c372d29b94d8f2df8106983e1/element HTTP/1.1
12-09-2018 12:36:15 MainClientExec.java DEBUG [Forwarding findElement on session 0fb59d3c372d29b94d8f2df8106983e1 to remote] execchain.MainClientExec 261 - Target auth state: UNCHALLENGED
12-09-2018 12:36:15 MainClientExec.java DEBUG [Forwarding findElement on session 0fb59d3c372d29b94d8f2df8106983e1 to remote] execchain.MainClientExec 267 - Proxy auth state: UNCHALLENGED
12-09-2018 12:36:15 LoggingManagedHttpClientConnection.java DEBUG [Forwarding findElement on session 0fb59d3c372d29b94d8f2df8106983e1 to remote] http.headers 133 - http-outgoing-3 >> POST /session/0fb59d3c372d29b94d8f2df8106983e1/element HTTP/1.1
12-09-2018 12:36:15 LoggingManagedHttpClientConnection.java DEBUG [Forwarding findElement on session 0fb59d3c372d29b94d8f2df8106983e1 to remote] http.headers 136 - http-outgoing-3 >> Content-Type: application/json; charset=utf-8
12-09-2018 12:36:15 LoggingManagedHttpClientConnection.java DEBUG [Forwarding findElement on session 0fb59d3c372d29b94d8f2df8106983e1 to remote] http.headers 136 - http-outgoing-3 >> Content-Length: 55
12-09-2018 12:36:15 LoggingManagedHttpClientConnection.java DEBUG [Forwarding findElement on session 0fb59d3c372d29b94d8f2df8106983e1 to remote] http.headers 136 - http-outgoing-3 >> Host: localhost:13733
12-09-2018 12:36:15 LoggingManagedHttpClientConnection.java DEBUG [Forwarding findElement on session 0fb59d3c372d29b94d8f2df8106983e1 to remote] http.headers 136 - http-outgoing-3 >> Connection: Keep-Alive
12-09-2018 12:36:15 LoggingManagedHttpClientConnection.java DEBUG [Forwarding findElement on session 0fb59d3c372d29b94d8f2df8106983e1 to remote] http.headers 136 - http-outgoing-3 >> User-Agent: Apache-HttpClient/4.5.3 (Java/1.8.0_181)
12-09-2018 12:36:15 LoggingManagedHttpClientConnection.java DEBUG [Forwarding findElement on session 0fb59d3c372d29b94d8f2df8106983e1 to remote] http.headers 136 - http-outgoing-3 >> Accept-Encoding: gzip,deflate
12-09-2018 12:36:15 Wire.java DEBUG [Forwarding findElement on session 0fb59d3c372d29b94d8f2df8106983e1 to remote] http.wire 73 - http-outgoing-3 >> "POST /session/0fb59d3c372d29b94d8f2df8106983e1/element HTTP/1.1[\r][\n]"
12-09-2018 12:36:15 Wire.java DEBUG [Forwarding findElement on session 0fb59d3c372d29b94d8f2df8106983e1 to remote] http.wire 73 - http-outgoing-3 >> "Content-Type: application/json; charset=utf-8[\r][\n]"
12-09-2018 12:36:15 Wire.java DEBUG [Forwarding findElement on session 0fb59d3c372d29b94d8f2df8106983e1 to remote] http.wire 73 - http-outgoing-3 >> "Content-Length: 55[\r][\n]"
12-09-2018 12:36:15 Wire.java DEBUG [Forwarding findElement on session 0fb59d3c372d29b94d8f2df8106983e1 to remote] http.wire 73 - http-outgoing-3 >> "Host: localhost:13733[\r][\n]"
12-09-2018 12:36:15 Wire.java DEBUG [Forwarding findElement on session 0fb59d3c372d29b94d8f2df8106983e1 to remote] http.wire 73 - http-outgoing-3 >> "Connection: Keep-Alive[\r][\n]"
12-09-2018 12:36:15 Wire.java DEBUG [Forwarding findElement on session 0fb59d3c372d29b94d8f2df8106983e1 to remote] http.wire 73 - http-outgoing-3 >> "User-Agent: Apache-HttpClient/4.5.3 (Java/1.8.0_181)[\r][\n]"
12-09-2018 12:36:15 Wire.java DEBUG [Forwarding findElement on session 0fb59d3c372d29b94d8f2df8106983e1 to remote] http.wire 73 - http-outgoing-3 >> "Accept-Encoding: gzip,deflate[\r][\n]"
12-09-2018 12:36:15 Wire.java DEBUG [Forwarding findElement on session 0fb59d3c372d29b94d8f2df8106983e1 to remote] http.wire 73 - http-outgoing-3 >> "[\r][\n]"
12-09-2018 12:36:15 Wire.java DEBUG [Forwarding findElement on session 0fb59d3c372d29b94d8f2df8106983e1 to remote] http.wire 87 - http-outgoing-3 >> "{"using":"xpath","value":"//span[@class='gb_bb gbii']"}"
12-09-2018 12:36:15 Wire.java DEBUG [Forwarding findElement on session 0fb59d3c372d29b94d8f2df8106983e1 to remote] http.wire 73 - http-outgoing-3 << "HTTP/1.1 200 OK[\r][\n]"
12-09-2018 12:36:15 Wire.java DEBUG [Forwarding findElement on session 0fb59d3c372d29b94d8f2df8106983e1 to remote] http.wire 73 - http-outgoing-3 << "Content-Length:356[\r][\n]"
12-09-2018 12:36:15 Wire.java DEBUG [Forwarding findElement on session 0fb59d3c372d29b94d8f2df8106983e1 to remote] http.wire 73 - http-outgoing-3 << "Content-Type:application/json; charset=utf-8[\r][\n]"
12-09-2018 12:36:15 Wire.java DEBUG [Forwarding findElement on session 0fb59d3c372d29b94d8f2df8106983e1 to remote] http.wire 73 - http-outgoing-3 << "[\r][\n]"
12-09-2018 12:36:15 Wire.java DEBUG [Forwarding findElement on session 0fb59d3c372d29b94d8f2df8106983e1 to remote] http.wire 87 - http-outgoing-3 << "{"sessionId":"0fb59d3c372d29b94d8f2df8106983e1","status":7,"value":{"message":"no such element: Unable to locate element: {\"method\":\"xpath\",\"selector\":\"//span[@class='gb_bb gbii']\"}\n  (Session info: chrome=70.0.3538.110)\n  (Driver info: chromedriver=2.44.609538 (b655c5a60b0b544917107a59d4153d4bf78e1b90),platform=Windows NT 10.0.17134 x86_64)"}}"
12-09-2018 12:36:15 LoggingManagedHttpClientConnection.java DEBUG [Forwarding findElement on session 0fb59d3c372d29b94d8f2df8106983e1 to remote] http.headers 122 - http-outgoing-3 << HTTP/1.1 200 OK
12-09-2018 12:36:15 LoggingManagedHttpClientConnection.java DEBUG [Forwarding findElement on session 0fb59d3c372d29b94d8f2df8106983e1 to remote] http.headers 125 - http-outgoing-3 << Content-Length:356
12-09-2018 12:36:15 LoggingManagedHttpClientConnection.java DEBUG [Forwarding findElement on session 0fb59d3c372d29b94d8f2df8106983e1 to remote] http.headers 125 - http-outgoing-3 << Content-Type:application/json; charset=utf-8
12-09-2018 12:36:15 MainClientExec.java DEBUG [Forwarding findElement on session 0fb59d3c372d29b94d8f2df8106983e1 to remote] execchain.MainClientExec 285 - Connection can be kept alive indefinitely
12-09-2018 12:36:15 PoolingHttpClientConnectionManager.java DEBUG [Forwarding findElement on session 0fb59d3c372d29b94d8f2df8106983e1 to remote] conn.PoolingHttpClientConnectionManager 320 - Connection [id: 3][route: {}->http://localhost:13733] can be kept alive indefinitely
12-09-2018 12:36:15 PoolingHttpClientConnectionManager.java DEBUG [Forwarding findElement on session 0fb59d3c372d29b94d8f2df8106983e1 to remote] conn.PoolingHttpClientConnectionManager 326 - Connection released: [id: 3][route: {}->http://localhost:13733][total kept alive: 1; route allocated: 1 of 2000; total allocated: 1 of 2000]
12-09-2018 12:36:15 RequestAddCookies.java DEBUG [Forwarding findElement on session 0fb59d3c372d29b94d8f2df8106983e1 to remote] protocol.RequestAddCookies 123 - CookieSpec selected: default
12-09-2018 12:36:15 RequestAuthCache.java DEBUG [Forwarding findElement on session 0fb59d3c372d29b94d8f2df8106983e1 to remote] protocol.RequestAuthCache 77 - Auth cache not set in the context
12-09-2018 12:36:15 PoolingHttpClientConnectionManager.java DEBUG [Forwarding findElement on session 0fb59d3c372d29b94d8f2df8106983e1 to remote] conn.PoolingHttpClientConnectionManager 255 - Connection request: [route: {}->http://localhost:13733][total kept alive: 1; route allocated: 1 of 2000; total allocated: 1 of 2000]
12-09-2018 12:36:15 PoolingHttpClientConnectionManager.java DEBUG [Forwarding findElement on session 0fb59d3c372d29b94d8f2df8106983e1 to remote] conn.PoolingHttpClientConnectionManager 288 - Connection leased: [id: 3][route: {}->http://localhost:13733][total kept alive: 0; route allocated: 1 of 2000; total allocated: 1 of 2000]
12-09-2018 12:36:15 MainClientExec.java DEBUG [Forwarding findElement on session 0fb59d3c372d29b94d8f2df8106983e1 to remote] execchain.MainClientExec 208 - Stale connection check
12-09-2018 12:36:15 Wire.java DEBUG [Forwarding findElement on session 0fb59d3c372d29b94d8f2df8106983e1 to remote] http.wire 87 - http-outgoing-3 << "[read] I/O error: Read timed out"
12-09-2018 12:36:15 LoggingManagedHttpClientConnection.java DEBUG [Forwarding findElement on session 0fb59d3c372d29b94d8f2df8106983e1 to remote] conn.DefaultManagedHttpClientConnection 88 - http-outgoing-3: set socket timeout to 10800000
12-09-2018 12:36:15 MainClientExec.java DEBUG [Forwarding findElement on session 0fb59d3c372d29b94d8f2df8106983e1 to remote] execchain.MainClientExec 256 - Executing request POST /session/0fb59d3c372d29b94d8f2df8106983e1/element HTTP/1.1
12-09-2018 12:36:15 MainClientExec.java DEBUG [Forwarding findElement on session 0fb59d3c372d29b94d8f2df8106983e1 to remote] execchain.MainClientExec 261 - Target auth state: UNCHALLENGED
12-09-2018 12:36:15 MainClientExec.java DEBUG [Forwarding findElement on session 0fb59d3c372d29b94d8f2df8106983e1 to remote] execchain.MainClientExec 267 - Proxy auth state: UNCHALLENGED
12-09-2018 12:36:15 LoggingManagedHttpClientConnection.java DEBUG [Forwarding findElement on session 0fb59d3c372d29b94d8f2df8106983e1 to remote] http.headers 133 - http-outgoing-3 >> POST /session/0fb59d3c372d29b94d8f2df8106983e1/element HTTP/1.1
12-09-2018 12:36:15 LoggingManagedHttpClientConnection.java DEBUG [Forwarding findElement on session 0fb59d3c372d29b94d8f2df8106983e1 to remote] http.headers 136 - http-outgoing-3 >> Content-Type: application/json; charset=utf-8
12-09-2018 12:36:15 LoggingManagedHttpClientConnection.java DEBUG [Forwarding findElement on session 0fb59d3c372d29b94d8f2df8106983e1 to remote] http.headers 136 - http-outgoing-3 >> Content-Length: 55
12-09-2018 12:36:15 LoggingManagedHttpClientConnection.java DEBUG [Forwarding findElement on session 0fb59d3c372d29b94d8f2df8106983e1 to remote] http.headers 136 - http-outgoing-3 >> Host: localhost:13733
12-09-2018 12:36:15 LoggingManagedHttpClientConnection.java DEBUG [Forwarding findElement on session 0fb59d3c372d29b94d8f2df8106983e1 to remote] http.headers 136 - http-outgoing-3 >> Connection: Keep-Alive
12-09-2018 12:36:15 LoggingManagedHttpClientConnection.java DEBUG [Forwarding findElement on session 0fb59d3c372d29b94d8f2df8106983e1 to remote] http.headers 136 - http-outgoing-3 >> User-Agent: Apache-HttpClient/4.5.3 (Java/1.8.0_181)
12-09-2018 12:36:15 LoggingManagedHttpClientConnection.java DEBUG [Forwarding findElement on session 0fb59d3c372d29b94d8f2df8106983e1 to remote] http.headers 136 - http-outgoing-3 >> Accept-Encoding: gzip,deflate
12-09-2018 12:36:15 Wire.java DEBUG [Forwarding findElement on session 0fb59d3c372d29b94d8f2df8106983e1 to remote] http.wire 73 - http-outgoing-3 >> "POST /session/0fb59d3c372d29b94d8f2df8106983e1/element HTTP/1.1[\r][\n]"
12-09-2018 12:36:15 Wire.java DEBUG [Forwarding findElement on session 0fb59d3c372d29b94d8f2df8106983e1 to remote] http.wire 73 - http-outgoing-3 >> "Content-Type: application/json; charset=utf-8[\r][\n]"
12-09-2018 12:36:15 Wire.java DEBUG [Forwarding findElement on session 0fb59d3c372d29b94d8f2df8106983e1 to remote] http.wire 73 - http-outgoing-3 >> "Content-Length: 55[\r][\n]"
12-09-2018 12:36:15 Wire.java DEBUG [Forwarding findElement on session 0fb59d3c372d29b94d8f2df8106983e1 to remote] http.wire 73 - http-outgoing-3 >> "Host: localhost:13733[\r][\n]"
12-09-2018 12:36:15 Wire.java DEBUG [Forwarding findElement on session 0fb59d3c372d29b94d8f2df8106983e1 to remote] http.wire 73 - http-outgoing-3 >> "Connection: Keep-Alive[\r][\n]"
12-09-2018 12:36:15 Wire.java DEBUG [Forwarding findElement on session 0fb59d3c372d29b94d8f2df8106983e1 to remote] http.wire 73 - http-outgoing-3 >> "User-Agent: Apache-HttpClient/4.5.3 (Java/1.8.0_181)[\r][\n]"
12-09-2018 12:36:15 Wire.java DEBUG [Forwarding findElement on session 0fb59d3c372d29b94d8f2df8106983e1 to remote] http.wire 73 - http-outgoing-3 >> "Accept-Encoding: gzip,deflate[\r][\n]"
12-09-2018 12:36:15 Wire.java DEBUG [Forwarding findElement on session 0fb59d3c372d29b94d8f2df8106983e1 to remote] http.wire 73 - http-outgoing-3 >> "[\r][\n]"
12-09-2018 12:36:15 Wire.java DEBUG [Forwarding findElement on session 0fb59d3c372d29b94d8f2df8106983e1 to remote] http.wire 87 - http-outgoing-3 >> "{"using":"xpath","value":"//span[@class='gb_bb gbii']"}"
12-09-2018 12:36:15 Wire.java DEBUG [Forwarding findElement on session 0fb59d3c372d29b94d8f2df8106983e1 to remote] http.wire 73 - http-outgoing-3 << "HTTP/1.1 200 OK[\r][\n]"
12-09-2018 12:36:15 Wire.java DEBUG [Forwarding findElement on session 0fb59d3c372d29b94d8f2df8106983e1 to remote] http.wire 73 - http-outgoing-3 << "Content-Length:356[\r][\n]"
12-09-2018 12:36:15 Wire.java DEBUG [Forwarding findElement on session 0fb59d3c372d29b94d8f2df8106983e1 to remote] http.wire 73 - http-outgoing-3 << "Content-Type:application/json; charset=utf-8[\r][\n]"
12-09-2018 12:36:15 Wire.java DEBUG [Forwarding findElement on session 0fb59d3c372d29b94d8f2df8106983e1 to remote] http.wire 73 - http-outgoing-3 << "[\r][\n]"
12-09-2018 12:36:15 Wire.java DEBUG [Forwarding findElement on session 0fb59d3c372d29b94d8f2df8106983e1 to remote] http.wire 87 - http-outgoing-3 << "{"sessionId":"0fb59d3c372d29b94d8f2df8106983e1","status":7,"value":{"message":"no such element: Unable to locate element: {\"method\":\"xpath\",\"selector\":\"//span[@class='gb_bb gbii']\"}\n  (Session info: chrome=70.0.3538.110)\n  (Driver info: chromedriver=2.44.609538 (b655c5a60b0b544917107a59d4153d4bf78e1b90),platform=Windows NT 10.0.17134 x86_64)"}}"
12-09-2018 12:36:15 LoggingManagedHttpClientConnection.java DEBUG [Forwarding findElement on session 0fb59d3c372d29b94d8f2df8106983e1 to remote] http.headers 122 - http-outgoing-3 << HTTP/1.1 200 OK
12-09-2018 12:36:15 LoggingManagedHttpClientConnection.java DEBUG [Forwarding findElement on session 0fb59d3c372d29b94d8f2df8106983e1 to remote] http.headers 125 - http-outgoing-3 << Content-Length:356
12-09-2018 12:36:15 LoggingManagedHttpClientConnection.java DEBUG [Forwarding findElement on session 0fb59d3c372d29b94d8f2df8106983e1 to remote] http.headers 125 - http-outgoing-3 << Content-Type:application/json; charset=utf-8
12-09-2018 12:36:15 MainClientExec.java DEBUG [Forwarding findElement on session 0fb59d3c372d29b94d8f2df8106983e1 to remote] execchain.MainClientExec 285 - Connection can be kept alive indefinitely
12-09-2018 12:36:15 PoolingHttpClientConnectionManager.java DEBUG [Forwarding findElement on session 0fb59d3c372d29b94d8f2df8106983e1 to remote] conn.PoolingHttpClientConnectionManager 320 - Connection [id: 3][route: {}->http://localhost:13733] can be kept alive indefinitely
12-09-2018 12:36:15 PoolingHttpClientConnectionManager.java DEBUG [Forwarding findElement on session 0fb59d3c372d29b94d8f2df8106983e1 to remote] conn.PoolingHttpClientConnectionManager 326 - Connection released: [id: 3][route: {}->http://localhost:13733][total kept alive: 1; route allocated: 1 of 2000; total allocated: 1 of 2000]
12-09-2018 12:36:16 RequestAddCookies.java DEBUG [Forwarding findElement on session 0fb59d3c372d29b94d8f2df8106983e1 to remote] protocol.RequestAddCookies 123 - CookieSpec selected: default
12-09-2018 12:36:16 RequestAuthCache.java DEBUG [Forwarding findElement on session 0fb59d3c372d29b94d8f2df8106983e1 to remote] protocol.RequestAuthCache 77 - Auth cache not set in the context
12-09-2018 12:36:16 PoolingHttpClientConnectionManager.java DEBUG [Forwarding findElement on session 0fb59d3c372d29b94d8f2df8106983e1 to remote] conn.PoolingHttpClientConnectionManager 255 - Connection request: [route: {}->http://localhost:13733][total kept alive: 1; route allocated: 1 of 2000; total allocated: 1 of 2000]
12-09-2018 12:36:16 PoolingHttpClientConnectionManager.java DEBUG [Forwarding findElement on session 0fb59d3c372d29b94d8f2df8106983e1 to remote] conn.PoolingHttpClientConnectionManager 288 - Connection leased: [id: 3][route: {}->http://localhost:13733][total kept alive: 0; route allocated: 1 of 2000; total allocated: 1 of 2000]
12-09-2018 12:36:16 MainClientExec.java DEBUG [Forwarding findElement on session 0fb59d3c372d29b94d8f2df8106983e1 to remote] execchain.MainClientExec 208 - Stale connection check
12-09-2018 12:36:16 Wire.java DEBUG [Forwarding findElement on session 0fb59d3c372d29b94d8f2df8106983e1 to remote] http.wire 87 - http-outgoing-3 << "[read] I/O error: Read timed out"
12-09-2018 12:36:16 LoggingManagedHttpClientConnection.java DEBUG [Forwarding findElement on session 0fb59d3c372d29b94d8f2df8106983e1 to remote] conn.DefaultManagedHttpClientConnection 88 - http-outgoing-3: set socket timeout to 10800000
12-09-2018 12:36:16 MainClientExec.java DEBUG [Forwarding findElement on session 0fb59d3c372d29b94d8f2df8106983e1 to remote] execchain.MainClientExec 256 - Executing request POST /session/0fb59d3c372d29b94d8f2df8106983e1/element HTTP/1.1
12-09-2018 12:36:16 MainClientExec.java DEBUG [Forwarding findElement on session 0fb59d3c372d29b94d8f2df8106983e1 to remote] execchain.MainClientExec 261 - Target auth state: UNCHALLENGED
12-09-2018 12:36:16 MainClientExec.java DEBUG [Forwarding findElement on session 0fb59d3c372d29b94d8f2df8106983e1 to remote] execchain.MainClientExec 267 - Proxy auth state: UNCHALLENGED
12-09-2018 12:36:16 LoggingManagedHttpClientConnection.java DEBUG [Forwarding findElement on session 0fb59d3c372d29b94d8f2df8106983e1 to remote] http.headers 133 - http-outgoing-3 >> POST /session/0fb59d3c372d29b94d8f2df8106983e1/element HTTP/1.1
12-09-2018 12:36:16 LoggingManagedHttpClientConnection.java DEBUG [Forwarding findElement on session 0fb59d3c372d29b94d8f2df8106983e1 to remote] http.headers 136 - http-outgoing-3 >> Content-Type: application/json; charset=utf-8
12-09-2018 12:36:16 LoggingManagedHttpClientConnection.java DEBUG [Forwarding findElement on session 0fb59d3c372d29b94d8f2df8106983e1 to remote] http.headers 136 - http-outgoing-3 >> Content-Length: 55
12-09-2018 12:36:16 LoggingManagedHttpClientConnection.java DEBUG [Forwarding findElement on session 0fb59d3c372d29b94d8f2df8106983e1 to remote] http.headers 136 - http-outgoing-3 >> Host: localhost:13733
12-09-2018 12:36:16 LoggingManagedHttpClientConnection.java DEBUG [Forwarding findElement on session 0fb59d3c372d29b94d8f2df8106983e1 to remote] http.headers 136 - http-outgoing-3 >> Connection: Keep-Alive
12-09-2018 12:36:16 LoggingManagedHttpClientConnection.java DEBUG [Forwarding findElement on session 0fb59d3c372d29b94d8f2df8106983e1 to remote] http.headers 136 - http-outgoing-3 >> User-Agent: Apache-HttpClient/4.5.3 (Java/1.8.0_181)
12-09-2018 12:36:16 LoggingManagedHttpClientConnection.java DEBUG [Forwarding findElement on session 0fb59d3c372d29b94d8f2df8106983e1 to remote] http.headers 136 - http-outgoing-3 >> Accept-Encoding: gzip,deflate
12-09-2018 12:36:16 Wire.java DEBUG [Forwarding findElement on session 0fb59d3c372d29b94d8f2df8106983e1 to remote] http.wire 73 - http-outgoing-3 >> "POST /session/0fb59d3c372d29b94d8f2df8106983e1/element HTTP/1.1[\r][\n]"
12-09-2018 12:36:16 Wire.java DEBUG [Forwarding findElement on session 0fb59d3c372d29b94d8f2df8106983e1 to remote] http.wire 73 - http-outgoing-3 >> "Content-Type: application/json; charset=utf-8[\r][\n]"
12-09-2018 12:36:16 Wire.java DEBUG [Forwarding findElement on session 0fb59d3c372d29b94d8f2df8106983e1 to remote] http.wire 73 - http-outgoing-3 >> "Content-Length: 55[\r][\n]"
12-09-2018 12:36:16 Wire.java DEBUG [Forwarding findElement on session 0fb59d3c372d29b94d8f2df8106983e1 to remote] http.wire 73 - http-outgoing-3 >> "Host: localhost:13733[\r][\n]"
12-09-2018 12:36:16 Wire.java DEBUG [Forwarding findElement on session 0fb59d3c372d29b94d8f2df8106983e1 to remote] http.wire 73 - http-outgoing-3 >> "Connection: Keep-Alive[\r][\n]"
12-09-2018 12:36:16 Wire.java DEBUG [Forwarding findElement on session 0fb59d3c372d29b94d8f2df8106983e1 to remote] http.wire 73 - http-outgoing-3 >> "User-Agent: Apache-HttpClient/4.5.3 (Java/1.8.0_181)[\r][\n]"
12-09-2018 12:36:16 Wire.java DEBUG [Forwarding findElement on session 0fb59d3c372d29b94d8f2df8106983e1 to remote] http.wire 73 - http-outgoing-3 >> "Accept-Encoding: gzip,deflate[\r][\n]"
12-09-2018 12:36:16 Wire.java DEBUG [Forwarding findElement on session 0fb59d3c372d29b94d8f2df8106983e1 to remote] http.wire 73 - http-outgoing-3 >> "[\r][\n]"
12-09-2018 12:36:16 Wire.java DEBUG [Forwarding findElement on session 0fb59d3c372d29b94d8f2df8106983e1 to remote] http.wire 87 - http-outgoing-3 >> "{"using":"xpath","value":"//span[@class='gb_bb gbii']"}"
12-09-2018 12:36:16 Wire.java DEBUG [Forwarding findElement on session 0fb59d3c372d29b94d8f2df8106983e1 to remote] http.wire 73 - http-outgoing-3 << "HTTP/1.1 200 OK[\r][\n]"
12-09-2018 12:36:16 Wire.java DEBUG [Forwarding findElement on session 0fb59d3c372d29b94d8f2df8106983e1 to remote] http.wire 73 - http-outgoing-3 << "Content-Length:356[\r][\n]"
12-09-2018 12:36:16 Wire.java DEBUG [Forwarding findElement on session 0fb59d3c372d29b94d8f2df8106983e1 to remote] http.wire 73 - http-outgoing-3 << "Content-Type:application/json; charset=utf-8[\r][\n]"
12-09-2018 12:36:16 Wire.java DEBUG [Forwarding findElement on session 0fb59d3c372d29b94d8f2df8106983e1 to remote] http.wire 73 - http-outgoing-3 << "[\r][\n]"
12-09-2018 12:36:16 Wire.java DEBUG [Forwarding findElement on session 0fb59d3c372d29b94d8f2df8106983e1 to remote] http.wire 87 - http-outgoing-3 << "{"sessionId":"0fb59d3c372d29b94d8f2df8106983e1","status":7,"value":{"message":"no such element: Unable to locate element: {\"method\":\"xpath\",\"selector\":\"//span[@class='gb_bb gbii']\"}\n  (Session info: chrome=70.0.3538.110)\n  (Driver info: chromedriver=2.44.609538 (b655c5a60b0b544917107a59d4153d4bf78e1b90),platform=Windows NT 10.0.17134 x86_64)"}}"
12-09-2018 12:36:16 LoggingManagedHttpClientConnection.java DEBUG [Forwarding findElement on session 0fb59d3c372d29b94d8f2df8106983e1 to remote] http.headers 122 - http-outgoing-3 << HTTP/1.1 200 OK
12-09-2018 12:36:16 LoggingManagedHttpClientConnection.java DEBUG [Forwarding findElement on session 0fb59d3c372d29b94d8f2df8106983e1 to remote] http.headers 125 - http-outgoing-3 << Content-Length:356
12-09-2018 12:36:16 LoggingManagedHttpClientConnection.java DEBUG [Forwarding findElement on session 0fb59d3c372d29b94d8f2df8106983e1 to remote] http.headers 125 - http-outgoing-3 << Content-Type:application/json; charset=utf-8
12-09-2018 12:36:16 MainClientExec.java DEBUG [Forwarding findElement on session 0fb59d3c372d29b94d8f2df8106983e1 to remote] execchain.MainClientExec 285 - Connection can be kept alive indefinitely
12-09-2018 12:36:16 PoolingHttpClientConnectionManager.java DEBUG [Forwarding findElement on session 0fb59d3c372d29b94d8f2df8106983e1 to remote] conn.PoolingHttpClientConnectionManager 320 - Connection [id: 3][route: {}->http://localhost:13733] can be kept alive indefinitely
12-09-2018 12:36:16 PoolingHttpClientConnectionManager.java DEBUG [Forwarding findElement on session 0fb59d3c372d29b94d8f2df8106983e1 to remote] conn.PoolingHttpClientConnectionManager 326 - Connection released: [id: 3][route: {}->http://localhost:13733][total kept alive: 1; route allocated: 1 of 2000; total allocated: 1 of 2000]
12-09-2018 12:36:16 RequestAddCookies.java DEBUG [Forwarding findElement on session 0fb59d3c372d29b94d8f2df8106983e1 to remote] protocol.RequestAddCookies 123 - CookieSpec selected: default
12-09-2018 12:36:16 RequestAuthCache.java DEBUG [Forwarding findElement on session 0fb59d3c372d29b94d8f2df8106983e1 to remote] protocol.RequestAuthCache 77 - Auth cache not set in the context
12-09-2018 12:36:16 PoolingHttpClientConnectionManager.java DEBUG [Forwarding findElement on session 0fb59d3c372d29b94d8f2df8106983e1 to remote] conn.PoolingHttpClientConnectionManager 255 - Connection request: [route: {}->http://localhost:13733][total kept alive: 1; route allocated: 1 of 2000; total allocated: 1 of 2000]
12-09-2018 12:36:16 PoolingHttpClientConnectionManager.java DEBUG [Forwarding findElement on session 0fb59d3c372d29b94d8f2df8106983e1 to remote] conn.PoolingHttpClientConnectionManager 288 - Connection leased: [id: 3][route: {}->http://localhost:13733][total kept alive: 0; route allocated: 1 of 2000; total allocated: 1 of 2000]
12-09-2018 12:36:16 MainClientExec.java DEBUG [Forwarding findElement on session 0fb59d3c372d29b94d8f2df8106983e1 to remote] execchain.MainClientExec 208 - Stale connection check
12-09-2018 12:36:16 Wire.java DEBUG [Forwarding findElement on session 0fb59d3c372d29b94d8f2df8106983e1 to remote] http.wire 87 - http-outgoing-3 << "[read] I/O error: Read timed out"
12-09-2018 12:36:16 LoggingManagedHttpClientConnection.java DEBUG [Forwarding findElement on session 0fb59d3c372d29b94d8f2df8106983e1 to remote] conn.DefaultManagedHttpClientConnection 88 - http-outgoing-3: set socket timeout to 10800000
12-09-2018 12:36:16 MainClientExec.java DEBUG [Forwarding findElement on session 0fb59d3c372d29b94d8f2df8106983e1 to remote] execchain.MainClientExec 256 - Executing request POST /session/0fb59d3c372d29b94d8f2df8106983e1/element HTTP/1.1
12-09-2018 12:36:16 MainClientExec.java DEBUG [Forwarding findElement on session 0fb59d3c372d29b94d8f2df8106983e1 to remote] execchain.MainClientExec 261 - Target auth state: UNCHALLENGED
12-09-2018 12:36:16 MainClientExec.java DEBUG [Forwarding findElement on session 0fb59d3c372d29b94d8f2df8106983e1 to remote] execchain.MainClientExec 267 - Proxy auth state: UNCHALLENGED
12-09-2018 12:36:16 LoggingManagedHttpClientConnection.java DEBUG [Forwarding findElement on session 0fb59d3c372d29b94d8f2df8106983e1 to remote] http.headers 133 - http-outgoing-3 >> POST /session/0fb59d3c372d29b94d8f2df8106983e1/element HTTP/1.1
12-09-2018 12:36:16 LoggingManagedHttpClientConnection.java DEBUG [Forwarding findElement on session 0fb59d3c372d29b94d8f2df8106983e1 to remote] http.headers 136 - http-outgoing-3 >> Content-Type: application/json; charset=utf-8
12-09-2018 12:36:16 LoggingManagedHttpClientConnection.java DEBUG [Forwarding findElement on session 0fb59d3c372d29b94d8f2df8106983e1 to remote] http.headers 136 - http-outgoing-3 >> Content-Length: 55
12-09-2018 12:36:16 LoggingManagedHttpClientConnection.java DEBUG [Forwarding findElement on session 0fb59d3c372d29b94d8f2df8106983e1 to remote] http.headers 136 - http-outgoing-3 >> Host: localhost:13733
12-09-2018 12:36:16 LoggingManagedHttpClientConnection.java DEBUG [Forwarding findElement on session 0fb59d3c372d29b94d8f2df8106983e1 to remote] http.headers 136 - http-outgoing-3 >> Connection: Keep-Alive
12-09-2018 12:36:16 LoggingManagedHttpClientConnection.java DEBUG [Forwarding findElement on session 0fb59d3c372d29b94d8f2df8106983e1 to remote] http.headers 136 - http-outgoing-3 >> User-Agent: Apache-HttpClient/4.5.3 (Java/1.8.0_181)
12-09-2018 12:36:16 LoggingManagedHttpClientConnection.java DEBUG [Forwarding findElement on session 0fb59d3c372d29b94d8f2df8106983e1 to remote] http.headers 136 - http-outgoing-3 >> Accept-Encoding: gzip,deflate
12-09-2018 12:36:16 Wire.java DEBUG [Forwarding findElement on session 0fb59d3c372d29b94d8f2df8106983e1 to remote] http.wire 73 - http-outgoing-3 >> "POST /session/0fb59d3c372d29b94d8f2df8106983e1/element HTTP/1.1[\r][\n]"
12-09-2018 12:36:16 Wire.java DEBUG [Forwarding findElement on session 0fb59d3c372d29b94d8f2df8106983e1 to remote] http.wire 73 - http-outgoing-3 >> "Content-Type: application/json; charset=utf-8[\r][\n]"
12-09-2018 12:36:16 Wire.java DEBUG [Forwarding findElement on session 0fb59d3c372d29b94d8f2df8106983e1 to remote] http.wire 73 - http-outgoing-3 >> "Content-Length: 55[\r][\n]"
12-09-2018 12:36:16 Wire.java DEBUG [Forwarding findElement on session 0fb59d3c372d29b94d8f2df8106983e1 to remote] http.wire 73 - http-outgoing-3 >> "Host: localhost:13733[\r][\n]"
12-09-2018 12:36:16 Wire.java DEBUG [Forwarding findElement on session 0fb59d3c372d29b94d8f2df8106983e1 to remote] http.wire 73 - http-outgoing-3 >> "Connection: Keep-Alive[\r][\n]"
12-09-2018 12:36:16 Wire.java DEBUG [Forwarding findElement on session 0fb59d3c372d29b94d8f2df8106983e1 to remote] http.wire 73 - http-outgoing-3 >> "User-Agent: Apache-HttpClient/4.5.3 (Java/1.8.0_181)[\r][\n]"
12-09-2018 12:36:16 Wire.java DEBUG [Forwarding findElement on session 0fb59d3c372d29b94d8f2df8106983e1 to remote] http.wire 73 - http-outgoing-3 >> "Accept-Encoding: gzip,deflate[\r][\n]"
12-09-2018 12:36:16 Wire.java DEBUG [Forwarding findElement on session 0fb59d3c372d29b94d8f2df8106983e1 to remote] http.wire 73 - http-outgoing-3 >> "[\r][\n]"
12-09-2018 12:36:16 Wire.java DEBUG [Forwarding findElement on session 0fb59d3c372d29b94d8f2df8106983e1 to remote] http.wire 87 - http-outgoing-3 >> "{"using":"xpath","value":"//span[@class='gb_bb gbii']"}"
12-09-2018 12:36:16 Wire.java DEBUG [Forwarding findElement on session 0fb59d3c372d29b94d8f2df8106983e1 to remote] http.wire 73 - http-outgoing-3 << "HTTP/1.1 200 OK[\r][\n]"
12-09-2018 12:36:16 Wire.java DEBUG [Forwarding findElement on session 0fb59d3c372d29b94d8f2df8106983e1 to remote] http.wire 73 - http-outgoing-3 << "Content-Length:356[\r][\n]"
12-09-2018 12:36:16 Wire.java DEBUG [Forwarding findElement on session 0fb59d3c372d29b94d8f2df8106983e1 to remote] http.wire 73 - http-outgoing-3 << "Content-Type:application/json; charset=utf-8[\r][\n]"
12-09-2018 12:36:16 Wire.java DEBUG [Forwarding findElement on session 0fb59d3c372d29b94d8f2df8106983e1 to remote] http.wire 73 - http-outgoing-3 << "[\r][\n]"
12-09-2018 12:36:16 Wire.java DEBUG [Forwarding findElement on session 0fb59d3c372d29b94d8f2df8106983e1 to remote] http.wire 87 - http-outgoing-3 << "{"sessionId":"0fb59d3c372d29b94d8f2df8106983e1","status":7,"value":{"message":"no such element: Unable to locate element: {\"method\":\"xpath\",\"selector\":\"//span[@class='gb_bb gbii']\"}\n  (Session info: chrome=70.0.3538.110)\n  (Driver info: chromedriver=2.44.609538 (b655c5a60b0b544917107a59d4153d4bf78e1b90),platform=Windows NT 10.0.17134 x86_64)"}}"
12-09-2018 12:36:16 LoggingManagedHttpClientConnection.java DEBUG [Forwarding findElement on session 0fb59d3c372d29b94d8f2df8106983e1 to remote] http.headers 122 - http-outgoing-3 << HTTP/1.1 200 OK
12-09-2018 12:36:16 LoggingManagedHttpClientConnection.java DEBUG [Forwarding findElement on session 0fb59d3c372d29b94d8f2df8106983e1 to remote] http.headers 125 - http-outgoing-3 << Content-Length:356
12-09-2018 12:36:16 LoggingManagedHttpClientConnection.java DEBUG [Forwarding findElement on session 0fb59d3c372d29b94d8f2df8106983e1 to remote] http.headers 125 - http-outgoing-3 << Content-Type:application/json; charset=utf-8
12-09-2018 12:36:16 MainClientExec.java DEBUG [Forwarding findElement on session 0fb59d3c372d29b94d8f2df8106983e1 to remote] execchain.MainClientExec 285 - Connection can be kept alive indefinitely
12-09-2018 12:36:16 PoolingHttpClientConnectionManager.java DEBUG [Forwarding findElement on session 0fb59d3c372d29b94d8f2df8106983e1 to remote] conn.PoolingHttpClientConnectionManager 320 - Connection [id: 3][route: {}->http://localhost:13733] can be kept alive indefinitely
12-09-2018 12:36:16 PoolingHttpClientConnectionManager.java DEBUG [Forwarding findElement on session 0fb59d3c372d29b94d8f2df8106983e1 to remote] conn.PoolingHttpClientConnectionManager 326 - Connection released: [id: 3][route: {}->http://localhost:13733][total kept alive: 1; route allocated: 1 of 2000; total allocated: 1 of 2000]
12-09-2018 12:36:17 RequestAddCookies.java DEBUG [Forwarding findElement on session 0fb59d3c372d29b94d8f2df8106983e1 to remote] protocol.RequestAddCookies 123 - CookieSpec selected: default
12-09-2018 12:36:17 RequestAuthCache.java DEBUG [Forwarding findElement on session 0fb59d3c372d29b94d8f2df8106983e1 to remote] protocol.RequestAuthCache 77 - Auth cache not set in the context
12-09-2018 12:36:17 PoolingHttpClientConnectionManager.java DEBUG [Forwarding findElement on session 0fb59d3c372d29b94d8f2df8106983e1 to remote] conn.PoolingHttpClientConnectionManager 255 - Connection request: [route: {}->http://localhost:13733][total kept alive: 1; route allocated: 1 of 2000; total allocated: 1 of 2000]
12-09-2018 12:36:17 PoolingHttpClientConnectionManager.java DEBUG [Forwarding findElement on session 0fb59d3c372d29b94d8f2df8106983e1 to remote] conn.PoolingHttpClientConnectionManager 288 - Connection leased: [id: 3][route: {}->http://localhost:13733][total kept alive: 0; route allocated: 1 of 2000; total allocated: 1 of 2000]
12-09-2018 12:36:17 MainClientExec.java DEBUG [Forwarding findElement on session 0fb59d3c372d29b94d8f2df8106983e1 to remote] execchain.MainClientExec 208 - Stale connection check
12-09-2018 12:36:17 Wire.java DEBUG [Forwarding findElement on session 0fb59d3c372d29b94d8f2df8106983e1 to remote] http.wire 87 - http-outgoing-3 << "[read] I/O error: Read timed out"
12-09-2018 12:36:17 LoggingManagedHttpClientConnection.java DEBUG [Forwarding findElement on session 0fb59d3c372d29b94d8f2df8106983e1 to remote] conn.DefaultManagedHttpClientConnection 88 - http-outgoing-3: set socket timeout to 10800000
12-09-2018 12:36:17 MainClientExec.java DEBUG [Forwarding findElement on session 0fb59d3c372d29b94d8f2df8106983e1 to remote] execchain.MainClientExec 256 - Executing request POST /session/0fb59d3c372d29b94d8f2df8106983e1/element HTTP/1.1
12-09-2018 12:36:17 MainClientExec.java DEBUG [Forwarding findElement on session 0fb59d3c372d29b94d8f2df8106983e1 to remote] execchain.MainClientExec 261 - Target auth state: UNCHALLENGED
12-09-2018 12:36:17 MainClientExec.java DEBUG [Forwarding findElement on session 0fb59d3c372d29b94d8f2df8106983e1 to remote] execchain.MainClientExec 267 - Proxy auth state: UNCHALLENGED
12-09-2018 12:36:17 LoggingManagedHttpClientConnection.java DEBUG [Forwarding findElement on session 0fb59d3c372d29b94d8f2df8106983e1 to remote] http.headers 133 - http-outgoing-3 >> POST /session/0fb59d3c372d29b94d8f2df8106983e1/element HTTP/1.1
12-09-2018 12:36:17 LoggingManagedHttpClientConnection.java DEBUG [Forwarding findElement on session 0fb59d3c372d29b94d8f2df8106983e1 to remote] http.headers 136 - http-outgoing-3 >> Content-Type: application/json; charset=utf-8
12-09-2018 12:36:17 LoggingManagedHttpClientConnection.java DEBUG [Forwarding findElement on session 0fb59d3c372d29b94d8f2df8106983e1 to remote] http.headers 136 - http-outgoing-3 >> Content-Length: 55
12-09-2018 12:36:17 LoggingManagedHttpClientConnection.java DEBUG [Forwarding findElement on session 0fb59d3c372d29b94d8f2df8106983e1 to remote] http.headers 136 - http-outgoing-3 >> Host: localhost:13733
12-09-2018 12:36:17 LoggingManagedHttpClientConnection.java DEBUG [Forwarding findElement on session 0fb59d3c372d29b94d8f2df8106983e1 to remote] http.headers 136 - http-outgoing-3 >> Connection: Keep-Alive
12-09-2018 12:36:17 LoggingManagedHttpClientConnection.java DEBUG [Forwarding findElement on session 0fb59d3c372d29b94d8f2df8106983e1 to remote] http.headers 136 - http-outgoing-3 >> User-Agent: Apache-HttpClient/4.5.3 (Java/1.8.0_181)
12-09-2018 12:36:17 LoggingManagedHttpClientConnection.java DEBUG [Forwarding findElement on session 0fb59d3c372d29b94d8f2df8106983e1 to remote] http.headers 136 - http-outgoing-3 >> Accept-Encoding: gzip,deflate
12-09-2018 12:36:17 Wire.java DEBUG [Forwarding findElement on session 0fb59d3c372d29b94d8f2df8106983e1 to remote] http.wire 73 - http-outgoing-3 >> "POST /session/0fb59d3c372d29b94d8f2df8106983e1/element HTTP/1.1[\r][\n]"
12-09-2018 12:36:17 Wire.java DEBUG [Forwarding findElement on session 0fb59d3c372d29b94d8f2df8106983e1 to remote] http.wire 73 - http-outgoing-3 >> "Content-Type: application/json; charset=utf-8[\r][\n]"
12-09-2018 12:36:17 Wire.java DEBUG [Forwarding findElement on session 0fb59d3c372d29b94d8f2df8106983e1 to remote] http.wire 73 - http-outgoing-3 >> "Content-Length: 55[\r][\n]"
12-09-2018 12:36:17 Wire.java DEBUG [Forwarding findElement on session 0fb59d3c372d29b94d8f2df8106983e1 to remote] http.wire 73 - http-outgoing-3 >> "Host: localhost:13733[\r][\n]"
12-09-2018 12:36:17 Wire.java DEBUG [Forwarding findElement on session 0fb59d3c372d29b94d8f2df8106983e1 to remote] http.wire 73 - http-outgoing-3 >> "Connection: Keep-Alive[\r][\n]"
12-09-2018 12:36:17 Wire.java DEBUG [Forwarding findElement on session 0fb59d3c372d29b94d8f2df8106983e1 to remote] http.wire 73 - http-outgoing-3 >> "User-Agent: Apache-HttpClient/4.5.3 (Java/1.8.0_181)[\r][\n]"
12-09-2018 12:36:17 Wire.java DEBUG [Forwarding findElement on session 0fb59d3c372d29b94d8f2df8106983e1 to remote] http.wire 73 - http-outgoing-3 >> "Accept-Encoding: gzip,deflate[\r][\n]"
12-09-2018 12:36:17 Wire.java DEBUG [Forwarding findElement on session 0fb59d3c372d29b94d8f2df8106983e1 to remote] http.wire 73 - http-outgoing-3 >> "[\r][\n]"
12-09-2018 12:36:17 Wire.java DEBUG [Forwarding findElement on session 0fb59d3c372d29b94d8f2df8106983e1 to remote] http.wire 87 - http-outgoing-3 >> "{"using":"xpath","value":"//span[@class='gb_bb gbii']"}"
12-09-2018 12:36:17 Wire.java DEBUG [Forwarding findElement on session 0fb59d3c372d29b94d8f2df8106983e1 to remote] http.wire 73 - http-outgoing-3 << "HTTP/1.1 200 OK[\r][\n]"
12-09-2018 12:36:17 Wire.java DEBUG [Forwarding findElement on session 0fb59d3c372d29b94d8f2df8106983e1 to remote] http.wire 73 - http-outgoing-3 << "Content-Length:356[\r][\n]"
12-09-2018 12:36:17 Wire.java DEBUG [Forwarding findElement on session 0fb59d3c372d29b94d8f2df8106983e1 to remote] http.wire 73 - http-outgoing-3 << "Content-Type:application/json; charset=utf-8[\r][\n]"
12-09-2018 12:36:17 Wire.java DEBUG [Forwarding findElement on session 0fb59d3c372d29b94d8f2df8106983e1 to remote] http.wire 73 - http-outgoing-3 << "[\r][\n]"
12-09-2018 12:36:17 Wire.java DEBUG [Forwarding findElement on session 0fb59d3c372d29b94d8f2df8106983e1 to remote] http.wire 87 - http-outgoing-3 << "{"sessionId":"0fb59d3c372d29b94d8f2df8106983e1","status":7,"value":{"message":"no such element: Unable to locate element: {\"method\":\"xpath\",\"selector\":\"//span[@class='gb_bb gbii']\"}\n  (Session info: chrome=70.0.3538.110)\n  (Driver info: chromedriver=2.44.609538 (b655c5a60b0b544917107a59d4153d4bf78e1b90),platform=Windows NT 10.0.17134 x86_64)"}}"
12-09-2018 12:36:17 LoggingManagedHttpClientConnection.java DEBUG [Forwarding findElement on session 0fb59d3c372d29b94d8f2df8106983e1 to remote] http.headers 122 - http-outgoing-3 << HTTP/1.1 200 OK
12-09-2018 12:36:17 LoggingManagedHttpClientConnection.java DEBUG [Forwarding findElement on session 0fb59d3c372d29b94d8f2df8106983e1 to remote] http.headers 125 - http-outgoing-3 << Content-Length:356
12-09-2018 12:36:17 LoggingManagedHttpClientConnection.java DEBUG [Forwarding findElement on session 0fb59d3c372d29b94d8f2df8106983e1 to remote] http.headers 125 - http-outgoing-3 << Content-Type:application/json; charset=utf-8
12-09-2018 12:36:17 MainClientExec.java DEBUG [Forwarding findElement on session 0fb59d3c372d29b94d8f2df8106983e1 to remote] execchain.MainClientExec 285 - Connection can be kept alive indefinitely
12-09-2018 12:36:17 PoolingHttpClientConnectionManager.java DEBUG [Forwarding findElement on session 0fb59d3c372d29b94d8f2df8106983e1 to remote] conn.PoolingHttpClientConnectionManager 320 - Connection [id: 3][route: {}->http://localhost:13733] can be kept alive indefinitely
12-09-2018 12:36:17 PoolingHttpClientConnectionManager.java DEBUG [Forwarding findElement on session 0fb59d3c372d29b94d8f2df8106983e1 to remote] conn.PoolingHttpClientConnectionManager 326 - Connection released: [id: 3][route: {}->http://localhost:13733][total kept alive: 1; route allocated: 1 of 2000; total allocated: 1 of 2000]
12-09-2018 12:36:17 RequestAddCookies.java DEBUG [Forwarding findElement on session 0fb59d3c372d29b94d8f2df8106983e1 to remote] protocol.RequestAddCookies 123 - CookieSpec selected: default
12-09-2018 12:36:17 RequestAuthCache.java DEBUG [Forwarding findElement on session 0fb59d3c372d29b94d8f2df8106983e1 to remote] protocol.RequestAuthCache 77 - Auth cache not set in the context
12-09-2018 12:36:17 PoolingHttpClientConnectionManager.java DEBUG [Forwarding findElement on session 0fb59d3c372d29b94d8f2df8106983e1 to remote] conn.PoolingHttpClientConnectionManager 255 - Connection request: [route: {}->http://localhost:13733][total kept alive: 1; route allocated: 1 of 2000; total allocated: 1 of 2000]
12-09-2018 12:36:17 PoolingHttpClientConnectionManager.java DEBUG [Forwarding findElement on session 0fb59d3c372d29b94d8f2df8106983e1 to remote] conn.PoolingHttpClientConnectionManager 288 - Connection leased: [id: 3][route: {}->http://localhost:13733][total kept alive: 0; route allocated: 1 of 2000; total allocated: 1 of 2000]
12-09-2018 12:36:17 MainClientExec.java DEBUG [Forwarding findElement on session 0fb59d3c372d29b94d8f2df8106983e1 to remote] execchain.MainClientExec 208 - Stale connection check
12-09-2018 12:36:17 Wire.java DEBUG [Forwarding findElement on session 0fb59d3c372d29b94d8f2df8106983e1 to remote] http.wire 87 - http-outgoing-3 << "[read] I/O error: Read timed out"
12-09-2018 12:36:17 LoggingManagedHttpClientConnection.java DEBUG [Forwarding findElement on session 0fb59d3c372d29b94d8f2df8106983e1 to remote] conn.DefaultManagedHttpClientConnection 88 - http-outgoing-3: set socket timeout to 10800000
12-09-2018 12:36:17 MainClientExec.java DEBUG [Forwarding findElement on session 0fb59d3c372d29b94d8f2df8106983e1 to remote] execchain.MainClientExec 256 - Executing request POST /session/0fb59d3c372d29b94d8f2df8106983e1/element HTTP/1.1
12-09-2018 12:36:17 MainClientExec.java DEBUG [Forwarding findElement on session 0fb59d3c372d29b94d8f2df8106983e1 to remote] execchain.MainClientExec 261 - Target auth state: UNCHALLENGED
12-09-2018 12:36:17 MainClientExec.java DEBUG [Forwarding findElement on session 0fb59d3c372d29b94d8f2df8106983e1 to remote] execchain.MainClientExec 267 - Proxy auth state: UNCHALLENGED
12-09-2018 12:36:17 LoggingManagedHttpClientConnection.java DEBUG [Forwarding findElement on session 0fb59d3c372d29b94d8f2df8106983e1 to remote] http.headers 133 - http-outgoing-3 >> POST /session/0fb59d3c372d29b94d8f2df8106983e1/element HTTP/1.1
12-09-2018 12:36:17 LoggingManagedHttpClientConnection.java DEBUG [Forwarding findElement on session 0fb59d3c372d29b94d8f2df8106983e1 to remote] http.headers 136 - http-outgoing-3 >> Content-Type: application/json; charset=utf-8
12-09-2018 12:36:17 LoggingManagedHttpClientConnection.java DEBUG [Forwarding findElement on session 0fb59d3c372d29b94d8f2df8106983e1 to remote] http.headers 136 - http-outgoing-3 >> Content-Length: 55
12-09-2018 12:36:17 LoggingManagedHttpClientConnection.java DEBUG [Forwarding findElement on session 0fb59d3c372d29b94d8f2df8106983e1 to remote] http.headers 136 - http-outgoing-3 >> Host: localhost:13733
12-09-2018 12:36:17 LoggingManagedHttpClientConnection.java DEBUG [Forwarding findElement on session 0fb59d3c372d29b94d8f2df8106983e1 to remote] http.headers 136 - http-outgoing-3 >> Connection: Keep-Alive
12-09-2018 12:36:17 LoggingManagedHttpClientConnection.java DEBUG [Forwarding findElement on session 0fb59d3c372d29b94d8f2df8106983e1 to remote] http.headers 136 - http-outgoing-3 >> User-Agent: Apache-HttpClient/4.5.3 (Java/1.8.0_181)
12-09-2018 12:36:17 LoggingManagedHttpClientConnection.java DEBUG [Forwarding findElement on session 0fb59d3c372d29b94d8f2df8106983e1 to remote] http.headers 136 - http-outgoing-3 >> Accept-Encoding: gzip,deflate
12-09-2018 12:36:17 Wire.java DEBUG [Forwarding findElement on session 0fb59d3c372d29b94d8f2df8106983e1 to remote] http.wire 73 - http-outgoing-3 >> "POST /session/0fb59d3c372d29b94d8f2df8106983e1/element HTTP/1.1[\r][\n]"
12-09-2018 12:36:17 Wire.java DEBUG [Forwarding findElement on session 0fb59d3c372d29b94d8f2df8106983e1 to remote] http.wire 73 - http-outgoing-3 >> "Content-Type: application/json; charset=utf-8[\r][\n]"
12-09-2018 12:36:17 Wire.java DEBUG [Forwarding findElement on session 0fb59d3c372d29b94d8f2df8106983e1 to remote] http.wire 73 - http-outgoing-3 >> "Content-Length: 55[\r][\n]"
12-09-2018 12:36:17 Wire.java DEBUG [Forwarding findElement on session 0fb59d3c372d29b94d8f2df8106983e1 to remote] http.wire 73 - http-outgoing-3 >> "Host: localhost:13733[\r][\n]"
12-09-2018 12:36:17 Wire.java DEBUG [Forwarding findElement on session 0fb59d3c372d29b94d8f2df8106983e1 to remote] http.wire 73 - http-outgoing-3 >> "Connection: Keep-Alive[\r][\n]"
12-09-2018 12:36:17 Wire.java DEBUG [Forwarding findElement on session 0fb59d3c372d29b94d8f2df8106983e1 to remote] http.wire 73 - http-outgoing-3 >> "User-Agent: Apache-HttpClient/4.5.3 (Java/1.8.0_181)[\r][\n]"
12-09-2018 12:36:17 Wire.java DEBUG [Forwarding findElement on session 0fb59d3c372d29b94d8f2df8106983e1 to remote] http.wire 73 - http-outgoing-3 >> "Accept-Encoding: gzip,deflate[\r][\n]"
12-09-2018 12:36:17 Wire.java DEBUG [Forwarding findElement on session 0fb59d3c372d29b94d8f2df8106983e1 to remote] http.wire 73 - http-outgoing-3 >> "[\r][\n]"
12-09-2018 12:36:17 Wire.java DEBUG [Forwarding findElement on session 0fb59d3c372d29b94d8f2df8106983e1 to remote] http.wire 87 - http-outgoing-3 >> "{"using":"xpath","value":"//span[@class='gb_bb gbii']"}"
12-09-2018 12:36:17 Wire.java DEBUG [Forwarding findElement on session 0fb59d3c372d29b94d8f2df8106983e1 to remote] http.wire 73 - http-outgoing-3 << "HTTP/1.1 200 OK[\r][\n]"
12-09-2018 12:36:17 Wire.java DEBUG [Forwarding findElement on session 0fb59d3c372d29b94d8f2df8106983e1 to remote] http.wire 73 - http-outgoing-3 << "Content-Length:356[\r][\n]"
12-09-2018 12:36:17 Wire.java DEBUG [Forwarding findElement on session 0fb59d3c372d29b94d8f2df8106983e1 to remote] http.wire 73 - http-outgoing-3 << "Content-Type:application/json; charset=utf-8[\r][\n]"
12-09-2018 12:36:17 Wire.java DEBUG [Forwarding findElement on session 0fb59d3c372d29b94d8f2df8106983e1 to remote] http.wire 73 - http-outgoing-3 << "[\r][\n]"
12-09-2018 12:36:17 Wire.java DEBUG [Forwarding findElement on session 0fb59d3c372d29b94d8f2df8106983e1 to remote] http.wire 87 - http-outgoing-3 << "{"sessionId":"0fb59d3c372d29b94d8f2df8106983e1","status":7,"value":{"message":"no such element: Unable to locate element: {\"method\":\"xpath\",\"selector\":\"//span[@class='gb_bb gbii']\"}\n  (Session info: chrome=70.0.3538.110)\n  (Driver info: chromedriver=2.44.609538 (b655c5a60b0b544917107a59d4153d4bf78e1b90),platform=Windows NT 10.0.17134 x86_64)"}}"
12-09-2018 12:36:17 LoggingManagedHttpClientConnection.java DEBUG [Forwarding findElement on session 0fb59d3c372d29b94d8f2df8106983e1 to remote] http.headers 122 - http-outgoing-3 << HTTP/1.1 200 OK
12-09-2018 12:36:17 LoggingManagedHttpClientConnection.java DEBUG [Forwarding findElement on session 0fb59d3c372d29b94d8f2df8106983e1 to remote] http.headers 125 - http-outgoing-3 << Content-Length:356
12-09-2018 12:36:17 LoggingManagedHttpClientConnection.java DEBUG [Forwarding findElement on session 0fb59d3c372d29b94d8f2df8106983e1 to remote] http.headers 125 - http-outgoing-3 << Content-Type:application/json; charset=utf-8
12-09-2018 12:36:17 MainClientExec.java DEBUG [Forwarding findElement on session 0fb59d3c372d29b94d8f2df8106983e1 to remote] execchain.MainClientExec 285 - Connection can be kept alive indefinitely
12-09-2018 12:36:17 PoolingHttpClientConnectionManager.java DEBUG [Forwarding findElement on session 0fb59d3c372d29b94d8f2df8106983e1 to remote] conn.PoolingHttpClientConnectionManager 320 - Connection [id: 3][route: {}->http://localhost:13733] can be kept alive indefinitely
12-09-2018 12:36:17 PoolingHttpClientConnectionManager.java DEBUG [Forwarding findElement on session 0fb59d3c372d29b94d8f2df8106983e1 to remote] conn.PoolingHttpClientConnectionManager 326 - Connection released: [id: 3][route: {}->http://localhost:13733][total kept alive: 1; route allocated: 1 of 2000; total allocated: 1 of 2000]
12-09-2018 12:36:18 RequestAddCookies.java DEBUG [Forwarding findElement on session 0fb59d3c372d29b94d8f2df8106983e1 to remote] protocol.RequestAddCookies 123 - CookieSpec selected: default
12-09-2018 12:36:18 RequestAuthCache.java DEBUG [Forwarding findElement on session 0fb59d3c372d29b94d8f2df8106983e1 to remote] protocol.RequestAuthCache 77 - Auth cache not set in the context
12-09-2018 12:36:18 PoolingHttpClientConnectionManager.java DEBUG [Forwarding findElement on session 0fb59d3c372d29b94d8f2df8106983e1 to remote] conn.PoolingHttpClientConnectionManager 255 - Connection request: [route: {}->http://localhost:13733][total kept alive: 1; route allocated: 1 of 2000; total allocated: 1 of 2000]
12-09-2018 12:36:18 PoolingHttpClientConnectionManager.java DEBUG [Forwarding findElement on session 0fb59d3c372d29b94d8f2df8106983e1 to remote] conn.PoolingHttpClientConnectionManager 288 - Connection leased: [id: 3][route: {}->http://localhost:13733][total kept alive: 0; route allocated: 1 of 2000; total allocated: 1 of 2000]
12-09-2018 12:36:18 MainClientExec.java DEBUG [Forwarding findElement on session 0fb59d3c372d29b94d8f2df8106983e1 to remote] execchain.MainClientExec 208 - Stale connection check
12-09-2018 12:36:18 Wire.java DEBUG [Forwarding findElement on session 0fb59d3c372d29b94d8f2df8106983e1 to remote] http.wire 87 - http-outgoing-3 << "[read] I/O error: Read timed out"
12-09-2018 12:36:18 LoggingManagedHttpClientConnection.java DEBUG [Forwarding findElement on session 0fb59d3c372d29b94d8f2df8106983e1 to remote] conn.DefaultManagedHttpClientConnection 88 - http-outgoing-3: set socket timeout to 10800000
12-09-2018 12:36:18 MainClientExec.java DEBUG [Forwarding findElement on session 0fb59d3c372d29b94d8f2df8106983e1 to remote] execchain.MainClientExec 256 - Executing request POST /session/0fb59d3c372d29b94d8f2df8106983e1/element HTTP/1.1
12-09-2018 12:36:18 MainClientExec.java DEBUG [Forwarding findElement on session 0fb59d3c372d29b94d8f2df8106983e1 to remote] execchain.MainClientExec 261 - Target auth state: UNCHALLENGED
12-09-2018 12:36:18 MainClientExec.java DEBUG [Forwarding findElement on session 0fb59d3c372d29b94d8f2df8106983e1 to remote] execchain.MainClientExec 267 - Proxy auth state: UNCHALLENGED
12-09-2018 12:36:18 LoggingManagedHttpClientConnection.java DEBUG [Forwarding findElement on session 0fb59d3c372d29b94d8f2df8106983e1 to remote] http.headers 133 - http-outgoing-3 >> POST /session/0fb59d3c372d29b94d8f2df8106983e1/element HTTP/1.1
12-09-2018 12:36:18 LoggingManagedHttpClientConnection.java DEBUG [Forwarding findElement on session 0fb59d3c372d29b94d8f2df8106983e1 to remote] http.headers 136 - http-outgoing-3 >> Content-Type: application/json; charset=utf-8
12-09-2018 12:36:18 LoggingManagedHttpClientConnection.java DEBUG [Forwarding findElement on session 0fb59d3c372d29b94d8f2df8106983e1 to remote] http.headers 136 - http-outgoing-3 >> Content-Length: 55
12-09-2018 12:36:18 LoggingManagedHttpClientConnection.java DEBUG [Forwarding findElement on session 0fb59d3c372d29b94d8f2df8106983e1 to remote] http.headers 136 - http-outgoing-3 >> Host: localhost:13733
12-09-2018 12:36:18 LoggingManagedHttpClientConnection.java DEBUG [Forwarding findElement on session 0fb59d3c372d29b94d8f2df8106983e1 to remote] http.headers 136 - http-outgoing-3 >> Connection: Keep-Alive
12-09-2018 12:36:18 LoggingManagedHttpClientConnection.java DEBUG [Forwarding findElement on session 0fb59d3c372d29b94d8f2df8106983e1 to remote] http.headers 136 - http-outgoing-3 >> User-Agent: Apache-HttpClient/4.5.3 (Java/1.8.0_181)
12-09-2018 12:36:18 LoggingManagedHttpClientConnection.java DEBUG [Forwarding findElement on session 0fb59d3c372d29b94d8f2df8106983e1 to remote] http.headers 136 - http-outgoing-3 >> Accept-Encoding: gzip,deflate
12-09-2018 12:36:18 Wire.java DEBUG [Forwarding findElement on session 0fb59d3c372d29b94d8f2df8106983e1 to remote] http.wire 73 - http-outgoing-3 >> "POST /session/0fb59d3c372d29b94d8f2df8106983e1/element HTTP/1.1[\r][\n]"
12-09-2018 12:36:18 Wire.java DEBUG [Forwarding findElement on session 0fb59d3c372d29b94d8f2df8106983e1 to remote] http.wire 73 - http-outgoing-3 >> "Content-Type: application/json; charset=utf-8[\r][\n]"
12-09-2018 12:36:18 Wire.java DEBUG [Forwarding findElement on session 0fb59d3c372d29b94d8f2df8106983e1 to remote] http.wire 73 - http-outgoing-3 >> "Content-Length: 55[\r][\n]"
12-09-2018 12:36:18 Wire.java DEBUG [Forwarding findElement on session 0fb59d3c372d29b94d8f2df8106983e1 to remote] http.wire 73 - http-outgoing-3 >> "Host: localhost:13733[\r][\n]"
12-09-2018 12:36:18 Wire.java DEBUG [Forwarding findElement on session 0fb59d3c372d29b94d8f2df8106983e1 to remote] http.wire 73 - http-outgoing-3 >> "Connection: Keep-Alive[\r][\n]"
12-09-2018 12:36:18 Wire.java DEBUG [Forwarding findElement on session 0fb59d3c372d29b94d8f2df8106983e1 to remote] http.wire 73 - http-outgoing-3 >> "User-Agent: Apache-HttpClient/4.5.3 (Java/1.8.0_181)[\r][\n]"
12-09-2018 12:36:18 Wire.java DEBUG [Forwarding findElement on session 0fb59d3c372d29b94d8f2df8106983e1 to remote] http.wire 73 - http-outgoing-3 >> "Accept-Encoding: gzip,deflate[\r][\n]"
12-09-2018 12:36:18 Wire.java DEBUG [Forwarding findElement on session 0fb59d3c372d29b94d8f2df8106983e1 to remote] http.wire 73 - http-outgoing-3 >> "[\r][\n]"
12-09-2018 12:36:18 Wire.java DEBUG [Forwarding findElement on session 0fb59d3c372d29b94d8f2df8106983e1 to remote] http.wire 87 - http-outgoing-3 >> "{"using":"xpath","value":"//span[@class='gb_bb gbii']"}"
12-09-2018 12:36:18 Wire.java DEBUG [Forwarding findElement on session 0fb59d3c372d29b94d8f2df8106983e1 to remote] http.wire 73 - http-outgoing-3 << "HTTP/1.1 200 OK[\r][\n]"
12-09-2018 12:36:18 Wire.java DEBUG [Forwarding findElement on session 0fb59d3c372d29b94d8f2df8106983e1 to remote] http.wire 73 - http-outgoing-3 << "Content-Length:356[\r][\n]"
12-09-2018 12:36:18 Wire.java DEBUG [Forwarding findElement on session 0fb59d3c372d29b94d8f2df8106983e1 to remote] http.wire 73 - http-outgoing-3 << "Content-Type:application/json; charset=utf-8[\r][\n]"
12-09-2018 12:36:18 Wire.java DEBUG [Forwarding findElement on session 0fb59d3c372d29b94d8f2df8106983e1 to remote] http.wire 73 - http-outgoing-3 << "[\r][\n]"
12-09-2018 12:36:18 Wire.java DEBUG [Forwarding findElement on session 0fb59d3c372d29b94d8f2df8106983e1 to remote] http.wire 87 - http-outgoing-3 << "{"sessionId":"0fb59d3c372d29b94d8f2df8106983e1","status":7,"value":{"message":"no such element: Unable to locate element: {\"method\":\"xpath\",\"selector\":\"//span[@class='gb_bb gbii']\"}\n  (Session info: chrome=70.0.3538.110)\n  (Driver info: chromedriver=2.44.609538 (b655c5a60b0b544917107a59d4153d4bf78e1b90),platform=Windows NT 10.0.17134 x86_64)"}}"
12-09-2018 12:36:18 LoggingManagedHttpClientConnection.java DEBUG [Forwarding findElement on session 0fb59d3c372d29b94d8f2df8106983e1 to remote] http.headers 122 - http-outgoing-3 << HTTP/1.1 200 OK
12-09-2018 12:36:18 LoggingManagedHttpClientConnection.java DEBUG [Forwarding findElement on session 0fb59d3c372d29b94d8f2df8106983e1 to remote] http.headers 125 - http-outgoing-3 << Content-Length:356
12-09-2018 12:36:18 LoggingManagedHttpClientConnection.java DEBUG [Forwarding findElement on session 0fb59d3c372d29b94d8f2df8106983e1 to remote] http.headers 125 - http-outgoing-3 << Content-Type:application/json; charset=utf-8
12-09-2018 12:36:18 MainClientExec.java DEBUG [Forwarding findElement on session 0fb59d3c372d29b94d8f2df8106983e1 to remote] execchain.MainClientExec 285 - Connection can be kept alive indefinitely
12-09-2018 12:36:18 PoolingHttpClientConnectionManager.java DEBUG [Forwarding findElement on session 0fb59d3c372d29b94d8f2df8106983e1 to remote] conn.PoolingHttpClientConnectionManager 320 - Connection [id: 3][route: {}->http://localhost:13733] can be kept alive indefinitely
12-09-2018 12:36:18 PoolingHttpClientConnectionManager.java DEBUG [Forwarding findElement on session 0fb59d3c372d29b94d8f2df8106983e1 to remote] conn.PoolingHttpClientConnectionManager 326 - Connection released: [id: 3][route: {}->http://localhost:13733][total kept alive: 1; route allocated: 1 of 2000; total allocated: 1 of 2000]
12-09-2018 12:36:18 RequestAddCookies.java DEBUG [Forwarding findElement on session 0fb59d3c372d29b94d8f2df8106983e1 to remote] protocol.RequestAddCookies 123 - CookieSpec selected: default
12-09-2018 12:36:18 RequestAuthCache.java DEBUG [Forwarding findElement on session 0fb59d3c372d29b94d8f2df8106983e1 to remote] protocol.RequestAuthCache 77 - Auth cache not set in the context
12-09-2018 12:36:18 PoolingHttpClientConnectionManager.java DEBUG [Forwarding findElement on session 0fb59d3c372d29b94d8f2df8106983e1 to remote] conn.PoolingHttpClientConnectionManager 255 - Connection request: [route: {}->http://localhost:13733][total kept alive: 1; route allocated: 1 of 2000; total allocated: 1 of 2000]
12-09-2018 12:36:18 PoolingHttpClientConnectionManager.java DEBUG [Forwarding findElement on session 0fb59d3c372d29b94d8f2df8106983e1 to remote] conn.PoolingHttpClientConnectionManager 288 - Connection leased: [id: 3][route: {}->http://localhost:13733][total kept alive: 0; route allocated: 1 of 2000; total allocated: 1 of 2000]
12-09-2018 12:36:18 MainClientExec.java DEBUG [Forwarding findElement on session 0fb59d3c372d29b94d8f2df8106983e1 to remote] execchain.MainClientExec 208 - Stale connection check
12-09-2018 12:36:18 Wire.java DEBUG [Forwarding findElement on session 0fb59d3c372d29b94d8f2df8106983e1 to remote] http.wire 87 - http-outgoing-3 << "[read] I/O error: Read timed out"
12-09-2018 12:36:18 LoggingManagedHttpClientConnection.java DEBUG [Forwarding findElement on session 0fb59d3c372d29b94d8f2df8106983e1 to remote] conn.DefaultManagedHttpClientConnection 88 - http-outgoing-3: set socket timeout to 10800000
12-09-2018 12:36:18 MainClientExec.java DEBUG [Forwarding findElement on session 0fb59d3c372d29b94d8f2df8106983e1 to remote] execchain.MainClientExec 256 - Executing request POST /session/0fb59d3c372d29b94d8f2df8106983e1/element HTTP/1.1
12-09-2018 12:36:18 MainClientExec.java DEBUG [Forwarding findElement on session 0fb59d3c372d29b94d8f2df8106983e1 to remote] execchain.MainClientExec 261 - Target auth state: UNCHALLENGED
12-09-2018 12:36:18 MainClientExec.java DEBUG [Forwarding findElement on session 0fb59d3c372d29b94d8f2df8106983e1 to remote] execchain.MainClientExec 267 - Proxy auth state: UNCHALLENGED
12-09-2018 12:36:18 LoggingManagedHttpClientConnection.java DEBUG [Forwarding findElement on session 0fb59d3c372d29b94d8f2df8106983e1 to remote] http.headers 133 - http-outgoing-3 >> POST /session/0fb59d3c372d29b94d8f2df8106983e1/element HTTP/1.1
12-09-2018 12:36:18 LoggingManagedHttpClientConnection.java DEBUG [Forwarding findElement on session 0fb59d3c372d29b94d8f2df8106983e1 to remote] http.headers 136 - http-outgoing-3 >> Content-Type: application/json; charset=utf-8
12-09-2018 12:36:18 LoggingManagedHttpClientConnection.java DEBUG [Forwarding findElement on session 0fb59d3c372d29b94d8f2df8106983e1 to remote] http.headers 136 - http-outgoing-3 >> Content-Length: 55
12-09-2018 12:36:18 LoggingManagedHttpClientConnection.java DEBUG [Forwarding findElement on session 0fb59d3c372d29b94d8f2df8106983e1 to remote] http.headers 136 - http-outgoing-3 >> Host: localhost:13733
12-09-2018 12:36:18 LoggingManagedHttpClientConnection.java DEBUG [Forwarding findElement on session 0fb59d3c372d29b94d8f2df8106983e1 to remote] http.headers 136 - http-outgoing-3 >> Connection: Keep-Alive
12-09-2018 12:36:18 LoggingManagedHttpClientConnection.java DEBUG [Forwarding findElement on session 0fb59d3c372d29b94d8f2df8106983e1 to remote] http.headers 136 - http-outgoing-3 >> User-Agent: Apache-HttpClient/4.5.3 (Java/1.8.0_181)
12-09-2018 12:36:18 LoggingManagedHttpClientConnection.java DEBUG [Forwarding findElement on session 0fb59d3c372d29b94d8f2df8106983e1 to remote] http.headers 136 - http-outgoing-3 >> Accept-Encoding: gzip,deflate
12-09-2018 12:36:18 Wire.java DEBUG [Forwarding findElement on session 0fb59d3c372d29b94d8f2df8106983e1 to remote] http.wire 73 - http-outgoing-3 >> "POST /session/0fb59d3c372d29b94d8f2df8106983e1/element HTTP/1.1[\r][\n]"
12-09-2018 12:36:18 Wire.java DEBUG [Forwarding findElement on session 0fb59d3c372d29b94d8f2df8106983e1 to remote] http.wire 73 - http-outgoing-3 >> "Content-Type: application/json; charset=utf-8[\r][\n]"
12-09-2018 12:36:18 Wire.java DEBUG [Forwarding findElement on session 0fb59d3c372d29b94d8f2df8106983e1 to remote] http.wire 73 - http-outgoing-3 >> "Content-Length: 55[\r][\n]"
12-09-2018 12:36:18 Wire.java DEBUG [Forwarding findElement on session 0fb59d3c372d29b94d8f2df8106983e1 to remote] http.wire 73 - http-outgoing-3 >> "Host: localhost:13733[\r][\n]"
12-09-2018 12:36:18 Wire.java DEBUG [Forwarding findElement on session 0fb59d3c372d29b94d8f2df8106983e1 to remote] http.wire 73 - http-outgoing-3 >> "Connection: Keep-Alive[\r][\n]"
12-09-2018 12:36:18 Wire.java DEBUG [Forwarding findElement on session 0fb59d3c372d29b94d8f2df8106983e1 to remote] http.wire 73 - http-outgoing-3 >> "User-Agent: Apache-HttpClient/4.5.3 (Java/1.8.0_181)[\r][\n]"
12-09-2018 12:36:18 Wire.java DEBUG [Forwarding findElement on session 0fb59d3c372d29b94d8f2df8106983e1 to remote] http.wire 73 - http-outgoing-3 >> "Accept-Encoding: gzip,deflate[\r][\n]"
12-09-2018 12:36:18 Wire.java DEBUG [Forwarding findElement on session 0fb59d3c372d29b94d8f2df8106983e1 to remote] http.wire 73 - http-outgoing-3 >> "[\r][\n]"
12-09-2018 12:36:18 Wire.java DEBUG [Forwarding findElement on session 0fb59d3c372d29b94d8f2df8106983e1 to remote] http.wire 87 - http-outgoing-3 >> "{"using":"xpath","value":"//span[@class='gb_bb gbii']"}"
12-09-2018 12:36:18 Wire.java DEBUG [Forwarding findElement on session 0fb59d3c372d29b94d8f2df8106983e1 to remote] http.wire 73 - http-outgoing-3 << "HTTP/1.1 200 OK[\r][\n]"
12-09-2018 12:36:18 Wire.java DEBUG [Forwarding findElement on session 0fb59d3c372d29b94d8f2df8106983e1 to remote] http.wire 73 - http-outgoing-3 << "Content-Length:356[\r][\n]"
12-09-2018 12:36:18 Wire.java DEBUG [Forwarding findElement on session 0fb59d3c372d29b94d8f2df8106983e1 to remote] http.wire 73 - http-outgoing-3 << "Content-Type:application/json; charset=utf-8[\r][\n]"
12-09-2018 12:36:18 Wire.java DEBUG [Forwarding findElement on session 0fb59d3c372d29b94d8f2df8106983e1 to remote] http.wire 73 - http-outgoing-3 << "[\r][\n]"
12-09-2018 12:36:18 Wire.java DEBUG [Forwarding findElement on session 0fb59d3c372d29b94d8f2df8106983e1 to remote] http.wire 87 - http-outgoing-3 << "{"sessionId":"0fb59d3c372d29b94d8f2df8106983e1","status":7,"value":{"message":"no such element: Unable to locate element: {\"method\":\"xpath\",\"selector\":\"//span[@class='gb_bb gbii']\"}\n  (Session info: chrome=70.0.3538.110)\n  (Driver info: chromedriver=2.44.609538 (b655c5a60b0b544917107a59d4153d4bf78e1b90),platform=Windows NT 10.0.17134 x86_64)"}}"
12-09-2018 12:36:18 LoggingManagedHttpClientConnection.java DEBUG [Forwarding findElement on session 0fb59d3c372d29b94d8f2df8106983e1 to remote] http.headers 122 - http-outgoing-3 << HTTP/1.1 200 OK
12-09-2018 12:36:18 LoggingManagedHttpClientConnection.java DEBUG [Forwarding findElement on session 0fb59d3c372d29b94d8f2df8106983e1 to remote] http.headers 125 - http-outgoing-3 << Content-Length:356
12-09-2018 12:36:18 LoggingManagedHttpClientConnection.java DEBUG [Forwarding findElement on session 0fb59d3c372d29b94d8f2df8106983e1 to remote] http.headers 125 - http-outgoing-3 << Content-Type:application/json; charset=utf-8
12-09-2018 12:36:18 MainClientExec.java DEBUG [Forwarding findElement on session 0fb59d3c372d29b94d8f2df8106983e1 to remote] execchain.MainClientExec 285 - Connection can be kept alive indefinitely
12-09-2018 12:36:18 PoolingHttpClientConnectionManager.java DEBUG [Forwarding findElement on session 0fb59d3c372d29b94d8f2df8106983e1 to remote] conn.PoolingHttpClientConnectionManager 320 - Connection [id: 3][route: {}->http://localhost:13733] can be kept alive indefinitely
12-09-2018 12:36:18 PoolingHttpClientConnectionManager.java DEBUG [Forwarding findElement on session 0fb59d3c372d29b94d8f2df8106983e1 to remote] conn.PoolingHttpClientConnectionManager 326 - Connection released: [id: 3][route: {}->http://localhost:13733][total kept alive: 1; route allocated: 1 of 2000; total allocated: 1 of 2000]
12-09-2018 12:36:19 RequestAddCookies.java DEBUG [Forwarding findElement on session 0fb59d3c372d29b94d8f2df8106983e1 to remote] protocol.RequestAddCookies 123 - CookieSpec selected: default
12-09-2018 12:36:19 RequestAuthCache.java DEBUG [Forwarding findElement on session 0fb59d3c372d29b94d8f2df8106983e1 to remote] protocol.RequestAuthCache 77 - Auth cache not set in the context
12-09-2018 12:36:19 PoolingHttpClientConnectionManager.java DEBUG [Forwarding findElement on session 0fb59d3c372d29b94d8f2df8106983e1 to remote] conn.PoolingHttpClientConnectionManager 255 - Connection request: [route: {}->http://localhost:13733][total kept alive: 1; route allocated: 1 of 2000; total allocated: 1 of 2000]
12-09-2018 12:36:19 PoolingHttpClientConnectionManager.java DEBUG [Forwarding findElement on session 0fb59d3c372d29b94d8f2df8106983e1 to remote] conn.PoolingHttpClientConnectionManager 288 - Connection leased: [id: 3][route: {}->http://localhost:13733][total kept alive: 0; route allocated: 1 of 2000; total allocated: 1 of 2000]
12-09-2018 12:36:19 MainClientExec.java DEBUG [Forwarding findElement on session 0fb59d3c372d29b94d8f2df8106983e1 to remote] execchain.MainClientExec 208 - Stale connection check
12-09-2018 12:36:19 Wire.java DEBUG [Forwarding findElement on session 0fb59d3c372d29b94d8f2df8106983e1 to remote] http.wire 87 - http-outgoing-3 << "[read] I/O error: Read timed out"
12-09-2018 12:36:19 LoggingManagedHttpClientConnection.java DEBUG [Forwarding findElement on session 0fb59d3c372d29b94d8f2df8106983e1 to remote] conn.DefaultManagedHttpClientConnection 88 - http-outgoing-3: set socket timeout to 10800000
12-09-2018 12:36:19 MainClientExec.java DEBUG [Forwarding findElement on session 0fb59d3c372d29b94d8f2df8106983e1 to remote] execchain.MainClientExec 256 - Executing request POST /session/0fb59d3c372d29b94d8f2df8106983e1/element HTTP/1.1
12-09-2018 12:36:19 MainClientExec.java DEBUG [Forwarding findElement on session 0fb59d3c372d29b94d8f2df8106983e1 to remote] execchain.MainClientExec 261 - Target auth state: UNCHALLENGED
12-09-2018 12:36:19 MainClientExec.java DEBUG [Forwarding findElement on session 0fb59d3c372d29b94d8f2df8106983e1 to remote] execchain.MainClientExec 267 - Proxy auth state: UNCHALLENGED
12-09-2018 12:36:19 LoggingManagedHttpClientConnection.java DEBUG [Forwarding findElement on session 0fb59d3c372d29b94d8f2df8106983e1 to remote] http.headers 133 - http-outgoing-3 >> POST /session/0fb59d3c372d29b94d8f2df8106983e1/element HTTP/1.1
12-09-2018 12:36:19 LoggingManagedHttpClientConnection.java DEBUG [Forwarding findElement on session 0fb59d3c372d29b94d8f2df8106983e1 to remote] http.headers 136 - http-outgoing-3 >> Content-Type: application/json; charset=utf-8
12-09-2018 12:36:19 LoggingManagedHttpClientConnection.java DEBUG [Forwarding findElement on session 0fb59d3c372d29b94d8f2df8106983e1 to remote] http.headers 136 - http-outgoing-3 >> Content-Length: 55
12-09-2018 12:36:19 LoggingManagedHttpClientConnection.java DEBUG [Forwarding findElement on session 0fb59d3c372d29b94d8f2df8106983e1 to remote] http.headers 136 - http-outgoing-3 >> Host: localhost:13733
12-09-2018 12:36:19 LoggingManagedHttpClientConnection.java DEBUG [Forwarding findElement on session 0fb59d3c372d29b94d8f2df8106983e1 to remote] http.headers 136 - http-outgoing-3 >> Connection: Keep-Alive
12-09-2018 12:36:19 LoggingManagedHttpClientConnection.java DEBUG [Forwarding findElement on session 0fb59d3c372d29b94d8f2df8106983e1 to remote] http.headers 136 - http-outgoing-3 >> User-Agent: Apache-HttpClient/4.5.3 (Java/1.8.0_181)
12-09-2018 12:36:19 LoggingManagedHttpClientConnection.java DEBUG [Forwarding findElement on session 0fb59d3c372d29b94d8f2df8106983e1 to remote] http.headers 136 - http-outgoing-3 >> Accept-Encoding: gzip,deflate
12-09-2018 12:36:19 Wire.java DEBUG [Forwarding findElement on session 0fb59d3c372d29b94d8f2df8106983e1 to remote] http.wire 73 - http-outgoing-3 >> "POST /session/0fb59d3c372d29b94d8f2df8106983e1/element HTTP/1.1[\r][\n]"
12-09-2018 12:36:19 Wire.java DEBUG [Forwarding findElement on session 0fb59d3c372d29b94d8f2df8106983e1 to remote] http.wire 73 - http-outgoing-3 >> "Content-Type: application/json; charset=utf-8[\r][\n]"
12-09-2018 12:36:19 Wire.java DEBUG [Forwarding findElement on session 0fb59d3c372d29b94d8f2df8106983e1 to remote] http.wire 73 - http-outgoing-3 >> "Content-Length: 55[\r][\n]"
12-09-2018 12:36:19 Wire.java DEBUG [Forwarding findElement on session 0fb59d3c372d29b94d8f2df8106983e1 to remote] http.wire 73 - http-outgoing-3 >> "Host: localhost:13733[\r][\n]"
12-09-2018 12:36:19 Wire.java DEBUG [Forwarding findElement on session 0fb59d3c372d29b94d8f2df8106983e1 to remote] http.wire 73 - http-outgoing-3 >> "Connection: Keep-Alive[\r][\n]"
12-09-2018 12:36:19 Wire.java DEBUG [Forwarding findElement on session 0fb59d3c372d29b94d8f2df8106983e1 to remote] http.wire 73 - http-outgoing-3 >> "User-Agent: Apache-HttpClient/4.5.3 (Java/1.8.0_181)[\r][\n]"
12-09-2018 12:36:19 Wire.java DEBUG [Forwarding findElement on session 0fb59d3c372d29b94d8f2df8106983e1 to remote] http.wire 73 - http-outgoing-3 >> "Accept-Encoding: gzip,deflate[\r][\n]"
12-09-2018 12:36:19 Wire.java DEBUG [Forwarding findElement on session 0fb59d3c372d29b94d8f2df8106983e1 to remote] http.wire 73 - http-outgoing-3 >> "[\r][\n]"
12-09-2018 12:36:19 Wire.java DEBUG [Forwarding findElement on session 0fb59d3c372d29b94d8f2df8106983e1 to remote] http.wire 87 - http-outgoing-3 >> "{"using":"xpath","value":"//span[@class='gb_bb gbii']"}"
12-09-2018 12:36:19 Wire.java DEBUG [Forwarding findElement on session 0fb59d3c372d29b94d8f2df8106983e1 to remote] http.wire 73 - http-outgoing-3 << "HTTP/1.1 200 OK[\r][\n]"
12-09-2018 12:36:19 Wire.java DEBUG [Forwarding findElement on session 0fb59d3c372d29b94d8f2df8106983e1 to remote] http.wire 73 - http-outgoing-3 << "Content-Length:356[\r][\n]"
12-09-2018 12:36:19 Wire.java DEBUG [Forwarding findElement on session 0fb59d3c372d29b94d8f2df8106983e1 to remote] http.wire 73 - http-outgoing-3 << "Content-Type:application/json; charset=utf-8[\r][\n]"
12-09-2018 12:36:19 Wire.java DEBUG [Forwarding findElement on session 0fb59d3c372d29b94d8f2df8106983e1 to remote] http.wire 73 - http-outgoing-3 << "[\r][\n]"
12-09-2018 12:36:19 Wire.java DEBUG [Forwarding findElement on session 0fb59d3c372d29b94d8f2df8106983e1 to remote] http.wire 87 - http-outgoing-3 << "{"sessionId":"0fb59d3c372d29b94d8f2df8106983e1","status":7,"value":{"message":"no such element: Unable to locate element: {\"method\":\"xpath\",\"selector\":\"//span[@class='gb_bb gbii']\"}\n  (Session info: chrome=70.0.3538.110)\n  (Driver info: chromedriver=2.44.609538 (b655c5a60b0b544917107a59d4153d4bf78e1b90),platform=Windows NT 10.0.17134 x86_64)"}}"
12-09-2018 12:36:19 LoggingManagedHttpClientConnection.java DEBUG [Forwarding findElement on session 0fb59d3c372d29b94d8f2df8106983e1 to remote] http.headers 122 - http-outgoing-3 << HTTP/1.1 200 OK
12-09-2018 12:36:19 LoggingManagedHttpClientConnection.java DEBUG [Forwarding findElement on session 0fb59d3c372d29b94d8f2df8106983e1 to remote] http.headers 125 - http-outgoing-3 << Content-Length:356
12-09-2018 12:36:19 LoggingManagedHttpClientConnection.java DEBUG [Forwarding findElement on session 0fb59d3c372d29b94d8f2df8106983e1 to remote] http.headers 125 - http-outgoing-3 << Content-Type:application/json; charset=utf-8
12-09-2018 12:36:19 MainClientExec.java DEBUG [Forwarding findElement on session 0fb59d3c372d29b94d8f2df8106983e1 to remote] execchain.MainClientExec 285 - Connection can be kept alive indefinitely
12-09-2018 12:36:19 PoolingHttpClientConnectionManager.java DEBUG [Forwarding findElement on session 0fb59d3c372d29b94d8f2df8106983e1 to remote] conn.PoolingHttpClientConnectionManager 320 - Connection [id: 3][route: {}->http://localhost:13733] can be kept alive indefinitely
12-09-2018 12:36:19 PoolingHttpClientConnectionManager.java DEBUG [Forwarding findElement on session 0fb59d3c372d29b94d8f2df8106983e1 to remote] conn.PoolingHttpClientConnectionManager 326 - Connection released: [id: 3][route: {}->http://localhost:13733][total kept alive: 1; route allocated: 1 of 2000; total allocated: 1 of 2000]
12-09-2018 12:36:19 RequestAddCookies.java DEBUG [Forwarding findElement on session 0fb59d3c372d29b94d8f2df8106983e1 to remote] protocol.RequestAddCookies 123 - CookieSpec selected: default
12-09-2018 12:36:19 RequestAuthCache.java DEBUG [Forwarding findElement on session 0fb59d3c372d29b94d8f2df8106983e1 to remote] protocol.RequestAuthCache 77 - Auth cache not set in the context
12-09-2018 12:36:19 PoolingHttpClientConnectionManager.java DEBUG [Forwarding findElement on session 0fb59d3c372d29b94d8f2df8106983e1 to remote] conn.PoolingHttpClientConnectionManager 255 - Connection request: [route: {}->http://localhost:13733][total kept alive: 1; route allocated: 1 of 2000; total allocated: 1 of 2000]
12-09-2018 12:36:19 PoolingHttpClientConnectionManager.java DEBUG [Forwarding findElement on session 0fb59d3c372d29b94d8f2df8106983e1 to remote] conn.PoolingHttpClientConnectionManager 288 - Connection leased: [id: 3][route: {}->http://localhost:13733][total kept alive: 0; route allocated: 1 of 2000; total allocated: 1 of 2000]
12-09-2018 12:36:19 MainClientExec.java DEBUG [Forwarding findElement on session 0fb59d3c372d29b94d8f2df8106983e1 to remote] execchain.MainClientExec 208 - Stale connection check
12-09-2018 12:36:19 Wire.java DEBUG [Forwarding findElement on session 0fb59d3c372d29b94d8f2df8106983e1 to remote] http.wire 87 - http-outgoing-3 << "[read] I/O error: Read timed out"
12-09-2018 12:36:19 LoggingManagedHttpClientConnection.java DEBUG [Forwarding findElement on session 0fb59d3c372d29b94d8f2df8106983e1 to remote] conn.DefaultManagedHttpClientConnection 88 - http-outgoing-3: set socket timeout to 10800000
12-09-2018 12:36:19 MainClientExec.java DEBUG [Forwarding findElement on session 0fb59d3c372d29b94d8f2df8106983e1 to remote] execchain.MainClientExec 256 - Executing request POST /session/0fb59d3c372d29b94d8f2df8106983e1/element HTTP/1.1
12-09-2018 12:36:19 MainClientExec.java DEBUG [Forwarding findElement on session 0fb59d3c372d29b94d8f2df8106983e1 to remote] execchain.MainClientExec 261 - Target auth state: UNCHALLENGED
12-09-2018 12:36:19 MainClientExec.java DEBUG [Forwarding findElement on session 0fb59d3c372d29b94d8f2df8106983e1 to remote] execchain.MainClientExec 267 - Proxy auth state: UNCHALLENGED
12-09-2018 12:36:19 LoggingManagedHttpClientConnection.java DEBUG [Forwarding findElement on session 0fb59d3c372d29b94d8f2df8106983e1 to remote] http.headers 133 - http-outgoing-3 >> POST /session/0fb59d3c372d29b94d8f2df8106983e1/element HTTP/1.1
12-09-2018 12:36:19 LoggingManagedHttpClientConnection.java DEBUG [Forwarding findElement on session 0fb59d3c372d29b94d8f2df8106983e1 to remote] http.headers 136 - http-outgoing-3 >> Content-Type: application/json; charset=utf-8
12-09-2018 12:36:19 LoggingManagedHttpClientConnection.java DEBUG [Forwarding findElement on session 0fb59d3c372d29b94d8f2df8106983e1 to remote] http.headers 136 - http-outgoing-3 >> Content-Length: 55
12-09-2018 12:36:19 LoggingManagedHttpClientConnection.java DEBUG [Forwarding findElement on session 0fb59d3c372d29b94d8f2df8106983e1 to remote] http.headers 136 - http-outgoing-3 >> Host: localhost:13733
12-09-2018 12:36:19 LoggingManagedHttpClientConnection.java DEBUG [Forwarding findElement on session 0fb59d3c372d29b94d8f2df8106983e1 to remote] http.headers 136 - http-outgoing-3 >> Connection: Keep-Alive
12-09-2018 12:36:19 LoggingManagedHttpClientConnection.java DEBUG [Forwarding findElement on session 0fb59d3c372d29b94d8f2df8106983e1 to remote] http.headers 136 - http-outgoing-3 >> User-Agent: Apache-HttpClient/4.5.3 (Java/1.8.0_181)
12-09-2018 12:36:19 LoggingManagedHttpClientConnection.java DEBUG [Forwarding findElement on session 0fb59d3c372d29b94d8f2df8106983e1 to remote] http.headers 136 - http-outgoing-3 >> Accept-Encoding: gzip,deflate
12-09-2018 12:36:19 Wire.java DEBUG [Forwarding findElement on session 0fb59d3c372d29b94d8f2df8106983e1 to remote] http.wire 73 - http-outgoing-3 >> "POST /session/0fb59d3c372d29b94d8f2df8106983e1/element HTTP/1.1[\r][\n]"
12-09-2018 12:36:19 Wire.java DEBUG [Forwarding findElement on session 0fb59d3c372d29b94d8f2df8106983e1 to remote] http.wire 73 - http-outgoing-3 >> "Content-Type: application/json; charset=utf-8[\r][\n]"
12-09-2018 12:36:19 Wire.java DEBUG [Forwarding findElement on session 0fb59d3c372d29b94d8f2df8106983e1 to remote] http.wire 73 - http-outgoing-3 >> "Content-Length: 55[\r][\n]"
12-09-2018 12:36:19 Wire.java DEBUG [Forwarding findElement on session 0fb59d3c372d29b94d8f2df8106983e1 to remote] http.wire 73 - http-outgoing-3 >> "Host: localhost:13733[\r][\n]"
12-09-2018 12:36:19 Wire.java DEBUG [Forwarding findElement on session 0fb59d3c372d29b94d8f2df8106983e1 to remote] http.wire 73 - http-outgoing-3 >> "Connection: Keep-Alive[\r][\n]"
12-09-2018 12:36:19 Wire.java DEBUG [Forwarding findElement on session 0fb59d3c372d29b94d8f2df8106983e1 to remote] http.wire 73 - http-outgoing-3 >> "User-Agent: Apache-HttpClient/4.5.3 (Java/1.8.0_181)[\r][\n]"
12-09-2018 12:36:19 Wire.java DEBUG [Forwarding findElement on session 0fb59d3c372d29b94d8f2df8106983e1 to remote] http.wire 73 - http-outgoing-3 >> "Accept-Encoding: gzip,deflate[\r][\n]"
12-09-2018 12:36:19 Wire.java DEBUG [Forwarding findElement on session 0fb59d3c372d29b94d8f2df8106983e1 to remote] http.wire 73 - http-outgoing-3 >> "[\r][\n]"
12-09-2018 12:36:19 Wire.java DEBUG [Forwarding findElement on session 0fb59d3c372d29b94d8f2df8106983e1 to remote] http.wire 87 - http-outgoing-3 >> "{"using":"xpath","value":"//span[@class='gb_bb gbii']"}"
12-09-2018 12:36:19 Wire.java DEBUG [Forwarding findElement on session 0fb59d3c372d29b94d8f2df8106983e1 to remote] http.wire 73 - http-outgoing-3 << "HTTP/1.1 200 OK[\r][\n]"
12-09-2018 12:36:19 Wire.java DEBUG [Forwarding findElement on session 0fb59d3c372d29b94d8f2df8106983e1 to remote] http.wire 73 - http-outgoing-3 << "Content-Length:356[\r][\n]"
12-09-2018 12:36:19 Wire.java DEBUG [Forwarding findElement on session 0fb59d3c372d29b94d8f2df8106983e1 to remote] http.wire 73 - http-outgoing-3 << "Content-Type:application/json; charset=utf-8[\r][\n]"
12-09-2018 12:36:19 Wire.java DEBUG [Forwarding findElement on session 0fb59d3c372d29b94d8f2df8106983e1 to remote] http.wire 73 - http-outgoing-3 << "[\r][\n]"
12-09-2018 12:36:19 Wire.java DEBUG [Forwarding findElement on session 0fb59d3c372d29b94d8f2df8106983e1 to remote] http.wire 87 - http-outgoing-3 << "{"sessionId":"0fb59d3c372d29b94d8f2df8106983e1","status":7,"value":{"message":"no such element: Unable to locate element: {\"method\":\"xpath\",\"selector\":\"//span[@class='gb_bb gbii']\"}\n  (Session info: chrome=70.0.3538.110)\n  (Driver info: chromedriver=2.44.609538 (b655c5a60b0b544917107a59d4153d4bf78e1b90),platform=Windows NT 10.0.17134 x86_64)"}}"
12-09-2018 12:36:19 LoggingManagedHttpClientConnection.java DEBUG [Forwarding findElement on session 0fb59d3c372d29b94d8f2df8106983e1 to remote] http.headers 122 - http-outgoing-3 << HTTP/1.1 200 OK
12-09-2018 12:36:19 LoggingManagedHttpClientConnection.java DEBUG [Forwarding findElement on session 0fb59d3c372d29b94d8f2df8106983e1 to remote] http.headers 125 - http-outgoing-3 << Content-Length:356
12-09-2018 12:36:19 LoggingManagedHttpClientConnection.java DEBUG [Forwarding findElement on session 0fb59d3c372d29b94d8f2df8106983e1 to remote] http.headers 125 - http-outgoing-3 << Content-Type:application/json; charset=utf-8
12-09-2018 12:36:19 MainClientExec.java DEBUG [Forwarding findElement on session 0fb59d3c372d29b94d8f2df8106983e1 to remote] execchain.MainClientExec 285 - Connection can be kept alive indefinitely
12-09-2018 12:36:19 PoolingHttpClientConnectionManager.java DEBUG [Forwarding findElement on session 0fb59d3c372d29b94d8f2df8106983e1 to remote] conn.PoolingHttpClientConnectionManager 320 - Connection [id: 3][route: {}->http://localhost:13733] can be kept alive indefinitely
12-09-2018 12:36:19 PoolingHttpClientConnectionManager.java DEBUG [Forwarding findElement on session 0fb59d3c372d29b94d8f2df8106983e1 to remote] conn.PoolingHttpClientConnectionManager 326 - Connection released: [id: 3][route: {}->http://localhost:13733][total kept alive: 1; route allocated: 1 of 2000; total allocated: 1 of 2000]
12-09-2018 12:36:20 RequestAddCookies.java DEBUG [Forwarding findElement on session 0fb59d3c372d29b94d8f2df8106983e1 to remote] protocol.RequestAddCookies 123 - CookieSpec selected: default
12-09-2018 12:36:20 RequestAuthCache.java DEBUG [Forwarding findElement on session 0fb59d3c372d29b94d8f2df8106983e1 to remote] protocol.RequestAuthCache 77 - Auth cache not set in the context
12-09-2018 12:36:20 PoolingHttpClientConnectionManager.java DEBUG [Forwarding findElement on session 0fb59d3c372d29b94d8f2df8106983e1 to remote] conn.PoolingHttpClientConnectionManager 255 - Connection request: [route: {}->http://localhost:13733][total kept alive: 1; route allocated: 1 of 2000; total allocated: 1 of 2000]
12-09-2018 12:36:20 PoolingHttpClientConnectionManager.java DEBUG [Forwarding findElement on session 0fb59d3c372d29b94d8f2df8106983e1 to remote] conn.PoolingHttpClientConnectionManager 288 - Connection leased: [id: 3][route: {}->http://localhost:13733][total kept alive: 0; route allocated: 1 of 2000; total allocated: 1 of 2000]
12-09-2018 12:36:20 MainClientExec.java DEBUG [Forwarding findElement on session 0fb59d3c372d29b94d8f2df8106983e1 to remote] execchain.MainClientExec 208 - Stale connection check
12-09-2018 12:36:20 Wire.java DEBUG [Forwarding findElement on session 0fb59d3c372d29b94d8f2df8106983e1 to remote] http.wire 87 - http-outgoing-3 << "[read] I/O error: Read timed out"
12-09-2018 12:36:20 LoggingManagedHttpClientConnection.java DEBUG [Forwarding findElement on session 0fb59d3c372d29b94d8f2df8106983e1 to remote] conn.DefaultManagedHttpClientConnection 88 - http-outgoing-3: set socket timeout to 10800000
12-09-2018 12:36:20 MainClientExec.java DEBUG [Forwarding findElement on session 0fb59d3c372d29b94d8f2df8106983e1 to remote] execchain.MainClientExec 256 - Executing request POST /session/0fb59d3c372d29b94d8f2df8106983e1/element HTTP/1.1
12-09-2018 12:36:20 MainClientExec.java DEBUG [Forwarding findElement on session 0fb59d3c372d29b94d8f2df8106983e1 to remote] execchain.MainClientExec 261 - Target auth state: UNCHALLENGED
12-09-2018 12:36:20 MainClientExec.java DEBUG [Forwarding findElement on session 0fb59d3c372d29b94d8f2df8106983e1 to remote] execchain.MainClientExec 267 - Proxy auth state: UNCHALLENGED
12-09-2018 12:36:20 LoggingManagedHttpClientConnection.java DEBUG [Forwarding findElement on session 0fb59d3c372d29b94d8f2df8106983e1 to remote] http.headers 133 - http-outgoing-3 >> POST /session/0fb59d3c372d29b94d8f2df8106983e1/element HTTP/1.1
12-09-2018 12:36:20 LoggingManagedHttpClientConnection.java DEBUG [Forwarding findElement on session 0fb59d3c372d29b94d8f2df8106983e1 to remote] http.headers 136 - http-outgoing-3 >> Content-Type: application/json; charset=utf-8
12-09-2018 12:36:20 LoggingManagedHttpClientConnection.java DEBUG [Forwarding findElement on session 0fb59d3c372d29b94d8f2df8106983e1 to remote] http.headers 136 - http-outgoing-3 >> Content-Length: 55
12-09-2018 12:36:20 LoggingManagedHttpClientConnection.java DEBUG [Forwarding findElement on session 0fb59d3c372d29b94d8f2df8106983e1 to remote] http.headers 136 - http-outgoing-3 >> Host: localhost:13733
12-09-2018 12:36:20 LoggingManagedHttpClientConnection.java DEBUG [Forwarding findElement on session 0fb59d3c372d29b94d8f2df8106983e1 to remote] http.headers 136 - http-outgoing-3 >> Connection: Keep-Alive
12-09-2018 12:36:20 LoggingManagedHttpClientConnection.java DEBUG [Forwarding findElement on session 0fb59d3c372d29b94d8f2df8106983e1 to remote] http.headers 136 - http-outgoing-3 >> User-Agent: Apache-HttpClient/4.5.3 (Java/1.8.0_181)
12-09-2018 12:36:20 LoggingManagedHttpClientConnection.java DEBUG [Forwarding findElement on session 0fb59d3c372d29b94d8f2df8106983e1 to remote] http.headers 136 - http-outgoing-3 >> Accept-Encoding: gzip,deflate
12-09-2018 12:36:20 Wire.java DEBUG [Forwarding findElement on session 0fb59d3c372d29b94d8f2df8106983e1 to remote] http.wire 73 - http-outgoing-3 >> "POST /session/0fb59d3c372d29b94d8f2df8106983e1/element HTTP/1.1[\r][\n]"
12-09-2018 12:36:20 Wire.java DEBUG [Forwarding findElement on session 0fb59d3c372d29b94d8f2df8106983e1 to remote] http.wire 73 - http-outgoing-3 >> "Content-Type: application/json; charset=utf-8[\r][\n]"
12-09-2018 12:36:20 Wire.java DEBUG [Forwarding findElement on session 0fb59d3c372d29b94d8f2df8106983e1 to remote] http.wire 73 - http-outgoing-3 >> "Content-Length: 55[\r][\n]"
12-09-2018 12:36:20 Wire.java DEBUG [Forwarding findElement on session 0fb59d3c372d29b94d8f2df8106983e1 to remote] http.wire 73 - http-outgoing-3 >> "Host: localhost:13733[\r][\n]"
12-09-2018 12:36:20 Wire.java DEBUG [Forwarding findElement on session 0fb59d3c372d29b94d8f2df8106983e1 to remote] http.wire 73 - http-outgoing-3 >> "Connection: Keep-Alive[\r][\n]"
12-09-2018 12:36:20 Wire.java DEBUG [Forwarding findElement on session 0fb59d3c372d29b94d8f2df8106983e1 to remote] http.wire 73 - http-outgoing-3 >> "User-Agent: Apache-HttpClient/4.5.3 (Java/1.8.0_181)[\r][\n]"
12-09-2018 12:36:20 Wire.java DEBUG [Forwarding findElement on session 0fb59d3c372d29b94d8f2df8106983e1 to remote] http.wire 73 - http-outgoing-3 >> "Accept-Encoding: gzip,deflate[\r][\n]"
12-09-2018 12:36:20 Wire.java DEBUG [Forwarding findElement on session 0fb59d3c372d29b94d8f2df8106983e1 to remote] http.wire 73 - http-outgoing-3 >> "[\r][\n]"
12-09-2018 12:36:20 Wire.java DEBUG [Forwarding findElement on session 0fb59d3c372d29b94d8f2df8106983e1 to remote] http.wire 87 - http-outgoing-3 >> "{"using":"xpath","value":"//span[@class='gb_bb gbii']"}"
12-09-2018 12:36:20 Wire.java DEBUG [Forwarding findElement on session 0fb59d3c372d29b94d8f2df8106983e1 to remote] http.wire 73 - http-outgoing-3 << "HTTP/1.1 200 OK[\r][\n]"
12-09-2018 12:36:20 Wire.java DEBUG [Forwarding findElement on session 0fb59d3c372d29b94d8f2df8106983e1 to remote] http.wire 73 - http-outgoing-3 << "Content-Length:356[\r][\n]"
12-09-2018 12:36:20 Wire.java DEBUG [Forwarding findElement on session 0fb59d3c372d29b94d8f2df8106983e1 to remote] http.wire 73 - http-outgoing-3 << "Content-Type:application/json; charset=utf-8[\r][\n]"
12-09-2018 12:36:20 Wire.java DEBUG [Forwarding findElement on session 0fb59d3c372d29b94d8f2df8106983e1 to remote] http.wire 73 - http-outgoing-3 << "[\r][\n]"
12-09-2018 12:36:20 Wire.java DEBUG [Forwarding findElement on session 0fb59d3c372d29b94d8f2df8106983e1 to remote] http.wire 87 - http-outgoing-3 << "{"sessionId":"0fb59d3c372d29b94d8f2df8106983e1","status":7,"value":{"message":"no such element: Unable to locate element: {\"method\":\"xpath\",\"selector\":\"//span[@class='gb_bb gbii']\"}\n  (Session info: chrome=70.0.3538.110)\n  (Driver info: chromedriver=2.44.609538 (b655c5a60b0b544917107a59d4153d4bf78e1b90),platform=Windows NT 10.0.17134 x86_64)"}}"
12-09-2018 12:36:20 LoggingManagedHttpClientConnection.java DEBUG [Forwarding findElement on session 0fb59d3c372d29b94d8f2df8106983e1 to remote] http.headers 122 - http-outgoing-3 << HTTP/1.1 200 OK
12-09-2018 12:36:20 LoggingManagedHttpClientConnection.java DEBUG [Forwarding findElement on session 0fb59d3c372d29b94d8f2df8106983e1 to remote] http.headers 125 - http-outgoing-3 << Content-Length:356
12-09-2018 12:36:20 LoggingManagedHttpClientConnection.java DEBUG [Forwarding findElement on session 0fb59d3c372d29b94d8f2df8106983e1 to remote] http.headers 125 - http-outgoing-3 << Content-Type:application/json; charset=utf-8
12-09-2018 12:36:20 MainClientExec.java DEBUG [Forwarding findElement on session 0fb59d3c372d29b94d8f2df8106983e1 to remote] execchain.MainClientExec 285 - Connection can be kept alive indefinitely
12-09-2018 12:36:20 PoolingHttpClientConnectionManager.java DEBUG [Forwarding findElement on session 0fb59d3c372d29b94d8f2df8106983e1 to remote] conn.PoolingHttpClientConnectionManager 320 - Connection [id: 3][route: {}->http://localhost:13733] can be kept alive indefinitely
12-09-2018 12:36:20 PoolingHttpClientConnectionManager.java DEBUG [Forwarding findElement on session 0fb59d3c372d29b94d8f2df8106983e1 to remote] conn.PoolingHttpClientConnectionManager 326 - Connection released: [id: 3][route: {}->http://localhost:13733][total kept alive: 1; route allocated: 1 of 2000; total allocated: 1 of 2000]
12-09-2018 12:36:21 RequestAddCookies.java DEBUG [Forwarding findElement on session 0fb59d3c372d29b94d8f2df8106983e1 to remote] protocol.RequestAddCookies 123 - CookieSpec selected: default
12-09-2018 12:36:21 RequestAuthCache.java DEBUG [Forwarding findElement on session 0fb59d3c372d29b94d8f2df8106983e1 to remote] protocol.RequestAuthCache 77 - Auth cache not set in the context
12-09-2018 12:36:21 PoolingHttpClientConnectionManager.java DEBUG [Forwarding findElement on session 0fb59d3c372d29b94d8f2df8106983e1 to remote] conn.PoolingHttpClientConnectionManager 255 - Connection request: [route: {}->http://localhost:13733][total kept alive: 1; route allocated: 1 of 2000; total allocated: 1 of 2000]
12-09-2018 12:36:21 PoolingHttpClientConnectionManager.java DEBUG [Forwarding findElement on session 0fb59d3c372d29b94d8f2df8106983e1 to remote] conn.PoolingHttpClientConnectionManager 288 - Connection leased: [id: 3][route: {}->http://localhost:13733][total kept alive: 0; route allocated: 1 of 2000; total allocated: 1 of 2000]
12-09-2018 12:36:21 MainClientExec.java DEBUG [Forwarding findElement on session 0fb59d3c372d29b94d8f2df8106983e1 to remote] execchain.MainClientExec 208 - Stale connection check
12-09-2018 12:36:21 Wire.java DEBUG [Forwarding findElement on session 0fb59d3c372d29b94d8f2df8106983e1 to remote] http.wire 87 - http-outgoing-3 << "[read] I/O error: Read timed out"
12-09-2018 12:36:21 LoggingManagedHttpClientConnection.java DEBUG [Forwarding findElement on session 0fb59d3c372d29b94d8f2df8106983e1 to remote] conn.DefaultManagedHttpClientConnection 88 - http-outgoing-3: set socket timeout to 10800000
12-09-2018 12:36:21 MainClientExec.java DEBUG [Forwarding findElement on session 0fb59d3c372d29b94d8f2df8106983e1 to remote] execchain.MainClientExec 256 - Executing request POST /session/0fb59d3c372d29b94d8f2df8106983e1/element HTTP/1.1
12-09-2018 12:36:21 MainClientExec.java DEBUG [Forwarding findElement on session 0fb59d3c372d29b94d8f2df8106983e1 to remote] execchain.MainClientExec 261 - Target auth state: UNCHALLENGED
12-09-2018 12:36:21 MainClientExec.java DEBUG [Forwarding findElement on session 0fb59d3c372d29b94d8f2df8106983e1 to remote] execchain.MainClientExec 267 - Proxy auth state: UNCHALLENGED
12-09-2018 12:36:21 LoggingManagedHttpClientConnection.java DEBUG [Forwarding findElement on session 0fb59d3c372d29b94d8f2df8106983e1 to remote] http.headers 133 - http-outgoing-3 >> POST /session/0fb59d3c372d29b94d8f2df8106983e1/element HTTP/1.1
12-09-2018 12:36:21 LoggingManagedHttpClientConnection.java DEBUG [Forwarding findElement on session 0fb59d3c372d29b94d8f2df8106983e1 to remote] http.headers 136 - http-outgoing-3 >> Content-Type: application/json; charset=utf-8
12-09-2018 12:36:21 LoggingManagedHttpClientConnection.java DEBUG [Forwarding findElement on session 0fb59d3c372d29b94d8f2df8106983e1 to remote] http.headers 136 - http-outgoing-3 >> Content-Length: 55
12-09-2018 12:36:21 LoggingManagedHttpClientConnection.java DEBUG [Forwarding findElement on session 0fb59d3c372d29b94d8f2df8106983e1 to remote] http.headers 136 - http-outgoing-3 >> Host: localhost:13733
12-09-2018 12:36:21 LoggingManagedHttpClientConnection.java DEBUG [Forwarding findElement on session 0fb59d3c372d29b94d8f2df8106983e1 to remote] http.headers 136 - http-outgoing-3 >> Connection: Keep-Alive
12-09-2018 12:36:21 LoggingManagedHttpClientConnection.java DEBUG [Forwarding findElement on session 0fb59d3c372d29b94d8f2df8106983e1 to remote] http.headers 136 - http-outgoing-3 >> User-Agent: Apache-HttpClient/4.5.3 (Java/1.8.0_181)
12-09-2018 12:36:21 LoggingManagedHttpClientConnection.java DEBUG [Forwarding findElement on session 0fb59d3c372d29b94d8f2df8106983e1 to remote] http.headers 136 - http-outgoing-3 >> Accept-Encoding: gzip,deflate
12-09-2018 12:36:21 Wire.java DEBUG [Forwarding findElement on session 0fb59d3c372d29b94d8f2df8106983e1 to remote] http.wire 73 - http-outgoing-3 >> "POST /session/0fb59d3c372d29b94d8f2df8106983e1/element HTTP/1.1[\r][\n]"
12-09-2018 12:36:21 Wire.java DEBUG [Forwarding findElement on session 0fb59d3c372d29b94d8f2df8106983e1 to remote] http.wire 73 - http-outgoing-3 >> "Content-Type: application/json; charset=utf-8[\r][\n]"
12-09-2018 12:36:21 Wire.java DEBUG [Forwarding findElement on session 0fb59d3c372d29b94d8f2df8106983e1 to remote] http.wire 73 - http-outgoing-3 >> "Content-Length: 55[\r][\n]"
12-09-2018 12:36:21 Wire.java DEBUG [Forwarding findElement on session 0fb59d3c372d29b94d8f2df8106983e1 to remote] http.wire 73 - http-outgoing-3 >> "Host: localhost:13733[\r][\n]"
12-09-2018 12:36:21 Wire.java DEBUG [Forwarding findElement on session 0fb59d3c372d29b94d8f2df8106983e1 to remote] http.wire 73 - http-outgoing-3 >> "Connection: Keep-Alive[\r][\n]"
12-09-2018 12:36:21 Wire.java DEBUG [Forwarding findElement on session 0fb59d3c372d29b94d8f2df8106983e1 to remote] http.wire 73 - http-outgoing-3 >> "User-Agent: Apache-HttpClient/4.5.3 (Java/1.8.0_181)[\r][\n]"
12-09-2018 12:36:21 Wire.java DEBUG [Forwarding findElement on session 0fb59d3c372d29b94d8f2df8106983e1 to remote] http.wire 73 - http-outgoing-3 >> "Accept-Encoding: gzip,deflate[\r][\n]"
12-09-2018 12:36:21 Wire.java DEBUG [Forwarding findElement on session 0fb59d3c372d29b94d8f2df8106983e1 to remote] http.wire 73 - http-outgoing-3 >> "[\r][\n]"
12-09-2018 12:36:21 Wire.java DEBUG [Forwarding findElement on session 0fb59d3c372d29b94d8f2df8106983e1 to remote] http.wire 87 - http-outgoing-3 >> "{"using":"xpath","value":"//span[@class='gb_bb gbii']"}"
12-09-2018 12:36:21 Wire.java DEBUG [Forwarding findElement on session 0fb59d3c372d29b94d8f2df8106983e1 to remote] http.wire 73 - http-outgoing-3 << "HTTP/1.1 200 OK[\r][\n]"
12-09-2018 12:36:21 Wire.java DEBUG [Forwarding findElement on session 0fb59d3c372d29b94d8f2df8106983e1 to remote] http.wire 73 - http-outgoing-3 << "Content-Length:356[\r][\n]"
12-09-2018 12:36:21 Wire.java DEBUG [Forwarding findElement on session 0fb59d3c372d29b94d8f2df8106983e1 to remote] http.wire 73 - http-outgoing-3 << "Content-Type:application/json; charset=utf-8[\r][\n]"
12-09-2018 12:36:21 Wire.java DEBUG [Forwarding findElement on session 0fb59d3c372d29b94d8f2df8106983e1 to remote] http.wire 73 - http-outgoing-3 << "[\r][\n]"
12-09-2018 12:36:21 Wire.java DEBUG [Forwarding findElement on session 0fb59d3c372d29b94d8f2df8106983e1 to remote] http.wire 87 - http-outgoing-3 << "{"sessionId":"0fb59d3c372d29b94d8f2df8106983e1","status":7,"value":{"message":"no such element: Unable to locate element: {\"method\":\"xpath\",\"selector\":\"//span[@class='gb_bb gbii']\"}\n  (Session info: chrome=70.0.3538.110)\n  (Driver info: chromedriver=2.44.609538 (b655c5a60b0b544917107a59d4153d4bf78e1b90),platform=Windows NT 10.0.17134 x86_64)"}}"
12-09-2018 12:36:21 LoggingManagedHttpClientConnection.java DEBUG [Forwarding findElement on session 0fb59d3c372d29b94d8f2df8106983e1 to remote] http.headers 122 - http-outgoing-3 << HTTP/1.1 200 OK
12-09-2018 12:36:21 LoggingManagedHttpClientConnection.java DEBUG [Forwarding findElement on session 0fb59d3c372d29b94d8f2df8106983e1 to remote] http.headers 125 - http-outgoing-3 << Content-Length:356
12-09-2018 12:36:21 LoggingManagedHttpClientConnection.java DEBUG [Forwarding findElement on session 0fb59d3c372d29b94d8f2df8106983e1 to remote] http.headers 125 - http-outgoing-3 << Content-Type:application/json; charset=utf-8
12-09-2018 12:36:21 MainClientExec.java DEBUG [Forwarding findElement on session 0fb59d3c372d29b94d8f2df8106983e1 to remote] execchain.MainClientExec 285 - Connection can be kept alive indefinitely
12-09-2018 12:36:21 PoolingHttpClientConnectionManager.java DEBUG [Forwarding findElement on session 0fb59d3c372d29b94d8f2df8106983e1 to remote] conn.PoolingHttpClientConnectionManager 320 - Connection [id: 3][route: {}->http://localhost:13733] can be kept alive indefinitely
12-09-2018 12:36:21 PoolingHttpClientConnectionManager.java DEBUG [Forwarding findElement on session 0fb59d3c372d29b94d8f2df8106983e1 to remote] conn.PoolingHttpClientConnectionManager 326 - Connection released: [id: 3][route: {}->http://localhost:13733][total kept alive: 1; route allocated: 1 of 2000; total allocated: 1 of 2000]
12-09-2018 12:36:21 RequestAddCookies.java DEBUG [Forwarding findElement on session 0fb59d3c372d29b94d8f2df8106983e1 to remote] protocol.RequestAddCookies 123 - CookieSpec selected: default
12-09-2018 12:36:21 RequestAuthCache.java DEBUG [Forwarding findElement on session 0fb59d3c372d29b94d8f2df8106983e1 to remote] protocol.RequestAuthCache 77 - Auth cache not set in the context
12-09-2018 12:36:21 PoolingHttpClientConnectionManager.java DEBUG [Forwarding findElement on session 0fb59d3c372d29b94d8f2df8106983e1 to remote] conn.PoolingHttpClientConnectionManager 255 - Connection request: [route: {}->http://localhost:13733][total kept alive: 1; route allocated: 1 of 2000; total allocated: 1 of 2000]
12-09-2018 12:36:21 PoolingHttpClientConnectionManager.java DEBUG [Forwarding findElement on session 0fb59d3c372d29b94d8f2df8106983e1 to remote] conn.PoolingHttpClientConnectionManager 288 - Connection leased: [id: 3][route: {}->http://localhost:13733][total kept alive: 0; route allocated: 1 of 2000; total allocated: 1 of 2000]
12-09-2018 12:36:21 MainClientExec.java DEBUG [Forwarding findElement on session 0fb59d3c372d29b94d8f2df8106983e1 to remote] execchain.MainClientExec 208 - Stale connection check
12-09-2018 12:36:21 Wire.java DEBUG [Forwarding findElement on session 0fb59d3c372d29b94d8f2df8106983e1 to remote] http.wire 87 - http-outgoing-3 << "[read] I/O error: Read timed out"
12-09-2018 12:36:21 LoggingManagedHttpClientConnection.java DEBUG [Forwarding findElement on session 0fb59d3c372d29b94d8f2df8106983e1 to remote] conn.DefaultManagedHttpClientConnection 88 - http-outgoing-3: set socket timeout to 10800000
12-09-2018 12:36:21 MainClientExec.java DEBUG [Forwarding findElement on session 0fb59d3c372d29b94d8f2df8106983e1 to remote] execchain.MainClientExec 256 - Executing request POST /session/0fb59d3c372d29b94d8f2df8106983e1/element HTTP/1.1
12-09-2018 12:36:21 MainClientExec.java DEBUG [Forwarding findElement on session 0fb59d3c372d29b94d8f2df8106983e1 to remote] execchain.MainClientExec 261 - Target auth state: UNCHALLENGED
12-09-2018 12:36:21 MainClientExec.java DEBUG [Forwarding findElement on session 0fb59d3c372d29b94d8f2df8106983e1 to remote] execchain.MainClientExec 267 - Proxy auth state: UNCHALLENGED
12-09-2018 12:36:21 LoggingManagedHttpClientConnection.java DEBUG [Forwarding findElement on session 0fb59d3c372d29b94d8f2df8106983e1 to remote] http.headers 133 - http-outgoing-3 >> POST /session/0fb59d3c372d29b94d8f2df8106983e1/element HTTP/1.1
12-09-2018 12:36:21 LoggingManagedHttpClientConnection.java DEBUG [Forwarding findElement on session 0fb59d3c372d29b94d8f2df8106983e1 to remote] http.headers 136 - http-outgoing-3 >> Content-Type: application/json; charset=utf-8
12-09-2018 12:36:21 LoggingManagedHttpClientConnection.java DEBUG [Forwarding findElement on session 0fb59d3c372d29b94d8f2df8106983e1 to remote] http.headers 136 - http-outgoing-3 >> Content-Length: 55
12-09-2018 12:36:21 LoggingManagedHttpClientConnection.java DEBUG [Forwarding findElement on session 0fb59d3c372d29b94d8f2df8106983e1 to remote] http.headers 136 - http-outgoing-3 >> Host: localhost:13733
12-09-2018 12:36:21 LoggingManagedHttpClientConnection.java DEBUG [Forwarding findElement on session 0fb59d3c372d29b94d8f2df8106983e1 to remote] http.headers 136 - http-outgoing-3 >> Connection: Keep-Alive
12-09-2018 12:36:21 LoggingManagedHttpClientConnection.java DEBUG [Forwarding findElement on session 0fb59d3c372d29b94d8f2df8106983e1 to remote] http.headers 136 - http-outgoing-3 >> User-Agent: Apache-HttpClient/4.5.3 (Java/1.8.0_181)
12-09-2018 12:36:21 LoggingManagedHttpClientConnection.java DEBUG [Forwarding findElement on session 0fb59d3c372d29b94d8f2df8106983e1 to remote] http.headers 136 - http-outgoing-3 >> Accept-Encoding: gzip,deflate
12-09-2018 12:36:21 Wire.java DEBUG [Forwarding findElement on session 0fb59d3c372d29b94d8f2df8106983e1 to remote] http.wire 73 - http-outgoing-3 >> "POST /session/0fb59d3c372d29b94d8f2df8106983e1/element HTTP/1.1[\r][\n]"
12-09-2018 12:36:21 Wire.java DEBUG [Forwarding findElement on session 0fb59d3c372d29b94d8f2df8106983e1 to remote] http.wire 73 - http-outgoing-3 >> "Content-Type: application/json; charset=utf-8[\r][\n]"
12-09-2018 12:36:21 Wire.java DEBUG [Forwarding findElement on session 0fb59d3c372d29b94d8f2df8106983e1 to remote] http.wire 73 - http-outgoing-3 >> "Content-Length: 55[\r][\n]"
12-09-2018 12:36:21 Wire.java DEBUG [Forwarding findElement on session 0fb59d3c372d29b94d8f2df8106983e1 to remote] http.wire 73 - http-outgoing-3 >> "Host: localhost:13733[\r][\n]"
12-09-2018 12:36:21 Wire.java DEBUG [Forwarding findElement on session 0fb59d3c372d29b94d8f2df8106983e1 to remote] http.wire 73 - http-outgoing-3 >> "Connection: Keep-Alive[\r][\n]"
12-09-2018 12:36:21 Wire.java DEBUG [Forwarding findElement on session 0fb59d3c372d29b94d8f2df8106983e1 to remote] http.wire 73 - http-outgoing-3 >> "User-Agent: Apache-HttpClient/4.5.3 (Java/1.8.0_181)[\r][\n]"
12-09-2018 12:36:21 Wire.java DEBUG [Forwarding findElement on session 0fb59d3c372d29b94d8f2df8106983e1 to remote] http.wire 73 - http-outgoing-3 >> "Accept-Encoding: gzip,deflate[\r][\n]"
12-09-2018 12:36:21 Wire.java DEBUG [Forwarding findElement on session 0fb59d3c372d29b94d8f2df8106983e1 to remote] http.wire 73 - http-outgoing-3 >> "[\r][\n]"
12-09-2018 12:36:21 Wire.java DEBUG [Forwarding findElement on session 0fb59d3c372d29b94d8f2df8106983e1 to remote] http.wire 87 - http-outgoing-3 >> "{"using":"xpath","value":"//span[@class='gb_bb gbii']"}"
12-09-2018 12:36:21 Wire.java DEBUG [Forwarding findElement on session 0fb59d3c372d29b94d8f2df8106983e1 to remote] http.wire 73 - http-outgoing-3 << "HTTP/1.1 200 OK[\r][\n]"
12-09-2018 12:36:21 Wire.java DEBUG [Forwarding findElement on session 0fb59d3c372d29b94d8f2df8106983e1 to remote] http.wire 73 - http-outgoing-3 << "Content-Length:356[\r][\n]"
12-09-2018 12:36:21 Wire.java DEBUG [Forwarding findElement on session 0fb59d3c372d29b94d8f2df8106983e1 to remote] http.wire 73 - http-outgoing-3 << "Content-Type:application/json; charset=utf-8[\r][\n]"
12-09-2018 12:36:21 Wire.java DEBUG [Forwarding findElement on session 0fb59d3c372d29b94d8f2df8106983e1 to remote] http.wire 73 - http-outgoing-3 << "[\r][\n]"
12-09-2018 12:36:21 Wire.java DEBUG [Forwarding findElement on session 0fb59d3c372d29b94d8f2df8106983e1 to remote] http.wire 87 - http-outgoing-3 << "{"sessionId":"0fb59d3c372d29b94d8f2df8106983e1","status":7,"value":{"message":"no such element: Unable to locate element: {\"method\":\"xpath\",\"selector\":\"//span[@class='gb_bb gbii']\"}\n  (Session info: chrome=70.0.3538.110)\n  (Driver info: chromedriver=2.44.609538 (b655c5a60b0b544917107a59d4153d4bf78e1b90),platform=Windows NT 10.0.17134 x86_64)"}}"
12-09-2018 12:36:21 LoggingManagedHttpClientConnection.java DEBUG [Forwarding findElement on session 0fb59d3c372d29b94d8f2df8106983e1 to remote] http.headers 122 - http-outgoing-3 << HTTP/1.1 200 OK
12-09-2018 12:36:21 LoggingManagedHttpClientConnection.java DEBUG [Forwarding findElement on session 0fb59d3c372d29b94d8f2df8106983e1 to remote] http.headers 125 - http-outgoing-3 << Content-Length:356
12-09-2018 12:36:21 LoggingManagedHttpClientConnection.java DEBUG [Forwarding findElement on session 0fb59d3c372d29b94d8f2df8106983e1 to remote] http.headers 125 - http-outgoing-3 << Content-Type:application/json; charset=utf-8
12-09-2018 12:36:21 MainClientExec.java DEBUG [Forwarding findElement on session 0fb59d3c372d29b94d8f2df8106983e1 to remote] execchain.MainClientExec 285 - Connection can be kept alive indefinitely
12-09-2018 12:36:21 PoolingHttpClientConnectionManager.java DEBUG [Forwarding findElement on session 0fb59d3c372d29b94d8f2df8106983e1 to remote] conn.PoolingHttpClientConnectionManager 320 - Connection [id: 3][route: {}->http://localhost:13733] can be kept alive indefinitely
12-09-2018 12:36:21 PoolingHttpClientConnectionManager.java DEBUG [Forwarding findElement on session 0fb59d3c372d29b94d8f2df8106983e1 to remote] conn.PoolingHttpClientConnectionManager 326 - Connection released: [id: 3][route: {}->http://localhost:13733][total kept alive: 1; route allocated: 1 of 2000; total allocated: 1 of 2000]
12-09-2018 12:36:22 RequestAddCookies.java DEBUG [Forwarding findElement on session 0fb59d3c372d29b94d8f2df8106983e1 to remote] protocol.RequestAddCookies 123 - CookieSpec selected: default
12-09-2018 12:36:22 RequestAuthCache.java DEBUG [Forwarding findElement on session 0fb59d3c372d29b94d8f2df8106983e1 to remote] protocol.RequestAuthCache 77 - Auth cache not set in the context
12-09-2018 12:36:22 PoolingHttpClientConnectionManager.java DEBUG [Forwarding findElement on session 0fb59d3c372d29b94d8f2df8106983e1 to remote] conn.PoolingHttpClientConnectionManager 255 - Connection request: [route: {}->http://localhost:13733][total kept alive: 1; route allocated: 1 of 2000; total allocated: 1 of 2000]
12-09-2018 12:36:22 PoolingHttpClientConnectionManager.java DEBUG [Forwarding findElement on session 0fb59d3c372d29b94d8f2df8106983e1 to remote] conn.PoolingHttpClientConnectionManager 288 - Connection leased: [id: 3][route: {}->http://localhost:13733][total kept alive: 0; route allocated: 1 of 2000; total allocated: 1 of 2000]
12-09-2018 12:36:22 MainClientExec.java DEBUG [Forwarding findElement on session 0fb59d3c372d29b94d8f2df8106983e1 to remote] execchain.MainClientExec 208 - Stale connection check
12-09-2018 12:36:22 Wire.java DEBUG [Forwarding findElement on session 0fb59d3c372d29b94d8f2df8106983e1 to remote] http.wire 87 - http-outgoing-3 << "[read] I/O error: Read timed out"
12-09-2018 12:36:22 LoggingManagedHttpClientConnection.java DEBUG [Forwarding findElement on session 0fb59d3c372d29b94d8f2df8106983e1 to remote] conn.DefaultManagedHttpClientConnection 88 - http-outgoing-3: set socket timeout to 10800000
12-09-2018 12:36:22 MainClientExec.java DEBUG [Forwarding findElement on session 0fb59d3c372d29b94d8f2df8106983e1 to remote] execchain.MainClientExec 256 - Executing request POST /session/0fb59d3c372d29b94d8f2df8106983e1/element HTTP/1.1
12-09-2018 12:36:22 MainClientExec.java DEBUG [Forwarding findElement on session 0fb59d3c372d29b94d8f2df8106983e1 to remote] execchain.MainClientExec 261 - Target auth state: UNCHALLENGED
12-09-2018 12:36:22 MainClientExec.java DEBUG [Forwarding findElement on session 0fb59d3c372d29b94d8f2df8106983e1 to remote] execchain.MainClientExec 267 - Proxy auth state: UNCHALLENGED
12-09-2018 12:36:22 LoggingManagedHttpClientConnection.java DEBUG [Forwarding findElement on session 0fb59d3c372d29b94d8f2df8106983e1 to remote] http.headers 133 - http-outgoing-3 >> POST /session/0fb59d3c372d29b94d8f2df8106983e1/element HTTP/1.1
12-09-2018 12:36:22 LoggingManagedHttpClientConnection.java DEBUG [Forwarding findElement on session 0fb59d3c372d29b94d8f2df8106983e1 to remote] http.headers 136 - http-outgoing-3 >> Content-Type: application/json; charset=utf-8
12-09-2018 12:36:22 LoggingManagedHttpClientConnection.java DEBUG [Forwarding findElement on session 0fb59d3c372d29b94d8f2df8106983e1 to remote] http.headers 136 - http-outgoing-3 >> Content-Length: 55
12-09-2018 12:36:22 LoggingManagedHttpClientConnection.java DEBUG [Forwarding findElement on session 0fb59d3c372d29b94d8f2df8106983e1 to remote] http.headers 136 - http-outgoing-3 >> Host: localhost:13733
12-09-2018 12:36:22 LoggingManagedHttpClientConnection.java DEBUG [Forwarding findElement on session 0fb59d3c372d29b94d8f2df8106983e1 to remote] http.headers 136 - http-outgoing-3 >> Connection: Keep-Alive
12-09-2018 12:36:22 LoggingManagedHttpClientConnection.java DEBUG [Forwarding findElement on session 0fb59d3c372d29b94d8f2df8106983e1 to remote] http.headers 136 - http-outgoing-3 >> User-Agent: Apache-HttpClient/4.5.3 (Java/1.8.0_181)
12-09-2018 12:36:22 LoggingManagedHttpClientConnection.java DEBUG [Forwarding findElement on session 0fb59d3c372d29b94d8f2df8106983e1 to remote] http.headers 136 - http-outgoing-3 >> Accept-Encoding: gzip,deflate
12-09-2018 12:36:22 Wire.java DEBUG [Forwarding findElement on session 0fb59d3c372d29b94d8f2df8106983e1 to remote] http.wire 73 - http-outgoing-3 >> "POST /session/0fb59d3c372d29b94d8f2df8106983e1/element HTTP/1.1[\r][\n]"
12-09-2018 12:36:22 Wire.java DEBUG [Forwarding findElement on session 0fb59d3c372d29b94d8f2df8106983e1 to remote] http.wire 73 - http-outgoing-3 >> "Content-Type: application/json; charset=utf-8[\r][\n]"
12-09-2018 12:36:22 Wire.java DEBUG [Forwarding findElement on session 0fb59d3c372d29b94d8f2df8106983e1 to remote] http.wire 73 - http-outgoing-3 >> "Content-Length: 55[\r][\n]"
12-09-2018 12:36:22 Wire.java DEBUG [Forwarding findElement on session 0fb59d3c372d29b94d8f2df8106983e1 to remote] http.wire 73 - http-outgoing-3 >> "Host: localhost:13733[\r][\n]"
12-09-2018 12:36:22 Wire.java DEBUG [Forwarding findElement on session 0fb59d3c372d29b94d8f2df8106983e1 to remote] http.wire 73 - http-outgoing-3 >> "Connection: Keep-Alive[\r][\n]"
12-09-2018 12:36:22 Wire.java DEBUG [Forwarding findElement on session 0fb59d3c372d29b94d8f2df8106983e1 to remote] http.wire 73 - http-outgoing-3 >> "User-Agent: Apache-HttpClient/4.5.3 (Java/1.8.0_181)[\r][\n]"
12-09-2018 12:36:22 Wire.java DEBUG [Forwarding findElement on session 0fb59d3c372d29b94d8f2df8106983e1 to remote] http.wire 73 - http-outgoing-3 >> "Accept-Encoding: gzip,deflate[\r][\n]"
12-09-2018 12:36:22 Wire.java DEBUG [Forwarding findElement on session 0fb59d3c372d29b94d8f2df8106983e1 to remote] http.wire 73 - http-outgoing-3 >> "[\r][\n]"
12-09-2018 12:36:22 Wire.java DEBUG [Forwarding findElement on session 0fb59d3c372d29b94d8f2df8106983e1 to remote] http.wire 87 - http-outgoing-3 >> "{"using":"xpath","value":"//span[@class='gb_bb gbii']"}"
12-09-2018 12:36:22 Wire.java DEBUG [Forwarding findElement on session 0fb59d3c372d29b94d8f2df8106983e1 to remote] http.wire 73 - http-outgoing-3 << "HTTP/1.1 200 OK[\r][\n]"
12-09-2018 12:36:22 Wire.java DEBUG [Forwarding findElement on session 0fb59d3c372d29b94d8f2df8106983e1 to remote] http.wire 73 - http-outgoing-3 << "Content-Length:356[\r][\n]"
12-09-2018 12:36:22 Wire.java DEBUG [Forwarding findElement on session 0fb59d3c372d29b94d8f2df8106983e1 to remote] http.wire 73 - http-outgoing-3 << "Content-Type:application/json; charset=utf-8[\r][\n]"
12-09-2018 12:36:22 Wire.java DEBUG [Forwarding findElement on session 0fb59d3c372d29b94d8f2df8106983e1 to remote] http.wire 73 - http-outgoing-3 << "[\r][\n]"
12-09-2018 12:36:22 Wire.java DEBUG [Forwarding findElement on session 0fb59d3c372d29b94d8f2df8106983e1 to remote] http.wire 87 - http-outgoing-3 << "{"sessionId":"0fb59d3c372d29b94d8f2df8106983e1","status":7,"value":{"message":"no such element: Unable to locate element: {\"method\":\"xpath\",\"selector\":\"//span[@class='gb_bb gbii']\"}\n  (Session info: chrome=70.0.3538.110)\n  (Driver info: chromedriver=2.44.609538 (b655c5a60b0b544917107a59d4153d4bf78e1b90),platform=Windows NT 10.0.17134 x86_64)"}}"
12-09-2018 12:36:22 LoggingManagedHttpClientConnection.java DEBUG [Forwarding findElement on session 0fb59d3c372d29b94d8f2df8106983e1 to remote] http.headers 122 - http-outgoing-3 << HTTP/1.1 200 OK
12-09-2018 12:36:22 LoggingManagedHttpClientConnection.java DEBUG [Forwarding findElement on session 0fb59d3c372d29b94d8f2df8106983e1 to remote] http.headers 125 - http-outgoing-3 << Content-Length:356
12-09-2018 12:36:22 LoggingManagedHttpClientConnection.java DEBUG [Forwarding findElement on session 0fb59d3c372d29b94d8f2df8106983e1 to remote] http.headers 125 - http-outgoing-3 << Content-Type:application/json; charset=utf-8
12-09-2018 12:36:22 MainClientExec.java DEBUG [Forwarding findElement on session 0fb59d3c372d29b94d8f2df8106983e1 to remote] execchain.MainClientExec 285 - Connection can be kept alive indefinitely
12-09-2018 12:36:22 PoolingHttpClientConnectionManager.java DEBUG [Forwarding findElement on session 0fb59d3c372d29b94d8f2df8106983e1 to remote] conn.PoolingHttpClientConnectionManager 320 - Connection [id: 3][route: {}->http://localhost:13733] can be kept alive indefinitely
12-09-2018 12:36:22 PoolingHttpClientConnectionManager.java DEBUG [Forwarding findElement on session 0fb59d3c372d29b94d8f2df8106983e1 to remote] conn.PoolingHttpClientConnectionManager 326 - Connection released: [id: 3][route: {}->http://localhost:13733][total kept alive: 1; route allocated: 1 of 2000; total allocated: 1 of 2000]
12-09-2018 12:36:22 RequestAddCookies.java DEBUG [Forwarding findElement on session 0fb59d3c372d29b94d8f2df8106983e1 to remote] protocol.RequestAddCookies 123 - CookieSpec selected: default
12-09-2018 12:36:22 RequestAuthCache.java DEBUG [Forwarding findElement on session 0fb59d3c372d29b94d8f2df8106983e1 to remote] protocol.RequestAuthCache 77 - Auth cache not set in the context
12-09-2018 12:36:22 PoolingHttpClientConnectionManager.java DEBUG [Forwarding findElement on session 0fb59d3c372d29b94d8f2df8106983e1 to remote] conn.PoolingHttpClientConnectionManager 255 - Connection request: [route: {}->http://localhost:13733][total kept alive: 1; route allocated: 1 of 2000; total allocated: 1 of 2000]
12-09-2018 12:36:22 PoolingHttpClientConnectionManager.java DEBUG [Forwarding findElement on session 0fb59d3c372d29b94d8f2df8106983e1 to remote] conn.PoolingHttpClientConnectionManager 288 - Connection leased: [id: 3][route: {}->http://localhost:13733][total kept alive: 0; route allocated: 1 of 2000; total allocated: 1 of 2000]
12-09-2018 12:36:22 MainClientExec.java DEBUG [Forwarding findElement on session 0fb59d3c372d29b94d8f2df8106983e1 to remote] execchain.MainClientExec 208 - Stale connection check
12-09-2018 12:36:22 Wire.java DEBUG [Forwarding findElement on session 0fb59d3c372d29b94d8f2df8106983e1 to remote] http.wire 87 - http-outgoing-3 << "[read] I/O error: Read timed out"
12-09-2018 12:36:22 LoggingManagedHttpClientConnection.java DEBUG [Forwarding findElement on session 0fb59d3c372d29b94d8f2df8106983e1 to remote] conn.DefaultManagedHttpClientConnection 88 - http-outgoing-3: set socket timeout to 10800000
12-09-2018 12:36:22 MainClientExec.java DEBUG [Forwarding findElement on session 0fb59d3c372d29b94d8f2df8106983e1 to remote] execchain.MainClientExec 256 - Executing request POST /session/0fb59d3c372d29b94d8f2df8106983e1/element HTTP/1.1
12-09-2018 12:36:22 MainClientExec.java DEBUG [Forwarding findElement on session 0fb59d3c372d29b94d8f2df8106983e1 to remote] execchain.MainClientExec 261 - Target auth state: UNCHALLENGED
12-09-2018 12:36:22 MainClientExec.java DEBUG [Forwarding findElement on session 0fb59d3c372d29b94d8f2df8106983e1 to remote] execchain.MainClientExec 267 - Proxy auth state: UNCHALLENGED
12-09-2018 12:36:22 LoggingManagedHttpClientConnection.java DEBUG [Forwarding findElement on session 0fb59d3c372d29b94d8f2df8106983e1 to remote] http.headers 133 - http-outgoing-3 >> POST /session/0fb59d3c372d29b94d8f2df8106983e1/element HTTP/1.1
12-09-2018 12:36:22 LoggingManagedHttpClientConnection.java DEBUG [Forwarding findElement on session 0fb59d3c372d29b94d8f2df8106983e1 to remote] http.headers 136 - http-outgoing-3 >> Content-Type: application/json; charset=utf-8
12-09-2018 12:36:22 LoggingManagedHttpClientConnection.java DEBUG [Forwarding findElement on session 0fb59d3c372d29b94d8f2df8106983e1 to remote] http.headers 136 - http-outgoing-3 >> Content-Length: 55
12-09-2018 12:36:22 LoggingManagedHttpClientConnection.java DEBUG [Forwarding findElement on session 0fb59d3c372d29b94d8f2df8106983e1 to remote] http.headers 136 - http-outgoing-3 >> Host: localhost:13733
12-09-2018 12:36:22 LoggingManagedHttpClientConnection.java DEBUG [Forwarding findElement on session 0fb59d3c372d29b94d8f2df8106983e1 to remote] http.headers 136 - http-outgoing-3 >> Connection: Keep-Alive
12-09-2018 12:36:22 LoggingManagedHttpClientConnection.java DEBUG [Forwarding findElement on session 0fb59d3c372d29b94d8f2df8106983e1 to remote] http.headers 136 - http-outgoing-3 >> User-Agent: Apache-HttpClient/4.5.3 (Java/1.8.0_181)
12-09-2018 12:36:22 LoggingManagedHttpClientConnection.java DEBUG [Forwarding findElement on session 0fb59d3c372d29b94d8f2df8106983e1 to remote] http.headers 136 - http-outgoing-3 >> Accept-Encoding: gzip,deflate
12-09-2018 12:36:22 Wire.java DEBUG [Forwarding findElement on session 0fb59d3c372d29b94d8f2df8106983e1 to remote] http.wire 73 - http-outgoing-3 >> "POST /session/0fb59d3c372d29b94d8f2df8106983e1/element HTTP/1.1[\r][\n]"
12-09-2018 12:36:22 Wire.java DEBUG [Forwarding findElement on session 0fb59d3c372d29b94d8f2df8106983e1 to remote] http.wire 73 - http-outgoing-3 >> "Content-Type: application/json; charset=utf-8[\r][\n]"
12-09-2018 12:36:22 Wire.java DEBUG [Forwarding findElement on session 0fb59d3c372d29b94d8f2df8106983e1 to remote] http.wire 73 - http-outgoing-3 >> "Content-Length: 55[\r][\n]"
12-09-2018 12:36:22 Wire.java DEBUG [Forwarding findElement on session 0fb59d3c372d29b94d8f2df8106983e1 to remote] http.wire 73 - http-outgoing-3 >> "Host: localhost:13733[\r][\n]"
12-09-2018 12:36:22 Wire.java DEBUG [Forwarding findElement on session 0fb59d3c372d29b94d8f2df8106983e1 to remote] http.wire 73 - http-outgoing-3 >> "Connection: Keep-Alive[\r][\n]"
12-09-2018 12:36:22 Wire.java DEBUG [Forwarding findElement on session 0fb59d3c372d29b94d8f2df8106983e1 to remote] http.wire 73 - http-outgoing-3 >> "User-Agent: Apache-HttpClient/4.5.3 (Java/1.8.0_181)[\r][\n]"
12-09-2018 12:36:22 Wire.java DEBUG [Forwarding findElement on session 0fb59d3c372d29b94d8f2df8106983e1 to remote] http.wire 73 - http-outgoing-3 >> "Accept-Encoding: gzip,deflate[\r][\n]"
12-09-2018 12:36:22 Wire.java DEBUG [Forwarding findElement on session 0fb59d3c372d29b94d8f2df8106983e1 to remote] http.wire 73 - http-outgoing-3 >> "[\r][\n]"
12-09-2018 12:36:22 Wire.java DEBUG [Forwarding findElement on session 0fb59d3c372d29b94d8f2df8106983e1 to remote] http.wire 87 - http-outgoing-3 >> "{"using":"xpath","value":"//span[@class='gb_bb gbii']"}"
12-09-2018 12:36:22 Wire.java DEBUG [Forwarding findElement on session 0fb59d3c372d29b94d8f2df8106983e1 to remote] http.wire 73 - http-outgoing-3 << "HTTP/1.1 200 OK[\r][\n]"
12-09-2018 12:36:22 Wire.java DEBUG [Forwarding findElement on session 0fb59d3c372d29b94d8f2df8106983e1 to remote] http.wire 73 - http-outgoing-3 << "Content-Length:356[\r][\n]"
12-09-2018 12:36:22 Wire.java DEBUG [Forwarding findElement on session 0fb59d3c372d29b94d8f2df8106983e1 to remote] http.wire 73 - http-outgoing-3 << "Content-Type:application/json; charset=utf-8[\r][\n]"
12-09-2018 12:36:22 Wire.java DEBUG [Forwarding findElement on session 0fb59d3c372d29b94d8f2df8106983e1 to remote] http.wire 73 - http-outgoing-3 << "[\r][\n]"
12-09-2018 12:36:22 Wire.java DEBUG [Forwarding findElement on session 0fb59d3c372d29b94d8f2df8106983e1 to remote] http.wire 87 - http-outgoing-3 << "{"sessionId":"0fb59d3c372d29b94d8f2df8106983e1","status":7,"value":{"message":"no such element: Unable to locate element: {\"method\":\"xpath\",\"selector\":\"//span[@class='gb_bb gbii']\"}\n  (Session info: chrome=70.0.3538.110)\n  (Driver info: chromedriver=2.44.609538 (b655c5a60b0b544917107a59d4153d4bf78e1b90),platform=Windows NT 10.0.17134 x86_64)"}}"
12-09-2018 12:36:22 LoggingManagedHttpClientConnection.java DEBUG [Forwarding findElement on session 0fb59d3c372d29b94d8f2df8106983e1 to remote] http.headers 122 - http-outgoing-3 << HTTP/1.1 200 OK
12-09-2018 12:36:22 LoggingManagedHttpClientConnection.java DEBUG [Forwarding findElement on session 0fb59d3c372d29b94d8f2df8106983e1 to remote] http.headers 125 - http-outgoing-3 << Content-Length:356
12-09-2018 12:36:22 LoggingManagedHttpClientConnection.java DEBUG [Forwarding findElement on session 0fb59d3c372d29b94d8f2df8106983e1 to remote] http.headers 125 - http-outgoing-3 << Content-Type:application/json; charset=utf-8
12-09-2018 12:36:22 MainClientExec.java DEBUG [Forwarding findElement on session 0fb59d3c372d29b94d8f2df8106983e1 to remote] execchain.MainClientExec 285 - Connection can be kept alive indefinitely
12-09-2018 12:36:22 PoolingHttpClientConnectionManager.java DEBUG [Forwarding findElement on session 0fb59d3c372d29b94d8f2df8106983e1 to remote] conn.PoolingHttpClientConnectionManager 320 - Connection [id: 3][route: {}->http://localhost:13733] can be kept alive indefinitely
12-09-2018 12:36:22 PoolingHttpClientConnectionManager.java DEBUG [Forwarding findElement on session 0fb59d3c372d29b94d8f2df8106983e1 to remote] conn.PoolingHttpClientConnectionManager 326 - Connection released: [id: 3][route: {}->http://localhost:13733][total kept alive: 1; route allocated: 1 of 2000; total allocated: 1 of 2000]
12-09-2018 12:36:23 RequestAddCookies.java DEBUG [Forwarding findElement on session 0fb59d3c372d29b94d8f2df8106983e1 to remote] protocol.RequestAddCookies 123 - CookieSpec selected: default
12-09-2018 12:36:23 RequestAuthCache.java DEBUG [Forwarding findElement on session 0fb59d3c372d29b94d8f2df8106983e1 to remote] protocol.RequestAuthCache 77 - Auth cache not set in the context
12-09-2018 12:36:23 PoolingHttpClientConnectionManager.java DEBUG [Forwarding findElement on session 0fb59d3c372d29b94d8f2df8106983e1 to remote] conn.PoolingHttpClientConnectionManager 255 - Connection request: [route: {}->http://localhost:13733][total kept alive: 1; route allocated: 1 of 2000; total allocated: 1 of 2000]
12-09-2018 12:36:23 PoolingHttpClientConnectionManager.java DEBUG [Forwarding findElement on session 0fb59d3c372d29b94d8f2df8106983e1 to remote] conn.PoolingHttpClientConnectionManager 288 - Connection leased: [id: 3][route: {}->http://localhost:13733][total kept alive: 0; route allocated: 1 of 2000; total allocated: 1 of 2000]
12-09-2018 12:36:23 MainClientExec.java DEBUG [Forwarding findElement on session 0fb59d3c372d29b94d8f2df8106983e1 to remote] execchain.MainClientExec 208 - Stale connection check
12-09-2018 12:36:23 Wire.java DEBUG [Forwarding findElement on session 0fb59d3c372d29b94d8f2df8106983e1 to remote] http.wire 87 - http-outgoing-3 << "[read] I/O error: Read timed out"
12-09-2018 12:36:23 LoggingManagedHttpClientConnection.java DEBUG [Forwarding findElement on session 0fb59d3c372d29b94d8f2df8106983e1 to remote] conn.DefaultManagedHttpClientConnection 88 - http-outgoing-3: set socket timeout to 10800000
12-09-2018 12:36:23 MainClientExec.java DEBUG [Forwarding findElement on session 0fb59d3c372d29b94d8f2df8106983e1 to remote] execchain.MainClientExec 256 - Executing request POST /session/0fb59d3c372d29b94d8f2df8106983e1/element HTTP/1.1
12-09-2018 12:36:23 MainClientExec.java DEBUG [Forwarding findElement on session 0fb59d3c372d29b94d8f2df8106983e1 to remote] execchain.MainClientExec 261 - Target auth state: UNCHALLENGED
12-09-2018 12:36:23 MainClientExec.java DEBUG [Forwarding findElement on session 0fb59d3c372d29b94d8f2df8106983e1 to remote] execchain.MainClientExec 267 - Proxy auth state: UNCHALLENGED
12-09-2018 12:36:23 LoggingManagedHttpClientConnection.java DEBUG [Forwarding findElement on session 0fb59d3c372d29b94d8f2df8106983e1 to remote] http.headers 133 - http-outgoing-3 >> POST /session/0fb59d3c372d29b94d8f2df8106983e1/element HTTP/1.1
12-09-2018 12:36:23 LoggingManagedHttpClientConnection.java DEBUG [Forwarding findElement on session 0fb59d3c372d29b94d8f2df8106983e1 to remote] http.headers 136 - http-outgoing-3 >> Content-Type: application/json; charset=utf-8
12-09-2018 12:36:23 LoggingManagedHttpClientConnection.java DEBUG [Forwarding findElement on session 0fb59d3c372d29b94d8f2df8106983e1 to remote] http.headers 136 - http-outgoing-3 >> Content-Length: 55
12-09-2018 12:36:23 LoggingManagedHttpClientConnection.java DEBUG [Forwarding findElement on session 0fb59d3c372d29b94d8f2df8106983e1 to remote] http.headers 136 - http-outgoing-3 >> Host: localhost:13733
12-09-2018 12:36:23 LoggingManagedHttpClientConnection.java DEBUG [Forwarding findElement on session 0fb59d3c372d29b94d8f2df8106983e1 to remote] http.headers 136 - http-outgoing-3 >> Connection: Keep-Alive
12-09-2018 12:36:23 LoggingManagedHttpClientConnection.java DEBUG [Forwarding findElement on session 0fb59d3c372d29b94d8f2df8106983e1 to remote] http.headers 136 - http-outgoing-3 >> User-Agent: Apache-HttpClient/4.5.3 (Java/1.8.0_181)
12-09-2018 12:36:23 LoggingManagedHttpClientConnection.java DEBUG [Forwarding findElement on session 0fb59d3c372d29b94d8f2df8106983e1 to remote] http.headers 136 - http-outgoing-3 >> Accept-Encoding: gzip,deflate
12-09-2018 12:36:23 Wire.java DEBUG [Forwarding findElement on session 0fb59d3c372d29b94d8f2df8106983e1 to remote] http.wire 73 - http-outgoing-3 >> "POST /session/0fb59d3c372d29b94d8f2df8106983e1/element HTTP/1.1[\r][\n]"
12-09-2018 12:36:23 Wire.java DEBUG [Forwarding findElement on session 0fb59d3c372d29b94d8f2df8106983e1 to remote] http.wire 73 - http-outgoing-3 >> "Content-Type: application/json; charset=utf-8[\r][\n]"
12-09-2018 12:36:23 Wire.java DEBUG [Forwarding findElement on session 0fb59d3c372d29b94d8f2df8106983e1 to remote] http.wire 73 - http-outgoing-3 >> "Content-Length: 55[\r][\n]"
12-09-2018 12:36:23 Wire.java DEBUG [Forwarding findElement on session 0fb59d3c372d29b94d8f2df8106983e1 to remote] http.wire 73 - http-outgoing-3 >> "Host: localhost:13733[\r][\n]"
12-09-2018 12:36:23 Wire.java DEBUG [Forwarding findElement on session 0fb59d3c372d29b94d8f2df8106983e1 to remote] http.wire 73 - http-outgoing-3 >> "Connection: Keep-Alive[\r][\n]"
12-09-2018 12:36:23 Wire.java DEBUG [Forwarding findElement on session 0fb59d3c372d29b94d8f2df8106983e1 to remote] http.wire 73 - http-outgoing-3 >> "User-Agent: Apache-HttpClient/4.5.3 (Java/1.8.0_181)[\r][\n]"
12-09-2018 12:36:23 Wire.java DEBUG [Forwarding findElement on session 0fb59d3c372d29b94d8f2df8106983e1 to remote] http.wire 73 - http-outgoing-3 >> "Accept-Encoding: gzip,deflate[\r][\n]"
12-09-2018 12:36:23 Wire.java DEBUG [Forwarding findElement on session 0fb59d3c372d29b94d8f2df8106983e1 to remote] http.wire 73 - http-outgoing-3 >> "[\r][\n]"
12-09-2018 12:36:23 Wire.java DEBUG [Forwarding findElement on session 0fb59d3c372d29b94d8f2df8106983e1 to remote] http.wire 87 - http-outgoing-3 >> "{"using":"xpath","value":"//span[@class='gb_bb gbii']"}"
12-09-2018 12:36:23 Wire.java DEBUG [Forwarding findElement on session 0fb59d3c372d29b94d8f2df8106983e1 to remote] http.wire 73 - http-outgoing-3 << "HTTP/1.1 200 OK[\r][\n]"
12-09-2018 12:36:23 Wire.java DEBUG [Forwarding findElement on session 0fb59d3c372d29b94d8f2df8106983e1 to remote] http.wire 73 - http-outgoing-3 << "Content-Length:356[\r][\n]"
12-09-2018 12:36:23 Wire.java DEBUG [Forwarding findElement on session 0fb59d3c372d29b94d8f2df8106983e1 to remote] http.wire 73 - http-outgoing-3 << "Content-Type:application/json; charset=utf-8[\r][\n]"
12-09-2018 12:36:23 Wire.java DEBUG [Forwarding findElement on session 0fb59d3c372d29b94d8f2df8106983e1 to remote] http.wire 73 - http-outgoing-3 << "[\r][\n]"
12-09-2018 12:36:23 Wire.java DEBUG [Forwarding findElement on session 0fb59d3c372d29b94d8f2df8106983e1 to remote] http.wire 87 - http-outgoing-3 << "{"sessionId":"0fb59d3c372d29b94d8f2df8106983e1","status":7,"value":{"message":"no such element: Unable to locate element: {\"method\":\"xpath\",\"selector\":\"//span[@class='gb_bb gbii']\"}\n  (Session info: chrome=70.0.3538.110)\n  (Driver info: chromedriver=2.44.609538 (b655c5a60b0b544917107a59d4153d4bf78e1b90),platform=Windows NT 10.0.17134 x86_64)"}}"
12-09-2018 12:36:23 LoggingManagedHttpClientConnection.java DEBUG [Forwarding findElement on session 0fb59d3c372d29b94d8f2df8106983e1 to remote] http.headers 122 - http-outgoing-3 << HTTP/1.1 200 OK
12-09-2018 12:36:23 LoggingManagedHttpClientConnection.java DEBUG [Forwarding findElement on session 0fb59d3c372d29b94d8f2df8106983e1 to remote] http.headers 125 - http-outgoing-3 << Content-Length:356
12-09-2018 12:36:23 LoggingManagedHttpClientConnection.java DEBUG [Forwarding findElement on session 0fb59d3c372d29b94d8f2df8106983e1 to remote] http.headers 125 - http-outgoing-3 << Content-Type:application/json; charset=utf-8
12-09-2018 12:36:23 MainClientExec.java DEBUG [Forwarding findElement on session 0fb59d3c372d29b94d8f2df8106983e1 to remote] execchain.MainClientExec 285 - Connection can be kept alive indefinitely
12-09-2018 12:36:23 PoolingHttpClientConnectionManager.java DEBUG [Forwarding findElement on session 0fb59d3c372d29b94d8f2df8106983e1 to remote] conn.PoolingHttpClientConnectionManager 320 - Connection [id: 3][route: {}->http://localhost:13733] can be kept alive indefinitely
12-09-2018 12:36:23 PoolingHttpClientConnectionManager.java DEBUG [Forwarding findElement on session 0fb59d3c372d29b94d8f2df8106983e1 to remote] conn.PoolingHttpClientConnectionManager 326 - Connection released: [id: 3][route: {}->http://localhost:13733][total kept alive: 1; route allocated: 1 of 2000; total allocated: 1 of 2000]
12-09-2018 12:36:23 RequestAddCookies.java DEBUG [Forwarding findElement on session 0fb59d3c372d29b94d8f2df8106983e1 to remote] protocol.RequestAddCookies 123 - CookieSpec selected: default
12-09-2018 12:36:23 RequestAuthCache.java DEBUG [Forwarding findElement on session 0fb59d3c372d29b94d8f2df8106983e1 to remote] protocol.RequestAuthCache 77 - Auth cache not set in the context
12-09-2018 12:36:23 PoolingHttpClientConnectionManager.java DEBUG [Forwarding findElement on session 0fb59d3c372d29b94d8f2df8106983e1 to remote] conn.PoolingHttpClientConnectionManager 255 - Connection request: [route: {}->http://localhost:13733][total kept alive: 1; route allocated: 1 of 2000; total allocated: 1 of 2000]
12-09-2018 12:36:23 PoolingHttpClientConnectionManager.java DEBUG [Forwarding findElement on session 0fb59d3c372d29b94d8f2df8106983e1 to remote] conn.PoolingHttpClientConnectionManager 288 - Connection leased: [id: 3][route: {}->http://localhost:13733][total kept alive: 0; route allocated: 1 of 2000; total allocated: 1 of 2000]
12-09-2018 12:36:23 MainClientExec.java DEBUG [Forwarding findElement on session 0fb59d3c372d29b94d8f2df8106983e1 to remote] execchain.MainClientExec 208 - Stale connection check
12-09-2018 12:36:23 Wire.java DEBUG [Forwarding findElement on session 0fb59d3c372d29b94d8f2df8106983e1 to remote] http.wire 87 - http-outgoing-3 << "[read] I/O error: Read timed out"
12-09-2018 12:36:23 LoggingManagedHttpClientConnection.java DEBUG [Forwarding findElement on session 0fb59d3c372d29b94d8f2df8106983e1 to remote] conn.DefaultManagedHttpClientConnection 88 - http-outgoing-3: set socket timeout to 10800000
12-09-2018 12:36:23 MainClientExec.java DEBUG [Forwarding findElement on session 0fb59d3c372d29b94d8f2df8106983e1 to remote] execchain.MainClientExec 256 - Executing request POST /session/0fb59d3c372d29b94d8f2df8106983e1/element HTTP/1.1
12-09-2018 12:36:23 MainClientExec.java DEBUG [Forwarding findElement on session 0fb59d3c372d29b94d8f2df8106983e1 to remote] execchain.MainClientExec 261 - Target auth state: UNCHALLENGED
12-09-2018 12:36:23 MainClientExec.java DEBUG [Forwarding findElement on session 0fb59d3c372d29b94d8f2df8106983e1 to remote] execchain.MainClientExec 267 - Proxy auth state: UNCHALLENGED
12-09-2018 12:36:23 LoggingManagedHttpClientConnection.java DEBUG [Forwarding findElement on session 0fb59d3c372d29b94d8f2df8106983e1 to remote] http.headers 133 - http-outgoing-3 >> POST /session/0fb59d3c372d29b94d8f2df8106983e1/element HTTP/1.1
12-09-2018 12:36:23 LoggingManagedHttpClientConnection.java DEBUG [Forwarding findElement on session 0fb59d3c372d29b94d8f2df8106983e1 to remote] http.headers 136 - http-outgoing-3 >> Content-Type: application/json; charset=utf-8
12-09-2018 12:36:23 LoggingManagedHttpClientConnection.java DEBUG [Forwarding findElement on session 0fb59d3c372d29b94d8f2df8106983e1 to remote] http.headers 136 - http-outgoing-3 >> Content-Length: 55
12-09-2018 12:36:23 LoggingManagedHttpClientConnection.java DEBUG [Forwarding findElement on session 0fb59d3c372d29b94d8f2df8106983e1 to remote] http.headers 136 - http-outgoing-3 >> Host: localhost:13733
12-09-2018 12:36:23 LoggingManagedHttpClientConnection.java DEBUG [Forwarding findElement on session 0fb59d3c372d29b94d8f2df8106983e1 to remote] http.headers 136 - http-outgoing-3 >> Connection: Keep-Alive
12-09-2018 12:36:23 LoggingManagedHttpClientConnection.java DEBUG [Forwarding findElement on session 0fb59d3c372d29b94d8f2df8106983e1 to remote] http.headers 136 - http-outgoing-3 >> User-Agent: Apache-HttpClient/4.5.3 (Java/1.8.0_181)
12-09-2018 12:36:23 LoggingManagedHttpClientConnection.java DEBUG [Forwarding findElement on session 0fb59d3c372d29b94d8f2df8106983e1 to remote] http.headers 136 - http-outgoing-3 >> Accept-Encoding: gzip,deflate
12-09-2018 12:36:23 Wire.java DEBUG [Forwarding findElement on session 0fb59d3c372d29b94d8f2df8106983e1 to remote] http.wire 73 - http-outgoing-3 >> "POST /session/0fb59d3c372d29b94d8f2df8106983e1/element HTTP/1.1[\r][\n]"
12-09-2018 12:36:23 Wire.java DEBUG [Forwarding findElement on session 0fb59d3c372d29b94d8f2df8106983e1 to remote] http.wire 73 - http-outgoing-3 >> "Content-Type: application/json; charset=utf-8[\r][\n]"
12-09-2018 12:36:23 Wire.java DEBUG [Forwarding findElement on session 0fb59d3c372d29b94d8f2df8106983e1 to remote] http.wire 73 - http-outgoing-3 >> "Content-Length: 55[\r][\n]"
12-09-2018 12:36:23 Wire.java DEBUG [Forwarding findElement on session 0fb59d3c372d29b94d8f2df8106983e1 to remote] http.wire 73 - http-outgoing-3 >> "Host: localhost:13733[\r][\n]"
12-09-2018 12:36:23 Wire.java DEBUG [Forwarding findElement on session 0fb59d3c372d29b94d8f2df8106983e1 to remote] http.wire 73 - http-outgoing-3 >> "Connection: Keep-Alive[\r][\n]"
12-09-2018 12:36:23 Wire.java DEBUG [Forwarding findElement on session 0fb59d3c372d29b94d8f2df8106983e1 to remote] http.wire 73 - http-outgoing-3 >> "User-Agent: Apache-HttpClient/4.5.3 (Java/1.8.0_181)[\r][\n]"
12-09-2018 12:36:23 Wire.java DEBUG [Forwarding findElement on session 0fb59d3c372d29b94d8f2df8106983e1 to remote] http.wire 73 - http-outgoing-3 >> "Accept-Encoding: gzip,deflate[\r][\n]"
12-09-2018 12:36:23 Wire.java DEBUG [Forwarding findElement on session 0fb59d3c372d29b94d8f2df8106983e1 to remote] http.wire 73 - http-outgoing-3 >> "[\r][\n]"
12-09-2018 12:36:23 Wire.java DEBUG [Forwarding findElement on session 0fb59d3c372d29b94d8f2df8106983e1 to remote] http.wire 87 - http-outgoing-3 >> "{"using":"xpath","value":"//span[@class='gb_bb gbii']"}"
12-09-2018 12:36:23 Wire.java DEBUG [Forwarding findElement on session 0fb59d3c372d29b94d8f2df8106983e1 to remote] http.wire 73 - http-outgoing-3 << "HTTP/1.1 200 OK[\r][\n]"
12-09-2018 12:36:23 Wire.java DEBUG [Forwarding findElement on session 0fb59d3c372d29b94d8f2df8106983e1 to remote] http.wire 73 - http-outgoing-3 << "Content-Length:356[\r][\n]"
12-09-2018 12:36:23 Wire.java DEBUG [Forwarding findElement on session 0fb59d3c372d29b94d8f2df8106983e1 to remote] http.wire 73 - http-outgoing-3 << "Content-Type:application/json; charset=utf-8[\r][\n]"
12-09-2018 12:36:23 Wire.java DEBUG [Forwarding findElement on session 0fb59d3c372d29b94d8f2df8106983e1 to remote] http.wire 73 - http-outgoing-3 << "[\r][\n]"
12-09-2018 12:36:23 Wire.java DEBUG [Forwarding findElement on session 0fb59d3c372d29b94d8f2df8106983e1 to remote] http.wire 87 - http-outgoing-3 << "{"sessionId":"0fb59d3c372d29b94d8f2df8106983e1","status":7,"value":{"message":"no such element: Unable to locate element: {\"method\":\"xpath\",\"selector\":\"//span[@class='gb_bb gbii']\"}\n  (Session info: chrome=70.0.3538.110)\n  (Driver info: chromedriver=2.44.609538 (b655c5a60b0b544917107a59d4153d4bf78e1b90),platform=Windows NT 10.0.17134 x86_64)"}}"
12-09-2018 12:36:23 LoggingManagedHttpClientConnection.java DEBUG [Forwarding findElement on session 0fb59d3c372d29b94d8f2df8106983e1 to remote] http.headers 122 - http-outgoing-3 << HTTP/1.1 200 OK
12-09-2018 12:36:23 LoggingManagedHttpClientConnection.java DEBUG [Forwarding findElement on session 0fb59d3c372d29b94d8f2df8106983e1 to remote] http.headers 125 - http-outgoing-3 << Content-Length:356
12-09-2018 12:36:23 LoggingManagedHttpClientConnection.java DEBUG [Forwarding findElement on session 0fb59d3c372d29b94d8f2df8106983e1 to remote] http.headers 125 - http-outgoing-3 << Content-Type:application/json; charset=utf-8
12-09-2018 12:36:23 MainClientExec.java DEBUG [Forwarding findElement on session 0fb59d3c372d29b94d8f2df8106983e1 to remote] execchain.MainClientExec 285 - Connection can be kept alive indefinitely
12-09-2018 12:36:23 PoolingHttpClientConnectionManager.java DEBUG [Forwarding findElement on session 0fb59d3c372d29b94d8f2df8106983e1 to remote] conn.PoolingHttpClientConnectionManager 320 - Connection [id: 3][route: {}->http://localhost:13733] can be kept alive indefinitely
12-09-2018 12:36:23 PoolingHttpClientConnectionManager.java DEBUG [Forwarding findElement on session 0fb59d3c372d29b94d8f2df8106983e1 to remote] conn.PoolingHttpClientConnectionManager 326 - Connection released: [id: 3][route: {}->http://localhost:13733][total kept alive: 1; route allocated: 1 of 2000; total allocated: 1 of 2000]
12-09-2018 12:36:24 RequestAddCookies.java DEBUG [Forwarding findElement on session 0fb59d3c372d29b94d8f2df8106983e1 to remote] protocol.RequestAddCookies 123 - CookieSpec selected: default
12-09-2018 12:36:24 RequestAuthCache.java DEBUG [Forwarding findElement on session 0fb59d3c372d29b94d8f2df8106983e1 to remote] protocol.RequestAuthCache 77 - Auth cache not set in the context
12-09-2018 12:36:24 PoolingHttpClientConnectionManager.java DEBUG [Forwarding findElement on session 0fb59d3c372d29b94d8f2df8106983e1 to remote] conn.PoolingHttpClientConnectionManager 255 - Connection request: [route: {}->http://localhost:13733][total kept alive: 1; route allocated: 1 of 2000; total allocated: 1 of 2000]
12-09-2018 12:36:24 PoolingHttpClientConnectionManager.java DEBUG [Forwarding findElement on session 0fb59d3c372d29b94d8f2df8106983e1 to remote] conn.PoolingHttpClientConnectionManager 288 - Connection leased: [id: 3][route: {}->http://localhost:13733][total kept alive: 0; route allocated: 1 of 2000; total allocated: 1 of 2000]
12-09-2018 12:36:24 MainClientExec.java DEBUG [Forwarding findElement on session 0fb59d3c372d29b94d8f2df8106983e1 to remote] execchain.MainClientExec 208 - Stale connection check
12-09-2018 12:36:24 Wire.java DEBUG [Forwarding findElement on session 0fb59d3c372d29b94d8f2df8106983e1 to remote] http.wire 87 - http-outgoing-3 << "[read] I/O error: Read timed out"
12-09-2018 12:36:24 LoggingManagedHttpClientConnection.java DEBUG [Forwarding findElement on session 0fb59d3c372d29b94d8f2df8106983e1 to remote] conn.DefaultManagedHttpClientConnection 88 - http-outgoing-3: set socket timeout to 10800000
12-09-2018 12:36:24 MainClientExec.java DEBUG [Forwarding findElement on session 0fb59d3c372d29b94d8f2df8106983e1 to remote] execchain.MainClientExec 256 - Executing request POST /session/0fb59d3c372d29b94d8f2df8106983e1/element HTTP/1.1
12-09-2018 12:36:24 MainClientExec.java DEBUG [Forwarding findElement on session 0fb59d3c372d29b94d8f2df8106983e1 to remote] execchain.MainClientExec 261 - Target auth state: UNCHALLENGED
12-09-2018 12:36:24 MainClientExec.java DEBUG [Forwarding findElement on session 0fb59d3c372d29b94d8f2df8106983e1 to remote] execchain.MainClientExec 267 - Proxy auth state: UNCHALLENGED
12-09-2018 12:36:24 LoggingManagedHttpClientConnection.java DEBUG [Forwarding findElement on session 0fb59d3c372d29b94d8f2df8106983e1 to remote] http.headers 133 - http-outgoing-3 >> POST /session/0fb59d3c372d29b94d8f2df8106983e1/element HTTP/1.1
12-09-2018 12:36:24 LoggingManagedHttpClientConnection.java DEBUG [Forwarding findElement on session 0fb59d3c372d29b94d8f2df8106983e1 to remote] http.headers 136 - http-outgoing-3 >> Content-Type: application/json; charset=utf-8
12-09-2018 12:36:24 LoggingManagedHttpClientConnection.java DEBUG [Forwarding findElement on session 0fb59d3c372d29b94d8f2df8106983e1 to remote] http.headers 136 - http-outgoing-3 >> Content-Length: 55
12-09-2018 12:36:24 LoggingManagedHttpClientConnection.java DEBUG [Forwarding findElement on session 0fb59d3c372d29b94d8f2df8106983e1 to remote] http.headers 136 - http-outgoing-3 >> Host: localhost:13733
12-09-2018 12:36:24 LoggingManagedHttpClientConnection.java DEBUG [Forwarding findElement on session 0fb59d3c372d29b94d8f2df8106983e1 to remote] http.headers 136 - http-outgoing-3 >> Connection: Keep-Alive
12-09-2018 12:36:24 LoggingManagedHttpClientConnection.java DEBUG [Forwarding findElement on session 0fb59d3c372d29b94d8f2df8106983e1 to remote] http.headers 136 - http-outgoing-3 >> User-Agent: Apache-HttpClient/4.5.3 (Java/1.8.0_181)
12-09-2018 12:36:24 LoggingManagedHttpClientConnection.java DEBUG [Forwarding findElement on session 0fb59d3c372d29b94d8f2df8106983e1 to remote] http.headers 136 - http-outgoing-3 >> Accept-Encoding: gzip,deflate
12-09-2018 12:36:24 Wire.java DEBUG [Forwarding findElement on session 0fb59d3c372d29b94d8f2df8106983e1 to remote] http.wire 73 - http-outgoing-3 >> "POST /session/0fb59d3c372d29b94d8f2df8106983e1/element HTTP/1.1[\r][\n]"
12-09-2018 12:36:24 Wire.java DEBUG [Forwarding findElement on session 0fb59d3c372d29b94d8f2df8106983e1 to remote] http.wire 73 - http-outgoing-3 >> "Content-Type: application/json; charset=utf-8[\r][\n]"
12-09-2018 12:36:24 Wire.java DEBUG [Forwarding findElement on session 0fb59d3c372d29b94d8f2df8106983e1 to remote] http.wire 73 - http-outgoing-3 >> "Content-Length: 55[\r][\n]"
12-09-2018 12:36:24 Wire.java DEBUG [Forwarding findElement on session 0fb59d3c372d29b94d8f2df8106983e1 to remote] http.wire 73 - http-outgoing-3 >> "Host: localhost:13733[\r][\n]"
12-09-2018 12:36:24 Wire.java DEBUG [Forwarding findElement on session 0fb59d3c372d29b94d8f2df8106983e1 to remote] http.wire 73 - http-outgoing-3 >> "Connection: Keep-Alive[\r][\n]"
12-09-2018 12:36:24 Wire.java DEBUG [Forwarding findElement on session 0fb59d3c372d29b94d8f2df8106983e1 to remote] http.wire 73 - http-outgoing-3 >> "User-Agent: Apache-HttpClient/4.5.3 (Java/1.8.0_181)[\r][\n]"
12-09-2018 12:36:24 Wire.java DEBUG [Forwarding findElement on session 0fb59d3c372d29b94d8f2df8106983e1 to remote] http.wire 73 - http-outgoing-3 >> "Accept-Encoding: gzip,deflate[\r][\n]"
12-09-2018 12:36:24 Wire.java DEBUG [Forwarding findElement on session 0fb59d3c372d29b94d8f2df8106983e1 to remote] http.wire 73 - http-outgoing-3 >> "[\r][\n]"
12-09-2018 12:36:24 Wire.java DEBUG [Forwarding findElement on session 0fb59d3c372d29b94d8f2df8106983e1 to remote] http.wire 87 - http-outgoing-3 >> "{"using":"xpath","value":"//span[@class='gb_bb gbii']"}"
12-09-2018 12:36:24 Wire.java DEBUG [Forwarding findElement on session 0fb59d3c372d29b94d8f2df8106983e1 to remote] http.wire 73 - http-outgoing-3 << "HTTP/1.1 200 OK[\r][\n]"
12-09-2018 12:36:24 Wire.java DEBUG [Forwarding findElement on session 0fb59d3c372d29b94d8f2df8106983e1 to remote] http.wire 73 - http-outgoing-3 << "Content-Length:356[\r][\n]"
12-09-2018 12:36:24 Wire.java DEBUG [Forwarding findElement on session 0fb59d3c372d29b94d8f2df8106983e1 to remote] http.wire 73 - http-outgoing-3 << "Content-Type:application/json; charset=utf-8[\r][\n]"
12-09-2018 12:36:24 Wire.java DEBUG [Forwarding findElement on session 0fb59d3c372d29b94d8f2df8106983e1 to remote] http.wire 73 - http-outgoing-3 << "[\r][\n]"
12-09-2018 12:36:24 Wire.java DEBUG [Forwarding findElement on session 0fb59d3c372d29b94d8f2df8106983e1 to remote] http.wire 87 - http-outgoing-3 << "{"sessionId":"0fb59d3c372d29b94d8f2df8106983e1","status":7,"value":{"message":"no such element: Unable to locate element: {\"method\":\"xpath\",\"selector\":\"//span[@class='gb_bb gbii']\"}\n  (Session info: chrome=70.0.3538.110)\n  (Driver info: chromedriver=2.44.609538 (b655c5a60b0b544917107a59d4153d4bf78e1b90),platform=Windows NT 10.0.17134 x86_64)"}}"
12-09-2018 12:36:24 LoggingManagedHttpClientConnection.java DEBUG [Forwarding findElement on session 0fb59d3c372d29b94d8f2df8106983e1 to remote] http.headers 122 - http-outgoing-3 << HTTP/1.1 200 OK
12-09-2018 12:36:24 LoggingManagedHttpClientConnection.java DEBUG [Forwarding findElement on session 0fb59d3c372d29b94d8f2df8106983e1 to remote] http.headers 125 - http-outgoing-3 << Content-Length:356
12-09-2018 12:36:24 LoggingManagedHttpClientConnection.java DEBUG [Forwarding findElement on session 0fb59d3c372d29b94d8f2df8106983e1 to remote] http.headers 125 - http-outgoing-3 << Content-Type:application/json; charset=utf-8
12-09-2018 12:36:24 MainClientExec.java DEBUG [Forwarding findElement on session 0fb59d3c372d29b94d8f2df8106983e1 to remote] execchain.MainClientExec 285 - Connection can be kept alive indefinitely
12-09-2018 12:36:24 PoolingHttpClientConnectionManager.java DEBUG [Forwarding findElement on session 0fb59d3c372d29b94d8f2df8106983e1 to remote] conn.PoolingHttpClientConnectionManager 320 - Connection [id: 3][route: {}->http://localhost:13733] can be kept alive indefinitely
12-09-2018 12:36:24 PoolingHttpClientConnectionManager.java DEBUG [Forwarding findElement on session 0fb59d3c372d29b94d8f2df8106983e1 to remote] conn.PoolingHttpClientConnectionManager 326 - Connection released: [id: 3][route: {}->http://localhost:13733][total kept alive: 1; route allocated: 1 of 2000; total allocated: 1 of 2000]
12-09-2018 12:36:24 RequestAddCookies.java DEBUG [Forwarding findElement on session 0fb59d3c372d29b94d8f2df8106983e1 to remote] protocol.RequestAddCookies 123 - CookieSpec selected: default
12-09-2018 12:36:24 RequestAuthCache.java DEBUG [Forwarding findElement on session 0fb59d3c372d29b94d8f2df8106983e1 to remote] protocol.RequestAuthCache 77 - Auth cache not set in the context
12-09-2018 12:36:24 PoolingHttpClientConnectionManager.java DEBUG [Forwarding findElement on session 0fb59d3c372d29b94d8f2df8106983e1 to remote] conn.PoolingHttpClientConnectionManager 255 - Connection request: [route: {}->http://localhost:13733][total kept alive: 1; route allocated: 1 of 2000; total allocated: 1 of 2000]
12-09-2018 12:36:24 PoolingHttpClientConnectionManager.java DEBUG [Forwarding findElement on session 0fb59d3c372d29b94d8f2df8106983e1 to remote] conn.PoolingHttpClientConnectionManager 288 - Connection leased: [id: 3][route: {}->http://localhost:13733][total kept alive: 0; route allocated: 1 of 2000; total allocated: 1 of 2000]
12-09-2018 12:36:24 MainClientExec.java DEBUG [Forwarding findElement on session 0fb59d3c372d29b94d8f2df8106983e1 to remote] execchain.MainClientExec 208 - Stale connection check
12-09-2018 12:36:24 Wire.java DEBUG [Forwarding findElement on session 0fb59d3c372d29b94d8f2df8106983e1 to remote] http.wire 87 - http-outgoing-3 << "[read] I/O error: Read timed out"
12-09-2018 12:36:24 LoggingManagedHttpClientConnection.java DEBUG [Forwarding findElement on session 0fb59d3c372d29b94d8f2df8106983e1 to remote] conn.DefaultManagedHttpClientConnection 88 - http-outgoing-3: set socket timeout to 10800000
12-09-2018 12:36:24 MainClientExec.java DEBUG [Forwarding findElement on session 0fb59d3c372d29b94d8f2df8106983e1 to remote] execchain.MainClientExec 256 - Executing request POST /session/0fb59d3c372d29b94d8f2df8106983e1/element HTTP/1.1
12-09-2018 12:36:24 MainClientExec.java DEBUG [Forwarding findElement on session 0fb59d3c372d29b94d8f2df8106983e1 to remote] execchain.MainClientExec 261 - Target auth state: UNCHALLENGED
12-09-2018 12:36:24 MainClientExec.java DEBUG [Forwarding findElement on session 0fb59d3c372d29b94d8f2df8106983e1 to remote] execchain.MainClientExec 267 - Proxy auth state: UNCHALLENGED
12-09-2018 12:36:24 LoggingManagedHttpClientConnection.java DEBUG [Forwarding findElement on session 0fb59d3c372d29b94d8f2df8106983e1 to remote] http.headers 133 - http-outgoing-3 >> POST /session/0fb59d3c372d29b94d8f2df8106983e1/element HTTP/1.1
12-09-2018 12:36:24 LoggingManagedHttpClientConnection.java DEBUG [Forwarding findElement on session 0fb59d3c372d29b94d8f2df8106983e1 to remote] http.headers 136 - http-outgoing-3 >> Content-Type: application/json; charset=utf-8
12-09-2018 12:36:24 LoggingManagedHttpClientConnection.java DEBUG [Forwarding findElement on session 0fb59d3c372d29b94d8f2df8106983e1 to remote] http.headers 136 - http-outgoing-3 >> Content-Length: 55
12-09-2018 12:36:24 LoggingManagedHttpClientConnection.java DEBUG [Forwarding findElement on session 0fb59d3c372d29b94d8f2df8106983e1 to remote] http.headers 136 - http-outgoing-3 >> Host: localhost:13733
12-09-2018 12:36:24 LoggingManagedHttpClientConnection.java DEBUG [Forwarding findElement on session 0fb59d3c372d29b94d8f2df8106983e1 to remote] http.headers 136 - http-outgoing-3 >> Connection: Keep-Alive
12-09-2018 12:36:24 LoggingManagedHttpClientConnection.java DEBUG [Forwarding findElement on session 0fb59d3c372d29b94d8f2df8106983e1 to remote] http.headers 136 - http-outgoing-3 >> User-Agent: Apache-HttpClient/4.5.3 (Java/1.8.0_181)
12-09-2018 12:36:24 LoggingManagedHttpClientConnection.java DEBUG [Forwarding findElement on session 0fb59d3c372d29b94d8f2df8106983e1 to remote] http.headers 136 - http-outgoing-3 >> Accept-Encoding: gzip,deflate
12-09-2018 12:36:24 Wire.java DEBUG [Forwarding findElement on session 0fb59d3c372d29b94d8f2df8106983e1 to remote] http.wire 73 - http-outgoing-3 >> "POST /session/0fb59d3c372d29b94d8f2df8106983e1/element HTTP/1.1[\r][\n]"
12-09-2018 12:36:24 Wire.java DEBUG [Forwarding findElement on session 0fb59d3c372d29b94d8f2df8106983e1 to remote] http.wire 73 - http-outgoing-3 >> "Content-Type: application/json; charset=utf-8[\r][\n]"
12-09-2018 12:36:24 Wire.java DEBUG [Forwarding findElement on session 0fb59d3c372d29b94d8f2df8106983e1 to remote] http.wire 73 - http-outgoing-3 >> "Content-Length: 55[\r][\n]"
12-09-2018 12:36:24 Wire.java DEBUG [Forwarding findElement on session 0fb59d3c372d29b94d8f2df8106983e1 to remote] http.wire 73 - http-outgoing-3 >> "Host: localhost:13733[\r][\n]"
12-09-2018 12:36:24 Wire.java DEBUG [Forwarding findElement on session 0fb59d3c372d29b94d8f2df8106983e1 to remote] http.wire 73 - http-outgoing-3 >> "Connection: Keep-Alive[\r][\n]"
12-09-2018 12:36:24 Wire.java DEBUG [Forwarding findElement on session 0fb59d3c372d29b94d8f2df8106983e1 to remote] http.wire 73 - http-outgoing-3 >> "User-Agent: Apache-HttpClient/4.5.3 (Java/1.8.0_181)[\r][\n]"
12-09-2018 12:36:24 Wire.java DEBUG [Forwarding findElement on session 0fb59d3c372d29b94d8f2df8106983e1 to remote] http.wire 73 - http-outgoing-3 >> "Accept-Encoding: gzip,deflate[\r][\n]"
12-09-2018 12:36:24 Wire.java DEBUG [Forwarding findElement on session 0fb59d3c372d29b94d8f2df8106983e1 to remote] http.wire 73 - http-outgoing-3 >> "[\r][\n]"
12-09-2018 12:36:24 Wire.java DEBUG [Forwarding findElement on session 0fb59d3c372d29b94d8f2df8106983e1 to remote] http.wire 87 - http-outgoing-3 >> "{"using":"xpath","value":"//span[@class='gb_bb gbii']"}"
12-09-2018 12:36:24 Wire.java DEBUG [Forwarding findElement on session 0fb59d3c372d29b94d8f2df8106983e1 to remote] http.wire 73 - http-outgoing-3 << "HTTP/1.1 200 OK[\r][\n]"
12-09-2018 12:36:24 Wire.java DEBUG [Forwarding findElement on session 0fb59d3c372d29b94d8f2df8106983e1 to remote] http.wire 73 - http-outgoing-3 << "Content-Length:356[\r][\n]"
12-09-2018 12:36:24 Wire.java DEBUG [Forwarding findElement on session 0fb59d3c372d29b94d8f2df8106983e1 to remote] http.wire 73 - http-outgoing-3 << "Content-Type:application/json; charset=utf-8[\r][\n]"
12-09-2018 12:36:24 Wire.java DEBUG [Forwarding findElement on session 0fb59d3c372d29b94d8f2df8106983e1 to remote] http.wire 73 - http-outgoing-3 << "[\r][\n]"
12-09-2018 12:36:24 Wire.java DEBUG [Forwarding findElement on session 0fb59d3c372d29b94d8f2df8106983e1 to remote] http.wire 87 - http-outgoing-3 << "{"sessionId":"0fb59d3c372d29b94d8f2df8106983e1","status":7,"value":{"message":"no such element: Unable to locate element: {\"method\":\"xpath\",\"selector\":\"//span[@class='gb_bb gbii']\"}\n  (Session info: chrome=70.0.3538.110)\n  (Driver info: chromedriver=2.44.609538 (b655c5a60b0b544917107a59d4153d4bf78e1b90),platform=Windows NT 10.0.17134 x86_64)"}}"
12-09-2018 12:36:24 LoggingManagedHttpClientConnection.java DEBUG [Forwarding findElement on session 0fb59d3c372d29b94d8f2df8106983e1 to remote] http.headers 122 - http-outgoing-3 << HTTP/1.1 200 OK
12-09-2018 12:36:24 LoggingManagedHttpClientConnection.java DEBUG [Forwarding findElement on session 0fb59d3c372d29b94d8f2df8106983e1 to remote] http.headers 125 - http-outgoing-3 << Content-Length:356
12-09-2018 12:36:24 LoggingManagedHttpClientConnection.java DEBUG [Forwarding findElement on session 0fb59d3c372d29b94d8f2df8106983e1 to remote] http.headers 125 - http-outgoing-3 << Content-Type:application/json; charset=utf-8
12-09-2018 12:36:24 MainClientExec.java DEBUG [Forwarding findElement on session 0fb59d3c372d29b94d8f2df8106983e1 to remote] execchain.MainClientExec 285 - Connection can be kept alive indefinitely
12-09-2018 12:36:24 PoolingHttpClientConnectionManager.java DEBUG [Forwarding findElement on session 0fb59d3c372d29b94d8f2df8106983e1 to remote] conn.PoolingHttpClientConnectionManager 320 - Connection [id: 3][route: {}->http://localhost:13733] can be kept alive indefinitely
12-09-2018 12:36:24 PoolingHttpClientConnectionManager.java DEBUG [Forwarding findElement on session 0fb59d3c372d29b94d8f2df8106983e1 to remote] conn.PoolingHttpClientConnectionManager 326 - Connection released: [id: 3][route: {}->http://localhost:13733][total kept alive: 1; route allocated: 1 of 2000; total allocated: 1 of 2000]
12-09-2018 12:36:25 RequestAddCookies.java DEBUG [Forwarding findElement on session 0fb59d3c372d29b94d8f2df8106983e1 to remote] protocol.RequestAddCookies 123 - CookieSpec selected: default
12-09-2018 12:36:25 RequestAuthCache.java DEBUG [Forwarding findElement on session 0fb59d3c372d29b94d8f2df8106983e1 to remote] protocol.RequestAuthCache 77 - Auth cache not set in the context
12-09-2018 12:36:25 PoolingHttpClientConnectionManager.java DEBUG [Forwarding findElement on session 0fb59d3c372d29b94d8f2df8106983e1 to remote] conn.PoolingHttpClientConnectionManager 255 - Connection request: [route: {}->http://localhost:13733][total kept alive: 1; route allocated: 1 of 2000; total allocated: 1 of 2000]
12-09-2018 12:36:25 PoolingHttpClientConnectionManager.java DEBUG [Forwarding findElement on session 0fb59d3c372d29b94d8f2df8106983e1 to remote] conn.PoolingHttpClientConnectionManager 288 - Connection leased: [id: 3][route: {}->http://localhost:13733][total kept alive: 0; route allocated: 1 of 2000; total allocated: 1 of 2000]
12-09-2018 12:36:25 MainClientExec.java DEBUG [Forwarding findElement on session 0fb59d3c372d29b94d8f2df8106983e1 to remote] execchain.MainClientExec 208 - Stale connection check
12-09-2018 12:36:25 Wire.java DEBUG [Forwarding findElement on session 0fb59d3c372d29b94d8f2df8106983e1 to remote] http.wire 87 - http-outgoing-3 << "[read] I/O error: Read timed out"
12-09-2018 12:36:25 LoggingManagedHttpClientConnection.java DEBUG [Forwarding findElement on session 0fb59d3c372d29b94d8f2df8106983e1 to remote] conn.DefaultManagedHttpClientConnection 88 - http-outgoing-3: set socket timeout to 10800000
12-09-2018 12:36:25 MainClientExec.java DEBUG [Forwarding findElement on session 0fb59d3c372d29b94d8f2df8106983e1 to remote] execchain.MainClientExec 256 - Executing request POST /session/0fb59d3c372d29b94d8f2df8106983e1/element HTTP/1.1
12-09-2018 12:36:25 MainClientExec.java DEBUG [Forwarding findElement on session 0fb59d3c372d29b94d8f2df8106983e1 to remote] execchain.MainClientExec 261 - Target auth state: UNCHALLENGED
12-09-2018 12:36:25 MainClientExec.java DEBUG [Forwarding findElement on session 0fb59d3c372d29b94d8f2df8106983e1 to remote] execchain.MainClientExec 267 - Proxy auth state: UNCHALLENGED
12-09-2018 12:36:25 LoggingManagedHttpClientConnection.java DEBUG [Forwarding findElement on session 0fb59d3c372d29b94d8f2df8106983e1 to remote] http.headers 133 - http-outgoing-3 >> POST /session/0fb59d3c372d29b94d8f2df8106983e1/element HTTP/1.1
12-09-2018 12:36:25 LoggingManagedHttpClientConnection.java DEBUG [Forwarding findElement on session 0fb59d3c372d29b94d8f2df8106983e1 to remote] http.headers 136 - http-outgoing-3 >> Content-Type: application/json; charset=utf-8
12-09-2018 12:36:25 LoggingManagedHttpClientConnection.java DEBUG [Forwarding findElement on session 0fb59d3c372d29b94d8f2df8106983e1 to remote] http.headers 136 - http-outgoing-3 >> Content-Length: 55
12-09-2018 12:36:25 LoggingManagedHttpClientConnection.java DEBUG [Forwarding findElement on session 0fb59d3c372d29b94d8f2df8106983e1 to remote] http.headers 136 - http-outgoing-3 >> Host: localhost:13733
12-09-2018 12:36:25 LoggingManagedHttpClientConnection.java DEBUG [Forwarding findElement on session 0fb59d3c372d29b94d8f2df8106983e1 to remote] http.headers 136 - http-outgoing-3 >> Connection: Keep-Alive
12-09-2018 12:36:25 LoggingManagedHttpClientConnection.java DEBUG [Forwarding findElement on session 0fb59d3c372d29b94d8f2df8106983e1 to remote] http.headers 136 - http-outgoing-3 >> User-Agent: Apache-HttpClient/4.5.3 (Java/1.8.0_181)
12-09-2018 12:36:25 LoggingManagedHttpClientConnection.java DEBUG [Forwarding findElement on session 0fb59d3c372d29b94d8f2df8106983e1 to remote] http.headers 136 - http-outgoing-3 >> Accept-Encoding: gzip,deflate
12-09-2018 12:36:25 Wire.java DEBUG [Forwarding findElement on session 0fb59d3c372d29b94d8f2df8106983e1 to remote] http.wire 73 - http-outgoing-3 >> "POST /session/0fb59d3c372d29b94d8f2df8106983e1/element HTTP/1.1[\r][\n]"
12-09-2018 12:36:25 Wire.java DEBUG [Forwarding findElement on session 0fb59d3c372d29b94d8f2df8106983e1 to remote] http.wire 73 - http-outgoing-3 >> "Content-Type: application/json; charset=utf-8[\r][\n]"
12-09-2018 12:36:25 Wire.java DEBUG [Forwarding findElement on session 0fb59d3c372d29b94d8f2df8106983e1 to remote] http.wire 73 - http-outgoing-3 >> "Content-Length: 55[\r][\n]"
12-09-2018 12:36:25 Wire.java DEBUG [Forwarding findElement on session 0fb59d3c372d29b94d8f2df8106983e1 to remote] http.wire 73 - http-outgoing-3 >> "Host: localhost:13733[\r][\n]"
12-09-2018 12:36:25 Wire.java DEBUG [Forwarding findElement on session 0fb59d3c372d29b94d8f2df8106983e1 to remote] http.wire 73 - http-outgoing-3 >> "Connection: Keep-Alive[\r][\n]"
12-09-2018 12:36:25 Wire.java DEBUG [Forwarding findElement on session 0fb59d3c372d29b94d8f2df8106983e1 to remote] http.wire 73 - http-outgoing-3 >> "User-Agent: Apache-HttpClient/4.5.3 (Java/1.8.0_181)[\r][\n]"
12-09-2018 12:36:25 Wire.java DEBUG [Forwarding findElement on session 0fb59d3c372d29b94d8f2df8106983e1 to remote] http.wire 73 - http-outgoing-3 >> "Accept-Encoding: gzip,deflate[\r][\n]"
12-09-2018 12:36:25 Wire.java DEBUG [Forwarding findElement on session 0fb59d3c372d29b94d8f2df8106983e1 to remote] http.wire 73 - http-outgoing-3 >> "[\r][\n]"
12-09-2018 12:36:25 Wire.java DEBUG [Forwarding findElement on session 0fb59d3c372d29b94d8f2df8106983e1 to remote] http.wire 87 - http-outgoing-3 >> "{"using":"xpath","value":"//span[@class='gb_bb gbii']"}"
12-09-2018 12:36:25 Wire.java DEBUG [Forwarding findElement on session 0fb59d3c372d29b94d8f2df8106983e1 to remote] http.wire 73 - http-outgoing-3 << "HTTP/1.1 200 OK[\r][\n]"
12-09-2018 12:36:25 Wire.java DEBUG [Forwarding findElement on session 0fb59d3c372d29b94d8f2df8106983e1 to remote] http.wire 73 - http-outgoing-3 << "Content-Length:356[\r][\n]"
12-09-2018 12:36:25 Wire.java DEBUG [Forwarding findElement on session 0fb59d3c372d29b94d8f2df8106983e1 to remote] http.wire 73 - http-outgoing-3 << "Content-Type:application/json; charset=utf-8[\r][\n]"
12-09-2018 12:36:25 Wire.java DEBUG [Forwarding findElement on session 0fb59d3c372d29b94d8f2df8106983e1 to remote] http.wire 73 - http-outgoing-3 << "[\r][\n]"
12-09-2018 12:36:25 Wire.java DEBUG [Forwarding findElement on session 0fb59d3c372d29b94d8f2df8106983e1 to remote] http.wire 87 - http-outgoing-3 << "{"sessionId":"0fb59d3c372d29b94d8f2df8106983e1","status":7,"value":{"message":"no such element: Unable to locate element: {\"method\":\"xpath\",\"selector\":\"//span[@class='gb_bb gbii']\"}\n  (Session info: chrome=70.0.3538.110)\n  (Driver info: chromedriver=2.44.609538 (b655c5a60b0b544917107a59d4153d4bf78e1b90),platform=Windows NT 10.0.17134 x86_64)"}}"
12-09-2018 12:36:25 LoggingManagedHttpClientConnection.java DEBUG [Forwarding findElement on session 0fb59d3c372d29b94d8f2df8106983e1 to remote] http.headers 122 - http-outgoing-3 << HTTP/1.1 200 OK
12-09-2018 12:36:25 LoggingManagedHttpClientConnection.java DEBUG [Forwarding findElement on session 0fb59d3c372d29b94d8f2df8106983e1 to remote] http.headers 125 - http-outgoing-3 << Content-Length:356
12-09-2018 12:36:25 LoggingManagedHttpClientConnection.java DEBUG [Forwarding findElement on session 0fb59d3c372d29b94d8f2df8106983e1 to remote] http.headers 125 - http-outgoing-3 << Content-Type:application/json; charset=utf-8
12-09-2018 12:36:25 MainClientExec.java DEBUG [Forwarding findElement on session 0fb59d3c372d29b94d8f2df8106983e1 to remote] execchain.MainClientExec 285 - Connection can be kept alive indefinitely
12-09-2018 12:36:25 PoolingHttpClientConnectionManager.java DEBUG [Forwarding findElement on session 0fb59d3c372d29b94d8f2df8106983e1 to remote] conn.PoolingHttpClientConnectionManager 320 - Connection [id: 3][route: {}->http://localhost:13733] can be kept alive indefinitely
12-09-2018 12:36:25 PoolingHttpClientConnectionManager.java DEBUG [Forwarding findElement on session 0fb59d3c372d29b94d8f2df8106983e1 to remote] conn.PoolingHttpClientConnectionManager 326 - Connection released: [id: 3][route: {}->http://localhost:13733][total kept alive: 1; route allocated: 1 of 2000; total allocated: 1 of 2000]
12-09-2018 12:36:25 RequestAddCookies.java DEBUG [Forwarding findElement on session 0fb59d3c372d29b94d8f2df8106983e1 to remote] protocol.RequestAddCookies 123 - CookieSpec selected: default
12-09-2018 12:36:25 RequestAuthCache.java DEBUG [Forwarding findElement on session 0fb59d3c372d29b94d8f2df8106983e1 to remote] protocol.RequestAuthCache 77 - Auth cache not set in the context
12-09-2018 12:36:25 PoolingHttpClientConnectionManager.java DEBUG [Forwarding findElement on session 0fb59d3c372d29b94d8f2df8106983e1 to remote] conn.PoolingHttpClientConnectionManager 255 - Connection request: [route: {}->http://localhost:13733][total kept alive: 1; route allocated: 1 of 2000; total allocated: 1 of 2000]
12-09-2018 12:36:25 PoolingHttpClientConnectionManager.java DEBUG [Forwarding findElement on session 0fb59d3c372d29b94d8f2df8106983e1 to remote] conn.PoolingHttpClientConnectionManager 288 - Connection leased: [id: 3][route: {}->http://localhost:13733][total kept alive: 0; route allocated: 1 of 2000; total allocated: 1 of 2000]
12-09-2018 12:36:25 MainClientExec.java DEBUG [Forwarding findElement on session 0fb59d3c372d29b94d8f2df8106983e1 to remote] execchain.MainClientExec 208 - Stale connection check
12-09-2018 12:36:25 Wire.java DEBUG [Forwarding findElement on session 0fb59d3c372d29b94d8f2df8106983e1 to remote] http.wire 87 - http-outgoing-3 << "[read] I/O error: Read timed out"
12-09-2018 12:36:25 LoggingManagedHttpClientConnection.java DEBUG [Forwarding findElement on session 0fb59d3c372d29b94d8f2df8106983e1 to remote] conn.DefaultManagedHttpClientConnection 88 - http-outgoing-3: set socket timeout to 10800000
12-09-2018 12:36:25 MainClientExec.java DEBUG [Forwarding findElement on session 0fb59d3c372d29b94d8f2df8106983e1 to remote] execchain.MainClientExec 256 - Executing request POST /session/0fb59d3c372d29b94d8f2df8106983e1/element HTTP/1.1
12-09-2018 12:36:25 MainClientExec.java DEBUG [Forwarding findElement on session 0fb59d3c372d29b94d8f2df8106983e1 to remote] execchain.MainClientExec 261 - Target auth state: UNCHALLENGED
12-09-2018 12:36:25 MainClientExec.java DEBUG [Forwarding findElement on session 0fb59d3c372d29b94d8f2df8106983e1 to remote] execchain.MainClientExec 267 - Proxy auth state: UNCHALLENGED
12-09-2018 12:36:25 LoggingManagedHttpClientConnection.java DEBUG [Forwarding findElement on session 0fb59d3c372d29b94d8f2df8106983e1 to remote] http.headers 133 - http-outgoing-3 >> POST /session/0fb59d3c372d29b94d8f2df8106983e1/element HTTP/1.1
12-09-2018 12:36:25 LoggingManagedHttpClientConnection.java DEBUG [Forwarding findElement on session 0fb59d3c372d29b94d8f2df8106983e1 to remote] http.headers 136 - http-outgoing-3 >> Content-Type: application/json; charset=utf-8
12-09-2018 12:36:25 LoggingManagedHttpClientConnection.java DEBUG [Forwarding findElement on session 0fb59d3c372d29b94d8f2df8106983e1 to remote] http.headers 136 - http-outgoing-3 >> Content-Length: 55
12-09-2018 12:36:25 LoggingManagedHttpClientConnection.java DEBUG [Forwarding findElement on session 0fb59d3c372d29b94d8f2df8106983e1 to remote] http.headers 136 - http-outgoing-3 >> Host: localhost:13733
12-09-2018 12:36:25 LoggingManagedHttpClientConnection.java DEBUG [Forwarding findElement on session 0fb59d3c372d29b94d8f2df8106983e1 to remote] http.headers 136 - http-outgoing-3 >> Connection: Keep-Alive
12-09-2018 12:36:25 LoggingManagedHttpClientConnection.java DEBUG [Forwarding findElement on session 0fb59d3c372d29b94d8f2df8106983e1 to remote] http.headers 136 - http-outgoing-3 >> User-Agent: Apache-HttpClient/4.5.3 (Java/1.8.0_181)
12-09-2018 12:36:25 LoggingManagedHttpClientConnection.java DEBUG [Forwarding findElement on session 0fb59d3c372d29b94d8f2df8106983e1 to remote] http.headers 136 - http-outgoing-3 >> Accept-Encoding: gzip,deflate
12-09-2018 12:36:25 Wire.java DEBUG [Forwarding findElement on session 0fb59d3c372d29b94d8f2df8106983e1 to remote] http.wire 73 - http-outgoing-3 >> "POST /session/0fb59d3c372d29b94d8f2df8106983e1/element HTTP/1.1[\r][\n]"
12-09-2018 12:36:25 Wire.java DEBUG [Forwarding findElement on session 0fb59d3c372d29b94d8f2df8106983e1 to remote] http.wire 73 - http-outgoing-3 >> "Content-Type: application/json; charset=utf-8[\r][\n]"
12-09-2018 12:36:25 Wire.java DEBUG [Forwarding findElement on session 0fb59d3c372d29b94d8f2df8106983e1 to remote] http.wire 73 - http-outgoing-3 >> "Content-Length: 55[\r][\n]"
12-09-2018 12:36:25 Wire.java DEBUG [Forwarding findElement on session 0fb59d3c372d29b94d8f2df8106983e1 to remote] http.wire 73 - http-outgoing-3 >> "Host: localhost:13733[\r][\n]"
12-09-2018 12:36:25 Wire.java DEBUG [Forwarding findElement on session 0fb59d3c372d29b94d8f2df8106983e1 to remote] http.wire 73 - http-outgoing-3 >> "Connection: Keep-Alive[\r][\n]"
12-09-2018 12:36:25 Wire.java DEBUG [Forwarding findElement on session 0fb59d3c372d29b94d8f2df8106983e1 to remote] http.wire 73 - http-outgoing-3 >> "User-Agent: Apache-HttpClient/4.5.3 (Java/1.8.0_181)[\r][\n]"
12-09-2018 12:36:25 Wire.java DEBUG [Forwarding findElement on session 0fb59d3c372d29b94d8f2df8106983e1 to remote] http.wire 73 - http-outgoing-3 >> "Accept-Encoding: gzip,deflate[\r][\n]"
12-09-2018 12:36:25 Wire.java DEBUG [Forwarding findElement on session 0fb59d3c372d29b94d8f2df8106983e1 to remote] http.wire 73 - http-outgoing-3 >> "[\r][\n]"
12-09-2018 12:36:25 Wire.java DEBUG [Forwarding findElement on session 0fb59d3c372d29b94d8f2df8106983e1 to remote] http.wire 87 - http-outgoing-3 >> "{"using":"xpath","value":"//span[@class='gb_bb gbii']"}"
12-09-2018 12:36:25 Wire.java DEBUG [Forwarding findElement on session 0fb59d3c372d29b94d8f2df8106983e1 to remote] http.wire 73 - http-outgoing-3 << "HTTP/1.1 200 OK[\r][\n]"
12-09-2018 12:36:25 Wire.java DEBUG [Forwarding findElement on session 0fb59d3c372d29b94d8f2df8106983e1 to remote] http.wire 73 - http-outgoing-3 << "Content-Length:356[\r][\n]"
12-09-2018 12:36:25 Wire.java DEBUG [Forwarding findElement on session 0fb59d3c372d29b94d8f2df8106983e1 to remote] http.wire 73 - http-outgoing-3 << "Content-Type:application/json; charset=utf-8[\r][\n]"
12-09-2018 12:36:25 Wire.java DEBUG [Forwarding findElement on session 0fb59d3c372d29b94d8f2df8106983e1 to remote] http.wire 73 - http-outgoing-3 << "[\r][\n]"
12-09-2018 12:36:25 Wire.java DEBUG [Forwarding findElement on session 0fb59d3c372d29b94d8f2df8106983e1 to remote] http.wire 87 - http-outgoing-3 << "{"sessionId":"0fb59d3c372d29b94d8f2df8106983e1","status":7,"value":{"message":"no such element: Unable to locate element: {\"method\":\"xpath\",\"selector\":\"//span[@class='gb_bb gbii']\"}\n  (Session info: chrome=70.0.3538.110)\n  (Driver info: chromedriver=2.44.609538 (b655c5a60b0b544917107a59d4153d4bf78e1b90),platform=Windows NT 10.0.17134 x86_64)"}}"
12-09-2018 12:36:25 LoggingManagedHttpClientConnection.java DEBUG [Forwarding findElement on session 0fb59d3c372d29b94d8f2df8106983e1 to remote] http.headers 122 - http-outgoing-3 << HTTP/1.1 200 OK
12-09-2018 12:36:25 LoggingManagedHttpClientConnection.java DEBUG [Forwarding findElement on session 0fb59d3c372d29b94d8f2df8106983e1 to remote] http.headers 125 - http-outgoing-3 << Content-Length:356
12-09-2018 12:36:25 LoggingManagedHttpClientConnection.java DEBUG [Forwarding findElement on session 0fb59d3c372d29b94d8f2df8106983e1 to remote] http.headers 125 - http-outgoing-3 << Content-Type:application/json; charset=utf-8
12-09-2018 12:36:25 MainClientExec.java DEBUG [Forwarding findElement on session 0fb59d3c372d29b94d8f2df8106983e1 to remote] execchain.MainClientExec 285 - Connection can be kept alive indefinitely
12-09-2018 12:36:25 PoolingHttpClientConnectionManager.java DEBUG [Forwarding findElement on session 0fb59d3c372d29b94d8f2df8106983e1 to remote] conn.PoolingHttpClientConnectionManager 320 - Connection [id: 3][route: {}->http://localhost:13733] can be kept alive indefinitely
12-09-2018 12:36:25 PoolingHttpClientConnectionManager.java DEBUG [Forwarding findElement on session 0fb59d3c372d29b94d8f2df8106983e1 to remote] conn.PoolingHttpClientConnectionManager 326 - Connection released: [id: 3][route: {}->http://localhost:13733][total kept alive: 1; route allocated: 1 of 2000; total allocated: 1 of 2000]
12-09-2018 12:36:26 RequestAddCookies.java DEBUG [Forwarding findElement on session 0fb59d3c372d29b94d8f2df8106983e1 to remote] protocol.RequestAddCookies 123 - CookieSpec selected: default
12-09-2018 12:36:26 RequestAuthCache.java DEBUG [Forwarding findElement on session 0fb59d3c372d29b94d8f2df8106983e1 to remote] protocol.RequestAuthCache 77 - Auth cache not set in the context
12-09-2018 12:36:26 PoolingHttpClientConnectionManager.java DEBUG [Forwarding findElement on session 0fb59d3c372d29b94d8f2df8106983e1 to remote] conn.PoolingHttpClientConnectionManager 255 - Connection request: [route: {}->http://localhost:13733][total kept alive: 1; route allocated: 1 of 2000; total allocated: 1 of 2000]
12-09-2018 12:36:26 PoolingHttpClientConnectionManager.java DEBUG [Forwarding findElement on session 0fb59d3c372d29b94d8f2df8106983e1 to remote] conn.PoolingHttpClientConnectionManager 288 - Connection leased: [id: 3][route: {}->http://localhost:13733][total kept alive: 0; route allocated: 1 of 2000; total allocated: 1 of 2000]
12-09-2018 12:36:26 MainClientExec.java DEBUG [Forwarding findElement on session 0fb59d3c372d29b94d8f2df8106983e1 to remote] execchain.MainClientExec 208 - Stale connection check
12-09-2018 12:36:26 Wire.java DEBUG [Forwarding findElement on session 0fb59d3c372d29b94d8f2df8106983e1 to remote] http.wire 87 - http-outgoing-3 << "[read] I/O error: Read timed out"
12-09-2018 12:36:26 LoggingManagedHttpClientConnection.java DEBUG [Forwarding findElement on session 0fb59d3c372d29b94d8f2df8106983e1 to remote] conn.DefaultManagedHttpClientConnection 88 - http-outgoing-3: set socket timeout to 10800000
12-09-2018 12:36:26 MainClientExec.java DEBUG [Forwarding findElement on session 0fb59d3c372d29b94d8f2df8106983e1 to remote] execchain.MainClientExec 256 - Executing request POST /session/0fb59d3c372d29b94d8f2df8106983e1/element HTTP/1.1
12-09-2018 12:36:26 MainClientExec.java DEBUG [Forwarding findElement on session 0fb59d3c372d29b94d8f2df8106983e1 to remote] execchain.MainClientExec 261 - Target auth state: UNCHALLENGED
12-09-2018 12:36:26 MainClientExec.java DEBUG [Forwarding findElement on session 0fb59d3c372d29b94d8f2df8106983e1 to remote] execchain.MainClientExec 267 - Proxy auth state: UNCHALLENGED
12-09-2018 12:36:26 LoggingManagedHttpClientConnection.java DEBUG [Forwarding findElement on session 0fb59d3c372d29b94d8f2df8106983e1 to remote] http.headers 133 - http-outgoing-3 >> POST /session/0fb59d3c372d29b94d8f2df8106983e1/element HTTP/1.1
12-09-2018 12:36:26 LoggingManagedHttpClientConnection.java DEBUG [Forwarding findElement on session 0fb59d3c372d29b94d8f2df8106983e1 to remote] http.headers 136 - http-outgoing-3 >> Content-Type: application/json; charset=utf-8
12-09-2018 12:36:26 LoggingManagedHttpClientConnection.java DEBUG [Forwarding findElement on session 0fb59d3c372d29b94d8f2df8106983e1 to remote] http.headers 136 - http-outgoing-3 >> Content-Length: 55
12-09-2018 12:36:26 LoggingManagedHttpClientConnection.java DEBUG [Forwarding findElement on session 0fb59d3c372d29b94d8f2df8106983e1 to remote] http.headers 136 - http-outgoing-3 >> Host: localhost:13733
12-09-2018 12:36:26 LoggingManagedHttpClientConnection.java DEBUG [Forwarding findElement on session 0fb59d3c372d29b94d8f2df8106983e1 to remote] http.headers 136 - http-outgoing-3 >> Connection: Keep-Alive
12-09-2018 12:36:26 LoggingManagedHttpClientConnection.java DEBUG [Forwarding findElement on session 0fb59d3c372d29b94d8f2df8106983e1 to remote] http.headers 136 - http-outgoing-3 >> User-Agent: Apache-HttpClient/4.5.3 (Java/1.8.0_181)
12-09-2018 12:36:26 LoggingManagedHttpClientConnection.java DEBUG [Forwarding findElement on session 0fb59d3c372d29b94d8f2df8106983e1 to remote] http.headers 136 - http-outgoing-3 >> Accept-Encoding: gzip,deflate
12-09-2018 12:36:26 Wire.java DEBUG [Forwarding findElement on session 0fb59d3c372d29b94d8f2df8106983e1 to remote] http.wire 73 - http-outgoing-3 >> "POST /session/0fb59d3c372d29b94d8f2df8106983e1/element HTTP/1.1[\r][\n]"
12-09-2018 12:36:26 Wire.java DEBUG [Forwarding findElement on session 0fb59d3c372d29b94d8f2df8106983e1 to remote] http.wire 73 - http-outgoing-3 >> "Content-Type: application/json; charset=utf-8[\r][\n]"
12-09-2018 12:36:26 Wire.java DEBUG [Forwarding findElement on session 0fb59d3c372d29b94d8f2df8106983e1 to remote] http.wire 73 - http-outgoing-3 >> "Content-Length: 55[\r][\n]"
12-09-2018 12:36:26 Wire.java DEBUG [Forwarding findElement on session 0fb59d3c372d29b94d8f2df8106983e1 to remote] http.wire 73 - http-outgoing-3 >> "Host: localhost:13733[\r][\n]"
12-09-2018 12:36:26 Wire.java DEBUG [Forwarding findElement on session 0fb59d3c372d29b94d8f2df8106983e1 to remote] http.wire 73 - http-outgoing-3 >> "Connection: Keep-Alive[\r][\n]"
12-09-2018 12:36:26 Wire.java DEBUG [Forwarding findElement on session 0fb59d3c372d29b94d8f2df8106983e1 to remote] http.wire 73 - http-outgoing-3 >> "User-Agent: Apache-HttpClient/4.5.3 (Java/1.8.0_181)[\r][\n]"
12-09-2018 12:36:26 Wire.java DEBUG [Forwarding findElement on session 0fb59d3c372d29b94d8f2df8106983e1 to remote] http.wire 73 - http-outgoing-3 >> "Accept-Encoding: gzip,deflate[\r][\n]"
12-09-2018 12:36:26 Wire.java DEBUG [Forwarding findElement on session 0fb59d3c372d29b94d8f2df8106983e1 to remote] http.wire 73 - http-outgoing-3 >> "[\r][\n]"
12-09-2018 12:36:26 Wire.java DEBUG [Forwarding findElement on session 0fb59d3c372d29b94d8f2df8106983e1 to remote] http.wire 87 - http-outgoing-3 >> "{"using":"xpath","value":"//span[@class='gb_bb gbii']"}"
12-09-2018 12:36:26 Wire.java DEBUG [Forwarding findElement on session 0fb59d3c372d29b94d8f2df8106983e1 to remote] http.wire 73 - http-outgoing-3 << "HTTP/1.1 200 OK[\r][\n]"
12-09-2018 12:36:26 Wire.java DEBUG [Forwarding findElement on session 0fb59d3c372d29b94d8f2df8106983e1 to remote] http.wire 73 - http-outgoing-3 << "Content-Length:356[\r][\n]"
12-09-2018 12:36:26 Wire.java DEBUG [Forwarding findElement on session 0fb59d3c372d29b94d8f2df8106983e1 to remote] http.wire 73 - http-outgoing-3 << "Content-Type:application/json; charset=utf-8[\r][\n]"
12-09-2018 12:36:26 Wire.java DEBUG [Forwarding findElement on session 0fb59d3c372d29b94d8f2df8106983e1 to remote] http.wire 73 - http-outgoing-3 << "[\r][\n]"
12-09-2018 12:36:26 Wire.java DEBUG [Forwarding findElement on session 0fb59d3c372d29b94d8f2df8106983e1 to remote] http.wire 87 - http-outgoing-3 << "{"sessionId":"0fb59d3c372d29b94d8f2df8106983e1","status":7,"value":{"message":"no such element: Unable to locate element: {\"method\":\"xpath\",\"selector\":\"//span[@class='gb_bb gbii']\"}\n  (Session info: chrome=70.0.3538.110)\n  (Driver info: chromedriver=2.44.609538 (b655c5a60b0b544917107a59d4153d4bf78e1b90),platform=Windows NT 10.0.17134 x86_64)"}}"
12-09-2018 12:36:26 LoggingManagedHttpClientConnection.java DEBUG [Forwarding findElement on session 0fb59d3c372d29b94d8f2df8106983e1 to remote] http.headers 122 - http-outgoing-3 << HTTP/1.1 200 OK
12-09-2018 12:36:26 LoggingManagedHttpClientConnection.java DEBUG [Forwarding findElement on session 0fb59d3c372d29b94d8f2df8106983e1 to remote] http.headers 125 - http-outgoing-3 << Content-Length:356
12-09-2018 12:36:26 LoggingManagedHttpClientConnection.java DEBUG [Forwarding findElement on session 0fb59d3c372d29b94d8f2df8106983e1 to remote] http.headers 125 - http-outgoing-3 << Content-Type:application/json; charset=utf-8
12-09-2018 12:36:26 MainClientExec.java DEBUG [Forwarding findElement on session 0fb59d3c372d29b94d8f2df8106983e1 to remote] execchain.MainClientExec 285 - Connection can be kept alive indefinitely
12-09-2018 12:36:26 PoolingHttpClientConnectionManager.java DEBUG [Forwarding findElement on session 0fb59d3c372d29b94d8f2df8106983e1 to remote] conn.PoolingHttpClientConnectionManager 320 - Connection [id: 3][route: {}->http://localhost:13733] can be kept alive indefinitely
12-09-2018 12:36:26 PoolingHttpClientConnectionManager.java DEBUG [Forwarding findElement on session 0fb59d3c372d29b94d8f2df8106983e1 to remote] conn.PoolingHttpClientConnectionManager 326 - Connection released: [id: 3][route: {}->http://localhost:13733][total kept alive: 1; route allocated: 1 of 2000; total allocated: 1 of 2000]
12-09-2018 12:36:27 RequestAddCookies.java DEBUG [Forwarding findElement on session 0fb59d3c372d29b94d8f2df8106983e1 to remote] protocol.RequestAddCookies 123 - CookieSpec selected: default
12-09-2018 12:36:27 RequestAuthCache.java DEBUG [Forwarding findElement on session 0fb59d3c372d29b94d8f2df8106983e1 to remote] protocol.RequestAuthCache 77 - Auth cache not set in the context
12-09-2018 12:36:27 PoolingHttpClientConnectionManager.java DEBUG [Forwarding findElement on session 0fb59d3c372d29b94d8f2df8106983e1 to remote] conn.PoolingHttpClientConnectionManager 255 - Connection request: [route: {}->http://localhost:13733][total kept alive: 1; route allocated: 1 of 2000; total allocated: 1 of 2000]
12-09-2018 12:36:27 PoolingHttpClientConnectionManager.java DEBUG [Forwarding findElement on session 0fb59d3c372d29b94d8f2df8106983e1 to remote] conn.PoolingHttpClientConnectionManager 288 - Connection leased: [id: 3][route: {}->http://localhost:13733][total kept alive: 0; route allocated: 1 of 2000; total allocated: 1 of 2000]
12-09-2018 12:36:27 MainClientExec.java DEBUG [Forwarding findElement on session 0fb59d3c372d29b94d8f2df8106983e1 to remote] execchain.MainClientExec 208 - Stale connection check
12-09-2018 12:36:27 Wire.java DEBUG [Forwarding findElement on session 0fb59d3c372d29b94d8f2df8106983e1 to remote] http.wire 87 - http-outgoing-3 << "[read] I/O error: Read timed out"
12-09-2018 12:36:27 LoggingManagedHttpClientConnection.java DEBUG [Forwarding findElement on session 0fb59d3c372d29b94d8f2df8106983e1 to remote] conn.DefaultManagedHttpClientConnection 88 - http-outgoing-3: set socket timeout to 10800000
12-09-2018 12:36:27 MainClientExec.java DEBUG [Forwarding findElement on session 0fb59d3c372d29b94d8f2df8106983e1 to remote] execchain.MainClientExec 256 - Executing request POST /session/0fb59d3c372d29b94d8f2df8106983e1/element HTTP/1.1
12-09-2018 12:36:27 MainClientExec.java DEBUG [Forwarding findElement on session 0fb59d3c372d29b94d8f2df8106983e1 to remote] execchain.MainClientExec 261 - Target auth state: UNCHALLENGED
12-09-2018 12:36:27 MainClientExec.java DEBUG [Forwarding findElement on session 0fb59d3c372d29b94d8f2df8106983e1 to remote] execchain.MainClientExec 267 - Proxy auth state: UNCHALLENGED
12-09-2018 12:36:27 LoggingManagedHttpClientConnection.java DEBUG [Forwarding findElement on session 0fb59d3c372d29b94d8f2df8106983e1 to remote] http.headers 133 - http-outgoing-3 >> POST /session/0fb59d3c372d29b94d8f2df8106983e1/element HTTP/1.1
12-09-2018 12:36:27 LoggingManagedHttpClientConnection.java DEBUG [Forwarding findElement on session 0fb59d3c372d29b94d8f2df8106983e1 to remote] http.headers 136 - http-outgoing-3 >> Content-Type: application/json; charset=utf-8
12-09-2018 12:36:27 LoggingManagedHttpClientConnection.java DEBUG [Forwarding findElement on session 0fb59d3c372d29b94d8f2df8106983e1 to remote] http.headers 136 - http-outgoing-3 >> Content-Length: 55
12-09-2018 12:36:27 LoggingManagedHttpClientConnection.java DEBUG [Forwarding findElement on session 0fb59d3c372d29b94d8f2df8106983e1 to remote] http.headers 136 - http-outgoing-3 >> Host: localhost:13733
12-09-2018 12:36:27 LoggingManagedHttpClientConnection.java DEBUG [Forwarding findElement on session 0fb59d3c372d29b94d8f2df8106983e1 to remote] http.headers 136 - http-outgoing-3 >> Connection: Keep-Alive
12-09-2018 12:36:27 LoggingManagedHttpClientConnection.java DEBUG [Forwarding findElement on session 0fb59d3c372d29b94d8f2df8106983e1 to remote] http.headers 136 - http-outgoing-3 >> User-Agent: Apache-HttpClient/4.5.3 (Java/1.8.0_181)
12-09-2018 12:36:27 LoggingManagedHttpClientConnection.java DEBUG [Forwarding findElement on session 0fb59d3c372d29b94d8f2df8106983e1 to remote] http.headers 136 - http-outgoing-3 >> Accept-Encoding: gzip,deflate
12-09-2018 12:36:27 Wire.java DEBUG [Forwarding findElement on session 0fb59d3c372d29b94d8f2df8106983e1 to remote] http.wire 73 - http-outgoing-3 >> "POST /session/0fb59d3c372d29b94d8f2df8106983e1/element HTTP/1.1[\r][\n]"
12-09-2018 12:36:27 Wire.java DEBUG [Forwarding findElement on session 0fb59d3c372d29b94d8f2df8106983e1 to remote] http.wire 73 - http-outgoing-3 >> "Content-Type: application/json; charset=utf-8[\r][\n]"
12-09-2018 12:36:27 Wire.java DEBUG [Forwarding findElement on session 0fb59d3c372d29b94d8f2df8106983e1 to remote] http.wire 73 - http-outgoing-3 >> "Content-Length: 55[\r][\n]"
12-09-2018 12:36:27 Wire.java DEBUG [Forwarding findElement on session 0fb59d3c372d29b94d8f2df8106983e1 to remote] http.wire 73 - http-outgoing-3 >> "Host: localhost:13733[\r][\n]"
12-09-2018 12:36:27 Wire.java DEBUG [Forwarding findElement on session 0fb59d3c372d29b94d8f2df8106983e1 to remote] http.wire 73 - http-outgoing-3 >> "Connection: Keep-Alive[\r][\n]"
12-09-2018 12:36:27 Wire.java DEBUG [Forwarding findElement on session 0fb59d3c372d29b94d8f2df8106983e1 to remote] http.wire 73 - http-outgoing-3 >> "User-Agent: Apache-HttpClient/4.5.3 (Java/1.8.0_181)[\r][\n]"
12-09-2018 12:36:27 Wire.java DEBUG [Forwarding findElement on session 0fb59d3c372d29b94d8f2df8106983e1 to remote] http.wire 73 - http-outgoing-3 >> "Accept-Encoding: gzip,deflate[\r][\n]"
12-09-2018 12:36:27 Wire.java DEBUG [Forwarding findElement on session 0fb59d3c372d29b94d8f2df8106983e1 to remote] http.wire 73 - http-outgoing-3 >> "[\r][\n]"
12-09-2018 12:36:27 Wire.java DEBUG [Forwarding findElement on session 0fb59d3c372d29b94d8f2df8106983e1 to remote] http.wire 87 - http-outgoing-3 >> "{"using":"xpath","value":"//span[@class='gb_bb gbii']"}"
12-09-2018 12:36:27 Wire.java DEBUG [Forwarding findElement on session 0fb59d3c372d29b94d8f2df8106983e1 to remote] http.wire 73 - http-outgoing-3 << "HTTP/1.1 200 OK[\r][\n]"
12-09-2018 12:36:27 Wire.java DEBUG [Forwarding findElement on session 0fb59d3c372d29b94d8f2df8106983e1 to remote] http.wire 73 - http-outgoing-3 << "Content-Length:356[\r][\n]"
12-09-2018 12:36:27 Wire.java DEBUG [Forwarding findElement on session 0fb59d3c372d29b94d8f2df8106983e1 to remote] http.wire 73 - http-outgoing-3 << "Content-Type:application/json; charset=utf-8[\r][\n]"
12-09-2018 12:36:27 Wire.java DEBUG [Forwarding findElement on session 0fb59d3c372d29b94d8f2df8106983e1 to remote] http.wire 73 - http-outgoing-3 << "[\r][\n]"
12-09-2018 12:36:27 Wire.java DEBUG [Forwarding findElement on session 0fb59d3c372d29b94d8f2df8106983e1 to remote] http.wire 87 - http-outgoing-3 << "{"sessionId":"0fb59d3c372d29b94d8f2df8106983e1","status":7,"value":{"message":"no such element: Unable to locate element: {\"method\":\"xpath\",\"selector\":\"//span[@class='gb_bb gbii']\"}\n  (Session info: chrome=70.0.3538.110)\n  (Driver info: chromedriver=2.44.609538 (b655c5a60b0b544917107a59d4153d4bf78e1b90),platform=Windows NT 10.0.17134 x86_64)"}}"
12-09-2018 12:36:27 LoggingManagedHttpClientConnection.java DEBUG [Forwarding findElement on session 0fb59d3c372d29b94d8f2df8106983e1 to remote] http.headers 122 - http-outgoing-3 << HTTP/1.1 200 OK
12-09-2018 12:36:27 LoggingManagedHttpClientConnection.java DEBUG [Forwarding findElement on session 0fb59d3c372d29b94d8f2df8106983e1 to remote] http.headers 125 - http-outgoing-3 << Content-Length:356
12-09-2018 12:36:27 LoggingManagedHttpClientConnection.java DEBUG [Forwarding findElement on session 0fb59d3c372d29b94d8f2df8106983e1 to remote] http.headers 125 - http-outgoing-3 << Content-Type:application/json; charset=utf-8
12-09-2018 12:36:27 MainClientExec.java DEBUG [Forwarding findElement on session 0fb59d3c372d29b94d8f2df8106983e1 to remote] execchain.MainClientExec 285 - Connection can be kept alive indefinitely
12-09-2018 12:36:27 PoolingHttpClientConnectionManager.java DEBUG [Forwarding findElement on session 0fb59d3c372d29b94d8f2df8106983e1 to remote] conn.PoolingHttpClientConnectionManager 320 - Connection [id: 3][route: {}->http://localhost:13733] can be kept alive indefinitely
12-09-2018 12:36:27 PoolingHttpClientConnectionManager.java DEBUG [Forwarding findElement on session 0fb59d3c372d29b94d8f2df8106983e1 to remote] conn.PoolingHttpClientConnectionManager 326 - Connection released: [id: 3][route: {}->http://localhost:13733][total kept alive: 1; route allocated: 1 of 2000; total allocated: 1 of 2000]
12-09-2018 12:36:27 RequestAddCookies.java DEBUG [Forwarding findElement on session 0fb59d3c372d29b94d8f2df8106983e1 to remote] protocol.RequestAddCookies 123 - CookieSpec selected: default
12-09-2018 12:36:27 RequestAuthCache.java DEBUG [Forwarding findElement on session 0fb59d3c372d29b94d8f2df8106983e1 to remote] protocol.RequestAuthCache 77 - Auth cache not set in the context
12-09-2018 12:36:27 PoolingHttpClientConnectionManager.java DEBUG [Forwarding findElement on session 0fb59d3c372d29b94d8f2df8106983e1 to remote] conn.PoolingHttpClientConnectionManager 255 - Connection request: [route: {}->http://localhost:13733][total kept alive: 1; route allocated: 1 of 2000; total allocated: 1 of 2000]
12-09-2018 12:36:27 PoolingHttpClientConnectionManager.java DEBUG [Forwarding findElement on session 0fb59d3c372d29b94d8f2df8106983e1 to remote] conn.PoolingHttpClientConnectionManager 288 - Connection leased: [id: 3][route: {}->http://localhost:13733][total kept alive: 0; route allocated: 1 of 2000; total allocated: 1 of 2000]
12-09-2018 12:36:27 MainClientExec.java DEBUG [Forwarding findElement on session 0fb59d3c372d29b94d8f2df8106983e1 to remote] execchain.MainClientExec 208 - Stale connection check
12-09-2018 12:36:27 Wire.java DEBUG [Forwarding findElement on session 0fb59d3c372d29b94d8f2df8106983e1 to remote] http.wire 87 - http-outgoing-3 << "[read] I/O error: Read timed out"
12-09-2018 12:36:27 LoggingManagedHttpClientConnection.java DEBUG [Forwarding findElement on session 0fb59d3c372d29b94d8f2df8106983e1 to remote] conn.DefaultManagedHttpClientConnection 88 - http-outgoing-3: set socket timeout to 10800000
12-09-2018 12:36:27 MainClientExec.java DEBUG [Forwarding findElement on session 0fb59d3c372d29b94d8f2df8106983e1 to remote] execchain.MainClientExec 256 - Executing request POST /session/0fb59d3c372d29b94d8f2df8106983e1/element HTTP/1.1
12-09-2018 12:36:27 MainClientExec.java DEBUG [Forwarding findElement on session 0fb59d3c372d29b94d8f2df8106983e1 to remote] execchain.MainClientExec 261 - Target auth state: UNCHALLENGED
12-09-2018 12:36:27 MainClientExec.java DEBUG [Forwarding findElement on session 0fb59d3c372d29b94d8f2df8106983e1 to remote] execchain.MainClientExec 267 - Proxy auth state: UNCHALLENGED
12-09-2018 12:36:27 LoggingManagedHttpClientConnection.java DEBUG [Forwarding findElement on session 0fb59d3c372d29b94d8f2df8106983e1 to remote] http.headers 133 - http-outgoing-3 >> POST /session/0fb59d3c372d29b94d8f2df8106983e1/element HTTP/1.1
12-09-2018 12:36:27 LoggingManagedHttpClientConnection.java DEBUG [Forwarding findElement on session 0fb59d3c372d29b94d8f2df8106983e1 to remote] http.headers 136 - http-outgoing-3 >> Content-Type: application/json; charset=utf-8
12-09-2018 12:36:27 LoggingManagedHttpClientConnection.java DEBUG [Forwarding findElement on session 0fb59d3c372d29b94d8f2df8106983e1 to remote] http.headers 136 - http-outgoing-3 >> Content-Length: 55
12-09-2018 12:36:27 LoggingManagedHttpClientConnection.java DEBUG [Forwarding findElement on session 0fb59d3c372d29b94d8f2df8106983e1 to remote] http.headers 136 - http-outgoing-3 >> Host: localhost:13733
12-09-2018 12:36:27 LoggingManagedHttpClientConnection.java DEBUG [Forwarding findElement on session 0fb59d3c372d29b94d8f2df8106983e1 to remote] http.headers 136 - http-outgoing-3 >> Connection: Keep-Alive
12-09-2018 12:36:27 LoggingManagedHttpClientConnection.java DEBUG [Forwarding findElement on session 0fb59d3c372d29b94d8f2df8106983e1 to remote] http.headers 136 - http-outgoing-3 >> User-Agent: Apache-HttpClient/4.5.3 (Java/1.8.0_181)
12-09-2018 12:36:27 LoggingManagedHttpClientConnection.java DEBUG [Forwarding findElement on session 0fb59d3c372d29b94d8f2df8106983e1 to remote] http.headers 136 - http-outgoing-3 >> Accept-Encoding: gzip,deflate
12-09-2018 12:36:27 Wire.java DEBUG [Forwarding findElement on session 0fb59d3c372d29b94d8f2df8106983e1 to remote] http.wire 73 - http-outgoing-3 >> "POST /session/0fb59d3c372d29b94d8f2df8106983e1/element HTTP/1.1[\r][\n]"
12-09-2018 12:36:27 Wire.java DEBUG [Forwarding findElement on session 0fb59d3c372d29b94d8f2df8106983e1 to remote] http.wire 73 - http-outgoing-3 >> "Content-Type: application/json; charset=utf-8[\r][\n]"
12-09-2018 12:36:27 Wire.java DEBUG [Forwarding findElement on session 0fb59d3c372d29b94d8f2df8106983e1 to remote] http.wire 73 - http-outgoing-3 >> "Content-Length: 55[\r][\n]"
12-09-2018 12:36:27 Wire.java DEBUG [Forwarding findElement on session 0fb59d3c372d29b94d8f2df8106983e1 to remote] http.wire 73 - http-outgoing-3 >> "Host: localhost:13733[\r][\n]"
12-09-2018 12:36:27 Wire.java DEBUG [Forwarding findElement on session 0fb59d3c372d29b94d8f2df8106983e1 to remote] http.wire 73 - http-outgoing-3 >> "Connection: Keep-Alive[\r][\n]"
12-09-2018 12:36:27 Wire.java DEBUG [Forwarding findElement on session 0fb59d3c372d29b94d8f2df8106983e1 to remote] http.wire 73 - http-outgoing-3 >> "User-Agent: Apache-HttpClient/4.5.3 (Java/1.8.0_181)[\r][\n]"
12-09-2018 12:36:27 Wire.java DEBUG [Forwarding findElement on session 0fb59d3c372d29b94d8f2df8106983e1 to remote] http.wire 73 - http-outgoing-3 >> "Accept-Encoding: gzip,deflate[\r][\n]"
12-09-2018 12:36:27 Wire.java DEBUG [Forwarding findElement on session 0fb59d3c372d29b94d8f2df8106983e1 to remote] http.wire 73 - http-outgoing-3 >> "[\r][\n]"
12-09-2018 12:36:27 Wire.java DEBUG [Forwarding findElement on session 0fb59d3c372d29b94d8f2df8106983e1 to remote] http.wire 87 - http-outgoing-3 >> "{"using":"xpath","value":"//span[@class='gb_bb gbii']"}"
12-09-2018 12:36:27 Wire.java DEBUG [Forwarding findElement on session 0fb59d3c372d29b94d8f2df8106983e1 to remote] http.wire 73 - http-outgoing-3 << "HTTP/1.1 200 OK[\r][\n]"
12-09-2018 12:36:27 Wire.java DEBUG [Forwarding findElement on session 0fb59d3c372d29b94d8f2df8106983e1 to remote] http.wire 73 - http-outgoing-3 << "Content-Length:356[\r][\n]"
12-09-2018 12:36:27 Wire.java DEBUG [Forwarding findElement on session 0fb59d3c372d29b94d8f2df8106983e1 to remote] http.wire 73 - http-outgoing-3 << "Content-Type:application/json; charset=utf-8[\r][\n]"
12-09-2018 12:36:27 Wire.java DEBUG [Forwarding findElement on session 0fb59d3c372d29b94d8f2df8106983e1 to remote] http.wire 73 - http-outgoing-3 << "[\r][\n]"
12-09-2018 12:36:27 Wire.java DEBUG [Forwarding findElement on session 0fb59d3c372d29b94d8f2df8106983e1 to remote] http.wire 87 - http-outgoing-3 << "{"sessionId":"0fb59d3c372d29b94d8f2df8106983e1","status":7,"value":{"message":"no such element: Unable to locate element: {\"method\":\"xpath\",\"selector\":\"//span[@class='gb_bb gbii']\"}\n  (Session info: chrome=70.0.3538.110)\n  (Driver info: chromedriver=2.44.609538 (b655c5a60b0b544917107a59d4153d4bf78e1b90),platform=Windows NT 10.0.17134 x86_64)"}}"
12-09-2018 12:36:27 LoggingManagedHttpClientConnection.java DEBUG [Forwarding findElement on session 0fb59d3c372d29b94d8f2df8106983e1 to remote] http.headers 122 - http-outgoing-3 << HTTP/1.1 200 OK
12-09-2018 12:36:27 LoggingManagedHttpClientConnection.java DEBUG [Forwarding findElement on session 0fb59d3c372d29b94d8f2df8106983e1 to remote] http.headers 125 - http-outgoing-3 << Content-Length:356
12-09-2018 12:36:27 LoggingManagedHttpClientConnection.java DEBUG [Forwarding findElement on session 0fb59d3c372d29b94d8f2df8106983e1 to remote] http.headers 125 - http-outgoing-3 << Content-Type:application/json; charset=utf-8
12-09-2018 12:36:27 MainClientExec.java DEBUG [Forwarding findElement on session 0fb59d3c372d29b94d8f2df8106983e1 to remote] execchain.MainClientExec 285 - Connection can be kept alive indefinitely
12-09-2018 12:36:27 PoolingHttpClientConnectionManager.java DEBUG [Forwarding findElement on session 0fb59d3c372d29b94d8f2df8106983e1 to remote] conn.PoolingHttpClientConnectionManager 320 - Connection [id: 3][route: {}->http://localhost:13733] can be kept alive indefinitely
12-09-2018 12:36:27 PoolingHttpClientConnectionManager.java DEBUG [Forwarding findElement on session 0fb59d3c372d29b94d8f2df8106983e1 to remote] conn.PoolingHttpClientConnectionManager 326 - Connection released: [id: 3][route: {}->http://localhost:13733][total kept alive: 1; route allocated: 1 of 2000; total allocated: 1 of 2000]
12-09-2018 12:36:28 RequestAddCookies.java DEBUG [Forwarding findElement on session 0fb59d3c372d29b94d8f2df8106983e1 to remote] protocol.RequestAddCookies 123 - CookieSpec selected: default
12-09-2018 12:36:28 RequestAuthCache.java DEBUG [Forwarding findElement on session 0fb59d3c372d29b94d8f2df8106983e1 to remote] protocol.RequestAuthCache 77 - Auth cache not set in the context
12-09-2018 12:36:28 PoolingHttpClientConnectionManager.java DEBUG [Forwarding findElement on session 0fb59d3c372d29b94d8f2df8106983e1 to remote] conn.PoolingHttpClientConnectionManager 255 - Connection request: [route: {}->http://localhost:13733][total kept alive: 1; route allocated: 1 of 2000; total allocated: 1 of 2000]
12-09-2018 12:36:28 PoolingHttpClientConnectionManager.java DEBUG [Forwarding findElement on session 0fb59d3c372d29b94d8f2df8106983e1 to remote] conn.PoolingHttpClientConnectionManager 288 - Connection leased: [id: 3][route: {}->http://localhost:13733][total kept alive: 0; route allocated: 1 of 2000; total allocated: 1 of 2000]
12-09-2018 12:36:28 MainClientExec.java DEBUG [Forwarding findElement on session 0fb59d3c372d29b94d8f2df8106983e1 to remote] execchain.MainClientExec 208 - Stale connection check
12-09-2018 12:36:28 Wire.java DEBUG [Forwarding findElement on session 0fb59d3c372d29b94d8f2df8106983e1 to remote] http.wire 87 - http-outgoing-3 << "[read] I/O error: Read timed out"
12-09-2018 12:36:28 LoggingManagedHttpClientConnection.java DEBUG [Forwarding findElement on session 0fb59d3c372d29b94d8f2df8106983e1 to remote] conn.DefaultManagedHttpClientConnection 88 - http-outgoing-3: set socket timeout to 10800000
12-09-2018 12:36:28 MainClientExec.java DEBUG [Forwarding findElement on session 0fb59d3c372d29b94d8f2df8106983e1 to remote] execchain.MainClientExec 256 - Executing request POST /session/0fb59d3c372d29b94d8f2df8106983e1/element HTTP/1.1
12-09-2018 12:36:28 MainClientExec.java DEBUG [Forwarding findElement on session 0fb59d3c372d29b94d8f2df8106983e1 to remote] execchain.MainClientExec 261 - Target auth state: UNCHALLENGED
12-09-2018 12:36:28 MainClientExec.java DEBUG [Forwarding findElement on session 0fb59d3c372d29b94d8f2df8106983e1 to remote] execchain.MainClientExec 267 - Proxy auth state: UNCHALLENGED
12-09-2018 12:36:28 LoggingManagedHttpClientConnection.java DEBUG [Forwarding findElement on session 0fb59d3c372d29b94d8f2df8106983e1 to remote] http.headers 133 - http-outgoing-3 >> POST /session/0fb59d3c372d29b94d8f2df8106983e1/element HTTP/1.1
12-09-2018 12:36:28 LoggingManagedHttpClientConnection.java DEBUG [Forwarding findElement on session 0fb59d3c372d29b94d8f2df8106983e1 to remote] http.headers 136 - http-outgoing-3 >> Content-Type: application/json; charset=utf-8
12-09-2018 12:36:28 LoggingManagedHttpClientConnection.java DEBUG [Forwarding findElement on session 0fb59d3c372d29b94d8f2df8106983e1 to remote] http.headers 136 - http-outgoing-3 >> Content-Length: 55
12-09-2018 12:36:28 LoggingManagedHttpClientConnection.java DEBUG [Forwarding findElement on session 0fb59d3c372d29b94d8f2df8106983e1 to remote] http.headers 136 - http-outgoing-3 >> Host: localhost:13733
12-09-2018 12:36:28 LoggingManagedHttpClientConnection.java DEBUG [Forwarding findElement on session 0fb59d3c372d29b94d8f2df8106983e1 to remote] http.headers 136 - http-outgoing-3 >> Connection: Keep-Alive
12-09-2018 12:36:28 LoggingManagedHttpClientConnection.java DEBUG [Forwarding findElement on session 0fb59d3c372d29b94d8f2df8106983e1 to remote] http.headers 136 - http-outgoing-3 >> User-Agent: Apache-HttpClient/4.5.3 (Java/1.8.0_181)
12-09-2018 12:36:28 LoggingManagedHttpClientConnection.java DEBUG [Forwarding findElement on session 0fb59d3c372d29b94d8f2df8106983e1 to remote] http.headers 136 - http-outgoing-3 >> Accept-Encoding: gzip,deflate
12-09-2018 12:36:28 Wire.java DEBUG [Forwarding findElement on session 0fb59d3c372d29b94d8f2df8106983e1 to remote] http.wire 73 - http-outgoing-3 >> "POST /session/0fb59d3c372d29b94d8f2df8106983e1/element HTTP/1.1[\r][\n]"
12-09-2018 12:36:28 Wire.java DEBUG [Forwarding findElement on session 0fb59d3c372d29b94d8f2df8106983e1 to remote] http.wire 73 - http-outgoing-3 >> "Content-Type: application/json; charset=utf-8[\r][\n]"
12-09-2018 12:36:28 Wire.java DEBUG [Forwarding findElement on session 0fb59d3c372d29b94d8f2df8106983e1 to remote] http.wire 73 - http-outgoing-3 >> "Content-Length: 55[\r][\n]"
12-09-2018 12:36:28 Wire.java DEBUG [Forwarding findElement on session 0fb59d3c372d29b94d8f2df8106983e1 to remote] http.wire 73 - http-outgoing-3 >> "Host: localhost:13733[\r][\n]"
12-09-2018 12:36:28 Wire.java DEBUG [Forwarding findElement on session 0fb59d3c372d29b94d8f2df8106983e1 to remote] http.wire 73 - http-outgoing-3 >> "Connection: Keep-Alive[\r][\n]"
12-09-2018 12:36:28 Wire.java DEBUG [Forwarding findElement on session 0fb59d3c372d29b94d8f2df8106983e1 to remote] http.wire 73 - http-outgoing-3 >> "User-Agent: Apache-HttpClient/4.5.3 (Java/1.8.0_181)[\r][\n]"
12-09-2018 12:36:28 Wire.java DEBUG [Forwarding findElement on session 0fb59d3c372d29b94d8f2df8106983e1 to remote] http.wire 73 - http-outgoing-3 >> "Accept-Encoding: gzip,deflate[\r][\n]"
12-09-2018 12:36:28 Wire.java DEBUG [Forwarding findElement on session 0fb59d3c372d29b94d8f2df8106983e1 to remote] http.wire 73 - http-outgoing-3 >> "[\r][\n]"
12-09-2018 12:36:28 Wire.java DEBUG [Forwarding findElement on session 0fb59d3c372d29b94d8f2df8106983e1 to remote] http.wire 87 - http-outgoing-3 >> "{"using":"xpath","value":"//span[@class='gb_bb gbii']"}"
12-09-2018 12:36:28 Wire.java DEBUG [Forwarding findElement on session 0fb59d3c372d29b94d8f2df8106983e1 to remote] http.wire 73 - http-outgoing-3 << "HTTP/1.1 200 OK[\r][\n]"
12-09-2018 12:36:28 Wire.java DEBUG [Forwarding findElement on session 0fb59d3c372d29b94d8f2df8106983e1 to remote] http.wire 73 - http-outgoing-3 << "Content-Length:356[\r][\n]"
12-09-2018 12:36:28 Wire.java DEBUG [Forwarding findElement on session 0fb59d3c372d29b94d8f2df8106983e1 to remote] http.wire 73 - http-outgoing-3 << "Content-Type:application/json; charset=utf-8[\r][\n]"
12-09-2018 12:36:28 Wire.java DEBUG [Forwarding findElement on session 0fb59d3c372d29b94d8f2df8106983e1 to remote] http.wire 73 - http-outgoing-3 << "[\r][\n]"
12-09-2018 12:36:28 Wire.java DEBUG [Forwarding findElement on session 0fb59d3c372d29b94d8f2df8106983e1 to remote] http.wire 87 - http-outgoing-3 << "{"sessionId":"0fb59d3c372d29b94d8f2df8106983e1","status":7,"value":{"message":"no such element: Unable to locate element: {\"method\":\"xpath\",\"selector\":\"//span[@class='gb_bb gbii']\"}\n  (Session info: chrome=70.0.3538.110)\n  (Driver info: chromedriver=2.44.609538 (b655c5a60b0b544917107a59d4153d4bf78e1b90),platform=Windows NT 10.0.17134 x86_64)"}}"
12-09-2018 12:36:28 LoggingManagedHttpClientConnection.java DEBUG [Forwarding findElement on session 0fb59d3c372d29b94d8f2df8106983e1 to remote] http.headers 122 - http-outgoing-3 << HTTP/1.1 200 OK
12-09-2018 12:36:28 LoggingManagedHttpClientConnection.java DEBUG [Forwarding findElement on session 0fb59d3c372d29b94d8f2df8106983e1 to remote] http.headers 125 - http-outgoing-3 << Content-Length:356
12-09-2018 12:36:28 LoggingManagedHttpClientConnection.java DEBUG [Forwarding findElement on session 0fb59d3c372d29b94d8f2df8106983e1 to remote] http.headers 125 - http-outgoing-3 << Content-Type:application/json; charset=utf-8
12-09-2018 12:36:28 MainClientExec.java DEBUG [Forwarding findElement on session 0fb59d3c372d29b94d8f2df8106983e1 to remote] execchain.MainClientExec 285 - Connection can be kept alive indefinitely
12-09-2018 12:36:28 PoolingHttpClientConnectionManager.java DEBUG [Forwarding findElement on session 0fb59d3c372d29b94d8f2df8106983e1 to remote] conn.PoolingHttpClientConnectionManager 320 - Connection [id: 3][route: {}->http://localhost:13733] can be kept alive indefinitely
12-09-2018 12:36:28 PoolingHttpClientConnectionManager.java DEBUG [Forwarding findElement on session 0fb59d3c372d29b94d8f2df8106983e1 to remote] conn.PoolingHttpClientConnectionManager 326 - Connection released: [id: 3][route: {}->http://localhost:13733][total kept alive: 1; route allocated: 1 of 2000; total allocated: 1 of 2000]
12-09-2018 12:36:28 RequestAddCookies.java DEBUG [Forwarding findElement on session 0fb59d3c372d29b94d8f2df8106983e1 to remote] protocol.RequestAddCookies 123 - CookieSpec selected: default
12-09-2018 12:36:28 RequestAuthCache.java DEBUG [Forwarding findElement on session 0fb59d3c372d29b94d8f2df8106983e1 to remote] protocol.RequestAuthCache 77 - Auth cache not set in the context
12-09-2018 12:36:28 PoolingHttpClientConnectionManager.java DEBUG [Forwarding findElement on session 0fb59d3c372d29b94d8f2df8106983e1 to remote] conn.PoolingHttpClientConnectionManager 255 - Connection request: [route: {}->http://localhost:13733][total kept alive: 1; route allocated: 1 of 2000; total allocated: 1 of 2000]
12-09-2018 12:36:28 PoolingHttpClientConnectionManager.java DEBUG [Forwarding findElement on session 0fb59d3c372d29b94d8f2df8106983e1 to remote] conn.PoolingHttpClientConnectionManager 288 - Connection leased: [id: 3][route: {}->http://localhost:13733][total kept alive: 0; route allocated: 1 of 2000; total allocated: 1 of 2000]
12-09-2018 12:36:28 MainClientExec.java DEBUG [Forwarding findElement on session 0fb59d3c372d29b94d8f2df8106983e1 to remote] execchain.MainClientExec 208 - Stale connection check
12-09-2018 12:36:28 Wire.java DEBUG [Forwarding findElement on session 0fb59d3c372d29b94d8f2df8106983e1 to remote] http.wire 87 - http-outgoing-3 << "[read] I/O error: Read timed out"
12-09-2018 12:36:28 LoggingManagedHttpClientConnection.java DEBUG [Forwarding findElement on session 0fb59d3c372d29b94d8f2df8106983e1 to remote] conn.DefaultManagedHttpClientConnection 88 - http-outgoing-3: set socket timeout to 10800000
12-09-2018 12:36:28 MainClientExec.java DEBUG [Forwarding findElement on session 0fb59d3c372d29b94d8f2df8106983e1 to remote] execchain.MainClientExec 256 - Executing request POST /session/0fb59d3c372d29b94d8f2df8106983e1/element HTTP/1.1
12-09-2018 12:36:28 MainClientExec.java DEBUG [Forwarding findElement on session 0fb59d3c372d29b94d8f2df8106983e1 to remote] execchain.MainClientExec 261 - Target auth state: UNCHALLENGED
12-09-2018 12:36:28 MainClientExec.java DEBUG [Forwarding findElement on session 0fb59d3c372d29b94d8f2df8106983e1 to remote] execchain.MainClientExec 267 - Proxy auth state: UNCHALLENGED
12-09-2018 12:36:28 LoggingManagedHttpClientConnection.java DEBUG [Forwarding findElement on session 0fb59d3c372d29b94d8f2df8106983e1 to remote] http.headers 133 - http-outgoing-3 >> POST /session/0fb59d3c372d29b94d8f2df8106983e1/element HTTP/1.1
12-09-2018 12:36:28 LoggingManagedHttpClientConnection.java DEBUG [Forwarding findElement on session 0fb59d3c372d29b94d8f2df8106983e1 to remote] http.headers 136 - http-outgoing-3 >> Content-Type: application/json; charset=utf-8
12-09-2018 12:36:28 LoggingManagedHttpClientConnection.java DEBUG [Forwarding findElement on session 0fb59d3c372d29b94d8f2df8106983e1 to remote] http.headers 136 - http-outgoing-3 >> Content-Length: 55
12-09-2018 12:36:28 LoggingManagedHttpClientConnection.java DEBUG [Forwarding findElement on session 0fb59d3c372d29b94d8f2df8106983e1 to remote] http.headers 136 - http-outgoing-3 >> Host: localhost:13733
12-09-2018 12:36:28 LoggingManagedHttpClientConnection.java DEBUG [Forwarding findElement on session 0fb59d3c372d29b94d8f2df8106983e1 to remote] http.headers 136 - http-outgoing-3 >> Connection: Keep-Alive
12-09-2018 12:36:28 LoggingManagedHttpClientConnection.java DEBUG [Forwarding findElement on session 0fb59d3c372d29b94d8f2df8106983e1 to remote] http.headers 136 - http-outgoing-3 >> User-Agent: Apache-HttpClient/4.5.3 (Java/1.8.0_181)
12-09-2018 12:36:28 LoggingManagedHttpClientConnection.java DEBUG [Forwarding findElement on session 0fb59d3c372d29b94d8f2df8106983e1 to remote] http.headers 136 - http-outgoing-3 >> Accept-Encoding: gzip,deflate
12-09-2018 12:36:28 Wire.java DEBUG [Forwarding findElement on session 0fb59d3c372d29b94d8f2df8106983e1 to remote] http.wire 73 - http-outgoing-3 >> "POST /session/0fb59d3c372d29b94d8f2df8106983e1/element HTTP/1.1[\r][\n]"
12-09-2018 12:36:28 Wire.java DEBUG [Forwarding findElement on session 0fb59d3c372d29b94d8f2df8106983e1 to remote] http.wire 73 - http-outgoing-3 >> "Content-Type: application/json; charset=utf-8[\r][\n]"
12-09-2018 12:36:28 Wire.java DEBUG [Forwarding findElement on session 0fb59d3c372d29b94d8f2df8106983e1 to remote] http.wire 73 - http-outgoing-3 >> "Content-Length: 55[\r][\n]"
12-09-2018 12:36:28 Wire.java DEBUG [Forwarding findElement on session 0fb59d3c372d29b94d8f2df8106983e1 to remote] http.wire 73 - http-outgoing-3 >> "Host: localhost:13733[\r][\n]"
12-09-2018 12:36:28 Wire.java DEBUG [Forwarding findElement on session 0fb59d3c372d29b94d8f2df8106983e1 to remote] http.wire 73 - http-outgoing-3 >> "Connection: Keep-Alive[\r][\n]"
12-09-2018 12:36:28 Wire.java DEBUG [Forwarding findElement on session 0fb59d3c372d29b94d8f2df8106983e1 to remote] http.wire 73 - http-outgoing-3 >> "User-Agent: Apache-HttpClient/4.5.3 (Java/1.8.0_181)[\r][\n]"
12-09-2018 12:36:28 Wire.java DEBUG [Forwarding findElement on session 0fb59d3c372d29b94d8f2df8106983e1 to remote] http.wire 73 - http-outgoing-3 >> "Accept-Encoding: gzip,deflate[\r][\n]"
12-09-2018 12:36:28 Wire.java DEBUG [Forwarding findElement on session 0fb59d3c372d29b94d8f2df8106983e1 to remote] http.wire 73 - http-outgoing-3 >> "[\r][\n]"
12-09-2018 12:36:28 Wire.java DEBUG [Forwarding findElement on session 0fb59d3c372d29b94d8f2df8106983e1 to remote] http.wire 87 - http-outgoing-3 >> "{"using":"xpath","value":"//span[@class='gb_bb gbii']"}"
12-09-2018 12:36:28 Wire.java DEBUG [Forwarding findElement on session 0fb59d3c372d29b94d8f2df8106983e1 to remote] http.wire 73 - http-outgoing-3 << "HTTP/1.1 200 OK[\r][\n]"
12-09-2018 12:36:28 Wire.java DEBUG [Forwarding findElement on session 0fb59d3c372d29b94d8f2df8106983e1 to remote] http.wire 73 - http-outgoing-3 << "Content-Length:356[\r][\n]"
12-09-2018 12:36:28 Wire.java DEBUG [Forwarding findElement on session 0fb59d3c372d29b94d8f2df8106983e1 to remote] http.wire 73 - http-outgoing-3 << "Content-Type:application/json; charset=utf-8[\r][\n]"
12-09-2018 12:36:28 Wire.java DEBUG [Forwarding findElement on session 0fb59d3c372d29b94d8f2df8106983e1 to remote] http.wire 73 - http-outgoing-3 << "[\r][\n]"
12-09-2018 12:36:28 Wire.java DEBUG [Forwarding findElement on session 0fb59d3c372d29b94d8f2df8106983e1 to remote] http.wire 87 - http-outgoing-3 << "{"sessionId":"0fb59d3c372d29b94d8f2df8106983e1","status":7,"value":{"message":"no such element: Unable to locate element: {\"method\":\"xpath\",\"selector\":\"//span[@class='gb_bb gbii']\"}\n  (Session info: chrome=70.0.3538.110)\n  (Driver info: chromedriver=2.44.609538 (b655c5a60b0b544917107a59d4153d4bf78e1b90),platform=Windows NT 10.0.17134 x86_64)"}}"
12-09-2018 12:36:28 LoggingManagedHttpClientConnection.java DEBUG [Forwarding findElement on session 0fb59d3c372d29b94d8f2df8106983e1 to remote] http.headers 122 - http-outgoing-3 << HTTP/1.1 200 OK
12-09-2018 12:36:28 LoggingManagedHttpClientConnection.java DEBUG [Forwarding findElement on session 0fb59d3c372d29b94d8f2df8106983e1 to remote] http.headers 125 - http-outgoing-3 << Content-Length:356
12-09-2018 12:36:28 LoggingManagedHttpClientConnection.java DEBUG [Forwarding findElement on session 0fb59d3c372d29b94d8f2df8106983e1 to remote] http.headers 125 - http-outgoing-3 << Content-Type:application/json; charset=utf-8
12-09-2018 12:36:28 MainClientExec.java DEBUG [Forwarding findElement on session 0fb59d3c372d29b94d8f2df8106983e1 to remote] execchain.MainClientExec 285 - Connection can be kept alive indefinitely
12-09-2018 12:36:28 PoolingHttpClientConnectionManager.java DEBUG [Forwarding findElement on session 0fb59d3c372d29b94d8f2df8106983e1 to remote] conn.PoolingHttpClientConnectionManager 320 - Connection [id: 3][route: {}->http://localhost:13733] can be kept alive indefinitely
12-09-2018 12:36:28 PoolingHttpClientConnectionManager.java DEBUG [Forwarding findElement on session 0fb59d3c372d29b94d8f2df8106983e1 to remote] conn.PoolingHttpClientConnectionManager 326 - Connection released: [id: 3][route: {}->http://localhost:13733][total kept alive: 1; route allocated: 1 of 2000; total allocated: 1 of 2000]
12-09-2018 12:36:29 RequestAddCookies.java DEBUG [Forwarding findElement on session 0fb59d3c372d29b94d8f2df8106983e1 to remote] protocol.RequestAddCookies 123 - CookieSpec selected: default
12-09-2018 12:36:29 RequestAuthCache.java DEBUG [Forwarding findElement on session 0fb59d3c372d29b94d8f2df8106983e1 to remote] protocol.RequestAuthCache 77 - Auth cache not set in the context
12-09-2018 12:36:29 PoolingHttpClientConnectionManager.java DEBUG [Forwarding findElement on session 0fb59d3c372d29b94d8f2df8106983e1 to remote] conn.PoolingHttpClientConnectionManager 255 - Connection request: [route: {}->http://localhost:13733][total kept alive: 1; route allocated: 1 of 2000; total allocated: 1 of 2000]
12-09-2018 12:36:29 PoolingHttpClientConnectionManager.java DEBUG [Forwarding findElement on session 0fb59d3c372d29b94d8f2df8106983e1 to remote] conn.PoolingHttpClientConnectionManager 288 - Connection leased: [id: 3][route: {}->http://localhost:13733][total kept alive: 0; route allocated: 1 of 2000; total allocated: 1 of 2000]
12-09-2018 12:36:29 MainClientExec.java DEBUG [Forwarding findElement on session 0fb59d3c372d29b94d8f2df8106983e1 to remote] execchain.MainClientExec 208 - Stale connection check
12-09-2018 12:36:29 Wire.java DEBUG [Forwarding findElement on session 0fb59d3c372d29b94d8f2df8106983e1 to remote] http.wire 87 - http-outgoing-3 << "[read] I/O error: Read timed out"
12-09-2018 12:36:29 LoggingManagedHttpClientConnection.java DEBUG [Forwarding findElement on session 0fb59d3c372d29b94d8f2df8106983e1 to remote] conn.DefaultManagedHttpClientConnection 88 - http-outgoing-3: set socket timeout to 10800000
12-09-2018 12:36:29 MainClientExec.java DEBUG [Forwarding findElement on session 0fb59d3c372d29b94d8f2df8106983e1 to remote] execchain.MainClientExec 256 - Executing request POST /session/0fb59d3c372d29b94d8f2df8106983e1/element HTTP/1.1
12-09-2018 12:36:29 MainClientExec.java DEBUG [Forwarding findElement on session 0fb59d3c372d29b94d8f2df8106983e1 to remote] execchain.MainClientExec 261 - Target auth state: UNCHALLENGED
12-09-2018 12:36:29 MainClientExec.java DEBUG [Forwarding findElement on session 0fb59d3c372d29b94d8f2df8106983e1 to remote] execchain.MainClientExec 267 - Proxy auth state: UNCHALLENGED
12-09-2018 12:36:29 LoggingManagedHttpClientConnection.java DEBUG [Forwarding findElement on session 0fb59d3c372d29b94d8f2df8106983e1 to remote] http.headers 133 - http-outgoing-3 >> POST /session/0fb59d3c372d29b94d8f2df8106983e1/element HTTP/1.1
12-09-2018 12:36:29 LoggingManagedHttpClientConnection.java DEBUG [Forwarding findElement on session 0fb59d3c372d29b94d8f2df8106983e1 to remote] http.headers 136 - http-outgoing-3 >> Content-Type: application/json; charset=utf-8
12-09-2018 12:36:29 LoggingManagedHttpClientConnection.java DEBUG [Forwarding findElement on session 0fb59d3c372d29b94d8f2df8106983e1 to remote] http.headers 136 - http-outgoing-3 >> Content-Length: 55
12-09-2018 12:36:29 LoggingManagedHttpClientConnection.java DEBUG [Forwarding findElement on session 0fb59d3c372d29b94d8f2df8106983e1 to remote] http.headers 136 - http-outgoing-3 >> Host: localhost:13733
12-09-2018 12:36:29 LoggingManagedHttpClientConnection.java DEBUG [Forwarding findElement on session 0fb59d3c372d29b94d8f2df8106983e1 to remote] http.headers 136 - http-outgoing-3 >> Connection: Keep-Alive
12-09-2018 12:36:29 LoggingManagedHttpClientConnection.java DEBUG [Forwarding findElement on session 0fb59d3c372d29b94d8f2df8106983e1 to remote] http.headers 136 - http-outgoing-3 >> User-Agent: Apache-HttpClient/4.5.3 (Java/1.8.0_181)
12-09-2018 12:36:29 LoggingManagedHttpClientConnection.java DEBUG [Forwarding findElement on session 0fb59d3c372d29b94d8f2df8106983e1 to remote] http.headers 136 - http-outgoing-3 >> Accept-Encoding: gzip,deflate
12-09-2018 12:36:29 Wire.java DEBUG [Forwarding findElement on session 0fb59d3c372d29b94d8f2df8106983e1 to remote] http.wire 73 - http-outgoing-3 >> "POST /session/0fb59d3c372d29b94d8f2df8106983e1/element HTTP/1.1[\r][\n]"
12-09-2018 12:36:29 Wire.java DEBUG [Forwarding findElement on session 0fb59d3c372d29b94d8f2df8106983e1 to remote] http.wire 73 - http-outgoing-3 >> "Content-Type: application/json; charset=utf-8[\r][\n]"
12-09-2018 12:36:29 Wire.java DEBUG [Forwarding findElement on session 0fb59d3c372d29b94d8f2df8106983e1 to remote] http.wire 73 - http-outgoing-3 >> "Content-Length: 55[\r][\n]"
12-09-2018 12:36:29 Wire.java DEBUG [Forwarding findElement on session 0fb59d3c372d29b94d8f2df8106983e1 to remote] http.wire 73 - http-outgoing-3 >> "Host: localhost:13733[\r][\n]"
12-09-2018 12:36:29 Wire.java DEBUG [Forwarding findElement on session 0fb59d3c372d29b94d8f2df8106983e1 to remote] http.wire 73 - http-outgoing-3 >> "Connection: Keep-Alive[\r][\n]"
12-09-2018 12:36:29 Wire.java DEBUG [Forwarding findElement on session 0fb59d3c372d29b94d8f2df8106983e1 to remote] http.wire 73 - http-outgoing-3 >> "User-Agent: Apache-HttpClient/4.5.3 (Java/1.8.0_181)[\r][\n]"
12-09-2018 12:36:29 Wire.java DEBUG [Forwarding findElement on session 0fb59d3c372d29b94d8f2df8106983e1 to remote] http.wire 73 - http-outgoing-3 >> "Accept-Encoding: gzip,deflate[\r][\n]"
12-09-2018 12:36:29 Wire.java DEBUG [Forwarding findElement on session 0fb59d3c372d29b94d8f2df8106983e1 to remote] http.wire 73 - http-outgoing-3 >> "[\r][\n]"
12-09-2018 12:36:29 Wire.java DEBUG [Forwarding findElement on session 0fb59d3c372d29b94d8f2df8106983e1 to remote] http.wire 87 - http-outgoing-3 >> "{"using":"xpath","value":"//span[@class='gb_bb gbii']"}"
12-09-2018 12:36:29 Wire.java DEBUG [Forwarding findElement on session 0fb59d3c372d29b94d8f2df8106983e1 to remote] http.wire 73 - http-outgoing-3 << "HTTP/1.1 200 OK[\r][\n]"
12-09-2018 12:36:29 Wire.java DEBUG [Forwarding findElement on session 0fb59d3c372d29b94d8f2df8106983e1 to remote] http.wire 73 - http-outgoing-3 << "Content-Length:356[\r][\n]"
12-09-2018 12:36:29 Wire.java DEBUG [Forwarding findElement on session 0fb59d3c372d29b94d8f2df8106983e1 to remote] http.wire 73 - http-outgoing-3 << "Content-Type:application/json; charset=utf-8[\r][\n]"
12-09-2018 12:36:29 Wire.java DEBUG [Forwarding findElement on session 0fb59d3c372d29b94d8f2df8106983e1 to remote] http.wire 73 - http-outgoing-3 << "[\r][\n]"
12-09-2018 12:36:29 Wire.java DEBUG [Forwarding findElement on session 0fb59d3c372d29b94d8f2df8106983e1 to remote] http.wire 87 - http-outgoing-3 << "{"sessionId":"0fb59d3c372d29b94d8f2df8106983e1","status":7,"value":{"message":"no such element: Unable to locate element: {\"method\":\"xpath\",\"selector\":\"//span[@class='gb_bb gbii']\"}\n  (Session info: chrome=70.0.3538.110)\n  (Driver info: chromedriver=2.44.609538 (b655c5a60b0b544917107a59d4153d4bf78e1b90),platform=Windows NT 10.0.17134 x86_64)"}}"
12-09-2018 12:36:29 LoggingManagedHttpClientConnection.java DEBUG [Forwarding findElement on session 0fb59d3c372d29b94d8f2df8106983e1 to remote] http.headers 122 - http-outgoing-3 << HTTP/1.1 200 OK
12-09-2018 12:36:29 LoggingManagedHttpClientConnection.java DEBUG [Forwarding findElement on session 0fb59d3c372d29b94d8f2df8106983e1 to remote] http.headers 125 - http-outgoing-3 << Content-Length:356
12-09-2018 12:36:29 LoggingManagedHttpClientConnection.java DEBUG [Forwarding findElement on session 0fb59d3c372d29b94d8f2df8106983e1 to remote] http.headers 125 - http-outgoing-3 << Content-Type:application/json; charset=utf-8
12-09-2018 12:36:29 MainClientExec.java DEBUG [Forwarding findElement on session 0fb59d3c372d29b94d8f2df8106983e1 to remote] execchain.MainClientExec 285 - Connection can be kept alive indefinitely
12-09-2018 12:36:29 PoolingHttpClientConnectionManager.java DEBUG [Forwarding findElement on session 0fb59d3c372d29b94d8f2df8106983e1 to remote] conn.PoolingHttpClientConnectionManager 320 - Connection [id: 3][route: {}->http://localhost:13733] can be kept alive indefinitely
12-09-2018 12:36:29 PoolingHttpClientConnectionManager.java DEBUG [Forwarding findElement on session 0fb59d3c372d29b94d8f2df8106983e1 to remote] conn.PoolingHttpClientConnectionManager 326 - Connection released: [id: 3][route: {}->http://localhost:13733][total kept alive: 1; route allocated: 1 of 2000; total allocated: 1 of 2000]
12-09-2018 12:36:29 RequestAddCookies.java DEBUG [Forwarding findElement on session 0fb59d3c372d29b94d8f2df8106983e1 to remote] protocol.RequestAddCookies 123 - CookieSpec selected: default
12-09-2018 12:36:29 RequestAuthCache.java DEBUG [Forwarding findElement on session 0fb59d3c372d29b94d8f2df8106983e1 to remote] protocol.RequestAuthCache 77 - Auth cache not set in the context
12-09-2018 12:36:29 PoolingHttpClientConnectionManager.java DEBUG [Forwarding findElement on session 0fb59d3c372d29b94d8f2df8106983e1 to remote] conn.PoolingHttpClientConnectionManager 255 - Connection request: [route: {}->http://localhost:13733][total kept alive: 1; route allocated: 1 of 2000; total allocated: 1 of 2000]
12-09-2018 12:36:29 PoolingHttpClientConnectionManager.java DEBUG [Forwarding findElement on session 0fb59d3c372d29b94d8f2df8106983e1 to remote] conn.PoolingHttpClientConnectionManager 288 - Connection leased: [id: 3][route: {}->http://localhost:13733][total kept alive: 0; route allocated: 1 of 2000; total allocated: 1 of 2000]
12-09-2018 12:36:29 MainClientExec.java DEBUG [Forwarding findElement on session 0fb59d3c372d29b94d8f2df8106983e1 to remote] execchain.MainClientExec 208 - Stale connection check
12-09-2018 12:36:29 Wire.java DEBUG [Forwarding findElement on session 0fb59d3c372d29b94d8f2df8106983e1 to remote] http.wire 87 - http-outgoing-3 << "[read] I/O error: Read timed out"
12-09-2018 12:36:29 LoggingManagedHttpClientConnection.java DEBUG [Forwarding findElement on session 0fb59d3c372d29b94d8f2df8106983e1 to remote] conn.DefaultManagedHttpClientConnection 88 - http-outgoing-3: set socket timeout to 10800000
12-09-2018 12:36:29 MainClientExec.java DEBUG [Forwarding findElement on session 0fb59d3c372d29b94d8f2df8106983e1 to remote] execchain.MainClientExec 256 - Executing request POST /session/0fb59d3c372d29b94d8f2df8106983e1/element HTTP/1.1
12-09-2018 12:36:29 MainClientExec.java DEBUG [Forwarding findElement on session 0fb59d3c372d29b94d8f2df8106983e1 to remote] execchain.MainClientExec 261 - Target auth state: UNCHALLENGED
12-09-2018 12:36:29 MainClientExec.java DEBUG [Forwarding findElement on session 0fb59d3c372d29b94d8f2df8106983e1 to remote] execchain.MainClientExec 267 - Proxy auth state: UNCHALLENGED
12-09-2018 12:36:29 LoggingManagedHttpClientConnection.java DEBUG [Forwarding findElement on session 0fb59d3c372d29b94d8f2df8106983e1 to remote] http.headers 133 - http-outgoing-3 >> POST /session/0fb59d3c372d29b94d8f2df8106983e1/element HTTP/1.1
12-09-2018 12:36:29 LoggingManagedHttpClientConnection.java DEBUG [Forwarding findElement on session 0fb59d3c372d29b94d8f2df8106983e1 to remote] http.headers 136 - http-outgoing-3 >> Content-Type: application/json; charset=utf-8
12-09-2018 12:36:29 LoggingManagedHttpClientConnection.java DEBUG [Forwarding findElement on session 0fb59d3c372d29b94d8f2df8106983e1 to remote] http.headers 136 - http-outgoing-3 >> Content-Length: 55
12-09-2018 12:36:29 LoggingManagedHttpClientConnection.java DEBUG [Forwarding findElement on session 0fb59d3c372d29b94d8f2df8106983e1 to remote] http.headers 136 - http-outgoing-3 >> Host: localhost:13733
12-09-2018 12:36:29 LoggingManagedHttpClientConnection.java DEBUG [Forwarding findElement on session 0fb59d3c372d29b94d8f2df8106983e1 to remote] http.headers 136 - http-outgoing-3 >> Connection: Keep-Alive
12-09-2018 12:36:29 LoggingManagedHttpClientConnection.java DEBUG [Forwarding findElement on session 0fb59d3c372d29b94d8f2df8106983e1 to remote] http.headers 136 - http-outgoing-3 >> User-Agent: Apache-HttpClient/4.5.3 (Java/1.8.0_181)
12-09-2018 12:36:29 LoggingManagedHttpClientConnection.java DEBUG [Forwarding findElement on session 0fb59d3c372d29b94d8f2df8106983e1 to remote] http.headers 136 - http-outgoing-3 >> Accept-Encoding: gzip,deflate
12-09-2018 12:36:29 Wire.java DEBUG [Forwarding findElement on session 0fb59d3c372d29b94d8f2df8106983e1 to remote] http.wire 73 - http-outgoing-3 >> "POST /session/0fb59d3c372d29b94d8f2df8106983e1/element HTTP/1.1[\r][\n]"
12-09-2018 12:36:29 Wire.java DEBUG [Forwarding findElement on session 0fb59d3c372d29b94d8f2df8106983e1 to remote] http.wire 73 - http-outgoing-3 >> "Content-Type: application/json; charset=utf-8[\r][\n]"
12-09-2018 12:36:29 Wire.java DEBUG [Forwarding findElement on session 0fb59d3c372d29b94d8f2df8106983e1 to remote] http.wire 73 - http-outgoing-3 >> "Content-Length: 55[\r][\n]"
12-09-2018 12:36:29 Wire.java DEBUG [Forwarding findElement on session 0fb59d3c372d29b94d8f2df8106983e1 to remote] http.wire 73 - http-outgoing-3 >> "Host: localhost:13733[\r][\n]"
12-09-2018 12:36:29 Wire.java DEBUG [Forwarding findElement on session 0fb59d3c372d29b94d8f2df8106983e1 to remote] http.wire 73 - http-outgoing-3 >> "Connection: Keep-Alive[\r][\n]"
12-09-2018 12:36:29 Wire.java DEBUG [Forwarding findElement on session 0fb59d3c372d29b94d8f2df8106983e1 to remote] http.wire 73 - http-outgoing-3 >> "User-Agent: Apache-HttpClient/4.5.3 (Java/1.8.0_181)[\r][\n]"
12-09-2018 12:36:29 Wire.java DEBUG [Forwarding findElement on session 0fb59d3c372d29b94d8f2df8106983e1 to remote] http.wire 73 - http-outgoing-3 >> "Accept-Encoding: gzip,deflate[\r][\n]"
12-09-2018 12:36:29 Wire.java DEBUG [Forwarding findElement on session 0fb59d3c372d29b94d8f2df8106983e1 to remote] http.wire 73 - http-outgoing-3 >> "[\r][\n]"
12-09-2018 12:36:29 Wire.java DEBUG [Forwarding findElement on session 0fb59d3c372d29b94d8f2df8106983e1 to remote] http.wire 87 - http-outgoing-3 >> "{"using":"xpath","value":"//span[@class='gb_bb gbii']"}"
12-09-2018 12:36:29 Wire.java DEBUG [Forwarding findElement on session 0fb59d3c372d29b94d8f2df8106983e1 to remote] http.wire 73 - http-outgoing-3 << "HTTP/1.1 200 OK[\r][\n]"
12-09-2018 12:36:29 Wire.java DEBUG [Forwarding findElement on session 0fb59d3c372d29b94d8f2df8106983e1 to remote] http.wire 73 - http-outgoing-3 << "Content-Length:356[\r][\n]"
12-09-2018 12:36:29 Wire.java DEBUG [Forwarding findElement on session 0fb59d3c372d29b94d8f2df8106983e1 to remote] http.wire 73 - http-outgoing-3 << "Content-Type:application/json; charset=utf-8[\r][\n]"
12-09-2018 12:36:29 Wire.java DEBUG [Forwarding findElement on session 0fb59d3c372d29b94d8f2df8106983e1 to remote] http.wire 73 - http-outgoing-3 << "[\r][\n]"
12-09-2018 12:36:29 Wire.java DEBUG [Forwarding findElement on session 0fb59d3c372d29b94d8f2df8106983e1 to remote] http.wire 87 - http-outgoing-3 << "{"sessionId":"0fb59d3c372d29b94d8f2df8106983e1","status":7,"value":{"message":"no such element: Unable to locate element: {\"method\":\"xpath\",\"selector\":\"//span[@class='gb_bb gbii']\"}\n  (Session info: chrome=70.0.3538.110)\n  (Driver info: chromedriver=2.44.609538 (b655c5a60b0b544917107a59d4153d4bf78e1b90),platform=Windows NT 10.0.17134 x86_64)"}}"
12-09-2018 12:36:29 LoggingManagedHttpClientConnection.java DEBUG [Forwarding findElement on session 0fb59d3c372d29b94d8f2df8106983e1 to remote] http.headers 122 - http-outgoing-3 << HTTP/1.1 200 OK
12-09-2018 12:36:29 LoggingManagedHttpClientConnection.java DEBUG [Forwarding findElement on session 0fb59d3c372d29b94d8f2df8106983e1 to remote] http.headers 125 - http-outgoing-3 << Content-Length:356
12-09-2018 12:36:29 LoggingManagedHttpClientConnection.java DEBUG [Forwarding findElement on session 0fb59d3c372d29b94d8f2df8106983e1 to remote] http.headers 125 - http-outgoing-3 << Content-Type:application/json; charset=utf-8
12-09-2018 12:36:29 MainClientExec.java DEBUG [Forwarding findElement on session 0fb59d3c372d29b94d8f2df8106983e1 to remote] execchain.MainClientExec 285 - Connection can be kept alive indefinitely
12-09-2018 12:36:29 PoolingHttpClientConnectionManager.java DEBUG [Forwarding findElement on session 0fb59d3c372d29b94d8f2df8106983e1 to remote] conn.PoolingHttpClientConnectionManager 320 - Connection [id: 3][route: {}->http://localhost:13733] can be kept alive indefinitely
12-09-2018 12:36:29 PoolingHttpClientConnectionManager.java DEBUG [Forwarding findElement on session 0fb59d3c372d29b94d8f2df8106983e1 to remote] conn.PoolingHttpClientConnectionManager 326 - Connection released: [id: 3][route: {}->http://localhost:13733][total kept alive: 1; route allocated: 1 of 2000; total allocated: 1 of 2000]
12-09-2018 12:36:30 RequestAddCookies.java DEBUG [Forwarding findElement on session 0fb59d3c372d29b94d8f2df8106983e1 to remote] protocol.RequestAddCookies 123 - CookieSpec selected: default
12-09-2018 12:36:30 RequestAuthCache.java DEBUG [Forwarding findElement on session 0fb59d3c372d29b94d8f2df8106983e1 to remote] protocol.RequestAuthCache 77 - Auth cache not set in the context
12-09-2018 12:36:30 PoolingHttpClientConnectionManager.java DEBUG [Forwarding findElement on session 0fb59d3c372d29b94d8f2df8106983e1 to remote] conn.PoolingHttpClientConnectionManager 255 - Connection request: [route: {}->http://localhost:13733][total kept alive: 1; route allocated: 1 of 2000; total allocated: 1 of 2000]
12-09-2018 12:36:30 PoolingHttpClientConnectionManager.java DEBUG [Forwarding findElement on session 0fb59d3c372d29b94d8f2df8106983e1 to remote] conn.PoolingHttpClientConnectionManager 288 - Connection leased: [id: 3][route: {}->http://localhost:13733][total kept alive: 0; route allocated: 1 of 2000; total allocated: 1 of 2000]
12-09-2018 12:36:30 MainClientExec.java DEBUG [Forwarding findElement on session 0fb59d3c372d29b94d8f2df8106983e1 to remote] execchain.MainClientExec 208 - Stale connection check
12-09-2018 12:36:30 Wire.java DEBUG [Forwarding findElement on session 0fb59d3c372d29b94d8f2df8106983e1 to remote] http.wire 87 - http-outgoing-3 << "[read] I/O error: Read timed out"
12-09-2018 12:36:30 LoggingManagedHttpClientConnection.java DEBUG [Forwarding findElement on session 0fb59d3c372d29b94d8f2df8106983e1 to remote] conn.DefaultManagedHttpClientConnection 88 - http-outgoing-3: set socket timeout to 10800000
12-09-2018 12:36:30 MainClientExec.java DEBUG [Forwarding findElement on session 0fb59d3c372d29b94d8f2df8106983e1 to remote] execchain.MainClientExec 256 - Executing request POST /session/0fb59d3c372d29b94d8f2df8106983e1/element HTTP/1.1
12-09-2018 12:36:30 MainClientExec.java DEBUG [Forwarding findElement on session 0fb59d3c372d29b94d8f2df8106983e1 to remote] execchain.MainClientExec 261 - Target auth state: UNCHALLENGED
12-09-2018 12:36:30 MainClientExec.java DEBUG [Forwarding findElement on session 0fb59d3c372d29b94d8f2df8106983e1 to remote] execchain.MainClientExec 267 - Proxy auth state: UNCHALLENGED
12-09-2018 12:36:30 LoggingManagedHttpClientConnection.java DEBUG [Forwarding findElement on session 0fb59d3c372d29b94d8f2df8106983e1 to remote] http.headers 133 - http-outgoing-3 >> POST /session/0fb59d3c372d29b94d8f2df8106983e1/element HTTP/1.1
12-09-2018 12:36:30 LoggingManagedHttpClientConnection.java DEBUG [Forwarding findElement on session 0fb59d3c372d29b94d8f2df8106983e1 to remote] http.headers 136 - http-outgoing-3 >> Content-Type: application/json; charset=utf-8
12-09-2018 12:36:30 LoggingManagedHttpClientConnection.java DEBUG [Forwarding findElement on session 0fb59d3c372d29b94d8f2df8106983e1 to remote] http.headers 136 - http-outgoing-3 >> Content-Length: 55
12-09-2018 12:36:30 LoggingManagedHttpClientConnection.java DEBUG [Forwarding findElement on session 0fb59d3c372d29b94d8f2df8106983e1 to remote] http.headers 136 - http-outgoing-3 >> Host: localhost:13733
12-09-2018 12:36:30 LoggingManagedHttpClientConnection.java DEBUG [Forwarding findElement on session 0fb59d3c372d29b94d8f2df8106983e1 to remote] http.headers 136 - http-outgoing-3 >> Connection: Keep-Alive
12-09-2018 12:36:30 LoggingManagedHttpClientConnection.java DEBUG [Forwarding findElement on session 0fb59d3c372d29b94d8f2df8106983e1 to remote] http.headers 136 - http-outgoing-3 >> User-Agent: Apache-HttpClient/4.5.3 (Java/1.8.0_181)
12-09-2018 12:36:30 LoggingManagedHttpClientConnection.java DEBUG [Forwarding findElement on session 0fb59d3c372d29b94d8f2df8106983e1 to remote] http.headers 136 - http-outgoing-3 >> Accept-Encoding: gzip,deflate
12-09-2018 12:36:30 Wire.java DEBUG [Forwarding findElement on session 0fb59d3c372d29b94d8f2df8106983e1 to remote] http.wire 73 - http-outgoing-3 >> "POST /session/0fb59d3c372d29b94d8f2df8106983e1/element HTTP/1.1[\r][\n]"
12-09-2018 12:36:30 Wire.java DEBUG [Forwarding findElement on session 0fb59d3c372d29b94d8f2df8106983e1 to remote] http.wire 73 - http-outgoing-3 >> "Content-Type: application/json; charset=utf-8[\r][\n]"
12-09-2018 12:36:30 Wire.java DEBUG [Forwarding findElement on session 0fb59d3c372d29b94d8f2df8106983e1 to remote] http.wire 73 - http-outgoing-3 >> "Content-Length: 55[\r][\n]"
12-09-2018 12:36:30 Wire.java DEBUG [Forwarding findElement on session 0fb59d3c372d29b94d8f2df8106983e1 to remote] http.wire 73 - http-outgoing-3 >> "Host: localhost:13733[\r][\n]"
12-09-2018 12:36:30 Wire.java DEBUG [Forwarding findElement on session 0fb59d3c372d29b94d8f2df8106983e1 to remote] http.wire 73 - http-outgoing-3 >> "Connection: Keep-Alive[\r][\n]"
12-09-2018 12:36:30 Wire.java DEBUG [Forwarding findElement on session 0fb59d3c372d29b94d8f2df8106983e1 to remote] http.wire 73 - http-outgoing-3 >> "User-Agent: Apache-HttpClient/4.5.3 (Java/1.8.0_181)[\r][\n]"
12-09-2018 12:36:30 Wire.java DEBUG [Forwarding findElement on session 0fb59d3c372d29b94d8f2df8106983e1 to remote] http.wire 73 - http-outgoing-3 >> "Accept-Encoding: gzip,deflate[\r][\n]"
12-09-2018 12:36:30 Wire.java DEBUG [Forwarding findElement on session 0fb59d3c372d29b94d8f2df8106983e1 to remote] http.wire 73 - http-outgoing-3 >> "[\r][\n]"
12-09-2018 12:36:30 Wire.java DEBUG [Forwarding findElement on session 0fb59d3c372d29b94d8f2df8106983e1 to remote] http.wire 87 - http-outgoing-3 >> "{"using":"xpath","value":"//span[@class='gb_bb gbii']"}"
12-09-2018 12:36:30 Wire.java DEBUG [Forwarding findElement on session 0fb59d3c372d29b94d8f2df8106983e1 to remote] http.wire 73 - http-outgoing-3 << "HTTP/1.1 200 OK[\r][\n]"
12-09-2018 12:36:30 Wire.java DEBUG [Forwarding findElement on session 0fb59d3c372d29b94d8f2df8106983e1 to remote] http.wire 73 - http-outgoing-3 << "Content-Length:356[\r][\n]"
12-09-2018 12:36:30 Wire.java DEBUG [Forwarding findElement on session 0fb59d3c372d29b94d8f2df8106983e1 to remote] http.wire 73 - http-outgoing-3 << "Content-Type:application/json; charset=utf-8[\r][\n]"
12-09-2018 12:36:30 Wire.java DEBUG [Forwarding findElement on session 0fb59d3c372d29b94d8f2df8106983e1 to remote] http.wire 73 - http-outgoing-3 << "[\r][\n]"
12-09-2018 12:36:30 Wire.java DEBUG [Forwarding findElement on session 0fb59d3c372d29b94d8f2df8106983e1 to remote] http.wire 87 - http-outgoing-3 << "{"sessionId":"0fb59d3c372d29b94d8f2df8106983e1","status":7,"value":{"message":"no such element: Unable to locate element: {\"method\":\"xpath\",\"selector\":\"//span[@class='gb_bb gbii']\"}\n  (Session info: chrome=70.0.3538.110)\n  (Driver info: chromedriver=2.44.609538 (b655c5a60b0b544917107a59d4153d4bf78e1b90),platform=Windows NT 10.0.17134 x86_64)"}}"
12-09-2018 12:36:30 LoggingManagedHttpClientConnection.java DEBUG [Forwarding findElement on session 0fb59d3c372d29b94d8f2df8106983e1 to remote] http.headers 122 - http-outgoing-3 << HTTP/1.1 200 OK
12-09-2018 12:36:30 LoggingManagedHttpClientConnection.java DEBUG [Forwarding findElement on session 0fb59d3c372d29b94d8f2df8106983e1 to remote] http.headers 125 - http-outgoing-3 << Content-Length:356
12-09-2018 12:36:30 LoggingManagedHttpClientConnection.java DEBUG [Forwarding findElement on session 0fb59d3c372d29b94d8f2df8106983e1 to remote] http.headers 125 - http-outgoing-3 << Content-Type:application/json; charset=utf-8
12-09-2018 12:36:30 MainClientExec.java DEBUG [Forwarding findElement on session 0fb59d3c372d29b94d8f2df8106983e1 to remote] execchain.MainClientExec 285 - Connection can be kept alive indefinitely
12-09-2018 12:36:30 PoolingHttpClientConnectionManager.java DEBUG [Forwarding findElement on session 0fb59d3c372d29b94d8f2df8106983e1 to remote] conn.PoolingHttpClientConnectionManager 320 - Connection [id: 3][route: {}->http://localhost:13733] can be kept alive indefinitely
12-09-2018 12:36:30 PoolingHttpClientConnectionManager.java DEBUG [Forwarding findElement on session 0fb59d3c372d29b94d8f2df8106983e1 to remote] conn.PoolingHttpClientConnectionManager 326 - Connection released: [id: 3][route: {}->http://localhost:13733][total kept alive: 1; route allocated: 1 of 2000; total allocated: 1 of 2000]
12-09-2018 12:36:30 RequestAddCookies.java DEBUG [Forwarding findElement on session 0fb59d3c372d29b94d8f2df8106983e1 to remote] protocol.RequestAddCookies 123 - CookieSpec selected: default
12-09-2018 12:36:30 RequestAuthCache.java DEBUG [Forwarding findElement on session 0fb59d3c372d29b94d8f2df8106983e1 to remote] protocol.RequestAuthCache 77 - Auth cache not set in the context
12-09-2018 12:36:30 PoolingHttpClientConnectionManager.java DEBUG [Forwarding findElement on session 0fb59d3c372d29b94d8f2df8106983e1 to remote] conn.PoolingHttpClientConnectionManager 255 - Connection request: [route: {}->http://localhost:13733][total kept alive: 1; route allocated: 1 of 2000; total allocated: 1 of 2000]
12-09-2018 12:36:30 PoolingHttpClientConnectionManager.java DEBUG [Forwarding findElement on session 0fb59d3c372d29b94d8f2df8106983e1 to remote] conn.PoolingHttpClientConnectionManager 288 - Connection leased: [id: 3][route: {}->http://localhost:13733][total kept alive: 0; route allocated: 1 of 2000; total allocated: 1 of 2000]
12-09-2018 12:36:30 MainClientExec.java DEBUG [Forwarding findElement on session 0fb59d3c372d29b94d8f2df8106983e1 to remote] execchain.MainClientExec 208 - Stale connection check
12-09-2018 12:36:30 Wire.java DEBUG [Forwarding findElement on session 0fb59d3c372d29b94d8f2df8106983e1 to remote] http.wire 87 - http-outgoing-3 << "[read] I/O error: Read timed out"
12-09-2018 12:36:30 LoggingManagedHttpClientConnection.java DEBUG [Forwarding findElement on session 0fb59d3c372d29b94d8f2df8106983e1 to remote] conn.DefaultManagedHttpClientConnection 88 - http-outgoing-3: set socket timeout to 10800000
12-09-2018 12:36:30 MainClientExec.java DEBUG [Forwarding findElement on session 0fb59d3c372d29b94d8f2df8106983e1 to remote] execchain.MainClientExec 256 - Executing request POST /session/0fb59d3c372d29b94d8f2df8106983e1/element HTTP/1.1
12-09-2018 12:36:30 MainClientExec.java DEBUG [Forwarding findElement on session 0fb59d3c372d29b94d8f2df8106983e1 to remote] execchain.MainClientExec 261 - Target auth state: UNCHALLENGED
12-09-2018 12:36:30 MainClientExec.java DEBUG [Forwarding findElement on session 0fb59d3c372d29b94d8f2df8106983e1 to remote] execchain.MainClientExec 267 - Proxy auth state: UNCHALLENGED
12-09-2018 12:36:30 LoggingManagedHttpClientConnection.java DEBUG [Forwarding findElement on session 0fb59d3c372d29b94d8f2df8106983e1 to remote] http.headers 133 - http-outgoing-3 >> POST /session/0fb59d3c372d29b94d8f2df8106983e1/element HTTP/1.1
12-09-2018 12:36:30 LoggingManagedHttpClientConnection.java DEBUG [Forwarding findElement on session 0fb59d3c372d29b94d8f2df8106983e1 to remote] http.headers 136 - http-outgoing-3 >> Content-Type: application/json; charset=utf-8
12-09-2018 12:36:30 LoggingManagedHttpClientConnection.java DEBUG [Forwarding findElement on session 0fb59d3c372d29b94d8f2df8106983e1 to remote] http.headers 136 - http-outgoing-3 >> Content-Length: 55
12-09-2018 12:36:30 LoggingManagedHttpClientConnection.java DEBUG [Forwarding findElement on session 0fb59d3c372d29b94d8f2df8106983e1 to remote] http.headers 136 - http-outgoing-3 >> Host: localhost:13733
12-09-2018 12:36:30 LoggingManagedHttpClientConnection.java DEBUG [Forwarding findElement on session 0fb59d3c372d29b94d8f2df8106983e1 to remote] http.headers 136 - http-outgoing-3 >> Connection: Keep-Alive
12-09-2018 12:36:30 LoggingManagedHttpClientConnection.java DEBUG [Forwarding findElement on session 0fb59d3c372d29b94d8f2df8106983e1 to remote] http.headers 136 - http-outgoing-3 >> User-Agent: Apache-HttpClient/4.5.3 (Java/1.8.0_181)
12-09-2018 12:36:30 LoggingManagedHttpClientConnection.java DEBUG [Forwarding findElement on session 0fb59d3c372d29b94d8f2df8106983e1 to remote] http.headers 136 - http-outgoing-3 >> Accept-Encoding: gzip,deflate
12-09-2018 12:36:30 Wire.java DEBUG [Forwarding findElement on session 0fb59d3c372d29b94d8f2df8106983e1 to remote] http.wire 73 - http-outgoing-3 >> "POST /session/0fb59d3c372d29b94d8f2df8106983e1/element HTTP/1.1[\r][\n]"
12-09-2018 12:36:30 Wire.java DEBUG [Forwarding findElement on session 0fb59d3c372d29b94d8f2df8106983e1 to remote] http.wire 73 - http-outgoing-3 >> "Content-Type: application/json; charset=utf-8[\r][\n]"
12-09-2018 12:36:30 Wire.java DEBUG [Forwarding findElement on session 0fb59d3c372d29b94d8f2df8106983e1 to remote] http.wire 73 - http-outgoing-3 >> "Content-Length: 55[\r][\n]"
12-09-2018 12:36:30 Wire.java DEBUG [Forwarding findElement on session 0fb59d3c372d29b94d8f2df8106983e1 to remote] http.wire 73 - http-outgoing-3 >> "Host: localhost:13733[\r][\n]"
12-09-2018 12:36:30 Wire.java DEBUG [Forwarding findElement on session 0fb59d3c372d29b94d8f2df8106983e1 to remote] http.wire 73 - http-outgoing-3 >> "Connection: Keep-Alive[\r][\n]"
12-09-2018 12:36:30 Wire.java DEBUG [Forwarding findElement on session 0fb59d3c372d29b94d8f2df8106983e1 to remote] http.wire 73 - http-outgoing-3 >> "User-Agent: Apache-HttpClient/4.5.3 (Java/1.8.0_181)[\r][\n]"
12-09-2018 12:36:30 Wire.java DEBUG [Forwarding findElement on session 0fb59d3c372d29b94d8f2df8106983e1 to remote] http.wire 73 - http-outgoing-3 >> "Accept-Encoding: gzip,deflate[\r][\n]"
12-09-2018 12:36:30 Wire.java DEBUG [Forwarding findElement on session 0fb59d3c372d29b94d8f2df8106983e1 to remote] http.wire 73 - http-outgoing-3 >> "[\r][\n]"
12-09-2018 12:36:30 Wire.java DEBUG [Forwarding findElement on session 0fb59d3c372d29b94d8f2df8106983e1 to remote] http.wire 87 - http-outgoing-3 >> "{"using":"xpath","value":"//span[@class='gb_bb gbii']"}"
12-09-2018 12:36:30 Wire.java DEBUG [Forwarding findElement on session 0fb59d3c372d29b94d8f2df8106983e1 to remote] http.wire 73 - http-outgoing-3 << "HTTP/1.1 200 OK[\r][\n]"
12-09-2018 12:36:30 Wire.java DEBUG [Forwarding findElement on session 0fb59d3c372d29b94d8f2df8106983e1 to remote] http.wire 73 - http-outgoing-3 << "Content-Length:356[\r][\n]"
12-09-2018 12:36:30 Wire.java DEBUG [Forwarding findElement on session 0fb59d3c372d29b94d8f2df8106983e1 to remote] http.wire 73 - http-outgoing-3 << "Content-Type:application/json; charset=utf-8[\r][\n]"
12-09-2018 12:36:30 Wire.java DEBUG [Forwarding findElement on session 0fb59d3c372d29b94d8f2df8106983e1 to remote] http.wire 73 - http-outgoing-3 << "[\r][\n]"
12-09-2018 12:36:30 Wire.java DEBUG [Forwarding findElement on session 0fb59d3c372d29b94d8f2df8106983e1 to remote] http.wire 87 - http-outgoing-3 << "{"sessionId":"0fb59d3c372d29b94d8f2df8106983e1","status":7,"value":{"message":"no such element: Unable to locate element: {\"method\":\"xpath\",\"selector\":\"//span[@class='gb_bb gbii']\"}\n  (Session info: chrome=70.0.3538.110)\n  (Driver info: chromedriver=2.44.609538 (b655c5a60b0b544917107a59d4153d4bf78e1b90),platform=Windows NT 10.0.17134 x86_64)"}}"
12-09-2018 12:36:30 LoggingManagedHttpClientConnection.java DEBUG [Forwarding findElement on session 0fb59d3c372d29b94d8f2df8106983e1 to remote] http.headers 122 - http-outgoing-3 << HTTP/1.1 200 OK
12-09-2018 12:36:30 LoggingManagedHttpClientConnection.java DEBUG [Forwarding findElement on session 0fb59d3c372d29b94d8f2df8106983e1 to remote] http.headers 125 - http-outgoing-3 << Content-Length:356
12-09-2018 12:36:30 LoggingManagedHttpClientConnection.java DEBUG [Forwarding findElement on session 0fb59d3c372d29b94d8f2df8106983e1 to remote] http.headers 125 - http-outgoing-3 << Content-Type:application/json; charset=utf-8
12-09-2018 12:36:30 MainClientExec.java DEBUG [Forwarding findElement on session 0fb59d3c372d29b94d8f2df8106983e1 to remote] execchain.MainClientExec 285 - Connection can be kept alive indefinitely
12-09-2018 12:36:30 PoolingHttpClientConnectionManager.java DEBUG [Forwarding findElement on session 0fb59d3c372d29b94d8f2df8106983e1 to remote] conn.PoolingHttpClientConnectionManager 320 - Connection [id: 3][route: {}->http://localhost:13733] can be kept alive indefinitely
12-09-2018 12:36:30 PoolingHttpClientConnectionManager.java DEBUG [Forwarding findElement on session 0fb59d3c372d29b94d8f2df8106983e1 to remote] conn.PoolingHttpClientConnectionManager 326 - Connection released: [id: 3][route: {}->http://localhost:13733][total kept alive: 1; route allocated: 1 of 2000; total allocated: 1 of 2000]
12-09-2018 12:36:31 RequestAddCookies.java DEBUG [Forwarding findElement on session 0fb59d3c372d29b94d8f2df8106983e1 to remote] protocol.RequestAddCookies 123 - CookieSpec selected: default
12-09-2018 12:36:31 RequestAuthCache.java DEBUG [Forwarding findElement on session 0fb59d3c372d29b94d8f2df8106983e1 to remote] protocol.RequestAuthCache 77 - Auth cache not set in the context
12-09-2018 12:36:31 PoolingHttpClientConnectionManager.java DEBUG [Forwarding findElement on session 0fb59d3c372d29b94d8f2df8106983e1 to remote] conn.PoolingHttpClientConnectionManager 255 - Connection request: [route: {}->http://localhost:13733][total kept alive: 1; route allocated: 1 of 2000; total allocated: 1 of 2000]
12-09-2018 12:36:31 PoolingHttpClientConnectionManager.java DEBUG [Forwarding findElement on session 0fb59d3c372d29b94d8f2df8106983e1 to remote] conn.PoolingHttpClientConnectionManager 288 - Connection leased: [id: 3][route: {}->http://localhost:13733][total kept alive: 0; route allocated: 1 of 2000; total allocated: 1 of 2000]
12-09-2018 12:36:31 MainClientExec.java DEBUG [Forwarding findElement on session 0fb59d3c372d29b94d8f2df8106983e1 to remote] execchain.MainClientExec 208 - Stale connection check
12-09-2018 12:36:31 Wire.java DEBUG [Forwarding findElement on session 0fb59d3c372d29b94d8f2df8106983e1 to remote] http.wire 87 - http-outgoing-3 << "[read] I/O error: Read timed out"
12-09-2018 12:36:31 LoggingManagedHttpClientConnection.java DEBUG [Forwarding findElement on session 0fb59d3c372d29b94d8f2df8106983e1 to remote] conn.DefaultManagedHttpClientConnection 88 - http-outgoing-3: set socket timeout to 10800000
12-09-2018 12:36:31 MainClientExec.java DEBUG [Forwarding findElement on session 0fb59d3c372d29b94d8f2df8106983e1 to remote] execchain.MainClientExec 256 - Executing request POST /session/0fb59d3c372d29b94d8f2df8106983e1/element HTTP/1.1
12-09-2018 12:36:31 MainClientExec.java DEBUG [Forwarding findElement on session 0fb59d3c372d29b94d8f2df8106983e1 to remote] execchain.MainClientExec 261 - Target auth state: UNCHALLENGED
12-09-2018 12:36:31 MainClientExec.java DEBUG [Forwarding findElement on session 0fb59d3c372d29b94d8f2df8106983e1 to remote] execchain.MainClientExec 267 - Proxy auth state: UNCHALLENGED
12-09-2018 12:36:31 LoggingManagedHttpClientConnection.java DEBUG [Forwarding findElement on session 0fb59d3c372d29b94d8f2df8106983e1 to remote] http.headers 133 - http-outgoing-3 >> POST /session/0fb59d3c372d29b94d8f2df8106983e1/element HTTP/1.1
12-09-2018 12:36:31 LoggingManagedHttpClientConnection.java DEBUG [Forwarding findElement on session 0fb59d3c372d29b94d8f2df8106983e1 to remote] http.headers 136 - http-outgoing-3 >> Content-Type: application/json; charset=utf-8
12-09-2018 12:36:31 LoggingManagedHttpClientConnection.java DEBUG [Forwarding findElement on session 0fb59d3c372d29b94d8f2df8106983e1 to remote] http.headers 136 - http-outgoing-3 >> Content-Length: 55
12-09-2018 12:36:31 LoggingManagedHttpClientConnection.java DEBUG [Forwarding findElement on session 0fb59d3c372d29b94d8f2df8106983e1 to remote] http.headers 136 - http-outgoing-3 >> Host: localhost:13733
12-09-2018 12:36:31 LoggingManagedHttpClientConnection.java DEBUG [Forwarding findElement on session 0fb59d3c372d29b94d8f2df8106983e1 to remote] http.headers 136 - http-outgoing-3 >> Connection: Keep-Alive
12-09-2018 12:36:31 LoggingManagedHttpClientConnection.java DEBUG [Forwarding findElement on session 0fb59d3c372d29b94d8f2df8106983e1 to remote] http.headers 136 - http-outgoing-3 >> User-Agent: Apache-HttpClient/4.5.3 (Java/1.8.0_181)
12-09-2018 12:36:31 LoggingManagedHttpClientConnection.java DEBUG [Forwarding findElement on session 0fb59d3c372d29b94d8f2df8106983e1 to remote] http.headers 136 - http-outgoing-3 >> Accept-Encoding: gzip,deflate
12-09-2018 12:36:31 Wire.java DEBUG [Forwarding findElement on session 0fb59d3c372d29b94d8f2df8106983e1 to remote] http.wire 73 - http-outgoing-3 >> "POST /session/0fb59d3c372d29b94d8f2df8106983e1/element HTTP/1.1[\r][\n]"
12-09-2018 12:36:31 Wire.java DEBUG [Forwarding findElement on session 0fb59d3c372d29b94d8f2df8106983e1 to remote] http.wire 73 - http-outgoing-3 >> "Content-Type: application/json; charset=utf-8[\r][\n]"
12-09-2018 12:36:31 Wire.java DEBUG [Forwarding findElement on session 0fb59d3c372d29b94d8f2df8106983e1 to remote] http.wire 73 - http-outgoing-3 >> "Content-Length: 55[\r][\n]"
12-09-2018 12:36:31 Wire.java DEBUG [Forwarding findElement on session 0fb59d3c372d29b94d8f2df8106983e1 to remote] http.wire 73 - http-outgoing-3 >> "Host: localhost:13733[\r][\n]"
12-09-2018 12:36:31 Wire.java DEBUG [Forwarding findElement on session 0fb59d3c372d29b94d8f2df8106983e1 to remote] http.wire 73 - http-outgoing-3 >> "Connection: Keep-Alive[\r][\n]"
12-09-2018 12:36:31 Wire.java DEBUG [Forwarding findElement on session 0fb59d3c372d29b94d8f2df8106983e1 to remote] http.wire 73 - http-outgoing-3 >> "User-Agent: Apache-HttpClient/4.5.3 (Java/1.8.0_181)[\r][\n]"
12-09-2018 12:36:31 Wire.java DEBUG [Forwarding findElement on session 0fb59d3c372d29b94d8f2df8106983e1 to remote] http.wire 73 - http-outgoing-3 >> "Accept-Encoding: gzip,deflate[\r][\n]"
12-09-2018 12:36:31 Wire.java DEBUG [Forwarding findElement on session 0fb59d3c372d29b94d8f2df8106983e1 to remote] http.wire 73 - http-outgoing-3 >> "[\r][\n]"
12-09-2018 12:36:31 Wire.java DEBUG [Forwarding findElement on session 0fb59d3c372d29b94d8f2df8106983e1 to remote] http.wire 87 - http-outgoing-3 >> "{"using":"xpath","value":"//span[@class='gb_bb gbii']"}"
12-09-2018 12:36:31 Wire.java DEBUG [Forwarding findElement on session 0fb59d3c372d29b94d8f2df8106983e1 to remote] http.wire 73 - http-outgoing-3 << "HTTP/1.1 200 OK[\r][\n]"
12-09-2018 12:36:31 Wire.java DEBUG [Forwarding findElement on session 0fb59d3c372d29b94d8f2df8106983e1 to remote] http.wire 73 - http-outgoing-3 << "Content-Length:356[\r][\n]"
12-09-2018 12:36:31 Wire.java DEBUG [Forwarding findElement on session 0fb59d3c372d29b94d8f2df8106983e1 to remote] http.wire 73 - http-outgoing-3 << "Content-Type:application/json; charset=utf-8[\r][\n]"
12-09-2018 12:36:31 Wire.java DEBUG [Forwarding findElement on session 0fb59d3c372d29b94d8f2df8106983e1 to remote] http.wire 73 - http-outgoing-3 << "[\r][\n]"
12-09-2018 12:36:31 Wire.java DEBUG [Forwarding findElement on session 0fb59d3c372d29b94d8f2df8106983e1 to remote] http.wire 87 - http-outgoing-3 << "{"sessionId":"0fb59d3c372d29b94d8f2df8106983e1","status":7,"value":{"message":"no such element: Unable to locate element: {\"method\":\"xpath\",\"selector\":\"//span[@class='gb_bb gbii']\"}\n  (Session info: chrome=70.0.3538.110)\n  (Driver info: chromedriver=2.44.609538 (b655c5a60b0b544917107a59d4153d4bf78e1b90),platform=Windows NT 10.0.17134 x86_64)"}}"
12-09-2018 12:36:31 LoggingManagedHttpClientConnection.java DEBUG [Forwarding findElement on session 0fb59d3c372d29b94d8f2df8106983e1 to remote] http.headers 122 - http-outgoing-3 << HTTP/1.1 200 OK
12-09-2018 12:36:31 LoggingManagedHttpClientConnection.java DEBUG [Forwarding findElement on session 0fb59d3c372d29b94d8f2df8106983e1 to remote] http.headers 125 - http-outgoing-3 << Content-Length:356
12-09-2018 12:36:31 LoggingManagedHttpClientConnection.java DEBUG [Forwarding findElement on session 0fb59d3c372d29b94d8f2df8106983e1 to remote] http.headers 125 - http-outgoing-3 << Content-Type:application/json; charset=utf-8
12-09-2018 12:36:31 MainClientExec.java DEBUG [Forwarding findElement on session 0fb59d3c372d29b94d8f2df8106983e1 to remote] execchain.MainClientExec 285 - Connection can be kept alive indefinitely
12-09-2018 12:36:31 PoolingHttpClientConnectionManager.java DEBUG [Forwarding findElement on session 0fb59d3c372d29b94d8f2df8106983e1 to remote] conn.PoolingHttpClientConnectionManager 320 - Connection [id: 3][route: {}->http://localhost:13733] can be kept alive indefinitely
12-09-2018 12:36:31 PoolingHttpClientConnectionManager.java DEBUG [Forwarding findElement on session 0fb59d3c372d29b94d8f2df8106983e1 to remote] conn.PoolingHttpClientConnectionManager 326 - Connection released: [id: 3][route: {}->http://localhost:13733][total kept alive: 1; route allocated: 1 of 2000; total allocated: 1 of 2000]
12-09-2018 12:36:31 RequestAddCookies.java DEBUG [Forwarding findElement on session 0fb59d3c372d29b94d8f2df8106983e1 to remote] protocol.RequestAddCookies 123 - CookieSpec selected: default
12-09-2018 12:36:31 RequestAuthCache.java DEBUG [Forwarding findElement on session 0fb59d3c372d29b94d8f2df8106983e1 to remote] protocol.RequestAuthCache 77 - Auth cache not set in the context
12-09-2018 12:36:31 PoolingHttpClientConnectionManager.java DEBUG [Forwarding findElement on session 0fb59d3c372d29b94d8f2df8106983e1 to remote] conn.PoolingHttpClientConnectionManager 255 - Connection request: [route: {}->http://localhost:13733][total kept alive: 1; route allocated: 1 of 2000; total allocated: 1 of 2000]
12-09-2018 12:36:31 PoolingHttpClientConnectionManager.java DEBUG [Forwarding findElement on session 0fb59d3c372d29b94d8f2df8106983e1 to remote] conn.PoolingHttpClientConnectionManager 288 - Connection leased: [id: 3][route: {}->http://localhost:13733][total kept alive: 0; route allocated: 1 of 2000; total allocated: 1 of 2000]
12-09-2018 12:36:31 MainClientExec.java DEBUG [Forwarding findElement on session 0fb59d3c372d29b94d8f2df8106983e1 to remote] execchain.MainClientExec 208 - Stale connection check
12-09-2018 12:36:31 Wire.java DEBUG [Forwarding findElement on session 0fb59d3c372d29b94d8f2df8106983e1 to remote] http.wire 87 - http-outgoing-3 << "[read] I/O error: Read timed out"
12-09-2018 12:36:31 LoggingManagedHttpClientConnection.java DEBUG [Forwarding findElement on session 0fb59d3c372d29b94d8f2df8106983e1 to remote] conn.DefaultManagedHttpClientConnection 88 - http-outgoing-3: set socket timeout to 10800000
12-09-2018 12:36:31 MainClientExec.java DEBUG [Forwarding findElement on session 0fb59d3c372d29b94d8f2df8106983e1 to remote] execchain.MainClientExec 256 - Executing request POST /session/0fb59d3c372d29b94d8f2df8106983e1/element HTTP/1.1
12-09-2018 12:36:31 MainClientExec.java DEBUG [Forwarding findElement on session 0fb59d3c372d29b94d8f2df8106983e1 to remote] execchain.MainClientExec 261 - Target auth state: UNCHALLENGED
12-09-2018 12:36:31 MainClientExec.java DEBUG [Forwarding findElement on session 0fb59d3c372d29b94d8f2df8106983e1 to remote] execchain.MainClientExec 267 - Proxy auth state: UNCHALLENGED
12-09-2018 12:36:31 LoggingManagedHttpClientConnection.java DEBUG [Forwarding findElement on session 0fb59d3c372d29b94d8f2df8106983e1 to remote] http.headers 133 - http-outgoing-3 >> POST /session/0fb59d3c372d29b94d8f2df8106983e1/element HTTP/1.1
12-09-2018 12:36:31 LoggingManagedHttpClientConnection.java DEBUG [Forwarding findElement on session 0fb59d3c372d29b94d8f2df8106983e1 to remote] http.headers 136 - http-outgoing-3 >> Content-Type: application/json; charset=utf-8
12-09-2018 12:36:31 LoggingManagedHttpClientConnection.java DEBUG [Forwarding findElement on session 0fb59d3c372d29b94d8f2df8106983e1 to remote] http.headers 136 - http-outgoing-3 >> Content-Length: 55
12-09-2018 12:36:31 LoggingManagedHttpClientConnection.java DEBUG [Forwarding findElement on session 0fb59d3c372d29b94d8f2df8106983e1 to remote] http.headers 136 - http-outgoing-3 >> Host: localhost:13733
12-09-2018 12:36:31 LoggingManagedHttpClientConnection.java DEBUG [Forwarding findElement on session 0fb59d3c372d29b94d8f2df8106983e1 to remote] http.headers 136 - http-outgoing-3 >> Connection: Keep-Alive
12-09-2018 12:36:31 LoggingManagedHttpClientConnection.java DEBUG [Forwarding findElement on session 0fb59d3c372d29b94d8f2df8106983e1 to remote] http.headers 136 - http-outgoing-3 >> User-Agent: Apache-HttpClient/4.5.3 (Java/1.8.0_181)
12-09-2018 12:36:31 LoggingManagedHttpClientConnection.java DEBUG [Forwarding findElement on session 0fb59d3c372d29b94d8f2df8106983e1 to remote] http.headers 136 - http-outgoing-3 >> Accept-Encoding: gzip,deflate
12-09-2018 12:36:31 Wire.java DEBUG [Forwarding findElement on session 0fb59d3c372d29b94d8f2df8106983e1 to remote] http.wire 73 - http-outgoing-3 >> "POST /session/0fb59d3c372d29b94d8f2df8106983e1/element HTTP/1.1[\r][\n]"
12-09-2018 12:36:31 Wire.java DEBUG [Forwarding findElement on session 0fb59d3c372d29b94d8f2df8106983e1 to remote] http.wire 73 - http-outgoing-3 >> "Content-Type: application/json; charset=utf-8[\r][\n]"
12-09-2018 12:36:31 Wire.java DEBUG [Forwarding findElement on session 0fb59d3c372d29b94d8f2df8106983e1 to remote] http.wire 73 - http-outgoing-3 >> "Content-Length: 55[\r][\n]"
12-09-2018 12:36:31 Wire.java DEBUG [Forwarding findElement on session 0fb59d3c372d29b94d8f2df8106983e1 to remote] http.wire 73 - http-outgoing-3 >> "Host: localhost:13733[\r][\n]"
12-09-2018 12:36:31 Wire.java DEBUG [Forwarding findElement on session 0fb59d3c372d29b94d8f2df8106983e1 to remote] http.wire 73 - http-outgoing-3 >> "Connection: Keep-Alive[\r][\n]"
12-09-2018 12:36:31 Wire.java DEBUG [Forwarding findElement on session 0fb59d3c372d29b94d8f2df8106983e1 to remote] http.wire 73 - http-outgoing-3 >> "User-Agent: Apache-HttpClient/4.5.3 (Java/1.8.0_181)[\r][\n]"
12-09-2018 12:36:31 Wire.java DEBUG [Forwarding findElement on session 0fb59d3c372d29b94d8f2df8106983e1 to remote] http.wire 73 - http-outgoing-3 >> "Accept-Encoding: gzip,deflate[\r][\n]"
12-09-2018 12:36:31 Wire.java DEBUG [Forwarding findElement on session 0fb59d3c372d29b94d8f2df8106983e1 to remote] http.wire 73 - http-outgoing-3 >> "[\r][\n]"
12-09-2018 12:36:31 Wire.java DEBUG [Forwarding findElement on session 0fb59d3c372d29b94d8f2df8106983e1 to remote] http.wire 87 - http-outgoing-3 >> "{"using":"xpath","value":"//span[@class='gb_bb gbii']"}"
12-09-2018 12:36:31 Wire.java DEBUG [Forwarding findElement on session 0fb59d3c372d29b94d8f2df8106983e1 to remote] http.wire 73 - http-outgoing-3 << "HTTP/1.1 200 OK[\r][\n]"
12-09-2018 12:36:31 Wire.java DEBUG [Forwarding findElement on session 0fb59d3c372d29b94d8f2df8106983e1 to remote] http.wire 73 - http-outgoing-3 << "Content-Length:356[\r][\n]"
12-09-2018 12:36:31 Wire.java DEBUG [Forwarding findElement on session 0fb59d3c372d29b94d8f2df8106983e1 to remote] http.wire 73 - http-outgoing-3 << "Content-Type:application/json; charset=utf-8[\r][\n]"
12-09-2018 12:36:31 Wire.java DEBUG [Forwarding findElement on session 0fb59d3c372d29b94d8f2df8106983e1 to remote] http.wire 73 - http-outgoing-3 << "[\r][\n]"
12-09-2018 12:36:31 Wire.java DEBUG [Forwarding findElement on session 0fb59d3c372d29b94d8f2df8106983e1 to remote] http.wire 87 - http-outgoing-3 << "{"sessionId":"0fb59d3c372d29b94d8f2df8106983e1","status":7,"value":{"message":"no such element: Unable to locate element: {\"method\":\"xpath\",\"selector\":\"//span[@class='gb_bb gbii']\"}\n  (Session info: chrome=70.0.3538.110)\n  (Driver info: chromedriver=2.44.609538 (b655c5a60b0b544917107a59d4153d4bf78e1b90),platform=Windows NT 10.0.17134 x86_64)"}}"
12-09-2018 12:36:31 LoggingManagedHttpClientConnection.java DEBUG [Forwarding findElement on session 0fb59d3c372d29b94d8f2df8106983e1 to remote] http.headers 122 - http-outgoing-3 << HTTP/1.1 200 OK
12-09-2018 12:36:31 LoggingManagedHttpClientConnection.java DEBUG [Forwarding findElement on session 0fb59d3c372d29b94d8f2df8106983e1 to remote] http.headers 125 - http-outgoing-3 << Content-Length:356
12-09-2018 12:36:31 LoggingManagedHttpClientConnection.java DEBUG [Forwarding findElement on session 0fb59d3c372d29b94d8f2df8106983e1 to remote] http.headers 125 - http-outgoing-3 << Content-Type:application/json; charset=utf-8
12-09-2018 12:36:31 MainClientExec.java DEBUG [Forwarding findElement on session 0fb59d3c372d29b94d8f2df8106983e1 to remote] execchain.MainClientExec 285 - Connection can be kept alive indefinitely
12-09-2018 12:36:31 PoolingHttpClientConnectionManager.java DEBUG [Forwarding findElement on session 0fb59d3c372d29b94d8f2df8106983e1 to remote] conn.PoolingHttpClientConnectionManager 320 - Connection [id: 3][route: {}->http://localhost:13733] can be kept alive indefinitely
12-09-2018 12:36:31 PoolingHttpClientConnectionManager.java DEBUG [Forwarding findElement on session 0fb59d3c372d29b94d8f2df8106983e1 to remote] conn.PoolingHttpClientConnectionManager 326 - Connection released: [id: 3][route: {}->http://localhost:13733][total kept alive: 1; route allocated: 1 of 2000; total allocated: 1 of 2000]
12-09-2018 12:36:32 RequestAddCookies.java DEBUG [Forwarding findElement on session 0fb59d3c372d29b94d8f2df8106983e1 to remote] protocol.RequestAddCookies 123 - CookieSpec selected: default
12-09-2018 12:36:32 RequestAuthCache.java DEBUG [Forwarding findElement on session 0fb59d3c372d29b94d8f2df8106983e1 to remote] protocol.RequestAuthCache 77 - Auth cache not set in the context
12-09-2018 12:36:32 PoolingHttpClientConnectionManager.java DEBUG [Forwarding findElement on session 0fb59d3c372d29b94d8f2df8106983e1 to remote] conn.PoolingHttpClientConnectionManager 255 - Connection request: [route: {}->http://localhost:13733][total kept alive: 1; route allocated: 1 of 2000; total allocated: 1 of 2000]
12-09-2018 12:36:32 PoolingHttpClientConnectionManager.java DEBUG [Forwarding findElement on session 0fb59d3c372d29b94d8f2df8106983e1 to remote] conn.PoolingHttpClientConnectionManager 288 - Connection leased: [id: 3][route: {}->http://localhost:13733][total kept alive: 0; route allocated: 1 of 2000; total allocated: 1 of 2000]
12-09-2018 12:36:32 MainClientExec.java DEBUG [Forwarding findElement on session 0fb59d3c372d29b94d8f2df8106983e1 to remote] execchain.MainClientExec 208 - Stale connection check
12-09-2018 12:36:32 Wire.java DEBUG [Forwarding findElement on session 0fb59d3c372d29b94d8f2df8106983e1 to remote] http.wire 87 - http-outgoing-3 << "[read] I/O error: Read timed out"
12-09-2018 12:36:32 LoggingManagedHttpClientConnection.java DEBUG [Forwarding findElement on session 0fb59d3c372d29b94d8f2df8106983e1 to remote] conn.DefaultManagedHttpClientConnection 88 - http-outgoing-3: set socket timeout to 10800000
12-09-2018 12:36:32 MainClientExec.java DEBUG [Forwarding findElement on session 0fb59d3c372d29b94d8f2df8106983e1 to remote] execchain.MainClientExec 256 - Executing request POST /session/0fb59d3c372d29b94d8f2df8106983e1/element HTTP/1.1
12-09-2018 12:36:32 MainClientExec.java DEBUG [Forwarding findElement on session 0fb59d3c372d29b94d8f2df8106983e1 to remote] execchain.MainClientExec 261 - Target auth state: UNCHALLENGED
12-09-2018 12:36:32 MainClientExec.java DEBUG [Forwarding findElement on session 0fb59d3c372d29b94d8f2df8106983e1 to remote] execchain.MainClientExec 267 - Proxy auth state: UNCHALLENGED
12-09-2018 12:36:32 LoggingManagedHttpClientConnection.java DEBUG [Forwarding findElement on session 0fb59d3c372d29b94d8f2df8106983e1 to remote] http.headers 133 - http-outgoing-3 >> POST /session/0fb59d3c372d29b94d8f2df8106983e1/element HTTP/1.1
12-09-2018 12:36:32 LoggingManagedHttpClientConnection.java DEBUG [Forwarding findElement on session 0fb59d3c372d29b94d8f2df8106983e1 to remote] http.headers 136 - http-outgoing-3 >> Content-Type: application/json; charset=utf-8
12-09-2018 12:36:32 LoggingManagedHttpClientConnection.java DEBUG [Forwarding findElement on session 0fb59d3c372d29b94d8f2df8106983e1 to remote] http.headers 136 - http-outgoing-3 >> Content-Length: 55
12-09-2018 12:36:32 LoggingManagedHttpClientConnection.java DEBUG [Forwarding findElement on session 0fb59d3c372d29b94d8f2df8106983e1 to remote] http.headers 136 - http-outgoing-3 >> Host: localhost:13733
12-09-2018 12:36:32 LoggingManagedHttpClientConnection.java DEBUG [Forwarding findElement on session 0fb59d3c372d29b94d8f2df8106983e1 to remote] http.headers 136 - http-outgoing-3 >> Connection: Keep-Alive
12-09-2018 12:36:32 LoggingManagedHttpClientConnection.java DEBUG [Forwarding findElement on session 0fb59d3c372d29b94d8f2df8106983e1 to remote] http.headers 136 - http-outgoing-3 >> User-Agent: Apache-HttpClient/4.5.3 (Java/1.8.0_181)
12-09-2018 12:36:32 LoggingManagedHttpClientConnection.java DEBUG [Forwarding findElement on session 0fb59d3c372d29b94d8f2df8106983e1 to remote] http.headers 136 - http-outgoing-3 >> Accept-Encoding: gzip,deflate
12-09-2018 12:36:32 Wire.java DEBUG [Forwarding findElement on session 0fb59d3c372d29b94d8f2df8106983e1 to remote] http.wire 73 - http-outgoing-3 >> "POST /session/0fb59d3c372d29b94d8f2df8106983e1/element HTTP/1.1[\r][\n]"
12-09-2018 12:36:32 Wire.java DEBUG [Forwarding findElement on session 0fb59d3c372d29b94d8f2df8106983e1 to remote] http.wire 73 - http-outgoing-3 >> "Content-Type: application/json; charset=utf-8[\r][\n]"
12-09-2018 12:36:32 Wire.java DEBUG [Forwarding findElement on session 0fb59d3c372d29b94d8f2df8106983e1 to remote] http.wire 73 - http-outgoing-3 >> "Content-Length: 55[\r][\n]"
12-09-2018 12:36:32 Wire.java DEBUG [Forwarding findElement on session 0fb59d3c372d29b94d8f2df8106983e1 to remote] http.wire 73 - http-outgoing-3 >> "Host: localhost:13733[\r][\n]"
12-09-2018 12:36:32 Wire.java DEBUG [Forwarding findElement on session 0fb59d3c372d29b94d8f2df8106983e1 to remote] http.wire 73 - http-outgoing-3 >> "Connection: Keep-Alive[\r][\n]"
12-09-2018 12:36:32 Wire.java DEBUG [Forwarding findElement on session 0fb59d3c372d29b94d8f2df8106983e1 to remote] http.wire 73 - http-outgoing-3 >> "User-Agent: Apache-HttpClient/4.5.3 (Java/1.8.0_181)[\r][\n]"
12-09-2018 12:36:32 Wire.java DEBUG [Forwarding findElement on session 0fb59d3c372d29b94d8f2df8106983e1 to remote] http.wire 73 - http-outgoing-3 >> "Accept-Encoding: gzip,deflate[\r][\n]"
12-09-2018 12:36:32 Wire.java DEBUG [Forwarding findElement on session 0fb59d3c372d29b94d8f2df8106983e1 to remote] http.wire 73 - http-outgoing-3 >> "[\r][\n]"
12-09-2018 12:36:32 Wire.java DEBUG [Forwarding findElement on session 0fb59d3c372d29b94d8f2df8106983e1 to remote] http.wire 87 - http-outgoing-3 >> "{"using":"xpath","value":"//span[@class='gb_bb gbii']"}"
12-09-2018 12:36:32 Wire.java DEBUG [Forwarding findElement on session 0fb59d3c372d29b94d8f2df8106983e1 to remote] http.wire 73 - http-outgoing-3 << "HTTP/1.1 200 OK[\r][\n]"
12-09-2018 12:36:32 Wire.java DEBUG [Forwarding findElement on session 0fb59d3c372d29b94d8f2df8106983e1 to remote] http.wire 73 - http-outgoing-3 << "Content-Length:356[\r][\n]"
12-09-2018 12:36:32 Wire.java DEBUG [Forwarding findElement on session 0fb59d3c372d29b94d8f2df8106983e1 to remote] http.wire 73 - http-outgoing-3 << "Content-Type:application/json; charset=utf-8[\r][\n]"
12-09-2018 12:36:32 Wire.java DEBUG [Forwarding findElement on session 0fb59d3c372d29b94d8f2df8106983e1 to remote] http.wire 73 - http-outgoing-3 << "[\r][\n]"
12-09-2018 12:36:32 Wire.java DEBUG [Forwarding findElement on session 0fb59d3c372d29b94d8f2df8106983e1 to remote] http.wire 87 - http-outgoing-3 << "{"sessionId":"0fb59d3c372d29b94d8f2df8106983e1","status":7,"value":{"message":"no such element: Unable to locate element: {\"method\":\"xpath\",\"selector\":\"//span[@class='gb_bb gbii']\"}\n  (Session info: chrome=70.0.3538.110)\n  (Driver info: chromedriver=2.44.609538 (b655c5a60b0b544917107a59d4153d4bf78e1b90),platform=Windows NT 10.0.17134 x86_64)"}}"
12-09-2018 12:36:32 LoggingManagedHttpClientConnection.java DEBUG [Forwarding findElement on session 0fb59d3c372d29b94d8f2df8106983e1 to remote] http.headers 122 - http-outgoing-3 << HTTP/1.1 200 OK
12-09-2018 12:36:32 LoggingManagedHttpClientConnection.java DEBUG [Forwarding findElement on session 0fb59d3c372d29b94d8f2df8106983e1 to remote] http.headers 125 - http-outgoing-3 << Content-Length:356
12-09-2018 12:36:32 LoggingManagedHttpClientConnection.java DEBUG [Forwarding findElement on session 0fb59d3c372d29b94d8f2df8106983e1 to remote] http.headers 125 - http-outgoing-3 << Content-Type:application/json; charset=utf-8
12-09-2018 12:36:32 MainClientExec.java DEBUG [Forwarding findElement on session 0fb59d3c372d29b94d8f2df8106983e1 to remote] execchain.MainClientExec 285 - Connection can be kept alive indefinitely
12-09-2018 12:36:32 PoolingHttpClientConnectionManager.java DEBUG [Forwarding findElement on session 0fb59d3c372d29b94d8f2df8106983e1 to remote] conn.PoolingHttpClientConnectionManager 320 - Connection [id: 3][route: {}->http://localhost:13733] can be kept alive indefinitely
12-09-2018 12:36:32 PoolingHttpClientConnectionManager.java DEBUG [Forwarding findElement on session 0fb59d3c372d29b94d8f2df8106983e1 to remote] conn.PoolingHttpClientConnectionManager 326 - Connection released: [id: 3][route: {}->http://localhost:13733][total kept alive: 1; route allocated: 1 of 2000; total allocated: 1 of 2000]
12-09-2018 12:36:32 RequestAddCookies.java DEBUG [Forwarding findElement on session 0fb59d3c372d29b94d8f2df8106983e1 to remote] protocol.RequestAddCookies 123 - CookieSpec selected: default
12-09-2018 12:36:32 RequestAuthCache.java DEBUG [Forwarding findElement on session 0fb59d3c372d29b94d8f2df8106983e1 to remote] protocol.RequestAuthCache 77 - Auth cache not set in the context
12-09-2018 12:36:32 PoolingHttpClientConnectionManager.java DEBUG [Forwarding findElement on session 0fb59d3c372d29b94d8f2df8106983e1 to remote] conn.PoolingHttpClientConnectionManager 255 - Connection request: [route: {}->http://localhost:13733][total kept alive: 1; route allocated: 1 of 2000; total allocated: 1 of 2000]
12-09-2018 12:36:32 PoolingHttpClientConnectionManager.java DEBUG [Forwarding findElement on session 0fb59d3c372d29b94d8f2df8106983e1 to remote] conn.PoolingHttpClientConnectionManager 288 - Connection leased: [id: 3][route: {}->http://localhost:13733][total kept alive: 0; route allocated: 1 of 2000; total allocated: 1 of 2000]
12-09-2018 12:36:32 MainClientExec.java DEBUG [Forwarding findElement on session 0fb59d3c372d29b94d8f2df8106983e1 to remote] execchain.MainClientExec 208 - Stale connection check
12-09-2018 12:36:32 Wire.java DEBUG [Forwarding findElement on session 0fb59d3c372d29b94d8f2df8106983e1 to remote] http.wire 87 - http-outgoing-3 << "[read] I/O error: Read timed out"
12-09-2018 12:36:32 LoggingManagedHttpClientConnection.java DEBUG [Forwarding findElement on session 0fb59d3c372d29b94d8f2df8106983e1 to remote] conn.DefaultManagedHttpClientConnection 88 - http-outgoing-3: set socket timeout to 10800000
12-09-2018 12:36:32 MainClientExec.java DEBUG [Forwarding findElement on session 0fb59d3c372d29b94d8f2df8106983e1 to remote] execchain.MainClientExec 256 - Executing request POST /session/0fb59d3c372d29b94d8f2df8106983e1/element HTTP/1.1
12-09-2018 12:36:32 MainClientExec.java DEBUG [Forwarding findElement on session 0fb59d3c372d29b94d8f2df8106983e1 to remote] execchain.MainClientExec 261 - Target auth state: UNCHALLENGED
12-09-2018 12:36:32 MainClientExec.java DEBUG [Forwarding findElement on session 0fb59d3c372d29b94d8f2df8106983e1 to remote] execchain.MainClientExec 267 - Proxy auth state: UNCHALLENGED
12-09-2018 12:36:32 LoggingManagedHttpClientConnection.java DEBUG [Forwarding findElement on session 0fb59d3c372d29b94d8f2df8106983e1 to remote] http.headers 133 - http-outgoing-3 >> POST /session/0fb59d3c372d29b94d8f2df8106983e1/element HTTP/1.1
12-09-2018 12:36:32 LoggingManagedHttpClientConnection.java DEBUG [Forwarding findElement on session 0fb59d3c372d29b94d8f2df8106983e1 to remote] http.headers 136 - http-outgoing-3 >> Content-Type: application/json; charset=utf-8
12-09-2018 12:36:32 LoggingManagedHttpClientConnection.java DEBUG [Forwarding findElement on session 0fb59d3c372d29b94d8f2df8106983e1 to remote] http.headers 136 - http-outgoing-3 >> Content-Length: 55
12-09-2018 12:36:32 LoggingManagedHttpClientConnection.java DEBUG [Forwarding findElement on session 0fb59d3c372d29b94d8f2df8106983e1 to remote] http.headers 136 - http-outgoing-3 >> Host: localhost:13733
12-09-2018 12:36:32 LoggingManagedHttpClientConnection.java DEBUG [Forwarding findElement on session 0fb59d3c372d29b94d8f2df8106983e1 to remote] http.headers 136 - http-outgoing-3 >> Connection: Keep-Alive
12-09-2018 12:36:32 LoggingManagedHttpClientConnection.java DEBUG [Forwarding findElement on session 0fb59d3c372d29b94d8f2df8106983e1 to remote] http.headers 136 - http-outgoing-3 >> User-Agent: Apache-HttpClient/4.5.3 (Java/1.8.0_181)
12-09-2018 12:36:32 LoggingManagedHttpClientConnection.java DEBUG [Forwarding findElement on session 0fb59d3c372d29b94d8f2df8106983e1 to remote] http.headers 136 - http-outgoing-3 >> Accept-Encoding: gzip,deflate
12-09-2018 12:36:32 Wire.java DEBUG [Forwarding findElement on session 0fb59d3c372d29b94d8f2df8106983e1 to remote] http.wire 73 - http-outgoing-3 >> "POST /session/0fb59d3c372d29b94d8f2df8106983e1/element HTTP/1.1[\r][\n]"
12-09-2018 12:36:32 Wire.java DEBUG [Forwarding findElement on session 0fb59d3c372d29b94d8f2df8106983e1 to remote] http.wire 73 - http-outgoing-3 >> "Content-Type: application/json; charset=utf-8[\r][\n]"
12-09-2018 12:36:32 Wire.java DEBUG [Forwarding findElement on session 0fb59d3c372d29b94d8f2df8106983e1 to remote] http.wire 73 - http-outgoing-3 >> "Content-Length: 55[\r][\n]"
12-09-2018 12:36:32 Wire.java DEBUG [Forwarding findElement on session 0fb59d3c372d29b94d8f2df8106983e1 to remote] http.wire 73 - http-outgoing-3 >> "Host: localhost:13733[\r][\n]"
12-09-2018 12:36:32 Wire.java DEBUG [Forwarding findElement on session 0fb59d3c372d29b94d8f2df8106983e1 to remote] http.wire 73 - http-outgoing-3 >> "Connection: Keep-Alive[\r][\n]"
12-09-2018 12:36:32 Wire.java DEBUG [Forwarding findElement on session 0fb59d3c372d29b94d8f2df8106983e1 to remote] http.wire 73 - http-outgoing-3 >> "User-Agent: Apache-HttpClient/4.5.3 (Java/1.8.0_181)[\r][\n]"
12-09-2018 12:36:32 Wire.java DEBUG [Forwarding findElement on session 0fb59d3c372d29b94d8f2df8106983e1 to remote] http.wire 73 - http-outgoing-3 >> "Accept-Encoding: gzip,deflate[\r][\n]"
12-09-2018 12:36:32 Wire.java DEBUG [Forwarding findElement on session 0fb59d3c372d29b94d8f2df8106983e1 to remote] http.wire 73 - http-outgoing-3 >> "[\r][\n]"
12-09-2018 12:36:32 Wire.java DEBUG [Forwarding findElement on session 0fb59d3c372d29b94d8f2df8106983e1 to remote] http.wire 87 - http-outgoing-3 >> "{"using":"xpath","value":"//span[@class='gb_bb gbii']"}"
12-09-2018 12:36:32 Wire.java DEBUG [Forwarding findElement on session 0fb59d3c372d29b94d8f2df8106983e1 to remote] http.wire 73 - http-outgoing-3 << "HTTP/1.1 200 OK[\r][\n]"
12-09-2018 12:36:32 Wire.java DEBUG [Forwarding findElement on session 0fb59d3c372d29b94d8f2df8106983e1 to remote] http.wire 73 - http-outgoing-3 << "Content-Length:356[\r][\n]"
12-09-2018 12:36:32 Wire.java DEBUG [Forwarding findElement on session 0fb59d3c372d29b94d8f2df8106983e1 to remote] http.wire 73 - http-outgoing-3 << "Content-Type:application/json; charset=utf-8[\r][\n]"
12-09-2018 12:36:32 Wire.java DEBUG [Forwarding findElement on session 0fb59d3c372d29b94d8f2df8106983e1 to remote] http.wire 73 - http-outgoing-3 << "[\r][\n]"
12-09-2018 12:36:32 Wire.java DEBUG [Forwarding findElement on session 0fb59d3c372d29b94d8f2df8106983e1 to remote] http.wire 87 - http-outgoing-3 << "{"sessionId":"0fb59d3c372d29b94d8f2df8106983e1","status":7,"value":{"message":"no such element: Unable to locate element: {\"method\":\"xpath\",\"selector\":\"//span[@class='gb_bb gbii']\"}\n  (Session info: chrome=70.0.3538.110)\n  (Driver info: chromedriver=2.44.609538 (b655c5a60b0b544917107a59d4153d4bf78e1b90),platform=Windows NT 10.0.17134 x86_64)"}}"
12-09-2018 12:36:32 LoggingManagedHttpClientConnection.java DEBUG [Forwarding findElement on session 0fb59d3c372d29b94d8f2df8106983e1 to remote] http.headers 122 - http-outgoing-3 << HTTP/1.1 200 OK
12-09-2018 12:36:32 LoggingManagedHttpClientConnection.java DEBUG [Forwarding findElement on session 0fb59d3c372d29b94d8f2df8106983e1 to remote] http.headers 125 - http-outgoing-3 << Content-Length:356
12-09-2018 12:36:32 LoggingManagedHttpClientConnection.java DEBUG [Forwarding findElement on session 0fb59d3c372d29b94d8f2df8106983e1 to remote] http.headers 125 - http-outgoing-3 << Content-Type:application/json; charset=utf-8
12-09-2018 12:36:32 MainClientExec.java DEBUG [Forwarding findElement on session 0fb59d3c372d29b94d8f2df8106983e1 to remote] execchain.MainClientExec 285 - Connection can be kept alive indefinitely
12-09-2018 12:36:32 PoolingHttpClientConnectionManager.java DEBUG [Forwarding findElement on session 0fb59d3c372d29b94d8f2df8106983e1 to remote] conn.PoolingHttpClientConnectionManager 320 - Connection [id: 3][route: {}->http://localhost:13733] can be kept alive indefinitely
12-09-2018 12:36:32 PoolingHttpClientConnectionManager.java DEBUG [Forwarding findElement on session 0fb59d3c372d29b94d8f2df8106983e1 to remote] conn.PoolingHttpClientConnectionManager 326 - Connection released: [id: 3][route: {}->http://localhost:13733][total kept alive: 1; route allocated: 1 of 2000; total allocated: 1 of 2000]
12-09-2018 12:36:32 RequestAddCookies.java DEBUG [Forwarding findElement on session 0fb59d3c372d29b94d8f2df8106983e1 to remote] protocol.RequestAddCookies 123 - CookieSpec selected: default
12-09-2018 12:36:32 RequestAuthCache.java DEBUG [Forwarding findElement on session 0fb59d3c372d29b94d8f2df8106983e1 to remote] protocol.RequestAuthCache 77 - Auth cache not set in the context
12-09-2018 12:36:32 PoolingHttpClientConnectionManager.java DEBUG [Forwarding findElement on session 0fb59d3c372d29b94d8f2df8106983e1 to remote] conn.PoolingHttpClientConnectionManager 255 - Connection request: [route: {}->http://localhost:13733][total kept alive: 1; route allocated: 1 of 2000; total allocated: 1 of 2000]
12-09-2018 12:36:32 PoolingHttpClientConnectionManager.java DEBUG [Forwarding findElement on session 0fb59d3c372d29b94d8f2df8106983e1 to remote] conn.PoolingHttpClientConnectionManager 288 - Connection leased: [id: 3][route: {}->http://localhost:13733][total kept alive: 0; route allocated: 1 of 2000; total allocated: 1 of 2000]
12-09-2018 12:36:32 MainClientExec.java DEBUG [Forwarding findElement on session 0fb59d3c372d29b94d8f2df8106983e1 to remote] execchain.MainClientExec 208 - Stale connection check
12-09-2018 12:36:32 Wire.java DEBUG [Forwarding findElement on session 0fb59d3c372d29b94d8f2df8106983e1 to remote] http.wire 87 - http-outgoing-3 << "[read] I/O error: Read timed out"
12-09-2018 12:36:32 LoggingManagedHttpClientConnection.java DEBUG [Forwarding findElement on session 0fb59d3c372d29b94d8f2df8106983e1 to remote] conn.DefaultManagedHttpClientConnection 88 - http-outgoing-3: set socket timeout to 10800000
12-09-2018 12:36:32 MainClientExec.java DEBUG [Forwarding findElement on session 0fb59d3c372d29b94d8f2df8106983e1 to remote] execchain.MainClientExec 256 - Executing request POST /session/0fb59d3c372d29b94d8f2df8106983e1/element HTTP/1.1
12-09-2018 12:36:32 MainClientExec.java DEBUG [Forwarding findElement on session 0fb59d3c372d29b94d8f2df8106983e1 to remote] execchain.MainClientExec 261 - Target auth state: UNCHALLENGED
12-09-2018 12:36:32 MainClientExec.java DEBUG [Forwarding findElement on session 0fb59d3c372d29b94d8f2df8106983e1 to remote] execchain.MainClientExec 267 - Proxy auth state: UNCHALLENGED
12-09-2018 12:36:32 LoggingManagedHttpClientConnection.java DEBUG [Forwarding findElement on session 0fb59d3c372d29b94d8f2df8106983e1 to remote] http.headers 133 - http-outgoing-3 >> POST /session/0fb59d3c372d29b94d8f2df8106983e1/element HTTP/1.1
12-09-2018 12:36:32 LoggingManagedHttpClientConnection.java DEBUG [Forwarding findElement on session 0fb59d3c372d29b94d8f2df8106983e1 to remote] http.headers 136 - http-outgoing-3 >> Content-Type: application/json; charset=utf-8
12-09-2018 12:36:32 LoggingManagedHttpClientConnection.java DEBUG [Forwarding findElement on session 0fb59d3c372d29b94d8f2df8106983e1 to remote] http.headers 136 - http-outgoing-3 >> Content-Length: 55
12-09-2018 12:36:32 LoggingManagedHttpClientConnection.java DEBUG [Forwarding findElement on session 0fb59d3c372d29b94d8f2df8106983e1 to remote] http.headers 136 - http-outgoing-3 >> Host: localhost:13733
12-09-2018 12:36:32 LoggingManagedHttpClientConnection.java DEBUG [Forwarding findElement on session 0fb59d3c372d29b94d8f2df8106983e1 to remote] http.headers 136 - http-outgoing-3 >> Connection: Keep-Alive
12-09-2018 12:36:32 LoggingManagedHttpClientConnection.java DEBUG [Forwarding findElement on session 0fb59d3c372d29b94d8f2df8106983e1 to remote] http.headers 136 - http-outgoing-3 >> User-Agent: Apache-HttpClient/4.5.3 (Java/1.8.0_181)
12-09-2018 12:36:32 LoggingManagedHttpClientConnection.java DEBUG [Forwarding findElement on session 0fb59d3c372d29b94d8f2df8106983e1 to remote] http.headers 136 - http-outgoing-3 >> Accept-Encoding: gzip,deflate
12-09-2018 12:36:32 Wire.java DEBUG [Forwarding findElement on session 0fb59d3c372d29b94d8f2df8106983e1 to remote] http.wire 73 - http-outgoing-3 >> "POST /session/0fb59d3c372d29b94d8f2df8106983e1/element HTTP/1.1[\r][\n]"
12-09-2018 12:36:32 Wire.java DEBUG [Forwarding findElement on session 0fb59d3c372d29b94d8f2df8106983e1 to remote] http.wire 73 - http-outgoing-3 >> "Content-Type: application/json; charset=utf-8[\r][\n]"
12-09-2018 12:36:32 Wire.java DEBUG [Forwarding findElement on session 0fb59d3c372d29b94d8f2df8106983e1 to remote] http.wire 73 - http-outgoing-3 >> "Content-Length: 55[\r][\n]"
12-09-2018 12:36:32 Wire.java DEBUG [Forwarding findElement on session 0fb59d3c372d29b94d8f2df8106983e1 to remote] http.wire 73 - http-outgoing-3 >> "Host: localhost:13733[\r][\n]"
12-09-2018 12:36:32 Wire.java DEBUG [Forwarding findElement on session 0fb59d3c372d29b94d8f2df8106983e1 to remote] http.wire 73 - http-outgoing-3 >> "Connection: Keep-Alive[\r][\n]"
12-09-2018 12:36:32 Wire.java DEBUG [Forwarding findElement on session 0fb59d3c372d29b94d8f2df8106983e1 to remote] http.wire 73 - http-outgoing-3 >> "User-Agent: Apache-HttpClient/4.5.3 (Java/1.8.0_181)[\r][\n]"
12-09-2018 12:36:32 Wire.java DEBUG [Forwarding findElement on session 0fb59d3c372d29b94d8f2df8106983e1 to remote] http.wire 73 - http-outgoing-3 >> "Accept-Encoding: gzip,deflate[\r][\n]"
12-09-2018 12:36:32 Wire.java DEBUG [Forwarding findElement on session 0fb59d3c372d29b94d8f2df8106983e1 to remote] http.wire 73 - http-outgoing-3 >> "[\r][\n]"
12-09-2018 12:36:32 Wire.java DEBUG [Forwarding findElement on session 0fb59d3c372d29b94d8f2df8106983e1 to remote] http.wire 87 - http-outgoing-3 >> "{"using":"xpath","value":"//span[@class='gb_bb gbii']"}"
12-09-2018 12:36:32 Wire.java DEBUG [Forwarding findElement on session 0fb59d3c372d29b94d8f2df8106983e1 to remote] http.wire 73 - http-outgoing-3 << "HTTP/1.1 200 OK[\r][\n]"
12-09-2018 12:36:32 Wire.java DEBUG [Forwarding findElement on session 0fb59d3c372d29b94d8f2df8106983e1 to remote] http.wire 73 - http-outgoing-3 << "Content-Length:356[\r][\n]"
12-09-2018 12:36:32 Wire.java DEBUG [Forwarding findElement on session 0fb59d3c372d29b94d8f2df8106983e1 to remote] http.wire 73 - http-outgoing-3 << "Content-Type:application/json; charset=utf-8[\r][\n]"
12-09-2018 12:36:32 Wire.java DEBUG [Forwarding findElement on session 0fb59d3c372d29b94d8f2df8106983e1 to remote] http.wire 73 - http-outgoing-3 << "[\r][\n]"
12-09-2018 12:36:32 Wire.java DEBUG [Forwarding findElement on session 0fb59d3c372d29b94d8f2df8106983e1 to remote] http.wire 87 - http-outgoing-3 << "{"sessionId":"0fb59d3c372d29b94d8f2df8106983e1","status":7,"value":{"message":"no such element: Unable to locate element: {\"method\":\"xpath\",\"selector\":\"//span[@class='gb_bb gbii']\"}\n  (Session info: chrome=70.0.3538.110)\n  (Driver info: chromedriver=2.44.609538 (b655c5a60b0b544917107a59d4153d4bf78e1b90),platform=Windows NT 10.0.17134 x86_64)"}}"
12-09-2018 12:36:32 LoggingManagedHttpClientConnection.java DEBUG [Forwarding findElement on session 0fb59d3c372d29b94d8f2df8106983e1 to remote] http.headers 122 - http-outgoing-3 << HTTP/1.1 200 OK
12-09-2018 12:36:32 LoggingManagedHttpClientConnection.java DEBUG [Forwarding findElement on session 0fb59d3c372d29b94d8f2df8106983e1 to remote] http.headers 125 - http-outgoing-3 << Content-Length:356
12-09-2018 12:36:32 LoggingManagedHttpClientConnection.java DEBUG [Forwarding findElement on session 0fb59d3c372d29b94d8f2df8106983e1 to remote] http.headers 125 - http-outgoing-3 << Content-Type:application/json; charset=utf-8
12-09-2018 12:36:32 MainClientExec.java DEBUG [Forwarding findElement on session 0fb59d3c372d29b94d8f2df8106983e1 to remote] execchain.MainClientExec 285 - Connection can be kept alive indefinitely
12-09-2018 12:36:32 PoolingHttpClientConnectionManager.java DEBUG [Forwarding findElement on session 0fb59d3c372d29b94d8f2df8106983e1 to remote] conn.PoolingHttpClientConnectionManager 320 - Connection [id: 3][route: {}->http://localhost:13733] can be kept alive indefinitely
12-09-2018 12:36:32 PoolingHttpClientConnectionManager.java DEBUG [Forwarding findElement on session 0fb59d3c372d29b94d8f2df8106983e1 to remote] conn.PoolingHttpClientConnectionManager 326 - Connection released: [id: 3][route: {}->http://localhost:13733][total kept alive: 1; route allocated: 1 of 2000; total allocated: 1 of 2000]
12-09-2018 12:36:32 RequestAddCookies.java DEBUG [Forwarding close on session 0fb59d3c372d29b94d8f2df8106983e1 to remote] protocol.RequestAddCookies 123 - CookieSpec selected: default
12-09-2018 12:36:32 RequestAuthCache.java DEBUG [Forwarding close on session 0fb59d3c372d29b94d8f2df8106983e1 to remote] protocol.RequestAuthCache 77 - Auth cache not set in the context
12-09-2018 12:36:32 PoolingHttpClientConnectionManager.java DEBUG [Forwarding close on session 0fb59d3c372d29b94d8f2df8106983e1 to remote] conn.PoolingHttpClientConnectionManager 255 - Connection request: [route: {}->http://localhost:13733][total kept alive: 1; route allocated: 1 of 2000; total allocated: 1 of 2000]
12-09-2018 12:36:32 PoolingHttpClientConnectionManager.java DEBUG [Forwarding close on session 0fb59d3c372d29b94d8f2df8106983e1 to remote] conn.PoolingHttpClientConnectionManager 288 - Connection leased: [id: 3][route: {}->http://localhost:13733][total kept alive: 0; route allocated: 1 of 2000; total allocated: 1 of 2000]
12-09-2018 12:36:32 MainClientExec.java DEBUG [Forwarding close on session 0fb59d3c372d29b94d8f2df8106983e1 to remote] execchain.MainClientExec 208 - Stale connection check
12-09-2018 12:36:32 Wire.java DEBUG [Forwarding close on session 0fb59d3c372d29b94d8f2df8106983e1 to remote] http.wire 87 - http-outgoing-3 << "[read] I/O error: Read timed out"
12-09-2018 12:36:32 LoggingManagedHttpClientConnection.java DEBUG [Forwarding close on session 0fb59d3c372d29b94d8f2df8106983e1 to remote] conn.DefaultManagedHttpClientConnection 88 - http-outgoing-3: set socket timeout to 10800000
12-09-2018 12:36:32 MainClientExec.java DEBUG [Forwarding close on session 0fb59d3c372d29b94d8f2df8106983e1 to remote] execchain.MainClientExec 256 - Executing request DELETE /session/0fb59d3c372d29b94d8f2df8106983e1/window HTTP/1.1
12-09-2018 12:36:32 MainClientExec.java DEBUG [Forwarding close on session 0fb59d3c372d29b94d8f2df8106983e1 to remote] execchain.MainClientExec 261 - Target auth state: UNCHALLENGED
12-09-2018 12:36:32 MainClientExec.java DEBUG [Forwarding close on session 0fb59d3c372d29b94d8f2df8106983e1 to remote] execchain.MainClientExec 267 - Proxy auth state: UNCHALLENGED
12-09-2018 12:36:32 LoggingManagedHttpClientConnection.java DEBUG [Forwarding close on session 0fb59d3c372d29b94d8f2df8106983e1 to remote] http.headers 133 - http-outgoing-3 >> DELETE /session/0fb59d3c372d29b94d8f2df8106983e1/window HTTP/1.1
12-09-2018 12:36:32 LoggingManagedHttpClientConnection.java DEBUG [Forwarding close on session 0fb59d3c372d29b94d8f2df8106983e1 to remote] http.headers 136 - http-outgoing-3 >> Host: localhost:13733
12-09-2018 12:36:32 LoggingManagedHttpClientConnection.java DEBUG [Forwarding close on session 0fb59d3c372d29b94d8f2df8106983e1 to remote] http.headers 136 - http-outgoing-3 >> Connection: Keep-Alive
12-09-2018 12:36:32 LoggingManagedHttpClientConnection.java DEBUG [Forwarding close on session 0fb59d3c372d29b94d8f2df8106983e1 to remote] http.headers 136 - http-outgoing-3 >> User-Agent: Apache-HttpClient/4.5.3 (Java/1.8.0_181)
12-09-2018 12:36:32 LoggingManagedHttpClientConnection.java DEBUG [Forwarding close on session 0fb59d3c372d29b94d8f2df8106983e1 to remote] http.headers 136 - http-outgoing-3 >> Accept-Encoding: gzip,deflate
12-09-2018 12:36:32 Wire.java DEBUG [Forwarding close on session 0fb59d3c372d29b94d8f2df8106983e1 to remote] http.wire 73 - http-outgoing-3 >> "DELETE /session/0fb59d3c372d29b94d8f2df8106983e1/window HTTP/1.1[\r][\n]"
12-09-2018 12:36:32 Wire.java DEBUG [Forwarding close on session 0fb59d3c372d29b94d8f2df8106983e1 to remote] http.wire 73 - http-outgoing-3 >> "Host: localhost:13733[\r][\n]"
12-09-2018 12:36:32 Wire.java DEBUG [Forwarding close on session 0fb59d3c372d29b94d8f2df8106983e1 to remote] http.wire 73 - http-outgoing-3 >> "Connection: Keep-Alive[\r][\n]"
12-09-2018 12:36:32 Wire.java DEBUG [Forwarding close on session 0fb59d3c372d29b94d8f2df8106983e1 to remote] http.wire 73 - http-outgoing-3 >> "User-Agent: Apache-HttpClient/4.5.3 (Java/1.8.0_181)[\r][\n]"
12-09-2018 12:36:32 Wire.java DEBUG [Forwarding close on session 0fb59d3c372d29b94d8f2df8106983e1 to remote] http.wire 73 - http-outgoing-3 >> "Accept-Encoding: gzip,deflate[\r][\n]"
12-09-2018 12:36:32 Wire.java DEBUG [Forwarding close on session 0fb59d3c372d29b94d8f2df8106983e1 to remote] http.wire 73 - http-outgoing-3 >> "[\r][\n]"
12-09-2018 12:36:34 Wire.java DEBUG [Forwarding close on session 0fb59d3c372d29b94d8f2df8106983e1 to remote] http.wire 73 - http-outgoing-3 << "HTTP/1.1 200 OK[\r][\n]"
12-09-2018 12:36:34 Wire.java DEBUG [Forwarding close on session 0fb59d3c372d29b94d8f2df8106983e1 to remote] http.wire 73 - http-outgoing-3 << "Content-Length:72[\r][\n]"
12-09-2018 12:36:34 Wire.java DEBUG [Forwarding close on session 0fb59d3c372d29b94d8f2df8106983e1 to remote] http.wire 73 - http-outgoing-3 << "Content-Type:application/json; charset=utf-8[\r][\n]"
12-09-2018 12:36:34 Wire.java DEBUG [Forwarding close on session 0fb59d3c372d29b94d8f2df8106983e1 to remote] http.wire 73 - http-outgoing-3 << "[\r][\n]"
12-09-2018 12:36:34 Wire.java DEBUG [Forwarding close on session 0fb59d3c372d29b94d8f2df8106983e1 to remote] http.wire 87 - http-outgoing-3 << "{"sessionId":"0fb59d3c372d29b94d8f2df8106983e1","status":0,"value":null}"
12-09-2018 12:36:34 LoggingManagedHttpClientConnection.java DEBUG [Forwarding close on session 0fb59d3c372d29b94d8f2df8106983e1 to remote] http.headers 122 - http-outgoing-3 << HTTP/1.1 200 OK
12-09-2018 12:36:34 LoggingManagedHttpClientConnection.java DEBUG [Forwarding close on session 0fb59d3c372d29b94d8f2df8106983e1 to remote] http.headers 125 - http-outgoing-3 << Content-Length:72
12-09-2018 12:36:34 LoggingManagedHttpClientConnection.java DEBUG [Forwarding close on session 0fb59d3c372d29b94d8f2df8106983e1 to remote] http.headers 125 - http-outgoing-3 << Content-Type:application/json; charset=utf-8
12-09-2018 12:36:34 MainClientExec.java DEBUG [Forwarding close on session 0fb59d3c372d29b94d8f2df8106983e1 to remote] execchain.MainClientExec 285 - Connection can be kept alive indefinitely
12-09-2018 12:36:34 PoolingHttpClientConnectionManager.java DEBUG [Forwarding close on session 0fb59d3c372d29b94d8f2df8106983e1 to remote] conn.PoolingHttpClientConnectionManager 320 - Connection [id: 3][route: {}->http://localhost:13733] can be kept alive indefinitely
12-09-2018 12:36:34 PoolingHttpClientConnectionManager.java DEBUG [Forwarding close on session 0fb59d3c372d29b94d8f2df8106983e1 to remote] conn.PoolingHttpClientConnectionManager 326 - Connection released: [id: 3][route: {}->http://localhost:13733][total kept alive: 1; route allocated: 1 of 2000; total allocated: 1 of 2000]
12-09-2018 12:36:34 RequestAddCookies.java DEBUG [Forwarding quit on session 0fb59d3c372d29b94d8f2df8106983e1 to remote] protocol.RequestAddCookies 123 - CookieSpec selected: default
12-09-2018 12:36:34 RequestAuthCache.java DEBUG [Forwarding quit on session 0fb59d3c372d29b94d8f2df8106983e1 to remote] protocol.RequestAuthCache 77 - Auth cache not set in the context
12-09-2018 12:36:34 PoolingHttpClientConnectionManager.java DEBUG [Forwarding quit on session 0fb59d3c372d29b94d8f2df8106983e1 to remote] conn.PoolingHttpClientConnectionManager 255 - Connection request: [route: {}->http://localhost:13733][total kept alive: 1; route allocated: 1 of 2000; total allocated: 1 of 2000]
12-09-2018 12:36:34 PoolingHttpClientConnectionManager.java DEBUG [Forwarding quit on session 0fb59d3c372d29b94d8f2df8106983e1 to remote] conn.PoolingHttpClientConnectionManager 288 - Connection leased: [id: 3][route: {}->http://localhost:13733][total kept alive: 0; route allocated: 1 of 2000; total allocated: 1 of 2000]
12-09-2018 12:36:34 MainClientExec.java DEBUG [Forwarding quit on session 0fb59d3c372d29b94d8f2df8106983e1 to remote] execchain.MainClientExec 208 - Stale connection check
12-09-2018 12:36:34 Wire.java DEBUG [Forwarding quit on session 0fb59d3c372d29b94d8f2df8106983e1 to remote] http.wire 87 - http-outgoing-3 << "[read] I/O error: Read timed out"
12-09-2018 12:36:34 LoggingManagedHttpClientConnection.java DEBUG [Forwarding quit on session 0fb59d3c372d29b94d8f2df8106983e1 to remote] conn.DefaultManagedHttpClientConnection 88 - http-outgoing-3: set socket timeout to 10800000
12-09-2018 12:36:34 MainClientExec.java DEBUG [Forwarding quit on session 0fb59d3c372d29b94d8f2df8106983e1 to remote] execchain.MainClientExec 256 - Executing request DELETE /session/0fb59d3c372d29b94d8f2df8106983e1 HTTP/1.1
12-09-2018 12:36:34 MainClientExec.java DEBUG [Forwarding quit on session 0fb59d3c372d29b94d8f2df8106983e1 to remote] execchain.MainClientExec 261 - Target auth state: UNCHALLENGED
12-09-2018 12:36:34 MainClientExec.java DEBUG [Forwarding quit on session 0fb59d3c372d29b94d8f2df8106983e1 to remote] execchain.MainClientExec 267 - Proxy auth state: UNCHALLENGED
12-09-2018 12:36:34 LoggingManagedHttpClientConnection.java DEBUG [Forwarding quit on session 0fb59d3c372d29b94d8f2df8106983e1 to remote] http.headers 133 - http-outgoing-3 >> DELETE /session/0fb59d3c372d29b94d8f2df8106983e1 HTTP/1.1
12-09-2018 12:36:34 LoggingManagedHttpClientConnection.java DEBUG [Forwarding quit on session 0fb59d3c372d29b94d8f2df8106983e1 to remote] http.headers 136 - http-outgoing-3 >> Host: localhost:13733
12-09-2018 12:36:34 LoggingManagedHttpClientConnection.java DEBUG [Forwarding quit on session 0fb59d3c372d29b94d8f2df8106983e1 to remote] http.headers 136 - http-outgoing-3 >> Connection: Keep-Alive
12-09-2018 12:36:34 LoggingManagedHttpClientConnection.java DEBUG [Forwarding quit on session 0fb59d3c372d29b94d8f2df8106983e1 to remote] http.headers 136 - http-outgoing-3 >> User-Agent: Apache-HttpClient/4.5.3 (Java/1.8.0_181)
12-09-2018 12:36:34 LoggingManagedHttpClientConnection.java DEBUG [Forwarding quit on session 0fb59d3c372d29b94d8f2df8106983e1 to remote] http.headers 136 - http-outgoing-3 >> Accept-Encoding: gzip,deflate
12-09-2018 12:36:34 Wire.java DEBUG [Forwarding quit on session 0fb59d3c372d29b94d8f2df8106983e1 to remote] http.wire 73 - http-outgoing-3 >> "DELETE /session/0fb59d3c372d29b94d8f2df8106983e1 HTTP/1.1[\r][\n]"
12-09-2018 12:36:34 Wire.java DEBUG [Forwarding quit on session 0fb59d3c372d29b94d8f2df8106983e1 to remote] http.wire 73 - http-outgoing-3 >> "Host: localhost:13733[\r][\n]"
12-09-2018 12:36:34 Wire.java DEBUG [Forwarding quit on session 0fb59d3c372d29b94d8f2df8106983e1 to remote] http.wire 73 - http-outgoing-3 >> "Connection: Keep-Alive[\r][\n]"
12-09-2018 12:36:34 Wire.java DEBUG [Forwarding quit on session 0fb59d3c372d29b94d8f2df8106983e1 to remote] http.wire 73 - http-outgoing-3 >> "User-Agent: Apache-HttpClient/4.5.3 (Java/1.8.0_181)[\r][\n]"
12-09-2018 12:36:34 Wire.java DEBUG [Forwarding quit on session 0fb59d3c372d29b94d8f2df8106983e1 to remote] http.wire 73 - http-outgoing-3 >> "Accept-Encoding: gzip,deflate[\r][\n]"
12-09-2018 12:36:34 Wire.java DEBUG [Forwarding quit on session 0fb59d3c372d29b94d8f2df8106983e1 to remote] http.wire 73 - http-outgoing-3 >> "[\r][\n]"
12-09-2018 12:36:34 Wire.java DEBUG [Forwarding quit on session 0fb59d3c372d29b94d8f2df8106983e1 to remote] http.wire 73 - http-outgoing-3 << "HTTP/1.1 200 OK[\r][\n]"
12-09-2018 12:36:34 Wire.java DEBUG [Forwarding quit on session 0fb59d3c372d29b94d8f2df8106983e1 to remote] http.wire 73 - http-outgoing-3 << "Content-Length:40[\r][\n]"
12-09-2018 12:36:34 Wire.java DEBUG [Forwarding quit on session 0fb59d3c372d29b94d8f2df8106983e1 to remote] http.wire 73 - http-outgoing-3 << "Content-Type:application/json; charset=utf-8[\r][\n]"
12-09-2018 12:36:34 Wire.java DEBUG [Forwarding quit on session 0fb59d3c372d29b94d8f2df8106983e1 to remote] http.wire 73 - http-outgoing-3 << "[\r][\n]"
12-09-2018 12:36:34 Wire.java DEBUG [Forwarding quit on session 0fb59d3c372d29b94d8f2df8106983e1 to remote] http.wire 87 - http-outgoing-3 << "{"sessionId":"","status":0,"value":null}"
12-09-2018 12:36:34 LoggingManagedHttpClientConnection.java DEBUG [Forwarding quit on session 0fb59d3c372d29b94d8f2df8106983e1 to remote] http.headers 122 - http-outgoing-3 << HTTP/1.1 200 OK
12-09-2018 12:36:34 LoggingManagedHttpClientConnection.java DEBUG [Forwarding quit on session 0fb59d3c372d29b94d8f2df8106983e1 to remote] http.headers 125 - http-outgoing-3 << Content-Length:40
12-09-2018 12:36:34 LoggingManagedHttpClientConnection.java DEBUG [Forwarding quit on session 0fb59d3c372d29b94d8f2df8106983e1 to remote] http.headers 125 - http-outgoing-3 << Content-Type:application/json; charset=utf-8
12-09-2018 12:36:34 MainClientExec.java DEBUG [Forwarding quit on session 0fb59d3c372d29b94d8f2df8106983e1 to remote] execchain.MainClientExec 285 - Connection can be kept alive indefinitely
12-09-2018 12:36:34 PoolingHttpClientConnectionManager.java DEBUG [Forwarding quit on session 0fb59d3c372d29b94d8f2df8106983e1 to remote] conn.PoolingHttpClientConnectionManager 320 - Connection [id: 3][route: {}->http://localhost:13733] can be kept alive indefinitely
12-09-2018 12:36:34 PoolingHttpClientConnectionManager.java DEBUG [Forwarding quit on session 0fb59d3c372d29b94d8f2df8106983e1 to remote] conn.PoolingHttpClientConnectionManager 326 - Connection released: [id: 3][route: {}->http://localhost:13733][total kept alive: 1; route allocated: 1 of 2000; total allocated: 1 of 2000]
12-09-2018 12:36:34 PoolingHttpClientConnectionManager.java DEBUG [Forwarding quit on session 0fb59d3c372d29b94d8f2df8106983e1 to remote] conn.PoolingHttpClientConnectionManager 407 - Closing connections idle longer than 0 SECONDS
12-09-2018 12:36:34 LoggingManagedHttpClientConnection.java DEBUG [Forwarding quit on session 0fb59d3c372d29b94d8f2df8106983e1 to remote] conn.DefaultManagedHttpClientConnection 79 - http-outgoing-3: Close connection
12-09-2018 12:36:35 Base.java INFO  [main] GmailSignInAndSignOutTest 83 - Execution Ended
]]></system-out>
    <system-err><![CDATA[Starting ChromeDriver 2.44.609538 (b655c5a60b0b544917107a59d4153d4bf78e1b90) on port 13733
Only local connections are allowed.
Dec 09, 2018 12:36:04 PM org.openqa.selenium.remote.ProtocolHandshake createSession
INFO: Detected dialect: OSS
]]></system-err>
  </testcase>
  <testcase name="testGmailSignInComposeMailSignOut" classname="com.gmail.qa.test.GmailSignInComposeMailSignOutTest" time="10.191">
    <error message="stale element reference: element is not attached to the page document&#10;  (Session info: chrome=70.0.3538.110)&#10;  (Driver info: chromedriver=2.44.609538 (b655c5a60b0b544917107a59d4153d4bf78e1b90),platform=Windows NT 10.0.17134 x86_64) (WARNING: The server did not provide any stacktrace information)&#10;Command duration or timeout: 0 milliseconds&#10;For documentation on this error, please visit: http://seleniumhq.org/exceptions/stale_element_reference.html&#10;Build info: version: &apos;3.5.3&apos;, revision: &apos;a88d25fe6b&apos;, time: &apos;2017-08-29T12:42:44.417Z&apos;&#10;System info: host: &apos;DESKTOP-VQGGT5N&apos;, ip: &apos;192.168.1.12&apos;, os.name: &apos;Windows 10&apos;, os.arch: &apos;amd64&apos;, os.version: &apos;10.0&apos;, java.version: &apos;1.8.0_181&apos;&#10;Driver info: org.openqa.selenium.chrome.ChromeDriver&#10;Capabilities [{mobileEmulationEnabled=false, hasTouchScreen=false, platform=XP, acceptSslCerts=false, goog:chromeOptions={debuggerAddress=localhost:50359}, acceptInsecureCerts=false, webStorageEnabled=true, browserName=chrome, takesScreenshot=true, javascriptEnabled=true, platformName=XP, setWindowRect=true, unexpectedAlertBehaviour=ignore, applicationCacheEnabled=false, rotatable=false, networkConnectionEnabled=false, chrome={chromedriverVersion=2.44.609538 (b655c5a60b0b544917107a59d4153d4bf78e1b90), userDataDir=C:\Users\chait\AppData\Local\Temp\scoped_dir5980_29739}, takesHeapSnapshot=true, unhandledPromptBehavior=ignore, pageLoadStrategy=normal, databaseEnabled=false, handlesAlerts=true, version=70.0.3538.110, browserConnectionEnabled=false, nativeEvents=true, locationContextEnabled=true, cssSelectorsEnabled=true}]&#10;Session ID: 5d15bc8f92dfa57856b0ab35acf0a735" type="org.openqa.selenium.StaleElementReferenceException">org.openqa.selenium.StaleElementReferenceException: 
stale element reference: element is not attached to the page document
  (Session info: chrome=70.0.3538.110)
  (Driver info: chromedriver=2.44.609538 (b655c5a60b0b544917107a59d4153d4bf78e1b90),platform=Windows NT 10.0.17134 x86_64) (WARNING: The server did not provide any stacktrace information)
Command duration or timeout: 0 milliseconds
For documentation on this error, please visit: http://seleniumhq.org/exceptions/stale_element_reference.html
Build info: version: '3.5.3', revision: 'a88d25fe6b', time: '2017-08-29T12:42:44.417Z'
System info: host: 'DESKTOP-VQGGT5N', ip: '192.168.1.12', os.name: 'Windows 10', os.arch: 'amd64', os.version: '10.0', java.version: '1.8.0_181'
Driver info: org.openqa.selenium.chrome.ChromeDriver
Capabilities [{mobileEmulationEnabled=false, hasTouchScreen=false, platform=XP, acceptSslCerts=false, goog:chromeOptions={debuggerAddress=localhost:50359}, acceptInsecureCerts=false, webStorageEnabled=true, browserName=chrome, takesScreenshot=true, javascriptEnabled=true, platformName=XP, setWindowRect=true, unexpectedAlertBehaviour=ignore, applicationCacheEnabled=false, rotatable=false, networkConnectionEnabled=false, chrome={chromedriverVersion=2.44.609538 (b655c5a60b0b544917107a59d4153d4bf78e1b90), userDataDir=C:\Users\chait\AppData\Local\Temp\scoped_dir5980_29739}, takesHeapSnapshot=true, unhandledPromptBehavior=ignore, pageLoadStrategy=normal, databaseEnabled=false, handlesAlerts=true, version=70.0.3538.110, browserConnectionEnabled=false, nativeEvents=true, locationContextEnabled=true, cssSelectorsEnabled=true}]
Session ID: 5d15bc8f92dfa57856b0ab35acf0a735
	at com.gmail.qa.test.GmailSignInComposeMailSignOutTest.testGmailSignInComposeMailSignOut(GmailSignInComposeMailSignOutTest.java:46)
</error>
    <system-out><![CDATA[12-09-2018 12:36:35 Base.java INFO  [main] GmailSignInComposeMailSignOutTest 31 - Execution Started
12-09-2018 12:36:36 RequestAddCookies.java DEBUG [Forwarding newSession on session null to remote] protocol.RequestAddCookies 123 - CookieSpec selected: default
12-09-2018 12:36:36 RequestAuthCache.java DEBUG [Forwarding newSession on session null to remote] protocol.RequestAuthCache 77 - Auth cache not set in the context
12-09-2018 12:36:36 PoolingHttpClientConnectionManager.java DEBUG [Forwarding newSession on session null to remote] conn.PoolingHttpClientConnectionManager 255 - Connection request: [route: {}->http://localhost:41195][total kept alive: 0; route allocated: 0 of 2000; total allocated: 0 of 2000]
12-09-2018 12:36:36 PoolingHttpClientConnectionManager.java DEBUG [Forwarding newSession on session null to remote] conn.PoolingHttpClientConnectionManager 288 - Connection leased: [id: 4][route: {}->http://localhost:41195][total kept alive: 0; route allocated: 1 of 2000; total allocated: 1 of 2000]
12-09-2018 12:36:36 MainClientExec.java DEBUG [Forwarding newSession on session null to remote] execchain.MainClientExec 235 - Opening connection {}->http://localhost:41195
12-09-2018 12:36:36 DefaultHttpClientConnectionOperator.java DEBUG [Forwarding newSession on session null to remote] conn.DefaultHttpClientConnectionOperator 139 - Connecting to localhost/127.0.0.1:41195
12-09-2018 12:36:36 DefaultHttpClientConnectionOperator.java DEBUG [Forwarding newSession on session null to remote] conn.DefaultHttpClientConnectionOperator 146 - Connection established 127.0.0.1:50358<->127.0.0.1:41195
12-09-2018 12:36:36 LoggingManagedHttpClientConnection.java DEBUG [Forwarding newSession on session null to remote] conn.DefaultManagedHttpClientConnection 88 - http-outgoing-4: set socket timeout to 10800000
12-09-2018 12:36:36 MainClientExec.java DEBUG [Forwarding newSession on session null to remote] execchain.MainClientExec 256 - Executing request POST /session HTTP/1.1
12-09-2018 12:36:36 MainClientExec.java DEBUG [Forwarding newSession on session null to remote] execchain.MainClientExec 261 - Target auth state: UNCHALLENGED
12-09-2018 12:36:36 MainClientExec.java DEBUG [Forwarding newSession on session null to remote] execchain.MainClientExec 267 - Proxy auth state: UNCHALLENGED
12-09-2018 12:36:36 LoggingManagedHttpClientConnection.java DEBUG [Forwarding newSession on session null to remote] http.headers 133 - http-outgoing-4 >> POST /session HTTP/1.1
12-09-2018 12:36:36 LoggingManagedHttpClientConnection.java DEBUG [Forwarding newSession on session null to remote] http.headers 136 - http-outgoing-4 >> Content-Type: application/json; charset=utf-8
12-09-2018 12:36:36 LoggingManagedHttpClientConnection.java DEBUG [Forwarding newSession on session null to remote] http.headers 136 - http-outgoing-4 >> Content-Length: 550
12-09-2018 12:36:36 LoggingManagedHttpClientConnection.java DEBUG [Forwarding newSession on session null to remote] http.headers 136 - http-outgoing-4 >> Host: localhost:41195
12-09-2018 12:36:36 LoggingManagedHttpClientConnection.java DEBUG [Forwarding newSession on session null to remote] http.headers 136 - http-outgoing-4 >> Connection: Keep-Alive
12-09-2018 12:36:36 LoggingManagedHttpClientConnection.java DEBUG [Forwarding newSession on session null to remote] http.headers 136 - http-outgoing-4 >> User-Agent: Apache-HttpClient/4.5.3 (Java/1.8.0_181)
12-09-2018 12:36:36 LoggingManagedHttpClientConnection.java DEBUG [Forwarding newSession on session null to remote] http.headers 136 - http-outgoing-4 >> Accept-Encoding: gzip,deflate
12-09-2018 12:36:36 Wire.java DEBUG [Forwarding newSession on session null to remote] http.wire 73 - http-outgoing-4 >> "POST /session HTTP/1.1[\r][\n]"
12-09-2018 12:36:36 Wire.java DEBUG [Forwarding newSession on session null to remote] http.wire 73 - http-outgoing-4 >> "Content-Type: application/json; charset=utf-8[\r][\n]"
12-09-2018 12:36:36 Wire.java DEBUG [Forwarding newSession on session null to remote] http.wire 73 - http-outgoing-4 >> "Content-Length: 550[\r][\n]"
12-09-2018 12:36:36 Wire.java DEBUG [Forwarding newSession on session null to remote] http.wire 73 - http-outgoing-4 >> "Host: localhost:41195[\r][\n]"
12-09-2018 12:36:36 Wire.java DEBUG [Forwarding newSession on session null to remote] http.wire 73 - http-outgoing-4 >> "Connection: Keep-Alive[\r][\n]"
12-09-2018 12:36:36 Wire.java DEBUG [Forwarding newSession on session null to remote] http.wire 73 - http-outgoing-4 >> "User-Agent: Apache-HttpClient/4.5.3 (Java/1.8.0_181)[\r][\n]"
12-09-2018 12:36:36 Wire.java DEBUG [Forwarding newSession on session null to remote] http.wire 73 - http-outgoing-4 >> "Accept-Encoding: gzip,deflate[\r][\n]"
12-09-2018 12:36:36 Wire.java DEBUG [Forwarding newSession on session null to remote] http.wire 73 - http-outgoing-4 >> "[\r][\n]"
12-09-2018 12:36:36 Wire.java DEBUG [Forwarding newSession on session null to remote] http.wire 73 - http-outgoing-4 >> "{[\n]"
12-09-2018 12:36:36 Wire.java DEBUG [Forwarding newSession on session null to remote] http.wire 73 - http-outgoing-4 >> "  "desiredCapabilities": {[\n]"
12-09-2018 12:36:36 Wire.java DEBUG [Forwarding newSession on session null to remote] http.wire 73 - http-outgoing-4 >> "    "browserName": "chrome",[\n]"
12-09-2018 12:36:36 Wire.java DEBUG [Forwarding newSession on session null to remote] http.wire 73 - http-outgoing-4 >> "    "chromeOptions": {[\n]"
12-09-2018 12:36:36 Wire.java DEBUG [Forwarding newSession on session null to remote] http.wire 73 - http-outgoing-4 >> "      "args": [],[\n]"
12-09-2018 12:36:36 Wire.java DEBUG [Forwarding newSession on session null to remote] http.wire 73 - http-outgoing-4 >> "      "extensions": [][\n]"
12-09-2018 12:36:36 Wire.java DEBUG [Forwarding newSession on session null to remote] http.wire 73 - http-outgoing-4 >> "    },[\n]"
12-09-2018 12:36:36 Wire.java DEBUG [Forwarding newSession on session null to remote] http.wire 73 - http-outgoing-4 >> "    "version": "",[\n]"
12-09-2018 12:36:36 Wire.java DEBUG [Forwarding newSession on session null to remote] http.wire 73 - http-outgoing-4 >> "    "platform": "ANY"[\n]"
12-09-2018 12:36:36 Wire.java DEBUG [Forwarding newSession on session null to remote] http.wire 73 - http-outgoing-4 >> "  },[\n]"
12-09-2018 12:36:36 Wire.java DEBUG [Forwarding newSession on session null to remote] http.wire 73 - http-outgoing-4 >> "  "requiredCapabilities": {},[\n]"
12-09-2018 12:36:36 Wire.java DEBUG [Forwarding newSession on session null to remote] http.wire 73 - http-outgoing-4 >> "  "capabilities": {[\n]"
12-09-2018 12:36:36 Wire.java DEBUG [Forwarding newSession on session null to remote] http.wire 73 - http-outgoing-4 >> "    "desiredCapabilities": {[\n]"
12-09-2018 12:36:36 Wire.java DEBUG [Forwarding newSession on session null to remote] http.wire 73 - http-outgoing-4 >> "      "browserName": "chrome",[\n]"
12-09-2018 12:36:36 Wire.java DEBUG [Forwarding newSession on session null to remote] http.wire 73 - http-outgoing-4 >> "      "chromeOptions": {[\n]"
12-09-2018 12:36:36 Wire.java DEBUG [Forwarding newSession on session null to remote] http.wire 73 - http-outgoing-4 >> "        "args": [],[\n]"
12-09-2018 12:36:36 Wire.java DEBUG [Forwarding newSession on session null to remote] http.wire 73 - http-outgoing-4 >> "        "extensions": [][\n]"
12-09-2018 12:36:36 Wire.java DEBUG [Forwarding newSession on session null to remote] http.wire 73 - http-outgoing-4 >> "      },[\n]"
12-09-2018 12:36:36 Wire.java DEBUG [Forwarding newSession on session null to remote] http.wire 73 - http-outgoing-4 >> "      "version": "",[\n]"
12-09-2018 12:36:36 Wire.java DEBUG [Forwarding newSession on session null to remote] http.wire 73 - http-outgoing-4 >> "      "platform": "ANY"[\n]"
12-09-2018 12:36:36 Wire.java DEBUG [Forwarding newSession on session null to remote] http.wire 73 - http-outgoing-4 >> "    },[\n]"
12-09-2018 12:36:36 Wire.java DEBUG [Forwarding newSession on session null to remote] http.wire 73 - http-outgoing-4 >> "    "requiredCapabilities": {},[\n]"
12-09-2018 12:36:36 Wire.java DEBUG [Forwarding newSession on session null to remote] http.wire 73 - http-outgoing-4 >> "    "alwaysMatch": {},[\n]"
12-09-2018 12:36:36 Wire.java DEBUG [Forwarding newSession on session null to remote] http.wire 73 - http-outgoing-4 >> "    "firstMatch": [[\n]"
12-09-2018 12:36:36 Wire.java DEBUG [Forwarding newSession on session null to remote] http.wire 73 - http-outgoing-4 >> "      {[\n]"
12-09-2018 12:36:36 Wire.java DEBUG [Forwarding newSession on session null to remote] http.wire 73 - http-outgoing-4 >> "        "browserName": "chrome"[\n]"
12-09-2018 12:36:36 Wire.java DEBUG [Forwarding newSession on session null to remote] http.wire 73 - http-outgoing-4 >> "      }[\n]"
12-09-2018 12:36:36 Wire.java DEBUG [Forwarding newSession on session null to remote] http.wire 73 - http-outgoing-4 >> "    ][\n]"
12-09-2018 12:36:36 Wire.java DEBUG [Forwarding newSession on session null to remote] http.wire 73 - http-outgoing-4 >> "  }[\n]"
12-09-2018 12:36:36 Wire.java DEBUG [Forwarding newSession on session null to remote] http.wire 87 - http-outgoing-4 >> "}"
12-09-2018 12:36:37 Wire.java DEBUG [Forwarding newSession on session null to remote] http.wire 73 - http-outgoing-4 << "HTTP/1.1 200 OK[\r][\n]"
12-09-2018 12:36:37 Wire.java DEBUG [Forwarding newSession on session null to remote] http.wire 73 - http-outgoing-4 << "Content-Length:894[\r][\n]"
12-09-2018 12:36:37 Wire.java DEBUG [Forwarding newSession on session null to remote] http.wire 73 - http-outgoing-4 << "Content-Type:application/json; charset=utf-8[\r][\n]"
12-09-2018 12:36:37 Wire.java DEBUG [Forwarding newSession on session null to remote] http.wire 73 - http-outgoing-4 << "[\r][\n]"
12-09-2018 12:36:37 Wire.java DEBUG [Forwarding newSession on session null to remote] http.wire 87 - http-outgoing-4 << "{"sessionId":"5d15bc8f92dfa57856b0ab35acf0a735","status":0,"value":{"acceptInsecureCerts":false,"acceptSslCerts":false,"applicationCacheEnabled":false,"browserConnectionEnabled":false,"browserName":"chrome","chrome":{"chromedriverVersion":"2.44.609538 (b655c5a60b0b544917107a59d4153d4bf78e1b90)","userDataDir":"C:\\Users\\chait\\AppData\\Local\\Temp\\scoped_dir5980_29739"},"cssSelectorsEnabled":true,"databaseEnabled":false,"goog:chromeOptions":{"debuggerAddress":"localhost:50359"},"handlesAlerts":true,"hasTouchScreen":false,"javascriptEnabled":true,"locationContextEnabled":true,"mobileEmulationEnabled":false,"nativeEvents":true,"networkConnectionEnabled":false,"pageLoadStrategy":"normal","platform":"Windows NT","rotatable":false,"setWindowRect":true,"takesHeapSnapshot":true,"takesScreenshot":true,"unexpectedAlertBehaviour":"ignore","version":"70.0.3538.110","webStorageEnabled":true}}"
12-09-2018 12:36:37 LoggingManagedHttpClientConnection.java DEBUG [Forwarding newSession on session null to remote] http.headers 122 - http-outgoing-4 << HTTP/1.1 200 OK
12-09-2018 12:36:37 LoggingManagedHttpClientConnection.java DEBUG [Forwarding newSession on session null to remote] http.headers 125 - http-outgoing-4 << Content-Length:894
12-09-2018 12:36:37 LoggingManagedHttpClientConnection.java DEBUG [Forwarding newSession on session null to remote] http.headers 125 - http-outgoing-4 << Content-Type:application/json; charset=utf-8
12-09-2018 12:36:37 MainClientExec.java DEBUG [Forwarding newSession on session null to remote] execchain.MainClientExec 285 - Connection can be kept alive indefinitely
12-09-2018 12:36:37 PoolingHttpClientConnectionManager.java DEBUG [Forwarding newSession on session null to remote] conn.PoolingHttpClientConnectionManager 320 - Connection [id: 4][route: {}->http://localhost:41195] can be kept alive indefinitely
12-09-2018 12:36:37 PoolingHttpClientConnectionManager.java DEBUG [Forwarding newSession on session null to remote] conn.PoolingHttpClientConnectionManager 326 - Connection released: [id: 4][route: {}->http://localhost:41195][total kept alive: 1; route allocated: 1 of 2000; total allocated: 1 of 2000]
12-09-2018 12:36:37 RequestAddCookies.java DEBUG [Forwarding maximizeCurrentWindow on session 5d15bc8f92dfa57856b0ab35acf0a735 to remote] protocol.RequestAddCookies 123 - CookieSpec selected: default
12-09-2018 12:36:37 RequestAuthCache.java DEBUG [Forwarding maximizeCurrentWindow on session 5d15bc8f92dfa57856b0ab35acf0a735 to remote] protocol.RequestAuthCache 77 - Auth cache not set in the context
12-09-2018 12:36:37 PoolingHttpClientConnectionManager.java DEBUG [Forwarding maximizeCurrentWindow on session 5d15bc8f92dfa57856b0ab35acf0a735 to remote] conn.PoolingHttpClientConnectionManager 255 - Connection request: [route: {}->http://localhost:41195][total kept alive: 1; route allocated: 1 of 2000; total allocated: 1 of 2000]
12-09-2018 12:36:37 PoolingHttpClientConnectionManager.java DEBUG [Forwarding maximizeCurrentWindow on session 5d15bc8f92dfa57856b0ab35acf0a735 to remote] conn.PoolingHttpClientConnectionManager 288 - Connection leased: [id: 4][route: {}->http://localhost:41195][total kept alive: 0; route allocated: 1 of 2000; total allocated: 1 of 2000]
12-09-2018 12:36:37 MainClientExec.java DEBUG [Forwarding maximizeCurrentWindow on session 5d15bc8f92dfa57856b0ab35acf0a735 to remote] execchain.MainClientExec 208 - Stale connection check
12-09-2018 12:36:37 Wire.java DEBUG [Forwarding maximizeCurrentWindow on session 5d15bc8f92dfa57856b0ab35acf0a735 to remote] http.wire 87 - http-outgoing-4 << "[read] I/O error: Read timed out"
12-09-2018 12:36:37 LoggingManagedHttpClientConnection.java DEBUG [Forwarding maximizeCurrentWindow on session 5d15bc8f92dfa57856b0ab35acf0a735 to remote] conn.DefaultManagedHttpClientConnection 88 - http-outgoing-4: set socket timeout to 10800000
12-09-2018 12:36:37 MainClientExec.java DEBUG [Forwarding maximizeCurrentWindow on session 5d15bc8f92dfa57856b0ab35acf0a735 to remote] execchain.MainClientExec 256 - Executing request POST /session/5d15bc8f92dfa57856b0ab35acf0a735/window/current/maximize HTTP/1.1
12-09-2018 12:36:37 MainClientExec.java DEBUG [Forwarding maximizeCurrentWindow on session 5d15bc8f92dfa57856b0ab35acf0a735 to remote] execchain.MainClientExec 261 - Target auth state: UNCHALLENGED
12-09-2018 12:36:37 MainClientExec.java DEBUG [Forwarding maximizeCurrentWindow on session 5d15bc8f92dfa57856b0ab35acf0a735 to remote] execchain.MainClientExec 267 - Proxy auth state: UNCHALLENGED
12-09-2018 12:36:37 LoggingManagedHttpClientConnection.java DEBUG [Forwarding maximizeCurrentWindow on session 5d15bc8f92dfa57856b0ab35acf0a735 to remote] http.headers 133 - http-outgoing-4 >> POST /session/5d15bc8f92dfa57856b0ab35acf0a735/window/current/maximize HTTP/1.1
12-09-2018 12:36:37 LoggingManagedHttpClientConnection.java DEBUG [Forwarding maximizeCurrentWindow on session 5d15bc8f92dfa57856b0ab35acf0a735 to remote] http.headers 136 - http-outgoing-4 >> Content-Type: application/json; charset=utf-8
12-09-2018 12:36:37 LoggingManagedHttpClientConnection.java DEBUG [Forwarding maximizeCurrentWindow on session 5d15bc8f92dfa57856b0ab35acf0a735 to remote] http.headers 136 - http-outgoing-4 >> Content-Length: 45
12-09-2018 12:36:37 LoggingManagedHttpClientConnection.java DEBUG [Forwarding maximizeCurrentWindow on session 5d15bc8f92dfa57856b0ab35acf0a735 to remote] http.headers 136 - http-outgoing-4 >> Host: localhost:41195
12-09-2018 12:36:37 LoggingManagedHttpClientConnection.java DEBUG [Forwarding maximizeCurrentWindow on session 5d15bc8f92dfa57856b0ab35acf0a735 to remote] http.headers 136 - http-outgoing-4 >> Connection: Keep-Alive
12-09-2018 12:36:37 LoggingManagedHttpClientConnection.java DEBUG [Forwarding maximizeCurrentWindow on session 5d15bc8f92dfa57856b0ab35acf0a735 to remote] http.headers 136 - http-outgoing-4 >> User-Agent: Apache-HttpClient/4.5.3 (Java/1.8.0_181)
12-09-2018 12:36:37 LoggingManagedHttpClientConnection.java DEBUG [Forwarding maximizeCurrentWindow on session 5d15bc8f92dfa57856b0ab35acf0a735 to remote] http.headers 136 - http-outgoing-4 >> Accept-Encoding: gzip,deflate
12-09-2018 12:36:37 Wire.java DEBUG [Forwarding maximizeCurrentWindow on session 5d15bc8f92dfa57856b0ab35acf0a735 to remote] http.wire 73 - http-outgoing-4 >> "POST /session/5d15bc8f92dfa57856b0ab35acf0a735/window/current/maximize HTTP/1.1[\r][\n]"
12-09-2018 12:36:37 Wire.java DEBUG [Forwarding maximizeCurrentWindow on session 5d15bc8f92dfa57856b0ab35acf0a735 to remote] http.wire 73 - http-outgoing-4 >> "Content-Type: application/json; charset=utf-8[\r][\n]"
12-09-2018 12:36:37 Wire.java DEBUG [Forwarding maximizeCurrentWindow on session 5d15bc8f92dfa57856b0ab35acf0a735 to remote] http.wire 73 - http-outgoing-4 >> "Content-Length: 45[\r][\n]"
12-09-2018 12:36:37 Wire.java DEBUG [Forwarding maximizeCurrentWindow on session 5d15bc8f92dfa57856b0ab35acf0a735 to remote] http.wire 73 - http-outgoing-4 >> "Host: localhost:41195[\r][\n]"
12-09-2018 12:36:37 Wire.java DEBUG [Forwarding maximizeCurrentWindow on session 5d15bc8f92dfa57856b0ab35acf0a735 to remote] http.wire 73 - http-outgoing-4 >> "Connection: Keep-Alive[\r][\n]"
12-09-2018 12:36:37 Wire.java DEBUG [Forwarding maximizeCurrentWindow on session 5d15bc8f92dfa57856b0ab35acf0a735 to remote] http.wire 73 - http-outgoing-4 >> "User-Agent: Apache-HttpClient/4.5.3 (Java/1.8.0_181)[\r][\n]"
12-09-2018 12:36:37 Wire.java DEBUG [Forwarding maximizeCurrentWindow on session 5d15bc8f92dfa57856b0ab35acf0a735 to remote] http.wire 73 - http-outgoing-4 >> "Accept-Encoding: gzip,deflate[\r][\n]"
12-09-2018 12:36:37 Wire.java DEBUG [Forwarding maximizeCurrentWindow on session 5d15bc8f92dfa57856b0ab35acf0a735 to remote] http.wire 73 - http-outgoing-4 >> "[\r][\n]"
12-09-2018 12:36:37 Wire.java DEBUG [Forwarding maximizeCurrentWindow on session 5d15bc8f92dfa57856b0ab35acf0a735 to remote] http.wire 87 - http-outgoing-4 >> "{"windowHandle":"current","handle":"current"}"
12-09-2018 12:36:38 Wire.java DEBUG [Forwarding maximizeCurrentWindow on session 5d15bc8f92dfa57856b0ab35acf0a735 to remote] http.wire 73 - http-outgoing-4 << "HTTP/1.1 200 OK[\r][\n]"
12-09-2018 12:36:38 Wire.java DEBUG [Forwarding maximizeCurrentWindow on session 5d15bc8f92dfa57856b0ab35acf0a735 to remote] http.wire 73 - http-outgoing-4 << "Content-Length:109[\r][\n]"
12-09-2018 12:36:38 Wire.java DEBUG [Forwarding maximizeCurrentWindow on session 5d15bc8f92dfa57856b0ab35acf0a735 to remote] http.wire 73 - http-outgoing-4 << "Content-Type:application/json; charset=utf-8[\r][\n]"
12-09-2018 12:36:38 Wire.java DEBUG [Forwarding maximizeCurrentWindow on session 5d15bc8f92dfa57856b0ab35acf0a735 to remote] http.wire 73 - http-outgoing-4 << "[\r][\n]"
12-09-2018 12:36:38 Wire.java DEBUG [Forwarding maximizeCurrentWindow on session 5d15bc8f92dfa57856b0ab35acf0a735 to remote] http.wire 87 - http-outgoing-4 << "{"sessionId":"5d15bc8f92dfa57856b0ab35acf0a735","status":0,"value":{"height":840,"width":1552,"x":-8,"y":-8}}"
12-09-2018 12:36:38 LoggingManagedHttpClientConnection.java DEBUG [Forwarding maximizeCurrentWindow on session 5d15bc8f92dfa57856b0ab35acf0a735 to remote] http.headers 122 - http-outgoing-4 << HTTP/1.1 200 OK
12-09-2018 12:36:38 LoggingManagedHttpClientConnection.java DEBUG [Forwarding maximizeCurrentWindow on session 5d15bc8f92dfa57856b0ab35acf0a735 to remote] http.headers 125 - http-outgoing-4 << Content-Length:109
12-09-2018 12:36:38 LoggingManagedHttpClientConnection.java DEBUG [Forwarding maximizeCurrentWindow on session 5d15bc8f92dfa57856b0ab35acf0a735 to remote] http.headers 125 - http-outgoing-4 << Content-Type:application/json; charset=utf-8
12-09-2018 12:36:38 MainClientExec.java DEBUG [Forwarding maximizeCurrentWindow on session 5d15bc8f92dfa57856b0ab35acf0a735 to remote] execchain.MainClientExec 285 - Connection can be kept alive indefinitely
12-09-2018 12:36:38 PoolingHttpClientConnectionManager.java DEBUG [Forwarding maximizeCurrentWindow on session 5d15bc8f92dfa57856b0ab35acf0a735 to remote] conn.PoolingHttpClientConnectionManager 320 - Connection [id: 4][route: {}->http://localhost:41195] can be kept alive indefinitely
12-09-2018 12:36:38 PoolingHttpClientConnectionManager.java DEBUG [Forwarding maximizeCurrentWindow on session 5d15bc8f92dfa57856b0ab35acf0a735 to remote] conn.PoolingHttpClientConnectionManager 326 - Connection released: [id: 4][route: {}->http://localhost:41195][total kept alive: 1; route allocated: 1 of 2000; total allocated: 1 of 2000]
12-09-2018 12:36:38 RequestAddCookies.java DEBUG [Forwarding deleteAllCookies on session 5d15bc8f92dfa57856b0ab35acf0a735 to remote] protocol.RequestAddCookies 123 - CookieSpec selected: default
12-09-2018 12:36:38 RequestAuthCache.java DEBUG [Forwarding deleteAllCookies on session 5d15bc8f92dfa57856b0ab35acf0a735 to remote] protocol.RequestAuthCache 77 - Auth cache not set in the context
12-09-2018 12:36:38 PoolingHttpClientConnectionManager.java DEBUG [Forwarding deleteAllCookies on session 5d15bc8f92dfa57856b0ab35acf0a735 to remote] conn.PoolingHttpClientConnectionManager 255 - Connection request: [route: {}->http://localhost:41195][total kept alive: 1; route allocated: 1 of 2000; total allocated: 1 of 2000]
12-09-2018 12:36:38 PoolingHttpClientConnectionManager.java DEBUG [Forwarding deleteAllCookies on session 5d15bc8f92dfa57856b0ab35acf0a735 to remote] conn.PoolingHttpClientConnectionManager 288 - Connection leased: [id: 4][route: {}->http://localhost:41195][total kept alive: 0; route allocated: 1 of 2000; total allocated: 1 of 2000]
12-09-2018 12:36:38 MainClientExec.java DEBUG [Forwarding deleteAllCookies on session 5d15bc8f92dfa57856b0ab35acf0a735 to remote] execchain.MainClientExec 208 - Stale connection check
12-09-2018 12:36:38 Wire.java DEBUG [Forwarding deleteAllCookies on session 5d15bc8f92dfa57856b0ab35acf0a735 to remote] http.wire 87 - http-outgoing-4 << "[read] I/O error: Read timed out"
12-09-2018 12:36:38 LoggingManagedHttpClientConnection.java DEBUG [Forwarding deleteAllCookies on session 5d15bc8f92dfa57856b0ab35acf0a735 to remote] conn.DefaultManagedHttpClientConnection 88 - http-outgoing-4: set socket timeout to 10800000
12-09-2018 12:36:38 MainClientExec.java DEBUG [Forwarding deleteAllCookies on session 5d15bc8f92dfa57856b0ab35acf0a735 to remote] execchain.MainClientExec 256 - Executing request DELETE /session/5d15bc8f92dfa57856b0ab35acf0a735/cookie HTTP/1.1
12-09-2018 12:36:38 MainClientExec.java DEBUG [Forwarding deleteAllCookies on session 5d15bc8f92dfa57856b0ab35acf0a735 to remote] execchain.MainClientExec 261 - Target auth state: UNCHALLENGED
12-09-2018 12:36:38 MainClientExec.java DEBUG [Forwarding deleteAllCookies on session 5d15bc8f92dfa57856b0ab35acf0a735 to remote] execchain.MainClientExec 267 - Proxy auth state: UNCHALLENGED
12-09-2018 12:36:38 LoggingManagedHttpClientConnection.java DEBUG [Forwarding deleteAllCookies on session 5d15bc8f92dfa57856b0ab35acf0a735 to remote] http.headers 133 - http-outgoing-4 >> DELETE /session/5d15bc8f92dfa57856b0ab35acf0a735/cookie HTTP/1.1
12-09-2018 12:36:38 LoggingManagedHttpClientConnection.java DEBUG [Forwarding deleteAllCookies on session 5d15bc8f92dfa57856b0ab35acf0a735 to remote] http.headers 136 - http-outgoing-4 >> Host: localhost:41195
12-09-2018 12:36:38 LoggingManagedHttpClientConnection.java DEBUG [Forwarding deleteAllCookies on session 5d15bc8f92dfa57856b0ab35acf0a735 to remote] http.headers 136 - http-outgoing-4 >> Connection: Keep-Alive
12-09-2018 12:36:38 LoggingManagedHttpClientConnection.java DEBUG [Forwarding deleteAllCookies on session 5d15bc8f92dfa57856b0ab35acf0a735 to remote] http.headers 136 - http-outgoing-4 >> User-Agent: Apache-HttpClient/4.5.3 (Java/1.8.0_181)
12-09-2018 12:36:38 LoggingManagedHttpClientConnection.java DEBUG [Forwarding deleteAllCookies on session 5d15bc8f92dfa57856b0ab35acf0a735 to remote] http.headers 136 - http-outgoing-4 >> Accept-Encoding: gzip,deflate
12-09-2018 12:36:39 Wire.java DEBUG [Forwarding deleteAllCookies on session 5d15bc8f92dfa57856b0ab35acf0a735 to remote] http.wire 73 - http-outgoing-4 >> "DELETE /session/5d15bc8f92dfa57856b0ab35acf0a735/cookie HTTP/1.1[\r][\n]"
12-09-2018 12:36:39 Wire.java DEBUG [Forwarding deleteAllCookies on session 5d15bc8f92dfa57856b0ab35acf0a735 to remote] http.wire 73 - http-outgoing-4 >> "Host: localhost:41195[\r][\n]"
12-09-2018 12:36:39 Wire.java DEBUG [Forwarding deleteAllCookies on session 5d15bc8f92dfa57856b0ab35acf0a735 to remote] http.wire 73 - http-outgoing-4 >> "Connection: Keep-Alive[\r][\n]"
12-09-2018 12:36:39 Wire.java DEBUG [Forwarding deleteAllCookies on session 5d15bc8f92dfa57856b0ab35acf0a735 to remote] http.wire 73 - http-outgoing-4 >> "User-Agent: Apache-HttpClient/4.5.3 (Java/1.8.0_181)[\r][\n]"
12-09-2018 12:36:39 Wire.java DEBUG [Forwarding deleteAllCookies on session 5d15bc8f92dfa57856b0ab35acf0a735 to remote] http.wire 73 - http-outgoing-4 >> "Accept-Encoding: gzip,deflate[\r][\n]"
12-09-2018 12:36:39 Wire.java DEBUG [Forwarding deleteAllCookies on session 5d15bc8f92dfa57856b0ab35acf0a735 to remote] http.wire 73 - http-outgoing-4 >> "[\r][\n]"
12-09-2018 12:36:39 Wire.java DEBUG [Forwarding deleteAllCookies on session 5d15bc8f92dfa57856b0ab35acf0a735 to remote] http.wire 73 - http-outgoing-4 << "HTTP/1.1 200 OK[\r][\n]"
12-09-2018 12:36:39 Wire.java DEBUG [Forwarding deleteAllCookies on session 5d15bc8f92dfa57856b0ab35acf0a735 to remote] http.wire 73 - http-outgoing-4 << "Content-Length:72[\r][\n]"
12-09-2018 12:36:39 Wire.java DEBUG [Forwarding deleteAllCookies on session 5d15bc8f92dfa57856b0ab35acf0a735 to remote] http.wire 73 - http-outgoing-4 << "Content-Type:application/json; charset=utf-8[\r][\n]"
12-09-2018 12:36:39 Wire.java DEBUG [Forwarding deleteAllCookies on session 5d15bc8f92dfa57856b0ab35acf0a735 to remote] http.wire 73 - http-outgoing-4 << "[\r][\n]"
12-09-2018 12:36:39 Wire.java DEBUG [Forwarding deleteAllCookies on session 5d15bc8f92dfa57856b0ab35acf0a735 to remote] http.wire 87 - http-outgoing-4 << "{"sessionId":"5d15bc8f92dfa57856b0ab35acf0a735","status":0,"value":null}"
12-09-2018 12:36:39 LoggingManagedHttpClientConnection.java DEBUG [Forwarding deleteAllCookies on session 5d15bc8f92dfa57856b0ab35acf0a735 to remote] http.headers 122 - http-outgoing-4 << HTTP/1.1 200 OK
12-09-2018 12:36:39 LoggingManagedHttpClientConnection.java DEBUG [Forwarding deleteAllCookies on session 5d15bc8f92dfa57856b0ab35acf0a735 to remote] http.headers 125 - http-outgoing-4 << Content-Length:72
12-09-2018 12:36:39 LoggingManagedHttpClientConnection.java DEBUG [Forwarding deleteAllCookies on session 5d15bc8f92dfa57856b0ab35acf0a735 to remote] http.headers 125 - http-outgoing-4 << Content-Type:application/json; charset=utf-8
12-09-2018 12:36:39 MainClientExec.java DEBUG [Forwarding deleteAllCookies on session 5d15bc8f92dfa57856b0ab35acf0a735 to remote] execchain.MainClientExec 285 - Connection can be kept alive indefinitely
12-09-2018 12:36:39 PoolingHttpClientConnectionManager.java DEBUG [Forwarding deleteAllCookies on session 5d15bc8f92dfa57856b0ab35acf0a735 to remote] conn.PoolingHttpClientConnectionManager 320 - Connection [id: 4][route: {}->http://localhost:41195] can be kept alive indefinitely
12-09-2018 12:36:39 PoolingHttpClientConnectionManager.java DEBUG [Forwarding deleteAllCookies on session 5d15bc8f92dfa57856b0ab35acf0a735 to remote] conn.PoolingHttpClientConnectionManager 326 - Connection released: [id: 4][route: {}->http://localhost:41195][total kept alive: 1; route allocated: 1 of 2000; total allocated: 1 of 2000]
12-09-2018 12:36:39 RequestAddCookies.java DEBUG [Forwarding get on session 5d15bc8f92dfa57856b0ab35acf0a735 to remote] protocol.RequestAddCookies 123 - CookieSpec selected: default
12-09-2018 12:36:39 RequestAuthCache.java DEBUG [Forwarding get on session 5d15bc8f92dfa57856b0ab35acf0a735 to remote] protocol.RequestAuthCache 77 - Auth cache not set in the context
12-09-2018 12:36:39 PoolingHttpClientConnectionManager.java DEBUG [Forwarding get on session 5d15bc8f92dfa57856b0ab35acf0a735 to remote] conn.PoolingHttpClientConnectionManager 255 - Connection request: [route: {}->http://localhost:41195][total kept alive: 1; route allocated: 1 of 2000; total allocated: 1 of 2000]
12-09-2018 12:36:39 PoolingHttpClientConnectionManager.java DEBUG [Forwarding get on session 5d15bc8f92dfa57856b0ab35acf0a735 to remote] conn.PoolingHttpClientConnectionManager 288 - Connection leased: [id: 4][route: {}->http://localhost:41195][total kept alive: 0; route allocated: 1 of 2000; total allocated: 1 of 2000]
12-09-2018 12:36:39 MainClientExec.java DEBUG [Forwarding get on session 5d15bc8f92dfa57856b0ab35acf0a735 to remote] execchain.MainClientExec 208 - Stale connection check
12-09-2018 12:36:39 Wire.java DEBUG [Forwarding get on session 5d15bc8f92dfa57856b0ab35acf0a735 to remote] http.wire 87 - http-outgoing-4 << "[read] I/O error: Read timed out"
12-09-2018 12:36:39 LoggingManagedHttpClientConnection.java DEBUG [Forwarding get on session 5d15bc8f92dfa57856b0ab35acf0a735 to remote] conn.DefaultManagedHttpClientConnection 88 - http-outgoing-4: set socket timeout to 10800000
12-09-2018 12:36:39 MainClientExec.java DEBUG [Forwarding get on session 5d15bc8f92dfa57856b0ab35acf0a735 to remote] execchain.MainClientExec 256 - Executing request POST /session/5d15bc8f92dfa57856b0ab35acf0a735/url HTTP/1.1
12-09-2018 12:36:39 MainClientExec.java DEBUG [Forwarding get on session 5d15bc8f92dfa57856b0ab35acf0a735 to remote] execchain.MainClientExec 261 - Target auth state: UNCHALLENGED
12-09-2018 12:36:39 MainClientExec.java DEBUG [Forwarding get on session 5d15bc8f92dfa57856b0ab35acf0a735 to remote] execchain.MainClientExec 267 - Proxy auth state: UNCHALLENGED
12-09-2018 12:36:39 LoggingManagedHttpClientConnection.java DEBUG [Forwarding get on session 5d15bc8f92dfa57856b0ab35acf0a735 to remote] http.headers 133 - http-outgoing-4 >> POST /session/5d15bc8f92dfa57856b0ab35acf0a735/url HTTP/1.1
12-09-2018 12:36:39 LoggingManagedHttpClientConnection.java DEBUG [Forwarding get on session 5d15bc8f92dfa57856b0ab35acf0a735 to remote] http.headers 136 - http-outgoing-4 >> Content-Type: application/json; charset=utf-8
12-09-2018 12:36:39 LoggingManagedHttpClientConnection.java DEBUG [Forwarding get on session 5d15bc8f92dfa57856b0ab35acf0a735 to remote] http.headers 136 - http-outgoing-4 >> Content-Length: 27
12-09-2018 12:36:39 LoggingManagedHttpClientConnection.java DEBUG [Forwarding get on session 5d15bc8f92dfa57856b0ab35acf0a735 to remote] http.headers 136 - http-outgoing-4 >> Host: localhost:41195
12-09-2018 12:36:39 LoggingManagedHttpClientConnection.java DEBUG [Forwarding get on session 5d15bc8f92dfa57856b0ab35acf0a735 to remote] http.headers 136 - http-outgoing-4 >> Connection: Keep-Alive
12-09-2018 12:36:39 LoggingManagedHttpClientConnection.java DEBUG [Forwarding get on session 5d15bc8f92dfa57856b0ab35acf0a735 to remote] http.headers 136 - http-outgoing-4 >> User-Agent: Apache-HttpClient/4.5.3 (Java/1.8.0_181)
12-09-2018 12:36:39 LoggingManagedHttpClientConnection.java DEBUG [Forwarding get on session 5d15bc8f92dfa57856b0ab35acf0a735 to remote] http.headers 136 - http-outgoing-4 >> Accept-Encoding: gzip,deflate
12-09-2018 12:36:39 Wire.java DEBUG [Forwarding get on session 5d15bc8f92dfa57856b0ab35acf0a735 to remote] http.wire 73 - http-outgoing-4 >> "POST /session/5d15bc8f92dfa57856b0ab35acf0a735/url HTTP/1.1[\r][\n]"
12-09-2018 12:36:39 Wire.java DEBUG [Forwarding get on session 5d15bc8f92dfa57856b0ab35acf0a735 to remote] http.wire 73 - http-outgoing-4 >> "Content-Type: application/json; charset=utf-8[\r][\n]"
12-09-2018 12:36:39 Wire.java DEBUG [Forwarding get on session 5d15bc8f92dfa57856b0ab35acf0a735 to remote] http.wire 73 - http-outgoing-4 >> "Content-Length: 27[\r][\n]"
12-09-2018 12:36:39 Wire.java DEBUG [Forwarding get on session 5d15bc8f92dfa57856b0ab35acf0a735 to remote] http.wire 73 - http-outgoing-4 >> "Host: localhost:41195[\r][\n]"
12-09-2018 12:36:39 Wire.java DEBUG [Forwarding get on session 5d15bc8f92dfa57856b0ab35acf0a735 to remote] http.wire 73 - http-outgoing-4 >> "Connection: Keep-Alive[\r][\n]"
12-09-2018 12:36:39 Wire.java DEBUG [Forwarding get on session 5d15bc8f92dfa57856b0ab35acf0a735 to remote] http.wire 73 - http-outgoing-4 >> "User-Agent: Apache-HttpClient/4.5.3 (Java/1.8.0_181)[\r][\n]"
12-09-2018 12:36:39 Wire.java DEBUG [Forwarding get on session 5d15bc8f92dfa57856b0ab35acf0a735 to remote] http.wire 73 - http-outgoing-4 >> "Accept-Encoding: gzip,deflate[\r][\n]"
12-09-2018 12:36:39 Wire.java DEBUG [Forwarding get on session 5d15bc8f92dfa57856b0ab35acf0a735 to remote] http.wire 73 - http-outgoing-4 >> "[\r][\n]"
12-09-2018 12:36:39 Wire.java DEBUG [Forwarding get on session 5d15bc8f92dfa57856b0ab35acf0a735 to remote] http.wire 87 - http-outgoing-4 >> "{"url":"https://gmail.com"}"
12-09-2018 12:36:41 Wire.java DEBUG [Forwarding get on session 5d15bc8f92dfa57856b0ab35acf0a735 to remote] http.wire 73 - http-outgoing-4 << "HTTP/1.1 200 OK[\r][\n]"
12-09-2018 12:36:41 Wire.java DEBUG [Forwarding get on session 5d15bc8f92dfa57856b0ab35acf0a735 to remote] http.wire 73 - http-outgoing-4 << "Content-Length:72[\r][\n]"
12-09-2018 12:36:41 Wire.java DEBUG [Forwarding get on session 5d15bc8f92dfa57856b0ab35acf0a735 to remote] http.wire 73 - http-outgoing-4 << "Content-Type:application/json; charset=utf-8[\r][\n]"
12-09-2018 12:36:41 Wire.java DEBUG [Forwarding get on session 5d15bc8f92dfa57856b0ab35acf0a735 to remote] http.wire 73 - http-outgoing-4 << "[\r][\n]"
12-09-2018 12:36:41 Wire.java DEBUG [Forwarding get on session 5d15bc8f92dfa57856b0ab35acf0a735 to remote] http.wire 87 - http-outgoing-4 << "{"sessionId":"5d15bc8f92dfa57856b0ab35acf0a735","status":0,"value":null}"
12-09-2018 12:36:41 LoggingManagedHttpClientConnection.java DEBUG [Forwarding get on session 5d15bc8f92dfa57856b0ab35acf0a735 to remote] http.headers 122 - http-outgoing-4 << HTTP/1.1 200 OK
12-09-2018 12:36:41 LoggingManagedHttpClientConnection.java DEBUG [Forwarding get on session 5d15bc8f92dfa57856b0ab35acf0a735 to remote] http.headers 125 - http-outgoing-4 << Content-Length:72
12-09-2018 12:36:41 LoggingManagedHttpClientConnection.java DEBUG [Forwarding get on session 5d15bc8f92dfa57856b0ab35acf0a735 to remote] http.headers 125 - http-outgoing-4 << Content-Type:application/json; charset=utf-8
12-09-2018 12:36:41 MainClientExec.java DEBUG [Forwarding get on session 5d15bc8f92dfa57856b0ab35acf0a735 to remote] execchain.MainClientExec 285 - Connection can be kept alive indefinitely
12-09-2018 12:36:41 PoolingHttpClientConnectionManager.java DEBUG [Forwarding get on session 5d15bc8f92dfa57856b0ab35acf0a735 to remote] conn.PoolingHttpClientConnectionManager 320 - Connection [id: 4][route: {}->http://localhost:41195] can be kept alive indefinitely
12-09-2018 12:36:41 PoolingHttpClientConnectionManager.java DEBUG [Forwarding get on session 5d15bc8f92dfa57856b0ab35acf0a735 to remote] conn.PoolingHttpClientConnectionManager 326 - Connection released: [id: 4][route: {}->http://localhost:41195][total kept alive: 1; route allocated: 1 of 2000; total allocated: 1 of 2000]
12-09-2018 12:36:41 Base.java INFO  [main] EnterEmailPage 31 - Execution Started
12-09-2018 12:36:41 Base.java INFO  [main] Utils 31 - Execution Started
12-09-2018 12:36:41 RequestAddCookies.java DEBUG [Forwarding findElement on session 5d15bc8f92dfa57856b0ab35acf0a735 to remote] protocol.RequestAddCookies 123 - CookieSpec selected: default
12-09-2018 12:36:41 RequestAuthCache.java DEBUG [Forwarding findElement on session 5d15bc8f92dfa57856b0ab35acf0a735 to remote] protocol.RequestAuthCache 77 - Auth cache not set in the context
12-09-2018 12:36:41 PoolingHttpClientConnectionManager.java DEBUG [Forwarding findElement on session 5d15bc8f92dfa57856b0ab35acf0a735 to remote] conn.PoolingHttpClientConnectionManager 255 - Connection request: [route: {}->http://localhost:41195][total kept alive: 1; route allocated: 1 of 2000; total allocated: 1 of 2000]
12-09-2018 12:36:41 PoolingHttpClientConnectionManager.java DEBUG [Forwarding findElement on session 5d15bc8f92dfa57856b0ab35acf0a735 to remote] conn.PoolingHttpClientConnectionManager 288 - Connection leased: [id: 4][route: {}->http://localhost:41195][total kept alive: 0; route allocated: 1 of 2000; total allocated: 1 of 2000]
12-09-2018 12:36:41 MainClientExec.java DEBUG [Forwarding findElement on session 5d15bc8f92dfa57856b0ab35acf0a735 to remote] execchain.MainClientExec 208 - Stale connection check
12-09-2018 12:36:41 Wire.java DEBUG [Forwarding findElement on session 5d15bc8f92dfa57856b0ab35acf0a735 to remote] http.wire 87 - http-outgoing-4 << "[read] I/O error: Read timed out"
12-09-2018 12:36:41 LoggingManagedHttpClientConnection.java DEBUG [Forwarding findElement on session 5d15bc8f92dfa57856b0ab35acf0a735 to remote] conn.DefaultManagedHttpClientConnection 88 - http-outgoing-4: set socket timeout to 10800000
12-09-2018 12:36:41 MainClientExec.java DEBUG [Forwarding findElement on session 5d15bc8f92dfa57856b0ab35acf0a735 to remote] execchain.MainClientExec 256 - Executing request POST /session/5d15bc8f92dfa57856b0ab35acf0a735/element HTTP/1.1
12-09-2018 12:36:41 MainClientExec.java DEBUG [Forwarding findElement on session 5d15bc8f92dfa57856b0ab35acf0a735 to remote] execchain.MainClientExec 261 - Target auth state: UNCHALLENGED
12-09-2018 12:36:41 MainClientExec.java DEBUG [Forwarding findElement on session 5d15bc8f92dfa57856b0ab35acf0a735 to remote] execchain.MainClientExec 267 - Proxy auth state: UNCHALLENGED
12-09-2018 12:36:41 LoggingManagedHttpClientConnection.java DEBUG [Forwarding findElement on session 5d15bc8f92dfa57856b0ab35acf0a735 to remote] http.headers 133 - http-outgoing-4 >> POST /session/5d15bc8f92dfa57856b0ab35acf0a735/element HTTP/1.1
12-09-2018 12:36:41 LoggingManagedHttpClientConnection.java DEBUG [Forwarding findElement on session 5d15bc8f92dfa57856b0ab35acf0a735 to remote] http.headers 136 - http-outgoing-4 >> Content-Type: application/json; charset=utf-8
12-09-2018 12:36:41 LoggingManagedHttpClientConnection.java DEBUG [Forwarding findElement on session 5d15bc8f92dfa57856b0ab35acf0a735 to remote] http.headers 136 - http-outgoing-4 >> Content-Length: 50
12-09-2018 12:36:41 LoggingManagedHttpClientConnection.java DEBUG [Forwarding findElement on session 5d15bc8f92dfa57856b0ab35acf0a735 to remote] http.headers 136 - http-outgoing-4 >> Host: localhost:41195
12-09-2018 12:36:41 LoggingManagedHttpClientConnection.java DEBUG [Forwarding findElement on session 5d15bc8f92dfa57856b0ab35acf0a735 to remote] http.headers 136 - http-outgoing-4 >> Connection: Keep-Alive
12-09-2018 12:36:41 LoggingManagedHttpClientConnection.java DEBUG [Forwarding findElement on session 5d15bc8f92dfa57856b0ab35acf0a735 to remote] http.headers 136 - http-outgoing-4 >> User-Agent: Apache-HttpClient/4.5.3 (Java/1.8.0_181)
12-09-2018 12:36:41 LoggingManagedHttpClientConnection.java DEBUG [Forwarding findElement on session 5d15bc8f92dfa57856b0ab35acf0a735 to remote] http.headers 136 - http-outgoing-4 >> Accept-Encoding: gzip,deflate
12-09-2018 12:36:41 Wire.java DEBUG [Forwarding findElement on session 5d15bc8f92dfa57856b0ab35acf0a735 to remote] http.wire 73 - http-outgoing-4 >> "POST /session/5d15bc8f92dfa57856b0ab35acf0a735/element HTTP/1.1[\r][\n]"
12-09-2018 12:36:41 Wire.java DEBUG [Forwarding findElement on session 5d15bc8f92dfa57856b0ab35acf0a735 to remote] http.wire 73 - http-outgoing-4 >> "Content-Type: application/json; charset=utf-8[\r][\n]"
12-09-2018 12:36:41 Wire.java DEBUG [Forwarding findElement on session 5d15bc8f92dfa57856b0ab35acf0a735 to remote] http.wire 73 - http-outgoing-4 >> "Content-Length: 50[\r][\n]"
12-09-2018 12:36:41 Wire.java DEBUG [Forwarding findElement on session 5d15bc8f92dfa57856b0ab35acf0a735 to remote] http.wire 73 - http-outgoing-4 >> "Host: localhost:41195[\r][\n]"
12-09-2018 12:36:41 Wire.java DEBUG [Forwarding findElement on session 5d15bc8f92dfa57856b0ab35acf0a735 to remote] http.wire 73 - http-outgoing-4 >> "Connection: Keep-Alive[\r][\n]"
12-09-2018 12:36:41 Wire.java DEBUG [Forwarding findElement on session 5d15bc8f92dfa57856b0ab35acf0a735 to remote] http.wire 73 - http-outgoing-4 >> "User-Agent: Apache-HttpClient/4.5.3 (Java/1.8.0_181)[\r][\n]"
12-09-2018 12:36:41 Wire.java DEBUG [Forwarding findElement on session 5d15bc8f92dfa57856b0ab35acf0a735 to remote] http.wire 73 - http-outgoing-4 >> "Accept-Encoding: gzip,deflate[\r][\n]"
12-09-2018 12:36:41 Wire.java DEBUG [Forwarding findElement on session 5d15bc8f92dfa57856b0ab35acf0a735 to remote] http.wire 73 - http-outgoing-4 >> "[\r][\n]"
12-09-2018 12:36:41 Wire.java DEBUG [Forwarding findElement on session 5d15bc8f92dfa57856b0ab35acf0a735 to remote] http.wire 87 - http-outgoing-4 >> "{"using":"xpath","value":"//input[@type='email']"}"
12-09-2018 12:36:41 Wire.java DEBUG [Forwarding findElement on session 5d15bc8f92dfa57856b0ab35acf0a735 to remote] http.wire 73 - http-outgoing-4 << "HTTP/1.1 200 OK[\r][\n]"
12-09-2018 12:36:41 Wire.java DEBUG [Forwarding findElement on session 5d15bc8f92dfa57856b0ab35acf0a735 to remote] http.wire 73 - http-outgoing-4 << "Content-Length:102[\r][\n]"
12-09-2018 12:36:41 Wire.java DEBUG [Forwarding findElement on session 5d15bc8f92dfa57856b0ab35acf0a735 to remote] http.wire 73 - http-outgoing-4 << "Content-Type:application/json; charset=utf-8[\r][\n]"
12-09-2018 12:36:41 Wire.java DEBUG [Forwarding findElement on session 5d15bc8f92dfa57856b0ab35acf0a735 to remote] http.wire 73 - http-outgoing-4 << "[\r][\n]"
12-09-2018 12:36:41 Wire.java DEBUG [Forwarding findElement on session 5d15bc8f92dfa57856b0ab35acf0a735 to remote] http.wire 87 - http-outgoing-4 << "{"sessionId":"5d15bc8f92dfa57856b0ab35acf0a735","status":0,"value":{"ELEMENT":"0.9988919500159488-1"}}"
12-09-2018 12:36:41 LoggingManagedHttpClientConnection.java DEBUG [Forwarding findElement on session 5d15bc8f92dfa57856b0ab35acf0a735 to remote] http.headers 122 - http-outgoing-4 << HTTP/1.1 200 OK
12-09-2018 12:36:41 LoggingManagedHttpClientConnection.java DEBUG [Forwarding findElement on session 5d15bc8f92dfa57856b0ab35acf0a735 to remote] http.headers 125 - http-outgoing-4 << Content-Length:102
12-09-2018 12:36:41 LoggingManagedHttpClientConnection.java DEBUG [Forwarding findElement on session 5d15bc8f92dfa57856b0ab35acf0a735 to remote] http.headers 125 - http-outgoing-4 << Content-Type:application/json; charset=utf-8
12-09-2018 12:36:41 MainClientExec.java DEBUG [Forwarding findElement on session 5d15bc8f92dfa57856b0ab35acf0a735 to remote] execchain.MainClientExec 285 - Connection can be kept alive indefinitely
12-09-2018 12:36:41 PoolingHttpClientConnectionManager.java DEBUG [Forwarding findElement on session 5d15bc8f92dfa57856b0ab35acf0a735 to remote] conn.PoolingHttpClientConnectionManager 320 - Connection [id: 4][route: {}->http://localhost:41195] can be kept alive indefinitely
12-09-2018 12:36:41 PoolingHttpClientConnectionManager.java DEBUG [Forwarding findElement on session 5d15bc8f92dfa57856b0ab35acf0a735 to remote] conn.PoolingHttpClientConnectionManager 326 - Connection released: [id: 4][route: {}->http://localhost:41195][total kept alive: 1; route allocated: 1 of 2000; total allocated: 1 of 2000]
12-09-2018 12:36:41 RequestAddCookies.java DEBUG [Forwarding isElementDisplayed on session 5d15bc8f92dfa57856b0ab35acf0a735 to remote] protocol.RequestAddCookies 123 - CookieSpec selected: default
12-09-2018 12:36:41 RequestAuthCache.java DEBUG [Forwarding isElementDisplayed on session 5d15bc8f92dfa57856b0ab35acf0a735 to remote] protocol.RequestAuthCache 77 - Auth cache not set in the context
12-09-2018 12:36:41 PoolingHttpClientConnectionManager.java DEBUG [Forwarding isElementDisplayed on session 5d15bc8f92dfa57856b0ab35acf0a735 to remote] conn.PoolingHttpClientConnectionManager 255 - Connection request: [route: {}->http://localhost:41195][total kept alive: 1; route allocated: 1 of 2000; total allocated: 1 of 2000]
12-09-2018 12:36:41 PoolingHttpClientConnectionManager.java DEBUG [Forwarding isElementDisplayed on session 5d15bc8f92dfa57856b0ab35acf0a735 to remote] conn.PoolingHttpClientConnectionManager 288 - Connection leased: [id: 4][route: {}->http://localhost:41195][total kept alive: 0; route allocated: 1 of 2000; total allocated: 1 of 2000]
12-09-2018 12:36:41 MainClientExec.java DEBUG [Forwarding isElementDisplayed on session 5d15bc8f92dfa57856b0ab35acf0a735 to remote] execchain.MainClientExec 208 - Stale connection check
12-09-2018 12:36:41 Wire.java DEBUG [Forwarding isElementDisplayed on session 5d15bc8f92dfa57856b0ab35acf0a735 to remote] http.wire 87 - http-outgoing-4 << "[read] I/O error: Read timed out"
12-09-2018 12:36:41 LoggingManagedHttpClientConnection.java DEBUG [Forwarding isElementDisplayed on session 5d15bc8f92dfa57856b0ab35acf0a735 to remote] conn.DefaultManagedHttpClientConnection 88 - http-outgoing-4: set socket timeout to 10800000
12-09-2018 12:36:41 MainClientExec.java DEBUG [Forwarding isElementDisplayed on session 5d15bc8f92dfa57856b0ab35acf0a735 to remote] execchain.MainClientExec 256 - Executing request GET /session/5d15bc8f92dfa57856b0ab35acf0a735/element/0.9988919500159488-1/displayed HTTP/1.1
12-09-2018 12:36:41 MainClientExec.java DEBUG [Forwarding isElementDisplayed on session 5d15bc8f92dfa57856b0ab35acf0a735 to remote] execchain.MainClientExec 261 - Target auth state: UNCHALLENGED
12-09-2018 12:36:41 MainClientExec.java DEBUG [Forwarding isElementDisplayed on session 5d15bc8f92dfa57856b0ab35acf0a735 to remote] execchain.MainClientExec 267 - Proxy auth state: UNCHALLENGED
12-09-2018 12:36:41 LoggingManagedHttpClientConnection.java DEBUG [Forwarding isElementDisplayed on session 5d15bc8f92dfa57856b0ab35acf0a735 to remote] http.headers 133 - http-outgoing-4 >> GET /session/5d15bc8f92dfa57856b0ab35acf0a735/element/0.9988919500159488-1/displayed HTTP/1.1
12-09-2018 12:36:41 LoggingManagedHttpClientConnection.java DEBUG [Forwarding isElementDisplayed on session 5d15bc8f92dfa57856b0ab35acf0a735 to remote] http.headers 136 - http-outgoing-4 >> Cache-Control: no-cache
12-09-2018 12:36:41 LoggingManagedHttpClientConnection.java DEBUG [Forwarding isElementDisplayed on session 5d15bc8f92dfa57856b0ab35acf0a735 to remote] http.headers 136 - http-outgoing-4 >> Host: localhost:41195
12-09-2018 12:36:41 LoggingManagedHttpClientConnection.java DEBUG [Forwarding isElementDisplayed on session 5d15bc8f92dfa57856b0ab35acf0a735 to remote] http.headers 136 - http-outgoing-4 >> Connection: Keep-Alive
12-09-2018 12:36:41 LoggingManagedHttpClientConnection.java DEBUG [Forwarding isElementDisplayed on session 5d15bc8f92dfa57856b0ab35acf0a735 to remote] http.headers 136 - http-outgoing-4 >> User-Agent: Apache-HttpClient/4.5.3 (Java/1.8.0_181)
12-09-2018 12:36:41 LoggingManagedHttpClientConnection.java DEBUG [Forwarding isElementDisplayed on session 5d15bc8f92dfa57856b0ab35acf0a735 to remote] http.headers 136 - http-outgoing-4 >> Accept-Encoding: gzip,deflate
12-09-2018 12:36:41 Wire.java DEBUG [Forwarding isElementDisplayed on session 5d15bc8f92dfa57856b0ab35acf0a735 to remote] http.wire 73 - http-outgoing-4 >> "GET /session/5d15bc8f92dfa57856b0ab35acf0a735/element/0.9988919500159488-1/displayed HTTP/1.1[\r][\n]"
12-09-2018 12:36:41 Wire.java DEBUG [Forwarding isElementDisplayed on session 5d15bc8f92dfa57856b0ab35acf0a735 to remote] http.wire 73 - http-outgoing-4 >> "Cache-Control: no-cache[\r][\n]"
12-09-2018 12:36:41 Wire.java DEBUG [Forwarding isElementDisplayed on session 5d15bc8f92dfa57856b0ab35acf0a735 to remote] http.wire 73 - http-outgoing-4 >> "Host: localhost:41195[\r][\n]"
12-09-2018 12:36:41 Wire.java DEBUG [Forwarding isElementDisplayed on session 5d15bc8f92dfa57856b0ab35acf0a735 to remote] http.wire 73 - http-outgoing-4 >> "Connection: Keep-Alive[\r][\n]"
12-09-2018 12:36:41 Wire.java DEBUG [Forwarding isElementDisplayed on session 5d15bc8f92dfa57856b0ab35acf0a735 to remote] http.wire 73 - http-outgoing-4 >> "User-Agent: Apache-HttpClient/4.5.3 (Java/1.8.0_181)[\r][\n]"
12-09-2018 12:36:41 Wire.java DEBUG [Forwarding isElementDisplayed on session 5d15bc8f92dfa57856b0ab35acf0a735 to remote] http.wire 73 - http-outgoing-4 >> "Accept-Encoding: gzip,deflate[\r][\n]"
12-09-2018 12:36:41 Wire.java DEBUG [Forwarding isElementDisplayed on session 5d15bc8f92dfa57856b0ab35acf0a735 to remote] http.wire 73 - http-outgoing-4 >> "[\r][\n]"
12-09-2018 12:36:41 Wire.java DEBUG [Forwarding isElementDisplayed on session 5d15bc8f92dfa57856b0ab35acf0a735 to remote] http.wire 73 - http-outgoing-4 << "HTTP/1.1 200 OK[\r][\n]"
12-09-2018 12:36:41 Wire.java DEBUG [Forwarding isElementDisplayed on session 5d15bc8f92dfa57856b0ab35acf0a735 to remote] http.wire 73 - http-outgoing-4 << "Content-Length:72[\r][\n]"
12-09-2018 12:36:41 Wire.java DEBUG [Forwarding isElementDisplayed on session 5d15bc8f92dfa57856b0ab35acf0a735 to remote] http.wire 73 - http-outgoing-4 << "Content-Type:application/json; charset=utf-8[\r][\n]"
12-09-2018 12:36:41 Wire.java DEBUG [Forwarding isElementDisplayed on session 5d15bc8f92dfa57856b0ab35acf0a735 to remote] http.wire 73 - http-outgoing-4 << "[\r][\n]"
12-09-2018 12:36:41 Wire.java DEBUG [Forwarding isElementDisplayed on session 5d15bc8f92dfa57856b0ab35acf0a735 to remote] http.wire 87 - http-outgoing-4 << "{"sessionId":"5d15bc8f92dfa57856b0ab35acf0a735","status":0,"value":true}"
12-09-2018 12:36:41 LoggingManagedHttpClientConnection.java DEBUG [Forwarding isElementDisplayed on session 5d15bc8f92dfa57856b0ab35acf0a735 to remote] http.headers 122 - http-outgoing-4 << HTTP/1.1 200 OK
12-09-2018 12:36:41 LoggingManagedHttpClientConnection.java DEBUG [Forwarding isElementDisplayed on session 5d15bc8f92dfa57856b0ab35acf0a735 to remote] http.headers 125 - http-outgoing-4 << Content-Length:72
12-09-2018 12:36:41 LoggingManagedHttpClientConnection.java DEBUG [Forwarding isElementDisplayed on session 5d15bc8f92dfa57856b0ab35acf0a735 to remote] http.headers 125 - http-outgoing-4 << Content-Type:application/json; charset=utf-8
12-09-2018 12:36:41 MainClientExec.java DEBUG [Forwarding isElementDisplayed on session 5d15bc8f92dfa57856b0ab35acf0a735 to remote] execchain.MainClientExec 285 - Connection can be kept alive indefinitely
12-09-2018 12:36:41 PoolingHttpClientConnectionManager.java DEBUG [Forwarding isElementDisplayed on session 5d15bc8f92dfa57856b0ab35acf0a735 to remote] conn.PoolingHttpClientConnectionManager 320 - Connection [id: 4][route: {}->http://localhost:41195] can be kept alive indefinitely
12-09-2018 12:36:41 PoolingHttpClientConnectionManager.java DEBUG [Forwarding isElementDisplayed on session 5d15bc8f92dfa57856b0ab35acf0a735 to remote] conn.PoolingHttpClientConnectionManager 326 - Connection released: [id: 4][route: {}->http://localhost:41195][total kept alive: 1; route allocated: 1 of 2000; total allocated: 1 of 2000]
12-09-2018 12:36:41 RequestAddCookies.java DEBUG [Forwarding findElement on session 5d15bc8f92dfa57856b0ab35acf0a735 to remote] protocol.RequestAddCookies 123 - CookieSpec selected: default
12-09-2018 12:36:41 RequestAuthCache.java DEBUG [Forwarding findElement on session 5d15bc8f92dfa57856b0ab35acf0a735 to remote] protocol.RequestAuthCache 77 - Auth cache not set in the context
12-09-2018 12:36:41 PoolingHttpClientConnectionManager.java DEBUG [Forwarding findElement on session 5d15bc8f92dfa57856b0ab35acf0a735 to remote] conn.PoolingHttpClientConnectionManager 255 - Connection request: [route: {}->http://localhost:41195][total kept alive: 1; route allocated: 1 of 2000; total allocated: 1 of 2000]
12-09-2018 12:36:41 PoolingHttpClientConnectionManager.java DEBUG [Forwarding findElement on session 5d15bc8f92dfa57856b0ab35acf0a735 to remote] conn.PoolingHttpClientConnectionManager 288 - Connection leased: [id: 4][route: {}->http://localhost:41195][total kept alive: 0; route allocated: 1 of 2000; total allocated: 1 of 2000]
12-09-2018 12:36:41 MainClientExec.java DEBUG [Forwarding findElement on session 5d15bc8f92dfa57856b0ab35acf0a735 to remote] execchain.MainClientExec 208 - Stale connection check
12-09-2018 12:36:41 Wire.java DEBUG [Forwarding findElement on session 5d15bc8f92dfa57856b0ab35acf0a735 to remote] http.wire 87 - http-outgoing-4 << "[read] I/O error: Read timed out"
12-09-2018 12:36:41 LoggingManagedHttpClientConnection.java DEBUG [Forwarding findElement on session 5d15bc8f92dfa57856b0ab35acf0a735 to remote] conn.DefaultManagedHttpClientConnection 88 - http-outgoing-4: set socket timeout to 10800000
12-09-2018 12:36:41 MainClientExec.java DEBUG [Forwarding findElement on session 5d15bc8f92dfa57856b0ab35acf0a735 to remote] execchain.MainClientExec 256 - Executing request POST /session/5d15bc8f92dfa57856b0ab35acf0a735/element HTTP/1.1
12-09-2018 12:36:41 MainClientExec.java DEBUG [Forwarding findElement on session 5d15bc8f92dfa57856b0ab35acf0a735 to remote] execchain.MainClientExec 261 - Target auth state: UNCHALLENGED
12-09-2018 12:36:41 MainClientExec.java DEBUG [Forwarding findElement on session 5d15bc8f92dfa57856b0ab35acf0a735 to remote] execchain.MainClientExec 267 - Proxy auth state: UNCHALLENGED
12-09-2018 12:36:41 LoggingManagedHttpClientConnection.java DEBUG [Forwarding findElement on session 5d15bc8f92dfa57856b0ab35acf0a735 to remote] http.headers 133 - http-outgoing-4 >> POST /session/5d15bc8f92dfa57856b0ab35acf0a735/element HTTP/1.1
12-09-2018 12:36:41 LoggingManagedHttpClientConnection.java DEBUG [Forwarding findElement on session 5d15bc8f92dfa57856b0ab35acf0a735 to remote] http.headers 136 - http-outgoing-4 >> Content-Type: application/json; charset=utf-8
12-09-2018 12:36:41 LoggingManagedHttpClientConnection.java DEBUG [Forwarding findElement on session 5d15bc8f92dfa57856b0ab35acf0a735 to remote] http.headers 136 - http-outgoing-4 >> Content-Length: 50
12-09-2018 12:36:41 LoggingManagedHttpClientConnection.java DEBUG [Forwarding findElement on session 5d15bc8f92dfa57856b0ab35acf0a735 to remote] http.headers 136 - http-outgoing-4 >> Host: localhost:41195
12-09-2018 12:36:41 LoggingManagedHttpClientConnection.java DEBUG [Forwarding findElement on session 5d15bc8f92dfa57856b0ab35acf0a735 to remote] http.headers 136 - http-outgoing-4 >> Connection: Keep-Alive
12-09-2018 12:36:41 LoggingManagedHttpClientConnection.java DEBUG [Forwarding findElement on session 5d15bc8f92dfa57856b0ab35acf0a735 to remote] http.headers 136 - http-outgoing-4 >> User-Agent: Apache-HttpClient/4.5.3 (Java/1.8.0_181)
12-09-2018 12:36:41 LoggingManagedHttpClientConnection.java DEBUG [Forwarding findElement on session 5d15bc8f92dfa57856b0ab35acf0a735 to remote] http.headers 136 - http-outgoing-4 >> Accept-Encoding: gzip,deflate
12-09-2018 12:36:41 Wire.java DEBUG [Forwarding findElement on session 5d15bc8f92dfa57856b0ab35acf0a735 to remote] http.wire 73 - http-outgoing-4 >> "POST /session/5d15bc8f92dfa57856b0ab35acf0a735/element HTTP/1.1[\r][\n]"
12-09-2018 12:36:41 Wire.java DEBUG [Forwarding findElement on session 5d15bc8f92dfa57856b0ab35acf0a735 to remote] http.wire 73 - http-outgoing-4 >> "Content-Type: application/json; charset=utf-8[\r][\n]"
12-09-2018 12:36:41 Wire.java DEBUG [Forwarding findElement on session 5d15bc8f92dfa57856b0ab35acf0a735 to remote] http.wire 73 - http-outgoing-4 >> "Content-Length: 50[\r][\n]"
12-09-2018 12:36:41 Wire.java DEBUG [Forwarding findElement on session 5d15bc8f92dfa57856b0ab35acf0a735 to remote] http.wire 73 - http-outgoing-4 >> "Host: localhost:41195[\r][\n]"
12-09-2018 12:36:41 Wire.java DEBUG [Forwarding findElement on session 5d15bc8f92dfa57856b0ab35acf0a735 to remote] http.wire 73 - http-outgoing-4 >> "Connection: Keep-Alive[\r][\n]"
12-09-2018 12:36:41 Wire.java DEBUG [Forwarding findElement on session 5d15bc8f92dfa57856b0ab35acf0a735 to remote] http.wire 73 - http-outgoing-4 >> "User-Agent: Apache-HttpClient/4.5.3 (Java/1.8.0_181)[\r][\n]"
12-09-2018 12:36:41 Wire.java DEBUG [Forwarding findElement on session 5d15bc8f92dfa57856b0ab35acf0a735 to remote] http.wire 73 - http-outgoing-4 >> "Accept-Encoding: gzip,deflate[\r][\n]"
12-09-2018 12:36:41 Wire.java DEBUG [Forwarding findElement on session 5d15bc8f92dfa57856b0ab35acf0a735 to remote] http.wire 73 - http-outgoing-4 >> "[\r][\n]"
12-09-2018 12:36:41 Wire.java DEBUG [Forwarding findElement on session 5d15bc8f92dfa57856b0ab35acf0a735 to remote] http.wire 87 - http-outgoing-4 >> "{"using":"xpath","value":"//input[@type='email']"}"
12-09-2018 12:36:41 Wire.java DEBUG [Forwarding findElement on session 5d15bc8f92dfa57856b0ab35acf0a735 to remote] http.wire 73 - http-outgoing-4 << "HTTP/1.1 200 OK[\r][\n]"
12-09-2018 12:36:41 Wire.java DEBUG [Forwarding findElement on session 5d15bc8f92dfa57856b0ab35acf0a735 to remote] http.wire 73 - http-outgoing-4 << "Content-Length:102[\r][\n]"
12-09-2018 12:36:41 Wire.java DEBUG [Forwarding findElement on session 5d15bc8f92dfa57856b0ab35acf0a735 to remote] http.wire 73 - http-outgoing-4 << "Content-Type:application/json; charset=utf-8[\r][\n]"
12-09-2018 12:36:41 Wire.java DEBUG [Forwarding findElement on session 5d15bc8f92dfa57856b0ab35acf0a735 to remote] http.wire 73 - http-outgoing-4 << "[\r][\n]"
12-09-2018 12:36:41 Wire.java DEBUG [Forwarding findElement on session 5d15bc8f92dfa57856b0ab35acf0a735 to remote] http.wire 87 - http-outgoing-4 << "{"sessionId":"5d15bc8f92dfa57856b0ab35acf0a735","status":0,"value":{"ELEMENT":"0.9988919500159488-1"}}"
12-09-2018 12:36:41 LoggingManagedHttpClientConnection.java DEBUG [Forwarding findElement on session 5d15bc8f92dfa57856b0ab35acf0a735 to remote] http.headers 122 - http-outgoing-4 << HTTP/1.1 200 OK
12-09-2018 12:36:41 LoggingManagedHttpClientConnection.java DEBUG [Forwarding findElement on session 5d15bc8f92dfa57856b0ab35acf0a735 to remote] http.headers 125 - http-outgoing-4 << Content-Length:102
12-09-2018 12:36:41 LoggingManagedHttpClientConnection.java DEBUG [Forwarding findElement on session 5d15bc8f92dfa57856b0ab35acf0a735 to remote] http.headers 125 - http-outgoing-4 << Content-Type:application/json; charset=utf-8
12-09-2018 12:36:41 MainClientExec.java DEBUG [Forwarding findElement on session 5d15bc8f92dfa57856b0ab35acf0a735 to remote] execchain.MainClientExec 285 - Connection can be kept alive indefinitely
12-09-2018 12:36:41 PoolingHttpClientConnectionManager.java DEBUG [Forwarding findElement on session 5d15bc8f92dfa57856b0ab35acf0a735 to remote] conn.PoolingHttpClientConnectionManager 320 - Connection [id: 4][route: {}->http://localhost:41195] can be kept alive indefinitely
12-09-2018 12:36:41 PoolingHttpClientConnectionManager.java DEBUG [Forwarding findElement on session 5d15bc8f92dfa57856b0ab35acf0a735 to remote] conn.PoolingHttpClientConnectionManager 326 - Connection released: [id: 4][route: {}->http://localhost:41195][total kept alive: 1; route allocated: 1 of 2000; total allocated: 1 of 2000]
12-09-2018 12:36:41 RequestAddCookies.java DEBUG [Forwarding isElementDisplayed on session 5d15bc8f92dfa57856b0ab35acf0a735 to remote] protocol.RequestAddCookies 123 - CookieSpec selected: default
12-09-2018 12:36:41 RequestAuthCache.java DEBUG [Forwarding isElementDisplayed on session 5d15bc8f92dfa57856b0ab35acf0a735 to remote] protocol.RequestAuthCache 77 - Auth cache not set in the context
12-09-2018 12:36:41 PoolingHttpClientConnectionManager.java DEBUG [Forwarding isElementDisplayed on session 5d15bc8f92dfa57856b0ab35acf0a735 to remote] conn.PoolingHttpClientConnectionManager 255 - Connection request: [route: {}->http://localhost:41195][total kept alive: 1; route allocated: 1 of 2000; total allocated: 1 of 2000]
12-09-2018 12:36:41 PoolingHttpClientConnectionManager.java DEBUG [Forwarding isElementDisplayed on session 5d15bc8f92dfa57856b0ab35acf0a735 to remote] conn.PoolingHttpClientConnectionManager 288 - Connection leased: [id: 4][route: {}->http://localhost:41195][total kept alive: 0; route allocated: 1 of 2000; total allocated: 1 of 2000]
12-09-2018 12:36:41 MainClientExec.java DEBUG [Forwarding isElementDisplayed on session 5d15bc8f92dfa57856b0ab35acf0a735 to remote] execchain.MainClientExec 208 - Stale connection check
12-09-2018 12:36:41 Wire.java DEBUG [Forwarding isElementDisplayed on session 5d15bc8f92dfa57856b0ab35acf0a735 to remote] http.wire 87 - http-outgoing-4 << "[read] I/O error: Read timed out"
12-09-2018 12:36:41 LoggingManagedHttpClientConnection.java DEBUG [Forwarding isElementDisplayed on session 5d15bc8f92dfa57856b0ab35acf0a735 to remote] conn.DefaultManagedHttpClientConnection 88 - http-outgoing-4: set socket timeout to 10800000
12-09-2018 12:36:41 MainClientExec.java DEBUG [Forwarding isElementDisplayed on session 5d15bc8f92dfa57856b0ab35acf0a735 to remote] execchain.MainClientExec 256 - Executing request GET /session/5d15bc8f92dfa57856b0ab35acf0a735/element/0.9988919500159488-1/displayed HTTP/1.1
12-09-2018 12:36:41 MainClientExec.java DEBUG [Forwarding isElementDisplayed on session 5d15bc8f92dfa57856b0ab35acf0a735 to remote] execchain.MainClientExec 261 - Target auth state: UNCHALLENGED
12-09-2018 12:36:41 MainClientExec.java DEBUG [Forwarding isElementDisplayed on session 5d15bc8f92dfa57856b0ab35acf0a735 to remote] execchain.MainClientExec 267 - Proxy auth state: UNCHALLENGED
12-09-2018 12:36:41 LoggingManagedHttpClientConnection.java DEBUG [Forwarding isElementDisplayed on session 5d15bc8f92dfa57856b0ab35acf0a735 to remote] http.headers 133 - http-outgoing-4 >> GET /session/5d15bc8f92dfa57856b0ab35acf0a735/element/0.9988919500159488-1/displayed HTTP/1.1
12-09-2018 12:36:41 LoggingManagedHttpClientConnection.java DEBUG [Forwarding isElementDisplayed on session 5d15bc8f92dfa57856b0ab35acf0a735 to remote] http.headers 136 - http-outgoing-4 >> Cache-Control: no-cache
12-09-2018 12:36:41 LoggingManagedHttpClientConnection.java DEBUG [Forwarding isElementDisplayed on session 5d15bc8f92dfa57856b0ab35acf0a735 to remote] http.headers 136 - http-outgoing-4 >> Host: localhost:41195
12-09-2018 12:36:41 LoggingManagedHttpClientConnection.java DEBUG [Forwarding isElementDisplayed on session 5d15bc8f92dfa57856b0ab35acf0a735 to remote] http.headers 136 - http-outgoing-4 >> Connection: Keep-Alive
12-09-2018 12:36:41 LoggingManagedHttpClientConnection.java DEBUG [Forwarding isElementDisplayed on session 5d15bc8f92dfa57856b0ab35acf0a735 to remote] http.headers 136 - http-outgoing-4 >> User-Agent: Apache-HttpClient/4.5.3 (Java/1.8.0_181)
12-09-2018 12:36:41 LoggingManagedHttpClientConnection.java DEBUG [Forwarding isElementDisplayed on session 5d15bc8f92dfa57856b0ab35acf0a735 to remote] http.headers 136 - http-outgoing-4 >> Accept-Encoding: gzip,deflate
12-09-2018 12:36:41 Wire.java DEBUG [Forwarding isElementDisplayed on session 5d15bc8f92dfa57856b0ab35acf0a735 to remote] http.wire 73 - http-outgoing-4 >> "GET /session/5d15bc8f92dfa57856b0ab35acf0a735/element/0.9988919500159488-1/displayed HTTP/1.1[\r][\n]"
12-09-2018 12:36:41 Wire.java DEBUG [Forwarding isElementDisplayed on session 5d15bc8f92dfa57856b0ab35acf0a735 to remote] http.wire 73 - http-outgoing-4 >> "Cache-Control: no-cache[\r][\n]"
12-09-2018 12:36:41 Wire.java DEBUG [Forwarding isElementDisplayed on session 5d15bc8f92dfa57856b0ab35acf0a735 to remote] http.wire 73 - http-outgoing-4 >> "Host: localhost:41195[\r][\n]"
12-09-2018 12:36:41 Wire.java DEBUG [Forwarding isElementDisplayed on session 5d15bc8f92dfa57856b0ab35acf0a735 to remote] http.wire 73 - http-outgoing-4 >> "Connection: Keep-Alive[\r][\n]"
12-09-2018 12:36:41 Wire.java DEBUG [Forwarding isElementDisplayed on session 5d15bc8f92dfa57856b0ab35acf0a735 to remote] http.wire 73 - http-outgoing-4 >> "User-Agent: Apache-HttpClient/4.5.3 (Java/1.8.0_181)[\r][\n]"
12-09-2018 12:36:41 Wire.java DEBUG [Forwarding isElementDisplayed on session 5d15bc8f92dfa57856b0ab35acf0a735 to remote] http.wire 73 - http-outgoing-4 >> "Accept-Encoding: gzip,deflate[\r][\n]"
12-09-2018 12:36:41 Wire.java DEBUG [Forwarding isElementDisplayed on session 5d15bc8f92dfa57856b0ab35acf0a735 to remote] http.wire 73 - http-outgoing-4 >> "[\r][\n]"
12-09-2018 12:36:41 Wire.java DEBUG [Forwarding isElementDisplayed on session 5d15bc8f92dfa57856b0ab35acf0a735 to remote] http.wire 73 - http-outgoing-4 << "HTTP/1.1 200 OK[\r][\n]"
12-09-2018 12:36:41 Wire.java DEBUG [Forwarding isElementDisplayed on session 5d15bc8f92dfa57856b0ab35acf0a735 to remote] http.wire 73 - http-outgoing-4 << "Content-Length:72[\r][\n]"
12-09-2018 12:36:41 Wire.java DEBUG [Forwarding isElementDisplayed on session 5d15bc8f92dfa57856b0ab35acf0a735 to remote] http.wire 73 - http-outgoing-4 << "Content-Type:application/json; charset=utf-8[\r][\n]"
12-09-2018 12:36:41 Wire.java DEBUG [Forwarding isElementDisplayed on session 5d15bc8f92dfa57856b0ab35acf0a735 to remote] http.wire 73 - http-outgoing-4 << "[\r][\n]"
12-09-2018 12:36:41 Wire.java DEBUG [Forwarding isElementDisplayed on session 5d15bc8f92dfa57856b0ab35acf0a735 to remote] http.wire 87 - http-outgoing-4 << "{"sessionId":"5d15bc8f92dfa57856b0ab35acf0a735","status":0,"value":true}"
12-09-2018 12:36:41 LoggingManagedHttpClientConnection.java DEBUG [Forwarding isElementDisplayed on session 5d15bc8f92dfa57856b0ab35acf0a735 to remote] http.headers 122 - http-outgoing-4 << HTTP/1.1 200 OK
12-09-2018 12:36:41 LoggingManagedHttpClientConnection.java DEBUG [Forwarding isElementDisplayed on session 5d15bc8f92dfa57856b0ab35acf0a735 to remote] http.headers 125 - http-outgoing-4 << Content-Length:72
12-09-2018 12:36:41 LoggingManagedHttpClientConnection.java DEBUG [Forwarding isElementDisplayed on session 5d15bc8f92dfa57856b0ab35acf0a735 to remote] http.headers 125 - http-outgoing-4 << Content-Type:application/json; charset=utf-8
12-09-2018 12:36:41 MainClientExec.java DEBUG [Forwarding isElementDisplayed on session 5d15bc8f92dfa57856b0ab35acf0a735 to remote] execchain.MainClientExec 285 - Connection can be kept alive indefinitely
12-09-2018 12:36:41 PoolingHttpClientConnectionManager.java DEBUG [Forwarding isElementDisplayed on session 5d15bc8f92dfa57856b0ab35acf0a735 to remote] conn.PoolingHttpClientConnectionManager 320 - Connection [id: 4][route: {}->http://localhost:41195] can be kept alive indefinitely
12-09-2018 12:36:41 PoolingHttpClientConnectionManager.java DEBUG [Forwarding isElementDisplayed on session 5d15bc8f92dfa57856b0ab35acf0a735 to remote] conn.PoolingHttpClientConnectionManager 326 - Connection released: [id: 4][route: {}->http://localhost:41195][total kept alive: 1; route allocated: 1 of 2000; total allocated: 1 of 2000]
12-09-2018 12:36:41 RequestAddCookies.java DEBUG [Forwarding findElement on session 5d15bc8f92dfa57856b0ab35acf0a735 to remote] protocol.RequestAddCookies 123 - CookieSpec selected: default
12-09-2018 12:36:41 RequestAuthCache.java DEBUG [Forwarding findElement on session 5d15bc8f92dfa57856b0ab35acf0a735 to remote] protocol.RequestAuthCache 77 - Auth cache not set in the context
12-09-2018 12:36:41 PoolingHttpClientConnectionManager.java DEBUG [Forwarding findElement on session 5d15bc8f92dfa57856b0ab35acf0a735 to remote] conn.PoolingHttpClientConnectionManager 255 - Connection request: [route: {}->http://localhost:41195][total kept alive: 1; route allocated: 1 of 2000; total allocated: 1 of 2000]
12-09-2018 12:36:41 PoolingHttpClientConnectionManager.java DEBUG [Forwarding findElement on session 5d15bc8f92dfa57856b0ab35acf0a735 to remote] conn.PoolingHttpClientConnectionManager 288 - Connection leased: [id: 4][route: {}->http://localhost:41195][total kept alive: 0; route allocated: 1 of 2000; total allocated: 1 of 2000]
12-09-2018 12:36:41 MainClientExec.java DEBUG [Forwarding findElement on session 5d15bc8f92dfa57856b0ab35acf0a735 to remote] execchain.MainClientExec 208 - Stale connection check
12-09-2018 12:36:41 Wire.java DEBUG [Forwarding findElement on session 5d15bc8f92dfa57856b0ab35acf0a735 to remote] http.wire 87 - http-outgoing-4 << "[read] I/O error: Read timed out"
12-09-2018 12:36:41 LoggingManagedHttpClientConnection.java DEBUG [Forwarding findElement on session 5d15bc8f92dfa57856b0ab35acf0a735 to remote] conn.DefaultManagedHttpClientConnection 88 - http-outgoing-4: set socket timeout to 10800000
12-09-2018 12:36:41 MainClientExec.java DEBUG [Forwarding findElement on session 5d15bc8f92dfa57856b0ab35acf0a735 to remote] execchain.MainClientExec 256 - Executing request POST /session/5d15bc8f92dfa57856b0ab35acf0a735/element HTTP/1.1
12-09-2018 12:36:41 MainClientExec.java DEBUG [Forwarding findElement on session 5d15bc8f92dfa57856b0ab35acf0a735 to remote] execchain.MainClientExec 261 - Target auth state: UNCHALLENGED
12-09-2018 12:36:41 MainClientExec.java DEBUG [Forwarding findElement on session 5d15bc8f92dfa57856b0ab35acf0a735 to remote] execchain.MainClientExec 267 - Proxy auth state: UNCHALLENGED
12-09-2018 12:36:41 LoggingManagedHttpClientConnection.java DEBUG [Forwarding findElement on session 5d15bc8f92dfa57856b0ab35acf0a735 to remote] http.headers 133 - http-outgoing-4 >> POST /session/5d15bc8f92dfa57856b0ab35acf0a735/element HTTP/1.1
12-09-2018 12:36:41 LoggingManagedHttpClientConnection.java DEBUG [Forwarding findElement on session 5d15bc8f92dfa57856b0ab35acf0a735 to remote] http.headers 136 - http-outgoing-4 >> Content-Type: application/json; charset=utf-8
12-09-2018 12:36:41 LoggingManagedHttpClientConnection.java DEBUG [Forwarding findElement on session 5d15bc8f92dfa57856b0ab35acf0a735 to remote] http.headers 136 - http-outgoing-4 >> Content-Length: 50
12-09-2018 12:36:41 LoggingManagedHttpClientConnection.java DEBUG [Forwarding findElement on session 5d15bc8f92dfa57856b0ab35acf0a735 to remote] http.headers 136 - http-outgoing-4 >> Host: localhost:41195
12-09-2018 12:36:41 LoggingManagedHttpClientConnection.java DEBUG [Forwarding findElement on session 5d15bc8f92dfa57856b0ab35acf0a735 to remote] http.headers 136 - http-outgoing-4 >> Connection: Keep-Alive
12-09-2018 12:36:41 LoggingManagedHttpClientConnection.java DEBUG [Forwarding findElement on session 5d15bc8f92dfa57856b0ab35acf0a735 to remote] http.headers 136 - http-outgoing-4 >> User-Agent: Apache-HttpClient/4.5.3 (Java/1.8.0_181)
12-09-2018 12:36:41 LoggingManagedHttpClientConnection.java DEBUG [Forwarding findElement on session 5d15bc8f92dfa57856b0ab35acf0a735 to remote] http.headers 136 - http-outgoing-4 >> Accept-Encoding: gzip,deflate
12-09-2018 12:36:41 Wire.java DEBUG [Forwarding findElement on session 5d15bc8f92dfa57856b0ab35acf0a735 to remote] http.wire 73 - http-outgoing-4 >> "POST /session/5d15bc8f92dfa57856b0ab35acf0a735/element HTTP/1.1[\r][\n]"
12-09-2018 12:36:41 Wire.java DEBUG [Forwarding findElement on session 5d15bc8f92dfa57856b0ab35acf0a735 to remote] http.wire 73 - http-outgoing-4 >> "Content-Type: application/json; charset=utf-8[\r][\n]"
12-09-2018 12:36:41 Wire.java DEBUG [Forwarding findElement on session 5d15bc8f92dfa57856b0ab35acf0a735 to remote] http.wire 73 - http-outgoing-4 >> "Content-Length: 50[\r][\n]"
12-09-2018 12:36:41 Wire.java DEBUG [Forwarding findElement on session 5d15bc8f92dfa57856b0ab35acf0a735 to remote] http.wire 73 - http-outgoing-4 >> "Host: localhost:41195[\r][\n]"
12-09-2018 12:36:41 Wire.java DEBUG [Forwarding findElement on session 5d15bc8f92dfa57856b0ab35acf0a735 to remote] http.wire 73 - http-outgoing-4 >> "Connection: Keep-Alive[\r][\n]"
12-09-2018 12:36:41 Wire.java DEBUG [Forwarding findElement on session 5d15bc8f92dfa57856b0ab35acf0a735 to remote] http.wire 73 - http-outgoing-4 >> "User-Agent: Apache-HttpClient/4.5.3 (Java/1.8.0_181)[\r][\n]"
12-09-2018 12:36:41 Wire.java DEBUG [Forwarding findElement on session 5d15bc8f92dfa57856b0ab35acf0a735 to remote] http.wire 73 - http-outgoing-4 >> "Accept-Encoding: gzip,deflate[\r][\n]"
12-09-2018 12:36:41 Wire.java DEBUG [Forwarding findElement on session 5d15bc8f92dfa57856b0ab35acf0a735 to remote] http.wire 73 - http-outgoing-4 >> "[\r][\n]"
12-09-2018 12:36:41 Wire.java DEBUG [Forwarding findElement on session 5d15bc8f92dfa57856b0ab35acf0a735 to remote] http.wire 87 - http-outgoing-4 >> "{"using":"xpath","value":"//input[@type='email']"}"
12-09-2018 12:36:41 Wire.java DEBUG [Forwarding findElement on session 5d15bc8f92dfa57856b0ab35acf0a735 to remote] http.wire 73 - http-outgoing-4 << "HTTP/1.1 200 OK[\r][\n]"
12-09-2018 12:36:41 Wire.java DEBUG [Forwarding findElement on session 5d15bc8f92dfa57856b0ab35acf0a735 to remote] http.wire 73 - http-outgoing-4 << "Content-Length:102[\r][\n]"
12-09-2018 12:36:41 Wire.java DEBUG [Forwarding findElement on session 5d15bc8f92dfa57856b0ab35acf0a735 to remote] http.wire 73 - http-outgoing-4 << "Content-Type:application/json; charset=utf-8[\r][\n]"
12-09-2018 12:36:41 Wire.java DEBUG [Forwarding findElement on session 5d15bc8f92dfa57856b0ab35acf0a735 to remote] http.wire 73 - http-outgoing-4 << "[\r][\n]"
12-09-2018 12:36:41 Wire.java DEBUG [Forwarding findElement on session 5d15bc8f92dfa57856b0ab35acf0a735 to remote] http.wire 87 - http-outgoing-4 << "{"sessionId":"5d15bc8f92dfa57856b0ab35acf0a735","status":0,"value":{"ELEMENT":"0.9988919500159488-1"}}"
12-09-2018 12:36:41 LoggingManagedHttpClientConnection.java DEBUG [Forwarding findElement on session 5d15bc8f92dfa57856b0ab35acf0a735 to remote] http.headers 122 - http-outgoing-4 << HTTP/1.1 200 OK
12-09-2018 12:36:41 LoggingManagedHttpClientConnection.java DEBUG [Forwarding findElement on session 5d15bc8f92dfa57856b0ab35acf0a735 to remote] http.headers 125 - http-outgoing-4 << Content-Length:102
12-09-2018 12:36:41 LoggingManagedHttpClientConnection.java DEBUG [Forwarding findElement on session 5d15bc8f92dfa57856b0ab35acf0a735 to remote] http.headers 125 - http-outgoing-4 << Content-Type:application/json; charset=utf-8
12-09-2018 12:36:41 MainClientExec.java DEBUG [Forwarding findElement on session 5d15bc8f92dfa57856b0ab35acf0a735 to remote] execchain.MainClientExec 285 - Connection can be kept alive indefinitely
12-09-2018 12:36:41 PoolingHttpClientConnectionManager.java DEBUG [Forwarding findElement on session 5d15bc8f92dfa57856b0ab35acf0a735 to remote] conn.PoolingHttpClientConnectionManager 320 - Connection [id: 4][route: {}->http://localhost:41195] can be kept alive indefinitely
12-09-2018 12:36:41 PoolingHttpClientConnectionManager.java DEBUG [Forwarding findElement on session 5d15bc8f92dfa57856b0ab35acf0a735 to remote] conn.PoolingHttpClientConnectionManager 326 - Connection released: [id: 4][route: {}->http://localhost:41195][total kept alive: 1; route allocated: 1 of 2000; total allocated: 1 of 2000]
12-09-2018 12:36:41 RequestAddCookies.java DEBUG [Forwarding isElementEnabled on session 5d15bc8f92dfa57856b0ab35acf0a735 to remote] protocol.RequestAddCookies 123 - CookieSpec selected: default
12-09-2018 12:36:41 RequestAuthCache.java DEBUG [Forwarding isElementEnabled on session 5d15bc8f92dfa57856b0ab35acf0a735 to remote] protocol.RequestAuthCache 77 - Auth cache not set in the context
12-09-2018 12:36:41 PoolingHttpClientConnectionManager.java DEBUG [Forwarding isElementEnabled on session 5d15bc8f92dfa57856b0ab35acf0a735 to remote] conn.PoolingHttpClientConnectionManager 255 - Connection request: [route: {}->http://localhost:41195][total kept alive: 1; route allocated: 1 of 2000; total allocated: 1 of 2000]
12-09-2018 12:36:41 PoolingHttpClientConnectionManager.java DEBUG [Forwarding isElementEnabled on session 5d15bc8f92dfa57856b0ab35acf0a735 to remote] conn.PoolingHttpClientConnectionManager 288 - Connection leased: [id: 4][route: {}->http://localhost:41195][total kept alive: 0; route allocated: 1 of 2000; total allocated: 1 of 2000]
12-09-2018 12:36:41 MainClientExec.java DEBUG [Forwarding isElementEnabled on session 5d15bc8f92dfa57856b0ab35acf0a735 to remote] execchain.MainClientExec 208 - Stale connection check
12-09-2018 12:36:41 Wire.java DEBUG [Forwarding isElementEnabled on session 5d15bc8f92dfa57856b0ab35acf0a735 to remote] http.wire 87 - http-outgoing-4 << "[read] I/O error: Read timed out"
12-09-2018 12:36:41 LoggingManagedHttpClientConnection.java DEBUG [Forwarding isElementEnabled on session 5d15bc8f92dfa57856b0ab35acf0a735 to remote] conn.DefaultManagedHttpClientConnection 88 - http-outgoing-4: set socket timeout to 10800000
12-09-2018 12:36:41 MainClientExec.java DEBUG [Forwarding isElementEnabled on session 5d15bc8f92dfa57856b0ab35acf0a735 to remote] execchain.MainClientExec 256 - Executing request GET /session/5d15bc8f92dfa57856b0ab35acf0a735/element/0.9988919500159488-1/enabled HTTP/1.1
12-09-2018 12:36:41 MainClientExec.java DEBUG [Forwarding isElementEnabled on session 5d15bc8f92dfa57856b0ab35acf0a735 to remote] execchain.MainClientExec 261 - Target auth state: UNCHALLENGED
12-09-2018 12:36:41 MainClientExec.java DEBUG [Forwarding isElementEnabled on session 5d15bc8f92dfa57856b0ab35acf0a735 to remote] execchain.MainClientExec 267 - Proxy auth state: UNCHALLENGED
12-09-2018 12:36:41 LoggingManagedHttpClientConnection.java DEBUG [Forwarding isElementEnabled on session 5d15bc8f92dfa57856b0ab35acf0a735 to remote] http.headers 133 - http-outgoing-4 >> GET /session/5d15bc8f92dfa57856b0ab35acf0a735/element/0.9988919500159488-1/enabled HTTP/1.1
12-09-2018 12:36:41 LoggingManagedHttpClientConnection.java DEBUG [Forwarding isElementEnabled on session 5d15bc8f92dfa57856b0ab35acf0a735 to remote] http.headers 136 - http-outgoing-4 >> Cache-Control: no-cache
12-09-2018 12:36:41 LoggingManagedHttpClientConnection.java DEBUG [Forwarding isElementEnabled on session 5d15bc8f92dfa57856b0ab35acf0a735 to remote] http.headers 136 - http-outgoing-4 >> Host: localhost:41195
12-09-2018 12:36:41 LoggingManagedHttpClientConnection.java DEBUG [Forwarding isElementEnabled on session 5d15bc8f92dfa57856b0ab35acf0a735 to remote] http.headers 136 - http-outgoing-4 >> Connection: Keep-Alive
12-09-2018 12:36:41 LoggingManagedHttpClientConnection.java DEBUG [Forwarding isElementEnabled on session 5d15bc8f92dfa57856b0ab35acf0a735 to remote] http.headers 136 - http-outgoing-4 >> User-Agent: Apache-HttpClient/4.5.3 (Java/1.8.0_181)
12-09-2018 12:36:41 LoggingManagedHttpClientConnection.java DEBUG [Forwarding isElementEnabled on session 5d15bc8f92dfa57856b0ab35acf0a735 to remote] http.headers 136 - http-outgoing-4 >> Accept-Encoding: gzip,deflate
12-09-2018 12:36:41 Wire.java DEBUG [Forwarding isElementEnabled on session 5d15bc8f92dfa57856b0ab35acf0a735 to remote] http.wire 73 - http-outgoing-4 >> "GET /session/5d15bc8f92dfa57856b0ab35acf0a735/element/0.9988919500159488-1/enabled HTTP/1.1[\r][\n]"
12-09-2018 12:36:41 Wire.java DEBUG [Forwarding isElementEnabled on session 5d15bc8f92dfa57856b0ab35acf0a735 to remote] http.wire 73 - http-outgoing-4 >> "Cache-Control: no-cache[\r][\n]"
12-09-2018 12:36:41 Wire.java DEBUG [Forwarding isElementEnabled on session 5d15bc8f92dfa57856b0ab35acf0a735 to remote] http.wire 73 - http-outgoing-4 >> "Host: localhost:41195[\r][\n]"
12-09-2018 12:36:41 Wire.java DEBUG [Forwarding isElementEnabled on session 5d15bc8f92dfa57856b0ab35acf0a735 to remote] http.wire 73 - http-outgoing-4 >> "Connection: Keep-Alive[\r][\n]"
12-09-2018 12:36:41 Wire.java DEBUG [Forwarding isElementEnabled on session 5d15bc8f92dfa57856b0ab35acf0a735 to remote] http.wire 73 - http-outgoing-4 >> "User-Agent: Apache-HttpClient/4.5.3 (Java/1.8.0_181)[\r][\n]"
12-09-2018 12:36:41 Wire.java DEBUG [Forwarding isElementEnabled on session 5d15bc8f92dfa57856b0ab35acf0a735 to remote] http.wire 73 - http-outgoing-4 >> "Accept-Encoding: gzip,deflate[\r][\n]"
12-09-2018 12:36:41 Wire.java DEBUG [Forwarding isElementEnabled on session 5d15bc8f92dfa57856b0ab35acf0a735 to remote] http.wire 73 - http-outgoing-4 >> "[\r][\n]"
12-09-2018 12:36:41 Wire.java DEBUG [Forwarding isElementEnabled on session 5d15bc8f92dfa57856b0ab35acf0a735 to remote] http.wire 73 - http-outgoing-4 << "HTTP/1.1 200 OK[\r][\n]"
12-09-2018 12:36:41 Wire.java DEBUG [Forwarding isElementEnabled on session 5d15bc8f92dfa57856b0ab35acf0a735 to remote] http.wire 73 - http-outgoing-4 << "Content-Length:72[\r][\n]"
12-09-2018 12:36:41 Wire.java DEBUG [Forwarding isElementEnabled on session 5d15bc8f92dfa57856b0ab35acf0a735 to remote] http.wire 73 - http-outgoing-4 << "Content-Type:application/json; charset=utf-8[\r][\n]"
12-09-2018 12:36:41 Wire.java DEBUG [Forwarding isElementEnabled on session 5d15bc8f92dfa57856b0ab35acf0a735 to remote] http.wire 73 - http-outgoing-4 << "[\r][\n]"
12-09-2018 12:36:41 Wire.java DEBUG [Forwarding isElementEnabled on session 5d15bc8f92dfa57856b0ab35acf0a735 to remote] http.wire 87 - http-outgoing-4 << "{"sessionId":"5d15bc8f92dfa57856b0ab35acf0a735","status":0,"value":true}"
12-09-2018 12:36:41 LoggingManagedHttpClientConnection.java DEBUG [Forwarding isElementEnabled on session 5d15bc8f92dfa57856b0ab35acf0a735 to remote] http.headers 122 - http-outgoing-4 << HTTP/1.1 200 OK
12-09-2018 12:36:41 LoggingManagedHttpClientConnection.java DEBUG [Forwarding isElementEnabled on session 5d15bc8f92dfa57856b0ab35acf0a735 to remote] http.headers 125 - http-outgoing-4 << Content-Length:72
12-09-2018 12:36:41 LoggingManagedHttpClientConnection.java DEBUG [Forwarding isElementEnabled on session 5d15bc8f92dfa57856b0ab35acf0a735 to remote] http.headers 125 - http-outgoing-4 << Content-Type:application/json; charset=utf-8
12-09-2018 12:36:41 MainClientExec.java DEBUG [Forwarding isElementEnabled on session 5d15bc8f92dfa57856b0ab35acf0a735 to remote] execchain.MainClientExec 285 - Connection can be kept alive indefinitely
12-09-2018 12:36:41 PoolingHttpClientConnectionManager.java DEBUG [Forwarding isElementEnabled on session 5d15bc8f92dfa57856b0ab35acf0a735 to remote] conn.PoolingHttpClientConnectionManager 320 - Connection [id: 4][route: {}->http://localhost:41195] can be kept alive indefinitely
12-09-2018 12:36:41 PoolingHttpClientConnectionManager.java DEBUG [Forwarding isElementEnabled on session 5d15bc8f92dfa57856b0ab35acf0a735 to remote] conn.PoolingHttpClientConnectionManager 326 - Connection released: [id: 4][route: {}->http://localhost:41195][total kept alive: 1; route allocated: 1 of 2000; total allocated: 1 of 2000]
12-09-2018 12:36:41 RequestAddCookies.java DEBUG [Forwarding findElement on session 5d15bc8f92dfa57856b0ab35acf0a735 to remote] protocol.RequestAddCookies 123 - CookieSpec selected: default
12-09-2018 12:36:41 RequestAuthCache.java DEBUG [Forwarding findElement on session 5d15bc8f92dfa57856b0ab35acf0a735 to remote] protocol.RequestAuthCache 77 - Auth cache not set in the context
12-09-2018 12:36:41 PoolingHttpClientConnectionManager.java DEBUG [Forwarding findElement on session 5d15bc8f92dfa57856b0ab35acf0a735 to remote] conn.PoolingHttpClientConnectionManager 255 - Connection request: [route: {}->http://localhost:41195][total kept alive: 1; route allocated: 1 of 2000; total allocated: 1 of 2000]
12-09-2018 12:36:41 PoolingHttpClientConnectionManager.java DEBUG [Forwarding findElement on session 5d15bc8f92dfa57856b0ab35acf0a735 to remote] conn.PoolingHttpClientConnectionManager 288 - Connection leased: [id: 4][route: {}->http://localhost:41195][total kept alive: 0; route allocated: 1 of 2000; total allocated: 1 of 2000]
12-09-2018 12:36:41 MainClientExec.java DEBUG [Forwarding findElement on session 5d15bc8f92dfa57856b0ab35acf0a735 to remote] execchain.MainClientExec 208 - Stale connection check
12-09-2018 12:36:41 Wire.java DEBUG [Forwarding findElement on session 5d15bc8f92dfa57856b0ab35acf0a735 to remote] http.wire 87 - http-outgoing-4 << "[read] I/O error: Read timed out"
12-09-2018 12:36:41 LoggingManagedHttpClientConnection.java DEBUG [Forwarding findElement on session 5d15bc8f92dfa57856b0ab35acf0a735 to remote] conn.DefaultManagedHttpClientConnection 88 - http-outgoing-4: set socket timeout to 10800000
12-09-2018 12:36:41 MainClientExec.java DEBUG [Forwarding findElement on session 5d15bc8f92dfa57856b0ab35acf0a735 to remote] execchain.MainClientExec 256 - Executing request POST /session/5d15bc8f92dfa57856b0ab35acf0a735/element HTTP/1.1
12-09-2018 12:36:41 MainClientExec.java DEBUG [Forwarding findElement on session 5d15bc8f92dfa57856b0ab35acf0a735 to remote] execchain.MainClientExec 261 - Target auth state: UNCHALLENGED
12-09-2018 12:36:41 MainClientExec.java DEBUG [Forwarding findElement on session 5d15bc8f92dfa57856b0ab35acf0a735 to remote] execchain.MainClientExec 267 - Proxy auth state: UNCHALLENGED
12-09-2018 12:36:41 LoggingManagedHttpClientConnection.java DEBUG [Forwarding findElement on session 5d15bc8f92dfa57856b0ab35acf0a735 to remote] http.headers 133 - http-outgoing-4 >> POST /session/5d15bc8f92dfa57856b0ab35acf0a735/element HTTP/1.1
12-09-2018 12:36:41 LoggingManagedHttpClientConnection.java DEBUG [Forwarding findElement on session 5d15bc8f92dfa57856b0ab35acf0a735 to remote] http.headers 136 - http-outgoing-4 >> Content-Type: application/json; charset=utf-8
12-09-2018 12:36:41 LoggingManagedHttpClientConnection.java DEBUG [Forwarding findElement on session 5d15bc8f92dfa57856b0ab35acf0a735 to remote] http.headers 136 - http-outgoing-4 >> Content-Length: 58
12-09-2018 12:36:41 LoggingManagedHttpClientConnection.java DEBUG [Forwarding findElement on session 5d15bc8f92dfa57856b0ab35acf0a735 to remote] http.headers 136 - http-outgoing-4 >> Host: localhost:41195
12-09-2018 12:36:41 LoggingManagedHttpClientConnection.java DEBUG [Forwarding findElement on session 5d15bc8f92dfa57856b0ab35acf0a735 to remote] http.headers 136 - http-outgoing-4 >> Connection: Keep-Alive
12-09-2018 12:36:41 LoggingManagedHttpClientConnection.java DEBUG [Forwarding findElement on session 5d15bc8f92dfa57856b0ab35acf0a735 to remote] http.headers 136 - http-outgoing-4 >> User-Agent: Apache-HttpClient/4.5.3 (Java/1.8.0_181)
12-09-2018 12:36:41 LoggingManagedHttpClientConnection.java DEBUG [Forwarding findElement on session 5d15bc8f92dfa57856b0ab35acf0a735 to remote] http.headers 136 - http-outgoing-4 >> Accept-Encoding: gzip,deflate
12-09-2018 12:36:41 Wire.java DEBUG [Forwarding findElement on session 5d15bc8f92dfa57856b0ab35acf0a735 to remote] http.wire 73 - http-outgoing-4 >> "POST /session/5d15bc8f92dfa57856b0ab35acf0a735/element HTTP/1.1[\r][\n]"
12-09-2018 12:36:41 Wire.java DEBUG [Forwarding findElement on session 5d15bc8f92dfa57856b0ab35acf0a735 to remote] http.wire 73 - http-outgoing-4 >> "Content-Type: application/json; charset=utf-8[\r][\n]"
12-09-2018 12:36:41 Wire.java DEBUG [Forwarding findElement on session 5d15bc8f92dfa57856b0ab35acf0a735 to remote] http.wire 73 - http-outgoing-4 >> "Content-Length: 58[\r][\n]"
12-09-2018 12:36:41 Wire.java DEBUG [Forwarding findElement on session 5d15bc8f92dfa57856b0ab35acf0a735 to remote] http.wire 73 - http-outgoing-4 >> "Host: localhost:41195[\r][\n]"
12-09-2018 12:36:41 Wire.java DEBUG [Forwarding findElement on session 5d15bc8f92dfa57856b0ab35acf0a735 to remote] http.wire 73 - http-outgoing-4 >> "Connection: Keep-Alive[\r][\n]"
12-09-2018 12:36:41 Wire.java DEBUG [Forwarding findElement on session 5d15bc8f92dfa57856b0ab35acf0a735 to remote] http.wire 73 - http-outgoing-4 >> "User-Agent: Apache-HttpClient/4.5.3 (Java/1.8.0_181)[\r][\n]"
12-09-2018 12:36:41 Wire.java DEBUG [Forwarding findElement on session 5d15bc8f92dfa57856b0ab35acf0a735 to remote] http.wire 73 - http-outgoing-4 >> "Accept-Encoding: gzip,deflate[\r][\n]"
12-09-2018 12:36:41 Wire.java DEBUG [Forwarding findElement on session 5d15bc8f92dfa57856b0ab35acf0a735 to remote] http.wire 73 - http-outgoing-4 >> "[\r][\n]"
12-09-2018 12:36:41 Wire.java DEBUG [Forwarding findElement on session 5d15bc8f92dfa57856b0ab35acf0a735 to remote] http.wire 87 - http-outgoing-4 >> "{"using":"xpath","value":"//span[@class='RveJvd snByac']"}"
12-09-2018 12:36:41 Wire.java DEBUG [Forwarding findElement on session 5d15bc8f92dfa57856b0ab35acf0a735 to remote] http.wire 73 - http-outgoing-4 << "HTTP/1.1 200 OK[\r][\n]"
12-09-2018 12:36:41 Wire.java DEBUG [Forwarding findElement on session 5d15bc8f92dfa57856b0ab35acf0a735 to remote] http.wire 73 - http-outgoing-4 << "Content-Length:102[\r][\n]"
12-09-2018 12:36:41 Wire.java DEBUG [Forwarding findElement on session 5d15bc8f92dfa57856b0ab35acf0a735 to remote] http.wire 73 - http-outgoing-4 << "Content-Type:application/json; charset=utf-8[\r][\n]"
12-09-2018 12:36:41 Wire.java DEBUG [Forwarding findElement on session 5d15bc8f92dfa57856b0ab35acf0a735 to remote] http.wire 73 - http-outgoing-4 << "[\r][\n]"
12-09-2018 12:36:41 Wire.java DEBUG [Forwarding findElement on session 5d15bc8f92dfa57856b0ab35acf0a735 to remote] http.wire 87 - http-outgoing-4 << "{"sessionId":"5d15bc8f92dfa57856b0ab35acf0a735","status":0,"value":{"ELEMENT":"0.9988919500159488-2"}}"
12-09-2018 12:36:41 LoggingManagedHttpClientConnection.java DEBUG [Forwarding findElement on session 5d15bc8f92dfa57856b0ab35acf0a735 to remote] http.headers 122 - http-outgoing-4 << HTTP/1.1 200 OK
12-09-2018 12:36:41 LoggingManagedHttpClientConnection.java DEBUG [Forwarding findElement on session 5d15bc8f92dfa57856b0ab35acf0a735 to remote] http.headers 125 - http-outgoing-4 << Content-Length:102
12-09-2018 12:36:41 LoggingManagedHttpClientConnection.java DEBUG [Forwarding findElement on session 5d15bc8f92dfa57856b0ab35acf0a735 to remote] http.headers 125 - http-outgoing-4 << Content-Type:application/json; charset=utf-8
12-09-2018 12:36:41 MainClientExec.java DEBUG [Forwarding findElement on session 5d15bc8f92dfa57856b0ab35acf0a735 to remote] execchain.MainClientExec 285 - Connection can be kept alive indefinitely
12-09-2018 12:36:41 PoolingHttpClientConnectionManager.java DEBUG [Forwarding findElement on session 5d15bc8f92dfa57856b0ab35acf0a735 to remote] conn.PoolingHttpClientConnectionManager 320 - Connection [id: 4][route: {}->http://localhost:41195] can be kept alive indefinitely
12-09-2018 12:36:41 PoolingHttpClientConnectionManager.java DEBUG [Forwarding findElement on session 5d15bc8f92dfa57856b0ab35acf0a735 to remote] conn.PoolingHttpClientConnectionManager 326 - Connection released: [id: 4][route: {}->http://localhost:41195][total kept alive: 1; route allocated: 1 of 2000; total allocated: 1 of 2000]
12-09-2018 12:36:41 RequestAddCookies.java DEBUG [Forwarding isElementDisplayed on session 5d15bc8f92dfa57856b0ab35acf0a735 to remote] protocol.RequestAddCookies 123 - CookieSpec selected: default
12-09-2018 12:36:41 RequestAuthCache.java DEBUG [Forwarding isElementDisplayed on session 5d15bc8f92dfa57856b0ab35acf0a735 to remote] protocol.RequestAuthCache 77 - Auth cache not set in the context
12-09-2018 12:36:41 PoolingHttpClientConnectionManager.java DEBUG [Forwarding isElementDisplayed on session 5d15bc8f92dfa57856b0ab35acf0a735 to remote] conn.PoolingHttpClientConnectionManager 255 - Connection request: [route: {}->http://localhost:41195][total kept alive: 1; route allocated: 1 of 2000; total allocated: 1 of 2000]
12-09-2018 12:36:41 PoolingHttpClientConnectionManager.java DEBUG [Forwarding isElementDisplayed on session 5d15bc8f92dfa57856b0ab35acf0a735 to remote] conn.PoolingHttpClientConnectionManager 288 - Connection leased: [id: 4][route: {}->http://localhost:41195][total kept alive: 0; route allocated: 1 of 2000; total allocated: 1 of 2000]
12-09-2018 12:36:41 MainClientExec.java DEBUG [Forwarding isElementDisplayed on session 5d15bc8f92dfa57856b0ab35acf0a735 to remote] execchain.MainClientExec 208 - Stale connection check
12-09-2018 12:36:41 Wire.java DEBUG [Forwarding isElementDisplayed on session 5d15bc8f92dfa57856b0ab35acf0a735 to remote] http.wire 87 - http-outgoing-4 << "[read] I/O error: Read timed out"
12-09-2018 12:36:41 LoggingManagedHttpClientConnection.java DEBUG [Forwarding isElementDisplayed on session 5d15bc8f92dfa57856b0ab35acf0a735 to remote] conn.DefaultManagedHttpClientConnection 88 - http-outgoing-4: set socket timeout to 10800000
12-09-2018 12:36:41 MainClientExec.java DEBUG [Forwarding isElementDisplayed on session 5d15bc8f92dfa57856b0ab35acf0a735 to remote] execchain.MainClientExec 256 - Executing request GET /session/5d15bc8f92dfa57856b0ab35acf0a735/element/0.9988919500159488-2/displayed HTTP/1.1
12-09-2018 12:36:41 MainClientExec.java DEBUG [Forwarding isElementDisplayed on session 5d15bc8f92dfa57856b0ab35acf0a735 to remote] execchain.MainClientExec 261 - Target auth state: UNCHALLENGED
12-09-2018 12:36:41 MainClientExec.java DEBUG [Forwarding isElementDisplayed on session 5d15bc8f92dfa57856b0ab35acf0a735 to remote] execchain.MainClientExec 267 - Proxy auth state: UNCHALLENGED
12-09-2018 12:36:41 LoggingManagedHttpClientConnection.java DEBUG [Forwarding isElementDisplayed on session 5d15bc8f92dfa57856b0ab35acf0a735 to remote] http.headers 133 - http-outgoing-4 >> GET /session/5d15bc8f92dfa57856b0ab35acf0a735/element/0.9988919500159488-2/displayed HTTP/1.1
12-09-2018 12:36:41 LoggingManagedHttpClientConnection.java DEBUG [Forwarding isElementDisplayed on session 5d15bc8f92dfa57856b0ab35acf0a735 to remote] http.headers 136 - http-outgoing-4 >> Cache-Control: no-cache
12-09-2018 12:36:41 LoggingManagedHttpClientConnection.java DEBUG [Forwarding isElementDisplayed on session 5d15bc8f92dfa57856b0ab35acf0a735 to remote] http.headers 136 - http-outgoing-4 >> Host: localhost:41195
12-09-2018 12:36:41 LoggingManagedHttpClientConnection.java DEBUG [Forwarding isElementDisplayed on session 5d15bc8f92dfa57856b0ab35acf0a735 to remote] http.headers 136 - http-outgoing-4 >> Connection: Keep-Alive
12-09-2018 12:36:41 LoggingManagedHttpClientConnection.java DEBUG [Forwarding isElementDisplayed on session 5d15bc8f92dfa57856b0ab35acf0a735 to remote] http.headers 136 - http-outgoing-4 >> User-Agent: Apache-HttpClient/4.5.3 (Java/1.8.0_181)
12-09-2018 12:36:41 LoggingManagedHttpClientConnection.java DEBUG [Forwarding isElementDisplayed on session 5d15bc8f92dfa57856b0ab35acf0a735 to remote] http.headers 136 - http-outgoing-4 >> Accept-Encoding: gzip,deflate
12-09-2018 12:36:41 Wire.java DEBUG [Forwarding isElementDisplayed on session 5d15bc8f92dfa57856b0ab35acf0a735 to remote] http.wire 73 - http-outgoing-4 >> "GET /session/5d15bc8f92dfa57856b0ab35acf0a735/element/0.9988919500159488-2/displayed HTTP/1.1[\r][\n]"
12-09-2018 12:36:41 Wire.java DEBUG [Forwarding isElementDisplayed on session 5d15bc8f92dfa57856b0ab35acf0a735 to remote] http.wire 73 - http-outgoing-4 >> "Cache-Control: no-cache[\r][\n]"
12-09-2018 12:36:41 Wire.java DEBUG [Forwarding isElementDisplayed on session 5d15bc8f92dfa57856b0ab35acf0a735 to remote] http.wire 73 - http-outgoing-4 >> "Host: localhost:41195[\r][\n]"
12-09-2018 12:36:41 Wire.java DEBUG [Forwarding isElementDisplayed on session 5d15bc8f92dfa57856b0ab35acf0a735 to remote] http.wire 73 - http-outgoing-4 >> "Connection: Keep-Alive[\r][\n]"
12-09-2018 12:36:41 Wire.java DEBUG [Forwarding isElementDisplayed on session 5d15bc8f92dfa57856b0ab35acf0a735 to remote] http.wire 73 - http-outgoing-4 >> "User-Agent: Apache-HttpClient/4.5.3 (Java/1.8.0_181)[\r][\n]"
12-09-2018 12:36:41 Wire.java DEBUG [Forwarding isElementDisplayed on session 5d15bc8f92dfa57856b0ab35acf0a735 to remote] http.wire 73 - http-outgoing-4 >> "Accept-Encoding: gzip,deflate[\r][\n]"
12-09-2018 12:36:41 Wire.java DEBUG [Forwarding isElementDisplayed on session 5d15bc8f92dfa57856b0ab35acf0a735 to remote] http.wire 73 - http-outgoing-4 >> "[\r][\n]"
12-09-2018 12:36:41 Wire.java DEBUG [Forwarding isElementDisplayed on session 5d15bc8f92dfa57856b0ab35acf0a735 to remote] http.wire 73 - http-outgoing-4 << "HTTP/1.1 200 OK[\r][\n]"
12-09-2018 12:36:41 Wire.java DEBUG [Forwarding isElementDisplayed on session 5d15bc8f92dfa57856b0ab35acf0a735 to remote] http.wire 73 - http-outgoing-4 << "Content-Length:72[\r][\n]"
12-09-2018 12:36:41 Wire.java DEBUG [Forwarding isElementDisplayed on session 5d15bc8f92dfa57856b0ab35acf0a735 to remote] http.wire 73 - http-outgoing-4 << "Content-Type:application/json; charset=utf-8[\r][\n]"
12-09-2018 12:36:41 Wire.java DEBUG [Forwarding isElementDisplayed on session 5d15bc8f92dfa57856b0ab35acf0a735 to remote] http.wire 73 - http-outgoing-4 << "[\r][\n]"
12-09-2018 12:36:41 Wire.java DEBUG [Forwarding isElementDisplayed on session 5d15bc8f92dfa57856b0ab35acf0a735 to remote] http.wire 87 - http-outgoing-4 << "{"sessionId":"5d15bc8f92dfa57856b0ab35acf0a735","status":0,"value":true}"
12-09-2018 12:36:41 LoggingManagedHttpClientConnection.java DEBUG [Forwarding isElementDisplayed on session 5d15bc8f92dfa57856b0ab35acf0a735 to remote] http.headers 122 - http-outgoing-4 << HTTP/1.1 200 OK
12-09-2018 12:36:41 LoggingManagedHttpClientConnection.java DEBUG [Forwarding isElementDisplayed on session 5d15bc8f92dfa57856b0ab35acf0a735 to remote] http.headers 125 - http-outgoing-4 << Content-Length:72
12-09-2018 12:36:41 LoggingManagedHttpClientConnection.java DEBUG [Forwarding isElementDisplayed on session 5d15bc8f92dfa57856b0ab35acf0a735 to remote] http.headers 125 - http-outgoing-4 << Content-Type:application/json; charset=utf-8
12-09-2018 12:36:41 MainClientExec.java DEBUG [Forwarding isElementDisplayed on session 5d15bc8f92dfa57856b0ab35acf0a735 to remote] execchain.MainClientExec 285 - Connection can be kept alive indefinitely
12-09-2018 12:36:41 PoolingHttpClientConnectionManager.java DEBUG [Forwarding isElementDisplayed on session 5d15bc8f92dfa57856b0ab35acf0a735 to remote] conn.PoolingHttpClientConnectionManager 320 - Connection [id: 4][route: {}->http://localhost:41195] can be kept alive indefinitely
12-09-2018 12:36:41 PoolingHttpClientConnectionManager.java DEBUG [Forwarding isElementDisplayed on session 5d15bc8f92dfa57856b0ab35acf0a735 to remote] conn.PoolingHttpClientConnectionManager 326 - Connection released: [id: 4][route: {}->http://localhost:41195][total kept alive: 1; route allocated: 1 of 2000; total allocated: 1 of 2000]
12-09-2018 12:36:41 RequestAddCookies.java DEBUG [Forwarding findElement on session 5d15bc8f92dfa57856b0ab35acf0a735 to remote] protocol.RequestAddCookies 123 - CookieSpec selected: default
12-09-2018 12:36:41 RequestAuthCache.java DEBUG [Forwarding findElement on session 5d15bc8f92dfa57856b0ab35acf0a735 to remote] protocol.RequestAuthCache 77 - Auth cache not set in the context
12-09-2018 12:36:41 PoolingHttpClientConnectionManager.java DEBUG [Forwarding findElement on session 5d15bc8f92dfa57856b0ab35acf0a735 to remote] conn.PoolingHttpClientConnectionManager 255 - Connection request: [route: {}->http://localhost:41195][total kept alive: 1; route allocated: 1 of 2000; total allocated: 1 of 2000]
12-09-2018 12:36:41 PoolingHttpClientConnectionManager.java DEBUG [Forwarding findElement on session 5d15bc8f92dfa57856b0ab35acf0a735 to remote] conn.PoolingHttpClientConnectionManager 288 - Connection leased: [id: 4][route: {}->http://localhost:41195][total kept alive: 0; route allocated: 1 of 2000; total allocated: 1 of 2000]
12-09-2018 12:36:41 MainClientExec.java DEBUG [Forwarding findElement on session 5d15bc8f92dfa57856b0ab35acf0a735 to remote] execchain.MainClientExec 208 - Stale connection check
12-09-2018 12:36:41 Wire.java DEBUG [Forwarding findElement on session 5d15bc8f92dfa57856b0ab35acf0a735 to remote] http.wire 87 - http-outgoing-4 << "[read] I/O error: Read timed out"
12-09-2018 12:36:41 LoggingManagedHttpClientConnection.java DEBUG [Forwarding findElement on session 5d15bc8f92dfa57856b0ab35acf0a735 to remote] conn.DefaultManagedHttpClientConnection 88 - http-outgoing-4: set socket timeout to 10800000
12-09-2018 12:36:41 MainClientExec.java DEBUG [Forwarding findElement on session 5d15bc8f92dfa57856b0ab35acf0a735 to remote] execchain.MainClientExec 256 - Executing request POST /session/5d15bc8f92dfa57856b0ab35acf0a735/element HTTP/1.1
12-09-2018 12:36:41 MainClientExec.java DEBUG [Forwarding findElement on session 5d15bc8f92dfa57856b0ab35acf0a735 to remote] execchain.MainClientExec 261 - Target auth state: UNCHALLENGED
12-09-2018 12:36:41 MainClientExec.java DEBUG [Forwarding findElement on session 5d15bc8f92dfa57856b0ab35acf0a735 to remote] execchain.MainClientExec 267 - Proxy auth state: UNCHALLENGED
12-09-2018 12:36:41 LoggingManagedHttpClientConnection.java DEBUG [Forwarding findElement on session 5d15bc8f92dfa57856b0ab35acf0a735 to remote] http.headers 133 - http-outgoing-4 >> POST /session/5d15bc8f92dfa57856b0ab35acf0a735/element HTTP/1.1
12-09-2018 12:36:41 LoggingManagedHttpClientConnection.java DEBUG [Forwarding findElement on session 5d15bc8f92dfa57856b0ab35acf0a735 to remote] http.headers 136 - http-outgoing-4 >> Content-Type: application/json; charset=utf-8
12-09-2018 12:36:41 LoggingManagedHttpClientConnection.java DEBUG [Forwarding findElement on session 5d15bc8f92dfa57856b0ab35acf0a735 to remote] http.headers 136 - http-outgoing-4 >> Content-Length: 58
12-09-2018 12:36:41 LoggingManagedHttpClientConnection.java DEBUG [Forwarding findElement on session 5d15bc8f92dfa57856b0ab35acf0a735 to remote] http.headers 136 - http-outgoing-4 >> Host: localhost:41195
12-09-2018 12:36:41 LoggingManagedHttpClientConnection.java DEBUG [Forwarding findElement on session 5d15bc8f92dfa57856b0ab35acf0a735 to remote] http.headers 136 - http-outgoing-4 >> Connection: Keep-Alive
12-09-2018 12:36:41 LoggingManagedHttpClientConnection.java DEBUG [Forwarding findElement on session 5d15bc8f92dfa57856b0ab35acf0a735 to remote] http.headers 136 - http-outgoing-4 >> User-Agent: Apache-HttpClient/4.5.3 (Java/1.8.0_181)
12-09-2018 12:36:41 LoggingManagedHttpClientConnection.java DEBUG [Forwarding findElement on session 5d15bc8f92dfa57856b0ab35acf0a735 to remote] http.headers 136 - http-outgoing-4 >> Accept-Encoding: gzip,deflate
12-09-2018 12:36:41 Wire.java DEBUG [Forwarding findElement on session 5d15bc8f92dfa57856b0ab35acf0a735 to remote] http.wire 73 - http-outgoing-4 >> "POST /session/5d15bc8f92dfa57856b0ab35acf0a735/element HTTP/1.1[\r][\n]"
12-09-2018 12:36:41 Wire.java DEBUG [Forwarding findElement on session 5d15bc8f92dfa57856b0ab35acf0a735 to remote] http.wire 73 - http-outgoing-4 >> "Content-Type: application/json; charset=utf-8[\r][\n]"
12-09-2018 12:36:41 Wire.java DEBUG [Forwarding findElement on session 5d15bc8f92dfa57856b0ab35acf0a735 to remote] http.wire 73 - http-outgoing-4 >> "Content-Length: 58[\r][\n]"
12-09-2018 12:36:41 Wire.java DEBUG [Forwarding findElement on session 5d15bc8f92dfa57856b0ab35acf0a735 to remote] http.wire 73 - http-outgoing-4 >> "Host: localhost:41195[\r][\n]"
12-09-2018 12:36:41 Wire.java DEBUG [Forwarding findElement on session 5d15bc8f92dfa57856b0ab35acf0a735 to remote] http.wire 73 - http-outgoing-4 >> "Connection: Keep-Alive[\r][\n]"
12-09-2018 12:36:41 Wire.java DEBUG [Forwarding findElement on session 5d15bc8f92dfa57856b0ab35acf0a735 to remote] http.wire 73 - http-outgoing-4 >> "User-Agent: Apache-HttpClient/4.5.3 (Java/1.8.0_181)[\r][\n]"
12-09-2018 12:36:41 Wire.java DEBUG [Forwarding findElement on session 5d15bc8f92dfa57856b0ab35acf0a735 to remote] http.wire 73 - http-outgoing-4 >> "Accept-Encoding: gzip,deflate[\r][\n]"
12-09-2018 12:36:41 Wire.java DEBUG [Forwarding findElement on session 5d15bc8f92dfa57856b0ab35acf0a735 to remote] http.wire 73 - http-outgoing-4 >> "[\r][\n]"
12-09-2018 12:36:41 Wire.java DEBUG [Forwarding findElement on session 5d15bc8f92dfa57856b0ab35acf0a735 to remote] http.wire 87 - http-outgoing-4 >> "{"using":"xpath","value":"//span[@class='RveJvd snByac']"}"
12-09-2018 12:36:41 Wire.java DEBUG [Forwarding findElement on session 5d15bc8f92dfa57856b0ab35acf0a735 to remote] http.wire 73 - http-outgoing-4 << "HTTP/1.1 200 OK[\r][\n]"
12-09-2018 12:36:41 Wire.java DEBUG [Forwarding findElement on session 5d15bc8f92dfa57856b0ab35acf0a735 to remote] http.wire 73 - http-outgoing-4 << "Content-Length:102[\r][\n]"
12-09-2018 12:36:41 Wire.java DEBUG [Forwarding findElement on session 5d15bc8f92dfa57856b0ab35acf0a735 to remote] http.wire 73 - http-outgoing-4 << "Content-Type:application/json; charset=utf-8[\r][\n]"
12-09-2018 12:36:41 Wire.java DEBUG [Forwarding findElement on session 5d15bc8f92dfa57856b0ab35acf0a735 to remote] http.wire 73 - http-outgoing-4 << "[\r][\n]"
12-09-2018 12:36:41 Wire.java DEBUG [Forwarding findElement on session 5d15bc8f92dfa57856b0ab35acf0a735 to remote] http.wire 87 - http-outgoing-4 << "{"sessionId":"5d15bc8f92dfa57856b0ab35acf0a735","status":0,"value":{"ELEMENT":"0.9988919500159488-2"}}"
12-09-2018 12:36:41 LoggingManagedHttpClientConnection.java DEBUG [Forwarding findElement on session 5d15bc8f92dfa57856b0ab35acf0a735 to remote] http.headers 122 - http-outgoing-4 << HTTP/1.1 200 OK
12-09-2018 12:36:41 LoggingManagedHttpClientConnection.java DEBUG [Forwarding findElement on session 5d15bc8f92dfa57856b0ab35acf0a735 to remote] http.headers 125 - http-outgoing-4 << Content-Length:102
12-09-2018 12:36:41 LoggingManagedHttpClientConnection.java DEBUG [Forwarding findElement on session 5d15bc8f92dfa57856b0ab35acf0a735 to remote] http.headers 125 - http-outgoing-4 << Content-Type:application/json; charset=utf-8
12-09-2018 12:36:41 MainClientExec.java DEBUG [Forwarding findElement on session 5d15bc8f92dfa57856b0ab35acf0a735 to remote] execchain.MainClientExec 285 - Connection can be kept alive indefinitely
12-09-2018 12:36:41 PoolingHttpClientConnectionManager.java DEBUG [Forwarding findElement on session 5d15bc8f92dfa57856b0ab35acf0a735 to remote] conn.PoolingHttpClientConnectionManager 320 - Connection [id: 4][route: {}->http://localhost:41195] can be kept alive indefinitely
12-09-2018 12:36:41 PoolingHttpClientConnectionManager.java DEBUG [Forwarding findElement on session 5d15bc8f92dfa57856b0ab35acf0a735 to remote] conn.PoolingHttpClientConnectionManager 326 - Connection released: [id: 4][route: {}->http://localhost:41195][total kept alive: 1; route allocated: 1 of 2000; total allocated: 1 of 2000]
12-09-2018 12:36:41 RequestAddCookies.java DEBUG [Forwarding isElementDisplayed on session 5d15bc8f92dfa57856b0ab35acf0a735 to remote] protocol.RequestAddCookies 123 - CookieSpec selected: default
12-09-2018 12:36:41 RequestAuthCache.java DEBUG [Forwarding isElementDisplayed on session 5d15bc8f92dfa57856b0ab35acf0a735 to remote] protocol.RequestAuthCache 77 - Auth cache not set in the context
12-09-2018 12:36:41 PoolingHttpClientConnectionManager.java DEBUG [Forwarding isElementDisplayed on session 5d15bc8f92dfa57856b0ab35acf0a735 to remote] conn.PoolingHttpClientConnectionManager 255 - Connection request: [route: {}->http://localhost:41195][total kept alive: 1; route allocated: 1 of 2000; total allocated: 1 of 2000]
12-09-2018 12:36:41 PoolingHttpClientConnectionManager.java DEBUG [Forwarding isElementDisplayed on session 5d15bc8f92dfa57856b0ab35acf0a735 to remote] conn.PoolingHttpClientConnectionManager 288 - Connection leased: [id: 4][route: {}->http://localhost:41195][total kept alive: 0; route allocated: 1 of 2000; total allocated: 1 of 2000]
12-09-2018 12:36:41 MainClientExec.java DEBUG [Forwarding isElementDisplayed on session 5d15bc8f92dfa57856b0ab35acf0a735 to remote] execchain.MainClientExec 208 - Stale connection check
12-09-2018 12:36:41 Wire.java DEBUG [Forwarding isElementDisplayed on session 5d15bc8f92dfa57856b0ab35acf0a735 to remote] http.wire 87 - http-outgoing-4 << "[read] I/O error: Read timed out"
12-09-2018 12:36:41 LoggingManagedHttpClientConnection.java DEBUG [Forwarding isElementDisplayed on session 5d15bc8f92dfa57856b0ab35acf0a735 to remote] conn.DefaultManagedHttpClientConnection 88 - http-outgoing-4: set socket timeout to 10800000
12-09-2018 12:36:41 MainClientExec.java DEBUG [Forwarding isElementDisplayed on session 5d15bc8f92dfa57856b0ab35acf0a735 to remote] execchain.MainClientExec 256 - Executing request GET /session/5d15bc8f92dfa57856b0ab35acf0a735/element/0.9988919500159488-2/displayed HTTP/1.1
12-09-2018 12:36:41 MainClientExec.java DEBUG [Forwarding isElementDisplayed on session 5d15bc8f92dfa57856b0ab35acf0a735 to remote] execchain.MainClientExec 261 - Target auth state: UNCHALLENGED
12-09-2018 12:36:41 MainClientExec.java DEBUG [Forwarding isElementDisplayed on session 5d15bc8f92dfa57856b0ab35acf0a735 to remote] execchain.MainClientExec 267 - Proxy auth state: UNCHALLENGED
12-09-2018 12:36:41 LoggingManagedHttpClientConnection.java DEBUG [Forwarding isElementDisplayed on session 5d15bc8f92dfa57856b0ab35acf0a735 to remote] http.headers 133 - http-outgoing-4 >> GET /session/5d15bc8f92dfa57856b0ab35acf0a735/element/0.9988919500159488-2/displayed HTTP/1.1
12-09-2018 12:36:41 LoggingManagedHttpClientConnection.java DEBUG [Forwarding isElementDisplayed on session 5d15bc8f92dfa57856b0ab35acf0a735 to remote] http.headers 136 - http-outgoing-4 >> Cache-Control: no-cache
12-09-2018 12:36:41 LoggingManagedHttpClientConnection.java DEBUG [Forwarding isElementDisplayed on session 5d15bc8f92dfa57856b0ab35acf0a735 to remote] http.headers 136 - http-outgoing-4 >> Host: localhost:41195
12-09-2018 12:36:41 LoggingManagedHttpClientConnection.java DEBUG [Forwarding isElementDisplayed on session 5d15bc8f92dfa57856b0ab35acf0a735 to remote] http.headers 136 - http-outgoing-4 >> Connection: Keep-Alive
12-09-2018 12:36:41 LoggingManagedHttpClientConnection.java DEBUG [Forwarding isElementDisplayed on session 5d15bc8f92dfa57856b0ab35acf0a735 to remote] http.headers 136 - http-outgoing-4 >> User-Agent: Apache-HttpClient/4.5.3 (Java/1.8.0_181)
12-09-2018 12:36:41 LoggingManagedHttpClientConnection.java DEBUG [Forwarding isElementDisplayed on session 5d15bc8f92dfa57856b0ab35acf0a735 to remote] http.headers 136 - http-outgoing-4 >> Accept-Encoding: gzip,deflate
12-09-2018 12:36:41 Wire.java DEBUG [Forwarding isElementDisplayed on session 5d15bc8f92dfa57856b0ab35acf0a735 to remote] http.wire 73 - http-outgoing-4 >> "GET /session/5d15bc8f92dfa57856b0ab35acf0a735/element/0.9988919500159488-2/displayed HTTP/1.1[\r][\n]"
12-09-2018 12:36:41 Wire.java DEBUG [Forwarding isElementDisplayed on session 5d15bc8f92dfa57856b0ab35acf0a735 to remote] http.wire 73 - http-outgoing-4 >> "Cache-Control: no-cache[\r][\n]"
12-09-2018 12:36:41 Wire.java DEBUG [Forwarding isElementDisplayed on session 5d15bc8f92dfa57856b0ab35acf0a735 to remote] http.wire 73 - http-outgoing-4 >> "Host: localhost:41195[\r][\n]"
12-09-2018 12:36:41 Wire.java DEBUG [Forwarding isElementDisplayed on session 5d15bc8f92dfa57856b0ab35acf0a735 to remote] http.wire 73 - http-outgoing-4 >> "Connection: Keep-Alive[\r][\n]"
12-09-2018 12:36:41 Wire.java DEBUG [Forwarding isElementDisplayed on session 5d15bc8f92dfa57856b0ab35acf0a735 to remote] http.wire 73 - http-outgoing-4 >> "User-Agent: Apache-HttpClient/4.5.3 (Java/1.8.0_181)[\r][\n]"
12-09-2018 12:36:41 Wire.java DEBUG [Forwarding isElementDisplayed on session 5d15bc8f92dfa57856b0ab35acf0a735 to remote] http.wire 73 - http-outgoing-4 >> "Accept-Encoding: gzip,deflate[\r][\n]"
12-09-2018 12:36:41 Wire.java DEBUG [Forwarding isElementDisplayed on session 5d15bc8f92dfa57856b0ab35acf0a735 to remote] http.wire 73 - http-outgoing-4 >> "[\r][\n]"
12-09-2018 12:36:41 Wire.java DEBUG [Forwarding isElementDisplayed on session 5d15bc8f92dfa57856b0ab35acf0a735 to remote] http.wire 73 - http-outgoing-4 << "HTTP/1.1 200 OK[\r][\n]"
12-09-2018 12:36:41 Wire.java DEBUG [Forwarding isElementDisplayed on session 5d15bc8f92dfa57856b0ab35acf0a735 to remote] http.wire 73 - http-outgoing-4 << "Content-Length:72[\r][\n]"
12-09-2018 12:36:41 Wire.java DEBUG [Forwarding isElementDisplayed on session 5d15bc8f92dfa57856b0ab35acf0a735 to remote] http.wire 73 - http-outgoing-4 << "Content-Type:application/json; charset=utf-8[\r][\n]"
12-09-2018 12:36:41 Wire.java DEBUG [Forwarding isElementDisplayed on session 5d15bc8f92dfa57856b0ab35acf0a735 to remote] http.wire 73 - http-outgoing-4 << "[\r][\n]"
12-09-2018 12:36:41 Wire.java DEBUG [Forwarding isElementDisplayed on session 5d15bc8f92dfa57856b0ab35acf0a735 to remote] http.wire 87 - http-outgoing-4 << "{"sessionId":"5d15bc8f92dfa57856b0ab35acf0a735","status":0,"value":true}"
12-09-2018 12:36:41 LoggingManagedHttpClientConnection.java DEBUG [Forwarding isElementDisplayed on session 5d15bc8f92dfa57856b0ab35acf0a735 to remote] http.headers 122 - http-outgoing-4 << HTTP/1.1 200 OK
12-09-2018 12:36:41 LoggingManagedHttpClientConnection.java DEBUG [Forwarding isElementDisplayed on session 5d15bc8f92dfa57856b0ab35acf0a735 to remote] http.headers 125 - http-outgoing-4 << Content-Length:72
12-09-2018 12:36:41 LoggingManagedHttpClientConnection.java DEBUG [Forwarding isElementDisplayed on session 5d15bc8f92dfa57856b0ab35acf0a735 to remote] http.headers 125 - http-outgoing-4 << Content-Type:application/json; charset=utf-8
12-09-2018 12:36:41 MainClientExec.java DEBUG [Forwarding isElementDisplayed on session 5d15bc8f92dfa57856b0ab35acf0a735 to remote] execchain.MainClientExec 285 - Connection can be kept alive indefinitely
12-09-2018 12:36:41 PoolingHttpClientConnectionManager.java DEBUG [Forwarding isElementDisplayed on session 5d15bc8f92dfa57856b0ab35acf0a735 to remote] conn.PoolingHttpClientConnectionManager 320 - Connection [id: 4][route: {}->http://localhost:41195] can be kept alive indefinitely
12-09-2018 12:36:41 PoolingHttpClientConnectionManager.java DEBUG [Forwarding isElementDisplayed on session 5d15bc8f92dfa57856b0ab35acf0a735 to remote] conn.PoolingHttpClientConnectionManager 326 - Connection released: [id: 4][route: {}->http://localhost:41195][total kept alive: 1; route allocated: 1 of 2000; total allocated: 1 of 2000]
12-09-2018 12:36:41 RequestAddCookies.java DEBUG [Forwarding findElement on session 5d15bc8f92dfa57856b0ab35acf0a735 to remote] protocol.RequestAddCookies 123 - CookieSpec selected: default
12-09-2018 12:36:41 RequestAuthCache.java DEBUG [Forwarding findElement on session 5d15bc8f92dfa57856b0ab35acf0a735 to remote] protocol.RequestAuthCache 77 - Auth cache not set in the context
12-09-2018 12:36:41 PoolingHttpClientConnectionManager.java DEBUG [Forwarding findElement on session 5d15bc8f92dfa57856b0ab35acf0a735 to remote] conn.PoolingHttpClientConnectionManager 255 - Connection request: [route: {}->http://localhost:41195][total kept alive: 1; route allocated: 1 of 2000; total allocated: 1 of 2000]
12-09-2018 12:36:41 PoolingHttpClientConnectionManager.java DEBUG [Forwarding findElement on session 5d15bc8f92dfa57856b0ab35acf0a735 to remote] conn.PoolingHttpClientConnectionManager 288 - Connection leased: [id: 4][route: {}->http://localhost:41195][total kept alive: 0; route allocated: 1 of 2000; total allocated: 1 of 2000]
12-09-2018 12:36:41 MainClientExec.java DEBUG [Forwarding findElement on session 5d15bc8f92dfa57856b0ab35acf0a735 to remote] execchain.MainClientExec 208 - Stale connection check
12-09-2018 12:36:41 Wire.java DEBUG [Forwarding findElement on session 5d15bc8f92dfa57856b0ab35acf0a735 to remote] http.wire 87 - http-outgoing-4 << "[read] I/O error: Read timed out"
12-09-2018 12:36:41 LoggingManagedHttpClientConnection.java DEBUG [Forwarding findElement on session 5d15bc8f92dfa57856b0ab35acf0a735 to remote] conn.DefaultManagedHttpClientConnection 88 - http-outgoing-4: set socket timeout to 10800000
12-09-2018 12:36:41 MainClientExec.java DEBUG [Forwarding findElement on session 5d15bc8f92dfa57856b0ab35acf0a735 to remote] execchain.MainClientExec 256 - Executing request POST /session/5d15bc8f92dfa57856b0ab35acf0a735/element HTTP/1.1
12-09-2018 12:36:41 MainClientExec.java DEBUG [Forwarding findElement on session 5d15bc8f92dfa57856b0ab35acf0a735 to remote] execchain.MainClientExec 261 - Target auth state: UNCHALLENGED
12-09-2018 12:36:41 MainClientExec.java DEBUG [Forwarding findElement on session 5d15bc8f92dfa57856b0ab35acf0a735 to remote] execchain.MainClientExec 267 - Proxy auth state: UNCHALLENGED
12-09-2018 12:36:41 LoggingManagedHttpClientConnection.java DEBUG [Forwarding findElement on session 5d15bc8f92dfa57856b0ab35acf0a735 to remote] http.headers 133 - http-outgoing-4 >> POST /session/5d15bc8f92dfa57856b0ab35acf0a735/element HTTP/1.1
12-09-2018 12:36:41 LoggingManagedHttpClientConnection.java DEBUG [Forwarding findElement on session 5d15bc8f92dfa57856b0ab35acf0a735 to remote] http.headers 136 - http-outgoing-4 >> Content-Type: application/json; charset=utf-8
12-09-2018 12:36:41 LoggingManagedHttpClientConnection.java DEBUG [Forwarding findElement on session 5d15bc8f92dfa57856b0ab35acf0a735 to remote] http.headers 136 - http-outgoing-4 >> Content-Length: 58
12-09-2018 12:36:41 LoggingManagedHttpClientConnection.java DEBUG [Forwarding findElement on session 5d15bc8f92dfa57856b0ab35acf0a735 to remote] http.headers 136 - http-outgoing-4 >> Host: localhost:41195
12-09-2018 12:36:41 LoggingManagedHttpClientConnection.java DEBUG [Forwarding findElement on session 5d15bc8f92dfa57856b0ab35acf0a735 to remote] http.headers 136 - http-outgoing-4 >> Connection: Keep-Alive
12-09-2018 12:36:41 LoggingManagedHttpClientConnection.java DEBUG [Forwarding findElement on session 5d15bc8f92dfa57856b0ab35acf0a735 to remote] http.headers 136 - http-outgoing-4 >> User-Agent: Apache-HttpClient/4.5.3 (Java/1.8.0_181)
12-09-2018 12:36:41 LoggingManagedHttpClientConnection.java DEBUG [Forwarding findElement on session 5d15bc8f92dfa57856b0ab35acf0a735 to remote] http.headers 136 - http-outgoing-4 >> Accept-Encoding: gzip,deflate
12-09-2018 12:36:41 Wire.java DEBUG [Forwarding findElement on session 5d15bc8f92dfa57856b0ab35acf0a735 to remote] http.wire 73 - http-outgoing-4 >> "POST /session/5d15bc8f92dfa57856b0ab35acf0a735/element HTTP/1.1[\r][\n]"
12-09-2018 12:36:41 Wire.java DEBUG [Forwarding findElement on session 5d15bc8f92dfa57856b0ab35acf0a735 to remote] http.wire 73 - http-outgoing-4 >> "Content-Type: application/json; charset=utf-8[\r][\n]"
12-09-2018 12:36:41 Wire.java DEBUG [Forwarding findElement on session 5d15bc8f92dfa57856b0ab35acf0a735 to remote] http.wire 73 - http-outgoing-4 >> "Content-Length: 58[\r][\n]"
12-09-2018 12:36:41 Wire.java DEBUG [Forwarding findElement on session 5d15bc8f92dfa57856b0ab35acf0a735 to remote] http.wire 73 - http-outgoing-4 >> "Host: localhost:41195[\r][\n]"
12-09-2018 12:36:41 Wire.java DEBUG [Forwarding findElement on session 5d15bc8f92dfa57856b0ab35acf0a735 to remote] http.wire 73 - http-outgoing-4 >> "Connection: Keep-Alive[\r][\n]"
12-09-2018 12:36:41 Wire.java DEBUG [Forwarding findElement on session 5d15bc8f92dfa57856b0ab35acf0a735 to remote] http.wire 73 - http-outgoing-4 >> "User-Agent: Apache-HttpClient/4.5.3 (Java/1.8.0_181)[\r][\n]"
12-09-2018 12:36:41 Wire.java DEBUG [Forwarding findElement on session 5d15bc8f92dfa57856b0ab35acf0a735 to remote] http.wire 73 - http-outgoing-4 >> "Accept-Encoding: gzip,deflate[\r][\n]"
12-09-2018 12:36:41 Wire.java DEBUG [Forwarding findElement on session 5d15bc8f92dfa57856b0ab35acf0a735 to remote] http.wire 73 - http-outgoing-4 >> "[\r][\n]"
12-09-2018 12:36:41 Wire.java DEBUG [Forwarding findElement on session 5d15bc8f92dfa57856b0ab35acf0a735 to remote] http.wire 87 - http-outgoing-4 >> "{"using":"xpath","value":"//span[@class='RveJvd snByac']"}"
12-09-2018 12:36:41 Wire.java DEBUG [Forwarding findElement on session 5d15bc8f92dfa57856b0ab35acf0a735 to remote] http.wire 73 - http-outgoing-4 << "HTTP/1.1 200 OK[\r][\n]"
12-09-2018 12:36:41 Wire.java DEBUG [Forwarding findElement on session 5d15bc8f92dfa57856b0ab35acf0a735 to remote] http.wire 73 - http-outgoing-4 << "Content-Length:102[\r][\n]"
12-09-2018 12:36:41 Wire.java DEBUG [Forwarding findElement on session 5d15bc8f92dfa57856b0ab35acf0a735 to remote] http.wire 73 - http-outgoing-4 << "Content-Type:application/json; charset=utf-8[\r][\n]"
12-09-2018 12:36:41 Wire.java DEBUG [Forwarding findElement on session 5d15bc8f92dfa57856b0ab35acf0a735 to remote] http.wire 73 - http-outgoing-4 << "[\r][\n]"
12-09-2018 12:36:41 Wire.java DEBUG [Forwarding findElement on session 5d15bc8f92dfa57856b0ab35acf0a735 to remote] http.wire 87 - http-outgoing-4 << "{"sessionId":"5d15bc8f92dfa57856b0ab35acf0a735","status":0,"value":{"ELEMENT":"0.9988919500159488-2"}}"
12-09-2018 12:36:41 LoggingManagedHttpClientConnection.java DEBUG [Forwarding findElement on session 5d15bc8f92dfa57856b0ab35acf0a735 to remote] http.headers 122 - http-outgoing-4 << HTTP/1.1 200 OK
12-09-2018 12:36:41 LoggingManagedHttpClientConnection.java DEBUG [Forwarding findElement on session 5d15bc8f92dfa57856b0ab35acf0a735 to remote] http.headers 125 - http-outgoing-4 << Content-Length:102
12-09-2018 12:36:41 LoggingManagedHttpClientConnection.java DEBUG [Forwarding findElement on session 5d15bc8f92dfa57856b0ab35acf0a735 to remote] http.headers 125 - http-outgoing-4 << Content-Type:application/json; charset=utf-8
12-09-2018 12:36:41 MainClientExec.java DEBUG [Forwarding findElement on session 5d15bc8f92dfa57856b0ab35acf0a735 to remote] execchain.MainClientExec 285 - Connection can be kept alive indefinitely
12-09-2018 12:36:41 PoolingHttpClientConnectionManager.java DEBUG [Forwarding findElement on session 5d15bc8f92dfa57856b0ab35acf0a735 to remote] conn.PoolingHttpClientConnectionManager 320 - Connection [id: 4][route: {}->http://localhost:41195] can be kept alive indefinitely
12-09-2018 12:36:41 PoolingHttpClientConnectionManager.java DEBUG [Forwarding findElement on session 5d15bc8f92dfa57856b0ab35acf0a735 to remote] conn.PoolingHttpClientConnectionManager 326 - Connection released: [id: 4][route: {}->http://localhost:41195][total kept alive: 1; route allocated: 1 of 2000; total allocated: 1 of 2000]
12-09-2018 12:36:41 RequestAddCookies.java DEBUG [Forwarding isElementEnabled on session 5d15bc8f92dfa57856b0ab35acf0a735 to remote] protocol.RequestAddCookies 123 - CookieSpec selected: default
12-09-2018 12:36:41 RequestAuthCache.java DEBUG [Forwarding isElementEnabled on session 5d15bc8f92dfa57856b0ab35acf0a735 to remote] protocol.RequestAuthCache 77 - Auth cache not set in the context
12-09-2018 12:36:41 PoolingHttpClientConnectionManager.java DEBUG [Forwarding isElementEnabled on session 5d15bc8f92dfa57856b0ab35acf0a735 to remote] conn.PoolingHttpClientConnectionManager 255 - Connection request: [route: {}->http://localhost:41195][total kept alive: 1; route allocated: 1 of 2000; total allocated: 1 of 2000]
12-09-2018 12:36:41 PoolingHttpClientConnectionManager.java DEBUG [Forwarding isElementEnabled on session 5d15bc8f92dfa57856b0ab35acf0a735 to remote] conn.PoolingHttpClientConnectionManager 288 - Connection leased: [id: 4][route: {}->http://localhost:41195][total kept alive: 0; route allocated: 1 of 2000; total allocated: 1 of 2000]
12-09-2018 12:36:41 MainClientExec.java DEBUG [Forwarding isElementEnabled on session 5d15bc8f92dfa57856b0ab35acf0a735 to remote] execchain.MainClientExec 208 - Stale connection check
12-09-2018 12:36:41 Wire.java DEBUG [Forwarding isElementEnabled on session 5d15bc8f92dfa57856b0ab35acf0a735 to remote] http.wire 87 - http-outgoing-4 << "[read] I/O error: Read timed out"
12-09-2018 12:36:41 LoggingManagedHttpClientConnection.java DEBUG [Forwarding isElementEnabled on session 5d15bc8f92dfa57856b0ab35acf0a735 to remote] conn.DefaultManagedHttpClientConnection 88 - http-outgoing-4: set socket timeout to 10800000
12-09-2018 12:36:41 MainClientExec.java DEBUG [Forwarding isElementEnabled on session 5d15bc8f92dfa57856b0ab35acf0a735 to remote] execchain.MainClientExec 256 - Executing request GET /session/5d15bc8f92dfa57856b0ab35acf0a735/element/0.9988919500159488-2/enabled HTTP/1.1
12-09-2018 12:36:41 MainClientExec.java DEBUG [Forwarding isElementEnabled on session 5d15bc8f92dfa57856b0ab35acf0a735 to remote] execchain.MainClientExec 261 - Target auth state: UNCHALLENGED
12-09-2018 12:36:41 MainClientExec.java DEBUG [Forwarding isElementEnabled on session 5d15bc8f92dfa57856b0ab35acf0a735 to remote] execchain.MainClientExec 267 - Proxy auth state: UNCHALLENGED
12-09-2018 12:36:41 LoggingManagedHttpClientConnection.java DEBUG [Forwarding isElementEnabled on session 5d15bc8f92dfa57856b0ab35acf0a735 to remote] http.headers 133 - http-outgoing-4 >> GET /session/5d15bc8f92dfa57856b0ab35acf0a735/element/0.9988919500159488-2/enabled HTTP/1.1
12-09-2018 12:36:41 LoggingManagedHttpClientConnection.java DEBUG [Forwarding isElementEnabled on session 5d15bc8f92dfa57856b0ab35acf0a735 to remote] http.headers 136 - http-outgoing-4 >> Cache-Control: no-cache
12-09-2018 12:36:41 LoggingManagedHttpClientConnection.java DEBUG [Forwarding isElementEnabled on session 5d15bc8f92dfa57856b0ab35acf0a735 to remote] http.headers 136 - http-outgoing-4 >> Host: localhost:41195
12-09-2018 12:36:41 LoggingManagedHttpClientConnection.java DEBUG [Forwarding isElementEnabled on session 5d15bc8f92dfa57856b0ab35acf0a735 to remote] http.headers 136 - http-outgoing-4 >> Connection: Keep-Alive
12-09-2018 12:36:41 LoggingManagedHttpClientConnection.java DEBUG [Forwarding isElementEnabled on session 5d15bc8f92dfa57856b0ab35acf0a735 to remote] http.headers 136 - http-outgoing-4 >> User-Agent: Apache-HttpClient/4.5.3 (Java/1.8.0_181)
12-09-2018 12:36:41 LoggingManagedHttpClientConnection.java DEBUG [Forwarding isElementEnabled on session 5d15bc8f92dfa57856b0ab35acf0a735 to remote] http.headers 136 - http-outgoing-4 >> Accept-Encoding: gzip,deflate
12-09-2018 12:36:41 Wire.java DEBUG [Forwarding isElementEnabled on session 5d15bc8f92dfa57856b0ab35acf0a735 to remote] http.wire 73 - http-outgoing-4 >> "GET /session/5d15bc8f92dfa57856b0ab35acf0a735/element/0.9988919500159488-2/enabled HTTP/1.1[\r][\n]"
12-09-2018 12:36:41 Wire.java DEBUG [Forwarding isElementEnabled on session 5d15bc8f92dfa57856b0ab35acf0a735 to remote] http.wire 73 - http-outgoing-4 >> "Cache-Control: no-cache[\r][\n]"
12-09-2018 12:36:41 Wire.java DEBUG [Forwarding isElementEnabled on session 5d15bc8f92dfa57856b0ab35acf0a735 to remote] http.wire 73 - http-outgoing-4 >> "Host: localhost:41195[\r][\n]"
12-09-2018 12:36:41 Wire.java DEBUG [Forwarding isElementEnabled on session 5d15bc8f92dfa57856b0ab35acf0a735 to remote] http.wire 73 - http-outgoing-4 >> "Connection: Keep-Alive[\r][\n]"
12-09-2018 12:36:41 Wire.java DEBUG [Forwarding isElementEnabled on session 5d15bc8f92dfa57856b0ab35acf0a735 to remote] http.wire 73 - http-outgoing-4 >> "User-Agent: Apache-HttpClient/4.5.3 (Java/1.8.0_181)[\r][\n]"
12-09-2018 12:36:41 Wire.java DEBUG [Forwarding isElementEnabled on session 5d15bc8f92dfa57856b0ab35acf0a735 to remote] http.wire 73 - http-outgoing-4 >> "Accept-Encoding: gzip,deflate[\r][\n]"
12-09-2018 12:36:41 Wire.java DEBUG [Forwarding isElementEnabled on session 5d15bc8f92dfa57856b0ab35acf0a735 to remote] http.wire 73 - http-outgoing-4 >> "[\r][\n]"
12-09-2018 12:36:41 Wire.java DEBUG [Forwarding isElementEnabled on session 5d15bc8f92dfa57856b0ab35acf0a735 to remote] http.wire 73 - http-outgoing-4 << "HTTP/1.1 200 OK[\r][\n]"
12-09-2018 12:36:41 Wire.java DEBUG [Forwarding isElementEnabled on session 5d15bc8f92dfa57856b0ab35acf0a735 to remote] http.wire 73 - http-outgoing-4 << "Content-Length:72[\r][\n]"
12-09-2018 12:36:41 Wire.java DEBUG [Forwarding isElementEnabled on session 5d15bc8f92dfa57856b0ab35acf0a735 to remote] http.wire 73 - http-outgoing-4 << "Content-Type:application/json; charset=utf-8[\r][\n]"
12-09-2018 12:36:41 Wire.java DEBUG [Forwarding isElementEnabled on session 5d15bc8f92dfa57856b0ab35acf0a735 to remote] http.wire 73 - http-outgoing-4 << "[\r][\n]"
12-09-2018 12:36:41 Wire.java DEBUG [Forwarding isElementEnabled on session 5d15bc8f92dfa57856b0ab35acf0a735 to remote] http.wire 87 - http-outgoing-4 << "{"sessionId":"5d15bc8f92dfa57856b0ab35acf0a735","status":0,"value":true}"
12-09-2018 12:36:41 LoggingManagedHttpClientConnection.java DEBUG [Forwarding isElementEnabled on session 5d15bc8f92dfa57856b0ab35acf0a735 to remote] http.headers 122 - http-outgoing-4 << HTTP/1.1 200 OK
12-09-2018 12:36:41 LoggingManagedHttpClientConnection.java DEBUG [Forwarding isElementEnabled on session 5d15bc8f92dfa57856b0ab35acf0a735 to remote] http.headers 125 - http-outgoing-4 << Content-Length:72
12-09-2018 12:36:41 LoggingManagedHttpClientConnection.java DEBUG [Forwarding isElementEnabled on session 5d15bc8f92dfa57856b0ab35acf0a735 to remote] http.headers 125 - http-outgoing-4 << Content-Type:application/json; charset=utf-8
12-09-2018 12:36:41 MainClientExec.java DEBUG [Forwarding isElementEnabled on session 5d15bc8f92dfa57856b0ab35acf0a735 to remote] execchain.MainClientExec 285 - Connection can be kept alive indefinitely
12-09-2018 12:36:41 PoolingHttpClientConnectionManager.java DEBUG [Forwarding isElementEnabled on session 5d15bc8f92dfa57856b0ab35acf0a735 to remote] conn.PoolingHttpClientConnectionManager 320 - Connection [id: 4][route: {}->http://localhost:41195] can be kept alive indefinitely
12-09-2018 12:36:41 PoolingHttpClientConnectionManager.java DEBUG [Forwarding isElementEnabled on session 5d15bc8f92dfa57856b0ab35acf0a735 to remote] conn.PoolingHttpClientConnectionManager 326 - Connection released: [id: 4][route: {}->http://localhost:41195][total kept alive: 1; route allocated: 1 of 2000; total allocated: 1 of 2000]
12-09-2018 12:36:41 RequestAddCookies.java DEBUG [Forwarding findElement on session 5d15bc8f92dfa57856b0ab35acf0a735 to remote] protocol.RequestAddCookies 123 - CookieSpec selected: default
12-09-2018 12:36:41 RequestAuthCache.java DEBUG [Forwarding findElement on session 5d15bc8f92dfa57856b0ab35acf0a735 to remote] protocol.RequestAuthCache 77 - Auth cache not set in the context
12-09-2018 12:36:41 PoolingHttpClientConnectionManager.java DEBUG [Forwarding findElement on session 5d15bc8f92dfa57856b0ab35acf0a735 to remote] conn.PoolingHttpClientConnectionManager 255 - Connection request: [route: {}->http://localhost:41195][total kept alive: 1; route allocated: 1 of 2000; total allocated: 1 of 2000]
12-09-2018 12:36:41 PoolingHttpClientConnectionManager.java DEBUG [Forwarding findElement on session 5d15bc8f92dfa57856b0ab35acf0a735 to remote] conn.PoolingHttpClientConnectionManager 288 - Connection leased: [id: 4][route: {}->http://localhost:41195][total kept alive: 0; route allocated: 1 of 2000; total allocated: 1 of 2000]
12-09-2018 12:36:41 MainClientExec.java DEBUG [Forwarding findElement on session 5d15bc8f92dfa57856b0ab35acf0a735 to remote] execchain.MainClientExec 208 - Stale connection check
12-09-2018 12:36:41 Wire.java DEBUG [Forwarding findElement on session 5d15bc8f92dfa57856b0ab35acf0a735 to remote] http.wire 87 - http-outgoing-4 << "[read] I/O error: Read timed out"
12-09-2018 12:36:41 LoggingManagedHttpClientConnection.java DEBUG [Forwarding findElement on session 5d15bc8f92dfa57856b0ab35acf0a735 to remote] conn.DefaultManagedHttpClientConnection 88 - http-outgoing-4: set socket timeout to 10800000
12-09-2018 12:36:41 MainClientExec.java DEBUG [Forwarding findElement on session 5d15bc8f92dfa57856b0ab35acf0a735 to remote] execchain.MainClientExec 256 - Executing request POST /session/5d15bc8f92dfa57856b0ab35acf0a735/element HTTP/1.1
12-09-2018 12:36:41 MainClientExec.java DEBUG [Forwarding findElement on session 5d15bc8f92dfa57856b0ab35acf0a735 to remote] execchain.MainClientExec 261 - Target auth state: UNCHALLENGED
12-09-2018 12:36:41 MainClientExec.java DEBUG [Forwarding findElement on session 5d15bc8f92dfa57856b0ab35acf0a735 to remote] execchain.MainClientExec 267 - Proxy auth state: UNCHALLENGED
12-09-2018 12:36:41 LoggingManagedHttpClientConnection.java DEBUG [Forwarding findElement on session 5d15bc8f92dfa57856b0ab35acf0a735 to remote] http.headers 133 - http-outgoing-4 >> POST /session/5d15bc8f92dfa57856b0ab35acf0a735/element HTTP/1.1
12-09-2018 12:36:41 LoggingManagedHttpClientConnection.java DEBUG [Forwarding findElement on session 5d15bc8f92dfa57856b0ab35acf0a735 to remote] http.headers 136 - http-outgoing-4 >> Content-Type: application/json; charset=utf-8
12-09-2018 12:36:41 LoggingManagedHttpClientConnection.java DEBUG [Forwarding findElement on session 5d15bc8f92dfa57856b0ab35acf0a735 to remote] http.headers 136 - http-outgoing-4 >> Content-Length: 50
12-09-2018 12:36:41 LoggingManagedHttpClientConnection.java DEBUG [Forwarding findElement on session 5d15bc8f92dfa57856b0ab35acf0a735 to remote] http.headers 136 - http-outgoing-4 >> Host: localhost:41195
12-09-2018 12:36:41 LoggingManagedHttpClientConnection.java DEBUG [Forwarding findElement on session 5d15bc8f92dfa57856b0ab35acf0a735 to remote] http.headers 136 - http-outgoing-4 >> Connection: Keep-Alive
12-09-2018 12:36:41 LoggingManagedHttpClientConnection.java DEBUG [Forwarding findElement on session 5d15bc8f92dfa57856b0ab35acf0a735 to remote] http.headers 136 - http-outgoing-4 >> User-Agent: Apache-HttpClient/4.5.3 (Java/1.8.0_181)
12-09-2018 12:36:41 LoggingManagedHttpClientConnection.java DEBUG [Forwarding findElement on session 5d15bc8f92dfa57856b0ab35acf0a735 to remote] http.headers 136 - http-outgoing-4 >> Accept-Encoding: gzip,deflate
12-09-2018 12:36:41 Wire.java DEBUG [Forwarding findElement on session 5d15bc8f92dfa57856b0ab35acf0a735 to remote] http.wire 73 - http-outgoing-4 >> "POST /session/5d15bc8f92dfa57856b0ab35acf0a735/element HTTP/1.1[\r][\n]"
12-09-2018 12:36:41 Wire.java DEBUG [Forwarding findElement on session 5d15bc8f92dfa57856b0ab35acf0a735 to remote] http.wire 73 - http-outgoing-4 >> "Content-Type: application/json; charset=utf-8[\r][\n]"
12-09-2018 12:36:41 Wire.java DEBUG [Forwarding findElement on session 5d15bc8f92dfa57856b0ab35acf0a735 to remote] http.wire 73 - http-outgoing-4 >> "Content-Length: 50[\r][\n]"
12-09-2018 12:36:41 Wire.java DEBUG [Forwarding findElement on session 5d15bc8f92dfa57856b0ab35acf0a735 to remote] http.wire 73 - http-outgoing-4 >> "Host: localhost:41195[\r][\n]"
12-09-2018 12:36:41 Wire.java DEBUG [Forwarding findElement on session 5d15bc8f92dfa57856b0ab35acf0a735 to remote] http.wire 73 - http-outgoing-4 >> "Connection: Keep-Alive[\r][\n]"
12-09-2018 12:36:41 Wire.java DEBUG [Forwarding findElement on session 5d15bc8f92dfa57856b0ab35acf0a735 to remote] http.wire 73 - http-outgoing-4 >> "User-Agent: Apache-HttpClient/4.5.3 (Java/1.8.0_181)[\r][\n]"
12-09-2018 12:36:41 Wire.java DEBUG [Forwarding findElement on session 5d15bc8f92dfa57856b0ab35acf0a735 to remote] http.wire 73 - http-outgoing-4 >> "Accept-Encoding: gzip,deflate[\r][\n]"
12-09-2018 12:36:41 Wire.java DEBUG [Forwarding findElement on session 5d15bc8f92dfa57856b0ab35acf0a735 to remote] http.wire 73 - http-outgoing-4 >> "[\r][\n]"
12-09-2018 12:36:41 Wire.java DEBUG [Forwarding findElement on session 5d15bc8f92dfa57856b0ab35acf0a735 to remote] http.wire 87 - http-outgoing-4 >> "{"using":"xpath","value":"//input[@type='email']"}"
12-09-2018 12:36:41 Wire.java DEBUG [Forwarding findElement on session 5d15bc8f92dfa57856b0ab35acf0a735 to remote] http.wire 73 - http-outgoing-4 << "HTTP/1.1 200 OK[\r][\n]"
12-09-2018 12:36:41 Wire.java DEBUG [Forwarding findElement on session 5d15bc8f92dfa57856b0ab35acf0a735 to remote] http.wire 73 - http-outgoing-4 << "Content-Length:102[\r][\n]"
12-09-2018 12:36:41 Wire.java DEBUG [Forwarding findElement on session 5d15bc8f92dfa57856b0ab35acf0a735 to remote] http.wire 73 - http-outgoing-4 << "Content-Type:application/json; charset=utf-8[\r][\n]"
12-09-2018 12:36:41 Wire.java DEBUG [Forwarding findElement on session 5d15bc8f92dfa57856b0ab35acf0a735 to remote] http.wire 73 - http-outgoing-4 << "[\r][\n]"
12-09-2018 12:36:41 Wire.java DEBUG [Forwarding findElement on session 5d15bc8f92dfa57856b0ab35acf0a735 to remote] http.wire 87 - http-outgoing-4 << "{"sessionId":"5d15bc8f92dfa57856b0ab35acf0a735","status":0,"value":{"ELEMENT":"0.9988919500159488-1"}}"
12-09-2018 12:36:41 LoggingManagedHttpClientConnection.java DEBUG [Forwarding findElement on session 5d15bc8f92dfa57856b0ab35acf0a735 to remote] http.headers 122 - http-outgoing-4 << HTTP/1.1 200 OK
12-09-2018 12:36:41 LoggingManagedHttpClientConnection.java DEBUG [Forwarding findElement on session 5d15bc8f92dfa57856b0ab35acf0a735 to remote] http.headers 125 - http-outgoing-4 << Content-Length:102
12-09-2018 12:36:41 LoggingManagedHttpClientConnection.java DEBUG [Forwarding findElement on session 5d15bc8f92dfa57856b0ab35acf0a735 to remote] http.headers 125 - http-outgoing-4 << Content-Type:application/json; charset=utf-8
12-09-2018 12:36:41 MainClientExec.java DEBUG [Forwarding findElement on session 5d15bc8f92dfa57856b0ab35acf0a735 to remote] execchain.MainClientExec 285 - Connection can be kept alive indefinitely
12-09-2018 12:36:41 PoolingHttpClientConnectionManager.java DEBUG [Forwarding findElement on session 5d15bc8f92dfa57856b0ab35acf0a735 to remote] conn.PoolingHttpClientConnectionManager 320 - Connection [id: 4][route: {}->http://localhost:41195] can be kept alive indefinitely
12-09-2018 12:36:41 PoolingHttpClientConnectionManager.java DEBUG [Forwarding findElement on session 5d15bc8f92dfa57856b0ab35acf0a735 to remote] conn.PoolingHttpClientConnectionManager 326 - Connection released: [id: 4][route: {}->http://localhost:41195][total kept alive: 1; route allocated: 1 of 2000; total allocated: 1 of 2000]
12-09-2018 12:36:41 RequestAddCookies.java DEBUG [Forwarding sendKeysToElement on session 5d15bc8f92dfa57856b0ab35acf0a735 to remote] protocol.RequestAddCookies 123 - CookieSpec selected: default
12-09-2018 12:36:41 RequestAuthCache.java DEBUG [Forwarding sendKeysToElement on session 5d15bc8f92dfa57856b0ab35acf0a735 to remote] protocol.RequestAuthCache 77 - Auth cache not set in the context
12-09-2018 12:36:41 PoolingHttpClientConnectionManager.java DEBUG [Forwarding sendKeysToElement on session 5d15bc8f92dfa57856b0ab35acf0a735 to remote] conn.PoolingHttpClientConnectionManager 255 - Connection request: [route: {}->http://localhost:41195][total kept alive: 1; route allocated: 1 of 2000; total allocated: 1 of 2000]
12-09-2018 12:36:41 PoolingHttpClientConnectionManager.java DEBUG [Forwarding sendKeysToElement on session 5d15bc8f92dfa57856b0ab35acf0a735 to remote] conn.PoolingHttpClientConnectionManager 288 - Connection leased: [id: 4][route: {}->http://localhost:41195][total kept alive: 0; route allocated: 1 of 2000; total allocated: 1 of 2000]
12-09-2018 12:36:41 MainClientExec.java DEBUG [Forwarding sendKeysToElement on session 5d15bc8f92dfa57856b0ab35acf0a735 to remote] execchain.MainClientExec 208 - Stale connection check
12-09-2018 12:36:41 Wire.java DEBUG [Forwarding sendKeysToElement on session 5d15bc8f92dfa57856b0ab35acf0a735 to remote] http.wire 87 - http-outgoing-4 << "[read] I/O error: Read timed out"
12-09-2018 12:36:41 LoggingManagedHttpClientConnection.java DEBUG [Forwarding sendKeysToElement on session 5d15bc8f92dfa57856b0ab35acf0a735 to remote] conn.DefaultManagedHttpClientConnection 88 - http-outgoing-4: set socket timeout to 10800000
12-09-2018 12:36:41 MainClientExec.java DEBUG [Forwarding sendKeysToElement on session 5d15bc8f92dfa57856b0ab35acf0a735 to remote] execchain.MainClientExec 256 - Executing request POST /session/5d15bc8f92dfa57856b0ab35acf0a735/element/0.9988919500159488-1/value HTTP/1.1
12-09-2018 12:36:41 MainClientExec.java DEBUG [Forwarding sendKeysToElement on session 5d15bc8f92dfa57856b0ab35acf0a735 to remote] execchain.MainClientExec 261 - Target auth state: UNCHALLENGED
12-09-2018 12:36:41 MainClientExec.java DEBUG [Forwarding sendKeysToElement on session 5d15bc8f92dfa57856b0ab35acf0a735 to remote] execchain.MainClientExec 267 - Proxy auth state: UNCHALLENGED
12-09-2018 12:36:41 LoggingManagedHttpClientConnection.java DEBUG [Forwarding sendKeysToElement on session 5d15bc8f92dfa57856b0ab35acf0a735 to remote] http.headers 133 - http-outgoing-4 >> POST /session/5d15bc8f92dfa57856b0ab35acf0a735/element/0.9988919500159488-1/value HTTP/1.1
12-09-2018 12:36:41 LoggingManagedHttpClientConnection.java DEBUG [Forwarding sendKeysToElement on session 5d15bc8f92dfa57856b0ab35acf0a735 to remote] http.headers 136 - http-outgoing-4 >> Content-Type: application/json; charset=utf-8
12-09-2018 12:36:41 LoggingManagedHttpClientConnection.java DEBUG [Forwarding sendKeysToElement on session 5d15bc8f92dfa57856b0ab35acf0a735 to remote] http.headers 136 - http-outgoing-4 >> Content-Length: 67
12-09-2018 12:36:41 LoggingManagedHttpClientConnection.java DEBUG [Forwarding sendKeysToElement on session 5d15bc8f92dfa57856b0ab35acf0a735 to remote] http.headers 136 - http-outgoing-4 >> Host: localhost:41195
12-09-2018 12:36:41 LoggingManagedHttpClientConnection.java DEBUG [Forwarding sendKeysToElement on session 5d15bc8f92dfa57856b0ab35acf0a735 to remote] http.headers 136 - http-outgoing-4 >> Connection: Keep-Alive
12-09-2018 12:36:41 LoggingManagedHttpClientConnection.java DEBUG [Forwarding sendKeysToElement on session 5d15bc8f92dfa57856b0ab35acf0a735 to remote] http.headers 136 - http-outgoing-4 >> User-Agent: Apache-HttpClient/4.5.3 (Java/1.8.0_181)
12-09-2018 12:36:41 LoggingManagedHttpClientConnection.java DEBUG [Forwarding sendKeysToElement on session 5d15bc8f92dfa57856b0ab35acf0a735 to remote] http.headers 136 - http-outgoing-4 >> Accept-Encoding: gzip,deflate
12-09-2018 12:36:41 Wire.java DEBUG [Forwarding sendKeysToElement on session 5d15bc8f92dfa57856b0ab35acf0a735 to remote] http.wire 73 - http-outgoing-4 >> "POST /session/5d15bc8f92dfa57856b0ab35acf0a735/element/0.9988919500159488-1/value HTTP/1.1[\r][\n]"
12-09-2018 12:36:41 Wire.java DEBUG [Forwarding sendKeysToElement on session 5d15bc8f92dfa57856b0ab35acf0a735 to remote] http.wire 73 - http-outgoing-4 >> "Content-Type: application/json; charset=utf-8[\r][\n]"
12-09-2018 12:36:41 Wire.java DEBUG [Forwarding sendKeysToElement on session 5d15bc8f92dfa57856b0ab35acf0a735 to remote] http.wire 73 - http-outgoing-4 >> "Content-Length: 67[\r][\n]"
12-09-2018 12:36:41 Wire.java DEBUG [Forwarding sendKeysToElement on session 5d15bc8f92dfa57856b0ab35acf0a735 to remote] http.wire 73 - http-outgoing-4 >> "Host: localhost:41195[\r][\n]"
12-09-2018 12:36:41 Wire.java DEBUG [Forwarding sendKeysToElement on session 5d15bc8f92dfa57856b0ab35acf0a735 to remote] http.wire 73 - http-outgoing-4 >> "Connection: Keep-Alive[\r][\n]"
12-09-2018 12:36:41 Wire.java DEBUG [Forwarding sendKeysToElement on session 5d15bc8f92dfa57856b0ab35acf0a735 to remote] http.wire 73 - http-outgoing-4 >> "User-Agent: Apache-HttpClient/4.5.3 (Java/1.8.0_181)[\r][\n]"
12-09-2018 12:36:41 Wire.java DEBUG [Forwarding sendKeysToElement on session 5d15bc8f92dfa57856b0ab35acf0a735 to remote] http.wire 73 - http-outgoing-4 >> "Accept-Encoding: gzip,deflate[\r][\n]"
12-09-2018 12:36:41 Wire.java DEBUG [Forwarding sendKeysToElement on session 5d15bc8f92dfa57856b0ab35acf0a735 to remote] http.wire 73 - http-outgoing-4 >> "[\r][\n]"
12-09-2018 12:36:41 Wire.java DEBUG [Forwarding sendKeysToElement on session 5d15bc8f92dfa57856b0ab35acf0a735 to remote] http.wire 87 - http-outgoing-4 >> "{"id":"0.9988919500159488-1","value":["automationmail6@gmail.com"]}"
12-09-2018 12:36:41 Wire.java DEBUG [Forwarding sendKeysToElement on session 5d15bc8f92dfa57856b0ab35acf0a735 to remote] http.wire 73 - http-outgoing-4 << "HTTP/1.1 200 OK[\r][\n]"
12-09-2018 12:36:41 Wire.java DEBUG [Forwarding sendKeysToElement on session 5d15bc8f92dfa57856b0ab35acf0a735 to remote] http.wire 73 - http-outgoing-4 << "Content-Length:72[\r][\n]"
12-09-2018 12:36:41 Wire.java DEBUG [Forwarding sendKeysToElement on session 5d15bc8f92dfa57856b0ab35acf0a735 to remote] http.wire 73 - http-outgoing-4 << "Content-Type:application/json; charset=utf-8[\r][\n]"
12-09-2018 12:36:41 Wire.java DEBUG [Forwarding sendKeysToElement on session 5d15bc8f92dfa57856b0ab35acf0a735 to remote] http.wire 73 - http-outgoing-4 << "[\r][\n]"
12-09-2018 12:36:41 Wire.java DEBUG [Forwarding sendKeysToElement on session 5d15bc8f92dfa57856b0ab35acf0a735 to remote] http.wire 87 - http-outgoing-4 << "{"sessionId":"5d15bc8f92dfa57856b0ab35acf0a735","status":0,"value":null}"
12-09-2018 12:36:41 LoggingManagedHttpClientConnection.java DEBUG [Forwarding sendKeysToElement on session 5d15bc8f92dfa57856b0ab35acf0a735 to remote] http.headers 122 - http-outgoing-4 << HTTP/1.1 200 OK
12-09-2018 12:36:41 LoggingManagedHttpClientConnection.java DEBUG [Forwarding sendKeysToElement on session 5d15bc8f92dfa57856b0ab35acf0a735 to remote] http.headers 125 - http-outgoing-4 << Content-Length:72
12-09-2018 12:36:41 LoggingManagedHttpClientConnection.java DEBUG [Forwarding sendKeysToElement on session 5d15bc8f92dfa57856b0ab35acf0a735 to remote] http.headers 125 - http-outgoing-4 << Content-Type:application/json; charset=utf-8
12-09-2018 12:36:41 MainClientExec.java DEBUG [Forwarding sendKeysToElement on session 5d15bc8f92dfa57856b0ab35acf0a735 to remote] execchain.MainClientExec 285 - Connection can be kept alive indefinitely
12-09-2018 12:36:41 PoolingHttpClientConnectionManager.java DEBUG [Forwarding sendKeysToElement on session 5d15bc8f92dfa57856b0ab35acf0a735 to remote] conn.PoolingHttpClientConnectionManager 320 - Connection [id: 4][route: {}->http://localhost:41195] can be kept alive indefinitely
12-09-2018 12:36:41 PoolingHttpClientConnectionManager.java DEBUG [Forwarding sendKeysToElement on session 5d15bc8f92dfa57856b0ab35acf0a735 to remote] conn.PoolingHttpClientConnectionManager 326 - Connection released: [id: 4][route: {}->http://localhost:41195][total kept alive: 1; route allocated: 1 of 2000; total allocated: 1 of 2000]
12-09-2018 12:36:41 RequestAddCookies.java DEBUG [Forwarding findElement on session 5d15bc8f92dfa57856b0ab35acf0a735 to remote] protocol.RequestAddCookies 123 - CookieSpec selected: default
12-09-2018 12:36:41 RequestAuthCache.java DEBUG [Forwarding findElement on session 5d15bc8f92dfa57856b0ab35acf0a735 to remote] protocol.RequestAuthCache 77 - Auth cache not set in the context
12-09-2018 12:36:41 PoolingHttpClientConnectionManager.java DEBUG [Forwarding findElement on session 5d15bc8f92dfa57856b0ab35acf0a735 to remote] conn.PoolingHttpClientConnectionManager 255 - Connection request: [route: {}->http://localhost:41195][total kept alive: 1; route allocated: 1 of 2000; total allocated: 1 of 2000]
12-09-2018 12:36:41 PoolingHttpClientConnectionManager.java DEBUG [Forwarding findElement on session 5d15bc8f92dfa57856b0ab35acf0a735 to remote] conn.PoolingHttpClientConnectionManager 288 - Connection leased: [id: 4][route: {}->http://localhost:41195][total kept alive: 0; route allocated: 1 of 2000; total allocated: 1 of 2000]
12-09-2018 12:36:41 MainClientExec.java DEBUG [Forwarding findElement on session 5d15bc8f92dfa57856b0ab35acf0a735 to remote] execchain.MainClientExec 208 - Stale connection check
12-09-2018 12:36:41 Wire.java DEBUG [Forwarding findElement on session 5d15bc8f92dfa57856b0ab35acf0a735 to remote] http.wire 87 - http-outgoing-4 << "[read] I/O error: Read timed out"
12-09-2018 12:36:41 LoggingManagedHttpClientConnection.java DEBUG [Forwarding findElement on session 5d15bc8f92dfa57856b0ab35acf0a735 to remote] conn.DefaultManagedHttpClientConnection 88 - http-outgoing-4: set socket timeout to 10800000
12-09-2018 12:36:41 MainClientExec.java DEBUG [Forwarding findElement on session 5d15bc8f92dfa57856b0ab35acf0a735 to remote] execchain.MainClientExec 256 - Executing request POST /session/5d15bc8f92dfa57856b0ab35acf0a735/element HTTP/1.1
12-09-2018 12:36:41 MainClientExec.java DEBUG [Forwarding findElement on session 5d15bc8f92dfa57856b0ab35acf0a735 to remote] execchain.MainClientExec 261 - Target auth state: UNCHALLENGED
12-09-2018 12:36:41 MainClientExec.java DEBUG [Forwarding findElement on session 5d15bc8f92dfa57856b0ab35acf0a735 to remote] execchain.MainClientExec 267 - Proxy auth state: UNCHALLENGED
12-09-2018 12:36:42 LoggingManagedHttpClientConnection.java DEBUG [Forwarding findElement on session 5d15bc8f92dfa57856b0ab35acf0a735 to remote] http.headers 133 - http-outgoing-4 >> POST /session/5d15bc8f92dfa57856b0ab35acf0a735/element HTTP/1.1
12-09-2018 12:36:42 LoggingManagedHttpClientConnection.java DEBUG [Forwarding findElement on session 5d15bc8f92dfa57856b0ab35acf0a735 to remote] http.headers 136 - http-outgoing-4 >> Content-Type: application/json; charset=utf-8
12-09-2018 12:36:42 LoggingManagedHttpClientConnection.java DEBUG [Forwarding findElement on session 5d15bc8f92dfa57856b0ab35acf0a735 to remote] http.headers 136 - http-outgoing-4 >> Content-Length: 58
12-09-2018 12:36:42 LoggingManagedHttpClientConnection.java DEBUG [Forwarding findElement on session 5d15bc8f92dfa57856b0ab35acf0a735 to remote] http.headers 136 - http-outgoing-4 >> Host: localhost:41195
12-09-2018 12:36:42 LoggingManagedHttpClientConnection.java DEBUG [Forwarding findElement on session 5d15bc8f92dfa57856b0ab35acf0a735 to remote] http.headers 136 - http-outgoing-4 >> Connection: Keep-Alive
12-09-2018 12:36:42 LoggingManagedHttpClientConnection.java DEBUG [Forwarding findElement on session 5d15bc8f92dfa57856b0ab35acf0a735 to remote] http.headers 136 - http-outgoing-4 >> User-Agent: Apache-HttpClient/4.5.3 (Java/1.8.0_181)
12-09-2018 12:36:42 LoggingManagedHttpClientConnection.java DEBUG [Forwarding findElement on session 5d15bc8f92dfa57856b0ab35acf0a735 to remote] http.headers 136 - http-outgoing-4 >> Accept-Encoding: gzip,deflate
12-09-2018 12:36:42 Wire.java DEBUG [Forwarding findElement on session 5d15bc8f92dfa57856b0ab35acf0a735 to remote] http.wire 73 - http-outgoing-4 >> "POST /session/5d15bc8f92dfa57856b0ab35acf0a735/element HTTP/1.1[\r][\n]"
12-09-2018 12:36:42 Wire.java DEBUG [Forwarding findElement on session 5d15bc8f92dfa57856b0ab35acf0a735 to remote] http.wire 73 - http-outgoing-4 >> "Content-Type: application/json; charset=utf-8[\r][\n]"
12-09-2018 12:36:42 Wire.java DEBUG [Forwarding findElement on session 5d15bc8f92dfa57856b0ab35acf0a735 to remote] http.wire 73 - http-outgoing-4 >> "Content-Length: 58[\r][\n]"
12-09-2018 12:36:42 Wire.java DEBUG [Forwarding findElement on session 5d15bc8f92dfa57856b0ab35acf0a735 to remote] http.wire 73 - http-outgoing-4 >> "Host: localhost:41195[\r][\n]"
12-09-2018 12:36:42 Wire.java DEBUG [Forwarding findElement on session 5d15bc8f92dfa57856b0ab35acf0a735 to remote] http.wire 73 - http-outgoing-4 >> "Connection: Keep-Alive[\r][\n]"
12-09-2018 12:36:42 Wire.java DEBUG [Forwarding findElement on session 5d15bc8f92dfa57856b0ab35acf0a735 to remote] http.wire 73 - http-outgoing-4 >> "User-Agent: Apache-HttpClient/4.5.3 (Java/1.8.0_181)[\r][\n]"
12-09-2018 12:36:42 Wire.java DEBUG [Forwarding findElement on session 5d15bc8f92dfa57856b0ab35acf0a735 to remote] http.wire 73 - http-outgoing-4 >> "Accept-Encoding: gzip,deflate[\r][\n]"
12-09-2018 12:36:42 Wire.java DEBUG [Forwarding findElement on session 5d15bc8f92dfa57856b0ab35acf0a735 to remote] http.wire 73 - http-outgoing-4 >> "[\r][\n]"
12-09-2018 12:36:42 Wire.java DEBUG [Forwarding findElement on session 5d15bc8f92dfa57856b0ab35acf0a735 to remote] http.wire 87 - http-outgoing-4 >> "{"using":"xpath","value":"//span[@class='RveJvd snByac']"}"
12-09-2018 12:36:42 Wire.java DEBUG [Forwarding findElement on session 5d15bc8f92dfa57856b0ab35acf0a735 to remote] http.wire 73 - http-outgoing-4 << "HTTP/1.1 200 OK[\r][\n]"
12-09-2018 12:36:42 Wire.java DEBUG [Forwarding findElement on session 5d15bc8f92dfa57856b0ab35acf0a735 to remote] http.wire 73 - http-outgoing-4 << "Content-Length:102[\r][\n]"
12-09-2018 12:36:42 Wire.java DEBUG [Forwarding findElement on session 5d15bc8f92dfa57856b0ab35acf0a735 to remote] http.wire 73 - http-outgoing-4 << "Content-Type:application/json; charset=utf-8[\r][\n]"
12-09-2018 12:36:42 Wire.java DEBUG [Forwarding findElement on session 5d15bc8f92dfa57856b0ab35acf0a735 to remote] http.wire 73 - http-outgoing-4 << "[\r][\n]"
12-09-2018 12:36:42 Wire.java DEBUG [Forwarding findElement on session 5d15bc8f92dfa57856b0ab35acf0a735 to remote] http.wire 87 - http-outgoing-4 << "{"sessionId":"5d15bc8f92dfa57856b0ab35acf0a735","status":0,"value":{"ELEMENT":"0.9988919500159488-2"}}"
12-09-2018 12:36:42 LoggingManagedHttpClientConnection.java DEBUG [Forwarding findElement on session 5d15bc8f92dfa57856b0ab35acf0a735 to remote] http.headers 122 - http-outgoing-4 << HTTP/1.1 200 OK
12-09-2018 12:36:42 LoggingManagedHttpClientConnection.java DEBUG [Forwarding findElement on session 5d15bc8f92dfa57856b0ab35acf0a735 to remote] http.headers 125 - http-outgoing-4 << Content-Length:102
12-09-2018 12:36:42 LoggingManagedHttpClientConnection.java DEBUG [Forwarding findElement on session 5d15bc8f92dfa57856b0ab35acf0a735 to remote] http.headers 125 - http-outgoing-4 << Content-Type:application/json; charset=utf-8
12-09-2018 12:36:42 MainClientExec.java DEBUG [Forwarding findElement on session 5d15bc8f92dfa57856b0ab35acf0a735 to remote] execchain.MainClientExec 285 - Connection can be kept alive indefinitely
12-09-2018 12:36:42 PoolingHttpClientConnectionManager.java DEBUG [Forwarding findElement on session 5d15bc8f92dfa57856b0ab35acf0a735 to remote] conn.PoolingHttpClientConnectionManager 320 - Connection [id: 4][route: {}->http://localhost:41195] can be kept alive indefinitely
12-09-2018 12:36:42 PoolingHttpClientConnectionManager.java DEBUG [Forwarding findElement on session 5d15bc8f92dfa57856b0ab35acf0a735 to remote] conn.PoolingHttpClientConnectionManager 326 - Connection released: [id: 4][route: {}->http://localhost:41195][total kept alive: 1; route allocated: 1 of 2000; total allocated: 1 of 2000]
12-09-2018 12:36:42 RequestAddCookies.java DEBUG [Forwarding clickElement on session 5d15bc8f92dfa57856b0ab35acf0a735 to remote] protocol.RequestAddCookies 123 - CookieSpec selected: default
12-09-2018 12:36:42 RequestAuthCache.java DEBUG [Forwarding clickElement on session 5d15bc8f92dfa57856b0ab35acf0a735 to remote] protocol.RequestAuthCache 77 - Auth cache not set in the context
12-09-2018 12:36:42 PoolingHttpClientConnectionManager.java DEBUG [Forwarding clickElement on session 5d15bc8f92dfa57856b0ab35acf0a735 to remote] conn.PoolingHttpClientConnectionManager 255 - Connection request: [route: {}->http://localhost:41195][total kept alive: 1; route allocated: 1 of 2000; total allocated: 1 of 2000]
12-09-2018 12:36:42 PoolingHttpClientConnectionManager.java DEBUG [Forwarding clickElement on session 5d15bc8f92dfa57856b0ab35acf0a735 to remote] conn.PoolingHttpClientConnectionManager 288 - Connection leased: [id: 4][route: {}->http://localhost:41195][total kept alive: 0; route allocated: 1 of 2000; total allocated: 1 of 2000]
12-09-2018 12:36:42 MainClientExec.java DEBUG [Forwarding clickElement on session 5d15bc8f92dfa57856b0ab35acf0a735 to remote] execchain.MainClientExec 208 - Stale connection check
12-09-2018 12:36:42 Wire.java DEBUG [Forwarding clickElement on session 5d15bc8f92dfa57856b0ab35acf0a735 to remote] http.wire 87 - http-outgoing-4 << "[read] I/O error: Read timed out"
12-09-2018 12:36:42 LoggingManagedHttpClientConnection.java DEBUG [Forwarding clickElement on session 5d15bc8f92dfa57856b0ab35acf0a735 to remote] conn.DefaultManagedHttpClientConnection 88 - http-outgoing-4: set socket timeout to 10800000
12-09-2018 12:36:42 MainClientExec.java DEBUG [Forwarding clickElement on session 5d15bc8f92dfa57856b0ab35acf0a735 to remote] execchain.MainClientExec 256 - Executing request POST /session/5d15bc8f92dfa57856b0ab35acf0a735/element/0.9988919500159488-2/click HTTP/1.1
12-09-2018 12:36:42 MainClientExec.java DEBUG [Forwarding clickElement on session 5d15bc8f92dfa57856b0ab35acf0a735 to remote] execchain.MainClientExec 261 - Target auth state: UNCHALLENGED
12-09-2018 12:36:42 MainClientExec.java DEBUG [Forwarding clickElement on session 5d15bc8f92dfa57856b0ab35acf0a735 to remote] execchain.MainClientExec 267 - Proxy auth state: UNCHALLENGED
12-09-2018 12:36:42 LoggingManagedHttpClientConnection.java DEBUG [Forwarding clickElement on session 5d15bc8f92dfa57856b0ab35acf0a735 to remote] http.headers 133 - http-outgoing-4 >> POST /session/5d15bc8f92dfa57856b0ab35acf0a735/element/0.9988919500159488-2/click HTTP/1.1
12-09-2018 12:36:42 LoggingManagedHttpClientConnection.java DEBUG [Forwarding clickElement on session 5d15bc8f92dfa57856b0ab35acf0a735 to remote] http.headers 136 - http-outgoing-4 >> Content-Type: application/json; charset=utf-8
12-09-2018 12:36:42 LoggingManagedHttpClientConnection.java DEBUG [Forwarding clickElement on session 5d15bc8f92dfa57856b0ab35acf0a735 to remote] http.headers 136 - http-outgoing-4 >> Content-Length: 29
12-09-2018 12:36:42 LoggingManagedHttpClientConnection.java DEBUG [Forwarding clickElement on session 5d15bc8f92dfa57856b0ab35acf0a735 to remote] http.headers 136 - http-outgoing-4 >> Host: localhost:41195
12-09-2018 12:36:42 LoggingManagedHttpClientConnection.java DEBUG [Forwarding clickElement on session 5d15bc8f92dfa57856b0ab35acf0a735 to remote] http.headers 136 - http-outgoing-4 >> Connection: Keep-Alive
12-09-2018 12:36:42 LoggingManagedHttpClientConnection.java DEBUG [Forwarding clickElement on session 5d15bc8f92dfa57856b0ab35acf0a735 to remote] http.headers 136 - http-outgoing-4 >> User-Agent: Apache-HttpClient/4.5.3 (Java/1.8.0_181)
12-09-2018 12:36:42 LoggingManagedHttpClientConnection.java DEBUG [Forwarding clickElement on session 5d15bc8f92dfa57856b0ab35acf0a735 to remote] http.headers 136 - http-outgoing-4 >> Accept-Encoding: gzip,deflate
12-09-2018 12:36:42 Wire.java DEBUG [Forwarding clickElement on session 5d15bc8f92dfa57856b0ab35acf0a735 to remote] http.wire 73 - http-outgoing-4 >> "POST /session/5d15bc8f92dfa57856b0ab35acf0a735/element/0.9988919500159488-2/click HTTP/1.1[\r][\n]"
12-09-2018 12:36:42 Wire.java DEBUG [Forwarding clickElement on session 5d15bc8f92dfa57856b0ab35acf0a735 to remote] http.wire 73 - http-outgoing-4 >> "Content-Type: application/json; charset=utf-8[\r][\n]"
12-09-2018 12:36:42 Wire.java DEBUG [Forwarding clickElement on session 5d15bc8f92dfa57856b0ab35acf0a735 to remote] http.wire 73 - http-outgoing-4 >> "Content-Length: 29[\r][\n]"
12-09-2018 12:36:42 Wire.java DEBUG [Forwarding clickElement on session 5d15bc8f92dfa57856b0ab35acf0a735 to remote] http.wire 73 - http-outgoing-4 >> "Host: localhost:41195[\r][\n]"
12-09-2018 12:36:42 Wire.java DEBUG [Forwarding clickElement on session 5d15bc8f92dfa57856b0ab35acf0a735 to remote] http.wire 73 - http-outgoing-4 >> "Connection: Keep-Alive[\r][\n]"
12-09-2018 12:36:42 Wire.java DEBUG [Forwarding clickElement on session 5d15bc8f92dfa57856b0ab35acf0a735 to remote] http.wire 73 - http-outgoing-4 >> "User-Agent: Apache-HttpClient/4.5.3 (Java/1.8.0_181)[\r][\n]"
12-09-2018 12:36:42 Wire.java DEBUG [Forwarding clickElement on session 5d15bc8f92dfa57856b0ab35acf0a735 to remote] http.wire 73 - http-outgoing-4 >> "Accept-Encoding: gzip,deflate[\r][\n]"
12-09-2018 12:36:42 Wire.java DEBUG [Forwarding clickElement on session 5d15bc8f92dfa57856b0ab35acf0a735 to remote] http.wire 73 - http-outgoing-4 >> "[\r][\n]"
12-09-2018 12:36:42 Wire.java DEBUG [Forwarding clickElement on session 5d15bc8f92dfa57856b0ab35acf0a735 to remote] http.wire 87 - http-outgoing-4 >> "{"id":"0.9988919500159488-2"}"
12-09-2018 12:36:42 Wire.java DEBUG [Forwarding clickElement on session 5d15bc8f92dfa57856b0ab35acf0a735 to remote] http.wire 73 - http-outgoing-4 << "HTTP/1.1 200 OK[\r][\n]"
12-09-2018 12:36:42 Wire.java DEBUG [Forwarding clickElement on session 5d15bc8f92dfa57856b0ab35acf0a735 to remote] http.wire 73 - http-outgoing-4 << "Content-Length:72[\r][\n]"
12-09-2018 12:36:42 Wire.java DEBUG [Forwarding clickElement on session 5d15bc8f92dfa57856b0ab35acf0a735 to remote] http.wire 73 - http-outgoing-4 << "Content-Type:application/json; charset=utf-8[\r][\n]"
12-09-2018 12:36:42 Wire.java DEBUG [Forwarding clickElement on session 5d15bc8f92dfa57856b0ab35acf0a735 to remote] http.wire 73 - http-outgoing-4 << "[\r][\n]"
12-09-2018 12:36:42 Wire.java DEBUG [Forwarding clickElement on session 5d15bc8f92dfa57856b0ab35acf0a735 to remote] http.wire 87 - http-outgoing-4 << "{"sessionId":"5d15bc8f92dfa57856b0ab35acf0a735","status":0,"value":null}"
12-09-2018 12:36:42 LoggingManagedHttpClientConnection.java DEBUG [Forwarding clickElement on session 5d15bc8f92dfa57856b0ab35acf0a735 to remote] http.headers 122 - http-outgoing-4 << HTTP/1.1 200 OK
12-09-2018 12:36:42 LoggingManagedHttpClientConnection.java DEBUG [Forwarding clickElement on session 5d15bc8f92dfa57856b0ab35acf0a735 to remote] http.headers 125 - http-outgoing-4 << Content-Length:72
12-09-2018 12:36:42 LoggingManagedHttpClientConnection.java DEBUG [Forwarding clickElement on session 5d15bc8f92dfa57856b0ab35acf0a735 to remote] http.headers 125 - http-outgoing-4 << Content-Type:application/json; charset=utf-8
12-09-2018 12:36:42 MainClientExec.java DEBUG [Forwarding clickElement on session 5d15bc8f92dfa57856b0ab35acf0a735 to remote] execchain.MainClientExec 285 - Connection can be kept alive indefinitely
12-09-2018 12:36:42 PoolingHttpClientConnectionManager.java DEBUG [Forwarding clickElement on session 5d15bc8f92dfa57856b0ab35acf0a735 to remote] conn.PoolingHttpClientConnectionManager 320 - Connection [id: 4][route: {}->http://localhost:41195] can be kept alive indefinitely
12-09-2018 12:36:42 PoolingHttpClientConnectionManager.java DEBUG [Forwarding clickElement on session 5d15bc8f92dfa57856b0ab35acf0a735 to remote] conn.PoolingHttpClientConnectionManager 326 - Connection released: [id: 4][route: {}->http://localhost:41195][total kept alive: 1; route allocated: 1 of 2000; total allocated: 1 of 2000]
12-09-2018 12:36:42 RequestAddCookies.java DEBUG [Forwarding findElements on session 5d15bc8f92dfa57856b0ab35acf0a735 to remote] protocol.RequestAddCookies 123 - CookieSpec selected: default
12-09-2018 12:36:42 RequestAuthCache.java DEBUG [Forwarding findElements on session 5d15bc8f92dfa57856b0ab35acf0a735 to remote] protocol.RequestAuthCache 77 - Auth cache not set in the context
12-09-2018 12:36:42 PoolingHttpClientConnectionManager.java DEBUG [Forwarding findElements on session 5d15bc8f92dfa57856b0ab35acf0a735 to remote] conn.PoolingHttpClientConnectionManager 255 - Connection request: [route: {}->http://localhost:41195][total kept alive: 1; route allocated: 1 of 2000; total allocated: 1 of 2000]
12-09-2018 12:36:42 PoolingHttpClientConnectionManager.java DEBUG [Forwarding findElements on session 5d15bc8f92dfa57856b0ab35acf0a735 to remote] conn.PoolingHttpClientConnectionManager 288 - Connection leased: [id: 4][route: {}->http://localhost:41195][total kept alive: 0; route allocated: 1 of 2000; total allocated: 1 of 2000]
12-09-2018 12:36:42 MainClientExec.java DEBUG [Forwarding findElements on session 5d15bc8f92dfa57856b0ab35acf0a735 to remote] execchain.MainClientExec 208 - Stale connection check
12-09-2018 12:36:42 Wire.java DEBUG [Forwarding findElements on session 5d15bc8f92dfa57856b0ab35acf0a735 to remote] http.wire 87 - http-outgoing-4 << "[read] I/O error: Read timed out"
12-09-2018 12:36:42 LoggingManagedHttpClientConnection.java DEBUG [Forwarding findElements on session 5d15bc8f92dfa57856b0ab35acf0a735 to remote] conn.DefaultManagedHttpClientConnection 88 - http-outgoing-4: set socket timeout to 10800000
12-09-2018 12:36:42 MainClientExec.java DEBUG [Forwarding findElements on session 5d15bc8f92dfa57856b0ab35acf0a735 to remote] execchain.MainClientExec 256 - Executing request POST /session/5d15bc8f92dfa57856b0ab35acf0a735/elements HTTP/1.1
12-09-2018 12:36:42 MainClientExec.java DEBUG [Forwarding findElements on session 5d15bc8f92dfa57856b0ab35acf0a735 to remote] execchain.MainClientExec 261 - Target auth state: UNCHALLENGED
12-09-2018 12:36:42 MainClientExec.java DEBUG [Forwarding findElements on session 5d15bc8f92dfa57856b0ab35acf0a735 to remote] execchain.MainClientExec 267 - Proxy auth state: UNCHALLENGED
12-09-2018 12:36:42 LoggingManagedHttpClientConnection.java DEBUG [Forwarding findElements on session 5d15bc8f92dfa57856b0ab35acf0a735 to remote] http.headers 133 - http-outgoing-4 >> POST /session/5d15bc8f92dfa57856b0ab35acf0a735/elements HTTP/1.1
12-09-2018 12:36:42 LoggingManagedHttpClientConnection.java DEBUG [Forwarding findElements on session 5d15bc8f92dfa57856b0ab35acf0a735 to remote] http.headers 136 - http-outgoing-4 >> Content-Type: application/json; charset=utf-8
12-09-2018 12:36:42 LoggingManagedHttpClientConnection.java DEBUG [Forwarding findElements on session 5d15bc8f92dfa57856b0ab35acf0a735 to remote] http.headers 136 - http-outgoing-4 >> Content-Length: 50
12-09-2018 12:36:42 LoggingManagedHttpClientConnection.java DEBUG [Forwarding findElements on session 5d15bc8f92dfa57856b0ab35acf0a735 to remote] http.headers 136 - http-outgoing-4 >> Host: localhost:41195
12-09-2018 12:36:42 LoggingManagedHttpClientConnection.java DEBUG [Forwarding findElements on session 5d15bc8f92dfa57856b0ab35acf0a735 to remote] http.headers 136 - http-outgoing-4 >> Connection: Keep-Alive
12-09-2018 12:36:42 LoggingManagedHttpClientConnection.java DEBUG [Forwarding findElements on session 5d15bc8f92dfa57856b0ab35acf0a735 to remote] http.headers 136 - http-outgoing-4 >> User-Agent: Apache-HttpClient/4.5.3 (Java/1.8.0_181)
12-09-2018 12:36:42 LoggingManagedHttpClientConnection.java DEBUG [Forwarding findElements on session 5d15bc8f92dfa57856b0ab35acf0a735 to remote] http.headers 136 - http-outgoing-4 >> Accept-Encoding: gzip,deflate
12-09-2018 12:36:42 Wire.java DEBUG [Forwarding findElements on session 5d15bc8f92dfa57856b0ab35acf0a735 to remote] http.wire 73 - http-outgoing-4 >> "POST /session/5d15bc8f92dfa57856b0ab35acf0a735/elements HTTP/1.1[\r][\n]"
12-09-2018 12:36:42 Wire.java DEBUG [Forwarding findElements on session 5d15bc8f92dfa57856b0ab35acf0a735 to remote] http.wire 73 - http-outgoing-4 >> "Content-Type: application/json; charset=utf-8[\r][\n]"
12-09-2018 12:36:42 Wire.java DEBUG [Forwarding findElements on session 5d15bc8f92dfa57856b0ab35acf0a735 to remote] http.wire 73 - http-outgoing-4 >> "Content-Length: 50[\r][\n]"
12-09-2018 12:36:42 Wire.java DEBUG [Forwarding findElements on session 5d15bc8f92dfa57856b0ab35acf0a735 to remote] http.wire 73 - http-outgoing-4 >> "Host: localhost:41195[\r][\n]"
12-09-2018 12:36:42 Wire.java DEBUG [Forwarding findElements on session 5d15bc8f92dfa57856b0ab35acf0a735 to remote] http.wire 73 - http-outgoing-4 >> "Connection: Keep-Alive[\r][\n]"
12-09-2018 12:36:42 Wire.java DEBUG [Forwarding findElements on session 5d15bc8f92dfa57856b0ab35acf0a735 to remote] http.wire 73 - http-outgoing-4 >> "User-Agent: Apache-HttpClient/4.5.3 (Java/1.8.0_181)[\r][\n]"
12-09-2018 12:36:42 Wire.java DEBUG [Forwarding findElements on session 5d15bc8f92dfa57856b0ab35acf0a735 to remote] http.wire 73 - http-outgoing-4 >> "Accept-Encoding: gzip,deflate[\r][\n]"
12-09-2018 12:36:42 Wire.java DEBUG [Forwarding findElements on session 5d15bc8f92dfa57856b0ab35acf0a735 to remote] http.wire 73 - http-outgoing-4 >> "[\r][\n]"
12-09-2018 12:36:42 Wire.java DEBUG [Forwarding findElements on session 5d15bc8f92dfa57856b0ab35acf0a735 to remote] http.wire 87 - http-outgoing-4 >> "{"using":"xpath","value":"//div[@jsname='B34EJ']"}"
12-09-2018 12:36:42 Wire.java DEBUG [Forwarding findElements on session 5d15bc8f92dfa57856b0ab35acf0a735 to remote] http.wire 73 - http-outgoing-4 << "HTTP/1.1 200 OK[\r][\n]"
12-09-2018 12:36:42 Wire.java DEBUG [Forwarding findElements on session 5d15bc8f92dfa57856b0ab35acf0a735 to remote] http.wire 73 - http-outgoing-4 << "Content-Length:139[\r][\n]"
12-09-2018 12:36:42 Wire.java DEBUG [Forwarding findElements on session 5d15bc8f92dfa57856b0ab35acf0a735 to remote] http.wire 73 - http-outgoing-4 << "Content-Type:application/json; charset=utf-8[\r][\n]"
12-09-2018 12:36:42 Wire.java DEBUG [Forwarding findElements on session 5d15bc8f92dfa57856b0ab35acf0a735 to remote] http.wire 73 - http-outgoing-4 << "[\r][\n]"
12-09-2018 12:36:42 Wire.java DEBUG [Forwarding findElements on session 5d15bc8f92dfa57856b0ab35acf0a735 to remote] http.wire 87 - http-outgoing-4 << "{"sessionId":"5d15bc8f92dfa57856b0ab35acf0a735","status":0,"value":[{"ELEMENT":"0.9988919500159488-3"},{"ELEMENT":"0.9988919500159488-4"}]}"
12-09-2018 12:36:42 LoggingManagedHttpClientConnection.java DEBUG [Forwarding findElements on session 5d15bc8f92dfa57856b0ab35acf0a735 to remote] http.headers 122 - http-outgoing-4 << HTTP/1.1 200 OK
12-09-2018 12:36:42 LoggingManagedHttpClientConnection.java DEBUG [Forwarding findElements on session 5d15bc8f92dfa57856b0ab35acf0a735 to remote] http.headers 125 - http-outgoing-4 << Content-Length:139
12-09-2018 12:36:42 LoggingManagedHttpClientConnection.java DEBUG [Forwarding findElements on session 5d15bc8f92dfa57856b0ab35acf0a735 to remote] http.headers 125 - http-outgoing-4 << Content-Type:application/json; charset=utf-8
12-09-2018 12:36:42 MainClientExec.java DEBUG [Forwarding findElements on session 5d15bc8f92dfa57856b0ab35acf0a735 to remote] execchain.MainClientExec 285 - Connection can be kept alive indefinitely
12-09-2018 12:36:42 PoolingHttpClientConnectionManager.java DEBUG [Forwarding findElements on session 5d15bc8f92dfa57856b0ab35acf0a735 to remote] conn.PoolingHttpClientConnectionManager 320 - Connection [id: 4][route: {}->http://localhost:41195] can be kept alive indefinitely
12-09-2018 12:36:42 PoolingHttpClientConnectionManager.java DEBUG [Forwarding findElements on session 5d15bc8f92dfa57856b0ab35acf0a735 to remote] conn.PoolingHttpClientConnectionManager 326 - Connection released: [id: 4][route: {}->http://localhost:41195][total kept alive: 1; route allocated: 1 of 2000; total allocated: 1 of 2000]
12-09-2018 12:36:42 RequestAddCookies.java DEBUG [Forwarding findElements on session 5d15bc8f92dfa57856b0ab35acf0a735 to remote] protocol.RequestAddCookies 123 - CookieSpec selected: default
12-09-2018 12:36:42 RequestAuthCache.java DEBUG [Forwarding findElements on session 5d15bc8f92dfa57856b0ab35acf0a735 to remote] protocol.RequestAuthCache 77 - Auth cache not set in the context
12-09-2018 12:36:42 PoolingHttpClientConnectionManager.java DEBUG [Forwarding findElements on session 5d15bc8f92dfa57856b0ab35acf0a735 to remote] conn.PoolingHttpClientConnectionManager 255 - Connection request: [route: {}->http://localhost:41195][total kept alive: 1; route allocated: 1 of 2000; total allocated: 1 of 2000]
12-09-2018 12:36:42 PoolingHttpClientConnectionManager.java DEBUG [Forwarding findElements on session 5d15bc8f92dfa57856b0ab35acf0a735 to remote] conn.PoolingHttpClientConnectionManager 288 - Connection leased: [id: 4][route: {}->http://localhost:41195][total kept alive: 0; route allocated: 1 of 2000; total allocated: 1 of 2000]
12-09-2018 12:36:42 MainClientExec.java DEBUG [Forwarding findElements on session 5d15bc8f92dfa57856b0ab35acf0a735 to remote] execchain.MainClientExec 208 - Stale connection check
12-09-2018 12:36:42 Wire.java DEBUG [Forwarding findElements on session 5d15bc8f92dfa57856b0ab35acf0a735 to remote] http.wire 87 - http-outgoing-4 << "[read] I/O error: Read timed out"
12-09-2018 12:36:42 LoggingManagedHttpClientConnection.java DEBUG [Forwarding findElements on session 5d15bc8f92dfa57856b0ab35acf0a735 to remote] conn.DefaultManagedHttpClientConnection 88 - http-outgoing-4: set socket timeout to 10800000
12-09-2018 12:36:42 MainClientExec.java DEBUG [Forwarding findElements on session 5d15bc8f92dfa57856b0ab35acf0a735 to remote] execchain.MainClientExec 256 - Executing request POST /session/5d15bc8f92dfa57856b0ab35acf0a735/elements HTTP/1.1
12-09-2018 12:36:42 MainClientExec.java DEBUG [Forwarding findElements on session 5d15bc8f92dfa57856b0ab35acf0a735 to remote] execchain.MainClientExec 261 - Target auth state: UNCHALLENGED
12-09-2018 12:36:42 MainClientExec.java DEBUG [Forwarding findElements on session 5d15bc8f92dfa57856b0ab35acf0a735 to remote] execchain.MainClientExec 267 - Proxy auth state: UNCHALLENGED
12-09-2018 12:36:42 LoggingManagedHttpClientConnection.java DEBUG [Forwarding findElements on session 5d15bc8f92dfa57856b0ab35acf0a735 to remote] http.headers 133 - http-outgoing-4 >> POST /session/5d15bc8f92dfa57856b0ab35acf0a735/elements HTTP/1.1
12-09-2018 12:36:42 LoggingManagedHttpClientConnection.java DEBUG [Forwarding findElements on session 5d15bc8f92dfa57856b0ab35acf0a735 to remote] http.headers 136 - http-outgoing-4 >> Content-Type: application/json; charset=utf-8
12-09-2018 12:36:42 LoggingManagedHttpClientConnection.java DEBUG [Forwarding findElements on session 5d15bc8f92dfa57856b0ab35acf0a735 to remote] http.headers 136 - http-outgoing-4 >> Content-Length: 50
12-09-2018 12:36:42 LoggingManagedHttpClientConnection.java DEBUG [Forwarding findElements on session 5d15bc8f92dfa57856b0ab35acf0a735 to remote] http.headers 136 - http-outgoing-4 >> Host: localhost:41195
12-09-2018 12:36:42 LoggingManagedHttpClientConnection.java DEBUG [Forwarding findElements on session 5d15bc8f92dfa57856b0ab35acf0a735 to remote] http.headers 136 - http-outgoing-4 >> Connection: Keep-Alive
12-09-2018 12:36:42 LoggingManagedHttpClientConnection.java DEBUG [Forwarding findElements on session 5d15bc8f92dfa57856b0ab35acf0a735 to remote] http.headers 136 - http-outgoing-4 >> User-Agent: Apache-HttpClient/4.5.3 (Java/1.8.0_181)
12-09-2018 12:36:42 LoggingManagedHttpClientConnection.java DEBUG [Forwarding findElements on session 5d15bc8f92dfa57856b0ab35acf0a735 to remote] http.headers 136 - http-outgoing-4 >> Accept-Encoding: gzip,deflate
12-09-2018 12:36:42 Wire.java DEBUG [Forwarding findElements on session 5d15bc8f92dfa57856b0ab35acf0a735 to remote] http.wire 73 - http-outgoing-4 >> "POST /session/5d15bc8f92dfa57856b0ab35acf0a735/elements HTTP/1.1[\r][\n]"
12-09-2018 12:36:42 Wire.java DEBUG [Forwarding findElements on session 5d15bc8f92dfa57856b0ab35acf0a735 to remote] http.wire 73 - http-outgoing-4 >> "Content-Type: application/json; charset=utf-8[\r][\n]"
12-09-2018 12:36:42 Wire.java DEBUG [Forwarding findElements on session 5d15bc8f92dfa57856b0ab35acf0a735 to remote] http.wire 73 - http-outgoing-4 >> "Content-Length: 50[\r][\n]"
12-09-2018 12:36:42 Wire.java DEBUG [Forwarding findElements on session 5d15bc8f92dfa57856b0ab35acf0a735 to remote] http.wire 73 - http-outgoing-4 >> "Host: localhost:41195[\r][\n]"
12-09-2018 12:36:42 Wire.java DEBUG [Forwarding findElements on session 5d15bc8f92dfa57856b0ab35acf0a735 to remote] http.wire 73 - http-outgoing-4 >> "Connection: Keep-Alive[\r][\n]"
12-09-2018 12:36:42 Wire.java DEBUG [Forwarding findElements on session 5d15bc8f92dfa57856b0ab35acf0a735 to remote] http.wire 73 - http-outgoing-4 >> "User-Agent: Apache-HttpClient/4.5.3 (Java/1.8.0_181)[\r][\n]"
12-09-2018 12:36:42 Wire.java DEBUG [Forwarding findElements on session 5d15bc8f92dfa57856b0ab35acf0a735 to remote] http.wire 73 - http-outgoing-4 >> "Accept-Encoding: gzip,deflate[\r][\n]"
12-09-2018 12:36:42 Wire.java DEBUG [Forwarding findElements on session 5d15bc8f92dfa57856b0ab35acf0a735 to remote] http.wire 73 - http-outgoing-4 >> "[\r][\n]"
12-09-2018 12:36:42 Wire.java DEBUG [Forwarding findElements on session 5d15bc8f92dfa57856b0ab35acf0a735 to remote] http.wire 87 - http-outgoing-4 >> "{"using":"xpath","value":"//div[@jsname='B34EJ']"}"
12-09-2018 12:36:42 Wire.java DEBUG [Forwarding findElements on session 5d15bc8f92dfa57856b0ab35acf0a735 to remote] http.wire 73 - http-outgoing-4 << "HTTP/1.1 200 OK[\r][\n]"
12-09-2018 12:36:42 Wire.java DEBUG [Forwarding findElements on session 5d15bc8f92dfa57856b0ab35acf0a735 to remote] http.wire 73 - http-outgoing-4 << "Content-Length:139[\r][\n]"
12-09-2018 12:36:42 Wire.java DEBUG [Forwarding findElements on session 5d15bc8f92dfa57856b0ab35acf0a735 to remote] http.wire 73 - http-outgoing-4 << "Content-Type:application/json; charset=utf-8[\r][\n]"
12-09-2018 12:36:42 Wire.java DEBUG [Forwarding findElements on session 5d15bc8f92dfa57856b0ab35acf0a735 to remote] http.wire 73 - http-outgoing-4 << "[\r][\n]"
12-09-2018 12:36:42 Wire.java DEBUG [Forwarding findElements on session 5d15bc8f92dfa57856b0ab35acf0a735 to remote] http.wire 87 - http-outgoing-4 << "{"sessionId":"5d15bc8f92dfa57856b0ab35acf0a735","status":0,"value":[{"ELEMENT":"0.9988919500159488-3"},{"ELEMENT":"0.9988919500159488-4"}]}"
12-09-2018 12:36:42 LoggingManagedHttpClientConnection.java DEBUG [Forwarding findElements on session 5d15bc8f92dfa57856b0ab35acf0a735 to remote] http.headers 122 - http-outgoing-4 << HTTP/1.1 200 OK
12-09-2018 12:36:42 LoggingManagedHttpClientConnection.java DEBUG [Forwarding findElements on session 5d15bc8f92dfa57856b0ab35acf0a735 to remote] http.headers 125 - http-outgoing-4 << Content-Length:139
12-09-2018 12:36:42 LoggingManagedHttpClientConnection.java DEBUG [Forwarding findElements on session 5d15bc8f92dfa57856b0ab35acf0a735 to remote] http.headers 125 - http-outgoing-4 << Content-Type:application/json; charset=utf-8
12-09-2018 12:36:42 MainClientExec.java DEBUG [Forwarding findElements on session 5d15bc8f92dfa57856b0ab35acf0a735 to remote] execchain.MainClientExec 285 - Connection can be kept alive indefinitely
12-09-2018 12:36:42 PoolingHttpClientConnectionManager.java DEBUG [Forwarding findElements on session 5d15bc8f92dfa57856b0ab35acf0a735 to remote] conn.PoolingHttpClientConnectionManager 320 - Connection [id: 4][route: {}->http://localhost:41195] can be kept alive indefinitely
12-09-2018 12:36:42 PoolingHttpClientConnectionManager.java DEBUG [Forwarding findElements on session 5d15bc8f92dfa57856b0ab35acf0a735 to remote] conn.PoolingHttpClientConnectionManager 326 - Connection released: [id: 4][route: {}->http://localhost:41195][total kept alive: 1; route allocated: 1 of 2000; total allocated: 1 of 2000]
12-09-2018 12:36:42 RequestAddCookies.java DEBUG [Forwarding getElementText on session 5d15bc8f92dfa57856b0ab35acf0a735 to remote] protocol.RequestAddCookies 123 - CookieSpec selected: default
12-09-2018 12:36:42 RequestAuthCache.java DEBUG [Forwarding getElementText on session 5d15bc8f92dfa57856b0ab35acf0a735 to remote] protocol.RequestAuthCache 77 - Auth cache not set in the context
12-09-2018 12:36:42 PoolingHttpClientConnectionManager.java DEBUG [Forwarding getElementText on session 5d15bc8f92dfa57856b0ab35acf0a735 to remote] conn.PoolingHttpClientConnectionManager 255 - Connection request: [route: {}->http://localhost:41195][total kept alive: 1; route allocated: 1 of 2000; total allocated: 1 of 2000]
12-09-2018 12:36:42 PoolingHttpClientConnectionManager.java DEBUG [Forwarding getElementText on session 5d15bc8f92dfa57856b0ab35acf0a735 to remote] conn.PoolingHttpClientConnectionManager 288 - Connection leased: [id: 4][route: {}->http://localhost:41195][total kept alive: 0; route allocated: 1 of 2000; total allocated: 1 of 2000]
12-09-2018 12:36:42 MainClientExec.java DEBUG [Forwarding getElementText on session 5d15bc8f92dfa57856b0ab35acf0a735 to remote] execchain.MainClientExec 208 - Stale connection check
12-09-2018 12:36:42 Wire.java DEBUG [Forwarding getElementText on session 5d15bc8f92dfa57856b0ab35acf0a735 to remote] http.wire 87 - http-outgoing-4 << "[read] I/O error: Read timed out"
12-09-2018 12:36:42 LoggingManagedHttpClientConnection.java DEBUG [Forwarding getElementText on session 5d15bc8f92dfa57856b0ab35acf0a735 to remote] conn.DefaultManagedHttpClientConnection 88 - http-outgoing-4: set socket timeout to 10800000
12-09-2018 12:36:42 MainClientExec.java DEBUG [Forwarding getElementText on session 5d15bc8f92dfa57856b0ab35acf0a735 to remote] execchain.MainClientExec 256 - Executing request GET /session/5d15bc8f92dfa57856b0ab35acf0a735/element/0.9988919500159488-3/text HTTP/1.1
12-09-2018 12:36:42 MainClientExec.java DEBUG [Forwarding getElementText on session 5d15bc8f92dfa57856b0ab35acf0a735 to remote] execchain.MainClientExec 261 - Target auth state: UNCHALLENGED
12-09-2018 12:36:42 MainClientExec.java DEBUG [Forwarding getElementText on session 5d15bc8f92dfa57856b0ab35acf0a735 to remote] execchain.MainClientExec 267 - Proxy auth state: UNCHALLENGED
12-09-2018 12:36:42 LoggingManagedHttpClientConnection.java DEBUG [Forwarding getElementText on session 5d15bc8f92dfa57856b0ab35acf0a735 to remote] http.headers 133 - http-outgoing-4 >> GET /session/5d15bc8f92dfa57856b0ab35acf0a735/element/0.9988919500159488-3/text HTTP/1.1
12-09-2018 12:36:42 LoggingManagedHttpClientConnection.java DEBUG [Forwarding getElementText on session 5d15bc8f92dfa57856b0ab35acf0a735 to remote] http.headers 136 - http-outgoing-4 >> Cache-Control: no-cache
12-09-2018 12:36:42 LoggingManagedHttpClientConnection.java DEBUG [Forwarding getElementText on session 5d15bc8f92dfa57856b0ab35acf0a735 to remote] http.headers 136 - http-outgoing-4 >> Host: localhost:41195
12-09-2018 12:36:42 LoggingManagedHttpClientConnection.java DEBUG [Forwarding getElementText on session 5d15bc8f92dfa57856b0ab35acf0a735 to remote] http.headers 136 - http-outgoing-4 >> Connection: Keep-Alive
12-09-2018 12:36:42 LoggingManagedHttpClientConnection.java DEBUG [Forwarding getElementText on session 5d15bc8f92dfa57856b0ab35acf0a735 to remote] http.headers 136 - http-outgoing-4 >> User-Agent: Apache-HttpClient/4.5.3 (Java/1.8.0_181)
12-09-2018 12:36:42 LoggingManagedHttpClientConnection.java DEBUG [Forwarding getElementText on session 5d15bc8f92dfa57856b0ab35acf0a735 to remote] http.headers 136 - http-outgoing-4 >> Accept-Encoding: gzip,deflate
12-09-2018 12:36:42 Wire.java DEBUG [Forwarding getElementText on session 5d15bc8f92dfa57856b0ab35acf0a735 to remote] http.wire 73 - http-outgoing-4 >> "GET /session/5d15bc8f92dfa57856b0ab35acf0a735/element/0.9988919500159488-3/text HTTP/1.1[\r][\n]"
12-09-2018 12:36:42 Wire.java DEBUG [Forwarding getElementText on session 5d15bc8f92dfa57856b0ab35acf0a735 to remote] http.wire 73 - http-outgoing-4 >> "Cache-Control: no-cache[\r][\n]"
12-09-2018 12:36:42 Wire.java DEBUG [Forwarding getElementText on session 5d15bc8f92dfa57856b0ab35acf0a735 to remote] http.wire 73 - http-outgoing-4 >> "Host: localhost:41195[\r][\n]"
12-09-2018 12:36:42 Wire.java DEBUG [Forwarding getElementText on session 5d15bc8f92dfa57856b0ab35acf0a735 to remote] http.wire 73 - http-outgoing-4 >> "Connection: Keep-Alive[\r][\n]"
12-09-2018 12:36:42 Wire.java DEBUG [Forwarding getElementText on session 5d15bc8f92dfa57856b0ab35acf0a735 to remote] http.wire 73 - http-outgoing-4 >> "User-Agent: Apache-HttpClient/4.5.3 (Java/1.8.0_181)[\r][\n]"
12-09-2018 12:36:42 Wire.java DEBUG [Forwarding getElementText on session 5d15bc8f92dfa57856b0ab35acf0a735 to remote] http.wire 73 - http-outgoing-4 >> "Accept-Encoding: gzip,deflate[\r][\n]"
12-09-2018 12:36:42 Wire.java DEBUG [Forwarding getElementText on session 5d15bc8f92dfa57856b0ab35acf0a735 to remote] http.wire 73 - http-outgoing-4 >> "[\r][\n]"
12-09-2018 12:36:42 Wire.java DEBUG [Forwarding getElementText on session 5d15bc8f92dfa57856b0ab35acf0a735 to remote] http.wire 73 - http-outgoing-4 << "HTTP/1.1 200 OK[\r][\n]"
12-09-2018 12:36:42 Wire.java DEBUG [Forwarding getElementText on session 5d15bc8f92dfa57856b0ab35acf0a735 to remote] http.wire 73 - http-outgoing-4 << "Content-Length:70[\r][\n]"
12-09-2018 12:36:42 Wire.java DEBUG [Forwarding getElementText on session 5d15bc8f92dfa57856b0ab35acf0a735 to remote] http.wire 73 - http-outgoing-4 << "Content-Type:application/json; charset=utf-8[\r][\n]"
12-09-2018 12:36:42 Wire.java DEBUG [Forwarding getElementText on session 5d15bc8f92dfa57856b0ab35acf0a735 to remote] http.wire 73 - http-outgoing-4 << "[\r][\n]"
12-09-2018 12:36:42 Wire.java DEBUG [Forwarding getElementText on session 5d15bc8f92dfa57856b0ab35acf0a735 to remote] http.wire 87 - http-outgoing-4 << "{"sessionId":"5d15bc8f92dfa57856b0ab35acf0a735","status":0,"value":""}"
12-09-2018 12:36:42 LoggingManagedHttpClientConnection.java DEBUG [Forwarding getElementText on session 5d15bc8f92dfa57856b0ab35acf0a735 to remote] http.headers 122 - http-outgoing-4 << HTTP/1.1 200 OK
12-09-2018 12:36:42 LoggingManagedHttpClientConnection.java DEBUG [Forwarding getElementText on session 5d15bc8f92dfa57856b0ab35acf0a735 to remote] http.headers 125 - http-outgoing-4 << Content-Length:70
12-09-2018 12:36:42 LoggingManagedHttpClientConnection.java DEBUG [Forwarding getElementText on session 5d15bc8f92dfa57856b0ab35acf0a735 to remote] http.headers 125 - http-outgoing-4 << Content-Type:application/json; charset=utf-8
12-09-2018 12:36:42 MainClientExec.java DEBUG [Forwarding getElementText on session 5d15bc8f92dfa57856b0ab35acf0a735 to remote] execchain.MainClientExec 285 - Connection can be kept alive indefinitely
12-09-2018 12:36:42 PoolingHttpClientConnectionManager.java DEBUG [Forwarding getElementText on session 5d15bc8f92dfa57856b0ab35acf0a735 to remote] conn.PoolingHttpClientConnectionManager 320 - Connection [id: 4][route: {}->http://localhost:41195] can be kept alive indefinitely
12-09-2018 12:36:42 PoolingHttpClientConnectionManager.java DEBUG [Forwarding getElementText on session 5d15bc8f92dfa57856b0ab35acf0a735 to remote] conn.PoolingHttpClientConnectionManager 326 - Connection released: [id: 4][route: {}->http://localhost:41195][total kept alive: 1; route allocated: 1 of 2000; total allocated: 1 of 2000]
12-09-2018 12:36:42 RequestAddCookies.java DEBUG [Forwarding getElementText on session 5d15bc8f92dfa57856b0ab35acf0a735 to remote] protocol.RequestAddCookies 123 - CookieSpec selected: default
12-09-2018 12:36:42 RequestAuthCache.java DEBUG [Forwarding getElementText on session 5d15bc8f92dfa57856b0ab35acf0a735 to remote] protocol.RequestAuthCache 77 - Auth cache not set in the context
12-09-2018 12:36:42 PoolingHttpClientConnectionManager.java DEBUG [Forwarding getElementText on session 5d15bc8f92dfa57856b0ab35acf0a735 to remote] conn.PoolingHttpClientConnectionManager 255 - Connection request: [route: {}->http://localhost:41195][total kept alive: 1; route allocated: 1 of 2000; total allocated: 1 of 2000]
12-09-2018 12:36:42 PoolingHttpClientConnectionManager.java DEBUG [Forwarding getElementText on session 5d15bc8f92dfa57856b0ab35acf0a735 to remote] conn.PoolingHttpClientConnectionManager 288 - Connection leased: [id: 4][route: {}->http://localhost:41195][total kept alive: 0; route allocated: 1 of 2000; total allocated: 1 of 2000]
12-09-2018 12:36:42 MainClientExec.java DEBUG [Forwarding getElementText on session 5d15bc8f92dfa57856b0ab35acf0a735 to remote] execchain.MainClientExec 208 - Stale connection check
12-09-2018 12:36:42 Wire.java DEBUG [Forwarding getElementText on session 5d15bc8f92dfa57856b0ab35acf0a735 to remote] http.wire 87 - http-outgoing-4 << "[read] I/O error: Read timed out"
12-09-2018 12:36:42 LoggingManagedHttpClientConnection.java DEBUG [Forwarding getElementText on session 5d15bc8f92dfa57856b0ab35acf0a735 to remote] conn.DefaultManagedHttpClientConnection 88 - http-outgoing-4: set socket timeout to 10800000
12-09-2018 12:36:42 MainClientExec.java DEBUG [Forwarding getElementText on session 5d15bc8f92dfa57856b0ab35acf0a735 to remote] execchain.MainClientExec 256 - Executing request GET /session/5d15bc8f92dfa57856b0ab35acf0a735/element/0.9988919500159488-3/text HTTP/1.1
12-09-2018 12:36:42 MainClientExec.java DEBUG [Forwarding getElementText on session 5d15bc8f92dfa57856b0ab35acf0a735 to remote] execchain.MainClientExec 261 - Target auth state: UNCHALLENGED
12-09-2018 12:36:42 MainClientExec.java DEBUG [Forwarding getElementText on session 5d15bc8f92dfa57856b0ab35acf0a735 to remote] execchain.MainClientExec 267 - Proxy auth state: UNCHALLENGED
12-09-2018 12:36:42 LoggingManagedHttpClientConnection.java DEBUG [Forwarding getElementText on session 5d15bc8f92dfa57856b0ab35acf0a735 to remote] http.headers 133 - http-outgoing-4 >> GET /session/5d15bc8f92dfa57856b0ab35acf0a735/element/0.9988919500159488-3/text HTTP/1.1
12-09-2018 12:36:42 LoggingManagedHttpClientConnection.java DEBUG [Forwarding getElementText on session 5d15bc8f92dfa57856b0ab35acf0a735 to remote] http.headers 136 - http-outgoing-4 >> Cache-Control: no-cache
12-09-2018 12:36:42 LoggingManagedHttpClientConnection.java DEBUG [Forwarding getElementText on session 5d15bc8f92dfa57856b0ab35acf0a735 to remote] http.headers 136 - http-outgoing-4 >> Host: localhost:41195
12-09-2018 12:36:42 LoggingManagedHttpClientConnection.java DEBUG [Forwarding getElementText on session 5d15bc8f92dfa57856b0ab35acf0a735 to remote] http.headers 136 - http-outgoing-4 >> Connection: Keep-Alive
12-09-2018 12:36:42 LoggingManagedHttpClientConnection.java DEBUG [Forwarding getElementText on session 5d15bc8f92dfa57856b0ab35acf0a735 to remote] http.headers 136 - http-outgoing-4 >> User-Agent: Apache-HttpClient/4.5.3 (Java/1.8.0_181)
12-09-2018 12:36:42 LoggingManagedHttpClientConnection.java DEBUG [Forwarding getElementText on session 5d15bc8f92dfa57856b0ab35acf0a735 to remote] http.headers 136 - http-outgoing-4 >> Accept-Encoding: gzip,deflate
12-09-2018 12:36:42 Wire.java DEBUG [Forwarding getElementText on session 5d15bc8f92dfa57856b0ab35acf0a735 to remote] http.wire 73 - http-outgoing-4 >> "GET /session/5d15bc8f92dfa57856b0ab35acf0a735/element/0.9988919500159488-3/text HTTP/1.1[\r][\n]"
12-09-2018 12:36:42 Wire.java DEBUG [Forwarding getElementText on session 5d15bc8f92dfa57856b0ab35acf0a735 to remote] http.wire 73 - http-outgoing-4 >> "Cache-Control: no-cache[\r][\n]"
12-09-2018 12:36:42 Wire.java DEBUG [Forwarding getElementText on session 5d15bc8f92dfa57856b0ab35acf0a735 to remote] http.wire 73 - http-outgoing-4 >> "Host: localhost:41195[\r][\n]"
12-09-2018 12:36:42 Wire.java DEBUG [Forwarding getElementText on session 5d15bc8f92dfa57856b0ab35acf0a735 to remote] http.wire 73 - http-outgoing-4 >> "Connection: Keep-Alive[\r][\n]"
12-09-2018 12:36:42 Wire.java DEBUG [Forwarding getElementText on session 5d15bc8f92dfa57856b0ab35acf0a735 to remote] http.wire 73 - http-outgoing-4 >> "User-Agent: Apache-HttpClient/4.5.3 (Java/1.8.0_181)[\r][\n]"
12-09-2018 12:36:42 Wire.java DEBUG [Forwarding getElementText on session 5d15bc8f92dfa57856b0ab35acf0a735 to remote] http.wire 73 - http-outgoing-4 >> "Accept-Encoding: gzip,deflate[\r][\n]"
12-09-2018 12:36:42 Wire.java DEBUG [Forwarding getElementText on session 5d15bc8f92dfa57856b0ab35acf0a735 to remote] http.wire 73 - http-outgoing-4 >> "[\r][\n]"
12-09-2018 12:36:42 Wire.java DEBUG [Forwarding getElementText on session 5d15bc8f92dfa57856b0ab35acf0a735 to remote] http.wire 73 - http-outgoing-4 << "HTTP/1.1 200 OK[\r][\n]"
12-09-2018 12:36:42 Wire.java DEBUG [Forwarding getElementText on session 5d15bc8f92dfa57856b0ab35acf0a735 to remote] http.wire 73 - http-outgoing-4 << "Content-Length:70[\r][\n]"
12-09-2018 12:36:42 Wire.java DEBUG [Forwarding getElementText on session 5d15bc8f92dfa57856b0ab35acf0a735 to remote] http.wire 73 - http-outgoing-4 << "Content-Type:application/json; charset=utf-8[\r][\n]"
12-09-2018 12:36:42 Wire.java DEBUG [Forwarding getElementText on session 5d15bc8f92dfa57856b0ab35acf0a735 to remote] http.wire 73 - http-outgoing-4 << "[\r][\n]"
12-09-2018 12:36:42 Wire.java DEBUG [Forwarding getElementText on session 5d15bc8f92dfa57856b0ab35acf0a735 to remote] http.wire 87 - http-outgoing-4 << "{"sessionId":"5d15bc8f92dfa57856b0ab35acf0a735","status":0,"value":""}"
12-09-2018 12:36:42 LoggingManagedHttpClientConnection.java DEBUG [Forwarding getElementText on session 5d15bc8f92dfa57856b0ab35acf0a735 to remote] http.headers 122 - http-outgoing-4 << HTTP/1.1 200 OK
12-09-2018 12:36:42 LoggingManagedHttpClientConnection.java DEBUG [Forwarding getElementText on session 5d15bc8f92dfa57856b0ab35acf0a735 to remote] http.headers 125 - http-outgoing-4 << Content-Length:70
12-09-2018 12:36:42 LoggingManagedHttpClientConnection.java DEBUG [Forwarding getElementText on session 5d15bc8f92dfa57856b0ab35acf0a735 to remote] http.headers 125 - http-outgoing-4 << Content-Type:application/json; charset=utf-8
12-09-2018 12:36:42 MainClientExec.java DEBUG [Forwarding getElementText on session 5d15bc8f92dfa57856b0ab35acf0a735 to remote] execchain.MainClientExec 285 - Connection can be kept alive indefinitely
12-09-2018 12:36:42 PoolingHttpClientConnectionManager.java DEBUG [Forwarding getElementText on session 5d15bc8f92dfa57856b0ab35acf0a735 to remote] conn.PoolingHttpClientConnectionManager 320 - Connection [id: 4][route: {}->http://localhost:41195] can be kept alive indefinitely
12-09-2018 12:36:42 PoolingHttpClientConnectionManager.java DEBUG [Forwarding getElementText on session 5d15bc8f92dfa57856b0ab35acf0a735 to remote] conn.PoolingHttpClientConnectionManager 326 - Connection released: [id: 4][route: {}->http://localhost:41195][total kept alive: 1; route allocated: 1 of 2000; total allocated: 1 of 2000]
12-09-2018 12:36:42 RequestAddCookies.java DEBUG [Forwarding getElementText on session 5d15bc8f92dfa57856b0ab35acf0a735 to remote] protocol.RequestAddCookies 123 - CookieSpec selected: default
12-09-2018 12:36:42 RequestAuthCache.java DEBUG [Forwarding getElementText on session 5d15bc8f92dfa57856b0ab35acf0a735 to remote] protocol.RequestAuthCache 77 - Auth cache not set in the context
12-09-2018 12:36:42 PoolingHttpClientConnectionManager.java DEBUG [Forwarding getElementText on session 5d15bc8f92dfa57856b0ab35acf0a735 to remote] conn.PoolingHttpClientConnectionManager 255 - Connection request: [route: {}->http://localhost:41195][total kept alive: 1; route allocated: 1 of 2000; total allocated: 1 of 2000]
12-09-2018 12:36:42 PoolingHttpClientConnectionManager.java DEBUG [Forwarding getElementText on session 5d15bc8f92dfa57856b0ab35acf0a735 to remote] conn.PoolingHttpClientConnectionManager 288 - Connection leased: [id: 4][route: {}->http://localhost:41195][total kept alive: 0; route allocated: 1 of 2000; total allocated: 1 of 2000]
12-09-2018 12:36:42 MainClientExec.java DEBUG [Forwarding getElementText on session 5d15bc8f92dfa57856b0ab35acf0a735 to remote] execchain.MainClientExec 208 - Stale connection check
12-09-2018 12:36:42 Wire.java DEBUG [Forwarding getElementText on session 5d15bc8f92dfa57856b0ab35acf0a735 to remote] http.wire 87 - http-outgoing-4 << "[read] I/O error: Read timed out"
12-09-2018 12:36:42 LoggingManagedHttpClientConnection.java DEBUG [Forwarding getElementText on session 5d15bc8f92dfa57856b0ab35acf0a735 to remote] conn.DefaultManagedHttpClientConnection 88 - http-outgoing-4: set socket timeout to 10800000
12-09-2018 12:36:42 MainClientExec.java DEBUG [Forwarding getElementText on session 5d15bc8f92dfa57856b0ab35acf0a735 to remote] execchain.MainClientExec 256 - Executing request GET /session/5d15bc8f92dfa57856b0ab35acf0a735/element/0.9988919500159488-4/text HTTP/1.1
12-09-2018 12:36:42 MainClientExec.java DEBUG [Forwarding getElementText on session 5d15bc8f92dfa57856b0ab35acf0a735 to remote] execchain.MainClientExec 261 - Target auth state: UNCHALLENGED
12-09-2018 12:36:42 MainClientExec.java DEBUG [Forwarding getElementText on session 5d15bc8f92dfa57856b0ab35acf0a735 to remote] execchain.MainClientExec 267 - Proxy auth state: UNCHALLENGED
12-09-2018 12:36:42 LoggingManagedHttpClientConnection.java DEBUG [Forwarding getElementText on session 5d15bc8f92dfa57856b0ab35acf0a735 to remote] http.headers 133 - http-outgoing-4 >> GET /session/5d15bc8f92dfa57856b0ab35acf0a735/element/0.9988919500159488-4/text HTTP/1.1
12-09-2018 12:36:42 LoggingManagedHttpClientConnection.java DEBUG [Forwarding getElementText on session 5d15bc8f92dfa57856b0ab35acf0a735 to remote] http.headers 136 - http-outgoing-4 >> Cache-Control: no-cache
12-09-2018 12:36:42 LoggingManagedHttpClientConnection.java DEBUG [Forwarding getElementText on session 5d15bc8f92dfa57856b0ab35acf0a735 to remote] http.headers 136 - http-outgoing-4 >> Host: localhost:41195
12-09-2018 12:36:42 LoggingManagedHttpClientConnection.java DEBUG [Forwarding getElementText on session 5d15bc8f92dfa57856b0ab35acf0a735 to remote] http.headers 136 - http-outgoing-4 >> Connection: Keep-Alive
12-09-2018 12:36:42 LoggingManagedHttpClientConnection.java DEBUG [Forwarding getElementText on session 5d15bc8f92dfa57856b0ab35acf0a735 to remote] http.headers 136 - http-outgoing-4 >> User-Agent: Apache-HttpClient/4.5.3 (Java/1.8.0_181)
12-09-2018 12:36:42 LoggingManagedHttpClientConnection.java DEBUG [Forwarding getElementText on session 5d15bc8f92dfa57856b0ab35acf0a735 to remote] http.headers 136 - http-outgoing-4 >> Accept-Encoding: gzip,deflate
12-09-2018 12:36:42 Wire.java DEBUG [Forwarding getElementText on session 5d15bc8f92dfa57856b0ab35acf0a735 to remote] http.wire 73 - http-outgoing-4 >> "GET /session/5d15bc8f92dfa57856b0ab35acf0a735/element/0.9988919500159488-4/text HTTP/1.1[\r][\n]"
12-09-2018 12:36:42 Wire.java DEBUG [Forwarding getElementText on session 5d15bc8f92dfa57856b0ab35acf0a735 to remote] http.wire 73 - http-outgoing-4 >> "Cache-Control: no-cache[\r][\n]"
12-09-2018 12:36:42 Wire.java DEBUG [Forwarding getElementText on session 5d15bc8f92dfa57856b0ab35acf0a735 to remote] http.wire 73 - http-outgoing-4 >> "Host: localhost:41195[\r][\n]"
12-09-2018 12:36:42 Wire.java DEBUG [Forwarding getElementText on session 5d15bc8f92dfa57856b0ab35acf0a735 to remote] http.wire 73 - http-outgoing-4 >> "Connection: Keep-Alive[\r][\n]"
12-09-2018 12:36:42 Wire.java DEBUG [Forwarding getElementText on session 5d15bc8f92dfa57856b0ab35acf0a735 to remote] http.wire 73 - http-outgoing-4 >> "User-Agent: Apache-HttpClient/4.5.3 (Java/1.8.0_181)[\r][\n]"
12-09-2018 12:36:42 Wire.java DEBUG [Forwarding getElementText on session 5d15bc8f92dfa57856b0ab35acf0a735 to remote] http.wire 73 - http-outgoing-4 >> "Accept-Encoding: gzip,deflate[\r][\n]"
12-09-2018 12:36:42 Wire.java DEBUG [Forwarding getElementText on session 5d15bc8f92dfa57856b0ab35acf0a735 to remote] http.wire 73 - http-outgoing-4 >> "[\r][\n]"
12-09-2018 12:36:42 Wire.java DEBUG [Forwarding getElementText on session 5d15bc8f92dfa57856b0ab35acf0a735 to remote] http.wire 73 - http-outgoing-4 << "HTTP/1.1 200 OK[\r][\n]"
12-09-2018 12:36:42 Wire.java DEBUG [Forwarding getElementText on session 5d15bc8f92dfa57856b0ab35acf0a735 to remote] http.wire 73 - http-outgoing-4 << "Content-Length:70[\r][\n]"
12-09-2018 12:36:42 Wire.java DEBUG [Forwarding getElementText on session 5d15bc8f92dfa57856b0ab35acf0a735 to remote] http.wire 73 - http-outgoing-4 << "Content-Type:application/json; charset=utf-8[\r][\n]"
12-09-2018 12:36:42 Wire.java DEBUG [Forwarding getElementText on session 5d15bc8f92dfa57856b0ab35acf0a735 to remote] http.wire 73 - http-outgoing-4 << "[\r][\n]"
12-09-2018 12:36:42 Wire.java DEBUG [Forwarding getElementText on session 5d15bc8f92dfa57856b0ab35acf0a735 to remote] http.wire 87 - http-outgoing-4 << "{"sessionId":"5d15bc8f92dfa57856b0ab35acf0a735","status":0,"value":""}"
12-09-2018 12:36:42 LoggingManagedHttpClientConnection.java DEBUG [Forwarding getElementText on session 5d15bc8f92dfa57856b0ab35acf0a735 to remote] http.headers 122 - http-outgoing-4 << HTTP/1.1 200 OK
12-09-2018 12:36:42 LoggingManagedHttpClientConnection.java DEBUG [Forwarding getElementText on session 5d15bc8f92dfa57856b0ab35acf0a735 to remote] http.headers 125 - http-outgoing-4 << Content-Length:70
12-09-2018 12:36:42 LoggingManagedHttpClientConnection.java DEBUG [Forwarding getElementText on session 5d15bc8f92dfa57856b0ab35acf0a735 to remote] http.headers 125 - http-outgoing-4 << Content-Type:application/json; charset=utf-8
12-09-2018 12:36:42 MainClientExec.java DEBUG [Forwarding getElementText on session 5d15bc8f92dfa57856b0ab35acf0a735 to remote] execchain.MainClientExec 285 - Connection can be kept alive indefinitely
12-09-2018 12:36:42 PoolingHttpClientConnectionManager.java DEBUG [Forwarding getElementText on session 5d15bc8f92dfa57856b0ab35acf0a735 to remote] conn.PoolingHttpClientConnectionManager 320 - Connection [id: 4][route: {}->http://localhost:41195] can be kept alive indefinitely
12-09-2018 12:36:42 PoolingHttpClientConnectionManager.java DEBUG [Forwarding getElementText on session 5d15bc8f92dfa57856b0ab35acf0a735 to remote] conn.PoolingHttpClientConnectionManager 326 - Connection released: [id: 4][route: {}->http://localhost:41195][total kept alive: 1; route allocated: 1 of 2000; total allocated: 1 of 2000]
12-09-2018 12:36:42 RequestAddCookies.java DEBUG [Forwarding getElementText on session 5d15bc8f92dfa57856b0ab35acf0a735 to remote] protocol.RequestAddCookies 123 - CookieSpec selected: default
12-09-2018 12:36:42 RequestAuthCache.java DEBUG [Forwarding getElementText on session 5d15bc8f92dfa57856b0ab35acf0a735 to remote] protocol.RequestAuthCache 77 - Auth cache not set in the context
12-09-2018 12:36:42 PoolingHttpClientConnectionManager.java DEBUG [Forwarding getElementText on session 5d15bc8f92dfa57856b0ab35acf0a735 to remote] conn.PoolingHttpClientConnectionManager 255 - Connection request: [route: {}->http://localhost:41195][total kept alive: 1; route allocated: 1 of 2000; total allocated: 1 of 2000]
12-09-2018 12:36:42 PoolingHttpClientConnectionManager.java DEBUG [Forwarding getElementText on session 5d15bc8f92dfa57856b0ab35acf0a735 to remote] conn.PoolingHttpClientConnectionManager 288 - Connection leased: [id: 4][route: {}->http://localhost:41195][total kept alive: 0; route allocated: 1 of 2000; total allocated: 1 of 2000]
12-09-2018 12:36:42 MainClientExec.java DEBUG [Forwarding getElementText on session 5d15bc8f92dfa57856b0ab35acf0a735 to remote] execchain.MainClientExec 208 - Stale connection check
12-09-2018 12:36:42 Wire.java DEBUG [Forwarding getElementText on session 5d15bc8f92dfa57856b0ab35acf0a735 to remote] http.wire 87 - http-outgoing-4 << "[read] I/O error: Read timed out"
12-09-2018 12:36:42 LoggingManagedHttpClientConnection.java DEBUG [Forwarding getElementText on session 5d15bc8f92dfa57856b0ab35acf0a735 to remote] conn.DefaultManagedHttpClientConnection 88 - http-outgoing-4: set socket timeout to 10800000
12-09-2018 12:36:42 MainClientExec.java DEBUG [Forwarding getElementText on session 5d15bc8f92dfa57856b0ab35acf0a735 to remote] execchain.MainClientExec 256 - Executing request GET /session/5d15bc8f92dfa57856b0ab35acf0a735/element/0.9988919500159488-4/text HTTP/1.1
12-09-2018 12:36:42 MainClientExec.java DEBUG [Forwarding getElementText on session 5d15bc8f92dfa57856b0ab35acf0a735 to remote] execchain.MainClientExec 261 - Target auth state: UNCHALLENGED
12-09-2018 12:36:42 MainClientExec.java DEBUG [Forwarding getElementText on session 5d15bc8f92dfa57856b0ab35acf0a735 to remote] execchain.MainClientExec 267 - Proxy auth state: UNCHALLENGED
12-09-2018 12:36:42 LoggingManagedHttpClientConnection.java DEBUG [Forwarding getElementText on session 5d15bc8f92dfa57856b0ab35acf0a735 to remote] http.headers 133 - http-outgoing-4 >> GET /session/5d15bc8f92dfa57856b0ab35acf0a735/element/0.9988919500159488-4/text HTTP/1.1
12-09-2018 12:36:42 LoggingManagedHttpClientConnection.java DEBUG [Forwarding getElementText on session 5d15bc8f92dfa57856b0ab35acf0a735 to remote] http.headers 136 - http-outgoing-4 >> Cache-Control: no-cache
12-09-2018 12:36:42 LoggingManagedHttpClientConnection.java DEBUG [Forwarding getElementText on session 5d15bc8f92dfa57856b0ab35acf0a735 to remote] http.headers 136 - http-outgoing-4 >> Host: localhost:41195
12-09-2018 12:36:42 LoggingManagedHttpClientConnection.java DEBUG [Forwarding getElementText on session 5d15bc8f92dfa57856b0ab35acf0a735 to remote] http.headers 136 - http-outgoing-4 >> Connection: Keep-Alive
12-09-2018 12:36:42 LoggingManagedHttpClientConnection.java DEBUG [Forwarding getElementText on session 5d15bc8f92dfa57856b0ab35acf0a735 to remote] http.headers 136 - http-outgoing-4 >> User-Agent: Apache-HttpClient/4.5.3 (Java/1.8.0_181)
12-09-2018 12:36:42 LoggingManagedHttpClientConnection.java DEBUG [Forwarding getElementText on session 5d15bc8f92dfa57856b0ab35acf0a735 to remote] http.headers 136 - http-outgoing-4 >> Accept-Encoding: gzip,deflate
12-09-2018 12:36:42 Wire.java DEBUG [Forwarding getElementText on session 5d15bc8f92dfa57856b0ab35acf0a735 to remote] http.wire 73 - http-outgoing-4 >> "GET /session/5d15bc8f92dfa57856b0ab35acf0a735/element/0.9988919500159488-4/text HTTP/1.1[\r][\n]"
12-09-2018 12:36:42 Wire.java DEBUG [Forwarding getElementText on session 5d15bc8f92dfa57856b0ab35acf0a735 to remote] http.wire 73 - http-outgoing-4 >> "Cache-Control: no-cache[\r][\n]"
12-09-2018 12:36:42 Wire.java DEBUG [Forwarding getElementText on session 5d15bc8f92dfa57856b0ab35acf0a735 to remote] http.wire 73 - http-outgoing-4 >> "Host: localhost:41195[\r][\n]"
12-09-2018 12:36:42 Wire.java DEBUG [Forwarding getElementText on session 5d15bc8f92dfa57856b0ab35acf0a735 to remote] http.wire 73 - http-outgoing-4 >> "Connection: Keep-Alive[\r][\n]"
12-09-2018 12:36:42 Wire.java DEBUG [Forwarding getElementText on session 5d15bc8f92dfa57856b0ab35acf0a735 to remote] http.wire 73 - http-outgoing-4 >> "User-Agent: Apache-HttpClient/4.5.3 (Java/1.8.0_181)[\r][\n]"
12-09-2018 12:36:42 Wire.java DEBUG [Forwarding getElementText on session 5d15bc8f92dfa57856b0ab35acf0a735 to remote] http.wire 73 - http-outgoing-4 >> "Accept-Encoding: gzip,deflate[\r][\n]"
12-09-2018 12:36:42 Wire.java DEBUG [Forwarding getElementText on session 5d15bc8f92dfa57856b0ab35acf0a735 to remote] http.wire 73 - http-outgoing-4 >> "[\r][\n]"
12-09-2018 12:36:42 Wire.java DEBUG [Forwarding getElementText on session 5d15bc8f92dfa57856b0ab35acf0a735 to remote] http.wire 73 - http-outgoing-4 << "HTTP/1.1 200 OK[\r][\n]"
12-09-2018 12:36:42 Wire.java DEBUG [Forwarding getElementText on session 5d15bc8f92dfa57856b0ab35acf0a735 to remote] http.wire 73 - http-outgoing-4 << "Content-Length:70[\r][\n]"
12-09-2018 12:36:42 Wire.java DEBUG [Forwarding getElementText on session 5d15bc8f92dfa57856b0ab35acf0a735 to remote] http.wire 73 - http-outgoing-4 << "Content-Type:application/json; charset=utf-8[\r][\n]"
12-09-2018 12:36:42 Wire.java DEBUG [Forwarding getElementText on session 5d15bc8f92dfa57856b0ab35acf0a735 to remote] http.wire 73 - http-outgoing-4 << "[\r][\n]"
12-09-2018 12:36:42 Wire.java DEBUG [Forwarding getElementText on session 5d15bc8f92dfa57856b0ab35acf0a735 to remote] http.wire 87 - http-outgoing-4 << "{"sessionId":"5d15bc8f92dfa57856b0ab35acf0a735","status":0,"value":""}"
12-09-2018 12:36:42 LoggingManagedHttpClientConnection.java DEBUG [Forwarding getElementText on session 5d15bc8f92dfa57856b0ab35acf0a735 to remote] http.headers 122 - http-outgoing-4 << HTTP/1.1 200 OK
12-09-2018 12:36:42 LoggingManagedHttpClientConnection.java DEBUG [Forwarding getElementText on session 5d15bc8f92dfa57856b0ab35acf0a735 to remote] http.headers 125 - http-outgoing-4 << Content-Length:70
12-09-2018 12:36:42 LoggingManagedHttpClientConnection.java DEBUG [Forwarding getElementText on session 5d15bc8f92dfa57856b0ab35acf0a735 to remote] http.headers 125 - http-outgoing-4 << Content-Type:application/json; charset=utf-8
12-09-2018 12:36:42 MainClientExec.java DEBUG [Forwarding getElementText on session 5d15bc8f92dfa57856b0ab35acf0a735 to remote] execchain.MainClientExec 285 - Connection can be kept alive indefinitely
12-09-2018 12:36:42 PoolingHttpClientConnectionManager.java DEBUG [Forwarding getElementText on session 5d15bc8f92dfa57856b0ab35acf0a735 to remote] conn.PoolingHttpClientConnectionManager 320 - Connection [id: 4][route: {}->http://localhost:41195] can be kept alive indefinitely
12-09-2018 12:36:42 PoolingHttpClientConnectionManager.java DEBUG [Forwarding getElementText on session 5d15bc8f92dfa57856b0ab35acf0a735 to remote] conn.PoolingHttpClientConnectionManager 326 - Connection released: [id: 4][route: {}->http://localhost:41195][total kept alive: 1; route allocated: 1 of 2000; total allocated: 1 of 2000]
12-09-2018 12:36:42 Base.java INFO  [main] EnterPasswordPage 31 - Execution Started
12-09-2018 12:36:42 Base.java INFO  [main] Utils 31 - Execution Started
12-09-2018 12:36:42 RequestAddCookies.java DEBUG [Forwarding findElement on session 5d15bc8f92dfa57856b0ab35acf0a735 to remote] protocol.RequestAddCookies 123 - CookieSpec selected: default
12-09-2018 12:36:42 RequestAuthCache.java DEBUG [Forwarding findElement on session 5d15bc8f92dfa57856b0ab35acf0a735 to remote] protocol.RequestAuthCache 77 - Auth cache not set in the context
12-09-2018 12:36:42 PoolingHttpClientConnectionManager.java DEBUG [Forwarding findElement on session 5d15bc8f92dfa57856b0ab35acf0a735 to remote] conn.PoolingHttpClientConnectionManager 255 - Connection request: [route: {}->http://localhost:41195][total kept alive: 1; route allocated: 1 of 2000; total allocated: 1 of 2000]
12-09-2018 12:36:42 PoolingHttpClientConnectionManager.java DEBUG [Forwarding findElement on session 5d15bc8f92dfa57856b0ab35acf0a735 to remote] conn.PoolingHttpClientConnectionManager 288 - Connection leased: [id: 4][route: {}->http://localhost:41195][total kept alive: 0; route allocated: 1 of 2000; total allocated: 1 of 2000]
12-09-2018 12:36:42 MainClientExec.java DEBUG [Forwarding findElement on session 5d15bc8f92dfa57856b0ab35acf0a735 to remote] execchain.MainClientExec 208 - Stale connection check
12-09-2018 12:36:42 Wire.java DEBUG [Forwarding findElement on session 5d15bc8f92dfa57856b0ab35acf0a735 to remote] http.wire 87 - http-outgoing-4 << "[read] I/O error: Read timed out"
12-09-2018 12:36:42 LoggingManagedHttpClientConnection.java DEBUG [Forwarding findElement on session 5d15bc8f92dfa57856b0ab35acf0a735 to remote] conn.DefaultManagedHttpClientConnection 88 - http-outgoing-4: set socket timeout to 10800000
12-09-2018 12:36:42 MainClientExec.java DEBUG [Forwarding findElement on session 5d15bc8f92dfa57856b0ab35acf0a735 to remote] execchain.MainClientExec 256 - Executing request POST /session/5d15bc8f92dfa57856b0ab35acf0a735/element HTTP/1.1
12-09-2018 12:36:42 MainClientExec.java DEBUG [Forwarding findElement on session 5d15bc8f92dfa57856b0ab35acf0a735 to remote] execchain.MainClientExec 261 - Target auth state: UNCHALLENGED
12-09-2018 12:36:42 MainClientExec.java DEBUG [Forwarding findElement on session 5d15bc8f92dfa57856b0ab35acf0a735 to remote] execchain.MainClientExec 267 - Proxy auth state: UNCHALLENGED
12-09-2018 12:36:42 LoggingManagedHttpClientConnection.java DEBUG [Forwarding findElement on session 5d15bc8f92dfa57856b0ab35acf0a735 to remote] http.headers 133 - http-outgoing-4 >> POST /session/5d15bc8f92dfa57856b0ab35acf0a735/element HTTP/1.1
12-09-2018 12:36:42 LoggingManagedHttpClientConnection.java DEBUG [Forwarding findElement on session 5d15bc8f92dfa57856b0ab35acf0a735 to remote] http.headers 136 - http-outgoing-4 >> Content-Type: application/json; charset=utf-8
12-09-2018 12:36:42 LoggingManagedHttpClientConnection.java DEBUG [Forwarding findElement on session 5d15bc8f92dfa57856b0ab35acf0a735 to remote] http.headers 136 - http-outgoing-4 >> Content-Length: 53
12-09-2018 12:36:42 LoggingManagedHttpClientConnection.java DEBUG [Forwarding findElement on session 5d15bc8f92dfa57856b0ab35acf0a735 to remote] http.headers 136 - http-outgoing-4 >> Host: localhost:41195
12-09-2018 12:36:42 LoggingManagedHttpClientConnection.java DEBUG [Forwarding findElement on session 5d15bc8f92dfa57856b0ab35acf0a735 to remote] http.headers 136 - http-outgoing-4 >> Connection: Keep-Alive
12-09-2018 12:36:42 LoggingManagedHttpClientConnection.java DEBUG [Forwarding findElement on session 5d15bc8f92dfa57856b0ab35acf0a735 to remote] http.headers 136 - http-outgoing-4 >> User-Agent: Apache-HttpClient/4.5.3 (Java/1.8.0_181)
12-09-2018 12:36:42 LoggingManagedHttpClientConnection.java DEBUG [Forwarding findElement on session 5d15bc8f92dfa57856b0ab35acf0a735 to remote] http.headers 136 - http-outgoing-4 >> Accept-Encoding: gzip,deflate
12-09-2018 12:36:42 Wire.java DEBUG [Forwarding findElement on session 5d15bc8f92dfa57856b0ab35acf0a735 to remote] http.wire 73 - http-outgoing-4 >> "POST /session/5d15bc8f92dfa57856b0ab35acf0a735/element HTTP/1.1[\r][\n]"
12-09-2018 12:36:42 Wire.java DEBUG [Forwarding findElement on session 5d15bc8f92dfa57856b0ab35acf0a735 to remote] http.wire 73 - http-outgoing-4 >> "Content-Type: application/json; charset=utf-8[\r][\n]"
12-09-2018 12:36:42 Wire.java DEBUG [Forwarding findElement on session 5d15bc8f92dfa57856b0ab35acf0a735 to remote] http.wire 73 - http-outgoing-4 >> "Content-Length: 53[\r][\n]"
12-09-2018 12:36:42 Wire.java DEBUG [Forwarding findElement on session 5d15bc8f92dfa57856b0ab35acf0a735 to remote] http.wire 73 - http-outgoing-4 >> "Host: localhost:41195[\r][\n]"
12-09-2018 12:36:42 Wire.java DEBUG [Forwarding findElement on session 5d15bc8f92dfa57856b0ab35acf0a735 to remote] http.wire 73 - http-outgoing-4 >> "Connection: Keep-Alive[\r][\n]"
12-09-2018 12:36:42 Wire.java DEBUG [Forwarding findElement on session 5d15bc8f92dfa57856b0ab35acf0a735 to remote] http.wire 73 - http-outgoing-4 >> "User-Agent: Apache-HttpClient/4.5.3 (Java/1.8.0_181)[\r][\n]"
12-09-2018 12:36:42 Wire.java DEBUG [Forwarding findElement on session 5d15bc8f92dfa57856b0ab35acf0a735 to remote] http.wire 73 - http-outgoing-4 >> "Accept-Encoding: gzip,deflate[\r][\n]"
12-09-2018 12:36:42 Wire.java DEBUG [Forwarding findElement on session 5d15bc8f92dfa57856b0ab35acf0a735 to remote] http.wire 73 - http-outgoing-4 >> "[\r][\n]"
12-09-2018 12:36:42 Wire.java DEBUG [Forwarding findElement on session 5d15bc8f92dfa57856b0ab35acf0a735 to remote] http.wire 87 - http-outgoing-4 >> "{"using":"xpath","value":"//input[@type='password']"}"
12-09-2018 12:36:42 Wire.java DEBUG [Forwarding findElement on session 5d15bc8f92dfa57856b0ab35acf0a735 to remote] http.wire 73 - http-outgoing-4 << "HTTP/1.1 200 OK[\r][\n]"
12-09-2018 12:36:42 Wire.java DEBUG [Forwarding findElement on session 5d15bc8f92dfa57856b0ab35acf0a735 to remote] http.wire 73 - http-outgoing-4 << "Content-Length:102[\r][\n]"
12-09-2018 12:36:42 Wire.java DEBUG [Forwarding findElement on session 5d15bc8f92dfa57856b0ab35acf0a735 to remote] http.wire 73 - http-outgoing-4 << "Content-Type:application/json; charset=utf-8[\r][\n]"
12-09-2018 12:36:42 Wire.java DEBUG [Forwarding findElement on session 5d15bc8f92dfa57856b0ab35acf0a735 to remote] http.wire 73 - http-outgoing-4 << "[\r][\n]"
12-09-2018 12:36:42 Wire.java DEBUG [Forwarding findElement on session 5d15bc8f92dfa57856b0ab35acf0a735 to remote] http.wire 87 - http-outgoing-4 << "{"sessionId":"5d15bc8f92dfa57856b0ab35acf0a735","status":0,"value":{"ELEMENT":"0.9988919500159488-5"}}"
12-09-2018 12:36:42 LoggingManagedHttpClientConnection.java DEBUG [Forwarding findElement on session 5d15bc8f92dfa57856b0ab35acf0a735 to remote] http.headers 122 - http-outgoing-4 << HTTP/1.1 200 OK
12-09-2018 12:36:42 LoggingManagedHttpClientConnection.java DEBUG [Forwarding findElement on session 5d15bc8f92dfa57856b0ab35acf0a735 to remote] http.headers 125 - http-outgoing-4 << Content-Length:102
12-09-2018 12:36:42 LoggingManagedHttpClientConnection.java DEBUG [Forwarding findElement on session 5d15bc8f92dfa57856b0ab35acf0a735 to remote] http.headers 125 - http-outgoing-4 << Content-Type:application/json; charset=utf-8
12-09-2018 12:36:42 MainClientExec.java DEBUG [Forwarding findElement on session 5d15bc8f92dfa57856b0ab35acf0a735 to remote] execchain.MainClientExec 285 - Connection can be kept alive indefinitely
12-09-2018 12:36:42 PoolingHttpClientConnectionManager.java DEBUG [Forwarding findElement on session 5d15bc8f92dfa57856b0ab35acf0a735 to remote] conn.PoolingHttpClientConnectionManager 320 - Connection [id: 4][route: {}->http://localhost:41195] can be kept alive indefinitely
12-09-2018 12:36:42 PoolingHttpClientConnectionManager.java DEBUG [Forwarding findElement on session 5d15bc8f92dfa57856b0ab35acf0a735 to remote] conn.PoolingHttpClientConnectionManager 326 - Connection released: [id: 4][route: {}->http://localhost:41195][total kept alive: 1; route allocated: 1 of 2000; total allocated: 1 of 2000]
12-09-2018 12:36:42 RequestAddCookies.java DEBUG [Forwarding isElementDisplayed on session 5d15bc8f92dfa57856b0ab35acf0a735 to remote] protocol.RequestAddCookies 123 - CookieSpec selected: default
12-09-2018 12:36:42 RequestAuthCache.java DEBUG [Forwarding isElementDisplayed on session 5d15bc8f92dfa57856b0ab35acf0a735 to remote] protocol.RequestAuthCache 77 - Auth cache not set in the context
12-09-2018 12:36:42 PoolingHttpClientConnectionManager.java DEBUG [Forwarding isElementDisplayed on session 5d15bc8f92dfa57856b0ab35acf0a735 to remote] conn.PoolingHttpClientConnectionManager 255 - Connection request: [route: {}->http://localhost:41195][total kept alive: 1; route allocated: 1 of 2000; total allocated: 1 of 2000]
12-09-2018 12:36:42 PoolingHttpClientConnectionManager.java DEBUG [Forwarding isElementDisplayed on session 5d15bc8f92dfa57856b0ab35acf0a735 to remote] conn.PoolingHttpClientConnectionManager 288 - Connection leased: [id: 4][route: {}->http://localhost:41195][total kept alive: 0; route allocated: 1 of 2000; total allocated: 1 of 2000]
12-09-2018 12:36:42 MainClientExec.java DEBUG [Forwarding isElementDisplayed on session 5d15bc8f92dfa57856b0ab35acf0a735 to remote] execchain.MainClientExec 208 - Stale connection check
12-09-2018 12:36:42 Wire.java DEBUG [Forwarding isElementDisplayed on session 5d15bc8f92dfa57856b0ab35acf0a735 to remote] http.wire 87 - http-outgoing-4 << "[read] I/O error: Read timed out"
12-09-2018 12:36:42 LoggingManagedHttpClientConnection.java DEBUG [Forwarding isElementDisplayed on session 5d15bc8f92dfa57856b0ab35acf0a735 to remote] conn.DefaultManagedHttpClientConnection 88 - http-outgoing-4: set socket timeout to 10800000
12-09-2018 12:36:42 MainClientExec.java DEBUG [Forwarding isElementDisplayed on session 5d15bc8f92dfa57856b0ab35acf0a735 to remote] execchain.MainClientExec 256 - Executing request GET /session/5d15bc8f92dfa57856b0ab35acf0a735/element/0.9988919500159488-5/displayed HTTP/1.1
12-09-2018 12:36:42 MainClientExec.java DEBUG [Forwarding isElementDisplayed on session 5d15bc8f92dfa57856b0ab35acf0a735 to remote] execchain.MainClientExec 261 - Target auth state: UNCHALLENGED
12-09-2018 12:36:42 MainClientExec.java DEBUG [Forwarding isElementDisplayed on session 5d15bc8f92dfa57856b0ab35acf0a735 to remote] execchain.MainClientExec 267 - Proxy auth state: UNCHALLENGED
12-09-2018 12:36:42 LoggingManagedHttpClientConnection.java DEBUG [Forwarding isElementDisplayed on session 5d15bc8f92dfa57856b0ab35acf0a735 to remote] http.headers 133 - http-outgoing-4 >> GET /session/5d15bc8f92dfa57856b0ab35acf0a735/element/0.9988919500159488-5/displayed HTTP/1.1
12-09-2018 12:36:42 LoggingManagedHttpClientConnection.java DEBUG [Forwarding isElementDisplayed on session 5d15bc8f92dfa57856b0ab35acf0a735 to remote] http.headers 136 - http-outgoing-4 >> Cache-Control: no-cache
12-09-2018 12:36:42 LoggingManagedHttpClientConnection.java DEBUG [Forwarding isElementDisplayed on session 5d15bc8f92dfa57856b0ab35acf0a735 to remote] http.headers 136 - http-outgoing-4 >> Host: localhost:41195
12-09-2018 12:36:42 LoggingManagedHttpClientConnection.java DEBUG [Forwarding isElementDisplayed on session 5d15bc8f92dfa57856b0ab35acf0a735 to remote] http.headers 136 - http-outgoing-4 >> Connection: Keep-Alive
12-09-2018 12:36:42 LoggingManagedHttpClientConnection.java DEBUG [Forwarding isElementDisplayed on session 5d15bc8f92dfa57856b0ab35acf0a735 to remote] http.headers 136 - http-outgoing-4 >> User-Agent: Apache-HttpClient/4.5.3 (Java/1.8.0_181)
12-09-2018 12:36:42 LoggingManagedHttpClientConnection.java DEBUG [Forwarding isElementDisplayed on session 5d15bc8f92dfa57856b0ab35acf0a735 to remote] http.headers 136 - http-outgoing-4 >> Accept-Encoding: gzip,deflate
12-09-2018 12:36:42 Wire.java DEBUG [Forwarding isElementDisplayed on session 5d15bc8f92dfa57856b0ab35acf0a735 to remote] http.wire 73 - http-outgoing-4 >> "GET /session/5d15bc8f92dfa57856b0ab35acf0a735/element/0.9988919500159488-5/displayed HTTP/1.1[\r][\n]"
12-09-2018 12:36:42 Wire.java DEBUG [Forwarding isElementDisplayed on session 5d15bc8f92dfa57856b0ab35acf0a735 to remote] http.wire 73 - http-outgoing-4 >> "Cache-Control: no-cache[\r][\n]"
12-09-2018 12:36:42 Wire.java DEBUG [Forwarding isElementDisplayed on session 5d15bc8f92dfa57856b0ab35acf0a735 to remote] http.wire 73 - http-outgoing-4 >> "Host: localhost:41195[\r][\n]"
12-09-2018 12:36:42 Wire.java DEBUG [Forwarding isElementDisplayed on session 5d15bc8f92dfa57856b0ab35acf0a735 to remote] http.wire 73 - http-outgoing-4 >> "Connection: Keep-Alive[\r][\n]"
12-09-2018 12:36:42 Wire.java DEBUG [Forwarding isElementDisplayed on session 5d15bc8f92dfa57856b0ab35acf0a735 to remote] http.wire 73 - http-outgoing-4 >> "User-Agent: Apache-HttpClient/4.5.3 (Java/1.8.0_181)[\r][\n]"
12-09-2018 12:36:42 Wire.java DEBUG [Forwarding isElementDisplayed on session 5d15bc8f92dfa57856b0ab35acf0a735 to remote] http.wire 73 - http-outgoing-4 >> "Accept-Encoding: gzip,deflate[\r][\n]"
12-09-2018 12:36:42 Wire.java DEBUG [Forwarding isElementDisplayed on session 5d15bc8f92dfa57856b0ab35acf0a735 to remote] http.wire 73 - http-outgoing-4 >> "[\r][\n]"
12-09-2018 12:36:42 Wire.java DEBUG [Forwarding isElementDisplayed on session 5d15bc8f92dfa57856b0ab35acf0a735 to remote] http.wire 73 - http-outgoing-4 << "HTTP/1.1 200 OK[\r][\n]"
12-09-2018 12:36:42 Wire.java DEBUG [Forwarding isElementDisplayed on session 5d15bc8f92dfa57856b0ab35acf0a735 to remote] http.wire 73 - http-outgoing-4 << "Content-Length:73[\r][\n]"
12-09-2018 12:36:42 Wire.java DEBUG [Forwarding isElementDisplayed on session 5d15bc8f92dfa57856b0ab35acf0a735 to remote] http.wire 73 - http-outgoing-4 << "Content-Type:application/json; charset=utf-8[\r][\n]"
12-09-2018 12:36:42 Wire.java DEBUG [Forwarding isElementDisplayed on session 5d15bc8f92dfa57856b0ab35acf0a735 to remote] http.wire 73 - http-outgoing-4 << "[\r][\n]"
12-09-2018 12:36:42 Wire.java DEBUG [Forwarding isElementDisplayed on session 5d15bc8f92dfa57856b0ab35acf0a735 to remote] http.wire 87 - http-outgoing-4 << "{"sessionId":"5d15bc8f92dfa57856b0ab35acf0a735","status":0,"value":false}"
12-09-2018 12:36:42 LoggingManagedHttpClientConnection.java DEBUG [Forwarding isElementDisplayed on session 5d15bc8f92dfa57856b0ab35acf0a735 to remote] http.headers 122 - http-outgoing-4 << HTTP/1.1 200 OK
12-09-2018 12:36:42 LoggingManagedHttpClientConnection.java DEBUG [Forwarding isElementDisplayed on session 5d15bc8f92dfa57856b0ab35acf0a735 to remote] http.headers 125 - http-outgoing-4 << Content-Length:73
12-09-2018 12:36:42 LoggingManagedHttpClientConnection.java DEBUG [Forwarding isElementDisplayed on session 5d15bc8f92dfa57856b0ab35acf0a735 to remote] http.headers 125 - http-outgoing-4 << Content-Type:application/json; charset=utf-8
12-09-2018 12:36:42 MainClientExec.java DEBUG [Forwarding isElementDisplayed on session 5d15bc8f92dfa57856b0ab35acf0a735 to remote] execchain.MainClientExec 285 - Connection can be kept alive indefinitely
12-09-2018 12:36:42 PoolingHttpClientConnectionManager.java DEBUG [Forwarding isElementDisplayed on session 5d15bc8f92dfa57856b0ab35acf0a735 to remote] conn.PoolingHttpClientConnectionManager 320 - Connection [id: 4][route: {}->http://localhost:41195] can be kept alive indefinitely
12-09-2018 12:36:42 PoolingHttpClientConnectionManager.java DEBUG [Forwarding isElementDisplayed on session 5d15bc8f92dfa57856b0ab35acf0a735 to remote] conn.PoolingHttpClientConnectionManager 326 - Connection released: [id: 4][route: {}->http://localhost:41195][total kept alive: 1; route allocated: 1 of 2000; total allocated: 1 of 2000]
12-09-2018 12:36:42 RequestAddCookies.java DEBUG [Forwarding findElement on session 5d15bc8f92dfa57856b0ab35acf0a735 to remote] protocol.RequestAddCookies 123 - CookieSpec selected: default
12-09-2018 12:36:42 RequestAuthCache.java DEBUG [Forwarding findElement on session 5d15bc8f92dfa57856b0ab35acf0a735 to remote] protocol.RequestAuthCache 77 - Auth cache not set in the context
12-09-2018 12:36:42 PoolingHttpClientConnectionManager.java DEBUG [Forwarding findElement on session 5d15bc8f92dfa57856b0ab35acf0a735 to remote] conn.PoolingHttpClientConnectionManager 255 - Connection request: [route: {}->http://localhost:41195][total kept alive: 1; route allocated: 1 of 2000; total allocated: 1 of 2000]
12-09-2018 12:36:42 PoolingHttpClientConnectionManager.java DEBUG [Forwarding findElement on session 5d15bc8f92dfa57856b0ab35acf0a735 to remote] conn.PoolingHttpClientConnectionManager 288 - Connection leased: [id: 4][route: {}->http://localhost:41195][total kept alive: 0; route allocated: 1 of 2000; total allocated: 1 of 2000]
12-09-2018 12:36:42 MainClientExec.java DEBUG [Forwarding findElement on session 5d15bc8f92dfa57856b0ab35acf0a735 to remote] execchain.MainClientExec 208 - Stale connection check
12-09-2018 12:36:42 Wire.java DEBUG [Forwarding findElement on session 5d15bc8f92dfa57856b0ab35acf0a735 to remote] http.wire 87 - http-outgoing-4 << "[read] I/O error: Read timed out"
12-09-2018 12:36:42 LoggingManagedHttpClientConnection.java DEBUG [Forwarding findElement on session 5d15bc8f92dfa57856b0ab35acf0a735 to remote] conn.DefaultManagedHttpClientConnection 88 - http-outgoing-4: set socket timeout to 10800000
12-09-2018 12:36:42 MainClientExec.java DEBUG [Forwarding findElement on session 5d15bc8f92dfa57856b0ab35acf0a735 to remote] execchain.MainClientExec 256 - Executing request POST /session/5d15bc8f92dfa57856b0ab35acf0a735/element HTTP/1.1
12-09-2018 12:36:42 MainClientExec.java DEBUG [Forwarding findElement on session 5d15bc8f92dfa57856b0ab35acf0a735 to remote] execchain.MainClientExec 261 - Target auth state: UNCHALLENGED
12-09-2018 12:36:42 MainClientExec.java DEBUG [Forwarding findElement on session 5d15bc8f92dfa57856b0ab35acf0a735 to remote] execchain.MainClientExec 267 - Proxy auth state: UNCHALLENGED
12-09-2018 12:36:42 LoggingManagedHttpClientConnection.java DEBUG [Forwarding findElement on session 5d15bc8f92dfa57856b0ab35acf0a735 to remote] http.headers 133 - http-outgoing-4 >> POST /session/5d15bc8f92dfa57856b0ab35acf0a735/element HTTP/1.1
12-09-2018 12:36:42 LoggingManagedHttpClientConnection.java DEBUG [Forwarding findElement on session 5d15bc8f92dfa57856b0ab35acf0a735 to remote] http.headers 136 - http-outgoing-4 >> Content-Type: application/json; charset=utf-8
12-09-2018 12:36:42 LoggingManagedHttpClientConnection.java DEBUG [Forwarding findElement on session 5d15bc8f92dfa57856b0ab35acf0a735 to remote] http.headers 136 - http-outgoing-4 >> Content-Length: 53
12-09-2018 12:36:42 LoggingManagedHttpClientConnection.java DEBUG [Forwarding findElement on session 5d15bc8f92dfa57856b0ab35acf0a735 to remote] http.headers 136 - http-outgoing-4 >> Host: localhost:41195
12-09-2018 12:36:42 LoggingManagedHttpClientConnection.java DEBUG [Forwarding findElement on session 5d15bc8f92dfa57856b0ab35acf0a735 to remote] http.headers 136 - http-outgoing-4 >> Connection: Keep-Alive
12-09-2018 12:36:42 LoggingManagedHttpClientConnection.java DEBUG [Forwarding findElement on session 5d15bc8f92dfa57856b0ab35acf0a735 to remote] http.headers 136 - http-outgoing-4 >> User-Agent: Apache-HttpClient/4.5.3 (Java/1.8.0_181)
12-09-2018 12:36:42 LoggingManagedHttpClientConnection.java DEBUG [Forwarding findElement on session 5d15bc8f92dfa57856b0ab35acf0a735 to remote] http.headers 136 - http-outgoing-4 >> Accept-Encoding: gzip,deflate
12-09-2018 12:36:42 Wire.java DEBUG [Forwarding findElement on session 5d15bc8f92dfa57856b0ab35acf0a735 to remote] http.wire 73 - http-outgoing-4 >> "POST /session/5d15bc8f92dfa57856b0ab35acf0a735/element HTTP/1.1[\r][\n]"
12-09-2018 12:36:42 Wire.java DEBUG [Forwarding findElement on session 5d15bc8f92dfa57856b0ab35acf0a735 to remote] http.wire 73 - http-outgoing-4 >> "Content-Type: application/json; charset=utf-8[\r][\n]"
12-09-2018 12:36:42 Wire.java DEBUG [Forwarding findElement on session 5d15bc8f92dfa57856b0ab35acf0a735 to remote] http.wire 73 - http-outgoing-4 >> "Content-Length: 53[\r][\n]"
12-09-2018 12:36:42 Wire.java DEBUG [Forwarding findElement on session 5d15bc8f92dfa57856b0ab35acf0a735 to remote] http.wire 73 - http-outgoing-4 >> "Host: localhost:41195[\r][\n]"
12-09-2018 12:36:42 Wire.java DEBUG [Forwarding findElement on session 5d15bc8f92dfa57856b0ab35acf0a735 to remote] http.wire 73 - http-outgoing-4 >> "Connection: Keep-Alive[\r][\n]"
12-09-2018 12:36:42 Wire.java DEBUG [Forwarding findElement on session 5d15bc8f92dfa57856b0ab35acf0a735 to remote] http.wire 73 - http-outgoing-4 >> "User-Agent: Apache-HttpClient/4.5.3 (Java/1.8.0_181)[\r][\n]"
12-09-2018 12:36:42 Wire.java DEBUG [Forwarding findElement on session 5d15bc8f92dfa57856b0ab35acf0a735 to remote] http.wire 73 - http-outgoing-4 >> "Accept-Encoding: gzip,deflate[\r][\n]"
12-09-2018 12:36:42 Wire.java DEBUG [Forwarding findElement on session 5d15bc8f92dfa57856b0ab35acf0a735 to remote] http.wire 73 - http-outgoing-4 >> "[\r][\n]"
12-09-2018 12:36:42 Wire.java DEBUG [Forwarding findElement on session 5d15bc8f92dfa57856b0ab35acf0a735 to remote] http.wire 87 - http-outgoing-4 >> "{"using":"xpath","value":"//input[@type='password']"}"
12-09-2018 12:36:42 Wire.java DEBUG [Forwarding findElement on session 5d15bc8f92dfa57856b0ab35acf0a735 to remote] http.wire 73 - http-outgoing-4 << "HTTP/1.1 200 OK[\r][\n]"
12-09-2018 12:36:42 Wire.java DEBUG [Forwarding findElement on session 5d15bc8f92dfa57856b0ab35acf0a735 to remote] http.wire 73 - http-outgoing-4 << "Content-Length:102[\r][\n]"
12-09-2018 12:36:42 Wire.java DEBUG [Forwarding findElement on session 5d15bc8f92dfa57856b0ab35acf0a735 to remote] http.wire 73 - http-outgoing-4 << "Content-Type:application/json; charset=utf-8[\r][\n]"
12-09-2018 12:36:42 Wire.java DEBUG [Forwarding findElement on session 5d15bc8f92dfa57856b0ab35acf0a735 to remote] http.wire 73 - http-outgoing-4 << "[\r][\n]"
12-09-2018 12:36:42 Wire.java DEBUG [Forwarding findElement on session 5d15bc8f92dfa57856b0ab35acf0a735 to remote] http.wire 87 - http-outgoing-4 << "{"sessionId":"5d15bc8f92dfa57856b0ab35acf0a735","status":0,"value":{"ELEMENT":"0.9988919500159488-5"}}"
12-09-2018 12:36:42 LoggingManagedHttpClientConnection.java DEBUG [Forwarding findElement on session 5d15bc8f92dfa57856b0ab35acf0a735 to remote] http.headers 122 - http-outgoing-4 << HTTP/1.1 200 OK
12-09-2018 12:36:42 LoggingManagedHttpClientConnection.java DEBUG [Forwarding findElement on session 5d15bc8f92dfa57856b0ab35acf0a735 to remote] http.headers 125 - http-outgoing-4 << Content-Length:102
12-09-2018 12:36:42 LoggingManagedHttpClientConnection.java DEBUG [Forwarding findElement on session 5d15bc8f92dfa57856b0ab35acf0a735 to remote] http.headers 125 - http-outgoing-4 << Content-Type:application/json; charset=utf-8
12-09-2018 12:36:42 MainClientExec.java DEBUG [Forwarding findElement on session 5d15bc8f92dfa57856b0ab35acf0a735 to remote] execchain.MainClientExec 285 - Connection can be kept alive indefinitely
12-09-2018 12:36:42 PoolingHttpClientConnectionManager.java DEBUG [Forwarding findElement on session 5d15bc8f92dfa57856b0ab35acf0a735 to remote] conn.PoolingHttpClientConnectionManager 320 - Connection [id: 4][route: {}->http://localhost:41195] can be kept alive indefinitely
12-09-2018 12:36:42 PoolingHttpClientConnectionManager.java DEBUG [Forwarding findElement on session 5d15bc8f92dfa57856b0ab35acf0a735 to remote] conn.PoolingHttpClientConnectionManager 326 - Connection released: [id: 4][route: {}->http://localhost:41195][total kept alive: 1; route allocated: 1 of 2000; total allocated: 1 of 2000]
12-09-2018 12:36:42 RequestAddCookies.java DEBUG [Forwarding isElementDisplayed on session 5d15bc8f92dfa57856b0ab35acf0a735 to remote] protocol.RequestAddCookies 123 - CookieSpec selected: default
12-09-2018 12:36:42 RequestAuthCache.java DEBUG [Forwarding isElementDisplayed on session 5d15bc8f92dfa57856b0ab35acf0a735 to remote] protocol.RequestAuthCache 77 - Auth cache not set in the context
12-09-2018 12:36:42 PoolingHttpClientConnectionManager.java DEBUG [Forwarding isElementDisplayed on session 5d15bc8f92dfa57856b0ab35acf0a735 to remote] conn.PoolingHttpClientConnectionManager 255 - Connection request: [route: {}->http://localhost:41195][total kept alive: 1; route allocated: 1 of 2000; total allocated: 1 of 2000]
12-09-2018 12:36:42 PoolingHttpClientConnectionManager.java DEBUG [Forwarding isElementDisplayed on session 5d15bc8f92dfa57856b0ab35acf0a735 to remote] conn.PoolingHttpClientConnectionManager 288 - Connection leased: [id: 4][route: {}->http://localhost:41195][total kept alive: 0; route allocated: 1 of 2000; total allocated: 1 of 2000]
12-09-2018 12:36:42 MainClientExec.java DEBUG [Forwarding isElementDisplayed on session 5d15bc8f92dfa57856b0ab35acf0a735 to remote] execchain.MainClientExec 208 - Stale connection check
12-09-2018 12:36:43 Wire.java DEBUG [Forwarding isElementDisplayed on session 5d15bc8f92dfa57856b0ab35acf0a735 to remote] http.wire 87 - http-outgoing-4 << "[read] I/O error: Read timed out"
12-09-2018 12:36:43 LoggingManagedHttpClientConnection.java DEBUG [Forwarding isElementDisplayed on session 5d15bc8f92dfa57856b0ab35acf0a735 to remote] conn.DefaultManagedHttpClientConnection 88 - http-outgoing-4: set socket timeout to 10800000
12-09-2018 12:36:43 MainClientExec.java DEBUG [Forwarding isElementDisplayed on session 5d15bc8f92dfa57856b0ab35acf0a735 to remote] execchain.MainClientExec 256 - Executing request GET /session/5d15bc8f92dfa57856b0ab35acf0a735/element/0.9988919500159488-5/displayed HTTP/1.1
12-09-2018 12:36:43 MainClientExec.java DEBUG [Forwarding isElementDisplayed on session 5d15bc8f92dfa57856b0ab35acf0a735 to remote] execchain.MainClientExec 261 - Target auth state: UNCHALLENGED
12-09-2018 12:36:43 MainClientExec.java DEBUG [Forwarding isElementDisplayed on session 5d15bc8f92dfa57856b0ab35acf0a735 to remote] execchain.MainClientExec 267 - Proxy auth state: UNCHALLENGED
12-09-2018 12:36:43 LoggingManagedHttpClientConnection.java DEBUG [Forwarding isElementDisplayed on session 5d15bc8f92dfa57856b0ab35acf0a735 to remote] http.headers 133 - http-outgoing-4 >> GET /session/5d15bc8f92dfa57856b0ab35acf0a735/element/0.9988919500159488-5/displayed HTTP/1.1
12-09-2018 12:36:43 LoggingManagedHttpClientConnection.java DEBUG [Forwarding isElementDisplayed on session 5d15bc8f92dfa57856b0ab35acf0a735 to remote] http.headers 136 - http-outgoing-4 >> Cache-Control: no-cache
12-09-2018 12:36:43 LoggingManagedHttpClientConnection.java DEBUG [Forwarding isElementDisplayed on session 5d15bc8f92dfa57856b0ab35acf0a735 to remote] http.headers 136 - http-outgoing-4 >> Host: localhost:41195
12-09-2018 12:36:43 LoggingManagedHttpClientConnection.java DEBUG [Forwarding isElementDisplayed on session 5d15bc8f92dfa57856b0ab35acf0a735 to remote] http.headers 136 - http-outgoing-4 >> Connection: Keep-Alive
12-09-2018 12:36:43 LoggingManagedHttpClientConnection.java DEBUG [Forwarding isElementDisplayed on session 5d15bc8f92dfa57856b0ab35acf0a735 to remote] http.headers 136 - http-outgoing-4 >> User-Agent: Apache-HttpClient/4.5.3 (Java/1.8.0_181)
12-09-2018 12:36:43 LoggingManagedHttpClientConnection.java DEBUG [Forwarding isElementDisplayed on session 5d15bc8f92dfa57856b0ab35acf0a735 to remote] http.headers 136 - http-outgoing-4 >> Accept-Encoding: gzip,deflate
12-09-2018 12:36:43 Wire.java DEBUG [Forwarding isElementDisplayed on session 5d15bc8f92dfa57856b0ab35acf0a735 to remote] http.wire 73 - http-outgoing-4 >> "GET /session/5d15bc8f92dfa57856b0ab35acf0a735/element/0.9988919500159488-5/displayed HTTP/1.1[\r][\n]"
12-09-2018 12:36:43 Wire.java DEBUG [Forwarding isElementDisplayed on session 5d15bc8f92dfa57856b0ab35acf0a735 to remote] http.wire 73 - http-outgoing-4 >> "Cache-Control: no-cache[\r][\n]"
12-09-2018 12:36:43 Wire.java DEBUG [Forwarding isElementDisplayed on session 5d15bc8f92dfa57856b0ab35acf0a735 to remote] http.wire 73 - http-outgoing-4 >> "Host: localhost:41195[\r][\n]"
12-09-2018 12:36:43 Wire.java DEBUG [Forwarding isElementDisplayed on session 5d15bc8f92dfa57856b0ab35acf0a735 to remote] http.wire 73 - http-outgoing-4 >> "Connection: Keep-Alive[\r][\n]"
12-09-2018 12:36:43 Wire.java DEBUG [Forwarding isElementDisplayed on session 5d15bc8f92dfa57856b0ab35acf0a735 to remote] http.wire 73 - http-outgoing-4 >> "User-Agent: Apache-HttpClient/4.5.3 (Java/1.8.0_181)[\r][\n]"
12-09-2018 12:36:43 Wire.java DEBUG [Forwarding isElementDisplayed on session 5d15bc8f92dfa57856b0ab35acf0a735 to remote] http.wire 73 - http-outgoing-4 >> "Accept-Encoding: gzip,deflate[\r][\n]"
12-09-2018 12:36:43 Wire.java DEBUG [Forwarding isElementDisplayed on session 5d15bc8f92dfa57856b0ab35acf0a735 to remote] http.wire 73 - http-outgoing-4 >> "[\r][\n]"
12-09-2018 12:36:43 Wire.java DEBUG [Forwarding isElementDisplayed on session 5d15bc8f92dfa57856b0ab35acf0a735 to remote] http.wire 73 - http-outgoing-4 << "HTTP/1.1 200 OK[\r][\n]"
12-09-2018 12:36:43 Wire.java DEBUG [Forwarding isElementDisplayed on session 5d15bc8f92dfa57856b0ab35acf0a735 to remote] http.wire 73 - http-outgoing-4 << "Content-Length:316[\r][\n]"
12-09-2018 12:36:43 Wire.java DEBUG [Forwarding isElementDisplayed on session 5d15bc8f92dfa57856b0ab35acf0a735 to remote] http.wire 73 - http-outgoing-4 << "Content-Type:application/json; charset=utf-8[\r][\n]"
12-09-2018 12:36:43 Wire.java DEBUG [Forwarding isElementDisplayed on session 5d15bc8f92dfa57856b0ab35acf0a735 to remote] http.wire 73 - http-outgoing-4 << "[\r][\n]"
12-09-2018 12:36:43 Wire.java DEBUG [Forwarding isElementDisplayed on session 5d15bc8f92dfa57856b0ab35acf0a735 to remote] http.wire 87 - http-outgoing-4 << "{"sessionId":"5d15bc8f92dfa57856b0ab35acf0a735","status":10,"value":{"message":"stale element reference: element is not attached to the page document\n  (Session info: chrome=70.0.3538.110)\n  (Driver info: chromedriver=2.44.609538 (b655c5a60b0b544917107a59d4153d4bf78e1b90),platform=Windows NT 10.0.17134 x86_64)"}}"
12-09-2018 12:36:43 LoggingManagedHttpClientConnection.java DEBUG [Forwarding isElementDisplayed on session 5d15bc8f92dfa57856b0ab35acf0a735 to remote] http.headers 122 - http-outgoing-4 << HTTP/1.1 200 OK
12-09-2018 12:36:43 LoggingManagedHttpClientConnection.java DEBUG [Forwarding isElementDisplayed on session 5d15bc8f92dfa57856b0ab35acf0a735 to remote] http.headers 125 - http-outgoing-4 << Content-Length:316
12-09-2018 12:36:43 LoggingManagedHttpClientConnection.java DEBUG [Forwarding isElementDisplayed on session 5d15bc8f92dfa57856b0ab35acf0a735 to remote] http.headers 125 - http-outgoing-4 << Content-Type:application/json; charset=utf-8
12-09-2018 12:36:43 MainClientExec.java DEBUG [Forwarding isElementDisplayed on session 5d15bc8f92dfa57856b0ab35acf0a735 to remote] execchain.MainClientExec 285 - Connection can be kept alive indefinitely
12-09-2018 12:36:43 PoolingHttpClientConnectionManager.java DEBUG [Forwarding isElementDisplayed on session 5d15bc8f92dfa57856b0ab35acf0a735 to remote] conn.PoolingHttpClientConnectionManager 320 - Connection [id: 4][route: {}->http://localhost:41195] can be kept alive indefinitely
12-09-2018 12:36:43 PoolingHttpClientConnectionManager.java DEBUG [Forwarding isElementDisplayed on session 5d15bc8f92dfa57856b0ab35acf0a735 to remote] conn.PoolingHttpClientConnectionManager 326 - Connection released: [id: 4][route: {}->http://localhost:41195][total kept alive: 1; route allocated: 1 of 2000; total allocated: 1 of 2000]
12-09-2018 12:36:43 RequestAddCookies.java DEBUG [Forwarding close on session 5d15bc8f92dfa57856b0ab35acf0a735 to remote] protocol.RequestAddCookies 123 - CookieSpec selected: default
12-09-2018 12:36:43 RequestAuthCache.java DEBUG [Forwarding close on session 5d15bc8f92dfa57856b0ab35acf0a735 to remote] protocol.RequestAuthCache 77 - Auth cache not set in the context
12-09-2018 12:36:43 PoolingHttpClientConnectionManager.java DEBUG [Forwarding close on session 5d15bc8f92dfa57856b0ab35acf0a735 to remote] conn.PoolingHttpClientConnectionManager 255 - Connection request: [route: {}->http://localhost:41195][total kept alive: 1; route allocated: 1 of 2000; total allocated: 1 of 2000]
12-09-2018 12:36:43 PoolingHttpClientConnectionManager.java DEBUG [Forwarding close on session 5d15bc8f92dfa57856b0ab35acf0a735 to remote] conn.PoolingHttpClientConnectionManager 288 - Connection leased: [id: 4][route: {}->http://localhost:41195][total kept alive: 0; route allocated: 1 of 2000; total allocated: 1 of 2000]
12-09-2018 12:36:43 MainClientExec.java DEBUG [Forwarding close on session 5d15bc8f92dfa57856b0ab35acf0a735 to remote] execchain.MainClientExec 208 - Stale connection check
12-09-2018 12:36:43 Wire.java DEBUG [Forwarding close on session 5d15bc8f92dfa57856b0ab35acf0a735 to remote] http.wire 87 - http-outgoing-4 << "[read] I/O error: Read timed out"
12-09-2018 12:36:43 LoggingManagedHttpClientConnection.java DEBUG [Forwarding close on session 5d15bc8f92dfa57856b0ab35acf0a735 to remote] conn.DefaultManagedHttpClientConnection 88 - http-outgoing-4: set socket timeout to 10800000
12-09-2018 12:36:43 MainClientExec.java DEBUG [Forwarding close on session 5d15bc8f92dfa57856b0ab35acf0a735 to remote] execchain.MainClientExec 256 - Executing request DELETE /session/5d15bc8f92dfa57856b0ab35acf0a735/window HTTP/1.1
12-09-2018 12:36:43 MainClientExec.java DEBUG [Forwarding close on session 5d15bc8f92dfa57856b0ab35acf0a735 to remote] execchain.MainClientExec 261 - Target auth state: UNCHALLENGED
12-09-2018 12:36:43 MainClientExec.java DEBUG [Forwarding close on session 5d15bc8f92dfa57856b0ab35acf0a735 to remote] execchain.MainClientExec 267 - Proxy auth state: UNCHALLENGED
12-09-2018 12:36:43 LoggingManagedHttpClientConnection.java DEBUG [Forwarding close on session 5d15bc8f92dfa57856b0ab35acf0a735 to remote] http.headers 133 - http-outgoing-4 >> DELETE /session/5d15bc8f92dfa57856b0ab35acf0a735/window HTTP/1.1
12-09-2018 12:36:43 LoggingManagedHttpClientConnection.java DEBUG [Forwarding close on session 5d15bc8f92dfa57856b0ab35acf0a735 to remote] http.headers 136 - http-outgoing-4 >> Host: localhost:41195
12-09-2018 12:36:43 LoggingManagedHttpClientConnection.java DEBUG [Forwarding close on session 5d15bc8f92dfa57856b0ab35acf0a735 to remote] http.headers 136 - http-outgoing-4 >> Connection: Keep-Alive
12-09-2018 12:36:43 LoggingManagedHttpClientConnection.java DEBUG [Forwarding close on session 5d15bc8f92dfa57856b0ab35acf0a735 to remote] http.headers 136 - http-outgoing-4 >> User-Agent: Apache-HttpClient/4.5.3 (Java/1.8.0_181)
12-09-2018 12:36:43 LoggingManagedHttpClientConnection.java DEBUG [Forwarding close on session 5d15bc8f92dfa57856b0ab35acf0a735 to remote] http.headers 136 - http-outgoing-4 >> Accept-Encoding: gzip,deflate
12-09-2018 12:36:43 Wire.java DEBUG [Forwarding close on session 5d15bc8f92dfa57856b0ab35acf0a735 to remote] http.wire 73 - http-outgoing-4 >> "DELETE /session/5d15bc8f92dfa57856b0ab35acf0a735/window HTTP/1.1[\r][\n]"
12-09-2018 12:36:43 Wire.java DEBUG [Forwarding close on session 5d15bc8f92dfa57856b0ab35acf0a735 to remote] http.wire 73 - http-outgoing-4 >> "Host: localhost:41195[\r][\n]"
12-09-2018 12:36:43 Wire.java DEBUG [Forwarding close on session 5d15bc8f92dfa57856b0ab35acf0a735 to remote] http.wire 73 - http-outgoing-4 >> "Connection: Keep-Alive[\r][\n]"
12-09-2018 12:36:43 Wire.java DEBUG [Forwarding close on session 5d15bc8f92dfa57856b0ab35acf0a735 to remote] http.wire 73 - http-outgoing-4 >> "User-Agent: Apache-HttpClient/4.5.3 (Java/1.8.0_181)[\r][\n]"
12-09-2018 12:36:43 Wire.java DEBUG [Forwarding close on session 5d15bc8f92dfa57856b0ab35acf0a735 to remote] http.wire 73 - http-outgoing-4 >> "Accept-Encoding: gzip,deflate[\r][\n]"
12-09-2018 12:36:43 Wire.java DEBUG [Forwarding close on session 5d15bc8f92dfa57856b0ab35acf0a735 to remote] http.wire 73 - http-outgoing-4 >> "[\r][\n]"
12-09-2018 12:36:45 Wire.java DEBUG [Forwarding close on session 5d15bc8f92dfa57856b0ab35acf0a735 to remote] http.wire 73 - http-outgoing-4 << "HTTP/1.1 200 OK[\r][\n]"
12-09-2018 12:36:45 Wire.java DEBUG [Forwarding close on session 5d15bc8f92dfa57856b0ab35acf0a735 to remote] http.wire 73 - http-outgoing-4 << "Content-Length:72[\r][\n]"
12-09-2018 12:36:45 Wire.java DEBUG [Forwarding close on session 5d15bc8f92dfa57856b0ab35acf0a735 to remote] http.wire 73 - http-outgoing-4 << "Content-Type:application/json; charset=utf-8[\r][\n]"
12-09-2018 12:36:45 Wire.java DEBUG [Forwarding close on session 5d15bc8f92dfa57856b0ab35acf0a735 to remote] http.wire 73 - http-outgoing-4 << "[\r][\n]"
12-09-2018 12:36:45 Wire.java DEBUG [Forwarding close on session 5d15bc8f92dfa57856b0ab35acf0a735 to remote] http.wire 87 - http-outgoing-4 << "{"sessionId":"5d15bc8f92dfa57856b0ab35acf0a735","status":0,"value":null}"
12-09-2018 12:36:45 LoggingManagedHttpClientConnection.java DEBUG [Forwarding close on session 5d15bc8f92dfa57856b0ab35acf0a735 to remote] http.headers 122 - http-outgoing-4 << HTTP/1.1 200 OK
12-09-2018 12:36:45 LoggingManagedHttpClientConnection.java DEBUG [Forwarding close on session 5d15bc8f92dfa57856b0ab35acf0a735 to remote] http.headers 125 - http-outgoing-4 << Content-Length:72
12-09-2018 12:36:45 LoggingManagedHttpClientConnection.java DEBUG [Forwarding close on session 5d15bc8f92dfa57856b0ab35acf0a735 to remote] http.headers 125 - http-outgoing-4 << Content-Type:application/json; charset=utf-8
12-09-2018 12:36:45 MainClientExec.java DEBUG [Forwarding close on session 5d15bc8f92dfa57856b0ab35acf0a735 to remote] execchain.MainClientExec 285 - Connection can be kept alive indefinitely
12-09-2018 12:36:45 PoolingHttpClientConnectionManager.java DEBUG [Forwarding close on session 5d15bc8f92dfa57856b0ab35acf0a735 to remote] conn.PoolingHttpClientConnectionManager 320 - Connection [id: 4][route: {}->http://localhost:41195] can be kept alive indefinitely
12-09-2018 12:36:45 PoolingHttpClientConnectionManager.java DEBUG [Forwarding close on session 5d15bc8f92dfa57856b0ab35acf0a735 to remote] conn.PoolingHttpClientConnectionManager 326 - Connection released: [id: 4][route: {}->http://localhost:41195][total kept alive: 1; route allocated: 1 of 2000; total allocated: 1 of 2000]
12-09-2018 12:36:45 RequestAddCookies.java DEBUG [Forwarding quit on session 5d15bc8f92dfa57856b0ab35acf0a735 to remote] protocol.RequestAddCookies 123 - CookieSpec selected: default
12-09-2018 12:36:45 RequestAuthCache.java DEBUG [Forwarding quit on session 5d15bc8f92dfa57856b0ab35acf0a735 to remote] protocol.RequestAuthCache 77 - Auth cache not set in the context
12-09-2018 12:36:45 PoolingHttpClientConnectionManager.java DEBUG [Forwarding quit on session 5d15bc8f92dfa57856b0ab35acf0a735 to remote] conn.PoolingHttpClientConnectionManager 255 - Connection request: [route: {}->http://localhost:41195][total kept alive: 1; route allocated: 1 of 2000; total allocated: 1 of 2000]
12-09-2018 12:36:45 PoolingHttpClientConnectionManager.java DEBUG [Forwarding quit on session 5d15bc8f92dfa57856b0ab35acf0a735 to remote] conn.PoolingHttpClientConnectionManager 288 - Connection leased: [id: 4][route: {}->http://localhost:41195][total kept alive: 0; route allocated: 1 of 2000; total allocated: 1 of 2000]
12-09-2018 12:36:45 MainClientExec.java DEBUG [Forwarding quit on session 5d15bc8f92dfa57856b0ab35acf0a735 to remote] execchain.MainClientExec 208 - Stale connection check
12-09-2018 12:36:45 Wire.java DEBUG [Forwarding quit on session 5d15bc8f92dfa57856b0ab35acf0a735 to remote] http.wire 87 - http-outgoing-4 << "[read] I/O error: Read timed out"
12-09-2018 12:36:45 LoggingManagedHttpClientConnection.java DEBUG [Forwarding quit on session 5d15bc8f92dfa57856b0ab35acf0a735 to remote] conn.DefaultManagedHttpClientConnection 88 - http-outgoing-4: set socket timeout to 10800000
12-09-2018 12:36:45 MainClientExec.java DEBUG [Forwarding quit on session 5d15bc8f92dfa57856b0ab35acf0a735 to remote] execchain.MainClientExec 256 - Executing request DELETE /session/5d15bc8f92dfa57856b0ab35acf0a735 HTTP/1.1
12-09-2018 12:36:45 MainClientExec.java DEBUG [Forwarding quit on session 5d15bc8f92dfa57856b0ab35acf0a735 to remote] execchain.MainClientExec 261 - Target auth state: UNCHALLENGED
12-09-2018 12:36:45 MainClientExec.java DEBUG [Forwarding quit on session 5d15bc8f92dfa57856b0ab35acf0a735 to remote] execchain.MainClientExec 267 - Proxy auth state: UNCHALLENGED
12-09-2018 12:36:45 LoggingManagedHttpClientConnection.java DEBUG [Forwarding quit on session 5d15bc8f92dfa57856b0ab35acf0a735 to remote] http.headers 133 - http-outgoing-4 >> DELETE /session/5d15bc8f92dfa57856b0ab35acf0a735 HTTP/1.1
12-09-2018 12:36:45 LoggingManagedHttpClientConnection.java DEBUG [Forwarding quit on session 5d15bc8f92dfa57856b0ab35acf0a735 to remote] http.headers 136 - http-outgoing-4 >> Host: localhost:41195
12-09-2018 12:36:45 LoggingManagedHttpClientConnection.java DEBUG [Forwarding quit on session 5d15bc8f92dfa57856b0ab35acf0a735 to remote] http.headers 136 - http-outgoing-4 >> Connection: Keep-Alive
12-09-2018 12:36:45 LoggingManagedHttpClientConnection.java DEBUG [Forwarding quit on session 5d15bc8f92dfa57856b0ab35acf0a735 to remote] http.headers 136 - http-outgoing-4 >> User-Agent: Apache-HttpClient/4.5.3 (Java/1.8.0_181)
12-09-2018 12:36:45 LoggingManagedHttpClientConnection.java DEBUG [Forwarding quit on session 5d15bc8f92dfa57856b0ab35acf0a735 to remote] http.headers 136 - http-outgoing-4 >> Accept-Encoding: gzip,deflate
12-09-2018 12:36:45 Wire.java DEBUG [Forwarding quit on session 5d15bc8f92dfa57856b0ab35acf0a735 to remote] http.wire 73 - http-outgoing-4 >> "DELETE /session/5d15bc8f92dfa57856b0ab35acf0a735 HTTP/1.1[\r][\n]"
12-09-2018 12:36:45 Wire.java DEBUG [Forwarding quit on session 5d15bc8f92dfa57856b0ab35acf0a735 to remote] http.wire 73 - http-outgoing-4 >> "Host: localhost:41195[\r][\n]"
12-09-2018 12:36:45 Wire.java DEBUG [Forwarding quit on session 5d15bc8f92dfa57856b0ab35acf0a735 to remote] http.wire 73 - http-outgoing-4 >> "Connection: Keep-Alive[\r][\n]"
12-09-2018 12:36:45 Wire.java DEBUG [Forwarding quit on session 5d15bc8f92dfa57856b0ab35acf0a735 to remote] http.wire 73 - http-outgoing-4 >> "User-Agent: Apache-HttpClient/4.5.3 (Java/1.8.0_181)[\r][\n]"
12-09-2018 12:36:45 Wire.java DEBUG [Forwarding quit on session 5d15bc8f92dfa57856b0ab35acf0a735 to remote] http.wire 73 - http-outgoing-4 >> "Accept-Encoding: gzip,deflate[\r][\n]"
12-09-2018 12:36:45 Wire.java DEBUG [Forwarding quit on session 5d15bc8f92dfa57856b0ab35acf0a735 to remote] http.wire 73 - http-outgoing-4 >> "[\r][\n]"
12-09-2018 12:36:45 Wire.java DEBUG [Forwarding quit on session 5d15bc8f92dfa57856b0ab35acf0a735 to remote] http.wire 73 - http-outgoing-4 << "HTTP/1.1 200 OK[\r][\n]"
12-09-2018 12:36:45 Wire.java DEBUG [Forwarding quit on session 5d15bc8f92dfa57856b0ab35acf0a735 to remote] http.wire 73 - http-outgoing-4 << "Content-Length:40[\r][\n]"
12-09-2018 12:36:45 Wire.java DEBUG [Forwarding quit on session 5d15bc8f92dfa57856b0ab35acf0a735 to remote] http.wire 73 - http-outgoing-4 << "Content-Type:application/json; charset=utf-8[\r][\n]"
12-09-2018 12:36:45 Wire.java DEBUG [Forwarding quit on session 5d15bc8f92dfa57856b0ab35acf0a735 to remote] http.wire 73 - http-outgoing-4 << "[\r][\n]"
12-09-2018 12:36:45 Wire.java DEBUG [Forwarding quit on session 5d15bc8f92dfa57856b0ab35acf0a735 to remote] http.wire 87 - http-outgoing-4 << "{"sessionId":"","status":0,"value":null}"
12-09-2018 12:36:45 LoggingManagedHttpClientConnection.java DEBUG [Forwarding quit on session 5d15bc8f92dfa57856b0ab35acf0a735 to remote] http.headers 122 - http-outgoing-4 << HTTP/1.1 200 OK
12-09-2018 12:36:45 LoggingManagedHttpClientConnection.java DEBUG [Forwarding quit on session 5d15bc8f92dfa57856b0ab35acf0a735 to remote] http.headers 125 - http-outgoing-4 << Content-Length:40
12-09-2018 12:36:45 LoggingManagedHttpClientConnection.java DEBUG [Forwarding quit on session 5d15bc8f92dfa57856b0ab35acf0a735 to remote] http.headers 125 - http-outgoing-4 << Content-Type:application/json; charset=utf-8
12-09-2018 12:36:45 MainClientExec.java DEBUG [Forwarding quit on session 5d15bc8f92dfa57856b0ab35acf0a735 to remote] execchain.MainClientExec 285 - Connection can be kept alive indefinitely
12-09-2018 12:36:45 PoolingHttpClientConnectionManager.java DEBUG [Forwarding quit on session 5d15bc8f92dfa57856b0ab35acf0a735 to remote] conn.PoolingHttpClientConnectionManager 320 - Connection [id: 4][route: {}->http://localhost:41195] can be kept alive indefinitely
12-09-2018 12:36:45 PoolingHttpClientConnectionManager.java DEBUG [Forwarding quit on session 5d15bc8f92dfa57856b0ab35acf0a735 to remote] conn.PoolingHttpClientConnectionManager 326 - Connection released: [id: 4][route: {}->http://localhost:41195][total kept alive: 1; route allocated: 1 of 2000; total allocated: 1 of 2000]
12-09-2018 12:36:45 PoolingHttpClientConnectionManager.java DEBUG [Forwarding quit on session 5d15bc8f92dfa57856b0ab35acf0a735 to remote] conn.PoolingHttpClientConnectionManager 407 - Closing connections idle longer than 0 SECONDS
12-09-2018 12:36:45 LoggingManagedHttpClientConnection.java DEBUG [Forwarding quit on session 5d15bc8f92dfa57856b0ab35acf0a735 to remote] conn.DefaultManagedHttpClientConnection 79 - http-outgoing-4: Close connection
12-09-2018 12:36:45 Base.java INFO  [main] GmailSignInComposeMailSignOutTest 83 - Execution Ended
]]></system-out>
    <system-err><![CDATA[Starting ChromeDriver 2.44.609538 (b655c5a60b0b544917107a59d4153d4bf78e1b90) on port 41195
Only local connections are allowed.
Dec 09, 2018 12:36:37 PM org.openqa.selenium.remote.ProtocolHandshake createSession
INFO: Detected dialect: OSS
]]></system-err>
  </testcase>
  <testcase name="testGmailSignInComposeMailDeleteSentItemSignOut" classname="com.gmail.qa.test.GmailSignInComposeMailDeleteSentItemSignOutTest" time="18.029">
    <error message="chrome not reachable&#10;  (Session info: chrome=70.0.3538.110)&#10;  (Driver info: chromedriver=2.44.609538 (b655c5a60b0b544917107a59d4153d4bf78e1b90),platform=Windows NT 10.0.17134 x86_64) (WARNING: The server did not provide any stacktrace information)&#10;Command duration or timeout: 0 milliseconds&#10;Build info: version: &apos;3.5.3&apos;, revision: &apos;a88d25fe6b&apos;, time: &apos;2017-08-29T12:42:44.417Z&apos;&#10;System info: host: &apos;DESKTOP-VQGGT5N&apos;, ip: &apos;192.168.1.12&apos;, os.name: &apos;Windows 10&apos;, os.arch: &apos;amd64&apos;, os.version: &apos;10.0&apos;, java.version: &apos;1.8.0_181&apos;&#10;Driver info: org.openqa.selenium.chrome.ChromeDriver&#10;Capabilities [{mobileEmulationEnabled=false, hasTouchScreen=false, platform=XP, acceptSslCerts=false, goog:chromeOptions={debuggerAddress=localhost:50397}, acceptInsecureCerts=false, webStorageEnabled=true, browserName=chrome, takesScreenshot=true, javascriptEnabled=true, platformName=XP, setWindowRect=true, unexpectedAlertBehaviour=ignore, applicationCacheEnabled=false, rotatable=false, networkConnectionEnabled=false, chrome={chromedriverVersion=2.44.609538 (b655c5a60b0b544917107a59d4153d4bf78e1b90), userDataDir=C:\Users\chait\AppData\Local\Temp\scoped_dir2352_19639}, takesHeapSnapshot=true, unhandledPromptBehavior=ignore, pageLoadStrategy=normal, databaseEnabled=false, handlesAlerts=true, version=70.0.3538.110, browserConnectionEnabled=false, nativeEvents=true, locationContextEnabled=true, cssSelectorsEnabled=true}]&#10;Session ID: 1850fbce5f951b60a82aea7e87031669&#10;*** Element info: {Using=xpath, value=//span[@class=&apos;gb_bb gbii&apos;]}" type="org.openqa.selenium.WebDriverException">org.openqa.selenium.WebDriverException: 
chrome not reachable
  (Session info: chrome=70.0.3538.110)
  (Driver info: chromedriver=2.44.609538 (b655c5a60b0b544917107a59d4153d4bf78e1b90),platform=Windows NT 10.0.17134 x86_64) (WARNING: The server did not provide any stacktrace information)
Command duration or timeout: 0 milliseconds
Build info: version: '3.5.3', revision: 'a88d25fe6b', time: '2017-08-29T12:42:44.417Z'
System info: host: 'DESKTOP-VQGGT5N', ip: '192.168.1.12', os.name: 'Windows 10', os.arch: 'amd64', os.version: '10.0', java.version: '1.8.0_181'
Driver info: org.openqa.selenium.chrome.ChromeDriver
Capabilities [{mobileEmulationEnabled=false, hasTouchScreen=false, platform=XP, acceptSslCerts=false, goog:chromeOptions={debuggerAddress=localhost:50397}, acceptInsecureCerts=false, webStorageEnabled=true, browserName=chrome, takesScreenshot=true, javascriptEnabled=true, platformName=XP, setWindowRect=true, unexpectedAlertBehaviour=ignore, applicationCacheEnabled=false, rotatable=false, networkConnectionEnabled=false, chrome={chromedriverVersion=2.44.609538 (b655c5a60b0b544917107a59d4153d4bf78e1b90), userDataDir=C:\Users\chait\AppData\Local\Temp\scoped_dir2352_19639}, takesHeapSnapshot=true, unhandledPromptBehavior=ignore, pageLoadStrategy=normal, databaseEnabled=false, handlesAlerts=true, version=70.0.3538.110, browserConnectionEnabled=false, nativeEvents=true, locationContextEnabled=true, cssSelectorsEnabled=true}]
Session ID: 1850fbce5f951b60a82aea7e87031669
*** Element info: {Using=xpath, value=//span[@class='gb_bb gbii']}
	at com.gmail.qa.test.GmailSignInComposeMailDeleteSentItemSignOutTest.testGmailSignInComposeMailDeleteSentItemSignOut(GmailSignInComposeMailDeleteSentItemSignOutTest.java:47)
</error>
    <system-out><![CDATA[12-09-2018 12:36:45 Base.java INFO  [main] GmailSignInComposeMailDeleteSentItemSignOutTest 31 - Execution Started
12-09-2018 12:36:46 RequestAddCookies.java DEBUG [Forwarding newSession on session null to remote] protocol.RequestAddCookies 123 - CookieSpec selected: default
12-09-2018 12:36:46 RequestAuthCache.java DEBUG [Forwarding newSession on session null to remote] protocol.RequestAuthCache 77 - Auth cache not set in the context
12-09-2018 12:36:46 PoolingHttpClientConnectionManager.java DEBUG [Forwarding newSession on session null to remote] conn.PoolingHttpClientConnectionManager 255 - Connection request: [route: {}->http://localhost:19590][total kept alive: 0; route allocated: 0 of 2000; total allocated: 0 of 2000]
12-09-2018 12:36:46 PoolingHttpClientConnectionManager.java DEBUG [Forwarding newSession on session null to remote] conn.PoolingHttpClientConnectionManager 288 - Connection leased: [id: 5][route: {}->http://localhost:19590][total kept alive: 0; route allocated: 1 of 2000; total allocated: 1 of 2000]
12-09-2018 12:36:46 MainClientExec.java DEBUG [Forwarding newSession on session null to remote] execchain.MainClientExec 235 - Opening connection {}->http://localhost:19590
12-09-2018 12:36:46 DefaultHttpClientConnectionOperator.java DEBUG [Forwarding newSession on session null to remote] conn.DefaultHttpClientConnectionOperator 139 - Connecting to localhost/127.0.0.1:19590
12-09-2018 12:36:46 DefaultHttpClientConnectionOperator.java DEBUG [Forwarding newSession on session null to remote] conn.DefaultHttpClientConnectionOperator 146 - Connection established 127.0.0.1:50396<->127.0.0.1:19590
12-09-2018 12:36:46 LoggingManagedHttpClientConnection.java DEBUG [Forwarding newSession on session null to remote] conn.DefaultManagedHttpClientConnection 88 - http-outgoing-5: set socket timeout to 10800000
12-09-2018 12:36:46 MainClientExec.java DEBUG [Forwarding newSession on session null to remote] execchain.MainClientExec 256 - Executing request POST /session HTTP/1.1
12-09-2018 12:36:46 MainClientExec.java DEBUG [Forwarding newSession on session null to remote] execchain.MainClientExec 261 - Target auth state: UNCHALLENGED
12-09-2018 12:36:46 MainClientExec.java DEBUG [Forwarding newSession on session null to remote] execchain.MainClientExec 267 - Proxy auth state: UNCHALLENGED
12-09-2018 12:36:46 LoggingManagedHttpClientConnection.java DEBUG [Forwarding newSession on session null to remote] http.headers 133 - http-outgoing-5 >> POST /session HTTP/1.1
12-09-2018 12:36:46 LoggingManagedHttpClientConnection.java DEBUG [Forwarding newSession on session null to remote] http.headers 136 - http-outgoing-5 >> Content-Type: application/json; charset=utf-8
12-09-2018 12:36:46 LoggingManagedHttpClientConnection.java DEBUG [Forwarding newSession on session null to remote] http.headers 136 - http-outgoing-5 >> Content-Length: 550
12-09-2018 12:36:46 LoggingManagedHttpClientConnection.java DEBUG [Forwarding newSession on session null to remote] http.headers 136 - http-outgoing-5 >> Host: localhost:19590
12-09-2018 12:36:46 LoggingManagedHttpClientConnection.java DEBUG [Forwarding newSession on session null to remote] http.headers 136 - http-outgoing-5 >> Connection: Keep-Alive
12-09-2018 12:36:46 LoggingManagedHttpClientConnection.java DEBUG [Forwarding newSession on session null to remote] http.headers 136 - http-outgoing-5 >> User-Agent: Apache-HttpClient/4.5.3 (Java/1.8.0_181)
12-09-2018 12:36:46 LoggingManagedHttpClientConnection.java DEBUG [Forwarding newSession on session null to remote] http.headers 136 - http-outgoing-5 >> Accept-Encoding: gzip,deflate
12-09-2018 12:36:46 Wire.java DEBUG [Forwarding newSession on session null to remote] http.wire 73 - http-outgoing-5 >> "POST /session HTTP/1.1[\r][\n]"
12-09-2018 12:36:46 Wire.java DEBUG [Forwarding newSession on session null to remote] http.wire 73 - http-outgoing-5 >> "Content-Type: application/json; charset=utf-8[\r][\n]"
12-09-2018 12:36:46 Wire.java DEBUG [Forwarding newSession on session null to remote] http.wire 73 - http-outgoing-5 >> "Content-Length: 550[\r][\n]"
12-09-2018 12:36:46 Wire.java DEBUG [Forwarding newSession on session null to remote] http.wire 73 - http-outgoing-5 >> "Host: localhost:19590[\r][\n]"
12-09-2018 12:36:46 Wire.java DEBUG [Forwarding newSession on session null to remote] http.wire 73 - http-outgoing-5 >> "Connection: Keep-Alive[\r][\n]"
12-09-2018 12:36:46 Wire.java DEBUG [Forwarding newSession on session null to remote] http.wire 73 - http-outgoing-5 >> "User-Agent: Apache-HttpClient/4.5.3 (Java/1.8.0_181)[\r][\n]"
12-09-2018 12:36:46 Wire.java DEBUG [Forwarding newSession on session null to remote] http.wire 73 - http-outgoing-5 >> "Accept-Encoding: gzip,deflate[\r][\n]"
12-09-2018 12:36:46 Wire.java DEBUG [Forwarding newSession on session null to remote] http.wire 73 - http-outgoing-5 >> "[\r][\n]"
12-09-2018 12:36:46 Wire.java DEBUG [Forwarding newSession on session null to remote] http.wire 73 - http-outgoing-5 >> "{[\n]"
12-09-2018 12:36:46 Wire.java DEBUG [Forwarding newSession on session null to remote] http.wire 73 - http-outgoing-5 >> "  "desiredCapabilities": {[\n]"
12-09-2018 12:36:46 Wire.java DEBUG [Forwarding newSession on session null to remote] http.wire 73 - http-outgoing-5 >> "    "browserName": "chrome",[\n]"
12-09-2018 12:36:46 Wire.java DEBUG [Forwarding newSession on session null to remote] http.wire 73 - http-outgoing-5 >> "    "chromeOptions": {[\n]"
12-09-2018 12:36:46 Wire.java DEBUG [Forwarding newSession on session null to remote] http.wire 73 - http-outgoing-5 >> "      "args": [],[\n]"
12-09-2018 12:36:46 Wire.java DEBUG [Forwarding newSession on session null to remote] http.wire 73 - http-outgoing-5 >> "      "extensions": [][\n]"
12-09-2018 12:36:46 Wire.java DEBUG [Forwarding newSession on session null to remote] http.wire 73 - http-outgoing-5 >> "    },[\n]"
12-09-2018 12:36:46 Wire.java DEBUG [Forwarding newSession on session null to remote] http.wire 73 - http-outgoing-5 >> "    "version": "",[\n]"
12-09-2018 12:36:46 Wire.java DEBUG [Forwarding newSession on session null to remote] http.wire 73 - http-outgoing-5 >> "    "platform": "ANY"[\n]"
12-09-2018 12:36:46 Wire.java DEBUG [Forwarding newSession on session null to remote] http.wire 73 - http-outgoing-5 >> "  },[\n]"
12-09-2018 12:36:46 Wire.java DEBUG [Forwarding newSession on session null to remote] http.wire 73 - http-outgoing-5 >> "  "requiredCapabilities": {},[\n]"
12-09-2018 12:36:46 Wire.java DEBUG [Forwarding newSession on session null to remote] http.wire 73 - http-outgoing-5 >> "  "capabilities": {[\n]"
12-09-2018 12:36:46 Wire.java DEBUG [Forwarding newSession on session null to remote] http.wire 73 - http-outgoing-5 >> "    "desiredCapabilities": {[\n]"
12-09-2018 12:36:46 Wire.java DEBUG [Forwarding newSession on session null to remote] http.wire 73 - http-outgoing-5 >> "      "browserName": "chrome",[\n]"
12-09-2018 12:36:46 Wire.java DEBUG [Forwarding newSession on session null to remote] http.wire 73 - http-outgoing-5 >> "      "chromeOptions": {[\n]"
12-09-2018 12:36:46 Wire.java DEBUG [Forwarding newSession on session null to remote] http.wire 73 - http-outgoing-5 >> "        "args": [],[\n]"
12-09-2018 12:36:46 Wire.java DEBUG [Forwarding newSession on session null to remote] http.wire 73 - http-outgoing-5 >> "        "extensions": [][\n]"
12-09-2018 12:36:46 Wire.java DEBUG [Forwarding newSession on session null to remote] http.wire 73 - http-outgoing-5 >> "      },[\n]"
12-09-2018 12:36:46 Wire.java DEBUG [Forwarding newSession on session null to remote] http.wire 73 - http-outgoing-5 >> "      "version": "",[\n]"
12-09-2018 12:36:46 Wire.java DEBUG [Forwarding newSession on session null to remote] http.wire 73 - http-outgoing-5 >> "      "platform": "ANY"[\n]"
12-09-2018 12:36:46 Wire.java DEBUG [Forwarding newSession on session null to remote] http.wire 73 - http-outgoing-5 >> "    },[\n]"
12-09-2018 12:36:46 Wire.java DEBUG [Forwarding newSession on session null to remote] http.wire 73 - http-outgoing-5 >> "    "requiredCapabilities": {},[\n]"
12-09-2018 12:36:46 Wire.java DEBUG [Forwarding newSession on session null to remote] http.wire 73 - http-outgoing-5 >> "    "alwaysMatch": {},[\n]"
12-09-2018 12:36:46 Wire.java DEBUG [Forwarding newSession on session null to remote] http.wire 73 - http-outgoing-5 >> "    "firstMatch": [[\n]"
12-09-2018 12:36:46 Wire.java DEBUG [Forwarding newSession on session null to remote] http.wire 73 - http-outgoing-5 >> "      {[\n]"
12-09-2018 12:36:46 Wire.java DEBUG [Forwarding newSession on session null to remote] http.wire 73 - http-outgoing-5 >> "        "browserName": "chrome"[\n]"
12-09-2018 12:36:46 Wire.java DEBUG [Forwarding newSession on session null to remote] http.wire 73 - http-outgoing-5 >> "      }[\n]"
12-09-2018 12:36:46 Wire.java DEBUG [Forwarding newSession on session null to remote] http.wire 73 - http-outgoing-5 >> "    ][\n]"
12-09-2018 12:36:46 Wire.java DEBUG [Forwarding newSession on session null to remote] http.wire 73 - http-outgoing-5 >> "  }[\n]"
12-09-2018 12:36:46 Wire.java DEBUG [Forwarding newSession on session null to remote] http.wire 87 - http-outgoing-5 >> "}"
12-09-2018 12:36:47 Wire.java DEBUG [Forwarding newSession on session null to remote] http.wire 73 - http-outgoing-5 << "HTTP/1.1 200 OK[\r][\n]"
12-09-2018 12:36:47 Wire.java DEBUG [Forwarding newSession on session null to remote] http.wire 73 - http-outgoing-5 << "Content-Length:894[\r][\n]"
12-09-2018 12:36:47 Wire.java DEBUG [Forwarding newSession on session null to remote] http.wire 73 - http-outgoing-5 << "Content-Type:application/json; charset=utf-8[\r][\n]"
12-09-2018 12:36:47 Wire.java DEBUG [Forwarding newSession on session null to remote] http.wire 73 - http-outgoing-5 << "[\r][\n]"
12-09-2018 12:36:47 Wire.java DEBUG [Forwarding newSession on session null to remote] http.wire 87 - http-outgoing-5 << "{"sessionId":"1850fbce5f951b60a82aea7e87031669","status":0,"value":{"acceptInsecureCerts":false,"acceptSslCerts":false,"applicationCacheEnabled":false,"browserConnectionEnabled":false,"browserName":"chrome","chrome":{"chromedriverVersion":"2.44.609538 (b655c5a60b0b544917107a59d4153d4bf78e1b90)","userDataDir":"C:\\Users\\chait\\AppData\\Local\\Temp\\scoped_dir2352_19639"},"cssSelectorsEnabled":true,"databaseEnabled":false,"goog:chromeOptions":{"debuggerAddress":"localhost:50397"},"handlesAlerts":true,"hasTouchScreen":false,"javascriptEnabled":true,"locationContextEnabled":true,"mobileEmulationEnabled":false,"nativeEvents":true,"networkConnectionEnabled":false,"pageLoadStrategy":"normal","platform":"Windows NT","rotatable":false,"setWindowRect":true,"takesHeapSnapshot":true,"takesScreenshot":true,"unexpectedAlertBehaviour":"ignore","version":"70.0.3538.110","webStorageEnabled":true}}"
12-09-2018 12:36:47 LoggingManagedHttpClientConnection.java DEBUG [Forwarding newSession on session null to remote] http.headers 122 - http-outgoing-5 << HTTP/1.1 200 OK
12-09-2018 12:36:47 LoggingManagedHttpClientConnection.java DEBUG [Forwarding newSession on session null to remote] http.headers 125 - http-outgoing-5 << Content-Length:894
12-09-2018 12:36:47 LoggingManagedHttpClientConnection.java DEBUG [Forwarding newSession on session null to remote] http.headers 125 - http-outgoing-5 << Content-Type:application/json; charset=utf-8
12-09-2018 12:36:47 MainClientExec.java DEBUG [Forwarding newSession on session null to remote] execchain.MainClientExec 285 - Connection can be kept alive indefinitely
12-09-2018 12:36:47 PoolingHttpClientConnectionManager.java DEBUG [Forwarding newSession on session null to remote] conn.PoolingHttpClientConnectionManager 320 - Connection [id: 5][route: {}->http://localhost:19590] can be kept alive indefinitely
12-09-2018 12:36:47 PoolingHttpClientConnectionManager.java DEBUG [Forwarding newSession on session null to remote] conn.PoolingHttpClientConnectionManager 326 - Connection released: [id: 5][route: {}->http://localhost:19590][total kept alive: 1; route allocated: 1 of 2000; total allocated: 1 of 2000]
12-09-2018 12:36:48 RequestAddCookies.java DEBUG [Forwarding maximizeCurrentWindow on session 1850fbce5f951b60a82aea7e87031669 to remote] protocol.RequestAddCookies 123 - CookieSpec selected: default
12-09-2018 12:36:48 RequestAuthCache.java DEBUG [Forwarding maximizeCurrentWindow on session 1850fbce5f951b60a82aea7e87031669 to remote] protocol.RequestAuthCache 77 - Auth cache not set in the context
12-09-2018 12:36:48 PoolingHttpClientConnectionManager.java DEBUG [Forwarding maximizeCurrentWindow on session 1850fbce5f951b60a82aea7e87031669 to remote] conn.PoolingHttpClientConnectionManager 255 - Connection request: [route: {}->http://localhost:19590][total kept alive: 1; route allocated: 1 of 2000; total allocated: 1 of 2000]
12-09-2018 12:36:48 PoolingHttpClientConnectionManager.java DEBUG [Forwarding maximizeCurrentWindow on session 1850fbce5f951b60a82aea7e87031669 to remote] conn.PoolingHttpClientConnectionManager 288 - Connection leased: [id: 5][route: {}->http://localhost:19590][total kept alive: 0; route allocated: 1 of 2000; total allocated: 1 of 2000]
12-09-2018 12:36:48 MainClientExec.java DEBUG [Forwarding maximizeCurrentWindow on session 1850fbce5f951b60a82aea7e87031669 to remote] execchain.MainClientExec 208 - Stale connection check
12-09-2018 12:36:48 Wire.java DEBUG [Forwarding maximizeCurrentWindow on session 1850fbce5f951b60a82aea7e87031669 to remote] http.wire 87 - http-outgoing-5 << "[read] I/O error: Read timed out"
12-09-2018 12:36:48 LoggingManagedHttpClientConnection.java DEBUG [Forwarding maximizeCurrentWindow on session 1850fbce5f951b60a82aea7e87031669 to remote] conn.DefaultManagedHttpClientConnection 88 - http-outgoing-5: set socket timeout to 10800000
12-09-2018 12:36:48 MainClientExec.java DEBUG [Forwarding maximizeCurrentWindow on session 1850fbce5f951b60a82aea7e87031669 to remote] execchain.MainClientExec 256 - Executing request POST /session/1850fbce5f951b60a82aea7e87031669/window/current/maximize HTTP/1.1
12-09-2018 12:36:48 MainClientExec.java DEBUG [Forwarding maximizeCurrentWindow on session 1850fbce5f951b60a82aea7e87031669 to remote] execchain.MainClientExec 261 - Target auth state: UNCHALLENGED
12-09-2018 12:36:48 MainClientExec.java DEBUG [Forwarding maximizeCurrentWindow on session 1850fbce5f951b60a82aea7e87031669 to remote] execchain.MainClientExec 267 - Proxy auth state: UNCHALLENGED
12-09-2018 12:36:48 LoggingManagedHttpClientConnection.java DEBUG [Forwarding maximizeCurrentWindow on session 1850fbce5f951b60a82aea7e87031669 to remote] http.headers 133 - http-outgoing-5 >> POST /session/1850fbce5f951b60a82aea7e87031669/window/current/maximize HTTP/1.1
12-09-2018 12:36:48 LoggingManagedHttpClientConnection.java DEBUG [Forwarding maximizeCurrentWindow on session 1850fbce5f951b60a82aea7e87031669 to remote] http.headers 136 - http-outgoing-5 >> Content-Type: application/json; charset=utf-8
12-09-2018 12:36:48 LoggingManagedHttpClientConnection.java DEBUG [Forwarding maximizeCurrentWindow on session 1850fbce5f951b60a82aea7e87031669 to remote] http.headers 136 - http-outgoing-5 >> Content-Length: 45
12-09-2018 12:36:48 LoggingManagedHttpClientConnection.java DEBUG [Forwarding maximizeCurrentWindow on session 1850fbce5f951b60a82aea7e87031669 to remote] http.headers 136 - http-outgoing-5 >> Host: localhost:19590
12-09-2018 12:36:48 LoggingManagedHttpClientConnection.java DEBUG [Forwarding maximizeCurrentWindow on session 1850fbce5f951b60a82aea7e87031669 to remote] http.headers 136 - http-outgoing-5 >> Connection: Keep-Alive
12-09-2018 12:36:48 LoggingManagedHttpClientConnection.java DEBUG [Forwarding maximizeCurrentWindow on session 1850fbce5f951b60a82aea7e87031669 to remote] http.headers 136 - http-outgoing-5 >> User-Agent: Apache-HttpClient/4.5.3 (Java/1.8.0_181)
12-09-2018 12:36:48 LoggingManagedHttpClientConnection.java DEBUG [Forwarding maximizeCurrentWindow on session 1850fbce5f951b60a82aea7e87031669 to remote] http.headers 136 - http-outgoing-5 >> Accept-Encoding: gzip,deflate
12-09-2018 12:36:48 Wire.java DEBUG [Forwarding maximizeCurrentWindow on session 1850fbce5f951b60a82aea7e87031669 to remote] http.wire 73 - http-outgoing-5 >> "POST /session/1850fbce5f951b60a82aea7e87031669/window/current/maximize HTTP/1.1[\r][\n]"
12-09-2018 12:36:48 Wire.java DEBUG [Forwarding maximizeCurrentWindow on session 1850fbce5f951b60a82aea7e87031669 to remote] http.wire 73 - http-outgoing-5 >> "Content-Type: application/json; charset=utf-8[\r][\n]"
12-09-2018 12:36:48 Wire.java DEBUG [Forwarding maximizeCurrentWindow on session 1850fbce5f951b60a82aea7e87031669 to remote] http.wire 73 - http-outgoing-5 >> "Content-Length: 45[\r][\n]"
12-09-2018 12:36:48 Wire.java DEBUG [Forwarding maximizeCurrentWindow on session 1850fbce5f951b60a82aea7e87031669 to remote] http.wire 73 - http-outgoing-5 >> "Host: localhost:19590[\r][\n]"
12-09-2018 12:36:48 Wire.java DEBUG [Forwarding maximizeCurrentWindow on session 1850fbce5f951b60a82aea7e87031669 to remote] http.wire 73 - http-outgoing-5 >> "Connection: Keep-Alive[\r][\n]"
12-09-2018 12:36:48 Wire.java DEBUG [Forwarding maximizeCurrentWindow on session 1850fbce5f951b60a82aea7e87031669 to remote] http.wire 73 - http-outgoing-5 >> "User-Agent: Apache-HttpClient/4.5.3 (Java/1.8.0_181)[\r][\n]"
12-09-2018 12:36:48 Wire.java DEBUG [Forwarding maximizeCurrentWindow on session 1850fbce5f951b60a82aea7e87031669 to remote] http.wire 73 - http-outgoing-5 >> "Accept-Encoding: gzip,deflate[\r][\n]"
12-09-2018 12:36:48 Wire.java DEBUG [Forwarding maximizeCurrentWindow on session 1850fbce5f951b60a82aea7e87031669 to remote] http.wire 73 - http-outgoing-5 >> "[\r][\n]"
12-09-2018 12:36:48 Wire.java DEBUG [Forwarding maximizeCurrentWindow on session 1850fbce5f951b60a82aea7e87031669 to remote] http.wire 87 - http-outgoing-5 >> "{"windowHandle":"current","handle":"current"}"
12-09-2018 12:36:49 Wire.java DEBUG [Forwarding maximizeCurrentWindow on session 1850fbce5f951b60a82aea7e87031669 to remote] http.wire 73 - http-outgoing-5 << "HTTP/1.1 200 OK[\r][\n]"
12-09-2018 12:36:49 Wire.java DEBUG [Forwarding maximizeCurrentWindow on session 1850fbce5f951b60a82aea7e87031669 to remote] http.wire 73 - http-outgoing-5 << "Content-Length:109[\r][\n]"
12-09-2018 12:36:49 Wire.java DEBUG [Forwarding maximizeCurrentWindow on session 1850fbce5f951b60a82aea7e87031669 to remote] http.wire 73 - http-outgoing-5 << "Content-Type:application/json; charset=utf-8[\r][\n]"
12-09-2018 12:36:49 Wire.java DEBUG [Forwarding maximizeCurrentWindow on session 1850fbce5f951b60a82aea7e87031669 to remote] http.wire 73 - http-outgoing-5 << "[\r][\n]"
12-09-2018 12:36:49 Wire.java DEBUG [Forwarding maximizeCurrentWindow on session 1850fbce5f951b60a82aea7e87031669 to remote] http.wire 87 - http-outgoing-5 << "{"sessionId":"1850fbce5f951b60a82aea7e87031669","status":0,"value":{"height":840,"width":1552,"x":-8,"y":-8}}"
12-09-2018 12:36:49 LoggingManagedHttpClientConnection.java DEBUG [Forwarding maximizeCurrentWindow on session 1850fbce5f951b60a82aea7e87031669 to remote] http.headers 122 - http-outgoing-5 << HTTP/1.1 200 OK
12-09-2018 12:36:49 LoggingManagedHttpClientConnection.java DEBUG [Forwarding maximizeCurrentWindow on session 1850fbce5f951b60a82aea7e87031669 to remote] http.headers 125 - http-outgoing-5 << Content-Length:109
12-09-2018 12:36:49 LoggingManagedHttpClientConnection.java DEBUG [Forwarding maximizeCurrentWindow on session 1850fbce5f951b60a82aea7e87031669 to remote] http.headers 125 - http-outgoing-5 << Content-Type:application/json; charset=utf-8
12-09-2018 12:36:49 MainClientExec.java DEBUG [Forwarding maximizeCurrentWindow on session 1850fbce5f951b60a82aea7e87031669 to remote] execchain.MainClientExec 285 - Connection can be kept alive indefinitely
12-09-2018 12:36:49 PoolingHttpClientConnectionManager.java DEBUG [Forwarding maximizeCurrentWindow on session 1850fbce5f951b60a82aea7e87031669 to remote] conn.PoolingHttpClientConnectionManager 320 - Connection [id: 5][route: {}->http://localhost:19590] can be kept alive indefinitely
12-09-2018 12:36:49 PoolingHttpClientConnectionManager.java DEBUG [Forwarding maximizeCurrentWindow on session 1850fbce5f951b60a82aea7e87031669 to remote] conn.PoolingHttpClientConnectionManager 326 - Connection released: [id: 5][route: {}->http://localhost:19590][total kept alive: 1; route allocated: 1 of 2000; total allocated: 1 of 2000]
12-09-2018 12:36:49 RequestAddCookies.java DEBUG [Forwarding deleteAllCookies on session 1850fbce5f951b60a82aea7e87031669 to remote] protocol.RequestAddCookies 123 - CookieSpec selected: default
12-09-2018 12:36:49 RequestAuthCache.java DEBUG [Forwarding deleteAllCookies on session 1850fbce5f951b60a82aea7e87031669 to remote] protocol.RequestAuthCache 77 - Auth cache not set in the context
12-09-2018 12:36:49 PoolingHttpClientConnectionManager.java DEBUG [Forwarding deleteAllCookies on session 1850fbce5f951b60a82aea7e87031669 to remote] conn.PoolingHttpClientConnectionManager 255 - Connection request: [route: {}->http://localhost:19590][total kept alive: 1; route allocated: 1 of 2000; total allocated: 1 of 2000]
12-09-2018 12:36:49 PoolingHttpClientConnectionManager.java DEBUG [Forwarding deleteAllCookies on session 1850fbce5f951b60a82aea7e87031669 to remote] conn.PoolingHttpClientConnectionManager 288 - Connection leased: [id: 5][route: {}->http://localhost:19590][total kept alive: 0; route allocated: 1 of 2000; total allocated: 1 of 2000]
12-09-2018 12:36:49 MainClientExec.java DEBUG [Forwarding deleteAllCookies on session 1850fbce5f951b60a82aea7e87031669 to remote] execchain.MainClientExec 208 - Stale connection check
12-09-2018 12:36:49 Wire.java DEBUG [Forwarding deleteAllCookies on session 1850fbce5f951b60a82aea7e87031669 to remote] http.wire 87 - http-outgoing-5 << "[read] I/O error: Read timed out"
12-09-2018 12:36:49 LoggingManagedHttpClientConnection.java DEBUG [Forwarding deleteAllCookies on session 1850fbce5f951b60a82aea7e87031669 to remote] conn.DefaultManagedHttpClientConnection 88 - http-outgoing-5: set socket timeout to 10800000
12-09-2018 12:36:49 MainClientExec.java DEBUG [Forwarding deleteAllCookies on session 1850fbce5f951b60a82aea7e87031669 to remote] execchain.MainClientExec 256 - Executing request DELETE /session/1850fbce5f951b60a82aea7e87031669/cookie HTTP/1.1
12-09-2018 12:36:49 MainClientExec.java DEBUG [Forwarding deleteAllCookies on session 1850fbce5f951b60a82aea7e87031669 to remote] execchain.MainClientExec 261 - Target auth state: UNCHALLENGED
12-09-2018 12:36:49 MainClientExec.java DEBUG [Forwarding deleteAllCookies on session 1850fbce5f951b60a82aea7e87031669 to remote] execchain.MainClientExec 267 - Proxy auth state: UNCHALLENGED
12-09-2018 12:36:49 LoggingManagedHttpClientConnection.java DEBUG [Forwarding deleteAllCookies on session 1850fbce5f951b60a82aea7e87031669 to remote] http.headers 133 - http-outgoing-5 >> DELETE /session/1850fbce5f951b60a82aea7e87031669/cookie HTTP/1.1
12-09-2018 12:36:49 LoggingManagedHttpClientConnection.java DEBUG [Forwarding deleteAllCookies on session 1850fbce5f951b60a82aea7e87031669 to remote] http.headers 136 - http-outgoing-5 >> Host: localhost:19590
12-09-2018 12:36:49 LoggingManagedHttpClientConnection.java DEBUG [Forwarding deleteAllCookies on session 1850fbce5f951b60a82aea7e87031669 to remote] http.headers 136 - http-outgoing-5 >> Connection: Keep-Alive
12-09-2018 12:36:49 LoggingManagedHttpClientConnection.java DEBUG [Forwarding deleteAllCookies on session 1850fbce5f951b60a82aea7e87031669 to remote] http.headers 136 - http-outgoing-5 >> User-Agent: Apache-HttpClient/4.5.3 (Java/1.8.0_181)
12-09-2018 12:36:49 LoggingManagedHttpClientConnection.java DEBUG [Forwarding deleteAllCookies on session 1850fbce5f951b60a82aea7e87031669 to remote] http.headers 136 - http-outgoing-5 >> Accept-Encoding: gzip,deflate
12-09-2018 12:36:49 Wire.java DEBUG [Forwarding deleteAllCookies on session 1850fbce5f951b60a82aea7e87031669 to remote] http.wire 73 - http-outgoing-5 >> "DELETE /session/1850fbce5f951b60a82aea7e87031669/cookie HTTP/1.1[\r][\n]"
12-09-2018 12:36:49 Wire.java DEBUG [Forwarding deleteAllCookies on session 1850fbce5f951b60a82aea7e87031669 to remote] http.wire 73 - http-outgoing-5 >> "Host: localhost:19590[\r][\n]"
12-09-2018 12:36:49 Wire.java DEBUG [Forwarding deleteAllCookies on session 1850fbce5f951b60a82aea7e87031669 to remote] http.wire 73 - http-outgoing-5 >> "Connection: Keep-Alive[\r][\n]"
12-09-2018 12:36:49 Wire.java DEBUG [Forwarding deleteAllCookies on session 1850fbce5f951b60a82aea7e87031669 to remote] http.wire 73 - http-outgoing-5 >> "User-Agent: Apache-HttpClient/4.5.3 (Java/1.8.0_181)[\r][\n]"
12-09-2018 12:36:49 Wire.java DEBUG [Forwarding deleteAllCookies on session 1850fbce5f951b60a82aea7e87031669 to remote] http.wire 73 - http-outgoing-5 >> "Accept-Encoding: gzip,deflate[\r][\n]"
12-09-2018 12:36:49 Wire.java DEBUG [Forwarding deleteAllCookies on session 1850fbce5f951b60a82aea7e87031669 to remote] http.wire 73 - http-outgoing-5 >> "[\r][\n]"
12-09-2018 12:36:49 Wire.java DEBUG [Forwarding deleteAllCookies on session 1850fbce5f951b60a82aea7e87031669 to remote] http.wire 73 - http-outgoing-5 << "HTTP/1.1 200 OK[\r][\n]"
12-09-2018 12:36:49 Wire.java DEBUG [Forwarding deleteAllCookies on session 1850fbce5f951b60a82aea7e87031669 to remote] http.wire 73 - http-outgoing-5 << "Content-Length:72[\r][\n]"
12-09-2018 12:36:49 Wire.java DEBUG [Forwarding deleteAllCookies on session 1850fbce5f951b60a82aea7e87031669 to remote] http.wire 73 - http-outgoing-5 << "Content-Type:application/json; charset=utf-8[\r][\n]"
12-09-2018 12:36:49 Wire.java DEBUG [Forwarding deleteAllCookies on session 1850fbce5f951b60a82aea7e87031669 to remote] http.wire 73 - http-outgoing-5 << "[\r][\n]"
12-09-2018 12:36:49 Wire.java DEBUG [Forwarding deleteAllCookies on session 1850fbce5f951b60a82aea7e87031669 to remote] http.wire 87 - http-outgoing-5 << "{"sessionId":"1850fbce5f951b60a82aea7e87031669","status":0,"value":null}"
12-09-2018 12:36:49 LoggingManagedHttpClientConnection.java DEBUG [Forwarding deleteAllCookies on session 1850fbce5f951b60a82aea7e87031669 to remote] http.headers 122 - http-outgoing-5 << HTTP/1.1 200 OK
12-09-2018 12:36:49 LoggingManagedHttpClientConnection.java DEBUG [Forwarding deleteAllCookies on session 1850fbce5f951b60a82aea7e87031669 to remote] http.headers 125 - http-outgoing-5 << Content-Length:72
12-09-2018 12:36:49 LoggingManagedHttpClientConnection.java DEBUG [Forwarding deleteAllCookies on session 1850fbce5f951b60a82aea7e87031669 to remote] http.headers 125 - http-outgoing-5 << Content-Type:application/json; charset=utf-8
12-09-2018 12:36:49 MainClientExec.java DEBUG [Forwarding deleteAllCookies on session 1850fbce5f951b60a82aea7e87031669 to remote] execchain.MainClientExec 285 - Connection can be kept alive indefinitely
12-09-2018 12:36:49 PoolingHttpClientConnectionManager.java DEBUG [Forwarding deleteAllCookies on session 1850fbce5f951b60a82aea7e87031669 to remote] conn.PoolingHttpClientConnectionManager 320 - Connection [id: 5][route: {}->http://localhost:19590] can be kept alive indefinitely
12-09-2018 12:36:49 PoolingHttpClientConnectionManager.java DEBUG [Forwarding deleteAllCookies on session 1850fbce5f951b60a82aea7e87031669 to remote] conn.PoolingHttpClientConnectionManager 326 - Connection released: [id: 5][route: {}->http://localhost:19590][total kept alive: 1; route allocated: 1 of 2000; total allocated: 1 of 2000]
12-09-2018 12:36:49 RequestAddCookies.java DEBUG [Forwarding get on session 1850fbce5f951b60a82aea7e87031669 to remote] protocol.RequestAddCookies 123 - CookieSpec selected: default
12-09-2018 12:36:49 RequestAuthCache.java DEBUG [Forwarding get on session 1850fbce5f951b60a82aea7e87031669 to remote] protocol.RequestAuthCache 77 - Auth cache not set in the context
12-09-2018 12:36:49 PoolingHttpClientConnectionManager.java DEBUG [Forwarding get on session 1850fbce5f951b60a82aea7e87031669 to remote] conn.PoolingHttpClientConnectionManager 255 - Connection request: [route: {}->http://localhost:19590][total kept alive: 1; route allocated: 1 of 2000; total allocated: 1 of 2000]
12-09-2018 12:36:49 PoolingHttpClientConnectionManager.java DEBUG [Forwarding get on session 1850fbce5f951b60a82aea7e87031669 to remote] conn.PoolingHttpClientConnectionManager 288 - Connection leased: [id: 5][route: {}->http://localhost:19590][total kept alive: 0; route allocated: 1 of 2000; total allocated: 1 of 2000]
12-09-2018 12:36:49 MainClientExec.java DEBUG [Forwarding get on session 1850fbce5f951b60a82aea7e87031669 to remote] execchain.MainClientExec 208 - Stale connection check
12-09-2018 12:36:49 Wire.java DEBUG [Forwarding get on session 1850fbce5f951b60a82aea7e87031669 to remote] http.wire 87 - http-outgoing-5 << "[read] I/O error: Read timed out"
12-09-2018 12:36:49 LoggingManagedHttpClientConnection.java DEBUG [Forwarding get on session 1850fbce5f951b60a82aea7e87031669 to remote] conn.DefaultManagedHttpClientConnection 88 - http-outgoing-5: set socket timeout to 10800000
12-09-2018 12:36:49 MainClientExec.java DEBUG [Forwarding get on session 1850fbce5f951b60a82aea7e87031669 to remote] execchain.MainClientExec 256 - Executing request POST /session/1850fbce5f951b60a82aea7e87031669/url HTTP/1.1
12-09-2018 12:36:49 MainClientExec.java DEBUG [Forwarding get on session 1850fbce5f951b60a82aea7e87031669 to remote] execchain.MainClientExec 261 - Target auth state: UNCHALLENGED
12-09-2018 12:36:49 MainClientExec.java DEBUG [Forwarding get on session 1850fbce5f951b60a82aea7e87031669 to remote] execchain.MainClientExec 267 - Proxy auth state: UNCHALLENGED
12-09-2018 12:36:49 LoggingManagedHttpClientConnection.java DEBUG [Forwarding get on session 1850fbce5f951b60a82aea7e87031669 to remote] http.headers 133 - http-outgoing-5 >> POST /session/1850fbce5f951b60a82aea7e87031669/url HTTP/1.1
12-09-2018 12:36:49 LoggingManagedHttpClientConnection.java DEBUG [Forwarding get on session 1850fbce5f951b60a82aea7e87031669 to remote] http.headers 136 - http-outgoing-5 >> Content-Type: application/json; charset=utf-8
12-09-2018 12:36:49 LoggingManagedHttpClientConnection.java DEBUG [Forwarding get on session 1850fbce5f951b60a82aea7e87031669 to remote] http.headers 136 - http-outgoing-5 >> Content-Length: 27
12-09-2018 12:36:49 LoggingManagedHttpClientConnection.java DEBUG [Forwarding get on session 1850fbce5f951b60a82aea7e87031669 to remote] http.headers 136 - http-outgoing-5 >> Host: localhost:19590
12-09-2018 12:36:49 LoggingManagedHttpClientConnection.java DEBUG [Forwarding get on session 1850fbce5f951b60a82aea7e87031669 to remote] http.headers 136 - http-outgoing-5 >> Connection: Keep-Alive
12-09-2018 12:36:49 LoggingManagedHttpClientConnection.java DEBUG [Forwarding get on session 1850fbce5f951b60a82aea7e87031669 to remote] http.headers 136 - http-outgoing-5 >> User-Agent: Apache-HttpClient/4.5.3 (Java/1.8.0_181)
12-09-2018 12:36:49 LoggingManagedHttpClientConnection.java DEBUG [Forwarding get on session 1850fbce5f951b60a82aea7e87031669 to remote] http.headers 136 - http-outgoing-5 >> Accept-Encoding: gzip,deflate
12-09-2018 12:36:49 Wire.java DEBUG [Forwarding get on session 1850fbce5f951b60a82aea7e87031669 to remote] http.wire 73 - http-outgoing-5 >> "POST /session/1850fbce5f951b60a82aea7e87031669/url HTTP/1.1[\r][\n]"
12-09-2018 12:36:49 Wire.java DEBUG [Forwarding get on session 1850fbce5f951b60a82aea7e87031669 to remote] http.wire 73 - http-outgoing-5 >> "Content-Type: application/json; charset=utf-8[\r][\n]"
12-09-2018 12:36:49 Wire.java DEBUG [Forwarding get on session 1850fbce5f951b60a82aea7e87031669 to remote] http.wire 73 - http-outgoing-5 >> "Content-Length: 27[\r][\n]"
12-09-2018 12:36:49 Wire.java DEBUG [Forwarding get on session 1850fbce5f951b60a82aea7e87031669 to remote] http.wire 73 - http-outgoing-5 >> "Host: localhost:19590[\r][\n]"
12-09-2018 12:36:49 Wire.java DEBUG [Forwarding get on session 1850fbce5f951b60a82aea7e87031669 to remote] http.wire 73 - http-outgoing-5 >> "Connection: Keep-Alive[\r][\n]"
12-09-2018 12:36:49 Wire.java DEBUG [Forwarding get on session 1850fbce5f951b60a82aea7e87031669 to remote] http.wire 73 - http-outgoing-5 >> "User-Agent: Apache-HttpClient/4.5.3 (Java/1.8.0_181)[\r][\n]"
12-09-2018 12:36:49 Wire.java DEBUG [Forwarding get on session 1850fbce5f951b60a82aea7e87031669 to remote] http.wire 73 - http-outgoing-5 >> "Accept-Encoding: gzip,deflate[\r][\n]"
12-09-2018 12:36:49 Wire.java DEBUG [Forwarding get on session 1850fbce5f951b60a82aea7e87031669 to remote] http.wire 73 - http-outgoing-5 >> "[\r][\n]"
12-09-2018 12:36:49 Wire.java DEBUG [Forwarding get on session 1850fbce5f951b60a82aea7e87031669 to remote] http.wire 87 - http-outgoing-5 >> "{"url":"https://gmail.com"}"
12-09-2018 12:36:51 Wire.java DEBUG [Forwarding get on session 1850fbce5f951b60a82aea7e87031669 to remote] http.wire 73 - http-outgoing-5 << "HTTP/1.1 200 OK[\r][\n]"
12-09-2018 12:36:51 Wire.java DEBUG [Forwarding get on session 1850fbce5f951b60a82aea7e87031669 to remote] http.wire 73 - http-outgoing-5 << "Content-Length:72[\r][\n]"
12-09-2018 12:36:51 Wire.java DEBUG [Forwarding get on session 1850fbce5f951b60a82aea7e87031669 to remote] http.wire 73 - http-outgoing-5 << "Content-Type:application/json; charset=utf-8[\r][\n]"
12-09-2018 12:36:51 Wire.java DEBUG [Forwarding get on session 1850fbce5f951b60a82aea7e87031669 to remote] http.wire 73 - http-outgoing-5 << "[\r][\n]"
12-09-2018 12:36:51 Wire.java DEBUG [Forwarding get on session 1850fbce5f951b60a82aea7e87031669 to remote] http.wire 87 - http-outgoing-5 << "{"sessionId":"1850fbce5f951b60a82aea7e87031669","status":0,"value":null}"
12-09-2018 12:36:51 LoggingManagedHttpClientConnection.java DEBUG [Forwarding get on session 1850fbce5f951b60a82aea7e87031669 to remote] http.headers 122 - http-outgoing-5 << HTTP/1.1 200 OK
12-09-2018 12:36:51 LoggingManagedHttpClientConnection.java DEBUG [Forwarding get on session 1850fbce5f951b60a82aea7e87031669 to remote] http.headers 125 - http-outgoing-5 << Content-Length:72
12-09-2018 12:36:51 LoggingManagedHttpClientConnection.java DEBUG [Forwarding get on session 1850fbce5f951b60a82aea7e87031669 to remote] http.headers 125 - http-outgoing-5 << Content-Type:application/json; charset=utf-8
12-09-2018 12:36:51 MainClientExec.java DEBUG [Forwarding get on session 1850fbce5f951b60a82aea7e87031669 to remote] execchain.MainClientExec 285 - Connection can be kept alive indefinitely
12-09-2018 12:36:51 PoolingHttpClientConnectionManager.java DEBUG [Forwarding get on session 1850fbce5f951b60a82aea7e87031669 to remote] conn.PoolingHttpClientConnectionManager 320 - Connection [id: 5][route: {}->http://localhost:19590] can be kept alive indefinitely
12-09-2018 12:36:51 PoolingHttpClientConnectionManager.java DEBUG [Forwarding get on session 1850fbce5f951b60a82aea7e87031669 to remote] conn.PoolingHttpClientConnectionManager 326 - Connection released: [id: 5][route: {}->http://localhost:19590][total kept alive: 1; route allocated: 1 of 2000; total allocated: 1 of 2000]
12-09-2018 12:36:51 Base.java INFO  [main] EnterEmailPage 31 - Execution Started
12-09-2018 12:36:51 Base.java INFO  [main] Utils 31 - Execution Started
12-09-2018 12:36:51 RequestAddCookies.java DEBUG [Forwarding findElement on session 1850fbce5f951b60a82aea7e87031669 to remote] protocol.RequestAddCookies 123 - CookieSpec selected: default
12-09-2018 12:36:51 RequestAuthCache.java DEBUG [Forwarding findElement on session 1850fbce5f951b60a82aea7e87031669 to remote] protocol.RequestAuthCache 77 - Auth cache not set in the context
12-09-2018 12:36:51 PoolingHttpClientConnectionManager.java DEBUG [Forwarding findElement on session 1850fbce5f951b60a82aea7e87031669 to remote] conn.PoolingHttpClientConnectionManager 255 - Connection request: [route: {}->http://localhost:19590][total kept alive: 1; route allocated: 1 of 2000; total allocated: 1 of 2000]
12-09-2018 12:36:51 PoolingHttpClientConnectionManager.java DEBUG [Forwarding findElement on session 1850fbce5f951b60a82aea7e87031669 to remote] conn.PoolingHttpClientConnectionManager 288 - Connection leased: [id: 5][route: {}->http://localhost:19590][total kept alive: 0; route allocated: 1 of 2000; total allocated: 1 of 2000]
12-09-2018 12:36:51 MainClientExec.java DEBUG [Forwarding findElement on session 1850fbce5f951b60a82aea7e87031669 to remote] execchain.MainClientExec 208 - Stale connection check
12-09-2018 12:36:51 Wire.java DEBUG [Forwarding findElement on session 1850fbce5f951b60a82aea7e87031669 to remote] http.wire 87 - http-outgoing-5 << "[read] I/O error: Read timed out"
12-09-2018 12:36:51 LoggingManagedHttpClientConnection.java DEBUG [Forwarding findElement on session 1850fbce5f951b60a82aea7e87031669 to remote] conn.DefaultManagedHttpClientConnection 88 - http-outgoing-5: set socket timeout to 10800000
12-09-2018 12:36:51 MainClientExec.java DEBUG [Forwarding findElement on session 1850fbce5f951b60a82aea7e87031669 to remote] execchain.MainClientExec 256 - Executing request POST /session/1850fbce5f951b60a82aea7e87031669/element HTTP/1.1
12-09-2018 12:36:51 MainClientExec.java DEBUG [Forwarding findElement on session 1850fbce5f951b60a82aea7e87031669 to remote] execchain.MainClientExec 261 - Target auth state: UNCHALLENGED
12-09-2018 12:36:51 MainClientExec.java DEBUG [Forwarding findElement on session 1850fbce5f951b60a82aea7e87031669 to remote] execchain.MainClientExec 267 - Proxy auth state: UNCHALLENGED
12-09-2018 12:36:51 LoggingManagedHttpClientConnection.java DEBUG [Forwarding findElement on session 1850fbce5f951b60a82aea7e87031669 to remote] http.headers 133 - http-outgoing-5 >> POST /session/1850fbce5f951b60a82aea7e87031669/element HTTP/1.1
12-09-2018 12:36:51 LoggingManagedHttpClientConnection.java DEBUG [Forwarding findElement on session 1850fbce5f951b60a82aea7e87031669 to remote] http.headers 136 - http-outgoing-5 >> Content-Type: application/json; charset=utf-8
12-09-2018 12:36:51 LoggingManagedHttpClientConnection.java DEBUG [Forwarding findElement on session 1850fbce5f951b60a82aea7e87031669 to remote] http.headers 136 - http-outgoing-5 >> Content-Length: 50
12-09-2018 12:36:51 LoggingManagedHttpClientConnection.java DEBUG [Forwarding findElement on session 1850fbce5f951b60a82aea7e87031669 to remote] http.headers 136 - http-outgoing-5 >> Host: localhost:19590
12-09-2018 12:36:51 LoggingManagedHttpClientConnection.java DEBUG [Forwarding findElement on session 1850fbce5f951b60a82aea7e87031669 to remote] http.headers 136 - http-outgoing-5 >> Connection: Keep-Alive
12-09-2018 12:36:51 LoggingManagedHttpClientConnection.java DEBUG [Forwarding findElement on session 1850fbce5f951b60a82aea7e87031669 to remote] http.headers 136 - http-outgoing-5 >> User-Agent: Apache-HttpClient/4.5.3 (Java/1.8.0_181)
12-09-2018 12:36:51 LoggingManagedHttpClientConnection.java DEBUG [Forwarding findElement on session 1850fbce5f951b60a82aea7e87031669 to remote] http.headers 136 - http-outgoing-5 >> Accept-Encoding: gzip,deflate
12-09-2018 12:36:51 Wire.java DEBUG [Forwarding findElement on session 1850fbce5f951b60a82aea7e87031669 to remote] http.wire 73 - http-outgoing-5 >> "POST /session/1850fbce5f951b60a82aea7e87031669/element HTTP/1.1[\r][\n]"
12-09-2018 12:36:51 Wire.java DEBUG [Forwarding findElement on session 1850fbce5f951b60a82aea7e87031669 to remote] http.wire 73 - http-outgoing-5 >> "Content-Type: application/json; charset=utf-8[\r][\n]"
12-09-2018 12:36:51 Wire.java DEBUG [Forwarding findElement on session 1850fbce5f951b60a82aea7e87031669 to remote] http.wire 73 - http-outgoing-5 >> "Content-Length: 50[\r][\n]"
12-09-2018 12:36:51 Wire.java DEBUG [Forwarding findElement on session 1850fbce5f951b60a82aea7e87031669 to remote] http.wire 73 - http-outgoing-5 >> "Host: localhost:19590[\r][\n]"
12-09-2018 12:36:51 Wire.java DEBUG [Forwarding findElement on session 1850fbce5f951b60a82aea7e87031669 to remote] http.wire 73 - http-outgoing-5 >> "Connection: Keep-Alive[\r][\n]"
12-09-2018 12:36:51 Wire.java DEBUG [Forwarding findElement on session 1850fbce5f951b60a82aea7e87031669 to remote] http.wire 73 - http-outgoing-5 >> "User-Agent: Apache-HttpClient/4.5.3 (Java/1.8.0_181)[\r][\n]"
12-09-2018 12:36:51 Wire.java DEBUG [Forwarding findElement on session 1850fbce5f951b60a82aea7e87031669 to remote] http.wire 73 - http-outgoing-5 >> "Accept-Encoding: gzip,deflate[\r][\n]"
12-09-2018 12:36:51 Wire.java DEBUG [Forwarding findElement on session 1850fbce5f951b60a82aea7e87031669 to remote] http.wire 73 - http-outgoing-5 >> "[\r][\n]"
12-09-2018 12:36:51 Wire.java DEBUG [Forwarding findElement on session 1850fbce5f951b60a82aea7e87031669 to remote] http.wire 87 - http-outgoing-5 >> "{"using":"xpath","value":"//input[@type='email']"}"
12-09-2018 12:36:51 Wire.java DEBUG [Forwarding findElement on session 1850fbce5f951b60a82aea7e87031669 to remote] http.wire 73 - http-outgoing-5 << "HTTP/1.1 200 OK[\r][\n]"
12-09-2018 12:36:51 Wire.java DEBUG [Forwarding findElement on session 1850fbce5f951b60a82aea7e87031669 to remote] http.wire 73 - http-outgoing-5 << "Content-Length:102[\r][\n]"
12-09-2018 12:36:51 Wire.java DEBUG [Forwarding findElement on session 1850fbce5f951b60a82aea7e87031669 to remote] http.wire 73 - http-outgoing-5 << "Content-Type:application/json; charset=utf-8[\r][\n]"
12-09-2018 12:36:51 Wire.java DEBUG [Forwarding findElement on session 1850fbce5f951b60a82aea7e87031669 to remote] http.wire 73 - http-outgoing-5 << "[\r][\n]"
12-09-2018 12:36:51 Wire.java DEBUG [Forwarding findElement on session 1850fbce5f951b60a82aea7e87031669 to remote] http.wire 87 - http-outgoing-5 << "{"sessionId":"1850fbce5f951b60a82aea7e87031669","status":0,"value":{"ELEMENT":"0.5698734955180493-1"}}"
12-09-2018 12:36:51 LoggingManagedHttpClientConnection.java DEBUG [Forwarding findElement on session 1850fbce5f951b60a82aea7e87031669 to remote] http.headers 122 - http-outgoing-5 << HTTP/1.1 200 OK
12-09-2018 12:36:51 LoggingManagedHttpClientConnection.java DEBUG [Forwarding findElement on session 1850fbce5f951b60a82aea7e87031669 to remote] http.headers 125 - http-outgoing-5 << Content-Length:102
12-09-2018 12:36:51 LoggingManagedHttpClientConnection.java DEBUG [Forwarding findElement on session 1850fbce5f951b60a82aea7e87031669 to remote] http.headers 125 - http-outgoing-5 << Content-Type:application/json; charset=utf-8
12-09-2018 12:36:51 MainClientExec.java DEBUG [Forwarding findElement on session 1850fbce5f951b60a82aea7e87031669 to remote] execchain.MainClientExec 285 - Connection can be kept alive indefinitely
12-09-2018 12:36:51 PoolingHttpClientConnectionManager.java DEBUG [Forwarding findElement on session 1850fbce5f951b60a82aea7e87031669 to remote] conn.PoolingHttpClientConnectionManager 320 - Connection [id: 5][route: {}->http://localhost:19590] can be kept alive indefinitely
12-09-2018 12:36:51 PoolingHttpClientConnectionManager.java DEBUG [Forwarding findElement on session 1850fbce5f951b60a82aea7e87031669 to remote] conn.PoolingHttpClientConnectionManager 326 - Connection released: [id: 5][route: {}->http://localhost:19590][total kept alive: 1; route allocated: 1 of 2000; total allocated: 1 of 2000]
12-09-2018 12:36:51 RequestAddCookies.java DEBUG [Forwarding isElementDisplayed on session 1850fbce5f951b60a82aea7e87031669 to remote] protocol.RequestAddCookies 123 - CookieSpec selected: default
12-09-2018 12:36:51 RequestAuthCache.java DEBUG [Forwarding isElementDisplayed on session 1850fbce5f951b60a82aea7e87031669 to remote] protocol.RequestAuthCache 77 - Auth cache not set in the context
12-09-2018 12:36:51 PoolingHttpClientConnectionManager.java DEBUG [Forwarding isElementDisplayed on session 1850fbce5f951b60a82aea7e87031669 to remote] conn.PoolingHttpClientConnectionManager 255 - Connection request: [route: {}->http://localhost:19590][total kept alive: 1; route allocated: 1 of 2000; total allocated: 1 of 2000]
12-09-2018 12:36:51 PoolingHttpClientConnectionManager.java DEBUG [Forwarding isElementDisplayed on session 1850fbce5f951b60a82aea7e87031669 to remote] conn.PoolingHttpClientConnectionManager 288 - Connection leased: [id: 5][route: {}->http://localhost:19590][total kept alive: 0; route allocated: 1 of 2000; total allocated: 1 of 2000]
12-09-2018 12:36:51 MainClientExec.java DEBUG [Forwarding isElementDisplayed on session 1850fbce5f951b60a82aea7e87031669 to remote] execchain.MainClientExec 208 - Stale connection check
12-09-2018 12:36:51 Wire.java DEBUG [Forwarding isElementDisplayed on session 1850fbce5f951b60a82aea7e87031669 to remote] http.wire 87 - http-outgoing-5 << "[read] I/O error: Read timed out"
12-09-2018 12:36:51 LoggingManagedHttpClientConnection.java DEBUG [Forwarding isElementDisplayed on session 1850fbce5f951b60a82aea7e87031669 to remote] conn.DefaultManagedHttpClientConnection 88 - http-outgoing-5: set socket timeout to 10800000
12-09-2018 12:36:51 MainClientExec.java DEBUG [Forwarding isElementDisplayed on session 1850fbce5f951b60a82aea7e87031669 to remote] execchain.MainClientExec 256 - Executing request GET /session/1850fbce5f951b60a82aea7e87031669/element/0.5698734955180493-1/displayed HTTP/1.1
12-09-2018 12:36:51 MainClientExec.java DEBUG [Forwarding isElementDisplayed on session 1850fbce5f951b60a82aea7e87031669 to remote] execchain.MainClientExec 261 - Target auth state: UNCHALLENGED
12-09-2018 12:36:51 MainClientExec.java DEBUG [Forwarding isElementDisplayed on session 1850fbce5f951b60a82aea7e87031669 to remote] execchain.MainClientExec 267 - Proxy auth state: UNCHALLENGED
12-09-2018 12:36:51 LoggingManagedHttpClientConnection.java DEBUG [Forwarding isElementDisplayed on session 1850fbce5f951b60a82aea7e87031669 to remote] http.headers 133 - http-outgoing-5 >> GET /session/1850fbce5f951b60a82aea7e87031669/element/0.5698734955180493-1/displayed HTTP/1.1
12-09-2018 12:36:51 LoggingManagedHttpClientConnection.java DEBUG [Forwarding isElementDisplayed on session 1850fbce5f951b60a82aea7e87031669 to remote] http.headers 136 - http-outgoing-5 >> Cache-Control: no-cache
12-09-2018 12:36:51 LoggingManagedHttpClientConnection.java DEBUG [Forwarding isElementDisplayed on session 1850fbce5f951b60a82aea7e87031669 to remote] http.headers 136 - http-outgoing-5 >> Host: localhost:19590
12-09-2018 12:36:51 LoggingManagedHttpClientConnection.java DEBUG [Forwarding isElementDisplayed on session 1850fbce5f951b60a82aea7e87031669 to remote] http.headers 136 - http-outgoing-5 >> Connection: Keep-Alive
12-09-2018 12:36:51 LoggingManagedHttpClientConnection.java DEBUG [Forwarding isElementDisplayed on session 1850fbce5f951b60a82aea7e87031669 to remote] http.headers 136 - http-outgoing-5 >> User-Agent: Apache-HttpClient/4.5.3 (Java/1.8.0_181)
12-09-2018 12:36:51 LoggingManagedHttpClientConnection.java DEBUG [Forwarding isElementDisplayed on session 1850fbce5f951b60a82aea7e87031669 to remote] http.headers 136 - http-outgoing-5 >> Accept-Encoding: gzip,deflate
12-09-2018 12:36:51 Wire.java DEBUG [Forwarding isElementDisplayed on session 1850fbce5f951b60a82aea7e87031669 to remote] http.wire 73 - http-outgoing-5 >> "GET /session/1850fbce5f951b60a82aea7e87031669/element/0.5698734955180493-1/displayed HTTP/1.1[\r][\n]"
12-09-2018 12:36:51 Wire.java DEBUG [Forwarding isElementDisplayed on session 1850fbce5f951b60a82aea7e87031669 to remote] http.wire 73 - http-outgoing-5 >> "Cache-Control: no-cache[\r][\n]"
12-09-2018 12:36:51 Wire.java DEBUG [Forwarding isElementDisplayed on session 1850fbce5f951b60a82aea7e87031669 to remote] http.wire 73 - http-outgoing-5 >> "Host: localhost:19590[\r][\n]"
12-09-2018 12:36:51 Wire.java DEBUG [Forwarding isElementDisplayed on session 1850fbce5f951b60a82aea7e87031669 to remote] http.wire 73 - http-outgoing-5 >> "Connection: Keep-Alive[\r][\n]"
12-09-2018 12:36:51 Wire.java DEBUG [Forwarding isElementDisplayed on session 1850fbce5f951b60a82aea7e87031669 to remote] http.wire 73 - http-outgoing-5 >> "User-Agent: Apache-HttpClient/4.5.3 (Java/1.8.0_181)[\r][\n]"
12-09-2018 12:36:51 Wire.java DEBUG [Forwarding isElementDisplayed on session 1850fbce5f951b60a82aea7e87031669 to remote] http.wire 73 - http-outgoing-5 >> "Accept-Encoding: gzip,deflate[\r][\n]"
12-09-2018 12:36:51 Wire.java DEBUG [Forwarding isElementDisplayed on session 1850fbce5f951b60a82aea7e87031669 to remote] http.wire 73 - http-outgoing-5 >> "[\r][\n]"
12-09-2018 12:36:51 Wire.java DEBUG [Forwarding isElementDisplayed on session 1850fbce5f951b60a82aea7e87031669 to remote] http.wire 73 - http-outgoing-5 << "HTTP/1.1 200 OK[\r][\n]"
12-09-2018 12:36:51 Wire.java DEBUG [Forwarding isElementDisplayed on session 1850fbce5f951b60a82aea7e87031669 to remote] http.wire 73 - http-outgoing-5 << "Content-Length:72[\r][\n]"
12-09-2018 12:36:51 Wire.java DEBUG [Forwarding isElementDisplayed on session 1850fbce5f951b60a82aea7e87031669 to remote] http.wire 73 - http-outgoing-5 << "Content-Type:application/json; charset=utf-8[\r][\n]"
12-09-2018 12:36:51 Wire.java DEBUG [Forwarding isElementDisplayed on session 1850fbce5f951b60a82aea7e87031669 to remote] http.wire 73 - http-outgoing-5 << "[\r][\n]"
12-09-2018 12:36:51 Wire.java DEBUG [Forwarding isElementDisplayed on session 1850fbce5f951b60a82aea7e87031669 to remote] http.wire 87 - http-outgoing-5 << "{"sessionId":"1850fbce5f951b60a82aea7e87031669","status":0,"value":true}"
12-09-2018 12:36:51 LoggingManagedHttpClientConnection.java DEBUG [Forwarding isElementDisplayed on session 1850fbce5f951b60a82aea7e87031669 to remote] http.headers 122 - http-outgoing-5 << HTTP/1.1 200 OK
12-09-2018 12:36:51 LoggingManagedHttpClientConnection.java DEBUG [Forwarding isElementDisplayed on session 1850fbce5f951b60a82aea7e87031669 to remote] http.headers 125 - http-outgoing-5 << Content-Length:72
12-09-2018 12:36:51 LoggingManagedHttpClientConnection.java DEBUG [Forwarding isElementDisplayed on session 1850fbce5f951b60a82aea7e87031669 to remote] http.headers 125 - http-outgoing-5 << Content-Type:application/json; charset=utf-8
12-09-2018 12:36:51 MainClientExec.java DEBUG [Forwarding isElementDisplayed on session 1850fbce5f951b60a82aea7e87031669 to remote] execchain.MainClientExec 285 - Connection can be kept alive indefinitely
12-09-2018 12:36:51 PoolingHttpClientConnectionManager.java DEBUG [Forwarding isElementDisplayed on session 1850fbce5f951b60a82aea7e87031669 to remote] conn.PoolingHttpClientConnectionManager 320 - Connection [id: 5][route: {}->http://localhost:19590] can be kept alive indefinitely
12-09-2018 12:36:51 PoolingHttpClientConnectionManager.java DEBUG [Forwarding isElementDisplayed on session 1850fbce5f951b60a82aea7e87031669 to remote] conn.PoolingHttpClientConnectionManager 326 - Connection released: [id: 5][route: {}->http://localhost:19590][total kept alive: 1; route allocated: 1 of 2000; total allocated: 1 of 2000]
12-09-2018 12:36:51 RequestAddCookies.java DEBUG [Forwarding findElement on session 1850fbce5f951b60a82aea7e87031669 to remote] protocol.RequestAddCookies 123 - CookieSpec selected: default
12-09-2018 12:36:51 RequestAuthCache.java DEBUG [Forwarding findElement on session 1850fbce5f951b60a82aea7e87031669 to remote] protocol.RequestAuthCache 77 - Auth cache not set in the context
12-09-2018 12:36:51 PoolingHttpClientConnectionManager.java DEBUG [Forwarding findElement on session 1850fbce5f951b60a82aea7e87031669 to remote] conn.PoolingHttpClientConnectionManager 255 - Connection request: [route: {}->http://localhost:19590][total kept alive: 1; route allocated: 1 of 2000; total allocated: 1 of 2000]
12-09-2018 12:36:51 PoolingHttpClientConnectionManager.java DEBUG [Forwarding findElement on session 1850fbce5f951b60a82aea7e87031669 to remote] conn.PoolingHttpClientConnectionManager 288 - Connection leased: [id: 5][route: {}->http://localhost:19590][total kept alive: 0; route allocated: 1 of 2000; total allocated: 1 of 2000]
12-09-2018 12:36:51 MainClientExec.java DEBUG [Forwarding findElement on session 1850fbce5f951b60a82aea7e87031669 to remote] execchain.MainClientExec 208 - Stale connection check
12-09-2018 12:36:51 Wire.java DEBUG [Forwarding findElement on session 1850fbce5f951b60a82aea7e87031669 to remote] http.wire 87 - http-outgoing-5 << "[read] I/O error: Read timed out"
12-09-2018 12:36:51 LoggingManagedHttpClientConnection.java DEBUG [Forwarding findElement on session 1850fbce5f951b60a82aea7e87031669 to remote] conn.DefaultManagedHttpClientConnection 88 - http-outgoing-5: set socket timeout to 10800000
12-09-2018 12:36:51 MainClientExec.java DEBUG [Forwarding findElement on session 1850fbce5f951b60a82aea7e87031669 to remote] execchain.MainClientExec 256 - Executing request POST /session/1850fbce5f951b60a82aea7e87031669/element HTTP/1.1
12-09-2018 12:36:51 MainClientExec.java DEBUG [Forwarding findElement on session 1850fbce5f951b60a82aea7e87031669 to remote] execchain.MainClientExec 261 - Target auth state: UNCHALLENGED
12-09-2018 12:36:51 MainClientExec.java DEBUG [Forwarding findElement on session 1850fbce5f951b60a82aea7e87031669 to remote] execchain.MainClientExec 267 - Proxy auth state: UNCHALLENGED
12-09-2018 12:36:51 LoggingManagedHttpClientConnection.java DEBUG [Forwarding findElement on session 1850fbce5f951b60a82aea7e87031669 to remote] http.headers 133 - http-outgoing-5 >> POST /session/1850fbce5f951b60a82aea7e87031669/element HTTP/1.1
12-09-2018 12:36:51 LoggingManagedHttpClientConnection.java DEBUG [Forwarding findElement on session 1850fbce5f951b60a82aea7e87031669 to remote] http.headers 136 - http-outgoing-5 >> Content-Type: application/json; charset=utf-8
12-09-2018 12:36:51 LoggingManagedHttpClientConnection.java DEBUG [Forwarding findElement on session 1850fbce5f951b60a82aea7e87031669 to remote] http.headers 136 - http-outgoing-5 >> Content-Length: 50
12-09-2018 12:36:51 LoggingManagedHttpClientConnection.java DEBUG [Forwarding findElement on session 1850fbce5f951b60a82aea7e87031669 to remote] http.headers 136 - http-outgoing-5 >> Host: localhost:19590
12-09-2018 12:36:51 LoggingManagedHttpClientConnection.java DEBUG [Forwarding findElement on session 1850fbce5f951b60a82aea7e87031669 to remote] http.headers 136 - http-outgoing-5 >> Connection: Keep-Alive
12-09-2018 12:36:51 LoggingManagedHttpClientConnection.java DEBUG [Forwarding findElement on session 1850fbce5f951b60a82aea7e87031669 to remote] http.headers 136 - http-outgoing-5 >> User-Agent: Apache-HttpClient/4.5.3 (Java/1.8.0_181)
12-09-2018 12:36:51 LoggingManagedHttpClientConnection.java DEBUG [Forwarding findElement on session 1850fbce5f951b60a82aea7e87031669 to remote] http.headers 136 - http-outgoing-5 >> Accept-Encoding: gzip,deflate
12-09-2018 12:36:51 Wire.java DEBUG [Forwarding findElement on session 1850fbce5f951b60a82aea7e87031669 to remote] http.wire 73 - http-outgoing-5 >> "POST /session/1850fbce5f951b60a82aea7e87031669/element HTTP/1.1[\r][\n]"
12-09-2018 12:36:51 Wire.java DEBUG [Forwarding findElement on session 1850fbce5f951b60a82aea7e87031669 to remote] http.wire 73 - http-outgoing-5 >> "Content-Type: application/json; charset=utf-8[\r][\n]"
12-09-2018 12:36:51 Wire.java DEBUG [Forwarding findElement on session 1850fbce5f951b60a82aea7e87031669 to remote] http.wire 73 - http-outgoing-5 >> "Content-Length: 50[\r][\n]"
12-09-2018 12:36:51 Wire.java DEBUG [Forwarding findElement on session 1850fbce5f951b60a82aea7e87031669 to remote] http.wire 73 - http-outgoing-5 >> "Host: localhost:19590[\r][\n]"
12-09-2018 12:36:51 Wire.java DEBUG [Forwarding findElement on session 1850fbce5f951b60a82aea7e87031669 to remote] http.wire 73 - http-outgoing-5 >> "Connection: Keep-Alive[\r][\n]"
12-09-2018 12:36:51 Wire.java DEBUG [Forwarding findElement on session 1850fbce5f951b60a82aea7e87031669 to remote] http.wire 73 - http-outgoing-5 >> "User-Agent: Apache-HttpClient/4.5.3 (Java/1.8.0_181)[\r][\n]"
12-09-2018 12:36:51 Wire.java DEBUG [Forwarding findElement on session 1850fbce5f951b60a82aea7e87031669 to remote] http.wire 73 - http-outgoing-5 >> "Accept-Encoding: gzip,deflate[\r][\n]"
12-09-2018 12:36:51 Wire.java DEBUG [Forwarding findElement on session 1850fbce5f951b60a82aea7e87031669 to remote] http.wire 73 - http-outgoing-5 >> "[\r][\n]"
12-09-2018 12:36:51 Wire.java DEBUG [Forwarding findElement on session 1850fbce5f951b60a82aea7e87031669 to remote] http.wire 87 - http-outgoing-5 >> "{"using":"xpath","value":"//input[@type='email']"}"
12-09-2018 12:36:51 Wire.java DEBUG [Forwarding findElement on session 1850fbce5f951b60a82aea7e87031669 to remote] http.wire 73 - http-outgoing-5 << "HTTP/1.1 200 OK[\r][\n]"
12-09-2018 12:36:51 Wire.java DEBUG [Forwarding findElement on session 1850fbce5f951b60a82aea7e87031669 to remote] http.wire 73 - http-outgoing-5 << "Content-Length:102[\r][\n]"
12-09-2018 12:36:51 Wire.java DEBUG [Forwarding findElement on session 1850fbce5f951b60a82aea7e87031669 to remote] http.wire 73 - http-outgoing-5 << "Content-Type:application/json; charset=utf-8[\r][\n]"
12-09-2018 12:36:51 Wire.java DEBUG [Forwarding findElement on session 1850fbce5f951b60a82aea7e87031669 to remote] http.wire 73 - http-outgoing-5 << "[\r][\n]"
12-09-2018 12:36:51 Wire.java DEBUG [Forwarding findElement on session 1850fbce5f951b60a82aea7e87031669 to remote] http.wire 87 - http-outgoing-5 << "{"sessionId":"1850fbce5f951b60a82aea7e87031669","status":0,"value":{"ELEMENT":"0.5698734955180493-1"}}"
12-09-2018 12:36:51 LoggingManagedHttpClientConnection.java DEBUG [Forwarding findElement on session 1850fbce5f951b60a82aea7e87031669 to remote] http.headers 122 - http-outgoing-5 << HTTP/1.1 200 OK
12-09-2018 12:36:51 LoggingManagedHttpClientConnection.java DEBUG [Forwarding findElement on session 1850fbce5f951b60a82aea7e87031669 to remote] http.headers 125 - http-outgoing-5 << Content-Length:102
12-09-2018 12:36:51 LoggingManagedHttpClientConnection.java DEBUG [Forwarding findElement on session 1850fbce5f951b60a82aea7e87031669 to remote] http.headers 125 - http-outgoing-5 << Content-Type:application/json; charset=utf-8
12-09-2018 12:36:51 MainClientExec.java DEBUG [Forwarding findElement on session 1850fbce5f951b60a82aea7e87031669 to remote] execchain.MainClientExec 285 - Connection can be kept alive indefinitely
12-09-2018 12:36:51 PoolingHttpClientConnectionManager.java DEBUG [Forwarding findElement on session 1850fbce5f951b60a82aea7e87031669 to remote] conn.PoolingHttpClientConnectionManager 320 - Connection [id: 5][route: {}->http://localhost:19590] can be kept alive indefinitely
12-09-2018 12:36:51 PoolingHttpClientConnectionManager.java DEBUG [Forwarding findElement on session 1850fbce5f951b60a82aea7e87031669 to remote] conn.PoolingHttpClientConnectionManager 326 - Connection released: [id: 5][route: {}->http://localhost:19590][total kept alive: 1; route allocated: 1 of 2000; total allocated: 1 of 2000]
12-09-2018 12:36:51 RequestAddCookies.java DEBUG [Forwarding isElementDisplayed on session 1850fbce5f951b60a82aea7e87031669 to remote] protocol.RequestAddCookies 123 - CookieSpec selected: default
12-09-2018 12:36:51 RequestAuthCache.java DEBUG [Forwarding isElementDisplayed on session 1850fbce5f951b60a82aea7e87031669 to remote] protocol.RequestAuthCache 77 - Auth cache not set in the context
12-09-2018 12:36:51 PoolingHttpClientConnectionManager.java DEBUG [Forwarding isElementDisplayed on session 1850fbce5f951b60a82aea7e87031669 to remote] conn.PoolingHttpClientConnectionManager 255 - Connection request: [route: {}->http://localhost:19590][total kept alive: 1; route allocated: 1 of 2000; total allocated: 1 of 2000]
12-09-2018 12:36:51 PoolingHttpClientConnectionManager.java DEBUG [Forwarding isElementDisplayed on session 1850fbce5f951b60a82aea7e87031669 to remote] conn.PoolingHttpClientConnectionManager 288 - Connection leased: [id: 5][route: {}->http://localhost:19590][total kept alive: 0; route allocated: 1 of 2000; total allocated: 1 of 2000]
12-09-2018 12:36:51 MainClientExec.java DEBUG [Forwarding isElementDisplayed on session 1850fbce5f951b60a82aea7e87031669 to remote] execchain.MainClientExec 208 - Stale connection check
12-09-2018 12:36:51 Wire.java DEBUG [Forwarding isElementDisplayed on session 1850fbce5f951b60a82aea7e87031669 to remote] http.wire 87 - http-outgoing-5 << "[read] I/O error: Read timed out"
12-09-2018 12:36:51 LoggingManagedHttpClientConnection.java DEBUG [Forwarding isElementDisplayed on session 1850fbce5f951b60a82aea7e87031669 to remote] conn.DefaultManagedHttpClientConnection 88 - http-outgoing-5: set socket timeout to 10800000
12-09-2018 12:36:51 MainClientExec.java DEBUG [Forwarding isElementDisplayed on session 1850fbce5f951b60a82aea7e87031669 to remote] execchain.MainClientExec 256 - Executing request GET /session/1850fbce5f951b60a82aea7e87031669/element/0.5698734955180493-1/displayed HTTP/1.1
12-09-2018 12:36:51 MainClientExec.java DEBUG [Forwarding isElementDisplayed on session 1850fbce5f951b60a82aea7e87031669 to remote] execchain.MainClientExec 261 - Target auth state: UNCHALLENGED
12-09-2018 12:36:51 MainClientExec.java DEBUG [Forwarding isElementDisplayed on session 1850fbce5f951b60a82aea7e87031669 to remote] execchain.MainClientExec 267 - Proxy auth state: UNCHALLENGED
12-09-2018 12:36:51 LoggingManagedHttpClientConnection.java DEBUG [Forwarding isElementDisplayed on session 1850fbce5f951b60a82aea7e87031669 to remote] http.headers 133 - http-outgoing-5 >> GET /session/1850fbce5f951b60a82aea7e87031669/element/0.5698734955180493-1/displayed HTTP/1.1
12-09-2018 12:36:51 LoggingManagedHttpClientConnection.java DEBUG [Forwarding isElementDisplayed on session 1850fbce5f951b60a82aea7e87031669 to remote] http.headers 136 - http-outgoing-5 >> Cache-Control: no-cache
12-09-2018 12:36:51 LoggingManagedHttpClientConnection.java DEBUG [Forwarding isElementDisplayed on session 1850fbce5f951b60a82aea7e87031669 to remote] http.headers 136 - http-outgoing-5 >> Host: localhost:19590
12-09-2018 12:36:51 LoggingManagedHttpClientConnection.java DEBUG [Forwarding isElementDisplayed on session 1850fbce5f951b60a82aea7e87031669 to remote] http.headers 136 - http-outgoing-5 >> Connection: Keep-Alive
12-09-2018 12:36:51 LoggingManagedHttpClientConnection.java DEBUG [Forwarding isElementDisplayed on session 1850fbce5f951b60a82aea7e87031669 to remote] http.headers 136 - http-outgoing-5 >> User-Agent: Apache-HttpClient/4.5.3 (Java/1.8.0_181)
12-09-2018 12:36:51 LoggingManagedHttpClientConnection.java DEBUG [Forwarding isElementDisplayed on session 1850fbce5f951b60a82aea7e87031669 to remote] http.headers 136 - http-outgoing-5 >> Accept-Encoding: gzip,deflate
12-09-2018 12:36:51 Wire.java DEBUG [Forwarding isElementDisplayed on session 1850fbce5f951b60a82aea7e87031669 to remote] http.wire 73 - http-outgoing-5 >> "GET /session/1850fbce5f951b60a82aea7e87031669/element/0.5698734955180493-1/displayed HTTP/1.1[\r][\n]"
12-09-2018 12:36:51 Wire.java DEBUG [Forwarding isElementDisplayed on session 1850fbce5f951b60a82aea7e87031669 to remote] http.wire 73 - http-outgoing-5 >> "Cache-Control: no-cache[\r][\n]"
12-09-2018 12:36:51 Wire.java DEBUG [Forwarding isElementDisplayed on session 1850fbce5f951b60a82aea7e87031669 to remote] http.wire 73 - http-outgoing-5 >> "Host: localhost:19590[\r][\n]"
12-09-2018 12:36:51 Wire.java DEBUG [Forwarding isElementDisplayed on session 1850fbce5f951b60a82aea7e87031669 to remote] http.wire 73 - http-outgoing-5 >> "Connection: Keep-Alive[\r][\n]"
12-09-2018 12:36:51 Wire.java DEBUG [Forwarding isElementDisplayed on session 1850fbce5f951b60a82aea7e87031669 to remote] http.wire 73 - http-outgoing-5 >> "User-Agent: Apache-HttpClient/4.5.3 (Java/1.8.0_181)[\r][\n]"
12-09-2018 12:36:51 Wire.java DEBUG [Forwarding isElementDisplayed on session 1850fbce5f951b60a82aea7e87031669 to remote] http.wire 73 - http-outgoing-5 >> "Accept-Encoding: gzip,deflate[\r][\n]"
12-09-2018 12:36:51 Wire.java DEBUG [Forwarding isElementDisplayed on session 1850fbce5f951b60a82aea7e87031669 to remote] http.wire 73 - http-outgoing-5 >> "[\r][\n]"
12-09-2018 12:36:51 Wire.java DEBUG [Forwarding isElementDisplayed on session 1850fbce5f951b60a82aea7e87031669 to remote] http.wire 73 - http-outgoing-5 << "HTTP/1.1 200 OK[\r][\n]"
12-09-2018 12:36:51 Wire.java DEBUG [Forwarding isElementDisplayed on session 1850fbce5f951b60a82aea7e87031669 to remote] http.wire 73 - http-outgoing-5 << "Content-Length:72[\r][\n]"
12-09-2018 12:36:51 Wire.java DEBUG [Forwarding isElementDisplayed on session 1850fbce5f951b60a82aea7e87031669 to remote] http.wire 73 - http-outgoing-5 << "Content-Type:application/json; charset=utf-8[\r][\n]"
12-09-2018 12:36:51 Wire.java DEBUG [Forwarding isElementDisplayed on session 1850fbce5f951b60a82aea7e87031669 to remote] http.wire 73 - http-outgoing-5 << "[\r][\n]"
12-09-2018 12:36:51 Wire.java DEBUG [Forwarding isElementDisplayed on session 1850fbce5f951b60a82aea7e87031669 to remote] http.wire 87 - http-outgoing-5 << "{"sessionId":"1850fbce5f951b60a82aea7e87031669","status":0,"value":true}"
12-09-2018 12:36:51 LoggingManagedHttpClientConnection.java DEBUG [Forwarding isElementDisplayed on session 1850fbce5f951b60a82aea7e87031669 to remote] http.headers 122 - http-outgoing-5 << HTTP/1.1 200 OK
12-09-2018 12:36:51 LoggingManagedHttpClientConnection.java DEBUG [Forwarding isElementDisplayed on session 1850fbce5f951b60a82aea7e87031669 to remote] http.headers 125 - http-outgoing-5 << Content-Length:72
12-09-2018 12:36:51 LoggingManagedHttpClientConnection.java DEBUG [Forwarding isElementDisplayed on session 1850fbce5f951b60a82aea7e87031669 to remote] http.headers 125 - http-outgoing-5 << Content-Type:application/json; charset=utf-8
12-09-2018 12:36:51 MainClientExec.java DEBUG [Forwarding isElementDisplayed on session 1850fbce5f951b60a82aea7e87031669 to remote] execchain.MainClientExec 285 - Connection can be kept alive indefinitely
12-09-2018 12:36:51 PoolingHttpClientConnectionManager.java DEBUG [Forwarding isElementDisplayed on session 1850fbce5f951b60a82aea7e87031669 to remote] conn.PoolingHttpClientConnectionManager 320 - Connection [id: 5][route: {}->http://localhost:19590] can be kept alive indefinitely
12-09-2018 12:36:51 PoolingHttpClientConnectionManager.java DEBUG [Forwarding isElementDisplayed on session 1850fbce5f951b60a82aea7e87031669 to remote] conn.PoolingHttpClientConnectionManager 326 - Connection released: [id: 5][route: {}->http://localhost:19590][total kept alive: 1; route allocated: 1 of 2000; total allocated: 1 of 2000]
12-09-2018 12:36:51 RequestAddCookies.java DEBUG [Forwarding findElement on session 1850fbce5f951b60a82aea7e87031669 to remote] protocol.RequestAddCookies 123 - CookieSpec selected: default
12-09-2018 12:36:51 RequestAuthCache.java DEBUG [Forwarding findElement on session 1850fbce5f951b60a82aea7e87031669 to remote] protocol.RequestAuthCache 77 - Auth cache not set in the context
12-09-2018 12:36:51 PoolingHttpClientConnectionManager.java DEBUG [Forwarding findElement on session 1850fbce5f951b60a82aea7e87031669 to remote] conn.PoolingHttpClientConnectionManager 255 - Connection request: [route: {}->http://localhost:19590][total kept alive: 1; route allocated: 1 of 2000; total allocated: 1 of 2000]
12-09-2018 12:36:51 PoolingHttpClientConnectionManager.java DEBUG [Forwarding findElement on session 1850fbce5f951b60a82aea7e87031669 to remote] conn.PoolingHttpClientConnectionManager 288 - Connection leased: [id: 5][route: {}->http://localhost:19590][total kept alive: 0; route allocated: 1 of 2000; total allocated: 1 of 2000]
12-09-2018 12:36:51 MainClientExec.java DEBUG [Forwarding findElement on session 1850fbce5f951b60a82aea7e87031669 to remote] execchain.MainClientExec 208 - Stale connection check
12-09-2018 12:36:51 Wire.java DEBUG [Forwarding findElement on session 1850fbce5f951b60a82aea7e87031669 to remote] http.wire 87 - http-outgoing-5 << "[read] I/O error: Read timed out"
12-09-2018 12:36:51 LoggingManagedHttpClientConnection.java DEBUG [Forwarding findElement on session 1850fbce5f951b60a82aea7e87031669 to remote] conn.DefaultManagedHttpClientConnection 88 - http-outgoing-5: set socket timeout to 10800000
12-09-2018 12:36:51 MainClientExec.java DEBUG [Forwarding findElement on session 1850fbce5f951b60a82aea7e87031669 to remote] execchain.MainClientExec 256 - Executing request POST /session/1850fbce5f951b60a82aea7e87031669/element HTTP/1.1
12-09-2018 12:36:51 MainClientExec.java DEBUG [Forwarding findElement on session 1850fbce5f951b60a82aea7e87031669 to remote] execchain.MainClientExec 261 - Target auth state: UNCHALLENGED
12-09-2018 12:36:51 MainClientExec.java DEBUG [Forwarding findElement on session 1850fbce5f951b60a82aea7e87031669 to remote] execchain.MainClientExec 267 - Proxy auth state: UNCHALLENGED
12-09-2018 12:36:51 LoggingManagedHttpClientConnection.java DEBUG [Forwarding findElement on session 1850fbce5f951b60a82aea7e87031669 to remote] http.headers 133 - http-outgoing-5 >> POST /session/1850fbce5f951b60a82aea7e87031669/element HTTP/1.1
12-09-2018 12:36:51 LoggingManagedHttpClientConnection.java DEBUG [Forwarding findElement on session 1850fbce5f951b60a82aea7e87031669 to remote] http.headers 136 - http-outgoing-5 >> Content-Type: application/json; charset=utf-8
12-09-2018 12:36:51 LoggingManagedHttpClientConnection.java DEBUG [Forwarding findElement on session 1850fbce5f951b60a82aea7e87031669 to remote] http.headers 136 - http-outgoing-5 >> Content-Length: 50
12-09-2018 12:36:51 LoggingManagedHttpClientConnection.java DEBUG [Forwarding findElement on session 1850fbce5f951b60a82aea7e87031669 to remote] http.headers 136 - http-outgoing-5 >> Host: localhost:19590
12-09-2018 12:36:51 LoggingManagedHttpClientConnection.java DEBUG [Forwarding findElement on session 1850fbce5f951b60a82aea7e87031669 to remote] http.headers 136 - http-outgoing-5 >> Connection: Keep-Alive
12-09-2018 12:36:51 LoggingManagedHttpClientConnection.java DEBUG [Forwarding findElement on session 1850fbce5f951b60a82aea7e87031669 to remote] http.headers 136 - http-outgoing-5 >> User-Agent: Apache-HttpClient/4.5.3 (Java/1.8.0_181)
12-09-2018 12:36:51 LoggingManagedHttpClientConnection.java DEBUG [Forwarding findElement on session 1850fbce5f951b60a82aea7e87031669 to remote] http.headers 136 - http-outgoing-5 >> Accept-Encoding: gzip,deflate
12-09-2018 12:36:51 Wire.java DEBUG [Forwarding findElement on session 1850fbce5f951b60a82aea7e87031669 to remote] http.wire 73 - http-outgoing-5 >> "POST /session/1850fbce5f951b60a82aea7e87031669/element HTTP/1.1[\r][\n]"
12-09-2018 12:36:51 Wire.java DEBUG [Forwarding findElement on session 1850fbce5f951b60a82aea7e87031669 to remote] http.wire 73 - http-outgoing-5 >> "Content-Type: application/json; charset=utf-8[\r][\n]"
12-09-2018 12:36:51 Wire.java DEBUG [Forwarding findElement on session 1850fbce5f951b60a82aea7e87031669 to remote] http.wire 73 - http-outgoing-5 >> "Content-Length: 50[\r][\n]"
12-09-2018 12:36:51 Wire.java DEBUG [Forwarding findElement on session 1850fbce5f951b60a82aea7e87031669 to remote] http.wire 73 - http-outgoing-5 >> "Host: localhost:19590[\r][\n]"
12-09-2018 12:36:51 Wire.java DEBUG [Forwarding findElement on session 1850fbce5f951b60a82aea7e87031669 to remote] http.wire 73 - http-outgoing-5 >> "Connection: Keep-Alive[\r][\n]"
12-09-2018 12:36:51 Wire.java DEBUG [Forwarding findElement on session 1850fbce5f951b60a82aea7e87031669 to remote] http.wire 73 - http-outgoing-5 >> "User-Agent: Apache-HttpClient/4.5.3 (Java/1.8.0_181)[\r][\n]"
12-09-2018 12:36:51 Wire.java DEBUG [Forwarding findElement on session 1850fbce5f951b60a82aea7e87031669 to remote] http.wire 73 - http-outgoing-5 >> "Accept-Encoding: gzip,deflate[\r][\n]"
12-09-2018 12:36:51 Wire.java DEBUG [Forwarding findElement on session 1850fbce5f951b60a82aea7e87031669 to remote] http.wire 73 - http-outgoing-5 >> "[\r][\n]"
12-09-2018 12:36:51 Wire.java DEBUG [Forwarding findElement on session 1850fbce5f951b60a82aea7e87031669 to remote] http.wire 87 - http-outgoing-5 >> "{"using":"xpath","value":"//input[@type='email']"}"
12-09-2018 12:36:51 Wire.java DEBUG [Forwarding findElement on session 1850fbce5f951b60a82aea7e87031669 to remote] http.wire 73 - http-outgoing-5 << "HTTP/1.1 200 OK[\r][\n]"
12-09-2018 12:36:51 Wire.java DEBUG [Forwarding findElement on session 1850fbce5f951b60a82aea7e87031669 to remote] http.wire 73 - http-outgoing-5 << "Content-Length:102[\r][\n]"
12-09-2018 12:36:51 Wire.java DEBUG [Forwarding findElement on session 1850fbce5f951b60a82aea7e87031669 to remote] http.wire 73 - http-outgoing-5 << "Content-Type:application/json; charset=utf-8[\r][\n]"
12-09-2018 12:36:51 Wire.java DEBUG [Forwarding findElement on session 1850fbce5f951b60a82aea7e87031669 to remote] http.wire 73 - http-outgoing-5 << "[\r][\n]"
12-09-2018 12:36:51 Wire.java DEBUG [Forwarding findElement on session 1850fbce5f951b60a82aea7e87031669 to remote] http.wire 87 - http-outgoing-5 << "{"sessionId":"1850fbce5f951b60a82aea7e87031669","status":0,"value":{"ELEMENT":"0.5698734955180493-1"}}"
12-09-2018 12:36:51 LoggingManagedHttpClientConnection.java DEBUG [Forwarding findElement on session 1850fbce5f951b60a82aea7e87031669 to remote] http.headers 122 - http-outgoing-5 << HTTP/1.1 200 OK
12-09-2018 12:36:51 LoggingManagedHttpClientConnection.java DEBUG [Forwarding findElement on session 1850fbce5f951b60a82aea7e87031669 to remote] http.headers 125 - http-outgoing-5 << Content-Length:102
12-09-2018 12:36:51 LoggingManagedHttpClientConnection.java DEBUG [Forwarding findElement on session 1850fbce5f951b60a82aea7e87031669 to remote] http.headers 125 - http-outgoing-5 << Content-Type:application/json; charset=utf-8
12-09-2018 12:36:51 MainClientExec.java DEBUG [Forwarding findElement on session 1850fbce5f951b60a82aea7e87031669 to remote] execchain.MainClientExec 285 - Connection can be kept alive indefinitely
12-09-2018 12:36:51 PoolingHttpClientConnectionManager.java DEBUG [Forwarding findElement on session 1850fbce5f951b60a82aea7e87031669 to remote] conn.PoolingHttpClientConnectionManager 320 - Connection [id: 5][route: {}->http://localhost:19590] can be kept alive indefinitely
12-09-2018 12:36:51 PoolingHttpClientConnectionManager.java DEBUG [Forwarding findElement on session 1850fbce5f951b60a82aea7e87031669 to remote] conn.PoolingHttpClientConnectionManager 326 - Connection released: [id: 5][route: {}->http://localhost:19590][total kept alive: 1; route allocated: 1 of 2000; total allocated: 1 of 2000]
12-09-2018 12:36:51 RequestAddCookies.java DEBUG [Forwarding isElementEnabled on session 1850fbce5f951b60a82aea7e87031669 to remote] protocol.RequestAddCookies 123 - CookieSpec selected: default
12-09-2018 12:36:51 RequestAuthCache.java DEBUG [Forwarding isElementEnabled on session 1850fbce5f951b60a82aea7e87031669 to remote] protocol.RequestAuthCache 77 - Auth cache not set in the context
12-09-2018 12:36:51 PoolingHttpClientConnectionManager.java DEBUG [Forwarding isElementEnabled on session 1850fbce5f951b60a82aea7e87031669 to remote] conn.PoolingHttpClientConnectionManager 255 - Connection request: [route: {}->http://localhost:19590][total kept alive: 1; route allocated: 1 of 2000; total allocated: 1 of 2000]
12-09-2018 12:36:51 PoolingHttpClientConnectionManager.java DEBUG [Forwarding isElementEnabled on session 1850fbce5f951b60a82aea7e87031669 to remote] conn.PoolingHttpClientConnectionManager 288 - Connection leased: [id: 5][route: {}->http://localhost:19590][total kept alive: 0; route allocated: 1 of 2000; total allocated: 1 of 2000]
12-09-2018 12:36:51 MainClientExec.java DEBUG [Forwarding isElementEnabled on session 1850fbce5f951b60a82aea7e87031669 to remote] execchain.MainClientExec 208 - Stale connection check
12-09-2018 12:36:51 Wire.java DEBUG [Forwarding isElementEnabled on session 1850fbce5f951b60a82aea7e87031669 to remote] http.wire 87 - http-outgoing-5 << "[read] I/O error: Read timed out"
12-09-2018 12:36:51 LoggingManagedHttpClientConnection.java DEBUG [Forwarding isElementEnabled on session 1850fbce5f951b60a82aea7e87031669 to remote] conn.DefaultManagedHttpClientConnection 88 - http-outgoing-5: set socket timeout to 10800000
12-09-2018 12:36:51 MainClientExec.java DEBUG [Forwarding isElementEnabled on session 1850fbce5f951b60a82aea7e87031669 to remote] execchain.MainClientExec 256 - Executing request GET /session/1850fbce5f951b60a82aea7e87031669/element/0.5698734955180493-1/enabled HTTP/1.1
12-09-2018 12:36:51 MainClientExec.java DEBUG [Forwarding isElementEnabled on session 1850fbce5f951b60a82aea7e87031669 to remote] execchain.MainClientExec 261 - Target auth state: UNCHALLENGED
12-09-2018 12:36:51 MainClientExec.java DEBUG [Forwarding isElementEnabled on session 1850fbce5f951b60a82aea7e87031669 to remote] execchain.MainClientExec 267 - Proxy auth state: UNCHALLENGED
12-09-2018 12:36:51 LoggingManagedHttpClientConnection.java DEBUG [Forwarding isElementEnabled on session 1850fbce5f951b60a82aea7e87031669 to remote] http.headers 133 - http-outgoing-5 >> GET /session/1850fbce5f951b60a82aea7e87031669/element/0.5698734955180493-1/enabled HTTP/1.1
12-09-2018 12:36:51 LoggingManagedHttpClientConnection.java DEBUG [Forwarding isElementEnabled on session 1850fbce5f951b60a82aea7e87031669 to remote] http.headers 136 - http-outgoing-5 >> Cache-Control: no-cache
12-09-2018 12:36:51 LoggingManagedHttpClientConnection.java DEBUG [Forwarding isElementEnabled on session 1850fbce5f951b60a82aea7e87031669 to remote] http.headers 136 - http-outgoing-5 >> Host: localhost:19590
12-09-2018 12:36:51 LoggingManagedHttpClientConnection.java DEBUG [Forwarding isElementEnabled on session 1850fbce5f951b60a82aea7e87031669 to remote] http.headers 136 - http-outgoing-5 >> Connection: Keep-Alive
12-09-2018 12:36:51 LoggingManagedHttpClientConnection.java DEBUG [Forwarding isElementEnabled on session 1850fbce5f951b60a82aea7e87031669 to remote] http.headers 136 - http-outgoing-5 >> User-Agent: Apache-HttpClient/4.5.3 (Java/1.8.0_181)
12-09-2018 12:36:51 LoggingManagedHttpClientConnection.java DEBUG [Forwarding isElementEnabled on session 1850fbce5f951b60a82aea7e87031669 to remote] http.headers 136 - http-outgoing-5 >> Accept-Encoding: gzip,deflate
12-09-2018 12:36:51 Wire.java DEBUG [Forwarding isElementEnabled on session 1850fbce5f951b60a82aea7e87031669 to remote] http.wire 73 - http-outgoing-5 >> "GET /session/1850fbce5f951b60a82aea7e87031669/element/0.5698734955180493-1/enabled HTTP/1.1[\r][\n]"
12-09-2018 12:36:51 Wire.java DEBUG [Forwarding isElementEnabled on session 1850fbce5f951b60a82aea7e87031669 to remote] http.wire 73 - http-outgoing-5 >> "Cache-Control: no-cache[\r][\n]"
12-09-2018 12:36:51 Wire.java DEBUG [Forwarding isElementEnabled on session 1850fbce5f951b60a82aea7e87031669 to remote] http.wire 73 - http-outgoing-5 >> "Host: localhost:19590[\r][\n]"
12-09-2018 12:36:51 Wire.java DEBUG [Forwarding isElementEnabled on session 1850fbce5f951b60a82aea7e87031669 to remote] http.wire 73 - http-outgoing-5 >> "Connection: Keep-Alive[\r][\n]"
12-09-2018 12:36:51 Wire.java DEBUG [Forwarding isElementEnabled on session 1850fbce5f951b60a82aea7e87031669 to remote] http.wire 73 - http-outgoing-5 >> "User-Agent: Apache-HttpClient/4.5.3 (Java/1.8.0_181)[\r][\n]"
12-09-2018 12:36:51 Wire.java DEBUG [Forwarding isElementEnabled on session 1850fbce5f951b60a82aea7e87031669 to remote] http.wire 73 - http-outgoing-5 >> "Accept-Encoding: gzip,deflate[\r][\n]"
12-09-2018 12:36:51 Wire.java DEBUG [Forwarding isElementEnabled on session 1850fbce5f951b60a82aea7e87031669 to remote] http.wire 73 - http-outgoing-5 >> "[\r][\n]"
12-09-2018 12:36:51 Wire.java DEBUG [Forwarding isElementEnabled on session 1850fbce5f951b60a82aea7e87031669 to remote] http.wire 73 - http-outgoing-5 << "HTTP/1.1 200 OK[\r][\n]"
12-09-2018 12:36:51 Wire.java DEBUG [Forwarding isElementEnabled on session 1850fbce5f951b60a82aea7e87031669 to remote] http.wire 73 - http-outgoing-5 << "Content-Length:72[\r][\n]"
12-09-2018 12:36:51 Wire.java DEBUG [Forwarding isElementEnabled on session 1850fbce5f951b60a82aea7e87031669 to remote] http.wire 73 - http-outgoing-5 << "Content-Type:application/json; charset=utf-8[\r][\n]"
12-09-2018 12:36:51 Wire.java DEBUG [Forwarding isElementEnabled on session 1850fbce5f951b60a82aea7e87031669 to remote] http.wire 73 - http-outgoing-5 << "[\r][\n]"
12-09-2018 12:36:51 Wire.java DEBUG [Forwarding isElementEnabled on session 1850fbce5f951b60a82aea7e87031669 to remote] http.wire 87 - http-outgoing-5 << "{"sessionId":"1850fbce5f951b60a82aea7e87031669","status":0,"value":true}"
12-09-2018 12:36:51 LoggingManagedHttpClientConnection.java DEBUG [Forwarding isElementEnabled on session 1850fbce5f951b60a82aea7e87031669 to remote] http.headers 122 - http-outgoing-5 << HTTP/1.1 200 OK
12-09-2018 12:36:51 LoggingManagedHttpClientConnection.java DEBUG [Forwarding isElementEnabled on session 1850fbce5f951b60a82aea7e87031669 to remote] http.headers 125 - http-outgoing-5 << Content-Length:72
12-09-2018 12:36:51 LoggingManagedHttpClientConnection.java DEBUG [Forwarding isElementEnabled on session 1850fbce5f951b60a82aea7e87031669 to remote] http.headers 125 - http-outgoing-5 << Content-Type:application/json; charset=utf-8
12-09-2018 12:36:51 MainClientExec.java DEBUG [Forwarding isElementEnabled on session 1850fbce5f951b60a82aea7e87031669 to remote] execchain.MainClientExec 285 - Connection can be kept alive indefinitely
12-09-2018 12:36:51 PoolingHttpClientConnectionManager.java DEBUG [Forwarding isElementEnabled on session 1850fbce5f951b60a82aea7e87031669 to remote] conn.PoolingHttpClientConnectionManager 320 - Connection [id: 5][route: {}->http://localhost:19590] can be kept alive indefinitely
12-09-2018 12:36:51 PoolingHttpClientConnectionManager.java DEBUG [Forwarding isElementEnabled on session 1850fbce5f951b60a82aea7e87031669 to remote] conn.PoolingHttpClientConnectionManager 326 - Connection released: [id: 5][route: {}->http://localhost:19590][total kept alive: 1; route allocated: 1 of 2000; total allocated: 1 of 2000]
12-09-2018 12:36:51 RequestAddCookies.java DEBUG [Forwarding findElement on session 1850fbce5f951b60a82aea7e87031669 to remote] protocol.RequestAddCookies 123 - CookieSpec selected: default
12-09-2018 12:36:51 RequestAuthCache.java DEBUG [Forwarding findElement on session 1850fbce5f951b60a82aea7e87031669 to remote] protocol.RequestAuthCache 77 - Auth cache not set in the context
12-09-2018 12:36:51 PoolingHttpClientConnectionManager.java DEBUG [Forwarding findElement on session 1850fbce5f951b60a82aea7e87031669 to remote] conn.PoolingHttpClientConnectionManager 255 - Connection request: [route: {}->http://localhost:19590][total kept alive: 1; route allocated: 1 of 2000; total allocated: 1 of 2000]
12-09-2018 12:36:51 PoolingHttpClientConnectionManager.java DEBUG [Forwarding findElement on session 1850fbce5f951b60a82aea7e87031669 to remote] conn.PoolingHttpClientConnectionManager 288 - Connection leased: [id: 5][route: {}->http://localhost:19590][total kept alive: 0; route allocated: 1 of 2000; total allocated: 1 of 2000]
12-09-2018 12:36:51 MainClientExec.java DEBUG [Forwarding findElement on session 1850fbce5f951b60a82aea7e87031669 to remote] execchain.MainClientExec 208 - Stale connection check
12-09-2018 12:36:51 Wire.java DEBUG [Forwarding findElement on session 1850fbce5f951b60a82aea7e87031669 to remote] http.wire 87 - http-outgoing-5 << "[read] I/O error: Read timed out"
12-09-2018 12:36:51 LoggingManagedHttpClientConnection.java DEBUG [Forwarding findElement on session 1850fbce5f951b60a82aea7e87031669 to remote] conn.DefaultManagedHttpClientConnection 88 - http-outgoing-5: set socket timeout to 10800000
12-09-2018 12:36:51 MainClientExec.java DEBUG [Forwarding findElement on session 1850fbce5f951b60a82aea7e87031669 to remote] execchain.MainClientExec 256 - Executing request POST /session/1850fbce5f951b60a82aea7e87031669/element HTTP/1.1
12-09-2018 12:36:51 MainClientExec.java DEBUG [Forwarding findElement on session 1850fbce5f951b60a82aea7e87031669 to remote] execchain.MainClientExec 261 - Target auth state: UNCHALLENGED
12-09-2018 12:36:51 MainClientExec.java DEBUG [Forwarding findElement on session 1850fbce5f951b60a82aea7e87031669 to remote] execchain.MainClientExec 267 - Proxy auth state: UNCHALLENGED
12-09-2018 12:36:51 LoggingManagedHttpClientConnection.java DEBUG [Forwarding findElement on session 1850fbce5f951b60a82aea7e87031669 to remote] http.headers 133 - http-outgoing-5 >> POST /session/1850fbce5f951b60a82aea7e87031669/element HTTP/1.1
12-09-2018 12:36:51 LoggingManagedHttpClientConnection.java DEBUG [Forwarding findElement on session 1850fbce5f951b60a82aea7e87031669 to remote] http.headers 136 - http-outgoing-5 >> Content-Type: application/json; charset=utf-8
12-09-2018 12:36:51 LoggingManagedHttpClientConnection.java DEBUG [Forwarding findElement on session 1850fbce5f951b60a82aea7e87031669 to remote] http.headers 136 - http-outgoing-5 >> Content-Length: 58
12-09-2018 12:36:51 LoggingManagedHttpClientConnection.java DEBUG [Forwarding findElement on session 1850fbce5f951b60a82aea7e87031669 to remote] http.headers 136 - http-outgoing-5 >> Host: localhost:19590
12-09-2018 12:36:51 LoggingManagedHttpClientConnection.java DEBUG [Forwarding findElement on session 1850fbce5f951b60a82aea7e87031669 to remote] http.headers 136 - http-outgoing-5 >> Connection: Keep-Alive
12-09-2018 12:36:51 LoggingManagedHttpClientConnection.java DEBUG [Forwarding findElement on session 1850fbce5f951b60a82aea7e87031669 to remote] http.headers 136 - http-outgoing-5 >> User-Agent: Apache-HttpClient/4.5.3 (Java/1.8.0_181)
12-09-2018 12:36:51 LoggingManagedHttpClientConnection.java DEBUG [Forwarding findElement on session 1850fbce5f951b60a82aea7e87031669 to remote] http.headers 136 - http-outgoing-5 >> Accept-Encoding: gzip,deflate
12-09-2018 12:36:51 Wire.java DEBUG [Forwarding findElement on session 1850fbce5f951b60a82aea7e87031669 to remote] http.wire 73 - http-outgoing-5 >> "POST /session/1850fbce5f951b60a82aea7e87031669/element HTTP/1.1[\r][\n]"
12-09-2018 12:36:51 Wire.java DEBUG [Forwarding findElement on session 1850fbce5f951b60a82aea7e87031669 to remote] http.wire 73 - http-outgoing-5 >> "Content-Type: application/json; charset=utf-8[\r][\n]"
12-09-2018 12:36:51 Wire.java DEBUG [Forwarding findElement on session 1850fbce5f951b60a82aea7e87031669 to remote] http.wire 73 - http-outgoing-5 >> "Content-Length: 58[\r][\n]"
12-09-2018 12:36:51 Wire.java DEBUG [Forwarding findElement on session 1850fbce5f951b60a82aea7e87031669 to remote] http.wire 73 - http-outgoing-5 >> "Host: localhost:19590[\r][\n]"
12-09-2018 12:36:51 Wire.java DEBUG [Forwarding findElement on session 1850fbce5f951b60a82aea7e87031669 to remote] http.wire 73 - http-outgoing-5 >> "Connection: Keep-Alive[\r][\n]"
12-09-2018 12:36:51 Wire.java DEBUG [Forwarding findElement on session 1850fbce5f951b60a82aea7e87031669 to remote] http.wire 73 - http-outgoing-5 >> "User-Agent: Apache-HttpClient/4.5.3 (Java/1.8.0_181)[\r][\n]"
12-09-2018 12:36:51 Wire.java DEBUG [Forwarding findElement on session 1850fbce5f951b60a82aea7e87031669 to remote] http.wire 73 - http-outgoing-5 >> "Accept-Encoding: gzip,deflate[\r][\n]"
12-09-2018 12:36:51 Wire.java DEBUG [Forwarding findElement on session 1850fbce5f951b60a82aea7e87031669 to remote] http.wire 73 - http-outgoing-5 >> "[\r][\n]"
12-09-2018 12:36:51 Wire.java DEBUG [Forwarding findElement on session 1850fbce5f951b60a82aea7e87031669 to remote] http.wire 87 - http-outgoing-5 >> "{"using":"xpath","value":"//span[@class='RveJvd snByac']"}"
12-09-2018 12:36:51 Wire.java DEBUG [Forwarding findElement on session 1850fbce5f951b60a82aea7e87031669 to remote] http.wire 73 - http-outgoing-5 << "HTTP/1.1 200 OK[\r][\n]"
12-09-2018 12:36:51 Wire.java DEBUG [Forwarding findElement on session 1850fbce5f951b60a82aea7e87031669 to remote] http.wire 73 - http-outgoing-5 << "Content-Length:102[\r][\n]"
12-09-2018 12:36:51 Wire.java DEBUG [Forwarding findElement on session 1850fbce5f951b60a82aea7e87031669 to remote] http.wire 73 - http-outgoing-5 << "Content-Type:application/json; charset=utf-8[\r][\n]"
12-09-2018 12:36:51 Wire.java DEBUG [Forwarding findElement on session 1850fbce5f951b60a82aea7e87031669 to remote] http.wire 73 - http-outgoing-5 << "[\r][\n]"
12-09-2018 12:36:51 Wire.java DEBUG [Forwarding findElement on session 1850fbce5f951b60a82aea7e87031669 to remote] http.wire 87 - http-outgoing-5 << "{"sessionId":"1850fbce5f951b60a82aea7e87031669","status":0,"value":{"ELEMENT":"0.5698734955180493-2"}}"
12-09-2018 12:36:51 LoggingManagedHttpClientConnection.java DEBUG [Forwarding findElement on session 1850fbce5f951b60a82aea7e87031669 to remote] http.headers 122 - http-outgoing-5 << HTTP/1.1 200 OK
12-09-2018 12:36:51 LoggingManagedHttpClientConnection.java DEBUG [Forwarding findElement on session 1850fbce5f951b60a82aea7e87031669 to remote] http.headers 125 - http-outgoing-5 << Content-Length:102
12-09-2018 12:36:51 LoggingManagedHttpClientConnection.java DEBUG [Forwarding findElement on session 1850fbce5f951b60a82aea7e87031669 to remote] http.headers 125 - http-outgoing-5 << Content-Type:application/json; charset=utf-8
12-09-2018 12:36:51 MainClientExec.java DEBUG [Forwarding findElement on session 1850fbce5f951b60a82aea7e87031669 to remote] execchain.MainClientExec 285 - Connection can be kept alive indefinitely
12-09-2018 12:36:51 PoolingHttpClientConnectionManager.java DEBUG [Forwarding findElement on session 1850fbce5f951b60a82aea7e87031669 to remote] conn.PoolingHttpClientConnectionManager 320 - Connection [id: 5][route: {}->http://localhost:19590] can be kept alive indefinitely
12-09-2018 12:36:51 PoolingHttpClientConnectionManager.java DEBUG [Forwarding findElement on session 1850fbce5f951b60a82aea7e87031669 to remote] conn.PoolingHttpClientConnectionManager 326 - Connection released: [id: 5][route: {}->http://localhost:19590][total kept alive: 1; route allocated: 1 of 2000; total allocated: 1 of 2000]
12-09-2018 12:36:51 RequestAddCookies.java DEBUG [Forwarding isElementDisplayed on session 1850fbce5f951b60a82aea7e87031669 to remote] protocol.RequestAddCookies 123 - CookieSpec selected: default
12-09-2018 12:36:51 RequestAuthCache.java DEBUG [Forwarding isElementDisplayed on session 1850fbce5f951b60a82aea7e87031669 to remote] protocol.RequestAuthCache 77 - Auth cache not set in the context
12-09-2018 12:36:51 PoolingHttpClientConnectionManager.java DEBUG [Forwarding isElementDisplayed on session 1850fbce5f951b60a82aea7e87031669 to remote] conn.PoolingHttpClientConnectionManager 255 - Connection request: [route: {}->http://localhost:19590][total kept alive: 1; route allocated: 1 of 2000; total allocated: 1 of 2000]
12-09-2018 12:36:51 PoolingHttpClientConnectionManager.java DEBUG [Forwarding isElementDisplayed on session 1850fbce5f951b60a82aea7e87031669 to remote] conn.PoolingHttpClientConnectionManager 288 - Connection leased: [id: 5][route: {}->http://localhost:19590][total kept alive: 0; route allocated: 1 of 2000; total allocated: 1 of 2000]
12-09-2018 12:36:51 MainClientExec.java DEBUG [Forwarding isElementDisplayed on session 1850fbce5f951b60a82aea7e87031669 to remote] execchain.MainClientExec 208 - Stale connection check
12-09-2018 12:36:51 Wire.java DEBUG [Forwarding isElementDisplayed on session 1850fbce5f951b60a82aea7e87031669 to remote] http.wire 87 - http-outgoing-5 << "[read] I/O error: Read timed out"
12-09-2018 12:36:51 LoggingManagedHttpClientConnection.java DEBUG [Forwarding isElementDisplayed on session 1850fbce5f951b60a82aea7e87031669 to remote] conn.DefaultManagedHttpClientConnection 88 - http-outgoing-5: set socket timeout to 10800000
12-09-2018 12:36:51 MainClientExec.java DEBUG [Forwarding isElementDisplayed on session 1850fbce5f951b60a82aea7e87031669 to remote] execchain.MainClientExec 256 - Executing request GET /session/1850fbce5f951b60a82aea7e87031669/element/0.5698734955180493-2/displayed HTTP/1.1
12-09-2018 12:36:51 MainClientExec.java DEBUG [Forwarding isElementDisplayed on session 1850fbce5f951b60a82aea7e87031669 to remote] execchain.MainClientExec 261 - Target auth state: UNCHALLENGED
12-09-2018 12:36:51 MainClientExec.java DEBUG [Forwarding isElementDisplayed on session 1850fbce5f951b60a82aea7e87031669 to remote] execchain.MainClientExec 267 - Proxy auth state: UNCHALLENGED
12-09-2018 12:36:51 LoggingManagedHttpClientConnection.java DEBUG [Forwarding isElementDisplayed on session 1850fbce5f951b60a82aea7e87031669 to remote] http.headers 133 - http-outgoing-5 >> GET /session/1850fbce5f951b60a82aea7e87031669/element/0.5698734955180493-2/displayed HTTP/1.1
12-09-2018 12:36:51 LoggingManagedHttpClientConnection.java DEBUG [Forwarding isElementDisplayed on session 1850fbce5f951b60a82aea7e87031669 to remote] http.headers 136 - http-outgoing-5 >> Cache-Control: no-cache
12-09-2018 12:36:51 LoggingManagedHttpClientConnection.java DEBUG [Forwarding isElementDisplayed on session 1850fbce5f951b60a82aea7e87031669 to remote] http.headers 136 - http-outgoing-5 >> Host: localhost:19590
12-09-2018 12:36:51 LoggingManagedHttpClientConnection.java DEBUG [Forwarding isElementDisplayed on session 1850fbce5f951b60a82aea7e87031669 to remote] http.headers 136 - http-outgoing-5 >> Connection: Keep-Alive
12-09-2018 12:36:51 LoggingManagedHttpClientConnection.java DEBUG [Forwarding isElementDisplayed on session 1850fbce5f951b60a82aea7e87031669 to remote] http.headers 136 - http-outgoing-5 >> User-Agent: Apache-HttpClient/4.5.3 (Java/1.8.0_181)
12-09-2018 12:36:51 LoggingManagedHttpClientConnection.java DEBUG [Forwarding isElementDisplayed on session 1850fbce5f951b60a82aea7e87031669 to remote] http.headers 136 - http-outgoing-5 >> Accept-Encoding: gzip,deflate
12-09-2018 12:36:51 Wire.java DEBUG [Forwarding isElementDisplayed on session 1850fbce5f951b60a82aea7e87031669 to remote] http.wire 73 - http-outgoing-5 >> "GET /session/1850fbce5f951b60a82aea7e87031669/element/0.5698734955180493-2/displayed HTTP/1.1[\r][\n]"
12-09-2018 12:36:51 Wire.java DEBUG [Forwarding isElementDisplayed on session 1850fbce5f951b60a82aea7e87031669 to remote] http.wire 73 - http-outgoing-5 >> "Cache-Control: no-cache[\r][\n]"
12-09-2018 12:36:51 Wire.java DEBUG [Forwarding isElementDisplayed on session 1850fbce5f951b60a82aea7e87031669 to remote] http.wire 73 - http-outgoing-5 >> "Host: localhost:19590[\r][\n]"
12-09-2018 12:36:51 Wire.java DEBUG [Forwarding isElementDisplayed on session 1850fbce5f951b60a82aea7e87031669 to remote] http.wire 73 - http-outgoing-5 >> "Connection: Keep-Alive[\r][\n]"
12-09-2018 12:36:51 Wire.java DEBUG [Forwarding isElementDisplayed on session 1850fbce5f951b60a82aea7e87031669 to remote] http.wire 73 - http-outgoing-5 >> "User-Agent: Apache-HttpClient/4.5.3 (Java/1.8.0_181)[\r][\n]"
12-09-2018 12:36:51 Wire.java DEBUG [Forwarding isElementDisplayed on session 1850fbce5f951b60a82aea7e87031669 to remote] http.wire 73 - http-outgoing-5 >> "Accept-Encoding: gzip,deflate[\r][\n]"
12-09-2018 12:36:51 Wire.java DEBUG [Forwarding isElementDisplayed on session 1850fbce5f951b60a82aea7e87031669 to remote] http.wire 73 - http-outgoing-5 >> "[\r][\n]"
12-09-2018 12:36:51 Wire.java DEBUG [Forwarding isElementDisplayed on session 1850fbce5f951b60a82aea7e87031669 to remote] http.wire 73 - http-outgoing-5 << "HTTP/1.1 200 OK[\r][\n]"
12-09-2018 12:36:51 Wire.java DEBUG [Forwarding isElementDisplayed on session 1850fbce5f951b60a82aea7e87031669 to remote] http.wire 73 - http-outgoing-5 << "Content-Length:72[\r][\n]"
12-09-2018 12:36:51 Wire.java DEBUG [Forwarding isElementDisplayed on session 1850fbce5f951b60a82aea7e87031669 to remote] http.wire 73 - http-outgoing-5 << "Content-Type:application/json; charset=utf-8[\r][\n]"
12-09-2018 12:36:51 Wire.java DEBUG [Forwarding isElementDisplayed on session 1850fbce5f951b60a82aea7e87031669 to remote] http.wire 73 - http-outgoing-5 << "[\r][\n]"
12-09-2018 12:36:51 Wire.java DEBUG [Forwarding isElementDisplayed on session 1850fbce5f951b60a82aea7e87031669 to remote] http.wire 87 - http-outgoing-5 << "{"sessionId":"1850fbce5f951b60a82aea7e87031669","status":0,"value":true}"
12-09-2018 12:36:51 LoggingManagedHttpClientConnection.java DEBUG [Forwarding isElementDisplayed on session 1850fbce5f951b60a82aea7e87031669 to remote] http.headers 122 - http-outgoing-5 << HTTP/1.1 200 OK
12-09-2018 12:36:51 LoggingManagedHttpClientConnection.java DEBUG [Forwarding isElementDisplayed on session 1850fbce5f951b60a82aea7e87031669 to remote] http.headers 125 - http-outgoing-5 << Content-Length:72
12-09-2018 12:36:51 LoggingManagedHttpClientConnection.java DEBUG [Forwarding isElementDisplayed on session 1850fbce5f951b60a82aea7e87031669 to remote] http.headers 125 - http-outgoing-5 << Content-Type:application/json; charset=utf-8
12-09-2018 12:36:51 MainClientExec.java DEBUG [Forwarding isElementDisplayed on session 1850fbce5f951b60a82aea7e87031669 to remote] execchain.MainClientExec 285 - Connection can be kept alive indefinitely
12-09-2018 12:36:51 PoolingHttpClientConnectionManager.java DEBUG [Forwarding isElementDisplayed on session 1850fbce5f951b60a82aea7e87031669 to remote] conn.PoolingHttpClientConnectionManager 320 - Connection [id: 5][route: {}->http://localhost:19590] can be kept alive indefinitely
12-09-2018 12:36:51 PoolingHttpClientConnectionManager.java DEBUG [Forwarding isElementDisplayed on session 1850fbce5f951b60a82aea7e87031669 to remote] conn.PoolingHttpClientConnectionManager 326 - Connection released: [id: 5][route: {}->http://localhost:19590][total kept alive: 1; route allocated: 1 of 2000; total allocated: 1 of 2000]
12-09-2018 12:36:51 RequestAddCookies.java DEBUG [Forwarding findElement on session 1850fbce5f951b60a82aea7e87031669 to remote] protocol.RequestAddCookies 123 - CookieSpec selected: default
12-09-2018 12:36:51 RequestAuthCache.java DEBUG [Forwarding findElement on session 1850fbce5f951b60a82aea7e87031669 to remote] protocol.RequestAuthCache 77 - Auth cache not set in the context
12-09-2018 12:36:51 PoolingHttpClientConnectionManager.java DEBUG [Forwarding findElement on session 1850fbce5f951b60a82aea7e87031669 to remote] conn.PoolingHttpClientConnectionManager 255 - Connection request: [route: {}->http://localhost:19590][total kept alive: 1; route allocated: 1 of 2000; total allocated: 1 of 2000]
12-09-2018 12:36:51 PoolingHttpClientConnectionManager.java DEBUG [Forwarding findElement on session 1850fbce5f951b60a82aea7e87031669 to remote] conn.PoolingHttpClientConnectionManager 288 - Connection leased: [id: 5][route: {}->http://localhost:19590][total kept alive: 0; route allocated: 1 of 2000; total allocated: 1 of 2000]
12-09-2018 12:36:51 MainClientExec.java DEBUG [Forwarding findElement on session 1850fbce5f951b60a82aea7e87031669 to remote] execchain.MainClientExec 208 - Stale connection check
12-09-2018 12:36:51 Wire.java DEBUG [Forwarding findElement on session 1850fbce5f951b60a82aea7e87031669 to remote] http.wire 87 - http-outgoing-5 << "[read] I/O error: Read timed out"
12-09-2018 12:36:51 LoggingManagedHttpClientConnection.java DEBUG [Forwarding findElement on session 1850fbce5f951b60a82aea7e87031669 to remote] conn.DefaultManagedHttpClientConnection 88 - http-outgoing-5: set socket timeout to 10800000
12-09-2018 12:36:51 MainClientExec.java DEBUG [Forwarding findElement on session 1850fbce5f951b60a82aea7e87031669 to remote] execchain.MainClientExec 256 - Executing request POST /session/1850fbce5f951b60a82aea7e87031669/element HTTP/1.1
12-09-2018 12:36:51 MainClientExec.java DEBUG [Forwarding findElement on session 1850fbce5f951b60a82aea7e87031669 to remote] execchain.MainClientExec 261 - Target auth state: UNCHALLENGED
12-09-2018 12:36:51 MainClientExec.java DEBUG [Forwarding findElement on session 1850fbce5f951b60a82aea7e87031669 to remote] execchain.MainClientExec 267 - Proxy auth state: UNCHALLENGED
12-09-2018 12:36:51 LoggingManagedHttpClientConnection.java DEBUG [Forwarding findElement on session 1850fbce5f951b60a82aea7e87031669 to remote] http.headers 133 - http-outgoing-5 >> POST /session/1850fbce5f951b60a82aea7e87031669/element HTTP/1.1
12-09-2018 12:36:51 LoggingManagedHttpClientConnection.java DEBUG [Forwarding findElement on session 1850fbce5f951b60a82aea7e87031669 to remote] http.headers 136 - http-outgoing-5 >> Content-Type: application/json; charset=utf-8
12-09-2018 12:36:51 LoggingManagedHttpClientConnection.java DEBUG [Forwarding findElement on session 1850fbce5f951b60a82aea7e87031669 to remote] http.headers 136 - http-outgoing-5 >> Content-Length: 58
12-09-2018 12:36:51 LoggingManagedHttpClientConnection.java DEBUG [Forwarding findElement on session 1850fbce5f951b60a82aea7e87031669 to remote] http.headers 136 - http-outgoing-5 >> Host: localhost:19590
12-09-2018 12:36:51 LoggingManagedHttpClientConnection.java DEBUG [Forwarding findElement on session 1850fbce5f951b60a82aea7e87031669 to remote] http.headers 136 - http-outgoing-5 >> Connection: Keep-Alive
12-09-2018 12:36:51 LoggingManagedHttpClientConnection.java DEBUG [Forwarding findElement on session 1850fbce5f951b60a82aea7e87031669 to remote] http.headers 136 - http-outgoing-5 >> User-Agent: Apache-HttpClient/4.5.3 (Java/1.8.0_181)
12-09-2018 12:36:51 LoggingManagedHttpClientConnection.java DEBUG [Forwarding findElement on session 1850fbce5f951b60a82aea7e87031669 to remote] http.headers 136 - http-outgoing-5 >> Accept-Encoding: gzip,deflate
12-09-2018 12:36:51 Wire.java DEBUG [Forwarding findElement on session 1850fbce5f951b60a82aea7e87031669 to remote] http.wire 73 - http-outgoing-5 >> "POST /session/1850fbce5f951b60a82aea7e87031669/element HTTP/1.1[\r][\n]"
12-09-2018 12:36:51 Wire.java DEBUG [Forwarding findElement on session 1850fbce5f951b60a82aea7e87031669 to remote] http.wire 73 - http-outgoing-5 >> "Content-Type: application/json; charset=utf-8[\r][\n]"
12-09-2018 12:36:51 Wire.java DEBUG [Forwarding findElement on session 1850fbce5f951b60a82aea7e87031669 to remote] http.wire 73 - http-outgoing-5 >> "Content-Length: 58[\r][\n]"
12-09-2018 12:36:51 Wire.java DEBUG [Forwarding findElement on session 1850fbce5f951b60a82aea7e87031669 to remote] http.wire 73 - http-outgoing-5 >> "Host: localhost:19590[\r][\n]"
12-09-2018 12:36:51 Wire.java DEBUG [Forwarding findElement on session 1850fbce5f951b60a82aea7e87031669 to remote] http.wire 73 - http-outgoing-5 >> "Connection: Keep-Alive[\r][\n]"
12-09-2018 12:36:51 Wire.java DEBUG [Forwarding findElement on session 1850fbce5f951b60a82aea7e87031669 to remote] http.wire 73 - http-outgoing-5 >> "User-Agent: Apache-HttpClient/4.5.3 (Java/1.8.0_181)[\r][\n]"
12-09-2018 12:36:51 Wire.java DEBUG [Forwarding findElement on session 1850fbce5f951b60a82aea7e87031669 to remote] http.wire 73 - http-outgoing-5 >> "Accept-Encoding: gzip,deflate[\r][\n]"
12-09-2018 12:36:51 Wire.java DEBUG [Forwarding findElement on session 1850fbce5f951b60a82aea7e87031669 to remote] http.wire 73 - http-outgoing-5 >> "[\r][\n]"
12-09-2018 12:36:51 Wire.java DEBUG [Forwarding findElement on session 1850fbce5f951b60a82aea7e87031669 to remote] http.wire 87 - http-outgoing-5 >> "{"using":"xpath","value":"//span[@class='RveJvd snByac']"}"
12-09-2018 12:36:51 Wire.java DEBUG [Forwarding findElement on session 1850fbce5f951b60a82aea7e87031669 to remote] http.wire 73 - http-outgoing-5 << "HTTP/1.1 200 OK[\r][\n]"
12-09-2018 12:36:51 Wire.java DEBUG [Forwarding findElement on session 1850fbce5f951b60a82aea7e87031669 to remote] http.wire 73 - http-outgoing-5 << "Content-Length:102[\r][\n]"
12-09-2018 12:36:51 Wire.java DEBUG [Forwarding findElement on session 1850fbce5f951b60a82aea7e87031669 to remote] http.wire 73 - http-outgoing-5 << "Content-Type:application/json; charset=utf-8[\r][\n]"
12-09-2018 12:36:51 Wire.java DEBUG [Forwarding findElement on session 1850fbce5f951b60a82aea7e87031669 to remote] http.wire 73 - http-outgoing-5 << "[\r][\n]"
12-09-2018 12:36:51 Wire.java DEBUG [Forwarding findElement on session 1850fbce5f951b60a82aea7e87031669 to remote] http.wire 87 - http-outgoing-5 << "{"sessionId":"1850fbce5f951b60a82aea7e87031669","status":0,"value":{"ELEMENT":"0.5698734955180493-2"}}"
12-09-2018 12:36:51 LoggingManagedHttpClientConnection.java DEBUG [Forwarding findElement on session 1850fbce5f951b60a82aea7e87031669 to remote] http.headers 122 - http-outgoing-5 << HTTP/1.1 200 OK
12-09-2018 12:36:51 LoggingManagedHttpClientConnection.java DEBUG [Forwarding findElement on session 1850fbce5f951b60a82aea7e87031669 to remote] http.headers 125 - http-outgoing-5 << Content-Length:102
12-09-2018 12:36:51 LoggingManagedHttpClientConnection.java DEBUG [Forwarding findElement on session 1850fbce5f951b60a82aea7e87031669 to remote] http.headers 125 - http-outgoing-5 << Content-Type:application/json; charset=utf-8
12-09-2018 12:36:51 MainClientExec.java DEBUG [Forwarding findElement on session 1850fbce5f951b60a82aea7e87031669 to remote] execchain.MainClientExec 285 - Connection can be kept alive indefinitely
12-09-2018 12:36:51 PoolingHttpClientConnectionManager.java DEBUG [Forwarding findElement on session 1850fbce5f951b60a82aea7e87031669 to remote] conn.PoolingHttpClientConnectionManager 320 - Connection [id: 5][route: {}->http://localhost:19590] can be kept alive indefinitely
12-09-2018 12:36:51 PoolingHttpClientConnectionManager.java DEBUG [Forwarding findElement on session 1850fbce5f951b60a82aea7e87031669 to remote] conn.PoolingHttpClientConnectionManager 326 - Connection released: [id: 5][route: {}->http://localhost:19590][total kept alive: 1; route allocated: 1 of 2000; total allocated: 1 of 2000]
12-09-2018 12:36:51 RequestAddCookies.java DEBUG [Forwarding isElementDisplayed on session 1850fbce5f951b60a82aea7e87031669 to remote] protocol.RequestAddCookies 123 - CookieSpec selected: default
12-09-2018 12:36:51 RequestAuthCache.java DEBUG [Forwarding isElementDisplayed on session 1850fbce5f951b60a82aea7e87031669 to remote] protocol.RequestAuthCache 77 - Auth cache not set in the context
12-09-2018 12:36:51 PoolingHttpClientConnectionManager.java DEBUG [Forwarding isElementDisplayed on session 1850fbce5f951b60a82aea7e87031669 to remote] conn.PoolingHttpClientConnectionManager 255 - Connection request: [route: {}->http://localhost:19590][total kept alive: 1; route allocated: 1 of 2000; total allocated: 1 of 2000]
12-09-2018 12:36:51 PoolingHttpClientConnectionManager.java DEBUG [Forwarding isElementDisplayed on session 1850fbce5f951b60a82aea7e87031669 to remote] conn.PoolingHttpClientConnectionManager 288 - Connection leased: [id: 5][route: {}->http://localhost:19590][total kept alive: 0; route allocated: 1 of 2000; total allocated: 1 of 2000]
12-09-2018 12:36:51 MainClientExec.java DEBUG [Forwarding isElementDisplayed on session 1850fbce5f951b60a82aea7e87031669 to remote] execchain.MainClientExec 208 - Stale connection check
12-09-2018 12:36:51 Wire.java DEBUG [Forwarding isElementDisplayed on session 1850fbce5f951b60a82aea7e87031669 to remote] http.wire 87 - http-outgoing-5 << "[read] I/O error: Read timed out"
12-09-2018 12:36:51 LoggingManagedHttpClientConnection.java DEBUG [Forwarding isElementDisplayed on session 1850fbce5f951b60a82aea7e87031669 to remote] conn.DefaultManagedHttpClientConnection 88 - http-outgoing-5: set socket timeout to 10800000
12-09-2018 12:36:51 MainClientExec.java DEBUG [Forwarding isElementDisplayed on session 1850fbce5f951b60a82aea7e87031669 to remote] execchain.MainClientExec 256 - Executing request GET /session/1850fbce5f951b60a82aea7e87031669/element/0.5698734955180493-2/displayed HTTP/1.1
12-09-2018 12:36:51 MainClientExec.java DEBUG [Forwarding isElementDisplayed on session 1850fbce5f951b60a82aea7e87031669 to remote] execchain.MainClientExec 261 - Target auth state: UNCHALLENGED
12-09-2018 12:36:51 MainClientExec.java DEBUG [Forwarding isElementDisplayed on session 1850fbce5f951b60a82aea7e87031669 to remote] execchain.MainClientExec 267 - Proxy auth state: UNCHALLENGED
12-09-2018 12:36:51 LoggingManagedHttpClientConnection.java DEBUG [Forwarding isElementDisplayed on session 1850fbce5f951b60a82aea7e87031669 to remote] http.headers 133 - http-outgoing-5 >> GET /session/1850fbce5f951b60a82aea7e87031669/element/0.5698734955180493-2/displayed HTTP/1.1
12-09-2018 12:36:51 LoggingManagedHttpClientConnection.java DEBUG [Forwarding isElementDisplayed on session 1850fbce5f951b60a82aea7e87031669 to remote] http.headers 136 - http-outgoing-5 >> Cache-Control: no-cache
12-09-2018 12:36:51 LoggingManagedHttpClientConnection.java DEBUG [Forwarding isElementDisplayed on session 1850fbce5f951b60a82aea7e87031669 to remote] http.headers 136 - http-outgoing-5 >> Host: localhost:19590
12-09-2018 12:36:51 LoggingManagedHttpClientConnection.java DEBUG [Forwarding isElementDisplayed on session 1850fbce5f951b60a82aea7e87031669 to remote] http.headers 136 - http-outgoing-5 >> Connection: Keep-Alive
12-09-2018 12:36:51 LoggingManagedHttpClientConnection.java DEBUG [Forwarding isElementDisplayed on session 1850fbce5f951b60a82aea7e87031669 to remote] http.headers 136 - http-outgoing-5 >> User-Agent: Apache-HttpClient/4.5.3 (Java/1.8.0_181)
12-09-2018 12:36:51 LoggingManagedHttpClientConnection.java DEBUG [Forwarding isElementDisplayed on session 1850fbce5f951b60a82aea7e87031669 to remote] http.headers 136 - http-outgoing-5 >> Accept-Encoding: gzip,deflate
12-09-2018 12:36:51 Wire.java DEBUG [Forwarding isElementDisplayed on session 1850fbce5f951b60a82aea7e87031669 to remote] http.wire 73 - http-outgoing-5 >> "GET /session/1850fbce5f951b60a82aea7e87031669/element/0.5698734955180493-2/displayed HTTP/1.1[\r][\n]"
12-09-2018 12:36:51 Wire.java DEBUG [Forwarding isElementDisplayed on session 1850fbce5f951b60a82aea7e87031669 to remote] http.wire 73 - http-outgoing-5 >> "Cache-Control: no-cache[\r][\n]"
12-09-2018 12:36:51 Wire.java DEBUG [Forwarding isElementDisplayed on session 1850fbce5f951b60a82aea7e87031669 to remote] http.wire 73 - http-outgoing-5 >> "Host: localhost:19590[\r][\n]"
12-09-2018 12:36:51 Wire.java DEBUG [Forwarding isElementDisplayed on session 1850fbce5f951b60a82aea7e87031669 to remote] http.wire 73 - http-outgoing-5 >> "Connection: Keep-Alive[\r][\n]"
12-09-2018 12:36:51 Wire.java DEBUG [Forwarding isElementDisplayed on session 1850fbce5f951b60a82aea7e87031669 to remote] http.wire 73 - http-outgoing-5 >> "User-Agent: Apache-HttpClient/4.5.3 (Java/1.8.0_181)[\r][\n]"
12-09-2018 12:36:51 Wire.java DEBUG [Forwarding isElementDisplayed on session 1850fbce5f951b60a82aea7e87031669 to remote] http.wire 73 - http-outgoing-5 >> "Accept-Encoding: gzip,deflate[\r][\n]"
12-09-2018 12:36:51 Wire.java DEBUG [Forwarding isElementDisplayed on session 1850fbce5f951b60a82aea7e87031669 to remote] http.wire 73 - http-outgoing-5 >> "[\r][\n]"
12-09-2018 12:36:51 Wire.java DEBUG [Forwarding isElementDisplayed on session 1850fbce5f951b60a82aea7e87031669 to remote] http.wire 73 - http-outgoing-5 << "HTTP/1.1 200 OK[\r][\n]"
12-09-2018 12:36:51 Wire.java DEBUG [Forwarding isElementDisplayed on session 1850fbce5f951b60a82aea7e87031669 to remote] http.wire 73 - http-outgoing-5 << "Content-Length:72[\r][\n]"
12-09-2018 12:36:51 Wire.java DEBUG [Forwarding isElementDisplayed on session 1850fbce5f951b60a82aea7e87031669 to remote] http.wire 73 - http-outgoing-5 << "Content-Type:application/json; charset=utf-8[\r][\n]"
12-09-2018 12:36:51 Wire.java DEBUG [Forwarding isElementDisplayed on session 1850fbce5f951b60a82aea7e87031669 to remote] http.wire 73 - http-outgoing-5 << "[\r][\n]"
12-09-2018 12:36:51 Wire.java DEBUG [Forwarding isElementDisplayed on session 1850fbce5f951b60a82aea7e87031669 to remote] http.wire 87 - http-outgoing-5 << "{"sessionId":"1850fbce5f951b60a82aea7e87031669","status":0,"value":true}"
12-09-2018 12:36:51 LoggingManagedHttpClientConnection.java DEBUG [Forwarding isElementDisplayed on session 1850fbce5f951b60a82aea7e87031669 to remote] http.headers 122 - http-outgoing-5 << HTTP/1.1 200 OK
12-09-2018 12:36:51 LoggingManagedHttpClientConnection.java DEBUG [Forwarding isElementDisplayed on session 1850fbce5f951b60a82aea7e87031669 to remote] http.headers 125 - http-outgoing-5 << Content-Length:72
12-09-2018 12:36:51 LoggingManagedHttpClientConnection.java DEBUG [Forwarding isElementDisplayed on session 1850fbce5f951b60a82aea7e87031669 to remote] http.headers 125 - http-outgoing-5 << Content-Type:application/json; charset=utf-8
12-09-2018 12:36:51 MainClientExec.java DEBUG [Forwarding isElementDisplayed on session 1850fbce5f951b60a82aea7e87031669 to remote] execchain.MainClientExec 285 - Connection can be kept alive indefinitely
12-09-2018 12:36:51 PoolingHttpClientConnectionManager.java DEBUG [Forwarding isElementDisplayed on session 1850fbce5f951b60a82aea7e87031669 to remote] conn.PoolingHttpClientConnectionManager 320 - Connection [id: 5][route: {}->http://localhost:19590] can be kept alive indefinitely
12-09-2018 12:36:51 PoolingHttpClientConnectionManager.java DEBUG [Forwarding isElementDisplayed on session 1850fbce5f951b60a82aea7e87031669 to remote] conn.PoolingHttpClientConnectionManager 326 - Connection released: [id: 5][route: {}->http://localhost:19590][total kept alive: 1; route allocated: 1 of 2000; total allocated: 1 of 2000]
12-09-2018 12:36:51 RequestAddCookies.java DEBUG [Forwarding findElement on session 1850fbce5f951b60a82aea7e87031669 to remote] protocol.RequestAddCookies 123 - CookieSpec selected: default
12-09-2018 12:36:51 RequestAuthCache.java DEBUG [Forwarding findElement on session 1850fbce5f951b60a82aea7e87031669 to remote] protocol.RequestAuthCache 77 - Auth cache not set in the context
12-09-2018 12:36:51 PoolingHttpClientConnectionManager.java DEBUG [Forwarding findElement on session 1850fbce5f951b60a82aea7e87031669 to remote] conn.PoolingHttpClientConnectionManager 255 - Connection request: [route: {}->http://localhost:19590][total kept alive: 1; route allocated: 1 of 2000; total allocated: 1 of 2000]
12-09-2018 12:36:51 PoolingHttpClientConnectionManager.java DEBUG [Forwarding findElement on session 1850fbce5f951b60a82aea7e87031669 to remote] conn.PoolingHttpClientConnectionManager 288 - Connection leased: [id: 5][route: {}->http://localhost:19590][total kept alive: 0; route allocated: 1 of 2000; total allocated: 1 of 2000]
12-09-2018 12:36:51 MainClientExec.java DEBUG [Forwarding findElement on session 1850fbce5f951b60a82aea7e87031669 to remote] execchain.MainClientExec 208 - Stale connection check
12-09-2018 12:36:51 Wire.java DEBUG [Forwarding findElement on session 1850fbce5f951b60a82aea7e87031669 to remote] http.wire 87 - http-outgoing-5 << "[read] I/O error: Read timed out"
12-09-2018 12:36:51 LoggingManagedHttpClientConnection.java DEBUG [Forwarding findElement on session 1850fbce5f951b60a82aea7e87031669 to remote] conn.DefaultManagedHttpClientConnection 88 - http-outgoing-5: set socket timeout to 10800000
12-09-2018 12:36:51 MainClientExec.java DEBUG [Forwarding findElement on session 1850fbce5f951b60a82aea7e87031669 to remote] execchain.MainClientExec 256 - Executing request POST /session/1850fbce5f951b60a82aea7e87031669/element HTTP/1.1
12-09-2018 12:36:51 MainClientExec.java DEBUG [Forwarding findElement on session 1850fbce5f951b60a82aea7e87031669 to remote] execchain.MainClientExec 261 - Target auth state: UNCHALLENGED
12-09-2018 12:36:51 MainClientExec.java DEBUG [Forwarding findElement on session 1850fbce5f951b60a82aea7e87031669 to remote] execchain.MainClientExec 267 - Proxy auth state: UNCHALLENGED
12-09-2018 12:36:51 LoggingManagedHttpClientConnection.java DEBUG [Forwarding findElement on session 1850fbce5f951b60a82aea7e87031669 to remote] http.headers 133 - http-outgoing-5 >> POST /session/1850fbce5f951b60a82aea7e87031669/element HTTP/1.1
12-09-2018 12:36:51 LoggingManagedHttpClientConnection.java DEBUG [Forwarding findElement on session 1850fbce5f951b60a82aea7e87031669 to remote] http.headers 136 - http-outgoing-5 >> Content-Type: application/json; charset=utf-8
12-09-2018 12:36:51 LoggingManagedHttpClientConnection.java DEBUG [Forwarding findElement on session 1850fbce5f951b60a82aea7e87031669 to remote] http.headers 136 - http-outgoing-5 >> Content-Length: 58
12-09-2018 12:36:51 LoggingManagedHttpClientConnection.java DEBUG [Forwarding findElement on session 1850fbce5f951b60a82aea7e87031669 to remote] http.headers 136 - http-outgoing-5 >> Host: localhost:19590
12-09-2018 12:36:51 LoggingManagedHttpClientConnection.java DEBUG [Forwarding findElement on session 1850fbce5f951b60a82aea7e87031669 to remote] http.headers 136 - http-outgoing-5 >> Connection: Keep-Alive
12-09-2018 12:36:51 LoggingManagedHttpClientConnection.java DEBUG [Forwarding findElement on session 1850fbce5f951b60a82aea7e87031669 to remote] http.headers 136 - http-outgoing-5 >> User-Agent: Apache-HttpClient/4.5.3 (Java/1.8.0_181)
12-09-2018 12:36:51 LoggingManagedHttpClientConnection.java DEBUG [Forwarding findElement on session 1850fbce5f951b60a82aea7e87031669 to remote] http.headers 136 - http-outgoing-5 >> Accept-Encoding: gzip,deflate
12-09-2018 12:36:51 Wire.java DEBUG [Forwarding findElement on session 1850fbce5f951b60a82aea7e87031669 to remote] http.wire 73 - http-outgoing-5 >> "POST /session/1850fbce5f951b60a82aea7e87031669/element HTTP/1.1[\r][\n]"
12-09-2018 12:36:51 Wire.java DEBUG [Forwarding findElement on session 1850fbce5f951b60a82aea7e87031669 to remote] http.wire 73 - http-outgoing-5 >> "Content-Type: application/json; charset=utf-8[\r][\n]"
12-09-2018 12:36:51 Wire.java DEBUG [Forwarding findElement on session 1850fbce5f951b60a82aea7e87031669 to remote] http.wire 73 - http-outgoing-5 >> "Content-Length: 58[\r][\n]"
12-09-2018 12:36:51 Wire.java DEBUG [Forwarding findElement on session 1850fbce5f951b60a82aea7e87031669 to remote] http.wire 73 - http-outgoing-5 >> "Host: localhost:19590[\r][\n]"
12-09-2018 12:36:51 Wire.java DEBUG [Forwarding findElement on session 1850fbce5f951b60a82aea7e87031669 to remote] http.wire 73 - http-outgoing-5 >> "Connection: Keep-Alive[\r][\n]"
12-09-2018 12:36:51 Wire.java DEBUG [Forwarding findElement on session 1850fbce5f951b60a82aea7e87031669 to remote] http.wire 73 - http-outgoing-5 >> "User-Agent: Apache-HttpClient/4.5.3 (Java/1.8.0_181)[\r][\n]"
12-09-2018 12:36:51 Wire.java DEBUG [Forwarding findElement on session 1850fbce5f951b60a82aea7e87031669 to remote] http.wire 73 - http-outgoing-5 >> "Accept-Encoding: gzip,deflate[\r][\n]"
12-09-2018 12:36:51 Wire.java DEBUG [Forwarding findElement on session 1850fbce5f951b60a82aea7e87031669 to remote] http.wire 73 - http-outgoing-5 >> "[\r][\n]"
12-09-2018 12:36:51 Wire.java DEBUG [Forwarding findElement on session 1850fbce5f951b60a82aea7e87031669 to remote] http.wire 87 - http-outgoing-5 >> "{"using":"xpath","value":"//span[@class='RveJvd snByac']"}"
12-09-2018 12:36:51 Wire.java DEBUG [Forwarding findElement on session 1850fbce5f951b60a82aea7e87031669 to remote] http.wire 73 - http-outgoing-5 << "HTTP/1.1 200 OK[\r][\n]"
12-09-2018 12:36:51 Wire.java DEBUG [Forwarding findElement on session 1850fbce5f951b60a82aea7e87031669 to remote] http.wire 73 - http-outgoing-5 << "Content-Length:102[\r][\n]"
12-09-2018 12:36:51 Wire.java DEBUG [Forwarding findElement on session 1850fbce5f951b60a82aea7e87031669 to remote] http.wire 73 - http-outgoing-5 << "Content-Type:application/json; charset=utf-8[\r][\n]"
12-09-2018 12:36:51 Wire.java DEBUG [Forwarding findElement on session 1850fbce5f951b60a82aea7e87031669 to remote] http.wire 73 - http-outgoing-5 << "[\r][\n]"
12-09-2018 12:36:51 Wire.java DEBUG [Forwarding findElement on session 1850fbce5f951b60a82aea7e87031669 to remote] http.wire 87 - http-outgoing-5 << "{"sessionId":"1850fbce5f951b60a82aea7e87031669","status":0,"value":{"ELEMENT":"0.5698734955180493-2"}}"
12-09-2018 12:36:51 LoggingManagedHttpClientConnection.java DEBUG [Forwarding findElement on session 1850fbce5f951b60a82aea7e87031669 to remote] http.headers 122 - http-outgoing-5 << HTTP/1.1 200 OK
12-09-2018 12:36:51 LoggingManagedHttpClientConnection.java DEBUG [Forwarding findElement on session 1850fbce5f951b60a82aea7e87031669 to remote] http.headers 125 - http-outgoing-5 << Content-Length:102
12-09-2018 12:36:51 LoggingManagedHttpClientConnection.java DEBUG [Forwarding findElement on session 1850fbce5f951b60a82aea7e87031669 to remote] http.headers 125 - http-outgoing-5 << Content-Type:application/json; charset=utf-8
12-09-2018 12:36:51 MainClientExec.java DEBUG [Forwarding findElement on session 1850fbce5f951b60a82aea7e87031669 to remote] execchain.MainClientExec 285 - Connection can be kept alive indefinitely
12-09-2018 12:36:51 PoolingHttpClientConnectionManager.java DEBUG [Forwarding findElement on session 1850fbce5f951b60a82aea7e87031669 to remote] conn.PoolingHttpClientConnectionManager 320 - Connection [id: 5][route: {}->http://localhost:19590] can be kept alive indefinitely
12-09-2018 12:36:51 PoolingHttpClientConnectionManager.java DEBUG [Forwarding findElement on session 1850fbce5f951b60a82aea7e87031669 to remote] conn.PoolingHttpClientConnectionManager 326 - Connection released: [id: 5][route: {}->http://localhost:19590][total kept alive: 1; route allocated: 1 of 2000; total allocated: 1 of 2000]
12-09-2018 12:36:51 RequestAddCookies.java DEBUG [Forwarding isElementEnabled on session 1850fbce5f951b60a82aea7e87031669 to remote] protocol.RequestAddCookies 123 - CookieSpec selected: default
12-09-2018 12:36:51 RequestAuthCache.java DEBUG [Forwarding isElementEnabled on session 1850fbce5f951b60a82aea7e87031669 to remote] protocol.RequestAuthCache 77 - Auth cache not set in the context
12-09-2018 12:36:51 PoolingHttpClientConnectionManager.java DEBUG [Forwarding isElementEnabled on session 1850fbce5f951b60a82aea7e87031669 to remote] conn.PoolingHttpClientConnectionManager 255 - Connection request: [route: {}->http://localhost:19590][total kept alive: 1; route allocated: 1 of 2000; total allocated: 1 of 2000]
12-09-2018 12:36:51 PoolingHttpClientConnectionManager.java DEBUG [Forwarding isElementEnabled on session 1850fbce5f951b60a82aea7e87031669 to remote] conn.PoolingHttpClientConnectionManager 288 - Connection leased: [id: 5][route: {}->http://localhost:19590][total kept alive: 0; route allocated: 1 of 2000; total allocated: 1 of 2000]
12-09-2018 12:36:51 MainClientExec.java DEBUG [Forwarding isElementEnabled on session 1850fbce5f951b60a82aea7e87031669 to remote] execchain.MainClientExec 208 - Stale connection check
12-09-2018 12:36:51 Wire.java DEBUG [Forwarding isElementEnabled on session 1850fbce5f951b60a82aea7e87031669 to remote] http.wire 87 - http-outgoing-5 << "[read] I/O error: Read timed out"
12-09-2018 12:36:51 LoggingManagedHttpClientConnection.java DEBUG [Forwarding isElementEnabled on session 1850fbce5f951b60a82aea7e87031669 to remote] conn.DefaultManagedHttpClientConnection 88 - http-outgoing-5: set socket timeout to 10800000
12-09-2018 12:36:51 MainClientExec.java DEBUG [Forwarding isElementEnabled on session 1850fbce5f951b60a82aea7e87031669 to remote] execchain.MainClientExec 256 - Executing request GET /session/1850fbce5f951b60a82aea7e87031669/element/0.5698734955180493-2/enabled HTTP/1.1
12-09-2018 12:36:51 MainClientExec.java DEBUG [Forwarding isElementEnabled on session 1850fbce5f951b60a82aea7e87031669 to remote] execchain.MainClientExec 261 - Target auth state: UNCHALLENGED
12-09-2018 12:36:51 MainClientExec.java DEBUG [Forwarding isElementEnabled on session 1850fbce5f951b60a82aea7e87031669 to remote] execchain.MainClientExec 267 - Proxy auth state: UNCHALLENGED
12-09-2018 12:36:51 LoggingManagedHttpClientConnection.java DEBUG [Forwarding isElementEnabled on session 1850fbce5f951b60a82aea7e87031669 to remote] http.headers 133 - http-outgoing-5 >> GET /session/1850fbce5f951b60a82aea7e87031669/element/0.5698734955180493-2/enabled HTTP/1.1
12-09-2018 12:36:51 LoggingManagedHttpClientConnection.java DEBUG [Forwarding isElementEnabled on session 1850fbce5f951b60a82aea7e87031669 to remote] http.headers 136 - http-outgoing-5 >> Cache-Control: no-cache
12-09-2018 12:36:51 LoggingManagedHttpClientConnection.java DEBUG [Forwarding isElementEnabled on session 1850fbce5f951b60a82aea7e87031669 to remote] http.headers 136 - http-outgoing-5 >> Host: localhost:19590
12-09-2018 12:36:51 LoggingManagedHttpClientConnection.java DEBUG [Forwarding isElementEnabled on session 1850fbce5f951b60a82aea7e87031669 to remote] http.headers 136 - http-outgoing-5 >> Connection: Keep-Alive
12-09-2018 12:36:51 LoggingManagedHttpClientConnection.java DEBUG [Forwarding isElementEnabled on session 1850fbce5f951b60a82aea7e87031669 to remote] http.headers 136 - http-outgoing-5 >> User-Agent: Apache-HttpClient/4.5.3 (Java/1.8.0_181)
12-09-2018 12:36:51 LoggingManagedHttpClientConnection.java DEBUG [Forwarding isElementEnabled on session 1850fbce5f951b60a82aea7e87031669 to remote] http.headers 136 - http-outgoing-5 >> Accept-Encoding: gzip,deflate
12-09-2018 12:36:51 Wire.java DEBUG [Forwarding isElementEnabled on session 1850fbce5f951b60a82aea7e87031669 to remote] http.wire 73 - http-outgoing-5 >> "GET /session/1850fbce5f951b60a82aea7e87031669/element/0.5698734955180493-2/enabled HTTP/1.1[\r][\n]"
12-09-2018 12:36:51 Wire.java DEBUG [Forwarding isElementEnabled on session 1850fbce5f951b60a82aea7e87031669 to remote] http.wire 73 - http-outgoing-5 >> "Cache-Control: no-cache[\r][\n]"
12-09-2018 12:36:51 Wire.java DEBUG [Forwarding isElementEnabled on session 1850fbce5f951b60a82aea7e87031669 to remote] http.wire 73 - http-outgoing-5 >> "Host: localhost:19590[\r][\n]"
12-09-2018 12:36:51 Wire.java DEBUG [Forwarding isElementEnabled on session 1850fbce5f951b60a82aea7e87031669 to remote] http.wire 73 - http-outgoing-5 >> "Connection: Keep-Alive[\r][\n]"
12-09-2018 12:36:51 Wire.java DEBUG [Forwarding isElementEnabled on session 1850fbce5f951b60a82aea7e87031669 to remote] http.wire 73 - http-outgoing-5 >> "User-Agent: Apache-HttpClient/4.5.3 (Java/1.8.0_181)[\r][\n]"
12-09-2018 12:36:51 Wire.java DEBUG [Forwarding isElementEnabled on session 1850fbce5f951b60a82aea7e87031669 to remote] http.wire 73 - http-outgoing-5 >> "Accept-Encoding: gzip,deflate[\r][\n]"
12-09-2018 12:36:51 Wire.java DEBUG [Forwarding isElementEnabled on session 1850fbce5f951b60a82aea7e87031669 to remote] http.wire 73 - http-outgoing-5 >> "[\r][\n]"
12-09-2018 12:36:51 Wire.java DEBUG [Forwarding isElementEnabled on session 1850fbce5f951b60a82aea7e87031669 to remote] http.wire 73 - http-outgoing-5 << "HTTP/1.1 200 OK[\r][\n]"
12-09-2018 12:36:51 Wire.java DEBUG [Forwarding isElementEnabled on session 1850fbce5f951b60a82aea7e87031669 to remote] http.wire 73 - http-outgoing-5 << "Content-Length:72[\r][\n]"
12-09-2018 12:36:51 Wire.java DEBUG [Forwarding isElementEnabled on session 1850fbce5f951b60a82aea7e87031669 to remote] http.wire 73 - http-outgoing-5 << "Content-Type:application/json; charset=utf-8[\r][\n]"
12-09-2018 12:36:51 Wire.java DEBUG [Forwarding isElementEnabled on session 1850fbce5f951b60a82aea7e87031669 to remote] http.wire 73 - http-outgoing-5 << "[\r][\n]"
12-09-2018 12:36:51 Wire.java DEBUG [Forwarding isElementEnabled on session 1850fbce5f951b60a82aea7e87031669 to remote] http.wire 87 - http-outgoing-5 << "{"sessionId":"1850fbce5f951b60a82aea7e87031669","status":0,"value":true}"
12-09-2018 12:36:51 LoggingManagedHttpClientConnection.java DEBUG [Forwarding isElementEnabled on session 1850fbce5f951b60a82aea7e87031669 to remote] http.headers 122 - http-outgoing-5 << HTTP/1.1 200 OK
12-09-2018 12:36:51 LoggingManagedHttpClientConnection.java DEBUG [Forwarding isElementEnabled on session 1850fbce5f951b60a82aea7e87031669 to remote] http.headers 125 - http-outgoing-5 << Content-Length:72
12-09-2018 12:36:51 LoggingManagedHttpClientConnection.java DEBUG [Forwarding isElementEnabled on session 1850fbce5f951b60a82aea7e87031669 to remote] http.headers 125 - http-outgoing-5 << Content-Type:application/json; charset=utf-8
12-09-2018 12:36:51 MainClientExec.java DEBUG [Forwarding isElementEnabled on session 1850fbce5f951b60a82aea7e87031669 to remote] execchain.MainClientExec 285 - Connection can be kept alive indefinitely
12-09-2018 12:36:51 PoolingHttpClientConnectionManager.java DEBUG [Forwarding isElementEnabled on session 1850fbce5f951b60a82aea7e87031669 to remote] conn.PoolingHttpClientConnectionManager 320 - Connection [id: 5][route: {}->http://localhost:19590] can be kept alive indefinitely
12-09-2018 12:36:51 PoolingHttpClientConnectionManager.java DEBUG [Forwarding isElementEnabled on session 1850fbce5f951b60a82aea7e87031669 to remote] conn.PoolingHttpClientConnectionManager 326 - Connection released: [id: 5][route: {}->http://localhost:19590][total kept alive: 1; route allocated: 1 of 2000; total allocated: 1 of 2000]
12-09-2018 12:36:51 RequestAddCookies.java DEBUG [Forwarding findElement on session 1850fbce5f951b60a82aea7e87031669 to remote] protocol.RequestAddCookies 123 - CookieSpec selected: default
12-09-2018 12:36:51 RequestAuthCache.java DEBUG [Forwarding findElement on session 1850fbce5f951b60a82aea7e87031669 to remote] protocol.RequestAuthCache 77 - Auth cache not set in the context
12-09-2018 12:36:51 PoolingHttpClientConnectionManager.java DEBUG [Forwarding findElement on session 1850fbce5f951b60a82aea7e87031669 to remote] conn.PoolingHttpClientConnectionManager 255 - Connection request: [route: {}->http://localhost:19590][total kept alive: 1; route allocated: 1 of 2000; total allocated: 1 of 2000]
12-09-2018 12:36:51 PoolingHttpClientConnectionManager.java DEBUG [Forwarding findElement on session 1850fbce5f951b60a82aea7e87031669 to remote] conn.PoolingHttpClientConnectionManager 288 - Connection leased: [id: 5][route: {}->http://localhost:19590][total kept alive: 0; route allocated: 1 of 2000; total allocated: 1 of 2000]
12-09-2018 12:36:51 MainClientExec.java DEBUG [Forwarding findElement on session 1850fbce5f951b60a82aea7e87031669 to remote] execchain.MainClientExec 208 - Stale connection check
12-09-2018 12:36:51 Wire.java DEBUG [Forwarding findElement on session 1850fbce5f951b60a82aea7e87031669 to remote] http.wire 87 - http-outgoing-5 << "[read] I/O error: Read timed out"
12-09-2018 12:36:51 LoggingManagedHttpClientConnection.java DEBUG [Forwarding findElement on session 1850fbce5f951b60a82aea7e87031669 to remote] conn.DefaultManagedHttpClientConnection 88 - http-outgoing-5: set socket timeout to 10800000
12-09-2018 12:36:51 MainClientExec.java DEBUG [Forwarding findElement on session 1850fbce5f951b60a82aea7e87031669 to remote] execchain.MainClientExec 256 - Executing request POST /session/1850fbce5f951b60a82aea7e87031669/element HTTP/1.1
12-09-2018 12:36:51 MainClientExec.java DEBUG [Forwarding findElement on session 1850fbce5f951b60a82aea7e87031669 to remote] execchain.MainClientExec 261 - Target auth state: UNCHALLENGED
12-09-2018 12:36:51 MainClientExec.java DEBUG [Forwarding findElement on session 1850fbce5f951b60a82aea7e87031669 to remote] execchain.MainClientExec 267 - Proxy auth state: UNCHALLENGED
12-09-2018 12:36:51 LoggingManagedHttpClientConnection.java DEBUG [Forwarding findElement on session 1850fbce5f951b60a82aea7e87031669 to remote] http.headers 133 - http-outgoing-5 >> POST /session/1850fbce5f951b60a82aea7e87031669/element HTTP/1.1
12-09-2018 12:36:51 LoggingManagedHttpClientConnection.java DEBUG [Forwarding findElement on session 1850fbce5f951b60a82aea7e87031669 to remote] http.headers 136 - http-outgoing-5 >> Content-Type: application/json; charset=utf-8
12-09-2018 12:36:51 LoggingManagedHttpClientConnection.java DEBUG [Forwarding findElement on session 1850fbce5f951b60a82aea7e87031669 to remote] http.headers 136 - http-outgoing-5 >> Content-Length: 50
12-09-2018 12:36:51 LoggingManagedHttpClientConnection.java DEBUG [Forwarding findElement on session 1850fbce5f951b60a82aea7e87031669 to remote] http.headers 136 - http-outgoing-5 >> Host: localhost:19590
12-09-2018 12:36:51 LoggingManagedHttpClientConnection.java DEBUG [Forwarding findElement on session 1850fbce5f951b60a82aea7e87031669 to remote] http.headers 136 - http-outgoing-5 >> Connection: Keep-Alive
12-09-2018 12:36:51 LoggingManagedHttpClientConnection.java DEBUG [Forwarding findElement on session 1850fbce5f951b60a82aea7e87031669 to remote] http.headers 136 - http-outgoing-5 >> User-Agent: Apache-HttpClient/4.5.3 (Java/1.8.0_181)
12-09-2018 12:36:51 LoggingManagedHttpClientConnection.java DEBUG [Forwarding findElement on session 1850fbce5f951b60a82aea7e87031669 to remote] http.headers 136 - http-outgoing-5 >> Accept-Encoding: gzip,deflate
12-09-2018 12:36:51 Wire.java DEBUG [Forwarding findElement on session 1850fbce5f951b60a82aea7e87031669 to remote] http.wire 73 - http-outgoing-5 >> "POST /session/1850fbce5f951b60a82aea7e87031669/element HTTP/1.1[\r][\n]"
12-09-2018 12:36:51 Wire.java DEBUG [Forwarding findElement on session 1850fbce5f951b60a82aea7e87031669 to remote] http.wire 73 - http-outgoing-5 >> "Content-Type: application/json; charset=utf-8[\r][\n]"
12-09-2018 12:36:51 Wire.java DEBUG [Forwarding findElement on session 1850fbce5f951b60a82aea7e87031669 to remote] http.wire 73 - http-outgoing-5 >> "Content-Length: 50[\r][\n]"
12-09-2018 12:36:51 Wire.java DEBUG [Forwarding findElement on session 1850fbce5f951b60a82aea7e87031669 to remote] http.wire 73 - http-outgoing-5 >> "Host: localhost:19590[\r][\n]"
12-09-2018 12:36:51 Wire.java DEBUG [Forwarding findElement on session 1850fbce5f951b60a82aea7e87031669 to remote] http.wire 73 - http-outgoing-5 >> "Connection: Keep-Alive[\r][\n]"
12-09-2018 12:36:51 Wire.java DEBUG [Forwarding findElement on session 1850fbce5f951b60a82aea7e87031669 to remote] http.wire 73 - http-outgoing-5 >> "User-Agent: Apache-HttpClient/4.5.3 (Java/1.8.0_181)[\r][\n]"
12-09-2018 12:36:51 Wire.java DEBUG [Forwarding findElement on session 1850fbce5f951b60a82aea7e87031669 to remote] http.wire 73 - http-outgoing-5 >> "Accept-Encoding: gzip,deflate[\r][\n]"
12-09-2018 12:36:51 Wire.java DEBUG [Forwarding findElement on session 1850fbce5f951b60a82aea7e87031669 to remote] http.wire 73 - http-outgoing-5 >> "[\r][\n]"
12-09-2018 12:36:51 Wire.java DEBUG [Forwarding findElement on session 1850fbce5f951b60a82aea7e87031669 to remote] http.wire 87 - http-outgoing-5 >> "{"using":"xpath","value":"//input[@type='email']"}"
12-09-2018 12:36:51 Wire.java DEBUG [Forwarding findElement on session 1850fbce5f951b60a82aea7e87031669 to remote] http.wire 73 - http-outgoing-5 << "HTTP/1.1 200 OK[\r][\n]"
12-09-2018 12:36:51 Wire.java DEBUG [Forwarding findElement on session 1850fbce5f951b60a82aea7e87031669 to remote] http.wire 73 - http-outgoing-5 << "Content-Length:102[\r][\n]"
12-09-2018 12:36:51 Wire.java DEBUG [Forwarding findElement on session 1850fbce5f951b60a82aea7e87031669 to remote] http.wire 73 - http-outgoing-5 << "Content-Type:application/json; charset=utf-8[\r][\n]"
12-09-2018 12:36:51 Wire.java DEBUG [Forwarding findElement on session 1850fbce5f951b60a82aea7e87031669 to remote] http.wire 73 - http-outgoing-5 << "[\r][\n]"
12-09-2018 12:36:51 Wire.java DEBUG [Forwarding findElement on session 1850fbce5f951b60a82aea7e87031669 to remote] http.wire 87 - http-outgoing-5 << "{"sessionId":"1850fbce5f951b60a82aea7e87031669","status":0,"value":{"ELEMENT":"0.5698734955180493-1"}}"
12-09-2018 12:36:51 LoggingManagedHttpClientConnection.java DEBUG [Forwarding findElement on session 1850fbce5f951b60a82aea7e87031669 to remote] http.headers 122 - http-outgoing-5 << HTTP/1.1 200 OK
12-09-2018 12:36:51 LoggingManagedHttpClientConnection.java DEBUG [Forwarding findElement on session 1850fbce5f951b60a82aea7e87031669 to remote] http.headers 125 - http-outgoing-5 << Content-Length:102
12-09-2018 12:36:51 LoggingManagedHttpClientConnection.java DEBUG [Forwarding findElement on session 1850fbce5f951b60a82aea7e87031669 to remote] http.headers 125 - http-outgoing-5 << Content-Type:application/json; charset=utf-8
12-09-2018 12:36:51 MainClientExec.java DEBUG [Forwarding findElement on session 1850fbce5f951b60a82aea7e87031669 to remote] execchain.MainClientExec 285 - Connection can be kept alive indefinitely
12-09-2018 12:36:51 PoolingHttpClientConnectionManager.java DEBUG [Forwarding findElement on session 1850fbce5f951b60a82aea7e87031669 to remote] conn.PoolingHttpClientConnectionManager 320 - Connection [id: 5][route: {}->http://localhost:19590] can be kept alive indefinitely
12-09-2018 12:36:51 PoolingHttpClientConnectionManager.java DEBUG [Forwarding findElement on session 1850fbce5f951b60a82aea7e87031669 to remote] conn.PoolingHttpClientConnectionManager 326 - Connection released: [id: 5][route: {}->http://localhost:19590][total kept alive: 1; route allocated: 1 of 2000; total allocated: 1 of 2000]
12-09-2018 12:36:51 RequestAddCookies.java DEBUG [Forwarding sendKeysToElement on session 1850fbce5f951b60a82aea7e87031669 to remote] protocol.RequestAddCookies 123 - CookieSpec selected: default
12-09-2018 12:36:51 RequestAuthCache.java DEBUG [Forwarding sendKeysToElement on session 1850fbce5f951b60a82aea7e87031669 to remote] protocol.RequestAuthCache 77 - Auth cache not set in the context
12-09-2018 12:36:51 PoolingHttpClientConnectionManager.java DEBUG [Forwarding sendKeysToElement on session 1850fbce5f951b60a82aea7e87031669 to remote] conn.PoolingHttpClientConnectionManager 255 - Connection request: [route: {}->http://localhost:19590][total kept alive: 1; route allocated: 1 of 2000; total allocated: 1 of 2000]
12-09-2018 12:36:51 PoolingHttpClientConnectionManager.java DEBUG [Forwarding sendKeysToElement on session 1850fbce5f951b60a82aea7e87031669 to remote] conn.PoolingHttpClientConnectionManager 288 - Connection leased: [id: 5][route: {}->http://localhost:19590][total kept alive: 0; route allocated: 1 of 2000; total allocated: 1 of 2000]
12-09-2018 12:36:51 MainClientExec.java DEBUG [Forwarding sendKeysToElement on session 1850fbce5f951b60a82aea7e87031669 to remote] execchain.MainClientExec 208 - Stale connection check
12-09-2018 12:36:51 Wire.java DEBUG [Forwarding sendKeysToElement on session 1850fbce5f951b60a82aea7e87031669 to remote] http.wire 87 - http-outgoing-5 << "[read] I/O error: Read timed out"
12-09-2018 12:36:51 LoggingManagedHttpClientConnection.java DEBUG [Forwarding sendKeysToElement on session 1850fbce5f951b60a82aea7e87031669 to remote] conn.DefaultManagedHttpClientConnection 88 - http-outgoing-5: set socket timeout to 10800000
12-09-2018 12:36:51 MainClientExec.java DEBUG [Forwarding sendKeysToElement on session 1850fbce5f951b60a82aea7e87031669 to remote] execchain.MainClientExec 256 - Executing request POST /session/1850fbce5f951b60a82aea7e87031669/element/0.5698734955180493-1/value HTTP/1.1
12-09-2018 12:36:51 MainClientExec.java DEBUG [Forwarding sendKeysToElement on session 1850fbce5f951b60a82aea7e87031669 to remote] execchain.MainClientExec 261 - Target auth state: UNCHALLENGED
12-09-2018 12:36:51 MainClientExec.java DEBUG [Forwarding sendKeysToElement on session 1850fbce5f951b60a82aea7e87031669 to remote] execchain.MainClientExec 267 - Proxy auth state: UNCHALLENGED
12-09-2018 12:36:51 LoggingManagedHttpClientConnection.java DEBUG [Forwarding sendKeysToElement on session 1850fbce5f951b60a82aea7e87031669 to remote] http.headers 133 - http-outgoing-5 >> POST /session/1850fbce5f951b60a82aea7e87031669/element/0.5698734955180493-1/value HTTP/1.1
12-09-2018 12:36:51 LoggingManagedHttpClientConnection.java DEBUG [Forwarding sendKeysToElement on session 1850fbce5f951b60a82aea7e87031669 to remote] http.headers 136 - http-outgoing-5 >> Content-Type: application/json; charset=utf-8
12-09-2018 12:36:51 LoggingManagedHttpClientConnection.java DEBUG [Forwarding sendKeysToElement on session 1850fbce5f951b60a82aea7e87031669 to remote] http.headers 136 - http-outgoing-5 >> Content-Length: 67
12-09-2018 12:36:51 LoggingManagedHttpClientConnection.java DEBUG [Forwarding sendKeysToElement on session 1850fbce5f951b60a82aea7e87031669 to remote] http.headers 136 - http-outgoing-5 >> Host: localhost:19590
12-09-2018 12:36:51 LoggingManagedHttpClientConnection.java DEBUG [Forwarding sendKeysToElement on session 1850fbce5f951b60a82aea7e87031669 to remote] http.headers 136 - http-outgoing-5 >> Connection: Keep-Alive
12-09-2018 12:36:51 LoggingManagedHttpClientConnection.java DEBUG [Forwarding sendKeysToElement on session 1850fbce5f951b60a82aea7e87031669 to remote] http.headers 136 - http-outgoing-5 >> User-Agent: Apache-HttpClient/4.5.3 (Java/1.8.0_181)
12-09-2018 12:36:51 LoggingManagedHttpClientConnection.java DEBUG [Forwarding sendKeysToElement on session 1850fbce5f951b60a82aea7e87031669 to remote] http.headers 136 - http-outgoing-5 >> Accept-Encoding: gzip,deflate
12-09-2018 12:36:51 Wire.java DEBUG [Forwarding sendKeysToElement on session 1850fbce5f951b60a82aea7e87031669 to remote] http.wire 73 - http-outgoing-5 >> "POST /session/1850fbce5f951b60a82aea7e87031669/element/0.5698734955180493-1/value HTTP/1.1[\r][\n]"
12-09-2018 12:36:51 Wire.java DEBUG [Forwarding sendKeysToElement on session 1850fbce5f951b60a82aea7e87031669 to remote] http.wire 73 - http-outgoing-5 >> "Content-Type: application/json; charset=utf-8[\r][\n]"
12-09-2018 12:36:51 Wire.java DEBUG [Forwarding sendKeysToElement on session 1850fbce5f951b60a82aea7e87031669 to remote] http.wire 73 - http-outgoing-5 >> "Content-Length: 67[\r][\n]"
12-09-2018 12:36:51 Wire.java DEBUG [Forwarding sendKeysToElement on session 1850fbce5f951b60a82aea7e87031669 to remote] http.wire 73 - http-outgoing-5 >> "Host: localhost:19590[\r][\n]"
12-09-2018 12:36:51 Wire.java DEBUG [Forwarding sendKeysToElement on session 1850fbce5f951b60a82aea7e87031669 to remote] http.wire 73 - http-outgoing-5 >> "Connection: Keep-Alive[\r][\n]"
12-09-2018 12:36:51 Wire.java DEBUG [Forwarding sendKeysToElement on session 1850fbce5f951b60a82aea7e87031669 to remote] http.wire 73 - http-outgoing-5 >> "User-Agent: Apache-HttpClient/4.5.3 (Java/1.8.0_181)[\r][\n]"
12-09-2018 12:36:51 Wire.java DEBUG [Forwarding sendKeysToElement on session 1850fbce5f951b60a82aea7e87031669 to remote] http.wire 73 - http-outgoing-5 >> "Accept-Encoding: gzip,deflate[\r][\n]"
12-09-2018 12:36:51 Wire.java DEBUG [Forwarding sendKeysToElement on session 1850fbce5f951b60a82aea7e87031669 to remote] http.wire 73 - http-outgoing-5 >> "[\r][\n]"
12-09-2018 12:36:51 Wire.java DEBUG [Forwarding sendKeysToElement on session 1850fbce5f951b60a82aea7e87031669 to remote] http.wire 87 - http-outgoing-5 >> "{"id":"0.5698734955180493-1","value":["automationmail6@gmail.com"]}"
12-09-2018 12:36:52 Wire.java DEBUG [Forwarding sendKeysToElement on session 1850fbce5f951b60a82aea7e87031669 to remote] http.wire 73 - http-outgoing-5 << "HTTP/1.1 200 OK[\r][\n]"
12-09-2018 12:36:52 Wire.java DEBUG [Forwarding sendKeysToElement on session 1850fbce5f951b60a82aea7e87031669 to remote] http.wire 73 - http-outgoing-5 << "Content-Length:72[\r][\n]"
12-09-2018 12:36:52 Wire.java DEBUG [Forwarding sendKeysToElement on session 1850fbce5f951b60a82aea7e87031669 to remote] http.wire 73 - http-outgoing-5 << "Content-Type:application/json; charset=utf-8[\r][\n]"
12-09-2018 12:36:52 Wire.java DEBUG [Forwarding sendKeysToElement on session 1850fbce5f951b60a82aea7e87031669 to remote] http.wire 73 - http-outgoing-5 << "[\r][\n]"
12-09-2018 12:36:52 Wire.java DEBUG [Forwarding sendKeysToElement on session 1850fbce5f951b60a82aea7e87031669 to remote] http.wire 87 - http-outgoing-5 << "{"sessionId":"1850fbce5f951b60a82aea7e87031669","status":0,"value":null}"
12-09-2018 12:36:52 LoggingManagedHttpClientConnection.java DEBUG [Forwarding sendKeysToElement on session 1850fbce5f951b60a82aea7e87031669 to remote] http.headers 122 - http-outgoing-5 << HTTP/1.1 200 OK
12-09-2018 12:36:52 LoggingManagedHttpClientConnection.java DEBUG [Forwarding sendKeysToElement on session 1850fbce5f951b60a82aea7e87031669 to remote] http.headers 125 - http-outgoing-5 << Content-Length:72
12-09-2018 12:36:52 LoggingManagedHttpClientConnection.java DEBUG [Forwarding sendKeysToElement on session 1850fbce5f951b60a82aea7e87031669 to remote] http.headers 125 - http-outgoing-5 << Content-Type:application/json; charset=utf-8
12-09-2018 12:36:52 MainClientExec.java DEBUG [Forwarding sendKeysToElement on session 1850fbce5f951b60a82aea7e87031669 to remote] execchain.MainClientExec 285 - Connection can be kept alive indefinitely
12-09-2018 12:36:52 PoolingHttpClientConnectionManager.java DEBUG [Forwarding sendKeysToElement on session 1850fbce5f951b60a82aea7e87031669 to remote] conn.PoolingHttpClientConnectionManager 320 - Connection [id: 5][route: {}->http://localhost:19590] can be kept alive indefinitely
12-09-2018 12:36:52 PoolingHttpClientConnectionManager.java DEBUG [Forwarding sendKeysToElement on session 1850fbce5f951b60a82aea7e87031669 to remote] conn.PoolingHttpClientConnectionManager 326 - Connection released: [id: 5][route: {}->http://localhost:19590][total kept alive: 1; route allocated: 1 of 2000; total allocated: 1 of 2000]
12-09-2018 12:36:52 RequestAddCookies.java DEBUG [Forwarding findElement on session 1850fbce5f951b60a82aea7e87031669 to remote] protocol.RequestAddCookies 123 - CookieSpec selected: default
12-09-2018 12:36:52 RequestAuthCache.java DEBUG [Forwarding findElement on session 1850fbce5f951b60a82aea7e87031669 to remote] protocol.RequestAuthCache 77 - Auth cache not set in the context
12-09-2018 12:36:52 PoolingHttpClientConnectionManager.java DEBUG [Forwarding findElement on session 1850fbce5f951b60a82aea7e87031669 to remote] conn.PoolingHttpClientConnectionManager 255 - Connection request: [route: {}->http://localhost:19590][total kept alive: 1; route allocated: 1 of 2000; total allocated: 1 of 2000]
12-09-2018 12:36:52 PoolingHttpClientConnectionManager.java DEBUG [Forwarding findElement on session 1850fbce5f951b60a82aea7e87031669 to remote] conn.PoolingHttpClientConnectionManager 288 - Connection leased: [id: 5][route: {}->http://localhost:19590][total kept alive: 0; route allocated: 1 of 2000; total allocated: 1 of 2000]
12-09-2018 12:36:52 MainClientExec.java DEBUG [Forwarding findElement on session 1850fbce5f951b60a82aea7e87031669 to remote] execchain.MainClientExec 208 - Stale connection check
12-09-2018 12:36:52 Wire.java DEBUG [Forwarding findElement on session 1850fbce5f951b60a82aea7e87031669 to remote] http.wire 87 - http-outgoing-5 << "[read] I/O error: Read timed out"
12-09-2018 12:36:52 LoggingManagedHttpClientConnection.java DEBUG [Forwarding findElement on session 1850fbce5f951b60a82aea7e87031669 to remote] conn.DefaultManagedHttpClientConnection 88 - http-outgoing-5: set socket timeout to 10800000
12-09-2018 12:36:52 MainClientExec.java DEBUG [Forwarding findElement on session 1850fbce5f951b60a82aea7e87031669 to remote] execchain.MainClientExec 256 - Executing request POST /session/1850fbce5f951b60a82aea7e87031669/element HTTP/1.1
12-09-2018 12:36:52 MainClientExec.java DEBUG [Forwarding findElement on session 1850fbce5f951b60a82aea7e87031669 to remote] execchain.MainClientExec 261 - Target auth state: UNCHALLENGED
12-09-2018 12:36:52 MainClientExec.java DEBUG [Forwarding findElement on session 1850fbce5f951b60a82aea7e87031669 to remote] execchain.MainClientExec 267 - Proxy auth state: UNCHALLENGED
12-09-2018 12:36:52 LoggingManagedHttpClientConnection.java DEBUG [Forwarding findElement on session 1850fbce5f951b60a82aea7e87031669 to remote] http.headers 133 - http-outgoing-5 >> POST /session/1850fbce5f951b60a82aea7e87031669/element HTTP/1.1
12-09-2018 12:36:52 LoggingManagedHttpClientConnection.java DEBUG [Forwarding findElement on session 1850fbce5f951b60a82aea7e87031669 to remote] http.headers 136 - http-outgoing-5 >> Content-Type: application/json; charset=utf-8
12-09-2018 12:36:52 LoggingManagedHttpClientConnection.java DEBUG [Forwarding findElement on session 1850fbce5f951b60a82aea7e87031669 to remote] http.headers 136 - http-outgoing-5 >> Content-Length: 58
12-09-2018 12:36:52 LoggingManagedHttpClientConnection.java DEBUG [Forwarding findElement on session 1850fbce5f951b60a82aea7e87031669 to remote] http.headers 136 - http-outgoing-5 >> Host: localhost:19590
12-09-2018 12:36:52 LoggingManagedHttpClientConnection.java DEBUG [Forwarding findElement on session 1850fbce5f951b60a82aea7e87031669 to remote] http.headers 136 - http-outgoing-5 >> Connection: Keep-Alive
12-09-2018 12:36:52 LoggingManagedHttpClientConnection.java DEBUG [Forwarding findElement on session 1850fbce5f951b60a82aea7e87031669 to remote] http.headers 136 - http-outgoing-5 >> User-Agent: Apache-HttpClient/4.5.3 (Java/1.8.0_181)
12-09-2018 12:36:52 LoggingManagedHttpClientConnection.java DEBUG [Forwarding findElement on session 1850fbce5f951b60a82aea7e87031669 to remote] http.headers 136 - http-outgoing-5 >> Accept-Encoding: gzip,deflate
12-09-2018 12:36:52 Wire.java DEBUG [Forwarding findElement on session 1850fbce5f951b60a82aea7e87031669 to remote] http.wire 73 - http-outgoing-5 >> "POST /session/1850fbce5f951b60a82aea7e87031669/element HTTP/1.1[\r][\n]"
12-09-2018 12:36:52 Wire.java DEBUG [Forwarding findElement on session 1850fbce5f951b60a82aea7e87031669 to remote] http.wire 73 - http-outgoing-5 >> "Content-Type: application/json; charset=utf-8[\r][\n]"
12-09-2018 12:36:52 Wire.java DEBUG [Forwarding findElement on session 1850fbce5f951b60a82aea7e87031669 to remote] http.wire 73 - http-outgoing-5 >> "Content-Length: 58[\r][\n]"
12-09-2018 12:36:52 Wire.java DEBUG [Forwarding findElement on session 1850fbce5f951b60a82aea7e87031669 to remote] http.wire 73 - http-outgoing-5 >> "Host: localhost:19590[\r][\n]"
12-09-2018 12:36:52 Wire.java DEBUG [Forwarding findElement on session 1850fbce5f951b60a82aea7e87031669 to remote] http.wire 73 - http-outgoing-5 >> "Connection: Keep-Alive[\r][\n]"
12-09-2018 12:36:52 Wire.java DEBUG [Forwarding findElement on session 1850fbce5f951b60a82aea7e87031669 to remote] http.wire 73 - http-outgoing-5 >> "User-Agent: Apache-HttpClient/4.5.3 (Java/1.8.0_181)[\r][\n]"
12-09-2018 12:36:52 Wire.java DEBUG [Forwarding findElement on session 1850fbce5f951b60a82aea7e87031669 to remote] http.wire 73 - http-outgoing-5 >> "Accept-Encoding: gzip,deflate[\r][\n]"
12-09-2018 12:36:52 Wire.java DEBUG [Forwarding findElement on session 1850fbce5f951b60a82aea7e87031669 to remote] http.wire 73 - http-outgoing-5 >> "[\r][\n]"
12-09-2018 12:36:52 Wire.java DEBUG [Forwarding findElement on session 1850fbce5f951b60a82aea7e87031669 to remote] http.wire 87 - http-outgoing-5 >> "{"using":"xpath","value":"//span[@class='RveJvd snByac']"}"
12-09-2018 12:36:52 Wire.java DEBUG [Forwarding findElement on session 1850fbce5f951b60a82aea7e87031669 to remote] http.wire 73 - http-outgoing-5 << "HTTP/1.1 200 OK[\r][\n]"
12-09-2018 12:36:52 Wire.java DEBUG [Forwarding findElement on session 1850fbce5f951b60a82aea7e87031669 to remote] http.wire 73 - http-outgoing-5 << "Content-Length:102[\r][\n]"
12-09-2018 12:36:52 Wire.java DEBUG [Forwarding findElement on session 1850fbce5f951b60a82aea7e87031669 to remote] http.wire 73 - http-outgoing-5 << "Content-Type:application/json; charset=utf-8[\r][\n]"
12-09-2018 12:36:52 Wire.java DEBUG [Forwarding findElement on session 1850fbce5f951b60a82aea7e87031669 to remote] http.wire 73 - http-outgoing-5 << "[\r][\n]"
12-09-2018 12:36:52 Wire.java DEBUG [Forwarding findElement on session 1850fbce5f951b60a82aea7e87031669 to remote] http.wire 87 - http-outgoing-5 << "{"sessionId":"1850fbce5f951b60a82aea7e87031669","status":0,"value":{"ELEMENT":"0.5698734955180493-2"}}"
12-09-2018 12:36:52 LoggingManagedHttpClientConnection.java DEBUG [Forwarding findElement on session 1850fbce5f951b60a82aea7e87031669 to remote] http.headers 122 - http-outgoing-5 << HTTP/1.1 200 OK
12-09-2018 12:36:52 LoggingManagedHttpClientConnection.java DEBUG [Forwarding findElement on session 1850fbce5f951b60a82aea7e87031669 to remote] http.headers 125 - http-outgoing-5 << Content-Length:102
12-09-2018 12:36:52 LoggingManagedHttpClientConnection.java DEBUG [Forwarding findElement on session 1850fbce5f951b60a82aea7e87031669 to remote] http.headers 125 - http-outgoing-5 << Content-Type:application/json; charset=utf-8
12-09-2018 12:36:52 MainClientExec.java DEBUG [Forwarding findElement on session 1850fbce5f951b60a82aea7e87031669 to remote] execchain.MainClientExec 285 - Connection can be kept alive indefinitely
12-09-2018 12:36:52 PoolingHttpClientConnectionManager.java DEBUG [Forwarding findElement on session 1850fbce5f951b60a82aea7e87031669 to remote] conn.PoolingHttpClientConnectionManager 320 - Connection [id: 5][route: {}->http://localhost:19590] can be kept alive indefinitely
12-09-2018 12:36:52 PoolingHttpClientConnectionManager.java DEBUG [Forwarding findElement on session 1850fbce5f951b60a82aea7e87031669 to remote] conn.PoolingHttpClientConnectionManager 326 - Connection released: [id: 5][route: {}->http://localhost:19590][total kept alive: 1; route allocated: 1 of 2000; total allocated: 1 of 2000]
12-09-2018 12:36:52 RequestAddCookies.java DEBUG [Forwarding clickElement on session 1850fbce5f951b60a82aea7e87031669 to remote] protocol.RequestAddCookies 123 - CookieSpec selected: default
12-09-2018 12:36:52 RequestAuthCache.java DEBUG [Forwarding clickElement on session 1850fbce5f951b60a82aea7e87031669 to remote] protocol.RequestAuthCache 77 - Auth cache not set in the context
12-09-2018 12:36:52 PoolingHttpClientConnectionManager.java DEBUG [Forwarding clickElement on session 1850fbce5f951b60a82aea7e87031669 to remote] conn.PoolingHttpClientConnectionManager 255 - Connection request: [route: {}->http://localhost:19590][total kept alive: 1; route allocated: 1 of 2000; total allocated: 1 of 2000]
12-09-2018 12:36:52 PoolingHttpClientConnectionManager.java DEBUG [Forwarding clickElement on session 1850fbce5f951b60a82aea7e87031669 to remote] conn.PoolingHttpClientConnectionManager 288 - Connection leased: [id: 5][route: {}->http://localhost:19590][total kept alive: 0; route allocated: 1 of 2000; total allocated: 1 of 2000]
12-09-2018 12:36:52 MainClientExec.java DEBUG [Forwarding clickElement on session 1850fbce5f951b60a82aea7e87031669 to remote] execchain.MainClientExec 208 - Stale connection check
12-09-2018 12:36:52 Wire.java DEBUG [Forwarding clickElement on session 1850fbce5f951b60a82aea7e87031669 to remote] http.wire 87 - http-outgoing-5 << "[read] I/O error: Read timed out"
12-09-2018 12:36:52 LoggingManagedHttpClientConnection.java DEBUG [Forwarding clickElement on session 1850fbce5f951b60a82aea7e87031669 to remote] conn.DefaultManagedHttpClientConnection 88 - http-outgoing-5: set socket timeout to 10800000
12-09-2018 12:36:52 MainClientExec.java DEBUG [Forwarding clickElement on session 1850fbce5f951b60a82aea7e87031669 to remote] execchain.MainClientExec 256 - Executing request POST /session/1850fbce5f951b60a82aea7e87031669/element/0.5698734955180493-2/click HTTP/1.1
12-09-2018 12:36:52 MainClientExec.java DEBUG [Forwarding clickElement on session 1850fbce5f951b60a82aea7e87031669 to remote] execchain.MainClientExec 261 - Target auth state: UNCHALLENGED
12-09-2018 12:36:52 MainClientExec.java DEBUG [Forwarding clickElement on session 1850fbce5f951b60a82aea7e87031669 to remote] execchain.MainClientExec 267 - Proxy auth state: UNCHALLENGED
12-09-2018 12:36:52 LoggingManagedHttpClientConnection.java DEBUG [Forwarding clickElement on session 1850fbce5f951b60a82aea7e87031669 to remote] http.headers 133 - http-outgoing-5 >> POST /session/1850fbce5f951b60a82aea7e87031669/element/0.5698734955180493-2/click HTTP/1.1
12-09-2018 12:36:52 LoggingManagedHttpClientConnection.java DEBUG [Forwarding clickElement on session 1850fbce5f951b60a82aea7e87031669 to remote] http.headers 136 - http-outgoing-5 >> Content-Type: application/json; charset=utf-8
12-09-2018 12:36:52 LoggingManagedHttpClientConnection.java DEBUG [Forwarding clickElement on session 1850fbce5f951b60a82aea7e87031669 to remote] http.headers 136 - http-outgoing-5 >> Content-Length: 29
12-09-2018 12:36:52 LoggingManagedHttpClientConnection.java DEBUG [Forwarding clickElement on session 1850fbce5f951b60a82aea7e87031669 to remote] http.headers 136 - http-outgoing-5 >> Host: localhost:19590
12-09-2018 12:36:52 LoggingManagedHttpClientConnection.java DEBUG [Forwarding clickElement on session 1850fbce5f951b60a82aea7e87031669 to remote] http.headers 136 - http-outgoing-5 >> Connection: Keep-Alive
12-09-2018 12:36:52 LoggingManagedHttpClientConnection.java DEBUG [Forwarding clickElement on session 1850fbce5f951b60a82aea7e87031669 to remote] http.headers 136 - http-outgoing-5 >> User-Agent: Apache-HttpClient/4.5.3 (Java/1.8.0_181)
12-09-2018 12:36:52 LoggingManagedHttpClientConnection.java DEBUG [Forwarding clickElement on session 1850fbce5f951b60a82aea7e87031669 to remote] http.headers 136 - http-outgoing-5 >> Accept-Encoding: gzip,deflate
12-09-2018 12:36:52 Wire.java DEBUG [Forwarding clickElement on session 1850fbce5f951b60a82aea7e87031669 to remote] http.wire 73 - http-outgoing-5 >> "POST /session/1850fbce5f951b60a82aea7e87031669/element/0.5698734955180493-2/click HTTP/1.1[\r][\n]"
12-09-2018 12:36:52 Wire.java DEBUG [Forwarding clickElement on session 1850fbce5f951b60a82aea7e87031669 to remote] http.wire 73 - http-outgoing-5 >> "Content-Type: application/json; charset=utf-8[\r][\n]"
12-09-2018 12:36:52 Wire.java DEBUG [Forwarding clickElement on session 1850fbce5f951b60a82aea7e87031669 to remote] http.wire 73 - http-outgoing-5 >> "Content-Length: 29[\r][\n]"
12-09-2018 12:36:52 Wire.java DEBUG [Forwarding clickElement on session 1850fbce5f951b60a82aea7e87031669 to remote] http.wire 73 - http-outgoing-5 >> "Host: localhost:19590[\r][\n]"
12-09-2018 12:36:52 Wire.java DEBUG [Forwarding clickElement on session 1850fbce5f951b60a82aea7e87031669 to remote] http.wire 73 - http-outgoing-5 >> "Connection: Keep-Alive[\r][\n]"
12-09-2018 12:36:52 Wire.java DEBUG [Forwarding clickElement on session 1850fbce5f951b60a82aea7e87031669 to remote] http.wire 73 - http-outgoing-5 >> "User-Agent: Apache-HttpClient/4.5.3 (Java/1.8.0_181)[\r][\n]"
12-09-2018 12:36:52 Wire.java DEBUG [Forwarding clickElement on session 1850fbce5f951b60a82aea7e87031669 to remote] http.wire 73 - http-outgoing-5 >> "Accept-Encoding: gzip,deflate[\r][\n]"
12-09-2018 12:36:52 Wire.java DEBUG [Forwarding clickElement on session 1850fbce5f951b60a82aea7e87031669 to remote] http.wire 73 - http-outgoing-5 >> "[\r][\n]"
12-09-2018 12:36:52 Wire.java DEBUG [Forwarding clickElement on session 1850fbce5f951b60a82aea7e87031669 to remote] http.wire 87 - http-outgoing-5 >> "{"id":"0.5698734955180493-2"}"
12-09-2018 12:36:52 Wire.java DEBUG [Forwarding clickElement on session 1850fbce5f951b60a82aea7e87031669 to remote] http.wire 73 - http-outgoing-5 << "HTTP/1.1 200 OK[\r][\n]"
12-09-2018 12:36:52 Wire.java DEBUG [Forwarding clickElement on session 1850fbce5f951b60a82aea7e87031669 to remote] http.wire 73 - http-outgoing-5 << "Content-Length:72[\r][\n]"
12-09-2018 12:36:52 Wire.java DEBUG [Forwarding clickElement on session 1850fbce5f951b60a82aea7e87031669 to remote] http.wire 73 - http-outgoing-5 << "Content-Type:application/json; charset=utf-8[\r][\n]"
12-09-2018 12:36:52 Wire.java DEBUG [Forwarding clickElement on session 1850fbce5f951b60a82aea7e87031669 to remote] http.wire 73 - http-outgoing-5 << "[\r][\n]"
12-09-2018 12:36:52 Wire.java DEBUG [Forwarding clickElement on session 1850fbce5f951b60a82aea7e87031669 to remote] http.wire 87 - http-outgoing-5 << "{"sessionId":"1850fbce5f951b60a82aea7e87031669","status":0,"value":null}"
12-09-2018 12:36:52 LoggingManagedHttpClientConnection.java DEBUG [Forwarding clickElement on session 1850fbce5f951b60a82aea7e87031669 to remote] http.headers 122 - http-outgoing-5 << HTTP/1.1 200 OK
12-09-2018 12:36:52 LoggingManagedHttpClientConnection.java DEBUG [Forwarding clickElement on session 1850fbce5f951b60a82aea7e87031669 to remote] http.headers 125 - http-outgoing-5 << Content-Length:72
12-09-2018 12:36:52 LoggingManagedHttpClientConnection.java DEBUG [Forwarding clickElement on session 1850fbce5f951b60a82aea7e87031669 to remote] http.headers 125 - http-outgoing-5 << Content-Type:application/json; charset=utf-8
12-09-2018 12:36:52 MainClientExec.java DEBUG [Forwarding clickElement on session 1850fbce5f951b60a82aea7e87031669 to remote] execchain.MainClientExec 285 - Connection can be kept alive indefinitely
12-09-2018 12:36:52 PoolingHttpClientConnectionManager.java DEBUG [Forwarding clickElement on session 1850fbce5f951b60a82aea7e87031669 to remote] conn.PoolingHttpClientConnectionManager 320 - Connection [id: 5][route: {}->http://localhost:19590] can be kept alive indefinitely
12-09-2018 12:36:52 PoolingHttpClientConnectionManager.java DEBUG [Forwarding clickElement on session 1850fbce5f951b60a82aea7e87031669 to remote] conn.PoolingHttpClientConnectionManager 326 - Connection released: [id: 5][route: {}->http://localhost:19590][total kept alive: 1; route allocated: 1 of 2000; total allocated: 1 of 2000]
12-09-2018 12:36:52 RequestAddCookies.java DEBUG [Forwarding findElements on session 1850fbce5f951b60a82aea7e87031669 to remote] protocol.RequestAddCookies 123 - CookieSpec selected: default
12-09-2018 12:36:52 RequestAuthCache.java DEBUG [Forwarding findElements on session 1850fbce5f951b60a82aea7e87031669 to remote] protocol.RequestAuthCache 77 - Auth cache not set in the context
12-09-2018 12:36:52 PoolingHttpClientConnectionManager.java DEBUG [Forwarding findElements on session 1850fbce5f951b60a82aea7e87031669 to remote] conn.PoolingHttpClientConnectionManager 255 - Connection request: [route: {}->http://localhost:19590][total kept alive: 1; route allocated: 1 of 2000; total allocated: 1 of 2000]
12-09-2018 12:36:52 PoolingHttpClientConnectionManager.java DEBUG [Forwarding findElements on session 1850fbce5f951b60a82aea7e87031669 to remote] conn.PoolingHttpClientConnectionManager 288 - Connection leased: [id: 5][route: {}->http://localhost:19590][total kept alive: 0; route allocated: 1 of 2000; total allocated: 1 of 2000]
12-09-2018 12:36:52 MainClientExec.java DEBUG [Forwarding findElements on session 1850fbce5f951b60a82aea7e87031669 to remote] execchain.MainClientExec 208 - Stale connection check
12-09-2018 12:36:52 Wire.java DEBUG [Forwarding findElements on session 1850fbce5f951b60a82aea7e87031669 to remote] http.wire 87 - http-outgoing-5 << "[read] I/O error: Read timed out"
12-09-2018 12:36:52 LoggingManagedHttpClientConnection.java DEBUG [Forwarding findElements on session 1850fbce5f951b60a82aea7e87031669 to remote] conn.DefaultManagedHttpClientConnection 88 - http-outgoing-5: set socket timeout to 10800000
12-09-2018 12:36:52 MainClientExec.java DEBUG [Forwarding findElements on session 1850fbce5f951b60a82aea7e87031669 to remote] execchain.MainClientExec 256 - Executing request POST /session/1850fbce5f951b60a82aea7e87031669/elements HTTP/1.1
12-09-2018 12:36:52 MainClientExec.java DEBUG [Forwarding findElements on session 1850fbce5f951b60a82aea7e87031669 to remote] execchain.MainClientExec 261 - Target auth state: UNCHALLENGED
12-09-2018 12:36:52 MainClientExec.java DEBUG [Forwarding findElements on session 1850fbce5f951b60a82aea7e87031669 to remote] execchain.MainClientExec 267 - Proxy auth state: UNCHALLENGED
12-09-2018 12:36:52 LoggingManagedHttpClientConnection.java DEBUG [Forwarding findElements on session 1850fbce5f951b60a82aea7e87031669 to remote] http.headers 133 - http-outgoing-5 >> POST /session/1850fbce5f951b60a82aea7e87031669/elements HTTP/1.1
12-09-2018 12:36:52 LoggingManagedHttpClientConnection.java DEBUG [Forwarding findElements on session 1850fbce5f951b60a82aea7e87031669 to remote] http.headers 136 - http-outgoing-5 >> Content-Type: application/json; charset=utf-8
12-09-2018 12:36:52 LoggingManagedHttpClientConnection.java DEBUG [Forwarding findElements on session 1850fbce5f951b60a82aea7e87031669 to remote] http.headers 136 - http-outgoing-5 >> Content-Length: 50
12-09-2018 12:36:52 LoggingManagedHttpClientConnection.java DEBUG [Forwarding findElements on session 1850fbce5f951b60a82aea7e87031669 to remote] http.headers 136 - http-outgoing-5 >> Host: localhost:19590
12-09-2018 12:36:52 LoggingManagedHttpClientConnection.java DEBUG [Forwarding findElements on session 1850fbce5f951b60a82aea7e87031669 to remote] http.headers 136 - http-outgoing-5 >> Connection: Keep-Alive
12-09-2018 12:36:52 LoggingManagedHttpClientConnection.java DEBUG [Forwarding findElements on session 1850fbce5f951b60a82aea7e87031669 to remote] http.headers 136 - http-outgoing-5 >> User-Agent: Apache-HttpClient/4.5.3 (Java/1.8.0_181)
12-09-2018 12:36:52 LoggingManagedHttpClientConnection.java DEBUG [Forwarding findElements on session 1850fbce5f951b60a82aea7e87031669 to remote] http.headers 136 - http-outgoing-5 >> Accept-Encoding: gzip,deflate
12-09-2018 12:36:52 Wire.java DEBUG [Forwarding findElements on session 1850fbce5f951b60a82aea7e87031669 to remote] http.wire 73 - http-outgoing-5 >> "POST /session/1850fbce5f951b60a82aea7e87031669/elements HTTP/1.1[\r][\n]"
12-09-2018 12:36:52 Wire.java DEBUG [Forwarding findElements on session 1850fbce5f951b60a82aea7e87031669 to remote] http.wire 73 - http-outgoing-5 >> "Content-Type: application/json; charset=utf-8[\r][\n]"
12-09-2018 12:36:52 Wire.java DEBUG [Forwarding findElements on session 1850fbce5f951b60a82aea7e87031669 to remote] http.wire 73 - http-outgoing-5 >> "Content-Length: 50[\r][\n]"
12-09-2018 12:36:52 Wire.java DEBUG [Forwarding findElements on session 1850fbce5f951b60a82aea7e87031669 to remote] http.wire 73 - http-outgoing-5 >> "Host: localhost:19590[\r][\n]"
12-09-2018 12:36:52 Wire.java DEBUG [Forwarding findElements on session 1850fbce5f951b60a82aea7e87031669 to remote] http.wire 73 - http-outgoing-5 >> "Connection: Keep-Alive[\r][\n]"
12-09-2018 12:36:52 Wire.java DEBUG [Forwarding findElements on session 1850fbce5f951b60a82aea7e87031669 to remote] http.wire 73 - http-outgoing-5 >> "User-Agent: Apache-HttpClient/4.5.3 (Java/1.8.0_181)[\r][\n]"
12-09-2018 12:36:52 Wire.java DEBUG [Forwarding findElements on session 1850fbce5f951b60a82aea7e87031669 to remote] http.wire 73 - http-outgoing-5 >> "Accept-Encoding: gzip,deflate[\r][\n]"
12-09-2018 12:36:52 Wire.java DEBUG [Forwarding findElements on session 1850fbce5f951b60a82aea7e87031669 to remote] http.wire 73 - http-outgoing-5 >> "[\r][\n]"
12-09-2018 12:36:52 Wire.java DEBUG [Forwarding findElements on session 1850fbce5f951b60a82aea7e87031669 to remote] http.wire 87 - http-outgoing-5 >> "{"using":"xpath","value":"//div[@jsname='B34EJ']"}"
12-09-2018 12:36:52 Wire.java DEBUG [Forwarding findElements on session 1850fbce5f951b60a82aea7e87031669 to remote] http.wire 73 - http-outgoing-5 << "HTTP/1.1 200 OK[\r][\n]"
12-09-2018 12:36:52 Wire.java DEBUG [Forwarding findElements on session 1850fbce5f951b60a82aea7e87031669 to remote] http.wire 73 - http-outgoing-5 << "Content-Length:139[\r][\n]"
12-09-2018 12:36:52 Wire.java DEBUG [Forwarding findElements on session 1850fbce5f951b60a82aea7e87031669 to remote] http.wire 73 - http-outgoing-5 << "Content-Type:application/json; charset=utf-8[\r][\n]"
12-09-2018 12:36:52 Wire.java DEBUG [Forwarding findElements on session 1850fbce5f951b60a82aea7e87031669 to remote] http.wire 73 - http-outgoing-5 << "[\r][\n]"
12-09-2018 12:36:52 Wire.java DEBUG [Forwarding findElements on session 1850fbce5f951b60a82aea7e87031669 to remote] http.wire 87 - http-outgoing-5 << "{"sessionId":"1850fbce5f951b60a82aea7e87031669","status":0,"value":[{"ELEMENT":"0.5698734955180493-3"},{"ELEMENT":"0.5698734955180493-4"}]}"
12-09-2018 12:36:52 LoggingManagedHttpClientConnection.java DEBUG [Forwarding findElements on session 1850fbce5f951b60a82aea7e87031669 to remote] http.headers 122 - http-outgoing-5 << HTTP/1.1 200 OK
12-09-2018 12:36:52 LoggingManagedHttpClientConnection.java DEBUG [Forwarding findElements on session 1850fbce5f951b60a82aea7e87031669 to remote] http.headers 125 - http-outgoing-5 << Content-Length:139
12-09-2018 12:36:52 LoggingManagedHttpClientConnection.java DEBUG [Forwarding findElements on session 1850fbce5f951b60a82aea7e87031669 to remote] http.headers 125 - http-outgoing-5 << Content-Type:application/json; charset=utf-8
12-09-2018 12:36:52 MainClientExec.java DEBUG [Forwarding findElements on session 1850fbce5f951b60a82aea7e87031669 to remote] execchain.MainClientExec 285 - Connection can be kept alive indefinitely
12-09-2018 12:36:52 PoolingHttpClientConnectionManager.java DEBUG [Forwarding findElements on session 1850fbce5f951b60a82aea7e87031669 to remote] conn.PoolingHttpClientConnectionManager 320 - Connection [id: 5][route: {}->http://localhost:19590] can be kept alive indefinitely
12-09-2018 12:36:52 PoolingHttpClientConnectionManager.java DEBUG [Forwarding findElements on session 1850fbce5f951b60a82aea7e87031669 to remote] conn.PoolingHttpClientConnectionManager 326 - Connection released: [id: 5][route: {}->http://localhost:19590][total kept alive: 1; route allocated: 1 of 2000; total allocated: 1 of 2000]
12-09-2018 12:36:52 RequestAddCookies.java DEBUG [Forwarding findElements on session 1850fbce5f951b60a82aea7e87031669 to remote] protocol.RequestAddCookies 123 - CookieSpec selected: default
12-09-2018 12:36:52 RequestAuthCache.java DEBUG [Forwarding findElements on session 1850fbce5f951b60a82aea7e87031669 to remote] protocol.RequestAuthCache 77 - Auth cache not set in the context
12-09-2018 12:36:52 PoolingHttpClientConnectionManager.java DEBUG [Forwarding findElements on session 1850fbce5f951b60a82aea7e87031669 to remote] conn.PoolingHttpClientConnectionManager 255 - Connection request: [route: {}->http://localhost:19590][total kept alive: 1; route allocated: 1 of 2000; total allocated: 1 of 2000]
12-09-2018 12:36:52 PoolingHttpClientConnectionManager.java DEBUG [Forwarding findElements on session 1850fbce5f951b60a82aea7e87031669 to remote] conn.PoolingHttpClientConnectionManager 288 - Connection leased: [id: 5][route: {}->http://localhost:19590][total kept alive: 0; route allocated: 1 of 2000; total allocated: 1 of 2000]
12-09-2018 12:36:52 MainClientExec.java DEBUG [Forwarding findElements on session 1850fbce5f951b60a82aea7e87031669 to remote] execchain.MainClientExec 208 - Stale connection check
12-09-2018 12:36:52 Wire.java DEBUG [Forwarding findElements on session 1850fbce5f951b60a82aea7e87031669 to remote] http.wire 87 - http-outgoing-5 << "[read] I/O error: Read timed out"
12-09-2018 12:36:52 LoggingManagedHttpClientConnection.java DEBUG [Forwarding findElements on session 1850fbce5f951b60a82aea7e87031669 to remote] conn.DefaultManagedHttpClientConnection 88 - http-outgoing-5: set socket timeout to 10800000
12-09-2018 12:36:52 MainClientExec.java DEBUG [Forwarding findElements on session 1850fbce5f951b60a82aea7e87031669 to remote] execchain.MainClientExec 256 - Executing request POST /session/1850fbce5f951b60a82aea7e87031669/elements HTTP/1.1
12-09-2018 12:36:52 MainClientExec.java DEBUG [Forwarding findElements on session 1850fbce5f951b60a82aea7e87031669 to remote] execchain.MainClientExec 261 - Target auth state: UNCHALLENGED
12-09-2018 12:36:52 MainClientExec.java DEBUG [Forwarding findElements on session 1850fbce5f951b60a82aea7e87031669 to remote] execchain.MainClientExec 267 - Proxy auth state: UNCHALLENGED
12-09-2018 12:36:52 LoggingManagedHttpClientConnection.java DEBUG [Forwarding findElements on session 1850fbce5f951b60a82aea7e87031669 to remote] http.headers 133 - http-outgoing-5 >> POST /session/1850fbce5f951b60a82aea7e87031669/elements HTTP/1.1
12-09-2018 12:36:52 LoggingManagedHttpClientConnection.java DEBUG [Forwarding findElements on session 1850fbce5f951b60a82aea7e87031669 to remote] http.headers 136 - http-outgoing-5 >> Content-Type: application/json; charset=utf-8
12-09-2018 12:36:52 LoggingManagedHttpClientConnection.java DEBUG [Forwarding findElements on session 1850fbce5f951b60a82aea7e87031669 to remote] http.headers 136 - http-outgoing-5 >> Content-Length: 50
12-09-2018 12:36:52 LoggingManagedHttpClientConnection.java DEBUG [Forwarding findElements on session 1850fbce5f951b60a82aea7e87031669 to remote] http.headers 136 - http-outgoing-5 >> Host: localhost:19590
12-09-2018 12:36:52 LoggingManagedHttpClientConnection.java DEBUG [Forwarding findElements on session 1850fbce5f951b60a82aea7e87031669 to remote] http.headers 136 - http-outgoing-5 >> Connection: Keep-Alive
12-09-2018 12:36:52 LoggingManagedHttpClientConnection.java DEBUG [Forwarding findElements on session 1850fbce5f951b60a82aea7e87031669 to remote] http.headers 136 - http-outgoing-5 >> User-Agent: Apache-HttpClient/4.5.3 (Java/1.8.0_181)
12-09-2018 12:36:52 LoggingManagedHttpClientConnection.java DEBUG [Forwarding findElements on session 1850fbce5f951b60a82aea7e87031669 to remote] http.headers 136 - http-outgoing-5 >> Accept-Encoding: gzip,deflate
12-09-2018 12:36:52 Wire.java DEBUG [Forwarding findElements on session 1850fbce5f951b60a82aea7e87031669 to remote] http.wire 73 - http-outgoing-5 >> "POST /session/1850fbce5f951b60a82aea7e87031669/elements HTTP/1.1[\r][\n]"
12-09-2018 12:36:52 Wire.java DEBUG [Forwarding findElements on session 1850fbce5f951b60a82aea7e87031669 to remote] http.wire 73 - http-outgoing-5 >> "Content-Type: application/json; charset=utf-8[\r][\n]"
12-09-2018 12:36:52 Wire.java DEBUG [Forwarding findElements on session 1850fbce5f951b60a82aea7e87031669 to remote] http.wire 73 - http-outgoing-5 >> "Content-Length: 50[\r][\n]"
12-09-2018 12:36:52 Wire.java DEBUG [Forwarding findElements on session 1850fbce5f951b60a82aea7e87031669 to remote] http.wire 73 - http-outgoing-5 >> "Host: localhost:19590[\r][\n]"
12-09-2018 12:36:52 Wire.java DEBUG [Forwarding findElements on session 1850fbce5f951b60a82aea7e87031669 to remote] http.wire 73 - http-outgoing-5 >> "Connection: Keep-Alive[\r][\n]"
12-09-2018 12:36:52 Wire.java DEBUG [Forwarding findElements on session 1850fbce5f951b60a82aea7e87031669 to remote] http.wire 73 - http-outgoing-5 >> "User-Agent: Apache-HttpClient/4.5.3 (Java/1.8.0_181)[\r][\n]"
12-09-2018 12:36:52 Wire.java DEBUG [Forwarding findElements on session 1850fbce5f951b60a82aea7e87031669 to remote] http.wire 73 - http-outgoing-5 >> "Accept-Encoding: gzip,deflate[\r][\n]"
12-09-2018 12:36:52 Wire.java DEBUG [Forwarding findElements on session 1850fbce5f951b60a82aea7e87031669 to remote] http.wire 73 - http-outgoing-5 >> "[\r][\n]"
12-09-2018 12:36:52 Wire.java DEBUG [Forwarding findElements on session 1850fbce5f951b60a82aea7e87031669 to remote] http.wire 87 - http-outgoing-5 >> "{"using":"xpath","value":"//div[@jsname='B34EJ']"}"
12-09-2018 12:36:52 Wire.java DEBUG [Forwarding findElements on session 1850fbce5f951b60a82aea7e87031669 to remote] http.wire 73 - http-outgoing-5 << "HTTP/1.1 200 OK[\r][\n]"
12-09-2018 12:36:52 Wire.java DEBUG [Forwarding findElements on session 1850fbce5f951b60a82aea7e87031669 to remote] http.wire 73 - http-outgoing-5 << "Content-Length:139[\r][\n]"
12-09-2018 12:36:52 Wire.java DEBUG [Forwarding findElements on session 1850fbce5f951b60a82aea7e87031669 to remote] http.wire 73 - http-outgoing-5 << "Content-Type:application/json; charset=utf-8[\r][\n]"
12-09-2018 12:36:52 Wire.java DEBUG [Forwarding findElements on session 1850fbce5f951b60a82aea7e87031669 to remote] http.wire 73 - http-outgoing-5 << "[\r][\n]"
12-09-2018 12:36:52 Wire.java DEBUG [Forwarding findElements on session 1850fbce5f951b60a82aea7e87031669 to remote] http.wire 87 - http-outgoing-5 << "{"sessionId":"1850fbce5f951b60a82aea7e87031669","status":0,"value":[{"ELEMENT":"0.5698734955180493-3"},{"ELEMENT":"0.5698734955180493-4"}]}"
12-09-2018 12:36:52 LoggingManagedHttpClientConnection.java DEBUG [Forwarding findElements on session 1850fbce5f951b60a82aea7e87031669 to remote] http.headers 122 - http-outgoing-5 << HTTP/1.1 200 OK
12-09-2018 12:36:52 LoggingManagedHttpClientConnection.java DEBUG [Forwarding findElements on session 1850fbce5f951b60a82aea7e87031669 to remote] http.headers 125 - http-outgoing-5 << Content-Length:139
12-09-2018 12:36:52 LoggingManagedHttpClientConnection.java DEBUG [Forwarding findElements on session 1850fbce5f951b60a82aea7e87031669 to remote] http.headers 125 - http-outgoing-5 << Content-Type:application/json; charset=utf-8
12-09-2018 12:36:52 MainClientExec.java DEBUG [Forwarding findElements on session 1850fbce5f951b60a82aea7e87031669 to remote] execchain.MainClientExec 285 - Connection can be kept alive indefinitely
12-09-2018 12:36:52 PoolingHttpClientConnectionManager.java DEBUG [Forwarding findElements on session 1850fbce5f951b60a82aea7e87031669 to remote] conn.PoolingHttpClientConnectionManager 320 - Connection [id: 5][route: {}->http://localhost:19590] can be kept alive indefinitely
12-09-2018 12:36:52 PoolingHttpClientConnectionManager.java DEBUG [Forwarding findElements on session 1850fbce5f951b60a82aea7e87031669 to remote] conn.PoolingHttpClientConnectionManager 326 - Connection released: [id: 5][route: {}->http://localhost:19590][total kept alive: 1; route allocated: 1 of 2000; total allocated: 1 of 2000]
12-09-2018 12:36:52 RequestAddCookies.java DEBUG [Forwarding getElementText on session 1850fbce5f951b60a82aea7e87031669 to remote] protocol.RequestAddCookies 123 - CookieSpec selected: default
12-09-2018 12:36:52 RequestAuthCache.java DEBUG [Forwarding getElementText on session 1850fbce5f951b60a82aea7e87031669 to remote] protocol.RequestAuthCache 77 - Auth cache not set in the context
12-09-2018 12:36:52 PoolingHttpClientConnectionManager.java DEBUG [Forwarding getElementText on session 1850fbce5f951b60a82aea7e87031669 to remote] conn.PoolingHttpClientConnectionManager 255 - Connection request: [route: {}->http://localhost:19590][total kept alive: 1; route allocated: 1 of 2000; total allocated: 1 of 2000]
12-09-2018 12:36:52 PoolingHttpClientConnectionManager.java DEBUG [Forwarding getElementText on session 1850fbce5f951b60a82aea7e87031669 to remote] conn.PoolingHttpClientConnectionManager 288 - Connection leased: [id: 5][route: {}->http://localhost:19590][total kept alive: 0; route allocated: 1 of 2000; total allocated: 1 of 2000]
12-09-2018 12:36:52 MainClientExec.java DEBUG [Forwarding getElementText on session 1850fbce5f951b60a82aea7e87031669 to remote] execchain.MainClientExec 208 - Stale connection check
12-09-2018 12:36:52 Wire.java DEBUG [Forwarding getElementText on session 1850fbce5f951b60a82aea7e87031669 to remote] http.wire 87 - http-outgoing-5 << "[read] I/O error: Read timed out"
12-09-2018 12:36:52 LoggingManagedHttpClientConnection.java DEBUG [Forwarding getElementText on session 1850fbce5f951b60a82aea7e87031669 to remote] conn.DefaultManagedHttpClientConnection 88 - http-outgoing-5: set socket timeout to 10800000
12-09-2018 12:36:52 MainClientExec.java DEBUG [Forwarding getElementText on session 1850fbce5f951b60a82aea7e87031669 to remote] execchain.MainClientExec 256 - Executing request GET /session/1850fbce5f951b60a82aea7e87031669/element/0.5698734955180493-3/text HTTP/1.1
12-09-2018 12:36:52 MainClientExec.java DEBUG [Forwarding getElementText on session 1850fbce5f951b60a82aea7e87031669 to remote] execchain.MainClientExec 261 - Target auth state: UNCHALLENGED
12-09-2018 12:36:52 MainClientExec.java DEBUG [Forwarding getElementText on session 1850fbce5f951b60a82aea7e87031669 to remote] execchain.MainClientExec 267 - Proxy auth state: UNCHALLENGED
12-09-2018 12:36:52 LoggingManagedHttpClientConnection.java DEBUG [Forwarding getElementText on session 1850fbce5f951b60a82aea7e87031669 to remote] http.headers 133 - http-outgoing-5 >> GET /session/1850fbce5f951b60a82aea7e87031669/element/0.5698734955180493-3/text HTTP/1.1
12-09-2018 12:36:52 LoggingManagedHttpClientConnection.java DEBUG [Forwarding getElementText on session 1850fbce5f951b60a82aea7e87031669 to remote] http.headers 136 - http-outgoing-5 >> Cache-Control: no-cache
12-09-2018 12:36:52 LoggingManagedHttpClientConnection.java DEBUG [Forwarding getElementText on session 1850fbce5f951b60a82aea7e87031669 to remote] http.headers 136 - http-outgoing-5 >> Host: localhost:19590
12-09-2018 12:36:52 LoggingManagedHttpClientConnection.java DEBUG [Forwarding getElementText on session 1850fbce5f951b60a82aea7e87031669 to remote] http.headers 136 - http-outgoing-5 >> Connection: Keep-Alive
12-09-2018 12:36:52 LoggingManagedHttpClientConnection.java DEBUG [Forwarding getElementText on session 1850fbce5f951b60a82aea7e87031669 to remote] http.headers 136 - http-outgoing-5 >> User-Agent: Apache-HttpClient/4.5.3 (Java/1.8.0_181)
12-09-2018 12:36:52 LoggingManagedHttpClientConnection.java DEBUG [Forwarding getElementText on session 1850fbce5f951b60a82aea7e87031669 to remote] http.headers 136 - http-outgoing-5 >> Accept-Encoding: gzip,deflate
12-09-2018 12:36:52 Wire.java DEBUG [Forwarding getElementText on session 1850fbce5f951b60a82aea7e87031669 to remote] http.wire 73 - http-outgoing-5 >> "GET /session/1850fbce5f951b60a82aea7e87031669/element/0.5698734955180493-3/text HTTP/1.1[\r][\n]"
12-09-2018 12:36:52 Wire.java DEBUG [Forwarding getElementText on session 1850fbce5f951b60a82aea7e87031669 to remote] http.wire 73 - http-outgoing-5 >> "Cache-Control: no-cache[\r][\n]"
12-09-2018 12:36:52 Wire.java DEBUG [Forwarding getElementText on session 1850fbce5f951b60a82aea7e87031669 to remote] http.wire 73 - http-outgoing-5 >> "Host: localhost:19590[\r][\n]"
12-09-2018 12:36:52 Wire.java DEBUG [Forwarding getElementText on session 1850fbce5f951b60a82aea7e87031669 to remote] http.wire 73 - http-outgoing-5 >> "Connection: Keep-Alive[\r][\n]"
12-09-2018 12:36:52 Wire.java DEBUG [Forwarding getElementText on session 1850fbce5f951b60a82aea7e87031669 to remote] http.wire 73 - http-outgoing-5 >> "User-Agent: Apache-HttpClient/4.5.3 (Java/1.8.0_181)[\r][\n]"
12-09-2018 12:36:52 Wire.java DEBUG [Forwarding getElementText on session 1850fbce5f951b60a82aea7e87031669 to remote] http.wire 73 - http-outgoing-5 >> "Accept-Encoding: gzip,deflate[\r][\n]"
12-09-2018 12:36:52 Wire.java DEBUG [Forwarding getElementText on session 1850fbce5f951b60a82aea7e87031669 to remote] http.wire 73 - http-outgoing-5 >> "[\r][\n]"
12-09-2018 12:36:52 Wire.java DEBUG [Forwarding getElementText on session 1850fbce5f951b60a82aea7e87031669 to remote] http.wire 73 - http-outgoing-5 << "HTTP/1.1 200 OK[\r][\n]"
12-09-2018 12:36:52 Wire.java DEBUG [Forwarding getElementText on session 1850fbce5f951b60a82aea7e87031669 to remote] http.wire 73 - http-outgoing-5 << "Content-Length:70[\r][\n]"
12-09-2018 12:36:52 Wire.java DEBUG [Forwarding getElementText on session 1850fbce5f951b60a82aea7e87031669 to remote] http.wire 73 - http-outgoing-5 << "Content-Type:application/json; charset=utf-8[\r][\n]"
12-09-2018 12:36:52 Wire.java DEBUG [Forwarding getElementText on session 1850fbce5f951b60a82aea7e87031669 to remote] http.wire 73 - http-outgoing-5 << "[\r][\n]"
12-09-2018 12:36:52 Wire.java DEBUG [Forwarding getElementText on session 1850fbce5f951b60a82aea7e87031669 to remote] http.wire 87 - http-outgoing-5 << "{"sessionId":"1850fbce5f951b60a82aea7e87031669","status":0,"value":""}"
12-09-2018 12:36:52 LoggingManagedHttpClientConnection.java DEBUG [Forwarding getElementText on session 1850fbce5f951b60a82aea7e87031669 to remote] http.headers 122 - http-outgoing-5 << HTTP/1.1 200 OK
12-09-2018 12:36:52 LoggingManagedHttpClientConnection.java DEBUG [Forwarding getElementText on session 1850fbce5f951b60a82aea7e87031669 to remote] http.headers 125 - http-outgoing-5 << Content-Length:70
12-09-2018 12:36:52 LoggingManagedHttpClientConnection.java DEBUG [Forwarding getElementText on session 1850fbce5f951b60a82aea7e87031669 to remote] http.headers 125 - http-outgoing-5 << Content-Type:application/json; charset=utf-8
12-09-2018 12:36:52 MainClientExec.java DEBUG [Forwarding getElementText on session 1850fbce5f951b60a82aea7e87031669 to remote] execchain.MainClientExec 285 - Connection can be kept alive indefinitely
12-09-2018 12:36:52 PoolingHttpClientConnectionManager.java DEBUG [Forwarding getElementText on session 1850fbce5f951b60a82aea7e87031669 to remote] conn.PoolingHttpClientConnectionManager 320 - Connection [id: 5][route: {}->http://localhost:19590] can be kept alive indefinitely
12-09-2018 12:36:52 PoolingHttpClientConnectionManager.java DEBUG [Forwarding getElementText on session 1850fbce5f951b60a82aea7e87031669 to remote] conn.PoolingHttpClientConnectionManager 326 - Connection released: [id: 5][route: {}->http://localhost:19590][total kept alive: 1; route allocated: 1 of 2000; total allocated: 1 of 2000]
12-09-2018 12:36:52 RequestAddCookies.java DEBUG [Forwarding getElementText on session 1850fbce5f951b60a82aea7e87031669 to remote] protocol.RequestAddCookies 123 - CookieSpec selected: default
12-09-2018 12:36:52 RequestAuthCache.java DEBUG [Forwarding getElementText on session 1850fbce5f951b60a82aea7e87031669 to remote] protocol.RequestAuthCache 77 - Auth cache not set in the context
12-09-2018 12:36:52 PoolingHttpClientConnectionManager.java DEBUG [Forwarding getElementText on session 1850fbce5f951b60a82aea7e87031669 to remote] conn.PoolingHttpClientConnectionManager 255 - Connection request: [route: {}->http://localhost:19590][total kept alive: 1; route allocated: 1 of 2000; total allocated: 1 of 2000]
12-09-2018 12:36:52 PoolingHttpClientConnectionManager.java DEBUG [Forwarding getElementText on session 1850fbce5f951b60a82aea7e87031669 to remote] conn.PoolingHttpClientConnectionManager 288 - Connection leased: [id: 5][route: {}->http://localhost:19590][total kept alive: 0; route allocated: 1 of 2000; total allocated: 1 of 2000]
12-09-2018 12:36:52 MainClientExec.java DEBUG [Forwarding getElementText on session 1850fbce5f951b60a82aea7e87031669 to remote] execchain.MainClientExec 208 - Stale connection check
12-09-2018 12:36:52 Wire.java DEBUG [Forwarding getElementText on session 1850fbce5f951b60a82aea7e87031669 to remote] http.wire 87 - http-outgoing-5 << "[read] I/O error: Read timed out"
12-09-2018 12:36:52 LoggingManagedHttpClientConnection.java DEBUG [Forwarding getElementText on session 1850fbce5f951b60a82aea7e87031669 to remote] conn.DefaultManagedHttpClientConnection 88 - http-outgoing-5: set socket timeout to 10800000
12-09-2018 12:36:52 MainClientExec.java DEBUG [Forwarding getElementText on session 1850fbce5f951b60a82aea7e87031669 to remote] execchain.MainClientExec 256 - Executing request GET /session/1850fbce5f951b60a82aea7e87031669/element/0.5698734955180493-3/text HTTP/1.1
12-09-2018 12:36:52 MainClientExec.java DEBUG [Forwarding getElementText on session 1850fbce5f951b60a82aea7e87031669 to remote] execchain.MainClientExec 261 - Target auth state: UNCHALLENGED
12-09-2018 12:36:52 MainClientExec.java DEBUG [Forwarding getElementText on session 1850fbce5f951b60a82aea7e87031669 to remote] execchain.MainClientExec 267 - Proxy auth state: UNCHALLENGED
12-09-2018 12:36:52 LoggingManagedHttpClientConnection.java DEBUG [Forwarding getElementText on session 1850fbce5f951b60a82aea7e87031669 to remote] http.headers 133 - http-outgoing-5 >> GET /session/1850fbce5f951b60a82aea7e87031669/element/0.5698734955180493-3/text HTTP/1.1
12-09-2018 12:36:52 LoggingManagedHttpClientConnection.java DEBUG [Forwarding getElementText on session 1850fbce5f951b60a82aea7e87031669 to remote] http.headers 136 - http-outgoing-5 >> Cache-Control: no-cache
12-09-2018 12:36:52 LoggingManagedHttpClientConnection.java DEBUG [Forwarding getElementText on session 1850fbce5f951b60a82aea7e87031669 to remote] http.headers 136 - http-outgoing-5 >> Host: localhost:19590
12-09-2018 12:36:52 LoggingManagedHttpClientConnection.java DEBUG [Forwarding getElementText on session 1850fbce5f951b60a82aea7e87031669 to remote] http.headers 136 - http-outgoing-5 >> Connection: Keep-Alive
12-09-2018 12:36:52 LoggingManagedHttpClientConnection.java DEBUG [Forwarding getElementText on session 1850fbce5f951b60a82aea7e87031669 to remote] http.headers 136 - http-outgoing-5 >> User-Agent: Apache-HttpClient/4.5.3 (Java/1.8.0_181)
12-09-2018 12:36:52 LoggingManagedHttpClientConnection.java DEBUG [Forwarding getElementText on session 1850fbce5f951b60a82aea7e87031669 to remote] http.headers 136 - http-outgoing-5 >> Accept-Encoding: gzip,deflate
12-09-2018 12:36:52 Wire.java DEBUG [Forwarding getElementText on session 1850fbce5f951b60a82aea7e87031669 to remote] http.wire 73 - http-outgoing-5 >> "GET /session/1850fbce5f951b60a82aea7e87031669/element/0.5698734955180493-3/text HTTP/1.1[\r][\n]"
12-09-2018 12:36:52 Wire.java DEBUG [Forwarding getElementText on session 1850fbce5f951b60a82aea7e87031669 to remote] http.wire 73 - http-outgoing-5 >> "Cache-Control: no-cache[\r][\n]"
12-09-2018 12:36:52 Wire.java DEBUG [Forwarding getElementText on session 1850fbce5f951b60a82aea7e87031669 to remote] http.wire 73 - http-outgoing-5 >> "Host: localhost:19590[\r][\n]"
12-09-2018 12:36:52 Wire.java DEBUG [Forwarding getElementText on session 1850fbce5f951b60a82aea7e87031669 to remote] http.wire 73 - http-outgoing-5 >> "Connection: Keep-Alive[\r][\n]"
12-09-2018 12:36:52 Wire.java DEBUG [Forwarding getElementText on session 1850fbce5f951b60a82aea7e87031669 to remote] http.wire 73 - http-outgoing-5 >> "User-Agent: Apache-HttpClient/4.5.3 (Java/1.8.0_181)[\r][\n]"
12-09-2018 12:36:52 Wire.java DEBUG [Forwarding getElementText on session 1850fbce5f951b60a82aea7e87031669 to remote] http.wire 73 - http-outgoing-5 >> "Accept-Encoding: gzip,deflate[\r][\n]"
12-09-2018 12:36:52 Wire.java DEBUG [Forwarding getElementText on session 1850fbce5f951b60a82aea7e87031669 to remote] http.wire 73 - http-outgoing-5 >> "[\r][\n]"
12-09-2018 12:36:52 Wire.java DEBUG [Forwarding getElementText on session 1850fbce5f951b60a82aea7e87031669 to remote] http.wire 73 - http-outgoing-5 << "HTTP/1.1 200 OK[\r][\n]"
12-09-2018 12:36:52 Wire.java DEBUG [Forwarding getElementText on session 1850fbce5f951b60a82aea7e87031669 to remote] http.wire 73 - http-outgoing-5 << "Content-Length:70[\r][\n]"
12-09-2018 12:36:52 Wire.java DEBUG [Forwarding getElementText on session 1850fbce5f951b60a82aea7e87031669 to remote] http.wire 73 - http-outgoing-5 << "Content-Type:application/json; charset=utf-8[\r][\n]"
12-09-2018 12:36:52 Wire.java DEBUG [Forwarding getElementText on session 1850fbce5f951b60a82aea7e87031669 to remote] http.wire 73 - http-outgoing-5 << "[\r][\n]"
12-09-2018 12:36:52 Wire.java DEBUG [Forwarding getElementText on session 1850fbce5f951b60a82aea7e87031669 to remote] http.wire 87 - http-outgoing-5 << "{"sessionId":"1850fbce5f951b60a82aea7e87031669","status":0,"value":""}"
12-09-2018 12:36:52 LoggingManagedHttpClientConnection.java DEBUG [Forwarding getElementText on session 1850fbce5f951b60a82aea7e87031669 to remote] http.headers 122 - http-outgoing-5 << HTTP/1.1 200 OK
12-09-2018 12:36:52 LoggingManagedHttpClientConnection.java DEBUG [Forwarding getElementText on session 1850fbce5f951b60a82aea7e87031669 to remote] http.headers 125 - http-outgoing-5 << Content-Length:70
12-09-2018 12:36:52 LoggingManagedHttpClientConnection.java DEBUG [Forwarding getElementText on session 1850fbce5f951b60a82aea7e87031669 to remote] http.headers 125 - http-outgoing-5 << Content-Type:application/json; charset=utf-8
12-09-2018 12:36:52 MainClientExec.java DEBUG [Forwarding getElementText on session 1850fbce5f951b60a82aea7e87031669 to remote] execchain.MainClientExec 285 - Connection can be kept alive indefinitely
12-09-2018 12:36:52 PoolingHttpClientConnectionManager.java DEBUG [Forwarding getElementText on session 1850fbce5f951b60a82aea7e87031669 to remote] conn.PoolingHttpClientConnectionManager 320 - Connection [id: 5][route: {}->http://localhost:19590] can be kept alive indefinitely
12-09-2018 12:36:52 PoolingHttpClientConnectionManager.java DEBUG [Forwarding getElementText on session 1850fbce5f951b60a82aea7e87031669 to remote] conn.PoolingHttpClientConnectionManager 326 - Connection released: [id: 5][route: {}->http://localhost:19590][total kept alive: 1; route allocated: 1 of 2000; total allocated: 1 of 2000]
12-09-2018 12:36:52 RequestAddCookies.java DEBUG [Forwarding getElementText on session 1850fbce5f951b60a82aea7e87031669 to remote] protocol.RequestAddCookies 123 - CookieSpec selected: default
12-09-2018 12:36:52 RequestAuthCache.java DEBUG [Forwarding getElementText on session 1850fbce5f951b60a82aea7e87031669 to remote] protocol.RequestAuthCache 77 - Auth cache not set in the context
12-09-2018 12:36:52 PoolingHttpClientConnectionManager.java DEBUG [Forwarding getElementText on session 1850fbce5f951b60a82aea7e87031669 to remote] conn.PoolingHttpClientConnectionManager 255 - Connection request: [route: {}->http://localhost:19590][total kept alive: 1; route allocated: 1 of 2000; total allocated: 1 of 2000]
12-09-2018 12:36:52 PoolingHttpClientConnectionManager.java DEBUG [Forwarding getElementText on session 1850fbce5f951b60a82aea7e87031669 to remote] conn.PoolingHttpClientConnectionManager 288 - Connection leased: [id: 5][route: {}->http://localhost:19590][total kept alive: 0; route allocated: 1 of 2000; total allocated: 1 of 2000]
12-09-2018 12:36:52 MainClientExec.java DEBUG [Forwarding getElementText on session 1850fbce5f951b60a82aea7e87031669 to remote] execchain.MainClientExec 208 - Stale connection check
12-09-2018 12:36:52 Wire.java DEBUG [Forwarding getElementText on session 1850fbce5f951b60a82aea7e87031669 to remote] http.wire 87 - http-outgoing-5 << "[read] I/O error: Read timed out"
12-09-2018 12:36:52 LoggingManagedHttpClientConnection.java DEBUG [Forwarding getElementText on session 1850fbce5f951b60a82aea7e87031669 to remote] conn.DefaultManagedHttpClientConnection 88 - http-outgoing-5: set socket timeout to 10800000
12-09-2018 12:36:52 MainClientExec.java DEBUG [Forwarding getElementText on session 1850fbce5f951b60a82aea7e87031669 to remote] execchain.MainClientExec 256 - Executing request GET /session/1850fbce5f951b60a82aea7e87031669/element/0.5698734955180493-4/text HTTP/1.1
12-09-2018 12:36:52 MainClientExec.java DEBUG [Forwarding getElementText on session 1850fbce5f951b60a82aea7e87031669 to remote] execchain.MainClientExec 261 - Target auth state: UNCHALLENGED
12-09-2018 12:36:52 MainClientExec.java DEBUG [Forwarding getElementText on session 1850fbce5f951b60a82aea7e87031669 to remote] execchain.MainClientExec 267 - Proxy auth state: UNCHALLENGED
12-09-2018 12:36:52 LoggingManagedHttpClientConnection.java DEBUG [Forwarding getElementText on session 1850fbce5f951b60a82aea7e87031669 to remote] http.headers 133 - http-outgoing-5 >> GET /session/1850fbce5f951b60a82aea7e87031669/element/0.5698734955180493-4/text HTTP/1.1
12-09-2018 12:36:52 LoggingManagedHttpClientConnection.java DEBUG [Forwarding getElementText on session 1850fbce5f951b60a82aea7e87031669 to remote] http.headers 136 - http-outgoing-5 >> Cache-Control: no-cache
12-09-2018 12:36:52 LoggingManagedHttpClientConnection.java DEBUG [Forwarding getElementText on session 1850fbce5f951b60a82aea7e87031669 to remote] http.headers 136 - http-outgoing-5 >> Host: localhost:19590
12-09-2018 12:36:52 LoggingManagedHttpClientConnection.java DEBUG [Forwarding getElementText on session 1850fbce5f951b60a82aea7e87031669 to remote] http.headers 136 - http-outgoing-5 >> Connection: Keep-Alive
12-09-2018 12:36:52 LoggingManagedHttpClientConnection.java DEBUG [Forwarding getElementText on session 1850fbce5f951b60a82aea7e87031669 to remote] http.headers 136 - http-outgoing-5 >> User-Agent: Apache-HttpClient/4.5.3 (Java/1.8.0_181)
12-09-2018 12:36:52 LoggingManagedHttpClientConnection.java DEBUG [Forwarding getElementText on session 1850fbce5f951b60a82aea7e87031669 to remote] http.headers 136 - http-outgoing-5 >> Accept-Encoding: gzip,deflate
12-09-2018 12:36:52 Wire.java DEBUG [Forwarding getElementText on session 1850fbce5f951b60a82aea7e87031669 to remote] http.wire 73 - http-outgoing-5 >> "GET /session/1850fbce5f951b60a82aea7e87031669/element/0.5698734955180493-4/text HTTP/1.1[\r][\n]"
12-09-2018 12:36:52 Wire.java DEBUG [Forwarding getElementText on session 1850fbce5f951b60a82aea7e87031669 to remote] http.wire 73 - http-outgoing-5 >> "Cache-Control: no-cache[\r][\n]"
12-09-2018 12:36:52 Wire.java DEBUG [Forwarding getElementText on session 1850fbce5f951b60a82aea7e87031669 to remote] http.wire 73 - http-outgoing-5 >> "Host: localhost:19590[\r][\n]"
12-09-2018 12:36:52 Wire.java DEBUG [Forwarding getElementText on session 1850fbce5f951b60a82aea7e87031669 to remote] http.wire 73 - http-outgoing-5 >> "Connection: Keep-Alive[\r][\n]"
12-09-2018 12:36:52 Wire.java DEBUG [Forwarding getElementText on session 1850fbce5f951b60a82aea7e87031669 to remote] http.wire 73 - http-outgoing-5 >> "User-Agent: Apache-HttpClient/4.5.3 (Java/1.8.0_181)[\r][\n]"
12-09-2018 12:36:52 Wire.java DEBUG [Forwarding getElementText on session 1850fbce5f951b60a82aea7e87031669 to remote] http.wire 73 - http-outgoing-5 >> "Accept-Encoding: gzip,deflate[\r][\n]"
12-09-2018 12:36:52 Wire.java DEBUG [Forwarding getElementText on session 1850fbce5f951b60a82aea7e87031669 to remote] http.wire 73 - http-outgoing-5 >> "[\r][\n]"
12-09-2018 12:36:52 Wire.java DEBUG [Forwarding getElementText on session 1850fbce5f951b60a82aea7e87031669 to remote] http.wire 73 - http-outgoing-5 << "HTTP/1.1 200 OK[\r][\n]"
12-09-2018 12:36:52 Wire.java DEBUG [Forwarding getElementText on session 1850fbce5f951b60a82aea7e87031669 to remote] http.wire 73 - http-outgoing-5 << "Content-Length:70[\r][\n]"
12-09-2018 12:36:52 Wire.java DEBUG [Forwarding getElementText on session 1850fbce5f951b60a82aea7e87031669 to remote] http.wire 73 - http-outgoing-5 << "Content-Type:application/json; charset=utf-8[\r][\n]"
12-09-2018 12:36:52 Wire.java DEBUG [Forwarding getElementText on session 1850fbce5f951b60a82aea7e87031669 to remote] http.wire 73 - http-outgoing-5 << "[\r][\n]"
12-09-2018 12:36:52 Wire.java DEBUG [Forwarding getElementText on session 1850fbce5f951b60a82aea7e87031669 to remote] http.wire 87 - http-outgoing-5 << "{"sessionId":"1850fbce5f951b60a82aea7e87031669","status":0,"value":""}"
12-09-2018 12:36:52 LoggingManagedHttpClientConnection.java DEBUG [Forwarding getElementText on session 1850fbce5f951b60a82aea7e87031669 to remote] http.headers 122 - http-outgoing-5 << HTTP/1.1 200 OK
12-09-2018 12:36:52 LoggingManagedHttpClientConnection.java DEBUG [Forwarding getElementText on session 1850fbce5f951b60a82aea7e87031669 to remote] http.headers 125 - http-outgoing-5 << Content-Length:70
12-09-2018 12:36:52 LoggingManagedHttpClientConnection.java DEBUG [Forwarding getElementText on session 1850fbce5f951b60a82aea7e87031669 to remote] http.headers 125 - http-outgoing-5 << Content-Type:application/json; charset=utf-8
12-09-2018 12:36:52 MainClientExec.java DEBUG [Forwarding getElementText on session 1850fbce5f951b60a82aea7e87031669 to remote] execchain.MainClientExec 285 - Connection can be kept alive indefinitely
12-09-2018 12:36:52 PoolingHttpClientConnectionManager.java DEBUG [Forwarding getElementText on session 1850fbce5f951b60a82aea7e87031669 to remote] conn.PoolingHttpClientConnectionManager 320 - Connection [id: 5][route: {}->http://localhost:19590] can be kept alive indefinitely
12-09-2018 12:36:52 PoolingHttpClientConnectionManager.java DEBUG [Forwarding getElementText on session 1850fbce5f951b60a82aea7e87031669 to remote] conn.PoolingHttpClientConnectionManager 326 - Connection released: [id: 5][route: {}->http://localhost:19590][total kept alive: 1; route allocated: 1 of 2000; total allocated: 1 of 2000]
12-09-2018 12:36:52 RequestAddCookies.java DEBUG [Forwarding getElementText on session 1850fbce5f951b60a82aea7e87031669 to remote] protocol.RequestAddCookies 123 - CookieSpec selected: default
12-09-2018 12:36:52 RequestAuthCache.java DEBUG [Forwarding getElementText on session 1850fbce5f951b60a82aea7e87031669 to remote] protocol.RequestAuthCache 77 - Auth cache not set in the context
12-09-2018 12:36:52 PoolingHttpClientConnectionManager.java DEBUG [Forwarding getElementText on session 1850fbce5f951b60a82aea7e87031669 to remote] conn.PoolingHttpClientConnectionManager 255 - Connection request: [route: {}->http://localhost:19590][total kept alive: 1; route allocated: 1 of 2000; total allocated: 1 of 2000]
12-09-2018 12:36:52 PoolingHttpClientConnectionManager.java DEBUG [Forwarding getElementText on session 1850fbce5f951b60a82aea7e87031669 to remote] conn.PoolingHttpClientConnectionManager 288 - Connection leased: [id: 5][route: {}->http://localhost:19590][total kept alive: 0; route allocated: 1 of 2000; total allocated: 1 of 2000]
12-09-2018 12:36:52 MainClientExec.java DEBUG [Forwarding getElementText on session 1850fbce5f951b60a82aea7e87031669 to remote] execchain.MainClientExec 208 - Stale connection check
12-09-2018 12:36:52 Wire.java DEBUG [Forwarding getElementText on session 1850fbce5f951b60a82aea7e87031669 to remote] http.wire 87 - http-outgoing-5 << "[read] I/O error: Read timed out"
12-09-2018 12:36:52 LoggingManagedHttpClientConnection.java DEBUG [Forwarding getElementText on session 1850fbce5f951b60a82aea7e87031669 to remote] conn.DefaultManagedHttpClientConnection 88 - http-outgoing-5: set socket timeout to 10800000
12-09-2018 12:36:52 MainClientExec.java DEBUG [Forwarding getElementText on session 1850fbce5f951b60a82aea7e87031669 to remote] execchain.MainClientExec 256 - Executing request GET /session/1850fbce5f951b60a82aea7e87031669/element/0.5698734955180493-4/text HTTP/1.1
12-09-2018 12:36:52 MainClientExec.java DEBUG [Forwarding getElementText on session 1850fbce5f951b60a82aea7e87031669 to remote] execchain.MainClientExec 261 - Target auth state: UNCHALLENGED
12-09-2018 12:36:52 MainClientExec.java DEBUG [Forwarding getElementText on session 1850fbce5f951b60a82aea7e87031669 to remote] execchain.MainClientExec 267 - Proxy auth state: UNCHALLENGED
12-09-2018 12:36:52 LoggingManagedHttpClientConnection.java DEBUG [Forwarding getElementText on session 1850fbce5f951b60a82aea7e87031669 to remote] http.headers 133 - http-outgoing-5 >> GET /session/1850fbce5f951b60a82aea7e87031669/element/0.5698734955180493-4/text HTTP/1.1
12-09-2018 12:36:52 LoggingManagedHttpClientConnection.java DEBUG [Forwarding getElementText on session 1850fbce5f951b60a82aea7e87031669 to remote] http.headers 136 - http-outgoing-5 >> Cache-Control: no-cache
12-09-2018 12:36:52 LoggingManagedHttpClientConnection.java DEBUG [Forwarding getElementText on session 1850fbce5f951b60a82aea7e87031669 to remote] http.headers 136 - http-outgoing-5 >> Host: localhost:19590
12-09-2018 12:36:52 LoggingManagedHttpClientConnection.java DEBUG [Forwarding getElementText on session 1850fbce5f951b60a82aea7e87031669 to remote] http.headers 136 - http-outgoing-5 >> Connection: Keep-Alive
12-09-2018 12:36:52 LoggingManagedHttpClientConnection.java DEBUG [Forwarding getElementText on session 1850fbce5f951b60a82aea7e87031669 to remote] http.headers 136 - http-outgoing-5 >> User-Agent: Apache-HttpClient/4.5.3 (Java/1.8.0_181)
12-09-2018 12:36:52 LoggingManagedHttpClientConnection.java DEBUG [Forwarding getElementText on session 1850fbce5f951b60a82aea7e87031669 to remote] http.headers 136 - http-outgoing-5 >> Accept-Encoding: gzip,deflate
12-09-2018 12:36:52 Wire.java DEBUG [Forwarding getElementText on session 1850fbce5f951b60a82aea7e87031669 to remote] http.wire 73 - http-outgoing-5 >> "GET /session/1850fbce5f951b60a82aea7e87031669/element/0.5698734955180493-4/text HTTP/1.1[\r][\n]"
12-09-2018 12:36:52 Wire.java DEBUG [Forwarding getElementText on session 1850fbce5f951b60a82aea7e87031669 to remote] http.wire 73 - http-outgoing-5 >> "Cache-Control: no-cache[\r][\n]"
12-09-2018 12:36:52 Wire.java DEBUG [Forwarding getElementText on session 1850fbce5f951b60a82aea7e87031669 to remote] http.wire 73 - http-outgoing-5 >> "Host: localhost:19590[\r][\n]"
12-09-2018 12:36:52 Wire.java DEBUG [Forwarding getElementText on session 1850fbce5f951b60a82aea7e87031669 to remote] http.wire 73 - http-outgoing-5 >> "Connection: Keep-Alive[\r][\n]"
12-09-2018 12:36:52 Wire.java DEBUG [Forwarding getElementText on session 1850fbce5f951b60a82aea7e87031669 to remote] http.wire 73 - http-outgoing-5 >> "User-Agent: Apache-HttpClient/4.5.3 (Java/1.8.0_181)[\r][\n]"
12-09-2018 12:36:52 Wire.java DEBUG [Forwarding getElementText on session 1850fbce5f951b60a82aea7e87031669 to remote] http.wire 73 - http-outgoing-5 >> "Accept-Encoding: gzip,deflate[\r][\n]"
12-09-2018 12:36:52 Wire.java DEBUG [Forwarding getElementText on session 1850fbce5f951b60a82aea7e87031669 to remote] http.wire 73 - http-outgoing-5 >> "[\r][\n]"
12-09-2018 12:36:52 Wire.java DEBUG [Forwarding getElementText on session 1850fbce5f951b60a82aea7e87031669 to remote] http.wire 73 - http-outgoing-5 << "HTTP/1.1 200 OK[\r][\n]"
12-09-2018 12:36:52 Wire.java DEBUG [Forwarding getElementText on session 1850fbce5f951b60a82aea7e87031669 to remote] http.wire 73 - http-outgoing-5 << "Content-Length:70[\r][\n]"
12-09-2018 12:36:52 Wire.java DEBUG [Forwarding getElementText on session 1850fbce5f951b60a82aea7e87031669 to remote] http.wire 73 - http-outgoing-5 << "Content-Type:application/json; charset=utf-8[\r][\n]"
12-09-2018 12:36:52 Wire.java DEBUG [Forwarding getElementText on session 1850fbce5f951b60a82aea7e87031669 to remote] http.wire 73 - http-outgoing-5 << "[\r][\n]"
12-09-2018 12:36:52 Wire.java DEBUG [Forwarding getElementText on session 1850fbce5f951b60a82aea7e87031669 to remote] http.wire 87 - http-outgoing-5 << "{"sessionId":"1850fbce5f951b60a82aea7e87031669","status":0,"value":""}"
12-09-2018 12:36:52 LoggingManagedHttpClientConnection.java DEBUG [Forwarding getElementText on session 1850fbce5f951b60a82aea7e87031669 to remote] http.headers 122 - http-outgoing-5 << HTTP/1.1 200 OK
12-09-2018 12:36:52 LoggingManagedHttpClientConnection.java DEBUG [Forwarding getElementText on session 1850fbce5f951b60a82aea7e87031669 to remote] http.headers 125 - http-outgoing-5 << Content-Length:70
12-09-2018 12:36:52 LoggingManagedHttpClientConnection.java DEBUG [Forwarding getElementText on session 1850fbce5f951b60a82aea7e87031669 to remote] http.headers 125 - http-outgoing-5 << Content-Type:application/json; charset=utf-8
12-09-2018 12:36:52 MainClientExec.java DEBUG [Forwarding getElementText on session 1850fbce5f951b60a82aea7e87031669 to remote] execchain.MainClientExec 285 - Connection can be kept alive indefinitely
12-09-2018 12:36:52 PoolingHttpClientConnectionManager.java DEBUG [Forwarding getElementText on session 1850fbce5f951b60a82aea7e87031669 to remote] conn.PoolingHttpClientConnectionManager 320 - Connection [id: 5][route: {}->http://localhost:19590] can be kept alive indefinitely
12-09-2018 12:36:52 PoolingHttpClientConnectionManager.java DEBUG [Forwarding getElementText on session 1850fbce5f951b60a82aea7e87031669 to remote] conn.PoolingHttpClientConnectionManager 326 - Connection released: [id: 5][route: {}->http://localhost:19590][total kept alive: 1; route allocated: 1 of 2000; total allocated: 1 of 2000]
12-09-2018 12:36:52 Base.java INFO  [main] EnterPasswordPage 31 - Execution Started
12-09-2018 12:36:52 Base.java INFO  [main] Utils 31 - Execution Started
12-09-2018 12:36:52 RequestAddCookies.java DEBUG [Forwarding findElement on session 1850fbce5f951b60a82aea7e87031669 to remote] protocol.RequestAddCookies 123 - CookieSpec selected: default
12-09-2018 12:36:52 RequestAuthCache.java DEBUG [Forwarding findElement on session 1850fbce5f951b60a82aea7e87031669 to remote] protocol.RequestAuthCache 77 - Auth cache not set in the context
12-09-2018 12:36:52 PoolingHttpClientConnectionManager.java DEBUG [Forwarding findElement on session 1850fbce5f951b60a82aea7e87031669 to remote] conn.PoolingHttpClientConnectionManager 255 - Connection request: [route: {}->http://localhost:19590][total kept alive: 1; route allocated: 1 of 2000; total allocated: 1 of 2000]
12-09-2018 12:36:52 PoolingHttpClientConnectionManager.java DEBUG [Forwarding findElement on session 1850fbce5f951b60a82aea7e87031669 to remote] conn.PoolingHttpClientConnectionManager 288 - Connection leased: [id: 5][route: {}->http://localhost:19590][total kept alive: 0; route allocated: 1 of 2000; total allocated: 1 of 2000]
12-09-2018 12:36:52 MainClientExec.java DEBUG [Forwarding findElement on session 1850fbce5f951b60a82aea7e87031669 to remote] execchain.MainClientExec 208 - Stale connection check
12-09-2018 12:36:52 Wire.java DEBUG [Forwarding findElement on session 1850fbce5f951b60a82aea7e87031669 to remote] http.wire 87 - http-outgoing-5 << "[read] I/O error: Read timed out"
12-09-2018 12:36:52 LoggingManagedHttpClientConnection.java DEBUG [Forwarding findElement on session 1850fbce5f951b60a82aea7e87031669 to remote] conn.DefaultManagedHttpClientConnection 88 - http-outgoing-5: set socket timeout to 10800000
12-09-2018 12:36:52 MainClientExec.java DEBUG [Forwarding findElement on session 1850fbce5f951b60a82aea7e87031669 to remote] execchain.MainClientExec 256 - Executing request POST /session/1850fbce5f951b60a82aea7e87031669/element HTTP/1.1
12-09-2018 12:36:52 MainClientExec.java DEBUG [Forwarding findElement on session 1850fbce5f951b60a82aea7e87031669 to remote] execchain.MainClientExec 261 - Target auth state: UNCHALLENGED
12-09-2018 12:36:52 MainClientExec.java DEBUG [Forwarding findElement on session 1850fbce5f951b60a82aea7e87031669 to remote] execchain.MainClientExec 267 - Proxy auth state: UNCHALLENGED
12-09-2018 12:36:52 LoggingManagedHttpClientConnection.java DEBUG [Forwarding findElement on session 1850fbce5f951b60a82aea7e87031669 to remote] http.headers 133 - http-outgoing-5 >> POST /session/1850fbce5f951b60a82aea7e87031669/element HTTP/1.1
12-09-2018 12:36:52 LoggingManagedHttpClientConnection.java DEBUG [Forwarding findElement on session 1850fbce5f951b60a82aea7e87031669 to remote] http.headers 136 - http-outgoing-5 >> Content-Type: application/json; charset=utf-8
12-09-2018 12:36:52 LoggingManagedHttpClientConnection.java DEBUG [Forwarding findElement on session 1850fbce5f951b60a82aea7e87031669 to remote] http.headers 136 - http-outgoing-5 >> Content-Length: 53
12-09-2018 12:36:52 LoggingManagedHttpClientConnection.java DEBUG [Forwarding findElement on session 1850fbce5f951b60a82aea7e87031669 to remote] http.headers 136 - http-outgoing-5 >> Host: localhost:19590
12-09-2018 12:36:52 LoggingManagedHttpClientConnection.java DEBUG [Forwarding findElement on session 1850fbce5f951b60a82aea7e87031669 to remote] http.headers 136 - http-outgoing-5 >> Connection: Keep-Alive
12-09-2018 12:36:52 LoggingManagedHttpClientConnection.java DEBUG [Forwarding findElement on session 1850fbce5f951b60a82aea7e87031669 to remote] http.headers 136 - http-outgoing-5 >> User-Agent: Apache-HttpClient/4.5.3 (Java/1.8.0_181)
12-09-2018 12:36:52 LoggingManagedHttpClientConnection.java DEBUG [Forwarding findElement on session 1850fbce5f951b60a82aea7e87031669 to remote] http.headers 136 - http-outgoing-5 >> Accept-Encoding: gzip,deflate
12-09-2018 12:36:52 Wire.java DEBUG [Forwarding findElement on session 1850fbce5f951b60a82aea7e87031669 to remote] http.wire 73 - http-outgoing-5 >> "POST /session/1850fbce5f951b60a82aea7e87031669/element HTTP/1.1[\r][\n]"
12-09-2018 12:36:52 Wire.java DEBUG [Forwarding findElement on session 1850fbce5f951b60a82aea7e87031669 to remote] http.wire 73 - http-outgoing-5 >> "Content-Type: application/json; charset=utf-8[\r][\n]"
12-09-2018 12:36:52 Wire.java DEBUG [Forwarding findElement on session 1850fbce5f951b60a82aea7e87031669 to remote] http.wire 73 - http-outgoing-5 >> "Content-Length: 53[\r][\n]"
12-09-2018 12:36:52 Wire.java DEBUG [Forwarding findElement on session 1850fbce5f951b60a82aea7e87031669 to remote] http.wire 73 - http-outgoing-5 >> "Host: localhost:19590[\r][\n]"
12-09-2018 12:36:52 Wire.java DEBUG [Forwarding findElement on session 1850fbce5f951b60a82aea7e87031669 to remote] http.wire 73 - http-outgoing-5 >> "Connection: Keep-Alive[\r][\n]"
12-09-2018 12:36:52 Wire.java DEBUG [Forwarding findElement on session 1850fbce5f951b60a82aea7e87031669 to remote] http.wire 73 - http-outgoing-5 >> "User-Agent: Apache-HttpClient/4.5.3 (Java/1.8.0_181)[\r][\n]"
12-09-2018 12:36:52 Wire.java DEBUG [Forwarding findElement on session 1850fbce5f951b60a82aea7e87031669 to remote] http.wire 73 - http-outgoing-5 >> "Accept-Encoding: gzip,deflate[\r][\n]"
12-09-2018 12:36:52 Wire.java DEBUG [Forwarding findElement on session 1850fbce5f951b60a82aea7e87031669 to remote] http.wire 73 - http-outgoing-5 >> "[\r][\n]"
12-09-2018 12:36:52 Wire.java DEBUG [Forwarding findElement on session 1850fbce5f951b60a82aea7e87031669 to remote] http.wire 87 - http-outgoing-5 >> "{"using":"xpath","value":"//input[@type='password']"}"
12-09-2018 12:36:52 Wire.java DEBUG [Forwarding findElement on session 1850fbce5f951b60a82aea7e87031669 to remote] http.wire 73 - http-outgoing-5 << "HTTP/1.1 200 OK[\r][\n]"
12-09-2018 12:36:52 Wire.java DEBUG [Forwarding findElement on session 1850fbce5f951b60a82aea7e87031669 to remote] http.wire 73 - http-outgoing-5 << "Content-Length:102[\r][\n]"
12-09-2018 12:36:52 Wire.java DEBUG [Forwarding findElement on session 1850fbce5f951b60a82aea7e87031669 to remote] http.wire 73 - http-outgoing-5 << "Content-Type:application/json; charset=utf-8[\r][\n]"
12-09-2018 12:36:52 Wire.java DEBUG [Forwarding findElement on session 1850fbce5f951b60a82aea7e87031669 to remote] http.wire 73 - http-outgoing-5 << "[\r][\n]"
12-09-2018 12:36:52 Wire.java DEBUG [Forwarding findElement on session 1850fbce5f951b60a82aea7e87031669 to remote] http.wire 87 - http-outgoing-5 << "{"sessionId":"1850fbce5f951b60a82aea7e87031669","status":0,"value":{"ELEMENT":"0.5698734955180493-5"}}"
12-09-2018 12:36:52 LoggingManagedHttpClientConnection.java DEBUG [Forwarding findElement on session 1850fbce5f951b60a82aea7e87031669 to remote] http.headers 122 - http-outgoing-5 << HTTP/1.1 200 OK
12-09-2018 12:36:52 LoggingManagedHttpClientConnection.java DEBUG [Forwarding findElement on session 1850fbce5f951b60a82aea7e87031669 to remote] http.headers 125 - http-outgoing-5 << Content-Length:102
12-09-2018 12:36:52 LoggingManagedHttpClientConnection.java DEBUG [Forwarding findElement on session 1850fbce5f951b60a82aea7e87031669 to remote] http.headers 125 - http-outgoing-5 << Content-Type:application/json; charset=utf-8
12-09-2018 12:36:52 MainClientExec.java DEBUG [Forwarding findElement on session 1850fbce5f951b60a82aea7e87031669 to remote] execchain.MainClientExec 285 - Connection can be kept alive indefinitely
12-09-2018 12:36:52 PoolingHttpClientConnectionManager.java DEBUG [Forwarding findElement on session 1850fbce5f951b60a82aea7e87031669 to remote] conn.PoolingHttpClientConnectionManager 320 - Connection [id: 5][route: {}->http://localhost:19590] can be kept alive indefinitely
12-09-2018 12:36:52 PoolingHttpClientConnectionManager.java DEBUG [Forwarding findElement on session 1850fbce5f951b60a82aea7e87031669 to remote] conn.PoolingHttpClientConnectionManager 326 - Connection released: [id: 5][route: {}->http://localhost:19590][total kept alive: 1; route allocated: 1 of 2000; total allocated: 1 of 2000]
12-09-2018 12:36:52 RequestAddCookies.java DEBUG [Forwarding isElementDisplayed on session 1850fbce5f951b60a82aea7e87031669 to remote] protocol.RequestAddCookies 123 - CookieSpec selected: default
12-09-2018 12:36:52 RequestAuthCache.java DEBUG [Forwarding isElementDisplayed on session 1850fbce5f951b60a82aea7e87031669 to remote] protocol.RequestAuthCache 77 - Auth cache not set in the context
12-09-2018 12:36:52 PoolingHttpClientConnectionManager.java DEBUG [Forwarding isElementDisplayed on session 1850fbce5f951b60a82aea7e87031669 to remote] conn.PoolingHttpClientConnectionManager 255 - Connection request: [route: {}->http://localhost:19590][total kept alive: 1; route allocated: 1 of 2000; total allocated: 1 of 2000]
12-09-2018 12:36:52 PoolingHttpClientConnectionManager.java DEBUG [Forwarding isElementDisplayed on session 1850fbce5f951b60a82aea7e87031669 to remote] conn.PoolingHttpClientConnectionManager 288 - Connection leased: [id: 5][route: {}->http://localhost:19590][total kept alive: 0; route allocated: 1 of 2000; total allocated: 1 of 2000]
12-09-2018 12:36:52 MainClientExec.java DEBUG [Forwarding isElementDisplayed on session 1850fbce5f951b60a82aea7e87031669 to remote] execchain.MainClientExec 208 - Stale connection check
12-09-2018 12:36:52 Wire.java DEBUG [Forwarding isElementDisplayed on session 1850fbce5f951b60a82aea7e87031669 to remote] http.wire 87 - http-outgoing-5 << "[read] I/O error: Read timed out"
12-09-2018 12:36:52 LoggingManagedHttpClientConnection.java DEBUG [Forwarding isElementDisplayed on session 1850fbce5f951b60a82aea7e87031669 to remote] conn.DefaultManagedHttpClientConnection 88 - http-outgoing-5: set socket timeout to 10800000
12-09-2018 12:36:52 MainClientExec.java DEBUG [Forwarding isElementDisplayed on session 1850fbce5f951b60a82aea7e87031669 to remote] execchain.MainClientExec 256 - Executing request GET /session/1850fbce5f951b60a82aea7e87031669/element/0.5698734955180493-5/displayed HTTP/1.1
12-09-2018 12:36:52 MainClientExec.java DEBUG [Forwarding isElementDisplayed on session 1850fbce5f951b60a82aea7e87031669 to remote] execchain.MainClientExec 261 - Target auth state: UNCHALLENGED
12-09-2018 12:36:52 MainClientExec.java DEBUG [Forwarding isElementDisplayed on session 1850fbce5f951b60a82aea7e87031669 to remote] execchain.MainClientExec 267 - Proxy auth state: UNCHALLENGED
12-09-2018 12:36:52 LoggingManagedHttpClientConnection.java DEBUG [Forwarding isElementDisplayed on session 1850fbce5f951b60a82aea7e87031669 to remote] http.headers 133 - http-outgoing-5 >> GET /session/1850fbce5f951b60a82aea7e87031669/element/0.5698734955180493-5/displayed HTTP/1.1
12-09-2018 12:36:52 LoggingManagedHttpClientConnection.java DEBUG [Forwarding isElementDisplayed on session 1850fbce5f951b60a82aea7e87031669 to remote] http.headers 136 - http-outgoing-5 >> Cache-Control: no-cache
12-09-2018 12:36:52 LoggingManagedHttpClientConnection.java DEBUG [Forwarding isElementDisplayed on session 1850fbce5f951b60a82aea7e87031669 to remote] http.headers 136 - http-outgoing-5 >> Host: localhost:19590
12-09-2018 12:36:52 LoggingManagedHttpClientConnection.java DEBUG [Forwarding isElementDisplayed on session 1850fbce5f951b60a82aea7e87031669 to remote] http.headers 136 - http-outgoing-5 >> Connection: Keep-Alive
12-09-2018 12:36:52 LoggingManagedHttpClientConnection.java DEBUG [Forwarding isElementDisplayed on session 1850fbce5f951b60a82aea7e87031669 to remote] http.headers 136 - http-outgoing-5 >> User-Agent: Apache-HttpClient/4.5.3 (Java/1.8.0_181)
12-09-2018 12:36:52 LoggingManagedHttpClientConnection.java DEBUG [Forwarding isElementDisplayed on session 1850fbce5f951b60a82aea7e87031669 to remote] http.headers 136 - http-outgoing-5 >> Accept-Encoding: gzip,deflate
12-09-2018 12:36:52 Wire.java DEBUG [Forwarding isElementDisplayed on session 1850fbce5f951b60a82aea7e87031669 to remote] http.wire 73 - http-outgoing-5 >> "GET /session/1850fbce5f951b60a82aea7e87031669/element/0.5698734955180493-5/displayed HTTP/1.1[\r][\n]"
12-09-2018 12:36:52 Wire.java DEBUG [Forwarding isElementDisplayed on session 1850fbce5f951b60a82aea7e87031669 to remote] http.wire 73 - http-outgoing-5 >> "Cache-Control: no-cache[\r][\n]"
12-09-2018 12:36:52 Wire.java DEBUG [Forwarding isElementDisplayed on session 1850fbce5f951b60a82aea7e87031669 to remote] http.wire 73 - http-outgoing-5 >> "Host: localhost:19590[\r][\n]"
12-09-2018 12:36:52 Wire.java DEBUG [Forwarding isElementDisplayed on session 1850fbce5f951b60a82aea7e87031669 to remote] http.wire 73 - http-outgoing-5 >> "Connection: Keep-Alive[\r][\n]"
12-09-2018 12:36:52 Wire.java DEBUG [Forwarding isElementDisplayed on session 1850fbce5f951b60a82aea7e87031669 to remote] http.wire 73 - http-outgoing-5 >> "User-Agent: Apache-HttpClient/4.5.3 (Java/1.8.0_181)[\r][\n]"
12-09-2018 12:36:52 Wire.java DEBUG [Forwarding isElementDisplayed on session 1850fbce5f951b60a82aea7e87031669 to remote] http.wire 73 - http-outgoing-5 >> "Accept-Encoding: gzip,deflate[\r][\n]"
12-09-2018 12:36:52 Wire.java DEBUG [Forwarding isElementDisplayed on session 1850fbce5f951b60a82aea7e87031669 to remote] http.wire 73 - http-outgoing-5 >> "[\r][\n]"
12-09-2018 12:36:52 Wire.java DEBUG [Forwarding isElementDisplayed on session 1850fbce5f951b60a82aea7e87031669 to remote] http.wire 73 - http-outgoing-5 << "HTTP/1.1 200 OK[\r][\n]"
12-09-2018 12:36:52 Wire.java DEBUG [Forwarding isElementDisplayed on session 1850fbce5f951b60a82aea7e87031669 to remote] http.wire 73 - http-outgoing-5 << "Content-Length:73[\r][\n]"
12-09-2018 12:36:52 Wire.java DEBUG [Forwarding isElementDisplayed on session 1850fbce5f951b60a82aea7e87031669 to remote] http.wire 73 - http-outgoing-5 << "Content-Type:application/json; charset=utf-8[\r][\n]"
12-09-2018 12:36:52 Wire.java DEBUG [Forwarding isElementDisplayed on session 1850fbce5f951b60a82aea7e87031669 to remote] http.wire 73 - http-outgoing-5 << "[\r][\n]"
12-09-2018 12:36:52 Wire.java DEBUG [Forwarding isElementDisplayed on session 1850fbce5f951b60a82aea7e87031669 to remote] http.wire 87 - http-outgoing-5 << "{"sessionId":"1850fbce5f951b60a82aea7e87031669","status":0,"value":false}"
12-09-2018 12:36:52 LoggingManagedHttpClientConnection.java DEBUG [Forwarding isElementDisplayed on session 1850fbce5f951b60a82aea7e87031669 to remote] http.headers 122 - http-outgoing-5 << HTTP/1.1 200 OK
12-09-2018 12:36:52 LoggingManagedHttpClientConnection.java DEBUG [Forwarding isElementDisplayed on session 1850fbce5f951b60a82aea7e87031669 to remote] http.headers 125 - http-outgoing-5 << Content-Length:73
12-09-2018 12:36:52 LoggingManagedHttpClientConnection.java DEBUG [Forwarding isElementDisplayed on session 1850fbce5f951b60a82aea7e87031669 to remote] http.headers 125 - http-outgoing-5 << Content-Type:application/json; charset=utf-8
12-09-2018 12:36:52 MainClientExec.java DEBUG [Forwarding isElementDisplayed on session 1850fbce5f951b60a82aea7e87031669 to remote] execchain.MainClientExec 285 - Connection can be kept alive indefinitely
12-09-2018 12:36:52 PoolingHttpClientConnectionManager.java DEBUG [Forwarding isElementDisplayed on session 1850fbce5f951b60a82aea7e87031669 to remote] conn.PoolingHttpClientConnectionManager 320 - Connection [id: 5][route: {}->http://localhost:19590] can be kept alive indefinitely
12-09-2018 12:36:52 PoolingHttpClientConnectionManager.java DEBUG [Forwarding isElementDisplayed on session 1850fbce5f951b60a82aea7e87031669 to remote] conn.PoolingHttpClientConnectionManager 326 - Connection released: [id: 5][route: {}->http://localhost:19590][total kept alive: 1; route allocated: 1 of 2000; total allocated: 1 of 2000]
12-09-2018 12:36:53 RequestAddCookies.java DEBUG [Forwarding findElement on session 1850fbce5f951b60a82aea7e87031669 to remote] protocol.RequestAddCookies 123 - CookieSpec selected: default
12-09-2018 12:36:53 RequestAuthCache.java DEBUG [Forwarding findElement on session 1850fbce5f951b60a82aea7e87031669 to remote] protocol.RequestAuthCache 77 - Auth cache not set in the context
12-09-2018 12:36:53 PoolingHttpClientConnectionManager.java DEBUG [Forwarding findElement on session 1850fbce5f951b60a82aea7e87031669 to remote] conn.PoolingHttpClientConnectionManager 255 - Connection request: [route: {}->http://localhost:19590][total kept alive: 1; route allocated: 1 of 2000; total allocated: 1 of 2000]
12-09-2018 12:36:53 PoolingHttpClientConnectionManager.java DEBUG [Forwarding findElement on session 1850fbce5f951b60a82aea7e87031669 to remote] conn.PoolingHttpClientConnectionManager 288 - Connection leased: [id: 5][route: {}->http://localhost:19590][total kept alive: 0; route allocated: 1 of 2000; total allocated: 1 of 2000]
12-09-2018 12:36:53 MainClientExec.java DEBUG [Forwarding findElement on session 1850fbce5f951b60a82aea7e87031669 to remote] execchain.MainClientExec 208 - Stale connection check
12-09-2018 12:36:53 Wire.java DEBUG [Forwarding findElement on session 1850fbce5f951b60a82aea7e87031669 to remote] http.wire 87 - http-outgoing-5 << "[read] I/O error: Read timed out"
12-09-2018 12:36:53 LoggingManagedHttpClientConnection.java DEBUG [Forwarding findElement on session 1850fbce5f951b60a82aea7e87031669 to remote] conn.DefaultManagedHttpClientConnection 88 - http-outgoing-5: set socket timeout to 10800000
12-09-2018 12:36:53 MainClientExec.java DEBUG [Forwarding findElement on session 1850fbce5f951b60a82aea7e87031669 to remote] execchain.MainClientExec 256 - Executing request POST /session/1850fbce5f951b60a82aea7e87031669/element HTTP/1.1
12-09-2018 12:36:53 MainClientExec.java DEBUG [Forwarding findElement on session 1850fbce5f951b60a82aea7e87031669 to remote] execchain.MainClientExec 261 - Target auth state: UNCHALLENGED
12-09-2018 12:36:53 MainClientExec.java DEBUG [Forwarding findElement on session 1850fbce5f951b60a82aea7e87031669 to remote] execchain.MainClientExec 267 - Proxy auth state: UNCHALLENGED
12-09-2018 12:36:53 LoggingManagedHttpClientConnection.java DEBUG [Forwarding findElement on session 1850fbce5f951b60a82aea7e87031669 to remote] http.headers 133 - http-outgoing-5 >> POST /session/1850fbce5f951b60a82aea7e87031669/element HTTP/1.1
12-09-2018 12:36:53 LoggingManagedHttpClientConnection.java DEBUG [Forwarding findElement on session 1850fbce5f951b60a82aea7e87031669 to remote] http.headers 136 - http-outgoing-5 >> Content-Type: application/json; charset=utf-8
12-09-2018 12:36:53 LoggingManagedHttpClientConnection.java DEBUG [Forwarding findElement on session 1850fbce5f951b60a82aea7e87031669 to remote] http.headers 136 - http-outgoing-5 >> Content-Length: 53
12-09-2018 12:36:53 LoggingManagedHttpClientConnection.java DEBUG [Forwarding findElement on session 1850fbce5f951b60a82aea7e87031669 to remote] http.headers 136 - http-outgoing-5 >> Host: localhost:19590
12-09-2018 12:36:53 LoggingManagedHttpClientConnection.java DEBUG [Forwarding findElement on session 1850fbce5f951b60a82aea7e87031669 to remote] http.headers 136 - http-outgoing-5 >> Connection: Keep-Alive
12-09-2018 12:36:53 LoggingManagedHttpClientConnection.java DEBUG [Forwarding findElement on session 1850fbce5f951b60a82aea7e87031669 to remote] http.headers 136 - http-outgoing-5 >> User-Agent: Apache-HttpClient/4.5.3 (Java/1.8.0_181)
12-09-2018 12:36:53 LoggingManagedHttpClientConnection.java DEBUG [Forwarding findElement on session 1850fbce5f951b60a82aea7e87031669 to remote] http.headers 136 - http-outgoing-5 >> Accept-Encoding: gzip,deflate
12-09-2018 12:36:53 Wire.java DEBUG [Forwarding findElement on session 1850fbce5f951b60a82aea7e87031669 to remote] http.wire 73 - http-outgoing-5 >> "POST /session/1850fbce5f951b60a82aea7e87031669/element HTTP/1.1[\r][\n]"
12-09-2018 12:36:53 Wire.java DEBUG [Forwarding findElement on session 1850fbce5f951b60a82aea7e87031669 to remote] http.wire 73 - http-outgoing-5 >> "Content-Type: application/json; charset=utf-8[\r][\n]"
12-09-2018 12:36:53 Wire.java DEBUG [Forwarding findElement on session 1850fbce5f951b60a82aea7e87031669 to remote] http.wire 73 - http-outgoing-5 >> "Content-Length: 53[\r][\n]"
12-09-2018 12:36:53 Wire.java DEBUG [Forwarding findElement on session 1850fbce5f951b60a82aea7e87031669 to remote] http.wire 73 - http-outgoing-5 >> "Host: localhost:19590[\r][\n]"
12-09-2018 12:36:53 Wire.java DEBUG [Forwarding findElement on session 1850fbce5f951b60a82aea7e87031669 to remote] http.wire 73 - http-outgoing-5 >> "Connection: Keep-Alive[\r][\n]"
12-09-2018 12:36:53 Wire.java DEBUG [Forwarding findElement on session 1850fbce5f951b60a82aea7e87031669 to remote] http.wire 73 - http-outgoing-5 >> "User-Agent: Apache-HttpClient/4.5.3 (Java/1.8.0_181)[\r][\n]"
12-09-2018 12:36:53 Wire.java DEBUG [Forwarding findElement on session 1850fbce5f951b60a82aea7e87031669 to remote] http.wire 73 - http-outgoing-5 >> "Accept-Encoding: gzip,deflate[\r][\n]"
12-09-2018 12:36:53 Wire.java DEBUG [Forwarding findElement on session 1850fbce5f951b60a82aea7e87031669 to remote] http.wire 73 - http-outgoing-5 >> "[\r][\n]"
12-09-2018 12:36:53 Wire.java DEBUG [Forwarding findElement on session 1850fbce5f951b60a82aea7e87031669 to remote] http.wire 87 - http-outgoing-5 >> "{"using":"xpath","value":"//input[@type='password']"}"
12-09-2018 12:36:53 Wire.java DEBUG [Forwarding findElement on session 1850fbce5f951b60a82aea7e87031669 to remote] http.wire 73 - http-outgoing-5 << "HTTP/1.1 200 OK[\r][\n]"
12-09-2018 12:36:53 Wire.java DEBUG [Forwarding findElement on session 1850fbce5f951b60a82aea7e87031669 to remote] http.wire 73 - http-outgoing-5 << "Content-Length:102[\r][\n]"
12-09-2018 12:36:53 Wire.java DEBUG [Forwarding findElement on session 1850fbce5f951b60a82aea7e87031669 to remote] http.wire 73 - http-outgoing-5 << "Content-Type:application/json; charset=utf-8[\r][\n]"
12-09-2018 12:36:53 Wire.java DEBUG [Forwarding findElement on session 1850fbce5f951b60a82aea7e87031669 to remote] http.wire 73 - http-outgoing-5 << "[\r][\n]"
12-09-2018 12:36:53 Wire.java DEBUG [Forwarding findElement on session 1850fbce5f951b60a82aea7e87031669 to remote] http.wire 87 - http-outgoing-5 << "{"sessionId":"1850fbce5f951b60a82aea7e87031669","status":0,"value":{"ELEMENT":"0.5698734955180493-6"}}"
12-09-2018 12:36:53 LoggingManagedHttpClientConnection.java DEBUG [Forwarding findElement on session 1850fbce5f951b60a82aea7e87031669 to remote] http.headers 122 - http-outgoing-5 << HTTP/1.1 200 OK
12-09-2018 12:36:53 LoggingManagedHttpClientConnection.java DEBUG [Forwarding findElement on session 1850fbce5f951b60a82aea7e87031669 to remote] http.headers 125 - http-outgoing-5 << Content-Length:102
12-09-2018 12:36:53 LoggingManagedHttpClientConnection.java DEBUG [Forwarding findElement on session 1850fbce5f951b60a82aea7e87031669 to remote] http.headers 125 - http-outgoing-5 << Content-Type:application/json; charset=utf-8
12-09-2018 12:36:53 MainClientExec.java DEBUG [Forwarding findElement on session 1850fbce5f951b60a82aea7e87031669 to remote] execchain.MainClientExec 285 - Connection can be kept alive indefinitely
12-09-2018 12:36:53 PoolingHttpClientConnectionManager.java DEBUG [Forwarding findElement on session 1850fbce5f951b60a82aea7e87031669 to remote] conn.PoolingHttpClientConnectionManager 320 - Connection [id: 5][route: {}->http://localhost:19590] can be kept alive indefinitely
12-09-2018 12:36:53 PoolingHttpClientConnectionManager.java DEBUG [Forwarding findElement on session 1850fbce5f951b60a82aea7e87031669 to remote] conn.PoolingHttpClientConnectionManager 326 - Connection released: [id: 5][route: {}->http://localhost:19590][total kept alive: 1; route allocated: 1 of 2000; total allocated: 1 of 2000]
12-09-2018 12:36:53 RequestAddCookies.java DEBUG [Forwarding isElementDisplayed on session 1850fbce5f951b60a82aea7e87031669 to remote] protocol.RequestAddCookies 123 - CookieSpec selected: default
12-09-2018 12:36:53 RequestAuthCache.java DEBUG [Forwarding isElementDisplayed on session 1850fbce5f951b60a82aea7e87031669 to remote] protocol.RequestAuthCache 77 - Auth cache not set in the context
12-09-2018 12:36:53 PoolingHttpClientConnectionManager.java DEBUG [Forwarding isElementDisplayed on session 1850fbce5f951b60a82aea7e87031669 to remote] conn.PoolingHttpClientConnectionManager 255 - Connection request: [route: {}->http://localhost:19590][total kept alive: 1; route allocated: 1 of 2000; total allocated: 1 of 2000]
12-09-2018 12:36:53 PoolingHttpClientConnectionManager.java DEBUG [Forwarding isElementDisplayed on session 1850fbce5f951b60a82aea7e87031669 to remote] conn.PoolingHttpClientConnectionManager 288 - Connection leased: [id: 5][route: {}->http://localhost:19590][total kept alive: 0; route allocated: 1 of 2000; total allocated: 1 of 2000]
12-09-2018 12:36:53 MainClientExec.java DEBUG [Forwarding isElementDisplayed on session 1850fbce5f951b60a82aea7e87031669 to remote] execchain.MainClientExec 208 - Stale connection check
12-09-2018 12:36:53 Wire.java DEBUG [Forwarding isElementDisplayed on session 1850fbce5f951b60a82aea7e87031669 to remote] http.wire 87 - http-outgoing-5 << "[read] I/O error: Read timed out"
12-09-2018 12:36:53 LoggingManagedHttpClientConnection.java DEBUG [Forwarding isElementDisplayed on session 1850fbce5f951b60a82aea7e87031669 to remote] conn.DefaultManagedHttpClientConnection 88 - http-outgoing-5: set socket timeout to 10800000
12-09-2018 12:36:53 MainClientExec.java DEBUG [Forwarding isElementDisplayed on session 1850fbce5f951b60a82aea7e87031669 to remote] execchain.MainClientExec 256 - Executing request GET /session/1850fbce5f951b60a82aea7e87031669/element/0.5698734955180493-6/displayed HTTP/1.1
12-09-2018 12:36:53 MainClientExec.java DEBUG [Forwarding isElementDisplayed on session 1850fbce5f951b60a82aea7e87031669 to remote] execchain.MainClientExec 261 - Target auth state: UNCHALLENGED
12-09-2018 12:36:53 MainClientExec.java DEBUG [Forwarding isElementDisplayed on session 1850fbce5f951b60a82aea7e87031669 to remote] execchain.MainClientExec 267 - Proxy auth state: UNCHALLENGED
12-09-2018 12:36:53 LoggingManagedHttpClientConnection.java DEBUG [Forwarding isElementDisplayed on session 1850fbce5f951b60a82aea7e87031669 to remote] http.headers 133 - http-outgoing-5 >> GET /session/1850fbce5f951b60a82aea7e87031669/element/0.5698734955180493-6/displayed HTTP/1.1
12-09-2018 12:36:53 LoggingManagedHttpClientConnection.java DEBUG [Forwarding isElementDisplayed on session 1850fbce5f951b60a82aea7e87031669 to remote] http.headers 136 - http-outgoing-5 >> Cache-Control: no-cache
12-09-2018 12:36:53 LoggingManagedHttpClientConnection.java DEBUG [Forwarding isElementDisplayed on session 1850fbce5f951b60a82aea7e87031669 to remote] http.headers 136 - http-outgoing-5 >> Host: localhost:19590
12-09-2018 12:36:53 LoggingManagedHttpClientConnection.java DEBUG [Forwarding isElementDisplayed on session 1850fbce5f951b60a82aea7e87031669 to remote] http.headers 136 - http-outgoing-5 >> Connection: Keep-Alive
12-09-2018 12:36:53 LoggingManagedHttpClientConnection.java DEBUG [Forwarding isElementDisplayed on session 1850fbce5f951b60a82aea7e87031669 to remote] http.headers 136 - http-outgoing-5 >> User-Agent: Apache-HttpClient/4.5.3 (Java/1.8.0_181)
12-09-2018 12:36:53 LoggingManagedHttpClientConnection.java DEBUG [Forwarding isElementDisplayed on session 1850fbce5f951b60a82aea7e87031669 to remote] http.headers 136 - http-outgoing-5 >> Accept-Encoding: gzip,deflate
12-09-2018 12:36:53 Wire.java DEBUG [Forwarding isElementDisplayed on session 1850fbce5f951b60a82aea7e87031669 to remote] http.wire 73 - http-outgoing-5 >> "GET /session/1850fbce5f951b60a82aea7e87031669/element/0.5698734955180493-6/displayed HTTP/1.1[\r][\n]"
12-09-2018 12:36:53 Wire.java DEBUG [Forwarding isElementDisplayed on session 1850fbce5f951b60a82aea7e87031669 to remote] http.wire 73 - http-outgoing-5 >> "Cache-Control: no-cache[\r][\n]"
12-09-2018 12:36:53 Wire.java DEBUG [Forwarding isElementDisplayed on session 1850fbce5f951b60a82aea7e87031669 to remote] http.wire 73 - http-outgoing-5 >> "Host: localhost:19590[\r][\n]"
12-09-2018 12:36:53 Wire.java DEBUG [Forwarding isElementDisplayed on session 1850fbce5f951b60a82aea7e87031669 to remote] http.wire 73 - http-outgoing-5 >> "Connection: Keep-Alive[\r][\n]"
12-09-2018 12:36:53 Wire.java DEBUG [Forwarding isElementDisplayed on session 1850fbce5f951b60a82aea7e87031669 to remote] http.wire 73 - http-outgoing-5 >> "User-Agent: Apache-HttpClient/4.5.3 (Java/1.8.0_181)[\r][\n]"
12-09-2018 12:36:53 Wire.java DEBUG [Forwarding isElementDisplayed on session 1850fbce5f951b60a82aea7e87031669 to remote] http.wire 73 - http-outgoing-5 >> "Accept-Encoding: gzip,deflate[\r][\n]"
12-09-2018 12:36:53 Wire.java DEBUG [Forwarding isElementDisplayed on session 1850fbce5f951b60a82aea7e87031669 to remote] http.wire 73 - http-outgoing-5 >> "[\r][\n]"
12-09-2018 12:36:53 Wire.java DEBUG [Forwarding isElementDisplayed on session 1850fbce5f951b60a82aea7e87031669 to remote] http.wire 73 - http-outgoing-5 << "HTTP/1.1 200 OK[\r][\n]"
12-09-2018 12:36:53 Wire.java DEBUG [Forwarding isElementDisplayed on session 1850fbce5f951b60a82aea7e87031669 to remote] http.wire 73 - http-outgoing-5 << "Content-Length:72[\r][\n]"
12-09-2018 12:36:53 Wire.java DEBUG [Forwarding isElementDisplayed on session 1850fbce5f951b60a82aea7e87031669 to remote] http.wire 73 - http-outgoing-5 << "Content-Type:application/json; charset=utf-8[\r][\n]"
12-09-2018 12:36:53 Wire.java DEBUG [Forwarding isElementDisplayed on session 1850fbce5f951b60a82aea7e87031669 to remote] http.wire 73 - http-outgoing-5 << "[\r][\n]"
12-09-2018 12:36:53 Wire.java DEBUG [Forwarding isElementDisplayed on session 1850fbce5f951b60a82aea7e87031669 to remote] http.wire 87 - http-outgoing-5 << "{"sessionId":"1850fbce5f951b60a82aea7e87031669","status":0,"value":true}"
12-09-2018 12:36:53 LoggingManagedHttpClientConnection.java DEBUG [Forwarding isElementDisplayed on session 1850fbce5f951b60a82aea7e87031669 to remote] http.headers 122 - http-outgoing-5 << HTTP/1.1 200 OK
12-09-2018 12:36:53 LoggingManagedHttpClientConnection.java DEBUG [Forwarding isElementDisplayed on session 1850fbce5f951b60a82aea7e87031669 to remote] http.headers 125 - http-outgoing-5 << Content-Length:72
12-09-2018 12:36:53 LoggingManagedHttpClientConnection.java DEBUG [Forwarding isElementDisplayed on session 1850fbce5f951b60a82aea7e87031669 to remote] http.headers 125 - http-outgoing-5 << Content-Type:application/json; charset=utf-8
12-09-2018 12:36:53 MainClientExec.java DEBUG [Forwarding isElementDisplayed on session 1850fbce5f951b60a82aea7e87031669 to remote] execchain.MainClientExec 285 - Connection can be kept alive indefinitely
12-09-2018 12:36:53 PoolingHttpClientConnectionManager.java DEBUG [Forwarding isElementDisplayed on session 1850fbce5f951b60a82aea7e87031669 to remote] conn.PoolingHttpClientConnectionManager 320 - Connection [id: 5][route: {}->http://localhost:19590] can be kept alive indefinitely
12-09-2018 12:36:53 PoolingHttpClientConnectionManager.java DEBUG [Forwarding isElementDisplayed on session 1850fbce5f951b60a82aea7e87031669 to remote] conn.PoolingHttpClientConnectionManager 326 - Connection released: [id: 5][route: {}->http://localhost:19590][total kept alive: 1; route allocated: 1 of 2000; total allocated: 1 of 2000]
12-09-2018 12:36:53 RequestAddCookies.java DEBUG [Forwarding findElement on session 1850fbce5f951b60a82aea7e87031669 to remote] protocol.RequestAddCookies 123 - CookieSpec selected: default
12-09-2018 12:36:53 RequestAuthCache.java DEBUG [Forwarding findElement on session 1850fbce5f951b60a82aea7e87031669 to remote] protocol.RequestAuthCache 77 - Auth cache not set in the context
12-09-2018 12:36:53 PoolingHttpClientConnectionManager.java DEBUG [Forwarding findElement on session 1850fbce5f951b60a82aea7e87031669 to remote] conn.PoolingHttpClientConnectionManager 255 - Connection request: [route: {}->http://localhost:19590][total kept alive: 1; route allocated: 1 of 2000; total allocated: 1 of 2000]
12-09-2018 12:36:53 PoolingHttpClientConnectionManager.java DEBUG [Forwarding findElement on session 1850fbce5f951b60a82aea7e87031669 to remote] conn.PoolingHttpClientConnectionManager 288 - Connection leased: [id: 5][route: {}->http://localhost:19590][total kept alive: 0; route allocated: 1 of 2000; total allocated: 1 of 2000]
12-09-2018 12:36:53 MainClientExec.java DEBUG [Forwarding findElement on session 1850fbce5f951b60a82aea7e87031669 to remote] execchain.MainClientExec 208 - Stale connection check
12-09-2018 12:36:53 Wire.java DEBUG [Forwarding findElement on session 1850fbce5f951b60a82aea7e87031669 to remote] http.wire 87 - http-outgoing-5 << "[read] I/O error: Read timed out"
12-09-2018 12:36:53 LoggingManagedHttpClientConnection.java DEBUG [Forwarding findElement on session 1850fbce5f951b60a82aea7e87031669 to remote] conn.DefaultManagedHttpClientConnection 88 - http-outgoing-5: set socket timeout to 10800000
12-09-2018 12:36:53 MainClientExec.java DEBUG [Forwarding findElement on session 1850fbce5f951b60a82aea7e87031669 to remote] execchain.MainClientExec 256 - Executing request POST /session/1850fbce5f951b60a82aea7e87031669/element HTTP/1.1
12-09-2018 12:36:53 MainClientExec.java DEBUG [Forwarding findElement on session 1850fbce5f951b60a82aea7e87031669 to remote] execchain.MainClientExec 261 - Target auth state: UNCHALLENGED
12-09-2018 12:36:53 MainClientExec.java DEBUG [Forwarding findElement on session 1850fbce5f951b60a82aea7e87031669 to remote] execchain.MainClientExec 267 - Proxy auth state: UNCHALLENGED
12-09-2018 12:36:53 LoggingManagedHttpClientConnection.java DEBUG [Forwarding findElement on session 1850fbce5f951b60a82aea7e87031669 to remote] http.headers 133 - http-outgoing-5 >> POST /session/1850fbce5f951b60a82aea7e87031669/element HTTP/1.1
12-09-2018 12:36:53 LoggingManagedHttpClientConnection.java DEBUG [Forwarding findElement on session 1850fbce5f951b60a82aea7e87031669 to remote] http.headers 136 - http-outgoing-5 >> Content-Type: application/json; charset=utf-8
12-09-2018 12:36:53 LoggingManagedHttpClientConnection.java DEBUG [Forwarding findElement on session 1850fbce5f951b60a82aea7e87031669 to remote] http.headers 136 - http-outgoing-5 >> Content-Length: 53
12-09-2018 12:36:53 LoggingManagedHttpClientConnection.java DEBUG [Forwarding findElement on session 1850fbce5f951b60a82aea7e87031669 to remote] http.headers 136 - http-outgoing-5 >> Host: localhost:19590
12-09-2018 12:36:53 LoggingManagedHttpClientConnection.java DEBUG [Forwarding findElement on session 1850fbce5f951b60a82aea7e87031669 to remote] http.headers 136 - http-outgoing-5 >> Connection: Keep-Alive
12-09-2018 12:36:53 LoggingManagedHttpClientConnection.java DEBUG [Forwarding findElement on session 1850fbce5f951b60a82aea7e87031669 to remote] http.headers 136 - http-outgoing-5 >> User-Agent: Apache-HttpClient/4.5.3 (Java/1.8.0_181)
12-09-2018 12:36:53 LoggingManagedHttpClientConnection.java DEBUG [Forwarding findElement on session 1850fbce5f951b60a82aea7e87031669 to remote] http.headers 136 - http-outgoing-5 >> Accept-Encoding: gzip,deflate
12-09-2018 12:36:53 Wire.java DEBUG [Forwarding findElement on session 1850fbce5f951b60a82aea7e87031669 to remote] http.wire 73 - http-outgoing-5 >> "POST /session/1850fbce5f951b60a82aea7e87031669/element HTTP/1.1[\r][\n]"
12-09-2018 12:36:53 Wire.java DEBUG [Forwarding findElement on session 1850fbce5f951b60a82aea7e87031669 to remote] http.wire 73 - http-outgoing-5 >> "Content-Type: application/json; charset=utf-8[\r][\n]"
12-09-2018 12:36:53 Wire.java DEBUG [Forwarding findElement on session 1850fbce5f951b60a82aea7e87031669 to remote] http.wire 73 - http-outgoing-5 >> "Content-Length: 53[\r][\n]"
12-09-2018 12:36:53 Wire.java DEBUG [Forwarding findElement on session 1850fbce5f951b60a82aea7e87031669 to remote] http.wire 73 - http-outgoing-5 >> "Host: localhost:19590[\r][\n]"
12-09-2018 12:36:53 Wire.java DEBUG [Forwarding findElement on session 1850fbce5f951b60a82aea7e87031669 to remote] http.wire 73 - http-outgoing-5 >> "Connection: Keep-Alive[\r][\n]"
12-09-2018 12:36:53 Wire.java DEBUG [Forwarding findElement on session 1850fbce5f951b60a82aea7e87031669 to remote] http.wire 73 - http-outgoing-5 >> "User-Agent: Apache-HttpClient/4.5.3 (Java/1.8.0_181)[\r][\n]"
12-09-2018 12:36:53 Wire.java DEBUG [Forwarding findElement on session 1850fbce5f951b60a82aea7e87031669 to remote] http.wire 73 - http-outgoing-5 >> "Accept-Encoding: gzip,deflate[\r][\n]"
12-09-2018 12:36:53 Wire.java DEBUG [Forwarding findElement on session 1850fbce5f951b60a82aea7e87031669 to remote] http.wire 73 - http-outgoing-5 >> "[\r][\n]"
12-09-2018 12:36:53 Wire.java DEBUG [Forwarding findElement on session 1850fbce5f951b60a82aea7e87031669 to remote] http.wire 87 - http-outgoing-5 >> "{"using":"xpath","value":"//input[@type='password']"}"
12-09-2018 12:36:53 Wire.java DEBUG [Forwarding findElement on session 1850fbce5f951b60a82aea7e87031669 to remote] http.wire 73 - http-outgoing-5 << "HTTP/1.1 200 OK[\r][\n]"
12-09-2018 12:36:53 Wire.java DEBUG [Forwarding findElement on session 1850fbce5f951b60a82aea7e87031669 to remote] http.wire 73 - http-outgoing-5 << "Content-Length:102[\r][\n]"
12-09-2018 12:36:53 Wire.java DEBUG [Forwarding findElement on session 1850fbce5f951b60a82aea7e87031669 to remote] http.wire 73 - http-outgoing-5 << "Content-Type:application/json; charset=utf-8[\r][\n]"
12-09-2018 12:36:53 Wire.java DEBUG [Forwarding findElement on session 1850fbce5f951b60a82aea7e87031669 to remote] http.wire 73 - http-outgoing-5 << "[\r][\n]"
12-09-2018 12:36:53 Wire.java DEBUG [Forwarding findElement on session 1850fbce5f951b60a82aea7e87031669 to remote] http.wire 87 - http-outgoing-5 << "{"sessionId":"1850fbce5f951b60a82aea7e87031669","status":0,"value":{"ELEMENT":"0.5698734955180493-6"}}"
12-09-2018 12:36:53 LoggingManagedHttpClientConnection.java DEBUG [Forwarding findElement on session 1850fbce5f951b60a82aea7e87031669 to remote] http.headers 122 - http-outgoing-5 << HTTP/1.1 200 OK
12-09-2018 12:36:53 LoggingManagedHttpClientConnection.java DEBUG [Forwarding findElement on session 1850fbce5f951b60a82aea7e87031669 to remote] http.headers 125 - http-outgoing-5 << Content-Length:102
12-09-2018 12:36:53 LoggingManagedHttpClientConnection.java DEBUG [Forwarding findElement on session 1850fbce5f951b60a82aea7e87031669 to remote] http.headers 125 - http-outgoing-5 << Content-Type:application/json; charset=utf-8
12-09-2018 12:36:53 MainClientExec.java DEBUG [Forwarding findElement on session 1850fbce5f951b60a82aea7e87031669 to remote] execchain.MainClientExec 285 - Connection can be kept alive indefinitely
12-09-2018 12:36:53 PoolingHttpClientConnectionManager.java DEBUG [Forwarding findElement on session 1850fbce5f951b60a82aea7e87031669 to remote] conn.PoolingHttpClientConnectionManager 320 - Connection [id: 5][route: {}->http://localhost:19590] can be kept alive indefinitely
12-09-2018 12:36:53 PoolingHttpClientConnectionManager.java DEBUG [Forwarding findElement on session 1850fbce5f951b60a82aea7e87031669 to remote] conn.PoolingHttpClientConnectionManager 326 - Connection released: [id: 5][route: {}->http://localhost:19590][total kept alive: 1; route allocated: 1 of 2000; total allocated: 1 of 2000]
12-09-2018 12:36:53 RequestAddCookies.java DEBUG [Forwarding isElementDisplayed on session 1850fbce5f951b60a82aea7e87031669 to remote] protocol.RequestAddCookies 123 - CookieSpec selected: default
12-09-2018 12:36:53 RequestAuthCache.java DEBUG [Forwarding isElementDisplayed on session 1850fbce5f951b60a82aea7e87031669 to remote] protocol.RequestAuthCache 77 - Auth cache not set in the context
12-09-2018 12:36:53 PoolingHttpClientConnectionManager.java DEBUG [Forwarding isElementDisplayed on session 1850fbce5f951b60a82aea7e87031669 to remote] conn.PoolingHttpClientConnectionManager 255 - Connection request: [route: {}->http://localhost:19590][total kept alive: 1; route allocated: 1 of 2000; total allocated: 1 of 2000]
12-09-2018 12:36:53 PoolingHttpClientConnectionManager.java DEBUG [Forwarding isElementDisplayed on session 1850fbce5f951b60a82aea7e87031669 to remote] conn.PoolingHttpClientConnectionManager 288 - Connection leased: [id: 5][route: {}->http://localhost:19590][total kept alive: 0; route allocated: 1 of 2000; total allocated: 1 of 2000]
12-09-2018 12:36:53 MainClientExec.java DEBUG [Forwarding isElementDisplayed on session 1850fbce5f951b60a82aea7e87031669 to remote] execchain.MainClientExec 208 - Stale connection check
12-09-2018 12:36:53 Wire.java DEBUG [Forwarding isElementDisplayed on session 1850fbce5f951b60a82aea7e87031669 to remote] http.wire 87 - http-outgoing-5 << "[read] I/O error: Read timed out"
12-09-2018 12:36:53 LoggingManagedHttpClientConnection.java DEBUG [Forwarding isElementDisplayed on session 1850fbce5f951b60a82aea7e87031669 to remote] conn.DefaultManagedHttpClientConnection 88 - http-outgoing-5: set socket timeout to 10800000
12-09-2018 12:36:53 MainClientExec.java DEBUG [Forwarding isElementDisplayed on session 1850fbce5f951b60a82aea7e87031669 to remote] execchain.MainClientExec 256 - Executing request GET /session/1850fbce5f951b60a82aea7e87031669/element/0.5698734955180493-6/displayed HTTP/1.1
12-09-2018 12:36:53 MainClientExec.java DEBUG [Forwarding isElementDisplayed on session 1850fbce5f951b60a82aea7e87031669 to remote] execchain.MainClientExec 261 - Target auth state: UNCHALLENGED
12-09-2018 12:36:53 MainClientExec.java DEBUG [Forwarding isElementDisplayed on session 1850fbce5f951b60a82aea7e87031669 to remote] execchain.MainClientExec 267 - Proxy auth state: UNCHALLENGED
12-09-2018 12:36:53 LoggingManagedHttpClientConnection.java DEBUG [Forwarding isElementDisplayed on session 1850fbce5f951b60a82aea7e87031669 to remote] http.headers 133 - http-outgoing-5 >> GET /session/1850fbce5f951b60a82aea7e87031669/element/0.5698734955180493-6/displayed HTTP/1.1
12-09-2018 12:36:53 LoggingManagedHttpClientConnection.java DEBUG [Forwarding isElementDisplayed on session 1850fbce5f951b60a82aea7e87031669 to remote] http.headers 136 - http-outgoing-5 >> Cache-Control: no-cache
12-09-2018 12:36:53 LoggingManagedHttpClientConnection.java DEBUG [Forwarding isElementDisplayed on session 1850fbce5f951b60a82aea7e87031669 to remote] http.headers 136 - http-outgoing-5 >> Host: localhost:19590
12-09-2018 12:36:53 LoggingManagedHttpClientConnection.java DEBUG [Forwarding isElementDisplayed on session 1850fbce5f951b60a82aea7e87031669 to remote] http.headers 136 - http-outgoing-5 >> Connection: Keep-Alive
12-09-2018 12:36:53 LoggingManagedHttpClientConnection.java DEBUG [Forwarding isElementDisplayed on session 1850fbce5f951b60a82aea7e87031669 to remote] http.headers 136 - http-outgoing-5 >> User-Agent: Apache-HttpClient/4.5.3 (Java/1.8.0_181)
12-09-2018 12:36:53 LoggingManagedHttpClientConnection.java DEBUG [Forwarding isElementDisplayed on session 1850fbce5f951b60a82aea7e87031669 to remote] http.headers 136 - http-outgoing-5 >> Accept-Encoding: gzip,deflate
12-09-2018 12:36:53 Wire.java DEBUG [Forwarding isElementDisplayed on session 1850fbce5f951b60a82aea7e87031669 to remote] http.wire 73 - http-outgoing-5 >> "GET /session/1850fbce5f951b60a82aea7e87031669/element/0.5698734955180493-6/displayed HTTP/1.1[\r][\n]"
12-09-2018 12:36:53 Wire.java DEBUG [Forwarding isElementDisplayed on session 1850fbce5f951b60a82aea7e87031669 to remote] http.wire 73 - http-outgoing-5 >> "Cache-Control: no-cache[\r][\n]"
12-09-2018 12:36:53 Wire.java DEBUG [Forwarding isElementDisplayed on session 1850fbce5f951b60a82aea7e87031669 to remote] http.wire 73 - http-outgoing-5 >> "Host: localhost:19590[\r][\n]"
12-09-2018 12:36:53 Wire.java DEBUG [Forwarding isElementDisplayed on session 1850fbce5f951b60a82aea7e87031669 to remote] http.wire 73 - http-outgoing-5 >> "Connection: Keep-Alive[\r][\n]"
12-09-2018 12:36:53 Wire.java DEBUG [Forwarding isElementDisplayed on session 1850fbce5f951b60a82aea7e87031669 to remote] http.wire 73 - http-outgoing-5 >> "User-Agent: Apache-HttpClient/4.5.3 (Java/1.8.0_181)[\r][\n]"
12-09-2018 12:36:53 Wire.java DEBUG [Forwarding isElementDisplayed on session 1850fbce5f951b60a82aea7e87031669 to remote] http.wire 73 - http-outgoing-5 >> "Accept-Encoding: gzip,deflate[\r][\n]"
12-09-2018 12:36:53 Wire.java DEBUG [Forwarding isElementDisplayed on session 1850fbce5f951b60a82aea7e87031669 to remote] http.wire 73 - http-outgoing-5 >> "[\r][\n]"
12-09-2018 12:36:53 Wire.java DEBUG [Forwarding isElementDisplayed on session 1850fbce5f951b60a82aea7e87031669 to remote] http.wire 73 - http-outgoing-5 << "HTTP/1.1 200 OK[\r][\n]"
12-09-2018 12:36:53 Wire.java DEBUG [Forwarding isElementDisplayed on session 1850fbce5f951b60a82aea7e87031669 to remote] http.wire 73 - http-outgoing-5 << "Content-Length:72[\r][\n]"
12-09-2018 12:36:53 Wire.java DEBUG [Forwarding isElementDisplayed on session 1850fbce5f951b60a82aea7e87031669 to remote] http.wire 73 - http-outgoing-5 << "Content-Type:application/json; charset=utf-8[\r][\n]"
12-09-2018 12:36:53 Wire.java DEBUG [Forwarding isElementDisplayed on session 1850fbce5f951b60a82aea7e87031669 to remote] http.wire 73 - http-outgoing-5 << "[\r][\n]"
12-09-2018 12:36:53 Wire.java DEBUG [Forwarding isElementDisplayed on session 1850fbce5f951b60a82aea7e87031669 to remote] http.wire 87 - http-outgoing-5 << "{"sessionId":"1850fbce5f951b60a82aea7e87031669","status":0,"value":true}"
12-09-2018 12:36:53 LoggingManagedHttpClientConnection.java DEBUG [Forwarding isElementDisplayed on session 1850fbce5f951b60a82aea7e87031669 to remote] http.headers 122 - http-outgoing-5 << HTTP/1.1 200 OK
12-09-2018 12:36:53 LoggingManagedHttpClientConnection.java DEBUG [Forwarding isElementDisplayed on session 1850fbce5f951b60a82aea7e87031669 to remote] http.headers 125 - http-outgoing-5 << Content-Length:72
12-09-2018 12:36:53 LoggingManagedHttpClientConnection.java DEBUG [Forwarding isElementDisplayed on session 1850fbce5f951b60a82aea7e87031669 to remote] http.headers 125 - http-outgoing-5 << Content-Type:application/json; charset=utf-8
12-09-2018 12:36:53 MainClientExec.java DEBUG [Forwarding isElementDisplayed on session 1850fbce5f951b60a82aea7e87031669 to remote] execchain.MainClientExec 285 - Connection can be kept alive indefinitely
12-09-2018 12:36:53 PoolingHttpClientConnectionManager.java DEBUG [Forwarding isElementDisplayed on session 1850fbce5f951b60a82aea7e87031669 to remote] conn.PoolingHttpClientConnectionManager 320 - Connection [id: 5][route: {}->http://localhost:19590] can be kept alive indefinitely
12-09-2018 12:36:53 PoolingHttpClientConnectionManager.java DEBUG [Forwarding isElementDisplayed on session 1850fbce5f951b60a82aea7e87031669 to remote] conn.PoolingHttpClientConnectionManager 326 - Connection released: [id: 5][route: {}->http://localhost:19590][total kept alive: 1; route allocated: 1 of 2000; total allocated: 1 of 2000]
12-09-2018 12:36:53 RequestAddCookies.java DEBUG [Forwarding findElement on session 1850fbce5f951b60a82aea7e87031669 to remote] protocol.RequestAddCookies 123 - CookieSpec selected: default
12-09-2018 12:36:53 RequestAuthCache.java DEBUG [Forwarding findElement on session 1850fbce5f951b60a82aea7e87031669 to remote] protocol.RequestAuthCache 77 - Auth cache not set in the context
12-09-2018 12:36:53 PoolingHttpClientConnectionManager.java DEBUG [Forwarding findElement on session 1850fbce5f951b60a82aea7e87031669 to remote] conn.PoolingHttpClientConnectionManager 255 - Connection request: [route: {}->http://localhost:19590][total kept alive: 1; route allocated: 1 of 2000; total allocated: 1 of 2000]
12-09-2018 12:36:53 PoolingHttpClientConnectionManager.java DEBUG [Forwarding findElement on session 1850fbce5f951b60a82aea7e87031669 to remote] conn.PoolingHttpClientConnectionManager 288 - Connection leased: [id: 5][route: {}->http://localhost:19590][total kept alive: 0; route allocated: 1 of 2000; total allocated: 1 of 2000]
12-09-2018 12:36:53 MainClientExec.java DEBUG [Forwarding findElement on session 1850fbce5f951b60a82aea7e87031669 to remote] execchain.MainClientExec 208 - Stale connection check
12-09-2018 12:36:53 Wire.java DEBUG [Forwarding findElement on session 1850fbce5f951b60a82aea7e87031669 to remote] http.wire 87 - http-outgoing-5 << "[read] I/O error: Read timed out"
12-09-2018 12:36:53 LoggingManagedHttpClientConnection.java DEBUG [Forwarding findElement on session 1850fbce5f951b60a82aea7e87031669 to remote] conn.DefaultManagedHttpClientConnection 88 - http-outgoing-5: set socket timeout to 10800000
12-09-2018 12:36:53 MainClientExec.java DEBUG [Forwarding findElement on session 1850fbce5f951b60a82aea7e87031669 to remote] execchain.MainClientExec 256 - Executing request POST /session/1850fbce5f951b60a82aea7e87031669/element HTTP/1.1
12-09-2018 12:36:53 MainClientExec.java DEBUG [Forwarding findElement on session 1850fbce5f951b60a82aea7e87031669 to remote] execchain.MainClientExec 261 - Target auth state: UNCHALLENGED
12-09-2018 12:36:53 MainClientExec.java DEBUG [Forwarding findElement on session 1850fbce5f951b60a82aea7e87031669 to remote] execchain.MainClientExec 267 - Proxy auth state: UNCHALLENGED
12-09-2018 12:36:53 LoggingManagedHttpClientConnection.java DEBUG [Forwarding findElement on session 1850fbce5f951b60a82aea7e87031669 to remote] http.headers 133 - http-outgoing-5 >> POST /session/1850fbce5f951b60a82aea7e87031669/element HTTP/1.1
12-09-2018 12:36:53 LoggingManagedHttpClientConnection.java DEBUG [Forwarding findElement on session 1850fbce5f951b60a82aea7e87031669 to remote] http.headers 136 - http-outgoing-5 >> Content-Type: application/json; charset=utf-8
12-09-2018 12:36:53 LoggingManagedHttpClientConnection.java DEBUG [Forwarding findElement on session 1850fbce5f951b60a82aea7e87031669 to remote] http.headers 136 - http-outgoing-5 >> Content-Length: 53
12-09-2018 12:36:53 LoggingManagedHttpClientConnection.java DEBUG [Forwarding findElement on session 1850fbce5f951b60a82aea7e87031669 to remote] http.headers 136 - http-outgoing-5 >> Host: localhost:19590
12-09-2018 12:36:53 LoggingManagedHttpClientConnection.java DEBUG [Forwarding findElement on session 1850fbce5f951b60a82aea7e87031669 to remote] http.headers 136 - http-outgoing-5 >> Connection: Keep-Alive
12-09-2018 12:36:53 LoggingManagedHttpClientConnection.java DEBUG [Forwarding findElement on session 1850fbce5f951b60a82aea7e87031669 to remote] http.headers 136 - http-outgoing-5 >> User-Agent: Apache-HttpClient/4.5.3 (Java/1.8.0_181)
12-09-2018 12:36:53 LoggingManagedHttpClientConnection.java DEBUG [Forwarding findElement on session 1850fbce5f951b60a82aea7e87031669 to remote] http.headers 136 - http-outgoing-5 >> Accept-Encoding: gzip,deflate
12-09-2018 12:36:53 Wire.java DEBUG [Forwarding findElement on session 1850fbce5f951b60a82aea7e87031669 to remote] http.wire 73 - http-outgoing-5 >> "POST /session/1850fbce5f951b60a82aea7e87031669/element HTTP/1.1[\r][\n]"
12-09-2018 12:36:53 Wire.java DEBUG [Forwarding findElement on session 1850fbce5f951b60a82aea7e87031669 to remote] http.wire 73 - http-outgoing-5 >> "Content-Type: application/json; charset=utf-8[\r][\n]"
12-09-2018 12:36:53 Wire.java DEBUG [Forwarding findElement on session 1850fbce5f951b60a82aea7e87031669 to remote] http.wire 73 - http-outgoing-5 >> "Content-Length: 53[\r][\n]"
12-09-2018 12:36:53 Wire.java DEBUG [Forwarding findElement on session 1850fbce5f951b60a82aea7e87031669 to remote] http.wire 73 - http-outgoing-5 >> "Host: localhost:19590[\r][\n]"
12-09-2018 12:36:53 Wire.java DEBUG [Forwarding findElement on session 1850fbce5f951b60a82aea7e87031669 to remote] http.wire 73 - http-outgoing-5 >> "Connection: Keep-Alive[\r][\n]"
12-09-2018 12:36:53 Wire.java DEBUG [Forwarding findElement on session 1850fbce5f951b60a82aea7e87031669 to remote] http.wire 73 - http-outgoing-5 >> "User-Agent: Apache-HttpClient/4.5.3 (Java/1.8.0_181)[\r][\n]"
12-09-2018 12:36:53 Wire.java DEBUG [Forwarding findElement on session 1850fbce5f951b60a82aea7e87031669 to remote] http.wire 73 - http-outgoing-5 >> "Accept-Encoding: gzip,deflate[\r][\n]"
12-09-2018 12:36:53 Wire.java DEBUG [Forwarding findElement on session 1850fbce5f951b60a82aea7e87031669 to remote] http.wire 73 - http-outgoing-5 >> "[\r][\n]"
12-09-2018 12:36:53 Wire.java DEBUG [Forwarding findElement on session 1850fbce5f951b60a82aea7e87031669 to remote] http.wire 87 - http-outgoing-5 >> "{"using":"xpath","value":"//input[@type='password']"}"
12-09-2018 12:36:53 Wire.java DEBUG [Forwarding findElement on session 1850fbce5f951b60a82aea7e87031669 to remote] http.wire 73 - http-outgoing-5 << "HTTP/1.1 200 OK[\r][\n]"
12-09-2018 12:36:53 Wire.java DEBUG [Forwarding findElement on session 1850fbce5f951b60a82aea7e87031669 to remote] http.wire 73 - http-outgoing-5 << "Content-Length:102[\r][\n]"
12-09-2018 12:36:53 Wire.java DEBUG [Forwarding findElement on session 1850fbce5f951b60a82aea7e87031669 to remote] http.wire 73 - http-outgoing-5 << "Content-Type:application/json; charset=utf-8[\r][\n]"
12-09-2018 12:36:53 Wire.java DEBUG [Forwarding findElement on session 1850fbce5f951b60a82aea7e87031669 to remote] http.wire 73 - http-outgoing-5 << "[\r][\n]"
12-09-2018 12:36:53 Wire.java DEBUG [Forwarding findElement on session 1850fbce5f951b60a82aea7e87031669 to remote] http.wire 87 - http-outgoing-5 << "{"sessionId":"1850fbce5f951b60a82aea7e87031669","status":0,"value":{"ELEMENT":"0.5698734955180493-6"}}"
12-09-2018 12:36:53 LoggingManagedHttpClientConnection.java DEBUG [Forwarding findElement on session 1850fbce5f951b60a82aea7e87031669 to remote] http.headers 122 - http-outgoing-5 << HTTP/1.1 200 OK
12-09-2018 12:36:53 LoggingManagedHttpClientConnection.java DEBUG [Forwarding findElement on session 1850fbce5f951b60a82aea7e87031669 to remote] http.headers 125 - http-outgoing-5 << Content-Length:102
12-09-2018 12:36:53 LoggingManagedHttpClientConnection.java DEBUG [Forwarding findElement on session 1850fbce5f951b60a82aea7e87031669 to remote] http.headers 125 - http-outgoing-5 << Content-Type:application/json; charset=utf-8
12-09-2018 12:36:53 MainClientExec.java DEBUG [Forwarding findElement on session 1850fbce5f951b60a82aea7e87031669 to remote] execchain.MainClientExec 285 - Connection can be kept alive indefinitely
12-09-2018 12:36:53 PoolingHttpClientConnectionManager.java DEBUG [Forwarding findElement on session 1850fbce5f951b60a82aea7e87031669 to remote] conn.PoolingHttpClientConnectionManager 320 - Connection [id: 5][route: {}->http://localhost:19590] can be kept alive indefinitely
12-09-2018 12:36:53 PoolingHttpClientConnectionManager.java DEBUG [Forwarding findElement on session 1850fbce5f951b60a82aea7e87031669 to remote] conn.PoolingHttpClientConnectionManager 326 - Connection released: [id: 5][route: {}->http://localhost:19590][total kept alive: 1; route allocated: 1 of 2000; total allocated: 1 of 2000]
12-09-2018 12:36:53 RequestAddCookies.java DEBUG [Forwarding isElementEnabled on session 1850fbce5f951b60a82aea7e87031669 to remote] protocol.RequestAddCookies 123 - CookieSpec selected: default
12-09-2018 12:36:53 RequestAuthCache.java DEBUG [Forwarding isElementEnabled on session 1850fbce5f951b60a82aea7e87031669 to remote] protocol.RequestAuthCache 77 - Auth cache not set in the context
12-09-2018 12:36:53 PoolingHttpClientConnectionManager.java DEBUG [Forwarding isElementEnabled on session 1850fbce5f951b60a82aea7e87031669 to remote] conn.PoolingHttpClientConnectionManager 255 - Connection request: [route: {}->http://localhost:19590][total kept alive: 1; route allocated: 1 of 2000; total allocated: 1 of 2000]
12-09-2018 12:36:53 PoolingHttpClientConnectionManager.java DEBUG [Forwarding isElementEnabled on session 1850fbce5f951b60a82aea7e87031669 to remote] conn.PoolingHttpClientConnectionManager 288 - Connection leased: [id: 5][route: {}->http://localhost:19590][total kept alive: 0; route allocated: 1 of 2000; total allocated: 1 of 2000]
12-09-2018 12:36:53 MainClientExec.java DEBUG [Forwarding isElementEnabled on session 1850fbce5f951b60a82aea7e87031669 to remote] execchain.MainClientExec 208 - Stale connection check
12-09-2018 12:36:53 Wire.java DEBUG [Forwarding isElementEnabled on session 1850fbce5f951b60a82aea7e87031669 to remote] http.wire 87 - http-outgoing-5 << "[read] I/O error: Read timed out"
12-09-2018 12:36:53 LoggingManagedHttpClientConnection.java DEBUG [Forwarding isElementEnabled on session 1850fbce5f951b60a82aea7e87031669 to remote] conn.DefaultManagedHttpClientConnection 88 - http-outgoing-5: set socket timeout to 10800000
12-09-2018 12:36:53 MainClientExec.java DEBUG [Forwarding isElementEnabled on session 1850fbce5f951b60a82aea7e87031669 to remote] execchain.MainClientExec 256 - Executing request GET /session/1850fbce5f951b60a82aea7e87031669/element/0.5698734955180493-6/enabled HTTP/1.1
12-09-2018 12:36:53 MainClientExec.java DEBUG [Forwarding isElementEnabled on session 1850fbce5f951b60a82aea7e87031669 to remote] execchain.MainClientExec 261 - Target auth state: UNCHALLENGED
12-09-2018 12:36:53 MainClientExec.java DEBUG [Forwarding isElementEnabled on session 1850fbce5f951b60a82aea7e87031669 to remote] execchain.MainClientExec 267 - Proxy auth state: UNCHALLENGED
12-09-2018 12:36:53 LoggingManagedHttpClientConnection.java DEBUG [Forwarding isElementEnabled on session 1850fbce5f951b60a82aea7e87031669 to remote] http.headers 133 - http-outgoing-5 >> GET /session/1850fbce5f951b60a82aea7e87031669/element/0.5698734955180493-6/enabled HTTP/1.1
12-09-2018 12:36:53 LoggingManagedHttpClientConnection.java DEBUG [Forwarding isElementEnabled on session 1850fbce5f951b60a82aea7e87031669 to remote] http.headers 136 - http-outgoing-5 >> Cache-Control: no-cache
12-09-2018 12:36:53 LoggingManagedHttpClientConnection.java DEBUG [Forwarding isElementEnabled on session 1850fbce5f951b60a82aea7e87031669 to remote] http.headers 136 - http-outgoing-5 >> Host: localhost:19590
12-09-2018 12:36:53 LoggingManagedHttpClientConnection.java DEBUG [Forwarding isElementEnabled on session 1850fbce5f951b60a82aea7e87031669 to remote] http.headers 136 - http-outgoing-5 >> Connection: Keep-Alive
12-09-2018 12:36:53 LoggingManagedHttpClientConnection.java DEBUG [Forwarding isElementEnabled on session 1850fbce5f951b60a82aea7e87031669 to remote] http.headers 136 - http-outgoing-5 >> User-Agent: Apache-HttpClient/4.5.3 (Java/1.8.0_181)
12-09-2018 12:36:53 LoggingManagedHttpClientConnection.java DEBUG [Forwarding isElementEnabled on session 1850fbce5f951b60a82aea7e87031669 to remote] http.headers 136 - http-outgoing-5 >> Accept-Encoding: gzip,deflate
12-09-2018 12:36:53 Wire.java DEBUG [Forwarding isElementEnabled on session 1850fbce5f951b60a82aea7e87031669 to remote] http.wire 73 - http-outgoing-5 >> "GET /session/1850fbce5f951b60a82aea7e87031669/element/0.5698734955180493-6/enabled HTTP/1.1[\r][\n]"
12-09-2018 12:36:53 Wire.java DEBUG [Forwarding isElementEnabled on session 1850fbce5f951b60a82aea7e87031669 to remote] http.wire 73 - http-outgoing-5 >> "Cache-Control: no-cache[\r][\n]"
12-09-2018 12:36:53 Wire.java DEBUG [Forwarding isElementEnabled on session 1850fbce5f951b60a82aea7e87031669 to remote] http.wire 73 - http-outgoing-5 >> "Host: localhost:19590[\r][\n]"
12-09-2018 12:36:53 Wire.java DEBUG [Forwarding isElementEnabled on session 1850fbce5f951b60a82aea7e87031669 to remote] http.wire 73 - http-outgoing-5 >> "Connection: Keep-Alive[\r][\n]"
12-09-2018 12:36:53 Wire.java DEBUG [Forwarding isElementEnabled on session 1850fbce5f951b60a82aea7e87031669 to remote] http.wire 73 - http-outgoing-5 >> "User-Agent: Apache-HttpClient/4.5.3 (Java/1.8.0_181)[\r][\n]"
12-09-2018 12:36:53 Wire.java DEBUG [Forwarding isElementEnabled on session 1850fbce5f951b60a82aea7e87031669 to remote] http.wire 73 - http-outgoing-5 >> "Accept-Encoding: gzip,deflate[\r][\n]"
12-09-2018 12:36:53 Wire.java DEBUG [Forwarding isElementEnabled on session 1850fbce5f951b60a82aea7e87031669 to remote] http.wire 73 - http-outgoing-5 >> "[\r][\n]"
12-09-2018 12:36:53 Wire.java DEBUG [Forwarding isElementEnabled on session 1850fbce5f951b60a82aea7e87031669 to remote] http.wire 73 - http-outgoing-5 << "HTTP/1.1 200 OK[\r][\n]"
12-09-2018 12:36:53 Wire.java DEBUG [Forwarding isElementEnabled on session 1850fbce5f951b60a82aea7e87031669 to remote] http.wire 73 - http-outgoing-5 << "Content-Length:72[\r][\n]"
12-09-2018 12:36:53 Wire.java DEBUG [Forwarding isElementEnabled on session 1850fbce5f951b60a82aea7e87031669 to remote] http.wire 73 - http-outgoing-5 << "Content-Type:application/json; charset=utf-8[\r][\n]"
12-09-2018 12:36:53 Wire.java DEBUG [Forwarding isElementEnabled on session 1850fbce5f951b60a82aea7e87031669 to remote] http.wire 73 - http-outgoing-5 << "[\r][\n]"
12-09-2018 12:36:53 Wire.java DEBUG [Forwarding isElementEnabled on session 1850fbce5f951b60a82aea7e87031669 to remote] http.wire 87 - http-outgoing-5 << "{"sessionId":"1850fbce5f951b60a82aea7e87031669","status":0,"value":true}"
12-09-2018 12:36:53 LoggingManagedHttpClientConnection.java DEBUG [Forwarding isElementEnabled on session 1850fbce5f951b60a82aea7e87031669 to remote] http.headers 122 - http-outgoing-5 << HTTP/1.1 200 OK
12-09-2018 12:36:53 LoggingManagedHttpClientConnection.java DEBUG [Forwarding isElementEnabled on session 1850fbce5f951b60a82aea7e87031669 to remote] http.headers 125 - http-outgoing-5 << Content-Length:72
12-09-2018 12:36:53 LoggingManagedHttpClientConnection.java DEBUG [Forwarding isElementEnabled on session 1850fbce5f951b60a82aea7e87031669 to remote] http.headers 125 - http-outgoing-5 << Content-Type:application/json; charset=utf-8
12-09-2018 12:36:53 MainClientExec.java DEBUG [Forwarding isElementEnabled on session 1850fbce5f951b60a82aea7e87031669 to remote] execchain.MainClientExec 285 - Connection can be kept alive indefinitely
12-09-2018 12:36:53 PoolingHttpClientConnectionManager.java DEBUG [Forwarding isElementEnabled on session 1850fbce5f951b60a82aea7e87031669 to remote] conn.PoolingHttpClientConnectionManager 320 - Connection [id: 5][route: {}->http://localhost:19590] can be kept alive indefinitely
12-09-2018 12:36:53 PoolingHttpClientConnectionManager.java DEBUG [Forwarding isElementEnabled on session 1850fbce5f951b60a82aea7e87031669 to remote] conn.PoolingHttpClientConnectionManager 326 - Connection released: [id: 5][route: {}->http://localhost:19590][total kept alive: 1; route allocated: 1 of 2000; total allocated: 1 of 2000]
12-09-2018 12:36:53 RequestAddCookies.java DEBUG [Forwarding findElement on session 1850fbce5f951b60a82aea7e87031669 to remote] protocol.RequestAddCookies 123 - CookieSpec selected: default
12-09-2018 12:36:53 RequestAuthCache.java DEBUG [Forwarding findElement on session 1850fbce5f951b60a82aea7e87031669 to remote] protocol.RequestAuthCache 77 - Auth cache not set in the context
12-09-2018 12:36:53 PoolingHttpClientConnectionManager.java DEBUG [Forwarding findElement on session 1850fbce5f951b60a82aea7e87031669 to remote] conn.PoolingHttpClientConnectionManager 255 - Connection request: [route: {}->http://localhost:19590][total kept alive: 1; route allocated: 1 of 2000; total allocated: 1 of 2000]
12-09-2018 12:36:53 PoolingHttpClientConnectionManager.java DEBUG [Forwarding findElement on session 1850fbce5f951b60a82aea7e87031669 to remote] conn.PoolingHttpClientConnectionManager 288 - Connection leased: [id: 5][route: {}->http://localhost:19590][total kept alive: 0; route allocated: 1 of 2000; total allocated: 1 of 2000]
12-09-2018 12:36:53 MainClientExec.java DEBUG [Forwarding findElement on session 1850fbce5f951b60a82aea7e87031669 to remote] execchain.MainClientExec 208 - Stale connection check
12-09-2018 12:36:53 Wire.java DEBUG [Forwarding findElement on session 1850fbce5f951b60a82aea7e87031669 to remote] http.wire 87 - http-outgoing-5 << "[read] I/O error: Read timed out"
12-09-2018 12:36:53 LoggingManagedHttpClientConnection.java DEBUG [Forwarding findElement on session 1850fbce5f951b60a82aea7e87031669 to remote] conn.DefaultManagedHttpClientConnection 88 - http-outgoing-5: set socket timeout to 10800000
12-09-2018 12:36:53 MainClientExec.java DEBUG [Forwarding findElement on session 1850fbce5f951b60a82aea7e87031669 to remote] execchain.MainClientExec 256 - Executing request POST /session/1850fbce5f951b60a82aea7e87031669/element HTTP/1.1
12-09-2018 12:36:53 MainClientExec.java DEBUG [Forwarding findElement on session 1850fbce5f951b60a82aea7e87031669 to remote] execchain.MainClientExec 261 - Target auth state: UNCHALLENGED
12-09-2018 12:36:53 MainClientExec.java DEBUG [Forwarding findElement on session 1850fbce5f951b60a82aea7e87031669 to remote] execchain.MainClientExec 267 - Proxy auth state: UNCHALLENGED
12-09-2018 12:36:53 LoggingManagedHttpClientConnection.java DEBUG [Forwarding findElement on session 1850fbce5f951b60a82aea7e87031669 to remote] http.headers 133 - http-outgoing-5 >> POST /session/1850fbce5f951b60a82aea7e87031669/element HTTP/1.1
12-09-2018 12:36:53 LoggingManagedHttpClientConnection.java DEBUG [Forwarding findElement on session 1850fbce5f951b60a82aea7e87031669 to remote] http.headers 136 - http-outgoing-5 >> Content-Type: application/json; charset=utf-8
12-09-2018 12:36:53 LoggingManagedHttpClientConnection.java DEBUG [Forwarding findElement on session 1850fbce5f951b60a82aea7e87031669 to remote] http.headers 136 - http-outgoing-5 >> Content-Length: 58
12-09-2018 12:36:53 LoggingManagedHttpClientConnection.java DEBUG [Forwarding findElement on session 1850fbce5f951b60a82aea7e87031669 to remote] http.headers 136 - http-outgoing-5 >> Host: localhost:19590
12-09-2018 12:36:53 LoggingManagedHttpClientConnection.java DEBUG [Forwarding findElement on session 1850fbce5f951b60a82aea7e87031669 to remote] http.headers 136 - http-outgoing-5 >> Connection: Keep-Alive
12-09-2018 12:36:53 LoggingManagedHttpClientConnection.java DEBUG [Forwarding findElement on session 1850fbce5f951b60a82aea7e87031669 to remote] http.headers 136 - http-outgoing-5 >> User-Agent: Apache-HttpClient/4.5.3 (Java/1.8.0_181)
12-09-2018 12:36:53 LoggingManagedHttpClientConnection.java DEBUG [Forwarding findElement on session 1850fbce5f951b60a82aea7e87031669 to remote] http.headers 136 - http-outgoing-5 >> Accept-Encoding: gzip,deflate
12-09-2018 12:36:53 Wire.java DEBUG [Forwarding findElement on session 1850fbce5f951b60a82aea7e87031669 to remote] http.wire 73 - http-outgoing-5 >> "POST /session/1850fbce5f951b60a82aea7e87031669/element HTTP/1.1[\r][\n]"
12-09-2018 12:36:53 Wire.java DEBUG [Forwarding findElement on session 1850fbce5f951b60a82aea7e87031669 to remote] http.wire 73 - http-outgoing-5 >> "Content-Type: application/json; charset=utf-8[\r][\n]"
12-09-2018 12:36:53 Wire.java DEBUG [Forwarding findElement on session 1850fbce5f951b60a82aea7e87031669 to remote] http.wire 73 - http-outgoing-5 >> "Content-Length: 58[\r][\n]"
12-09-2018 12:36:53 Wire.java DEBUG [Forwarding findElement on session 1850fbce5f951b60a82aea7e87031669 to remote] http.wire 73 - http-outgoing-5 >> "Host: localhost:19590[\r][\n]"
12-09-2018 12:36:53 Wire.java DEBUG [Forwarding findElement on session 1850fbce5f951b60a82aea7e87031669 to remote] http.wire 73 - http-outgoing-5 >> "Connection: Keep-Alive[\r][\n]"
12-09-2018 12:36:53 Wire.java DEBUG [Forwarding findElement on session 1850fbce5f951b60a82aea7e87031669 to remote] http.wire 73 - http-outgoing-5 >> "User-Agent: Apache-HttpClient/4.5.3 (Java/1.8.0_181)[\r][\n]"
12-09-2018 12:36:53 Wire.java DEBUG [Forwarding findElement on session 1850fbce5f951b60a82aea7e87031669 to remote] http.wire 73 - http-outgoing-5 >> "Accept-Encoding: gzip,deflate[\r][\n]"
12-09-2018 12:36:53 Wire.java DEBUG [Forwarding findElement on session 1850fbce5f951b60a82aea7e87031669 to remote] http.wire 73 - http-outgoing-5 >> "[\r][\n]"
12-09-2018 12:36:53 Wire.java DEBUG [Forwarding findElement on session 1850fbce5f951b60a82aea7e87031669 to remote] http.wire 87 - http-outgoing-5 >> "{"using":"xpath","value":"//span[@class='RveJvd snByac']"}"
12-09-2018 12:36:53 Wire.java DEBUG [Forwarding findElement on session 1850fbce5f951b60a82aea7e87031669 to remote] http.wire 73 - http-outgoing-5 << "HTTP/1.1 200 OK[\r][\n]"
12-09-2018 12:36:53 Wire.java DEBUG [Forwarding findElement on session 1850fbce5f951b60a82aea7e87031669 to remote] http.wire 73 - http-outgoing-5 << "Content-Length:102[\r][\n]"
12-09-2018 12:36:53 Wire.java DEBUG [Forwarding findElement on session 1850fbce5f951b60a82aea7e87031669 to remote] http.wire 73 - http-outgoing-5 << "Content-Type:application/json; charset=utf-8[\r][\n]"
12-09-2018 12:36:53 Wire.java DEBUG [Forwarding findElement on session 1850fbce5f951b60a82aea7e87031669 to remote] http.wire 73 - http-outgoing-5 << "[\r][\n]"
12-09-2018 12:36:53 Wire.java DEBUG [Forwarding findElement on session 1850fbce5f951b60a82aea7e87031669 to remote] http.wire 87 - http-outgoing-5 << "{"sessionId":"1850fbce5f951b60a82aea7e87031669","status":0,"value":{"ELEMENT":"0.5698734955180493-7"}}"
12-09-2018 12:36:53 LoggingManagedHttpClientConnection.java DEBUG [Forwarding findElement on session 1850fbce5f951b60a82aea7e87031669 to remote] http.headers 122 - http-outgoing-5 << HTTP/1.1 200 OK
12-09-2018 12:36:53 LoggingManagedHttpClientConnection.java DEBUG [Forwarding findElement on session 1850fbce5f951b60a82aea7e87031669 to remote] http.headers 125 - http-outgoing-5 << Content-Length:102
12-09-2018 12:36:53 LoggingManagedHttpClientConnection.java DEBUG [Forwarding findElement on session 1850fbce5f951b60a82aea7e87031669 to remote] http.headers 125 - http-outgoing-5 << Content-Type:application/json; charset=utf-8
12-09-2018 12:36:53 MainClientExec.java DEBUG [Forwarding findElement on session 1850fbce5f951b60a82aea7e87031669 to remote] execchain.MainClientExec 285 - Connection can be kept alive indefinitely
12-09-2018 12:36:53 PoolingHttpClientConnectionManager.java DEBUG [Forwarding findElement on session 1850fbce5f951b60a82aea7e87031669 to remote] conn.PoolingHttpClientConnectionManager 320 - Connection [id: 5][route: {}->http://localhost:19590] can be kept alive indefinitely
12-09-2018 12:36:53 PoolingHttpClientConnectionManager.java DEBUG [Forwarding findElement on session 1850fbce5f951b60a82aea7e87031669 to remote] conn.PoolingHttpClientConnectionManager 326 - Connection released: [id: 5][route: {}->http://localhost:19590][total kept alive: 1; route allocated: 1 of 2000; total allocated: 1 of 2000]
12-09-2018 12:36:53 RequestAddCookies.java DEBUG [Forwarding isElementDisplayed on session 1850fbce5f951b60a82aea7e87031669 to remote] protocol.RequestAddCookies 123 - CookieSpec selected: default
12-09-2018 12:36:53 RequestAuthCache.java DEBUG [Forwarding isElementDisplayed on session 1850fbce5f951b60a82aea7e87031669 to remote] protocol.RequestAuthCache 77 - Auth cache not set in the context
12-09-2018 12:36:53 PoolingHttpClientConnectionManager.java DEBUG [Forwarding isElementDisplayed on session 1850fbce5f951b60a82aea7e87031669 to remote] conn.PoolingHttpClientConnectionManager 255 - Connection request: [route: {}->http://localhost:19590][total kept alive: 1; route allocated: 1 of 2000; total allocated: 1 of 2000]
12-09-2018 12:36:53 PoolingHttpClientConnectionManager.java DEBUG [Forwarding isElementDisplayed on session 1850fbce5f951b60a82aea7e87031669 to remote] conn.PoolingHttpClientConnectionManager 288 - Connection leased: [id: 5][route: {}->http://localhost:19590][total kept alive: 0; route allocated: 1 of 2000; total allocated: 1 of 2000]
12-09-2018 12:36:53 MainClientExec.java DEBUG [Forwarding isElementDisplayed on session 1850fbce5f951b60a82aea7e87031669 to remote] execchain.MainClientExec 208 - Stale connection check
12-09-2018 12:36:53 Wire.java DEBUG [Forwarding isElementDisplayed on session 1850fbce5f951b60a82aea7e87031669 to remote] http.wire 87 - http-outgoing-5 << "[read] I/O error: Read timed out"
12-09-2018 12:36:53 LoggingManagedHttpClientConnection.java DEBUG [Forwarding isElementDisplayed on session 1850fbce5f951b60a82aea7e87031669 to remote] conn.DefaultManagedHttpClientConnection 88 - http-outgoing-5: set socket timeout to 10800000
12-09-2018 12:36:53 MainClientExec.java DEBUG [Forwarding isElementDisplayed on session 1850fbce5f951b60a82aea7e87031669 to remote] execchain.MainClientExec 256 - Executing request GET /session/1850fbce5f951b60a82aea7e87031669/element/0.5698734955180493-7/displayed HTTP/1.1
12-09-2018 12:36:53 MainClientExec.java DEBUG [Forwarding isElementDisplayed on session 1850fbce5f951b60a82aea7e87031669 to remote] execchain.MainClientExec 261 - Target auth state: UNCHALLENGED
12-09-2018 12:36:53 MainClientExec.java DEBUG [Forwarding isElementDisplayed on session 1850fbce5f951b60a82aea7e87031669 to remote] execchain.MainClientExec 267 - Proxy auth state: UNCHALLENGED
12-09-2018 12:36:53 LoggingManagedHttpClientConnection.java DEBUG [Forwarding isElementDisplayed on session 1850fbce5f951b60a82aea7e87031669 to remote] http.headers 133 - http-outgoing-5 >> GET /session/1850fbce5f951b60a82aea7e87031669/element/0.5698734955180493-7/displayed HTTP/1.1
12-09-2018 12:36:53 LoggingManagedHttpClientConnection.java DEBUG [Forwarding isElementDisplayed on session 1850fbce5f951b60a82aea7e87031669 to remote] http.headers 136 - http-outgoing-5 >> Cache-Control: no-cache
12-09-2018 12:36:53 LoggingManagedHttpClientConnection.java DEBUG [Forwarding isElementDisplayed on session 1850fbce5f951b60a82aea7e87031669 to remote] http.headers 136 - http-outgoing-5 >> Host: localhost:19590
12-09-2018 12:36:53 LoggingManagedHttpClientConnection.java DEBUG [Forwarding isElementDisplayed on session 1850fbce5f951b60a82aea7e87031669 to remote] http.headers 136 - http-outgoing-5 >> Connection: Keep-Alive
12-09-2018 12:36:53 LoggingManagedHttpClientConnection.java DEBUG [Forwarding isElementDisplayed on session 1850fbce5f951b60a82aea7e87031669 to remote] http.headers 136 - http-outgoing-5 >> User-Agent: Apache-HttpClient/4.5.3 (Java/1.8.0_181)
12-09-2018 12:36:53 LoggingManagedHttpClientConnection.java DEBUG [Forwarding isElementDisplayed on session 1850fbce5f951b60a82aea7e87031669 to remote] http.headers 136 - http-outgoing-5 >> Accept-Encoding: gzip,deflate
12-09-2018 12:36:53 Wire.java DEBUG [Forwarding isElementDisplayed on session 1850fbce5f951b60a82aea7e87031669 to remote] http.wire 73 - http-outgoing-5 >> "GET /session/1850fbce5f951b60a82aea7e87031669/element/0.5698734955180493-7/displayed HTTP/1.1[\r][\n]"
12-09-2018 12:36:53 Wire.java DEBUG [Forwarding isElementDisplayed on session 1850fbce5f951b60a82aea7e87031669 to remote] http.wire 73 - http-outgoing-5 >> "Cache-Control: no-cache[\r][\n]"
12-09-2018 12:36:53 Wire.java DEBUG [Forwarding isElementDisplayed on session 1850fbce5f951b60a82aea7e87031669 to remote] http.wire 73 - http-outgoing-5 >> "Host: localhost:19590[\r][\n]"
12-09-2018 12:36:53 Wire.java DEBUG [Forwarding isElementDisplayed on session 1850fbce5f951b60a82aea7e87031669 to remote] http.wire 73 - http-outgoing-5 >> "Connection: Keep-Alive[\r][\n]"
12-09-2018 12:36:53 Wire.java DEBUG [Forwarding isElementDisplayed on session 1850fbce5f951b60a82aea7e87031669 to remote] http.wire 73 - http-outgoing-5 >> "User-Agent: Apache-HttpClient/4.5.3 (Java/1.8.0_181)[\r][\n]"
12-09-2018 12:36:53 Wire.java DEBUG [Forwarding isElementDisplayed on session 1850fbce5f951b60a82aea7e87031669 to remote] http.wire 73 - http-outgoing-5 >> "Accept-Encoding: gzip,deflate[\r][\n]"
12-09-2018 12:36:53 Wire.java DEBUG [Forwarding isElementDisplayed on session 1850fbce5f951b60a82aea7e87031669 to remote] http.wire 73 - http-outgoing-5 >> "[\r][\n]"
12-09-2018 12:36:53 Wire.java DEBUG [Forwarding isElementDisplayed on session 1850fbce5f951b60a82aea7e87031669 to remote] http.wire 73 - http-outgoing-5 << "HTTP/1.1 200 OK[\r][\n]"
12-09-2018 12:36:53 Wire.java DEBUG [Forwarding isElementDisplayed on session 1850fbce5f951b60a82aea7e87031669 to remote] http.wire 73 - http-outgoing-5 << "Content-Length:72[\r][\n]"
12-09-2018 12:36:53 Wire.java DEBUG [Forwarding isElementDisplayed on session 1850fbce5f951b60a82aea7e87031669 to remote] http.wire 73 - http-outgoing-5 << "Content-Type:application/json; charset=utf-8[\r][\n]"
12-09-2018 12:36:53 Wire.java DEBUG [Forwarding isElementDisplayed on session 1850fbce5f951b60a82aea7e87031669 to remote] http.wire 73 - http-outgoing-5 << "[\r][\n]"
12-09-2018 12:36:53 Wire.java DEBUG [Forwarding isElementDisplayed on session 1850fbce5f951b60a82aea7e87031669 to remote] http.wire 87 - http-outgoing-5 << "{"sessionId":"1850fbce5f951b60a82aea7e87031669","status":0,"value":true}"
12-09-2018 12:36:53 LoggingManagedHttpClientConnection.java DEBUG [Forwarding isElementDisplayed on session 1850fbce5f951b60a82aea7e87031669 to remote] http.headers 122 - http-outgoing-5 << HTTP/1.1 200 OK
12-09-2018 12:36:53 LoggingManagedHttpClientConnection.java DEBUG [Forwarding isElementDisplayed on session 1850fbce5f951b60a82aea7e87031669 to remote] http.headers 125 - http-outgoing-5 << Content-Length:72
12-09-2018 12:36:53 LoggingManagedHttpClientConnection.java DEBUG [Forwarding isElementDisplayed on session 1850fbce5f951b60a82aea7e87031669 to remote] http.headers 125 - http-outgoing-5 << Content-Type:application/json; charset=utf-8
12-09-2018 12:36:53 MainClientExec.java DEBUG [Forwarding isElementDisplayed on session 1850fbce5f951b60a82aea7e87031669 to remote] execchain.MainClientExec 285 - Connection can be kept alive indefinitely
12-09-2018 12:36:53 PoolingHttpClientConnectionManager.java DEBUG [Forwarding isElementDisplayed on session 1850fbce5f951b60a82aea7e87031669 to remote] conn.PoolingHttpClientConnectionManager 320 - Connection [id: 5][route: {}->http://localhost:19590] can be kept alive indefinitely
12-09-2018 12:36:53 PoolingHttpClientConnectionManager.java DEBUG [Forwarding isElementDisplayed on session 1850fbce5f951b60a82aea7e87031669 to remote] conn.PoolingHttpClientConnectionManager 326 - Connection released: [id: 5][route: {}->http://localhost:19590][total kept alive: 1; route allocated: 1 of 2000; total allocated: 1 of 2000]
12-09-2018 12:36:53 RequestAddCookies.java DEBUG [Forwarding findElement on session 1850fbce5f951b60a82aea7e87031669 to remote] protocol.RequestAddCookies 123 - CookieSpec selected: default
12-09-2018 12:36:53 RequestAuthCache.java DEBUG [Forwarding findElement on session 1850fbce5f951b60a82aea7e87031669 to remote] protocol.RequestAuthCache 77 - Auth cache not set in the context
12-09-2018 12:36:53 PoolingHttpClientConnectionManager.java DEBUG [Forwarding findElement on session 1850fbce5f951b60a82aea7e87031669 to remote] conn.PoolingHttpClientConnectionManager 255 - Connection request: [route: {}->http://localhost:19590][total kept alive: 1; route allocated: 1 of 2000; total allocated: 1 of 2000]
12-09-2018 12:36:53 PoolingHttpClientConnectionManager.java DEBUG [Forwarding findElement on session 1850fbce5f951b60a82aea7e87031669 to remote] conn.PoolingHttpClientConnectionManager 288 - Connection leased: [id: 5][route: {}->http://localhost:19590][total kept alive: 0; route allocated: 1 of 2000; total allocated: 1 of 2000]
12-09-2018 12:36:53 MainClientExec.java DEBUG [Forwarding findElement on session 1850fbce5f951b60a82aea7e87031669 to remote] execchain.MainClientExec 208 - Stale connection check
12-09-2018 12:36:53 Wire.java DEBUG [Forwarding findElement on session 1850fbce5f951b60a82aea7e87031669 to remote] http.wire 87 - http-outgoing-5 << "[read] I/O error: Read timed out"
12-09-2018 12:36:53 LoggingManagedHttpClientConnection.java DEBUG [Forwarding findElement on session 1850fbce5f951b60a82aea7e87031669 to remote] conn.DefaultManagedHttpClientConnection 88 - http-outgoing-5: set socket timeout to 10800000
12-09-2018 12:36:53 MainClientExec.java DEBUG [Forwarding findElement on session 1850fbce5f951b60a82aea7e87031669 to remote] execchain.MainClientExec 256 - Executing request POST /session/1850fbce5f951b60a82aea7e87031669/element HTTP/1.1
12-09-2018 12:36:53 MainClientExec.java DEBUG [Forwarding findElement on session 1850fbce5f951b60a82aea7e87031669 to remote] execchain.MainClientExec 261 - Target auth state: UNCHALLENGED
12-09-2018 12:36:53 MainClientExec.java DEBUG [Forwarding findElement on session 1850fbce5f951b60a82aea7e87031669 to remote] execchain.MainClientExec 267 - Proxy auth state: UNCHALLENGED
12-09-2018 12:36:53 LoggingManagedHttpClientConnection.java DEBUG [Forwarding findElement on session 1850fbce5f951b60a82aea7e87031669 to remote] http.headers 133 - http-outgoing-5 >> POST /session/1850fbce5f951b60a82aea7e87031669/element HTTP/1.1
12-09-2018 12:36:53 LoggingManagedHttpClientConnection.java DEBUG [Forwarding findElement on session 1850fbce5f951b60a82aea7e87031669 to remote] http.headers 136 - http-outgoing-5 >> Content-Type: application/json; charset=utf-8
12-09-2018 12:36:53 LoggingManagedHttpClientConnection.java DEBUG [Forwarding findElement on session 1850fbce5f951b60a82aea7e87031669 to remote] http.headers 136 - http-outgoing-5 >> Content-Length: 58
12-09-2018 12:36:53 LoggingManagedHttpClientConnection.java DEBUG [Forwarding findElement on session 1850fbce5f951b60a82aea7e87031669 to remote] http.headers 136 - http-outgoing-5 >> Host: localhost:19590
12-09-2018 12:36:53 LoggingManagedHttpClientConnection.java DEBUG [Forwarding findElement on session 1850fbce5f951b60a82aea7e87031669 to remote] http.headers 136 - http-outgoing-5 >> Connection: Keep-Alive
12-09-2018 12:36:53 LoggingManagedHttpClientConnection.java DEBUG [Forwarding findElement on session 1850fbce5f951b60a82aea7e87031669 to remote] http.headers 136 - http-outgoing-5 >> User-Agent: Apache-HttpClient/4.5.3 (Java/1.8.0_181)
12-09-2018 12:36:53 LoggingManagedHttpClientConnection.java DEBUG [Forwarding findElement on session 1850fbce5f951b60a82aea7e87031669 to remote] http.headers 136 - http-outgoing-5 >> Accept-Encoding: gzip,deflate
12-09-2018 12:36:53 Wire.java DEBUG [Forwarding findElement on session 1850fbce5f951b60a82aea7e87031669 to remote] http.wire 73 - http-outgoing-5 >> "POST /session/1850fbce5f951b60a82aea7e87031669/element HTTP/1.1[\r][\n]"
12-09-2018 12:36:53 Wire.java DEBUG [Forwarding findElement on session 1850fbce5f951b60a82aea7e87031669 to remote] http.wire 73 - http-outgoing-5 >> "Content-Type: application/json; charset=utf-8[\r][\n]"
12-09-2018 12:36:53 Wire.java DEBUG [Forwarding findElement on session 1850fbce5f951b60a82aea7e87031669 to remote] http.wire 73 - http-outgoing-5 >> "Content-Length: 58[\r][\n]"
12-09-2018 12:36:53 Wire.java DEBUG [Forwarding findElement on session 1850fbce5f951b60a82aea7e87031669 to remote] http.wire 73 - http-outgoing-5 >> "Host: localhost:19590[\r][\n]"
12-09-2018 12:36:53 Wire.java DEBUG [Forwarding findElement on session 1850fbce5f951b60a82aea7e87031669 to remote] http.wire 73 - http-outgoing-5 >> "Connection: Keep-Alive[\r][\n]"
12-09-2018 12:36:53 Wire.java DEBUG [Forwarding findElement on session 1850fbce5f951b60a82aea7e87031669 to remote] http.wire 73 - http-outgoing-5 >> "User-Agent: Apache-HttpClient/4.5.3 (Java/1.8.0_181)[\r][\n]"
12-09-2018 12:36:53 Wire.java DEBUG [Forwarding findElement on session 1850fbce5f951b60a82aea7e87031669 to remote] http.wire 73 - http-outgoing-5 >> "Accept-Encoding: gzip,deflate[\r][\n]"
12-09-2018 12:36:53 Wire.java DEBUG [Forwarding findElement on session 1850fbce5f951b60a82aea7e87031669 to remote] http.wire 73 - http-outgoing-5 >> "[\r][\n]"
12-09-2018 12:36:53 Wire.java DEBUG [Forwarding findElement on session 1850fbce5f951b60a82aea7e87031669 to remote] http.wire 87 - http-outgoing-5 >> "{"using":"xpath","value":"//span[@class='RveJvd snByac']"}"
12-09-2018 12:36:53 Wire.java DEBUG [Forwarding findElement on session 1850fbce5f951b60a82aea7e87031669 to remote] http.wire 73 - http-outgoing-5 << "HTTP/1.1 200 OK[\r][\n]"
12-09-2018 12:36:53 Wire.java DEBUG [Forwarding findElement on session 1850fbce5f951b60a82aea7e87031669 to remote] http.wire 73 - http-outgoing-5 << "Content-Length:102[\r][\n]"
12-09-2018 12:36:53 Wire.java DEBUG [Forwarding findElement on session 1850fbce5f951b60a82aea7e87031669 to remote] http.wire 73 - http-outgoing-5 << "Content-Type:application/json; charset=utf-8[\r][\n]"
12-09-2018 12:36:53 Wire.java DEBUG [Forwarding findElement on session 1850fbce5f951b60a82aea7e87031669 to remote] http.wire 73 - http-outgoing-5 << "[\r][\n]"
12-09-2018 12:36:53 Wire.java DEBUG [Forwarding findElement on session 1850fbce5f951b60a82aea7e87031669 to remote] http.wire 87 - http-outgoing-5 << "{"sessionId":"1850fbce5f951b60a82aea7e87031669","status":0,"value":{"ELEMENT":"0.5698734955180493-7"}}"
12-09-2018 12:36:53 LoggingManagedHttpClientConnection.java DEBUG [Forwarding findElement on session 1850fbce5f951b60a82aea7e87031669 to remote] http.headers 122 - http-outgoing-5 << HTTP/1.1 200 OK
12-09-2018 12:36:53 LoggingManagedHttpClientConnection.java DEBUG [Forwarding findElement on session 1850fbce5f951b60a82aea7e87031669 to remote] http.headers 125 - http-outgoing-5 << Content-Length:102
12-09-2018 12:36:53 LoggingManagedHttpClientConnection.java DEBUG [Forwarding findElement on session 1850fbce5f951b60a82aea7e87031669 to remote] http.headers 125 - http-outgoing-5 << Content-Type:application/json; charset=utf-8
12-09-2018 12:36:53 MainClientExec.java DEBUG [Forwarding findElement on session 1850fbce5f951b60a82aea7e87031669 to remote] execchain.MainClientExec 285 - Connection can be kept alive indefinitely
12-09-2018 12:36:53 PoolingHttpClientConnectionManager.java DEBUG [Forwarding findElement on session 1850fbce5f951b60a82aea7e87031669 to remote] conn.PoolingHttpClientConnectionManager 320 - Connection [id: 5][route: {}->http://localhost:19590] can be kept alive indefinitely
12-09-2018 12:36:53 PoolingHttpClientConnectionManager.java DEBUG [Forwarding findElement on session 1850fbce5f951b60a82aea7e87031669 to remote] conn.PoolingHttpClientConnectionManager 326 - Connection released: [id: 5][route: {}->http://localhost:19590][total kept alive: 1; route allocated: 1 of 2000; total allocated: 1 of 2000]
12-09-2018 12:36:53 RequestAddCookies.java DEBUG [Forwarding isElementDisplayed on session 1850fbce5f951b60a82aea7e87031669 to remote] protocol.RequestAddCookies 123 - CookieSpec selected: default
12-09-2018 12:36:53 RequestAuthCache.java DEBUG [Forwarding isElementDisplayed on session 1850fbce5f951b60a82aea7e87031669 to remote] protocol.RequestAuthCache 77 - Auth cache not set in the context
12-09-2018 12:36:53 PoolingHttpClientConnectionManager.java DEBUG [Forwarding isElementDisplayed on session 1850fbce5f951b60a82aea7e87031669 to remote] conn.PoolingHttpClientConnectionManager 255 - Connection request: [route: {}->http://localhost:19590][total kept alive: 1; route allocated: 1 of 2000; total allocated: 1 of 2000]
12-09-2018 12:36:53 PoolingHttpClientConnectionManager.java DEBUG [Forwarding isElementDisplayed on session 1850fbce5f951b60a82aea7e87031669 to remote] conn.PoolingHttpClientConnectionManager 288 - Connection leased: [id: 5][route: {}->http://localhost:19590][total kept alive: 0; route allocated: 1 of 2000; total allocated: 1 of 2000]
12-09-2018 12:36:53 MainClientExec.java DEBUG [Forwarding isElementDisplayed on session 1850fbce5f951b60a82aea7e87031669 to remote] execchain.MainClientExec 208 - Stale connection check
12-09-2018 12:36:53 Wire.java DEBUG [Forwarding isElementDisplayed on session 1850fbce5f951b60a82aea7e87031669 to remote] http.wire 87 - http-outgoing-5 << "[read] I/O error: Read timed out"
12-09-2018 12:36:53 LoggingManagedHttpClientConnection.java DEBUG [Forwarding isElementDisplayed on session 1850fbce5f951b60a82aea7e87031669 to remote] conn.DefaultManagedHttpClientConnection 88 - http-outgoing-5: set socket timeout to 10800000
12-09-2018 12:36:53 MainClientExec.java DEBUG [Forwarding isElementDisplayed on session 1850fbce5f951b60a82aea7e87031669 to remote] execchain.MainClientExec 256 - Executing request GET /session/1850fbce5f951b60a82aea7e87031669/element/0.5698734955180493-7/displayed HTTP/1.1
12-09-2018 12:36:53 MainClientExec.java DEBUG [Forwarding isElementDisplayed on session 1850fbce5f951b60a82aea7e87031669 to remote] execchain.MainClientExec 261 - Target auth state: UNCHALLENGED
12-09-2018 12:36:53 MainClientExec.java DEBUG [Forwarding isElementDisplayed on session 1850fbce5f951b60a82aea7e87031669 to remote] execchain.MainClientExec 267 - Proxy auth state: UNCHALLENGED
12-09-2018 12:36:53 LoggingManagedHttpClientConnection.java DEBUG [Forwarding isElementDisplayed on session 1850fbce5f951b60a82aea7e87031669 to remote] http.headers 133 - http-outgoing-5 >> GET /session/1850fbce5f951b60a82aea7e87031669/element/0.5698734955180493-7/displayed HTTP/1.1
12-09-2018 12:36:53 LoggingManagedHttpClientConnection.java DEBUG [Forwarding isElementDisplayed on session 1850fbce5f951b60a82aea7e87031669 to remote] http.headers 136 - http-outgoing-5 >> Cache-Control: no-cache
12-09-2018 12:36:53 LoggingManagedHttpClientConnection.java DEBUG [Forwarding isElementDisplayed on session 1850fbce5f951b60a82aea7e87031669 to remote] http.headers 136 - http-outgoing-5 >> Host: localhost:19590
12-09-2018 12:36:53 LoggingManagedHttpClientConnection.java DEBUG [Forwarding isElementDisplayed on session 1850fbce5f951b60a82aea7e87031669 to remote] http.headers 136 - http-outgoing-5 >> Connection: Keep-Alive
12-09-2018 12:36:53 LoggingManagedHttpClientConnection.java DEBUG [Forwarding isElementDisplayed on session 1850fbce5f951b60a82aea7e87031669 to remote] http.headers 136 - http-outgoing-5 >> User-Agent: Apache-HttpClient/4.5.3 (Java/1.8.0_181)
12-09-2018 12:36:53 LoggingManagedHttpClientConnection.java DEBUG [Forwarding isElementDisplayed on session 1850fbce5f951b60a82aea7e87031669 to remote] http.headers 136 - http-outgoing-5 >> Accept-Encoding: gzip,deflate
12-09-2018 12:36:53 Wire.java DEBUG [Forwarding isElementDisplayed on session 1850fbce5f951b60a82aea7e87031669 to remote] http.wire 73 - http-outgoing-5 >> "GET /session/1850fbce5f951b60a82aea7e87031669/element/0.5698734955180493-7/displayed HTTP/1.1[\r][\n]"
12-09-2018 12:36:53 Wire.java DEBUG [Forwarding isElementDisplayed on session 1850fbce5f951b60a82aea7e87031669 to remote] http.wire 73 - http-outgoing-5 >> "Cache-Control: no-cache[\r][\n]"
12-09-2018 12:36:53 Wire.java DEBUG [Forwarding isElementDisplayed on session 1850fbce5f951b60a82aea7e87031669 to remote] http.wire 73 - http-outgoing-5 >> "Host: localhost:19590[\r][\n]"
12-09-2018 12:36:53 Wire.java DEBUG [Forwarding isElementDisplayed on session 1850fbce5f951b60a82aea7e87031669 to remote] http.wire 73 - http-outgoing-5 >> "Connection: Keep-Alive[\r][\n]"
12-09-2018 12:36:53 Wire.java DEBUG [Forwarding isElementDisplayed on session 1850fbce5f951b60a82aea7e87031669 to remote] http.wire 73 - http-outgoing-5 >> "User-Agent: Apache-HttpClient/4.5.3 (Java/1.8.0_181)[\r][\n]"
12-09-2018 12:36:53 Wire.java DEBUG [Forwarding isElementDisplayed on session 1850fbce5f951b60a82aea7e87031669 to remote] http.wire 73 - http-outgoing-5 >> "Accept-Encoding: gzip,deflate[\r][\n]"
12-09-2018 12:36:53 Wire.java DEBUG [Forwarding isElementDisplayed on session 1850fbce5f951b60a82aea7e87031669 to remote] http.wire 73 - http-outgoing-5 >> "[\r][\n]"
12-09-2018 12:36:53 Wire.java DEBUG [Forwarding isElementDisplayed on session 1850fbce5f951b60a82aea7e87031669 to remote] http.wire 73 - http-outgoing-5 << "HTTP/1.1 200 OK[\r][\n]"
12-09-2018 12:36:53 Wire.java DEBUG [Forwarding isElementDisplayed on session 1850fbce5f951b60a82aea7e87031669 to remote] http.wire 73 - http-outgoing-5 << "Content-Length:72[\r][\n]"
12-09-2018 12:36:53 Wire.java DEBUG [Forwarding isElementDisplayed on session 1850fbce5f951b60a82aea7e87031669 to remote] http.wire 73 - http-outgoing-5 << "Content-Type:application/json; charset=utf-8[\r][\n]"
12-09-2018 12:36:53 Wire.java DEBUG [Forwarding isElementDisplayed on session 1850fbce5f951b60a82aea7e87031669 to remote] http.wire 73 - http-outgoing-5 << "[\r][\n]"
12-09-2018 12:36:53 Wire.java DEBUG [Forwarding isElementDisplayed on session 1850fbce5f951b60a82aea7e87031669 to remote] http.wire 87 - http-outgoing-5 << "{"sessionId":"1850fbce5f951b60a82aea7e87031669","status":0,"value":true}"
12-09-2018 12:36:53 LoggingManagedHttpClientConnection.java DEBUG [Forwarding isElementDisplayed on session 1850fbce5f951b60a82aea7e87031669 to remote] http.headers 122 - http-outgoing-5 << HTTP/1.1 200 OK
12-09-2018 12:36:53 LoggingManagedHttpClientConnection.java DEBUG [Forwarding isElementDisplayed on session 1850fbce5f951b60a82aea7e87031669 to remote] http.headers 125 - http-outgoing-5 << Content-Length:72
12-09-2018 12:36:53 LoggingManagedHttpClientConnection.java DEBUG [Forwarding isElementDisplayed on session 1850fbce5f951b60a82aea7e87031669 to remote] http.headers 125 - http-outgoing-5 << Content-Type:application/json; charset=utf-8
12-09-2018 12:36:53 MainClientExec.java DEBUG [Forwarding isElementDisplayed on session 1850fbce5f951b60a82aea7e87031669 to remote] execchain.MainClientExec 285 - Connection can be kept alive indefinitely
12-09-2018 12:36:53 PoolingHttpClientConnectionManager.java DEBUG [Forwarding isElementDisplayed on session 1850fbce5f951b60a82aea7e87031669 to remote] conn.PoolingHttpClientConnectionManager 320 - Connection [id: 5][route: {}->http://localhost:19590] can be kept alive indefinitely
12-09-2018 12:36:53 PoolingHttpClientConnectionManager.java DEBUG [Forwarding isElementDisplayed on session 1850fbce5f951b60a82aea7e87031669 to remote] conn.PoolingHttpClientConnectionManager 326 - Connection released: [id: 5][route: {}->http://localhost:19590][total kept alive: 1; route allocated: 1 of 2000; total allocated: 1 of 2000]
12-09-2018 12:36:53 RequestAddCookies.java DEBUG [Forwarding findElement on session 1850fbce5f951b60a82aea7e87031669 to remote] protocol.RequestAddCookies 123 - CookieSpec selected: default
12-09-2018 12:36:53 RequestAuthCache.java DEBUG [Forwarding findElement on session 1850fbce5f951b60a82aea7e87031669 to remote] protocol.RequestAuthCache 77 - Auth cache not set in the context
12-09-2018 12:36:53 PoolingHttpClientConnectionManager.java DEBUG [Forwarding findElement on session 1850fbce5f951b60a82aea7e87031669 to remote] conn.PoolingHttpClientConnectionManager 255 - Connection request: [route: {}->http://localhost:19590][total kept alive: 1; route allocated: 1 of 2000; total allocated: 1 of 2000]
12-09-2018 12:36:53 PoolingHttpClientConnectionManager.java DEBUG [Forwarding findElement on session 1850fbce5f951b60a82aea7e87031669 to remote] conn.PoolingHttpClientConnectionManager 288 - Connection leased: [id: 5][route: {}->http://localhost:19590][total kept alive: 0; route allocated: 1 of 2000; total allocated: 1 of 2000]
12-09-2018 12:36:53 MainClientExec.java DEBUG [Forwarding findElement on session 1850fbce5f951b60a82aea7e87031669 to remote] execchain.MainClientExec 208 - Stale connection check
12-09-2018 12:36:53 Wire.java DEBUG [Forwarding findElement on session 1850fbce5f951b60a82aea7e87031669 to remote] http.wire 87 - http-outgoing-5 << "[read] I/O error: Read timed out"
12-09-2018 12:36:53 LoggingManagedHttpClientConnection.java DEBUG [Forwarding findElement on session 1850fbce5f951b60a82aea7e87031669 to remote] conn.DefaultManagedHttpClientConnection 88 - http-outgoing-5: set socket timeout to 10800000
12-09-2018 12:36:53 MainClientExec.java DEBUG [Forwarding findElement on session 1850fbce5f951b60a82aea7e87031669 to remote] execchain.MainClientExec 256 - Executing request POST /session/1850fbce5f951b60a82aea7e87031669/element HTTP/1.1
12-09-2018 12:36:53 MainClientExec.java DEBUG [Forwarding findElement on session 1850fbce5f951b60a82aea7e87031669 to remote] execchain.MainClientExec 261 - Target auth state: UNCHALLENGED
12-09-2018 12:36:53 MainClientExec.java DEBUG [Forwarding findElement on session 1850fbce5f951b60a82aea7e87031669 to remote] execchain.MainClientExec 267 - Proxy auth state: UNCHALLENGED
12-09-2018 12:36:53 LoggingManagedHttpClientConnection.java DEBUG [Forwarding findElement on session 1850fbce5f951b60a82aea7e87031669 to remote] http.headers 133 - http-outgoing-5 >> POST /session/1850fbce5f951b60a82aea7e87031669/element HTTP/1.1
12-09-2018 12:36:53 LoggingManagedHttpClientConnection.java DEBUG [Forwarding findElement on session 1850fbce5f951b60a82aea7e87031669 to remote] http.headers 136 - http-outgoing-5 >> Content-Type: application/json; charset=utf-8
12-09-2018 12:36:53 LoggingManagedHttpClientConnection.java DEBUG [Forwarding findElement on session 1850fbce5f951b60a82aea7e87031669 to remote] http.headers 136 - http-outgoing-5 >> Content-Length: 58
12-09-2018 12:36:53 LoggingManagedHttpClientConnection.java DEBUG [Forwarding findElement on session 1850fbce5f951b60a82aea7e87031669 to remote] http.headers 136 - http-outgoing-5 >> Host: localhost:19590
12-09-2018 12:36:53 LoggingManagedHttpClientConnection.java DEBUG [Forwarding findElement on session 1850fbce5f951b60a82aea7e87031669 to remote] http.headers 136 - http-outgoing-5 >> Connection: Keep-Alive
12-09-2018 12:36:53 LoggingManagedHttpClientConnection.java DEBUG [Forwarding findElement on session 1850fbce5f951b60a82aea7e87031669 to remote] http.headers 136 - http-outgoing-5 >> User-Agent: Apache-HttpClient/4.5.3 (Java/1.8.0_181)
12-09-2018 12:36:53 LoggingManagedHttpClientConnection.java DEBUG [Forwarding findElement on session 1850fbce5f951b60a82aea7e87031669 to remote] http.headers 136 - http-outgoing-5 >> Accept-Encoding: gzip,deflate
12-09-2018 12:36:53 Wire.java DEBUG [Forwarding findElement on session 1850fbce5f951b60a82aea7e87031669 to remote] http.wire 73 - http-outgoing-5 >> "POST /session/1850fbce5f951b60a82aea7e87031669/element HTTP/1.1[\r][\n]"
12-09-2018 12:36:53 Wire.java DEBUG [Forwarding findElement on session 1850fbce5f951b60a82aea7e87031669 to remote] http.wire 73 - http-outgoing-5 >> "Content-Type: application/json; charset=utf-8[\r][\n]"
12-09-2018 12:36:53 Wire.java DEBUG [Forwarding findElement on session 1850fbce5f951b60a82aea7e87031669 to remote] http.wire 73 - http-outgoing-5 >> "Content-Length: 58[\r][\n]"
12-09-2018 12:36:53 Wire.java DEBUG [Forwarding findElement on session 1850fbce5f951b60a82aea7e87031669 to remote] http.wire 73 - http-outgoing-5 >> "Host: localhost:19590[\r][\n]"
12-09-2018 12:36:53 Wire.java DEBUG [Forwarding findElement on session 1850fbce5f951b60a82aea7e87031669 to remote] http.wire 73 - http-outgoing-5 >> "Connection: Keep-Alive[\r][\n]"
12-09-2018 12:36:53 Wire.java DEBUG [Forwarding findElement on session 1850fbce5f951b60a82aea7e87031669 to remote] http.wire 73 - http-outgoing-5 >> "User-Agent: Apache-HttpClient/4.5.3 (Java/1.8.0_181)[\r][\n]"
12-09-2018 12:36:53 Wire.java DEBUG [Forwarding findElement on session 1850fbce5f951b60a82aea7e87031669 to remote] http.wire 73 - http-outgoing-5 >> "Accept-Encoding: gzip,deflate[\r][\n]"
12-09-2018 12:36:53 Wire.java DEBUG [Forwarding findElement on session 1850fbce5f951b60a82aea7e87031669 to remote] http.wire 73 - http-outgoing-5 >> "[\r][\n]"
12-09-2018 12:36:53 Wire.java DEBUG [Forwarding findElement on session 1850fbce5f951b60a82aea7e87031669 to remote] http.wire 87 - http-outgoing-5 >> "{"using":"xpath","value":"//span[@class='RveJvd snByac']"}"
12-09-2018 12:36:53 Wire.java DEBUG [Forwarding findElement on session 1850fbce5f951b60a82aea7e87031669 to remote] http.wire 73 - http-outgoing-5 << "HTTP/1.1 200 OK[\r][\n]"
12-09-2018 12:36:53 Wire.java DEBUG [Forwarding findElement on session 1850fbce5f951b60a82aea7e87031669 to remote] http.wire 73 - http-outgoing-5 << "Content-Length:102[\r][\n]"
12-09-2018 12:36:53 Wire.java DEBUG [Forwarding findElement on session 1850fbce5f951b60a82aea7e87031669 to remote] http.wire 73 - http-outgoing-5 << "Content-Type:application/json; charset=utf-8[\r][\n]"
12-09-2018 12:36:53 Wire.java DEBUG [Forwarding findElement on session 1850fbce5f951b60a82aea7e87031669 to remote] http.wire 73 - http-outgoing-5 << "[\r][\n]"
12-09-2018 12:36:53 Wire.java DEBUG [Forwarding findElement on session 1850fbce5f951b60a82aea7e87031669 to remote] http.wire 87 - http-outgoing-5 << "{"sessionId":"1850fbce5f951b60a82aea7e87031669","status":0,"value":{"ELEMENT":"0.5698734955180493-7"}}"
12-09-2018 12:36:53 LoggingManagedHttpClientConnection.java DEBUG [Forwarding findElement on session 1850fbce5f951b60a82aea7e87031669 to remote] http.headers 122 - http-outgoing-5 << HTTP/1.1 200 OK
12-09-2018 12:36:53 LoggingManagedHttpClientConnection.java DEBUG [Forwarding findElement on session 1850fbce5f951b60a82aea7e87031669 to remote] http.headers 125 - http-outgoing-5 << Content-Length:102
12-09-2018 12:36:53 LoggingManagedHttpClientConnection.java DEBUG [Forwarding findElement on session 1850fbce5f951b60a82aea7e87031669 to remote] http.headers 125 - http-outgoing-5 << Content-Type:application/json; charset=utf-8
12-09-2018 12:36:53 MainClientExec.java DEBUG [Forwarding findElement on session 1850fbce5f951b60a82aea7e87031669 to remote] execchain.MainClientExec 285 - Connection can be kept alive indefinitely
12-09-2018 12:36:53 PoolingHttpClientConnectionManager.java DEBUG [Forwarding findElement on session 1850fbce5f951b60a82aea7e87031669 to remote] conn.PoolingHttpClientConnectionManager 320 - Connection [id: 5][route: {}->http://localhost:19590] can be kept alive indefinitely
12-09-2018 12:36:53 PoolingHttpClientConnectionManager.java DEBUG [Forwarding findElement on session 1850fbce5f951b60a82aea7e87031669 to remote] conn.PoolingHttpClientConnectionManager 326 - Connection released: [id: 5][route: {}->http://localhost:19590][total kept alive: 1; route allocated: 1 of 2000; total allocated: 1 of 2000]
12-09-2018 12:36:53 RequestAddCookies.java DEBUG [Forwarding isElementEnabled on session 1850fbce5f951b60a82aea7e87031669 to remote] protocol.RequestAddCookies 123 - CookieSpec selected: default
12-09-2018 12:36:53 RequestAuthCache.java DEBUG [Forwarding isElementEnabled on session 1850fbce5f951b60a82aea7e87031669 to remote] protocol.RequestAuthCache 77 - Auth cache not set in the context
12-09-2018 12:36:53 PoolingHttpClientConnectionManager.java DEBUG [Forwarding isElementEnabled on session 1850fbce5f951b60a82aea7e87031669 to remote] conn.PoolingHttpClientConnectionManager 255 - Connection request: [route: {}->http://localhost:19590][total kept alive: 1; route allocated: 1 of 2000; total allocated: 1 of 2000]
12-09-2018 12:36:53 PoolingHttpClientConnectionManager.java DEBUG [Forwarding isElementEnabled on session 1850fbce5f951b60a82aea7e87031669 to remote] conn.PoolingHttpClientConnectionManager 288 - Connection leased: [id: 5][route: {}->http://localhost:19590][total kept alive: 0; route allocated: 1 of 2000; total allocated: 1 of 2000]
12-09-2018 12:36:53 MainClientExec.java DEBUG [Forwarding isElementEnabled on session 1850fbce5f951b60a82aea7e87031669 to remote] execchain.MainClientExec 208 - Stale connection check
12-09-2018 12:36:53 Wire.java DEBUG [Forwarding isElementEnabled on session 1850fbce5f951b60a82aea7e87031669 to remote] http.wire 87 - http-outgoing-5 << "[read] I/O error: Read timed out"
12-09-2018 12:36:53 LoggingManagedHttpClientConnection.java DEBUG [Forwarding isElementEnabled on session 1850fbce5f951b60a82aea7e87031669 to remote] conn.DefaultManagedHttpClientConnection 88 - http-outgoing-5: set socket timeout to 10800000
12-09-2018 12:36:53 MainClientExec.java DEBUG [Forwarding isElementEnabled on session 1850fbce5f951b60a82aea7e87031669 to remote] execchain.MainClientExec 256 - Executing request GET /session/1850fbce5f951b60a82aea7e87031669/element/0.5698734955180493-7/enabled HTTP/1.1
12-09-2018 12:36:53 MainClientExec.java DEBUG [Forwarding isElementEnabled on session 1850fbce5f951b60a82aea7e87031669 to remote] execchain.MainClientExec 261 - Target auth state: UNCHALLENGED
12-09-2018 12:36:53 MainClientExec.java DEBUG [Forwarding isElementEnabled on session 1850fbce5f951b60a82aea7e87031669 to remote] execchain.MainClientExec 267 - Proxy auth state: UNCHALLENGED
12-09-2018 12:36:53 LoggingManagedHttpClientConnection.java DEBUG [Forwarding isElementEnabled on session 1850fbce5f951b60a82aea7e87031669 to remote] http.headers 133 - http-outgoing-5 >> GET /session/1850fbce5f951b60a82aea7e87031669/element/0.5698734955180493-7/enabled HTTP/1.1
12-09-2018 12:36:53 LoggingManagedHttpClientConnection.java DEBUG [Forwarding isElementEnabled on session 1850fbce5f951b60a82aea7e87031669 to remote] http.headers 136 - http-outgoing-5 >> Cache-Control: no-cache
12-09-2018 12:36:53 LoggingManagedHttpClientConnection.java DEBUG [Forwarding isElementEnabled on session 1850fbce5f951b60a82aea7e87031669 to remote] http.headers 136 - http-outgoing-5 >> Host: localhost:19590
12-09-2018 12:36:53 LoggingManagedHttpClientConnection.java DEBUG [Forwarding isElementEnabled on session 1850fbce5f951b60a82aea7e87031669 to remote] http.headers 136 - http-outgoing-5 >> Connection: Keep-Alive
12-09-2018 12:36:53 LoggingManagedHttpClientConnection.java DEBUG [Forwarding isElementEnabled on session 1850fbce5f951b60a82aea7e87031669 to remote] http.headers 136 - http-outgoing-5 >> User-Agent: Apache-HttpClient/4.5.3 (Java/1.8.0_181)
12-09-2018 12:36:53 LoggingManagedHttpClientConnection.java DEBUG [Forwarding isElementEnabled on session 1850fbce5f951b60a82aea7e87031669 to remote] http.headers 136 - http-outgoing-5 >> Accept-Encoding: gzip,deflate
12-09-2018 12:36:53 Wire.java DEBUG [Forwarding isElementEnabled on session 1850fbce5f951b60a82aea7e87031669 to remote] http.wire 73 - http-outgoing-5 >> "GET /session/1850fbce5f951b60a82aea7e87031669/element/0.5698734955180493-7/enabled HTTP/1.1[\r][\n]"
12-09-2018 12:36:53 Wire.java DEBUG [Forwarding isElementEnabled on session 1850fbce5f951b60a82aea7e87031669 to remote] http.wire 73 - http-outgoing-5 >> "Cache-Control: no-cache[\r][\n]"
12-09-2018 12:36:53 Wire.java DEBUG [Forwarding isElementEnabled on session 1850fbce5f951b60a82aea7e87031669 to remote] http.wire 73 - http-outgoing-5 >> "Host: localhost:19590[\r][\n]"
12-09-2018 12:36:53 Wire.java DEBUG [Forwarding isElementEnabled on session 1850fbce5f951b60a82aea7e87031669 to remote] http.wire 73 - http-outgoing-5 >> "Connection: Keep-Alive[\r][\n]"
12-09-2018 12:36:53 Wire.java DEBUG [Forwarding isElementEnabled on session 1850fbce5f951b60a82aea7e87031669 to remote] http.wire 73 - http-outgoing-5 >> "User-Agent: Apache-HttpClient/4.5.3 (Java/1.8.0_181)[\r][\n]"
12-09-2018 12:36:53 Wire.java DEBUG [Forwarding isElementEnabled on session 1850fbce5f951b60a82aea7e87031669 to remote] http.wire 73 - http-outgoing-5 >> "Accept-Encoding: gzip,deflate[\r][\n]"
12-09-2018 12:36:53 Wire.java DEBUG [Forwarding isElementEnabled on session 1850fbce5f951b60a82aea7e87031669 to remote] http.wire 73 - http-outgoing-5 >> "[\r][\n]"
12-09-2018 12:36:53 Wire.java DEBUG [Forwarding isElementEnabled on session 1850fbce5f951b60a82aea7e87031669 to remote] http.wire 73 - http-outgoing-5 << "HTTP/1.1 200 OK[\r][\n]"
12-09-2018 12:36:53 Wire.java DEBUG [Forwarding isElementEnabled on session 1850fbce5f951b60a82aea7e87031669 to remote] http.wire 73 - http-outgoing-5 << "Content-Length:72[\r][\n]"
12-09-2018 12:36:53 Wire.java DEBUG [Forwarding isElementEnabled on session 1850fbce5f951b60a82aea7e87031669 to remote] http.wire 73 - http-outgoing-5 << "Content-Type:application/json; charset=utf-8[\r][\n]"
12-09-2018 12:36:53 Wire.java DEBUG [Forwarding isElementEnabled on session 1850fbce5f951b60a82aea7e87031669 to remote] http.wire 73 - http-outgoing-5 << "[\r][\n]"
12-09-2018 12:36:53 Wire.java DEBUG [Forwarding isElementEnabled on session 1850fbce5f951b60a82aea7e87031669 to remote] http.wire 87 - http-outgoing-5 << "{"sessionId":"1850fbce5f951b60a82aea7e87031669","status":0,"value":true}"
12-09-2018 12:36:53 LoggingManagedHttpClientConnection.java DEBUG [Forwarding isElementEnabled on session 1850fbce5f951b60a82aea7e87031669 to remote] http.headers 122 - http-outgoing-5 << HTTP/1.1 200 OK
12-09-2018 12:36:53 LoggingManagedHttpClientConnection.java DEBUG [Forwarding isElementEnabled on session 1850fbce5f951b60a82aea7e87031669 to remote] http.headers 125 - http-outgoing-5 << Content-Length:72
12-09-2018 12:36:53 LoggingManagedHttpClientConnection.java DEBUG [Forwarding isElementEnabled on session 1850fbce5f951b60a82aea7e87031669 to remote] http.headers 125 - http-outgoing-5 << Content-Type:application/json; charset=utf-8
12-09-2018 12:36:53 MainClientExec.java DEBUG [Forwarding isElementEnabled on session 1850fbce5f951b60a82aea7e87031669 to remote] execchain.MainClientExec 285 - Connection can be kept alive indefinitely
12-09-2018 12:36:53 PoolingHttpClientConnectionManager.java DEBUG [Forwarding isElementEnabled on session 1850fbce5f951b60a82aea7e87031669 to remote] conn.PoolingHttpClientConnectionManager 320 - Connection [id: 5][route: {}->http://localhost:19590] can be kept alive indefinitely
12-09-2018 12:36:53 PoolingHttpClientConnectionManager.java DEBUG [Forwarding isElementEnabled on session 1850fbce5f951b60a82aea7e87031669 to remote] conn.PoolingHttpClientConnectionManager 326 - Connection released: [id: 5][route: {}->http://localhost:19590][total kept alive: 1; route allocated: 1 of 2000; total allocated: 1 of 2000]
12-09-2018 12:36:53 RequestAddCookies.java DEBUG [Forwarding findElement on session 1850fbce5f951b60a82aea7e87031669 to remote] protocol.RequestAddCookies 123 - CookieSpec selected: default
12-09-2018 12:36:53 RequestAuthCache.java DEBUG [Forwarding findElement on session 1850fbce5f951b60a82aea7e87031669 to remote] protocol.RequestAuthCache 77 - Auth cache not set in the context
12-09-2018 12:36:53 PoolingHttpClientConnectionManager.java DEBUG [Forwarding findElement on session 1850fbce5f951b60a82aea7e87031669 to remote] conn.PoolingHttpClientConnectionManager 255 - Connection request: [route: {}->http://localhost:19590][total kept alive: 1; route allocated: 1 of 2000; total allocated: 1 of 2000]
12-09-2018 12:36:53 PoolingHttpClientConnectionManager.java DEBUG [Forwarding findElement on session 1850fbce5f951b60a82aea7e87031669 to remote] conn.PoolingHttpClientConnectionManager 288 - Connection leased: [id: 5][route: {}->http://localhost:19590][total kept alive: 0; route allocated: 1 of 2000; total allocated: 1 of 2000]
12-09-2018 12:36:53 MainClientExec.java DEBUG [Forwarding findElement on session 1850fbce5f951b60a82aea7e87031669 to remote] execchain.MainClientExec 208 - Stale connection check
12-09-2018 12:36:53 Wire.java DEBUG [Forwarding findElement on session 1850fbce5f951b60a82aea7e87031669 to remote] http.wire 87 - http-outgoing-5 << "[read] I/O error: Read timed out"
12-09-2018 12:36:53 LoggingManagedHttpClientConnection.java DEBUG [Forwarding findElement on session 1850fbce5f951b60a82aea7e87031669 to remote] conn.DefaultManagedHttpClientConnection 88 - http-outgoing-5: set socket timeout to 10800000
12-09-2018 12:36:53 MainClientExec.java DEBUG [Forwarding findElement on session 1850fbce5f951b60a82aea7e87031669 to remote] execchain.MainClientExec 256 - Executing request POST /session/1850fbce5f951b60a82aea7e87031669/element HTTP/1.1
12-09-2018 12:36:53 MainClientExec.java DEBUG [Forwarding findElement on session 1850fbce5f951b60a82aea7e87031669 to remote] execchain.MainClientExec 261 - Target auth state: UNCHALLENGED
12-09-2018 12:36:53 MainClientExec.java DEBUG [Forwarding findElement on session 1850fbce5f951b60a82aea7e87031669 to remote] execchain.MainClientExec 267 - Proxy auth state: UNCHALLENGED
12-09-2018 12:36:53 LoggingManagedHttpClientConnection.java DEBUG [Forwarding findElement on session 1850fbce5f951b60a82aea7e87031669 to remote] http.headers 133 - http-outgoing-5 >> POST /session/1850fbce5f951b60a82aea7e87031669/element HTTP/1.1
12-09-2018 12:36:53 LoggingManagedHttpClientConnection.java DEBUG [Forwarding findElement on session 1850fbce5f951b60a82aea7e87031669 to remote] http.headers 136 - http-outgoing-5 >> Content-Type: application/json; charset=utf-8
12-09-2018 12:36:53 LoggingManagedHttpClientConnection.java DEBUG [Forwarding findElement on session 1850fbce5f951b60a82aea7e87031669 to remote] http.headers 136 - http-outgoing-5 >> Content-Length: 53
12-09-2018 12:36:53 LoggingManagedHttpClientConnection.java DEBUG [Forwarding findElement on session 1850fbce5f951b60a82aea7e87031669 to remote] http.headers 136 - http-outgoing-5 >> Host: localhost:19590
12-09-2018 12:36:53 LoggingManagedHttpClientConnection.java DEBUG [Forwarding findElement on session 1850fbce5f951b60a82aea7e87031669 to remote] http.headers 136 - http-outgoing-5 >> Connection: Keep-Alive
12-09-2018 12:36:53 LoggingManagedHttpClientConnection.java DEBUG [Forwarding findElement on session 1850fbce5f951b60a82aea7e87031669 to remote] http.headers 136 - http-outgoing-5 >> User-Agent: Apache-HttpClient/4.5.3 (Java/1.8.0_181)
12-09-2018 12:36:53 LoggingManagedHttpClientConnection.java DEBUG [Forwarding findElement on session 1850fbce5f951b60a82aea7e87031669 to remote] http.headers 136 - http-outgoing-5 >> Accept-Encoding: gzip,deflate
12-09-2018 12:36:53 Wire.java DEBUG [Forwarding findElement on session 1850fbce5f951b60a82aea7e87031669 to remote] http.wire 73 - http-outgoing-5 >> "POST /session/1850fbce5f951b60a82aea7e87031669/element HTTP/1.1[\r][\n]"
12-09-2018 12:36:53 Wire.java DEBUG [Forwarding findElement on session 1850fbce5f951b60a82aea7e87031669 to remote] http.wire 73 - http-outgoing-5 >> "Content-Type: application/json; charset=utf-8[\r][\n]"
12-09-2018 12:36:53 Wire.java DEBUG [Forwarding findElement on session 1850fbce5f951b60a82aea7e87031669 to remote] http.wire 73 - http-outgoing-5 >> "Content-Length: 53[\r][\n]"
12-09-2018 12:36:53 Wire.java DEBUG [Forwarding findElement on session 1850fbce5f951b60a82aea7e87031669 to remote] http.wire 73 - http-outgoing-5 >> "Host: localhost:19590[\r][\n]"
12-09-2018 12:36:53 Wire.java DEBUG [Forwarding findElement on session 1850fbce5f951b60a82aea7e87031669 to remote] http.wire 73 - http-outgoing-5 >> "Connection: Keep-Alive[\r][\n]"
12-09-2018 12:36:53 Wire.java DEBUG [Forwarding findElement on session 1850fbce5f951b60a82aea7e87031669 to remote] http.wire 73 - http-outgoing-5 >> "User-Agent: Apache-HttpClient/4.5.3 (Java/1.8.0_181)[\r][\n]"
12-09-2018 12:36:53 Wire.java DEBUG [Forwarding findElement on session 1850fbce5f951b60a82aea7e87031669 to remote] http.wire 73 - http-outgoing-5 >> "Accept-Encoding: gzip,deflate[\r][\n]"
12-09-2018 12:36:53 Wire.java DEBUG [Forwarding findElement on session 1850fbce5f951b60a82aea7e87031669 to remote] http.wire 73 - http-outgoing-5 >> "[\r][\n]"
12-09-2018 12:36:53 Wire.java DEBUG [Forwarding findElement on session 1850fbce5f951b60a82aea7e87031669 to remote] http.wire 87 - http-outgoing-5 >> "{"using":"xpath","value":"//input[@type='password']"}"
12-09-2018 12:36:53 Wire.java DEBUG [Forwarding findElement on session 1850fbce5f951b60a82aea7e87031669 to remote] http.wire 73 - http-outgoing-5 << "HTTP/1.1 200 OK[\r][\n]"
12-09-2018 12:36:53 Wire.java DEBUG [Forwarding findElement on session 1850fbce5f951b60a82aea7e87031669 to remote] http.wire 73 - http-outgoing-5 << "Content-Length:102[\r][\n]"
12-09-2018 12:36:53 Wire.java DEBUG [Forwarding findElement on session 1850fbce5f951b60a82aea7e87031669 to remote] http.wire 73 - http-outgoing-5 << "Content-Type:application/json; charset=utf-8[\r][\n]"
12-09-2018 12:36:53 Wire.java DEBUG [Forwarding findElement on session 1850fbce5f951b60a82aea7e87031669 to remote] http.wire 73 - http-outgoing-5 << "[\r][\n]"
12-09-2018 12:36:53 Wire.java DEBUG [Forwarding findElement on session 1850fbce5f951b60a82aea7e87031669 to remote] http.wire 87 - http-outgoing-5 << "{"sessionId":"1850fbce5f951b60a82aea7e87031669","status":0,"value":{"ELEMENT":"0.5698734955180493-6"}}"
12-09-2018 12:36:53 LoggingManagedHttpClientConnection.java DEBUG [Forwarding findElement on session 1850fbce5f951b60a82aea7e87031669 to remote] http.headers 122 - http-outgoing-5 << HTTP/1.1 200 OK
12-09-2018 12:36:53 LoggingManagedHttpClientConnection.java DEBUG [Forwarding findElement on session 1850fbce5f951b60a82aea7e87031669 to remote] http.headers 125 - http-outgoing-5 << Content-Length:102
12-09-2018 12:36:53 LoggingManagedHttpClientConnection.java DEBUG [Forwarding findElement on session 1850fbce5f951b60a82aea7e87031669 to remote] http.headers 125 - http-outgoing-5 << Content-Type:application/json; charset=utf-8
12-09-2018 12:36:53 MainClientExec.java DEBUG [Forwarding findElement on session 1850fbce5f951b60a82aea7e87031669 to remote] execchain.MainClientExec 285 - Connection can be kept alive indefinitely
12-09-2018 12:36:53 PoolingHttpClientConnectionManager.java DEBUG [Forwarding findElement on session 1850fbce5f951b60a82aea7e87031669 to remote] conn.PoolingHttpClientConnectionManager 320 - Connection [id: 5][route: {}->http://localhost:19590] can be kept alive indefinitely
12-09-2018 12:36:53 PoolingHttpClientConnectionManager.java DEBUG [Forwarding findElement on session 1850fbce5f951b60a82aea7e87031669 to remote] conn.PoolingHttpClientConnectionManager 326 - Connection released: [id: 5][route: {}->http://localhost:19590][total kept alive: 1; route allocated: 1 of 2000; total allocated: 1 of 2000]
12-09-2018 12:36:53 RequestAddCookies.java DEBUG [Forwarding sendKeysToElement on session 1850fbce5f951b60a82aea7e87031669 to remote] protocol.RequestAddCookies 123 - CookieSpec selected: default
12-09-2018 12:36:53 RequestAuthCache.java DEBUG [Forwarding sendKeysToElement on session 1850fbce5f951b60a82aea7e87031669 to remote] protocol.RequestAuthCache 77 - Auth cache not set in the context
12-09-2018 12:36:53 PoolingHttpClientConnectionManager.java DEBUG [Forwarding sendKeysToElement on session 1850fbce5f951b60a82aea7e87031669 to remote] conn.PoolingHttpClientConnectionManager 255 - Connection request: [route: {}->http://localhost:19590][total kept alive: 1; route allocated: 1 of 2000; total allocated: 1 of 2000]
12-09-2018 12:36:53 PoolingHttpClientConnectionManager.java DEBUG [Forwarding sendKeysToElement on session 1850fbce5f951b60a82aea7e87031669 to remote] conn.PoolingHttpClientConnectionManager 288 - Connection leased: [id: 5][route: {}->http://localhost:19590][total kept alive: 0; route allocated: 1 of 2000; total allocated: 1 of 2000]
12-09-2018 12:36:53 MainClientExec.java DEBUG [Forwarding sendKeysToElement on session 1850fbce5f951b60a82aea7e87031669 to remote] execchain.MainClientExec 208 - Stale connection check
12-09-2018 12:36:53 Wire.java DEBUG [Forwarding sendKeysToElement on session 1850fbce5f951b60a82aea7e87031669 to remote] http.wire 87 - http-outgoing-5 << "[read] I/O error: Read timed out"
12-09-2018 12:36:53 LoggingManagedHttpClientConnection.java DEBUG [Forwarding sendKeysToElement on session 1850fbce5f951b60a82aea7e87031669 to remote] conn.DefaultManagedHttpClientConnection 88 - http-outgoing-5: set socket timeout to 10800000
12-09-2018 12:36:53 MainClientExec.java DEBUG [Forwarding sendKeysToElement on session 1850fbce5f951b60a82aea7e87031669 to remote] execchain.MainClientExec 256 - Executing request POST /session/1850fbce5f951b60a82aea7e87031669/element/0.5698734955180493-6/value HTTP/1.1
12-09-2018 12:36:53 MainClientExec.java DEBUG [Forwarding sendKeysToElement on session 1850fbce5f951b60a82aea7e87031669 to remote] execchain.MainClientExec 261 - Target auth state: UNCHALLENGED
12-09-2018 12:36:53 MainClientExec.java DEBUG [Forwarding sendKeysToElement on session 1850fbce5f951b60a82aea7e87031669 to remote] execchain.MainClientExec 267 - Proxy auth state: UNCHALLENGED
12-09-2018 12:36:53 LoggingManagedHttpClientConnection.java DEBUG [Forwarding sendKeysToElement on session 1850fbce5f951b60a82aea7e87031669 to remote] http.headers 133 - http-outgoing-5 >> POST /session/1850fbce5f951b60a82aea7e87031669/element/0.5698734955180493-6/value HTTP/1.1
12-09-2018 12:36:53 LoggingManagedHttpClientConnection.java DEBUG [Forwarding sendKeysToElement on session 1850fbce5f951b60a82aea7e87031669 to remote] http.headers 136 - http-outgoing-5 >> Content-Type: application/json; charset=utf-8
12-09-2018 12:36:53 LoggingManagedHttpClientConnection.java DEBUG [Forwarding sendKeysToElement on session 1850fbce5f951b60a82aea7e87031669 to remote] http.headers 136 - http-outgoing-5 >> Content-Length: 50
12-09-2018 12:36:53 LoggingManagedHttpClientConnection.java DEBUG [Forwarding sendKeysToElement on session 1850fbce5f951b60a82aea7e87031669 to remote] http.headers 136 - http-outgoing-5 >> Host: localhost:19590
12-09-2018 12:36:53 LoggingManagedHttpClientConnection.java DEBUG [Forwarding sendKeysToElement on session 1850fbce5f951b60a82aea7e87031669 to remote] http.headers 136 - http-outgoing-5 >> Connection: Keep-Alive
12-09-2018 12:36:53 LoggingManagedHttpClientConnection.java DEBUG [Forwarding sendKeysToElement on session 1850fbce5f951b60a82aea7e87031669 to remote] http.headers 136 - http-outgoing-5 >> User-Agent: Apache-HttpClient/4.5.3 (Java/1.8.0_181)
12-09-2018 12:36:53 LoggingManagedHttpClientConnection.java DEBUG [Forwarding sendKeysToElement on session 1850fbce5f951b60a82aea7e87031669 to remote] http.headers 136 - http-outgoing-5 >> Accept-Encoding: gzip,deflate
12-09-2018 12:36:53 Wire.java DEBUG [Forwarding sendKeysToElement on session 1850fbce5f951b60a82aea7e87031669 to remote] http.wire 73 - http-outgoing-5 >> "POST /session/1850fbce5f951b60a82aea7e87031669/element/0.5698734955180493-6/value HTTP/1.1[\r][\n]"
12-09-2018 12:36:53 Wire.java DEBUG [Forwarding sendKeysToElement on session 1850fbce5f951b60a82aea7e87031669 to remote] http.wire 73 - http-outgoing-5 >> "Content-Type: application/json; charset=utf-8[\r][\n]"
12-09-2018 12:36:53 Wire.java DEBUG [Forwarding sendKeysToElement on session 1850fbce5f951b60a82aea7e87031669 to remote] http.wire 73 - http-outgoing-5 >> "Content-Length: 50[\r][\n]"
12-09-2018 12:36:53 Wire.java DEBUG [Forwarding sendKeysToElement on session 1850fbce5f951b60a82aea7e87031669 to remote] http.wire 73 - http-outgoing-5 >> "Host: localhost:19590[\r][\n]"
12-09-2018 12:36:53 Wire.java DEBUG [Forwarding sendKeysToElement on session 1850fbce5f951b60a82aea7e87031669 to remote] http.wire 73 - http-outgoing-5 >> "Connection: Keep-Alive[\r][\n]"
12-09-2018 12:36:53 Wire.java DEBUG [Forwarding sendKeysToElement on session 1850fbce5f951b60a82aea7e87031669 to remote] http.wire 73 - http-outgoing-5 >> "User-Agent: Apache-HttpClient/4.5.3 (Java/1.8.0_181)[\r][\n]"
12-09-2018 12:36:53 Wire.java DEBUG [Forwarding sendKeysToElement on session 1850fbce5f951b60a82aea7e87031669 to remote] http.wire 73 - http-outgoing-5 >> "Accept-Encoding: gzip,deflate[\r][\n]"
12-09-2018 12:36:53 Wire.java DEBUG [Forwarding sendKeysToElement on session 1850fbce5f951b60a82aea7e87031669 to remote] http.wire 73 - http-outgoing-5 >> "[\r][\n]"
12-09-2018 12:36:53 Wire.java DEBUG [Forwarding sendKeysToElement on session 1850fbce5f951b60a82aea7e87031669 to remote] http.wire 87 - http-outgoing-5 >> "{"id":"0.5698734955180493-6","value":["Auto@123"]}"
12-09-2018 12:36:53 Wire.java DEBUG [Forwarding sendKeysToElement on session 1850fbce5f951b60a82aea7e87031669 to remote] http.wire 73 - http-outgoing-5 << "HTTP/1.1 200 OK[\r][\n]"
12-09-2018 12:36:53 Wire.java DEBUG [Forwarding sendKeysToElement on session 1850fbce5f951b60a82aea7e87031669 to remote] http.wire 73 - http-outgoing-5 << "Content-Length:72[\r][\n]"
12-09-2018 12:36:53 Wire.java DEBUG [Forwarding sendKeysToElement on session 1850fbce5f951b60a82aea7e87031669 to remote] http.wire 73 - http-outgoing-5 << "Content-Type:application/json; charset=utf-8[\r][\n]"
12-09-2018 12:36:53 Wire.java DEBUG [Forwarding sendKeysToElement on session 1850fbce5f951b60a82aea7e87031669 to remote] http.wire 73 - http-outgoing-5 << "[\r][\n]"
12-09-2018 12:36:53 Wire.java DEBUG [Forwarding sendKeysToElement on session 1850fbce5f951b60a82aea7e87031669 to remote] http.wire 87 - http-outgoing-5 << "{"sessionId":"1850fbce5f951b60a82aea7e87031669","status":0,"value":null}"
12-09-2018 12:36:53 LoggingManagedHttpClientConnection.java DEBUG [Forwarding sendKeysToElement on session 1850fbce5f951b60a82aea7e87031669 to remote] http.headers 122 - http-outgoing-5 << HTTP/1.1 200 OK
12-09-2018 12:36:53 LoggingManagedHttpClientConnection.java DEBUG [Forwarding sendKeysToElement on session 1850fbce5f951b60a82aea7e87031669 to remote] http.headers 125 - http-outgoing-5 << Content-Length:72
12-09-2018 12:36:53 LoggingManagedHttpClientConnection.java DEBUG [Forwarding sendKeysToElement on session 1850fbce5f951b60a82aea7e87031669 to remote] http.headers 125 - http-outgoing-5 << Content-Type:application/json; charset=utf-8
12-09-2018 12:36:53 MainClientExec.java DEBUG [Forwarding sendKeysToElement on session 1850fbce5f951b60a82aea7e87031669 to remote] execchain.MainClientExec 285 - Connection can be kept alive indefinitely
12-09-2018 12:36:53 PoolingHttpClientConnectionManager.java DEBUG [Forwarding sendKeysToElement on session 1850fbce5f951b60a82aea7e87031669 to remote] conn.PoolingHttpClientConnectionManager 320 - Connection [id: 5][route: {}->http://localhost:19590] can be kept alive indefinitely
12-09-2018 12:36:53 PoolingHttpClientConnectionManager.java DEBUG [Forwarding sendKeysToElement on session 1850fbce5f951b60a82aea7e87031669 to remote] conn.PoolingHttpClientConnectionManager 326 - Connection released: [id: 5][route: {}->http://localhost:19590][total kept alive: 1; route allocated: 1 of 2000; total allocated: 1 of 2000]
12-09-2018 12:36:53 RequestAddCookies.java DEBUG [Forwarding findElement on session 1850fbce5f951b60a82aea7e87031669 to remote] protocol.RequestAddCookies 123 - CookieSpec selected: default
12-09-2018 12:36:53 RequestAuthCache.java DEBUG [Forwarding findElement on session 1850fbce5f951b60a82aea7e87031669 to remote] protocol.RequestAuthCache 77 - Auth cache not set in the context
12-09-2018 12:36:53 PoolingHttpClientConnectionManager.java DEBUG [Forwarding findElement on session 1850fbce5f951b60a82aea7e87031669 to remote] conn.PoolingHttpClientConnectionManager 255 - Connection request: [route: {}->http://localhost:19590][total kept alive: 1; route allocated: 1 of 2000; total allocated: 1 of 2000]
12-09-2018 12:36:53 PoolingHttpClientConnectionManager.java DEBUG [Forwarding findElement on session 1850fbce5f951b60a82aea7e87031669 to remote] conn.PoolingHttpClientConnectionManager 288 - Connection leased: [id: 5][route: {}->http://localhost:19590][total kept alive: 0; route allocated: 1 of 2000; total allocated: 1 of 2000]
12-09-2018 12:36:53 MainClientExec.java DEBUG [Forwarding findElement on session 1850fbce5f951b60a82aea7e87031669 to remote] execchain.MainClientExec 208 - Stale connection check
12-09-2018 12:36:53 Wire.java DEBUG [Forwarding findElement on session 1850fbce5f951b60a82aea7e87031669 to remote] http.wire 87 - http-outgoing-5 << "[read] I/O error: Read timed out"
12-09-2018 12:36:53 LoggingManagedHttpClientConnection.java DEBUG [Forwarding findElement on session 1850fbce5f951b60a82aea7e87031669 to remote] conn.DefaultManagedHttpClientConnection 88 - http-outgoing-5: set socket timeout to 10800000
12-09-2018 12:36:53 MainClientExec.java DEBUG [Forwarding findElement on session 1850fbce5f951b60a82aea7e87031669 to remote] execchain.MainClientExec 256 - Executing request POST /session/1850fbce5f951b60a82aea7e87031669/element HTTP/1.1
12-09-2018 12:36:53 MainClientExec.java DEBUG [Forwarding findElement on session 1850fbce5f951b60a82aea7e87031669 to remote] execchain.MainClientExec 261 - Target auth state: UNCHALLENGED
12-09-2018 12:36:53 MainClientExec.java DEBUG [Forwarding findElement on session 1850fbce5f951b60a82aea7e87031669 to remote] execchain.MainClientExec 267 - Proxy auth state: UNCHALLENGED
12-09-2018 12:36:53 LoggingManagedHttpClientConnection.java DEBUG [Forwarding findElement on session 1850fbce5f951b60a82aea7e87031669 to remote] http.headers 133 - http-outgoing-5 >> POST /session/1850fbce5f951b60a82aea7e87031669/element HTTP/1.1
12-09-2018 12:36:53 LoggingManagedHttpClientConnection.java DEBUG [Forwarding findElement on session 1850fbce5f951b60a82aea7e87031669 to remote] http.headers 136 - http-outgoing-5 >> Content-Type: application/json; charset=utf-8
12-09-2018 12:36:53 LoggingManagedHttpClientConnection.java DEBUG [Forwarding findElement on session 1850fbce5f951b60a82aea7e87031669 to remote] http.headers 136 - http-outgoing-5 >> Content-Length: 58
12-09-2018 12:36:53 LoggingManagedHttpClientConnection.java DEBUG [Forwarding findElement on session 1850fbce5f951b60a82aea7e87031669 to remote] http.headers 136 - http-outgoing-5 >> Host: localhost:19590
12-09-2018 12:36:53 LoggingManagedHttpClientConnection.java DEBUG [Forwarding findElement on session 1850fbce5f951b60a82aea7e87031669 to remote] http.headers 136 - http-outgoing-5 >> Connection: Keep-Alive
12-09-2018 12:36:53 LoggingManagedHttpClientConnection.java DEBUG [Forwarding findElement on session 1850fbce5f951b60a82aea7e87031669 to remote] http.headers 136 - http-outgoing-5 >> User-Agent: Apache-HttpClient/4.5.3 (Java/1.8.0_181)
12-09-2018 12:36:53 LoggingManagedHttpClientConnection.java DEBUG [Forwarding findElement on session 1850fbce5f951b60a82aea7e87031669 to remote] http.headers 136 - http-outgoing-5 >> Accept-Encoding: gzip,deflate
12-09-2018 12:36:53 Wire.java DEBUG [Forwarding findElement on session 1850fbce5f951b60a82aea7e87031669 to remote] http.wire 73 - http-outgoing-5 >> "POST /session/1850fbce5f951b60a82aea7e87031669/element HTTP/1.1[\r][\n]"
12-09-2018 12:36:53 Wire.java DEBUG [Forwarding findElement on session 1850fbce5f951b60a82aea7e87031669 to remote] http.wire 73 - http-outgoing-5 >> "Content-Type: application/json; charset=utf-8[\r][\n]"
12-09-2018 12:36:53 Wire.java DEBUG [Forwarding findElement on session 1850fbce5f951b60a82aea7e87031669 to remote] http.wire 73 - http-outgoing-5 >> "Content-Length: 58[\r][\n]"
12-09-2018 12:36:53 Wire.java DEBUG [Forwarding findElement on session 1850fbce5f951b60a82aea7e87031669 to remote] http.wire 73 - http-outgoing-5 >> "Host: localhost:19590[\r][\n]"
12-09-2018 12:36:53 Wire.java DEBUG [Forwarding findElement on session 1850fbce5f951b60a82aea7e87031669 to remote] http.wire 73 - http-outgoing-5 >> "Connection: Keep-Alive[\r][\n]"
12-09-2018 12:36:53 Wire.java DEBUG [Forwarding findElement on session 1850fbce5f951b60a82aea7e87031669 to remote] http.wire 73 - http-outgoing-5 >> "User-Agent: Apache-HttpClient/4.5.3 (Java/1.8.0_181)[\r][\n]"
12-09-2018 12:36:53 Wire.java DEBUG [Forwarding findElement on session 1850fbce5f951b60a82aea7e87031669 to remote] http.wire 73 - http-outgoing-5 >> "Accept-Encoding: gzip,deflate[\r][\n]"
12-09-2018 12:36:53 Wire.java DEBUG [Forwarding findElement on session 1850fbce5f951b60a82aea7e87031669 to remote] http.wire 73 - http-outgoing-5 >> "[\r][\n]"
12-09-2018 12:36:53 Wire.java DEBUG [Forwarding findElement on session 1850fbce5f951b60a82aea7e87031669 to remote] http.wire 87 - http-outgoing-5 >> "{"using":"xpath","value":"//span[@class='RveJvd snByac']"}"
12-09-2018 12:36:53 Wire.java DEBUG [Forwarding findElement on session 1850fbce5f951b60a82aea7e87031669 to remote] http.wire 73 - http-outgoing-5 << "HTTP/1.1 200 OK[\r][\n]"
12-09-2018 12:36:53 Wire.java DEBUG [Forwarding findElement on session 1850fbce5f951b60a82aea7e87031669 to remote] http.wire 73 - http-outgoing-5 << "Content-Length:102[\r][\n]"
12-09-2018 12:36:53 Wire.java DEBUG [Forwarding findElement on session 1850fbce5f951b60a82aea7e87031669 to remote] http.wire 73 - http-outgoing-5 << "Content-Type:application/json; charset=utf-8[\r][\n]"
12-09-2018 12:36:53 Wire.java DEBUG [Forwarding findElement on session 1850fbce5f951b60a82aea7e87031669 to remote] http.wire 73 - http-outgoing-5 << "[\r][\n]"
12-09-2018 12:36:53 Wire.java DEBUG [Forwarding findElement on session 1850fbce5f951b60a82aea7e87031669 to remote] http.wire 87 - http-outgoing-5 << "{"sessionId":"1850fbce5f951b60a82aea7e87031669","status":0,"value":{"ELEMENT":"0.5698734955180493-7"}}"
12-09-2018 12:36:53 LoggingManagedHttpClientConnection.java DEBUG [Forwarding findElement on session 1850fbce5f951b60a82aea7e87031669 to remote] http.headers 122 - http-outgoing-5 << HTTP/1.1 200 OK
12-09-2018 12:36:53 LoggingManagedHttpClientConnection.java DEBUG [Forwarding findElement on session 1850fbce5f951b60a82aea7e87031669 to remote] http.headers 125 - http-outgoing-5 << Content-Length:102
12-09-2018 12:36:53 LoggingManagedHttpClientConnection.java DEBUG [Forwarding findElement on session 1850fbce5f951b60a82aea7e87031669 to remote] http.headers 125 - http-outgoing-5 << Content-Type:application/json; charset=utf-8
12-09-2018 12:36:53 MainClientExec.java DEBUG [Forwarding findElement on session 1850fbce5f951b60a82aea7e87031669 to remote] execchain.MainClientExec 285 - Connection can be kept alive indefinitely
12-09-2018 12:36:53 PoolingHttpClientConnectionManager.java DEBUG [Forwarding findElement on session 1850fbce5f951b60a82aea7e87031669 to remote] conn.PoolingHttpClientConnectionManager 320 - Connection [id: 5][route: {}->http://localhost:19590] can be kept alive indefinitely
12-09-2018 12:36:53 PoolingHttpClientConnectionManager.java DEBUG [Forwarding findElement on session 1850fbce5f951b60a82aea7e87031669 to remote] conn.PoolingHttpClientConnectionManager 326 - Connection released: [id: 5][route: {}->http://localhost:19590][total kept alive: 1; route allocated: 1 of 2000; total allocated: 1 of 2000]
12-09-2018 12:36:53 RequestAddCookies.java DEBUG [Forwarding clickElement on session 1850fbce5f951b60a82aea7e87031669 to remote] protocol.RequestAddCookies 123 - CookieSpec selected: default
12-09-2018 12:36:53 RequestAuthCache.java DEBUG [Forwarding clickElement on session 1850fbce5f951b60a82aea7e87031669 to remote] protocol.RequestAuthCache 77 - Auth cache not set in the context
12-09-2018 12:36:53 PoolingHttpClientConnectionManager.java DEBUG [Forwarding clickElement on session 1850fbce5f951b60a82aea7e87031669 to remote] conn.PoolingHttpClientConnectionManager 255 - Connection request: [route: {}->http://localhost:19590][total kept alive: 1; route allocated: 1 of 2000; total allocated: 1 of 2000]
12-09-2018 12:36:53 PoolingHttpClientConnectionManager.java DEBUG [Forwarding clickElement on session 1850fbce5f951b60a82aea7e87031669 to remote] conn.PoolingHttpClientConnectionManager 288 - Connection leased: [id: 5][route: {}->http://localhost:19590][total kept alive: 0; route allocated: 1 of 2000; total allocated: 1 of 2000]
12-09-2018 12:36:53 MainClientExec.java DEBUG [Forwarding clickElement on session 1850fbce5f951b60a82aea7e87031669 to remote] execchain.MainClientExec 208 - Stale connection check
12-09-2018 12:36:53 Wire.java DEBUG [Forwarding clickElement on session 1850fbce5f951b60a82aea7e87031669 to remote] http.wire 87 - http-outgoing-5 << "[read] I/O error: Read timed out"
12-09-2018 12:36:53 LoggingManagedHttpClientConnection.java DEBUG [Forwarding clickElement on session 1850fbce5f951b60a82aea7e87031669 to remote] conn.DefaultManagedHttpClientConnection 88 - http-outgoing-5: set socket timeout to 10800000
12-09-2018 12:36:53 MainClientExec.java DEBUG [Forwarding clickElement on session 1850fbce5f951b60a82aea7e87031669 to remote] execchain.MainClientExec 256 - Executing request POST /session/1850fbce5f951b60a82aea7e87031669/element/0.5698734955180493-7/click HTTP/1.1
12-09-2018 12:36:53 MainClientExec.java DEBUG [Forwarding clickElement on session 1850fbce5f951b60a82aea7e87031669 to remote] execchain.MainClientExec 261 - Target auth state: UNCHALLENGED
12-09-2018 12:36:53 MainClientExec.java DEBUG [Forwarding clickElement on session 1850fbce5f951b60a82aea7e87031669 to remote] execchain.MainClientExec 267 - Proxy auth state: UNCHALLENGED
12-09-2018 12:36:53 LoggingManagedHttpClientConnection.java DEBUG [Forwarding clickElement on session 1850fbce5f951b60a82aea7e87031669 to remote] http.headers 133 - http-outgoing-5 >> POST /session/1850fbce5f951b60a82aea7e87031669/element/0.5698734955180493-7/click HTTP/1.1
12-09-2018 12:36:53 LoggingManagedHttpClientConnection.java DEBUG [Forwarding clickElement on session 1850fbce5f951b60a82aea7e87031669 to remote] http.headers 136 - http-outgoing-5 >> Content-Type: application/json; charset=utf-8
12-09-2018 12:36:53 LoggingManagedHttpClientConnection.java DEBUG [Forwarding clickElement on session 1850fbce5f951b60a82aea7e87031669 to remote] http.headers 136 - http-outgoing-5 >> Content-Length: 29
12-09-2018 12:36:53 LoggingManagedHttpClientConnection.java DEBUG [Forwarding clickElement on session 1850fbce5f951b60a82aea7e87031669 to remote] http.headers 136 - http-outgoing-5 >> Host: localhost:19590
12-09-2018 12:36:53 LoggingManagedHttpClientConnection.java DEBUG [Forwarding clickElement on session 1850fbce5f951b60a82aea7e87031669 to remote] http.headers 136 - http-outgoing-5 >> Connection: Keep-Alive
12-09-2018 12:36:53 LoggingManagedHttpClientConnection.java DEBUG [Forwarding clickElement on session 1850fbce5f951b60a82aea7e87031669 to remote] http.headers 136 - http-outgoing-5 >> User-Agent: Apache-HttpClient/4.5.3 (Java/1.8.0_181)
12-09-2018 12:36:53 LoggingManagedHttpClientConnection.java DEBUG [Forwarding clickElement on session 1850fbce5f951b60a82aea7e87031669 to remote] http.headers 136 - http-outgoing-5 >> Accept-Encoding: gzip,deflate
12-09-2018 12:36:53 Wire.java DEBUG [Forwarding clickElement on session 1850fbce5f951b60a82aea7e87031669 to remote] http.wire 73 - http-outgoing-5 >> "POST /session/1850fbce5f951b60a82aea7e87031669/element/0.5698734955180493-7/click HTTP/1.1[\r][\n]"
12-09-2018 12:36:53 Wire.java DEBUG [Forwarding clickElement on session 1850fbce5f951b60a82aea7e87031669 to remote] http.wire 73 - http-outgoing-5 >> "Content-Type: application/json; charset=utf-8[\r][\n]"
12-09-2018 12:36:53 Wire.java DEBUG [Forwarding clickElement on session 1850fbce5f951b60a82aea7e87031669 to remote] http.wire 73 - http-outgoing-5 >> "Content-Length: 29[\r][\n]"
12-09-2018 12:36:53 Wire.java DEBUG [Forwarding clickElement on session 1850fbce5f951b60a82aea7e87031669 to remote] http.wire 73 - http-outgoing-5 >> "Host: localhost:19590[\r][\n]"
12-09-2018 12:36:53 Wire.java DEBUG [Forwarding clickElement on session 1850fbce5f951b60a82aea7e87031669 to remote] http.wire 73 - http-outgoing-5 >> "Connection: Keep-Alive[\r][\n]"
12-09-2018 12:36:53 Wire.java DEBUG [Forwarding clickElement on session 1850fbce5f951b60a82aea7e87031669 to remote] http.wire 73 - http-outgoing-5 >> "User-Agent: Apache-HttpClient/4.5.3 (Java/1.8.0_181)[\r][\n]"
12-09-2018 12:36:53 Wire.java DEBUG [Forwarding clickElement on session 1850fbce5f951b60a82aea7e87031669 to remote] http.wire 73 - http-outgoing-5 >> "Accept-Encoding: gzip,deflate[\r][\n]"
12-09-2018 12:36:53 Wire.java DEBUG [Forwarding clickElement on session 1850fbce5f951b60a82aea7e87031669 to remote] http.wire 73 - http-outgoing-5 >> "[\r][\n]"
12-09-2018 12:36:53 Wire.java DEBUG [Forwarding clickElement on session 1850fbce5f951b60a82aea7e87031669 to remote] http.wire 87 - http-outgoing-5 >> "{"id":"0.5698734955180493-7"}"
12-09-2018 12:36:54 Wire.java DEBUG [Forwarding clickElement on session 1850fbce5f951b60a82aea7e87031669 to remote] http.wire 73 - http-outgoing-5 << "HTTP/1.1 200 OK[\r][\n]"
12-09-2018 12:36:54 Wire.java DEBUG [Forwarding clickElement on session 1850fbce5f951b60a82aea7e87031669 to remote] http.wire 73 - http-outgoing-5 << "Content-Length:72[\r][\n]"
12-09-2018 12:36:54 Wire.java DEBUG [Forwarding clickElement on session 1850fbce5f951b60a82aea7e87031669 to remote] http.wire 73 - http-outgoing-5 << "Content-Type:application/json; charset=utf-8[\r][\n]"
12-09-2018 12:36:54 Wire.java DEBUG [Forwarding clickElement on session 1850fbce5f951b60a82aea7e87031669 to remote] http.wire 73 - http-outgoing-5 << "[\r][\n]"
12-09-2018 12:36:54 Wire.java DEBUG [Forwarding clickElement on session 1850fbce5f951b60a82aea7e87031669 to remote] http.wire 87 - http-outgoing-5 << "{"sessionId":"1850fbce5f951b60a82aea7e87031669","status":0,"value":null}"
12-09-2018 12:36:54 LoggingManagedHttpClientConnection.java DEBUG [Forwarding clickElement on session 1850fbce5f951b60a82aea7e87031669 to remote] http.headers 122 - http-outgoing-5 << HTTP/1.1 200 OK
12-09-2018 12:36:54 LoggingManagedHttpClientConnection.java DEBUG [Forwarding clickElement on session 1850fbce5f951b60a82aea7e87031669 to remote] http.headers 125 - http-outgoing-5 << Content-Length:72
12-09-2018 12:36:54 LoggingManagedHttpClientConnection.java DEBUG [Forwarding clickElement on session 1850fbce5f951b60a82aea7e87031669 to remote] http.headers 125 - http-outgoing-5 << Content-Type:application/json; charset=utf-8
12-09-2018 12:36:54 MainClientExec.java DEBUG [Forwarding clickElement on session 1850fbce5f951b60a82aea7e87031669 to remote] execchain.MainClientExec 285 - Connection can be kept alive indefinitely
12-09-2018 12:36:54 PoolingHttpClientConnectionManager.java DEBUG [Forwarding clickElement on session 1850fbce5f951b60a82aea7e87031669 to remote] conn.PoolingHttpClientConnectionManager 320 - Connection [id: 5][route: {}->http://localhost:19590] can be kept alive indefinitely
12-09-2018 12:36:54 PoolingHttpClientConnectionManager.java DEBUG [Forwarding clickElement on session 1850fbce5f951b60a82aea7e87031669 to remote] conn.PoolingHttpClientConnectionManager 326 - Connection released: [id: 5][route: {}->http://localhost:19590][total kept alive: 1; route allocated: 1 of 2000; total allocated: 1 of 2000]
12-09-2018 12:36:55 RequestAddCookies.java DEBUG [Forwarding findElements on session 1850fbce5f951b60a82aea7e87031669 to remote] protocol.RequestAddCookies 123 - CookieSpec selected: default
12-09-2018 12:36:55 RequestAuthCache.java DEBUG [Forwarding findElements on session 1850fbce5f951b60a82aea7e87031669 to remote] protocol.RequestAuthCache 77 - Auth cache not set in the context
12-09-2018 12:36:55 PoolingHttpClientConnectionManager.java DEBUG [Forwarding findElements on session 1850fbce5f951b60a82aea7e87031669 to remote] conn.PoolingHttpClientConnectionManager 255 - Connection request: [route: {}->http://localhost:19590][total kept alive: 1; route allocated: 1 of 2000; total allocated: 1 of 2000]
12-09-2018 12:36:55 PoolingHttpClientConnectionManager.java DEBUG [Forwarding findElements on session 1850fbce5f951b60a82aea7e87031669 to remote] conn.PoolingHttpClientConnectionManager 288 - Connection leased: [id: 5][route: {}->http://localhost:19590][total kept alive: 0; route allocated: 1 of 2000; total allocated: 1 of 2000]
12-09-2018 12:36:55 MainClientExec.java DEBUG [Forwarding findElements on session 1850fbce5f951b60a82aea7e87031669 to remote] execchain.MainClientExec 208 - Stale connection check
12-09-2018 12:36:55 Wire.java DEBUG [Forwarding findElements on session 1850fbce5f951b60a82aea7e87031669 to remote] http.wire 87 - http-outgoing-5 << "[read] I/O error: Read timed out"
12-09-2018 12:36:55 LoggingManagedHttpClientConnection.java DEBUG [Forwarding findElements on session 1850fbce5f951b60a82aea7e87031669 to remote] conn.DefaultManagedHttpClientConnection 88 - http-outgoing-5: set socket timeout to 10800000
12-09-2018 12:36:55 MainClientExec.java DEBUG [Forwarding findElements on session 1850fbce5f951b60a82aea7e87031669 to remote] execchain.MainClientExec 256 - Executing request POST /session/1850fbce5f951b60a82aea7e87031669/elements HTTP/1.1
12-09-2018 12:36:55 MainClientExec.java DEBUG [Forwarding findElements on session 1850fbce5f951b60a82aea7e87031669 to remote] execchain.MainClientExec 261 - Target auth state: UNCHALLENGED
12-09-2018 12:36:55 MainClientExec.java DEBUG [Forwarding findElements on session 1850fbce5f951b60a82aea7e87031669 to remote] execchain.MainClientExec 267 - Proxy auth state: UNCHALLENGED
12-09-2018 12:36:55 LoggingManagedHttpClientConnection.java DEBUG [Forwarding findElements on session 1850fbce5f951b60a82aea7e87031669 to remote] http.headers 133 - http-outgoing-5 >> POST /session/1850fbce5f951b60a82aea7e87031669/elements HTTP/1.1
12-09-2018 12:36:55 LoggingManagedHttpClientConnection.java DEBUG [Forwarding findElements on session 1850fbce5f951b60a82aea7e87031669 to remote] http.headers 136 - http-outgoing-5 >> Content-Type: application/json; charset=utf-8
12-09-2018 12:36:55 LoggingManagedHttpClientConnection.java DEBUG [Forwarding findElements on session 1850fbce5f951b60a82aea7e87031669 to remote] http.headers 136 - http-outgoing-5 >> Content-Length: 50
12-09-2018 12:36:55 LoggingManagedHttpClientConnection.java DEBUG [Forwarding findElements on session 1850fbce5f951b60a82aea7e87031669 to remote] http.headers 136 - http-outgoing-5 >> Host: localhost:19590
12-09-2018 12:36:55 LoggingManagedHttpClientConnection.java DEBUG [Forwarding findElements on session 1850fbce5f951b60a82aea7e87031669 to remote] http.headers 136 - http-outgoing-5 >> Connection: Keep-Alive
12-09-2018 12:36:55 LoggingManagedHttpClientConnection.java DEBUG [Forwarding findElements on session 1850fbce5f951b60a82aea7e87031669 to remote] http.headers 136 - http-outgoing-5 >> User-Agent: Apache-HttpClient/4.5.3 (Java/1.8.0_181)
12-09-2018 12:36:55 LoggingManagedHttpClientConnection.java DEBUG [Forwarding findElements on session 1850fbce5f951b60a82aea7e87031669 to remote] http.headers 136 - http-outgoing-5 >> Accept-Encoding: gzip,deflate
12-09-2018 12:36:55 Wire.java DEBUG [Forwarding findElements on session 1850fbce5f951b60a82aea7e87031669 to remote] http.wire 73 - http-outgoing-5 >> "POST /session/1850fbce5f951b60a82aea7e87031669/elements HTTP/1.1[\r][\n]"
12-09-2018 12:36:55 Wire.java DEBUG [Forwarding findElements on session 1850fbce5f951b60a82aea7e87031669 to remote] http.wire 73 - http-outgoing-5 >> "Content-Type: application/json; charset=utf-8[\r][\n]"
12-09-2018 12:36:55 Wire.java DEBUG [Forwarding findElements on session 1850fbce5f951b60a82aea7e87031669 to remote] http.wire 73 - http-outgoing-5 >> "Content-Length: 50[\r][\n]"
12-09-2018 12:36:55 Wire.java DEBUG [Forwarding findElements on session 1850fbce5f951b60a82aea7e87031669 to remote] http.wire 73 - http-outgoing-5 >> "Host: localhost:19590[\r][\n]"
12-09-2018 12:36:55 Wire.java DEBUG [Forwarding findElements on session 1850fbce5f951b60a82aea7e87031669 to remote] http.wire 73 - http-outgoing-5 >> "Connection: Keep-Alive[\r][\n]"
12-09-2018 12:36:55 Wire.java DEBUG [Forwarding findElements on session 1850fbce5f951b60a82aea7e87031669 to remote] http.wire 73 - http-outgoing-5 >> "User-Agent: Apache-HttpClient/4.5.3 (Java/1.8.0_181)[\r][\n]"
12-09-2018 12:36:55 Wire.java DEBUG [Forwarding findElements on session 1850fbce5f951b60a82aea7e87031669 to remote] http.wire 73 - http-outgoing-5 >> "Accept-Encoding: gzip,deflate[\r][\n]"
12-09-2018 12:36:55 Wire.java DEBUG [Forwarding findElements on session 1850fbce5f951b60a82aea7e87031669 to remote] http.wire 73 - http-outgoing-5 >> "[\r][\n]"
12-09-2018 12:36:55 Wire.java DEBUG [Forwarding findElements on session 1850fbce5f951b60a82aea7e87031669 to remote] http.wire 87 - http-outgoing-5 >> "{"using":"xpath","value":"//div[@jsname='B34EJ']"}"
12-09-2018 12:36:55 Wire.java DEBUG [Forwarding findElements on session 1850fbce5f951b60a82aea7e87031669 to remote] http.wire 73 - http-outgoing-5 << "HTTP/1.1 200 OK[\r][\n]"
12-09-2018 12:36:55 Wire.java DEBUG [Forwarding findElements on session 1850fbce5f951b60a82aea7e87031669 to remote] http.wire 73 - http-outgoing-5 << "Content-Length:139[\r][\n]"
12-09-2018 12:36:55 Wire.java DEBUG [Forwarding findElements on session 1850fbce5f951b60a82aea7e87031669 to remote] http.wire 73 - http-outgoing-5 << "Content-Type:application/json; charset=utf-8[\r][\n]"
12-09-2018 12:36:55 Wire.java DEBUG [Forwarding findElements on session 1850fbce5f951b60a82aea7e87031669 to remote] http.wire 73 - http-outgoing-5 << "[\r][\n]"
12-09-2018 12:36:55 Wire.java DEBUG [Forwarding findElements on session 1850fbce5f951b60a82aea7e87031669 to remote] http.wire 87 - http-outgoing-5 << "{"sessionId":"1850fbce5f951b60a82aea7e87031669","status":0,"value":[{"ELEMENT":"0.5698734955180493-8"},{"ELEMENT":"0.5698734955180493-9"}]}"
12-09-2018 12:36:55 LoggingManagedHttpClientConnection.java DEBUG [Forwarding findElements on session 1850fbce5f951b60a82aea7e87031669 to remote] http.headers 122 - http-outgoing-5 << HTTP/1.1 200 OK
12-09-2018 12:36:55 LoggingManagedHttpClientConnection.java DEBUG [Forwarding findElements on session 1850fbce5f951b60a82aea7e87031669 to remote] http.headers 125 - http-outgoing-5 << Content-Length:139
12-09-2018 12:36:55 LoggingManagedHttpClientConnection.java DEBUG [Forwarding findElements on session 1850fbce5f951b60a82aea7e87031669 to remote] http.headers 125 - http-outgoing-5 << Content-Type:application/json; charset=utf-8
12-09-2018 12:36:55 MainClientExec.java DEBUG [Forwarding findElements on session 1850fbce5f951b60a82aea7e87031669 to remote] execchain.MainClientExec 285 - Connection can be kept alive indefinitely
12-09-2018 12:36:55 PoolingHttpClientConnectionManager.java DEBUG [Forwarding findElements on session 1850fbce5f951b60a82aea7e87031669 to remote] conn.PoolingHttpClientConnectionManager 320 - Connection [id: 5][route: {}->http://localhost:19590] can be kept alive indefinitely
12-09-2018 12:36:55 PoolingHttpClientConnectionManager.java DEBUG [Forwarding findElements on session 1850fbce5f951b60a82aea7e87031669 to remote] conn.PoolingHttpClientConnectionManager 326 - Connection released: [id: 5][route: {}->http://localhost:19590][total kept alive: 1; route allocated: 1 of 2000; total allocated: 1 of 2000]
12-09-2018 12:36:55 RequestAddCookies.java DEBUG [Forwarding findElements on session 1850fbce5f951b60a82aea7e87031669 to remote] protocol.RequestAddCookies 123 - CookieSpec selected: default
12-09-2018 12:36:55 RequestAuthCache.java DEBUG [Forwarding findElements on session 1850fbce5f951b60a82aea7e87031669 to remote] protocol.RequestAuthCache 77 - Auth cache not set in the context
12-09-2018 12:36:55 PoolingHttpClientConnectionManager.java DEBUG [Forwarding findElements on session 1850fbce5f951b60a82aea7e87031669 to remote] conn.PoolingHttpClientConnectionManager 255 - Connection request: [route: {}->http://localhost:19590][total kept alive: 1; route allocated: 1 of 2000; total allocated: 1 of 2000]
12-09-2018 12:36:55 PoolingHttpClientConnectionManager.java DEBUG [Forwarding findElements on session 1850fbce5f951b60a82aea7e87031669 to remote] conn.PoolingHttpClientConnectionManager 288 - Connection leased: [id: 5][route: {}->http://localhost:19590][total kept alive: 0; route allocated: 1 of 2000; total allocated: 1 of 2000]
12-09-2018 12:36:55 MainClientExec.java DEBUG [Forwarding findElements on session 1850fbce5f951b60a82aea7e87031669 to remote] execchain.MainClientExec 208 - Stale connection check
12-09-2018 12:36:55 Wire.java DEBUG [Forwarding findElements on session 1850fbce5f951b60a82aea7e87031669 to remote] http.wire 87 - http-outgoing-5 << "[read] I/O error: Read timed out"
12-09-2018 12:36:55 LoggingManagedHttpClientConnection.java DEBUG [Forwarding findElements on session 1850fbce5f951b60a82aea7e87031669 to remote] conn.DefaultManagedHttpClientConnection 88 - http-outgoing-5: set socket timeout to 10800000
12-09-2018 12:36:55 MainClientExec.java DEBUG [Forwarding findElements on session 1850fbce5f951b60a82aea7e87031669 to remote] execchain.MainClientExec 256 - Executing request POST /session/1850fbce5f951b60a82aea7e87031669/elements HTTP/1.1
12-09-2018 12:36:55 MainClientExec.java DEBUG [Forwarding findElements on session 1850fbce5f951b60a82aea7e87031669 to remote] execchain.MainClientExec 261 - Target auth state: UNCHALLENGED
12-09-2018 12:36:55 MainClientExec.java DEBUG [Forwarding findElements on session 1850fbce5f951b60a82aea7e87031669 to remote] execchain.MainClientExec 267 - Proxy auth state: UNCHALLENGED
12-09-2018 12:36:55 LoggingManagedHttpClientConnection.java DEBUG [Forwarding findElements on session 1850fbce5f951b60a82aea7e87031669 to remote] http.headers 133 - http-outgoing-5 >> POST /session/1850fbce5f951b60a82aea7e87031669/elements HTTP/1.1
12-09-2018 12:36:55 LoggingManagedHttpClientConnection.java DEBUG [Forwarding findElements on session 1850fbce5f951b60a82aea7e87031669 to remote] http.headers 136 - http-outgoing-5 >> Content-Type: application/json; charset=utf-8
12-09-2018 12:36:55 LoggingManagedHttpClientConnection.java DEBUG [Forwarding findElements on session 1850fbce5f951b60a82aea7e87031669 to remote] http.headers 136 - http-outgoing-5 >> Content-Length: 50
12-09-2018 12:36:55 LoggingManagedHttpClientConnection.java DEBUG [Forwarding findElements on session 1850fbce5f951b60a82aea7e87031669 to remote] http.headers 136 - http-outgoing-5 >> Host: localhost:19590
12-09-2018 12:36:55 LoggingManagedHttpClientConnection.java DEBUG [Forwarding findElements on session 1850fbce5f951b60a82aea7e87031669 to remote] http.headers 136 - http-outgoing-5 >> Connection: Keep-Alive
12-09-2018 12:36:55 LoggingManagedHttpClientConnection.java DEBUG [Forwarding findElements on session 1850fbce5f951b60a82aea7e87031669 to remote] http.headers 136 - http-outgoing-5 >> User-Agent: Apache-HttpClient/4.5.3 (Java/1.8.0_181)
12-09-2018 12:36:55 LoggingManagedHttpClientConnection.java DEBUG [Forwarding findElements on session 1850fbce5f951b60a82aea7e87031669 to remote] http.headers 136 - http-outgoing-5 >> Accept-Encoding: gzip,deflate
12-09-2018 12:36:55 Wire.java DEBUG [Forwarding findElements on session 1850fbce5f951b60a82aea7e87031669 to remote] http.wire 73 - http-outgoing-5 >> "POST /session/1850fbce5f951b60a82aea7e87031669/elements HTTP/1.1[\r][\n]"
12-09-2018 12:36:55 Wire.java DEBUG [Forwarding findElements on session 1850fbce5f951b60a82aea7e87031669 to remote] http.wire 73 - http-outgoing-5 >> "Content-Type: application/json; charset=utf-8[\r][\n]"
12-09-2018 12:36:55 Wire.java DEBUG [Forwarding findElements on session 1850fbce5f951b60a82aea7e87031669 to remote] http.wire 73 - http-outgoing-5 >> "Content-Length: 50[\r][\n]"
12-09-2018 12:36:55 Wire.java DEBUG [Forwarding findElements on session 1850fbce5f951b60a82aea7e87031669 to remote] http.wire 73 - http-outgoing-5 >> "Host: localhost:19590[\r][\n]"
12-09-2018 12:36:55 Wire.java DEBUG [Forwarding findElements on session 1850fbce5f951b60a82aea7e87031669 to remote] http.wire 73 - http-outgoing-5 >> "Connection: Keep-Alive[\r][\n]"
12-09-2018 12:36:55 Wire.java DEBUG [Forwarding findElements on session 1850fbce5f951b60a82aea7e87031669 to remote] http.wire 73 - http-outgoing-5 >> "User-Agent: Apache-HttpClient/4.5.3 (Java/1.8.0_181)[\r][\n]"
12-09-2018 12:36:55 Wire.java DEBUG [Forwarding findElements on session 1850fbce5f951b60a82aea7e87031669 to remote] http.wire 73 - http-outgoing-5 >> "Accept-Encoding: gzip,deflate[\r][\n]"
12-09-2018 12:36:55 Wire.java DEBUG [Forwarding findElements on session 1850fbce5f951b60a82aea7e87031669 to remote] http.wire 73 - http-outgoing-5 >> "[\r][\n]"
12-09-2018 12:36:55 Wire.java DEBUG [Forwarding findElements on session 1850fbce5f951b60a82aea7e87031669 to remote] http.wire 87 - http-outgoing-5 >> "{"using":"xpath","value":"//div[@jsname='B34EJ']"}"
12-09-2018 12:36:55 Wire.java DEBUG [Forwarding findElements on session 1850fbce5f951b60a82aea7e87031669 to remote] http.wire 73 - http-outgoing-5 << "HTTP/1.1 200 OK[\r][\n]"
12-09-2018 12:36:55 Wire.java DEBUG [Forwarding findElements on session 1850fbce5f951b60a82aea7e87031669 to remote] http.wire 73 - http-outgoing-5 << "Content-Length:139[\r][\n]"
12-09-2018 12:36:55 Wire.java DEBUG [Forwarding findElements on session 1850fbce5f951b60a82aea7e87031669 to remote] http.wire 73 - http-outgoing-5 << "Content-Type:application/json; charset=utf-8[\r][\n]"
12-09-2018 12:36:55 Wire.java DEBUG [Forwarding findElements on session 1850fbce5f951b60a82aea7e87031669 to remote] http.wire 73 - http-outgoing-5 << "[\r][\n]"
12-09-2018 12:36:55 Wire.java DEBUG [Forwarding findElements on session 1850fbce5f951b60a82aea7e87031669 to remote] http.wire 87 - http-outgoing-5 << "{"sessionId":"1850fbce5f951b60a82aea7e87031669","status":0,"value":[{"ELEMENT":"0.5698734955180493-8"},{"ELEMENT":"0.5698734955180493-9"}]}"
12-09-2018 12:36:55 LoggingManagedHttpClientConnection.java DEBUG [Forwarding findElements on session 1850fbce5f951b60a82aea7e87031669 to remote] http.headers 122 - http-outgoing-5 << HTTP/1.1 200 OK
12-09-2018 12:36:55 LoggingManagedHttpClientConnection.java DEBUG [Forwarding findElements on session 1850fbce5f951b60a82aea7e87031669 to remote] http.headers 125 - http-outgoing-5 << Content-Length:139
12-09-2018 12:36:55 LoggingManagedHttpClientConnection.java DEBUG [Forwarding findElements on session 1850fbce5f951b60a82aea7e87031669 to remote] http.headers 125 - http-outgoing-5 << Content-Type:application/json; charset=utf-8
12-09-2018 12:36:55 MainClientExec.java DEBUG [Forwarding findElements on session 1850fbce5f951b60a82aea7e87031669 to remote] execchain.MainClientExec 285 - Connection can be kept alive indefinitely
12-09-2018 12:36:55 PoolingHttpClientConnectionManager.java DEBUG [Forwarding findElements on session 1850fbce5f951b60a82aea7e87031669 to remote] conn.PoolingHttpClientConnectionManager 320 - Connection [id: 5][route: {}->http://localhost:19590] can be kept alive indefinitely
12-09-2018 12:36:55 PoolingHttpClientConnectionManager.java DEBUG [Forwarding findElements on session 1850fbce5f951b60a82aea7e87031669 to remote] conn.PoolingHttpClientConnectionManager 326 - Connection released: [id: 5][route: {}->http://localhost:19590][total kept alive: 1; route allocated: 1 of 2000; total allocated: 1 of 2000]
12-09-2018 12:36:55 RequestAddCookies.java DEBUG [Forwarding getElementText on session 1850fbce5f951b60a82aea7e87031669 to remote] protocol.RequestAddCookies 123 - CookieSpec selected: default
12-09-2018 12:36:55 RequestAuthCache.java DEBUG [Forwarding getElementText on session 1850fbce5f951b60a82aea7e87031669 to remote] protocol.RequestAuthCache 77 - Auth cache not set in the context
12-09-2018 12:36:55 PoolingHttpClientConnectionManager.java DEBUG [Forwarding getElementText on session 1850fbce5f951b60a82aea7e87031669 to remote] conn.PoolingHttpClientConnectionManager 255 - Connection request: [route: {}->http://localhost:19590][total kept alive: 1; route allocated: 1 of 2000; total allocated: 1 of 2000]
12-09-2018 12:36:55 PoolingHttpClientConnectionManager.java DEBUG [Forwarding getElementText on session 1850fbce5f951b60a82aea7e87031669 to remote] conn.PoolingHttpClientConnectionManager 288 - Connection leased: [id: 5][route: {}->http://localhost:19590][total kept alive: 0; route allocated: 1 of 2000; total allocated: 1 of 2000]
12-09-2018 12:36:55 MainClientExec.java DEBUG [Forwarding getElementText on session 1850fbce5f951b60a82aea7e87031669 to remote] execchain.MainClientExec 208 - Stale connection check
12-09-2018 12:36:55 Wire.java DEBUG [Forwarding getElementText on session 1850fbce5f951b60a82aea7e87031669 to remote] http.wire 87 - http-outgoing-5 << "[read] I/O error: Read timed out"
12-09-2018 12:36:55 LoggingManagedHttpClientConnection.java DEBUG [Forwarding getElementText on session 1850fbce5f951b60a82aea7e87031669 to remote] conn.DefaultManagedHttpClientConnection 88 - http-outgoing-5: set socket timeout to 10800000
12-09-2018 12:36:55 MainClientExec.java DEBUG [Forwarding getElementText on session 1850fbce5f951b60a82aea7e87031669 to remote] execchain.MainClientExec 256 - Executing request GET /session/1850fbce5f951b60a82aea7e87031669/element/0.5698734955180493-8/text HTTP/1.1
12-09-2018 12:36:55 MainClientExec.java DEBUG [Forwarding getElementText on session 1850fbce5f951b60a82aea7e87031669 to remote] execchain.MainClientExec 261 - Target auth state: UNCHALLENGED
12-09-2018 12:36:55 MainClientExec.java DEBUG [Forwarding getElementText on session 1850fbce5f951b60a82aea7e87031669 to remote] execchain.MainClientExec 267 - Proxy auth state: UNCHALLENGED
12-09-2018 12:36:55 LoggingManagedHttpClientConnection.java DEBUG [Forwarding getElementText on session 1850fbce5f951b60a82aea7e87031669 to remote] http.headers 133 - http-outgoing-5 >> GET /session/1850fbce5f951b60a82aea7e87031669/element/0.5698734955180493-8/text HTTP/1.1
12-09-2018 12:36:55 LoggingManagedHttpClientConnection.java DEBUG [Forwarding getElementText on session 1850fbce5f951b60a82aea7e87031669 to remote] http.headers 136 - http-outgoing-5 >> Cache-Control: no-cache
12-09-2018 12:36:55 LoggingManagedHttpClientConnection.java DEBUG [Forwarding getElementText on session 1850fbce5f951b60a82aea7e87031669 to remote] http.headers 136 - http-outgoing-5 >> Host: localhost:19590
12-09-2018 12:36:55 LoggingManagedHttpClientConnection.java DEBUG [Forwarding getElementText on session 1850fbce5f951b60a82aea7e87031669 to remote] http.headers 136 - http-outgoing-5 >> Connection: Keep-Alive
12-09-2018 12:36:55 LoggingManagedHttpClientConnection.java DEBUG [Forwarding getElementText on session 1850fbce5f951b60a82aea7e87031669 to remote] http.headers 136 - http-outgoing-5 >> User-Agent: Apache-HttpClient/4.5.3 (Java/1.8.0_181)
12-09-2018 12:36:55 LoggingManagedHttpClientConnection.java DEBUG [Forwarding getElementText on session 1850fbce5f951b60a82aea7e87031669 to remote] http.headers 136 - http-outgoing-5 >> Accept-Encoding: gzip,deflate
12-09-2018 12:36:55 Wire.java DEBUG [Forwarding getElementText on session 1850fbce5f951b60a82aea7e87031669 to remote] http.wire 73 - http-outgoing-5 >> "GET /session/1850fbce5f951b60a82aea7e87031669/element/0.5698734955180493-8/text HTTP/1.1[\r][\n]"
12-09-2018 12:36:55 Wire.java DEBUG [Forwarding getElementText on session 1850fbce5f951b60a82aea7e87031669 to remote] http.wire 73 - http-outgoing-5 >> "Cache-Control: no-cache[\r][\n]"
12-09-2018 12:36:55 Wire.java DEBUG [Forwarding getElementText on session 1850fbce5f951b60a82aea7e87031669 to remote] http.wire 73 - http-outgoing-5 >> "Host: localhost:19590[\r][\n]"
12-09-2018 12:36:55 Wire.java DEBUG [Forwarding getElementText on session 1850fbce5f951b60a82aea7e87031669 to remote] http.wire 73 - http-outgoing-5 >> "Connection: Keep-Alive[\r][\n]"
12-09-2018 12:36:55 Wire.java DEBUG [Forwarding getElementText on session 1850fbce5f951b60a82aea7e87031669 to remote] http.wire 73 - http-outgoing-5 >> "User-Agent: Apache-HttpClient/4.5.3 (Java/1.8.0_181)[\r][\n]"
12-09-2018 12:36:55 Wire.java DEBUG [Forwarding getElementText on session 1850fbce5f951b60a82aea7e87031669 to remote] http.wire 73 - http-outgoing-5 >> "Accept-Encoding: gzip,deflate[\r][\n]"
12-09-2018 12:36:55 Wire.java DEBUG [Forwarding getElementText on session 1850fbce5f951b60a82aea7e87031669 to remote] http.wire 73 - http-outgoing-5 >> "[\r][\n]"
12-09-2018 12:36:55 Wire.java DEBUG [Forwarding getElementText on session 1850fbce5f951b60a82aea7e87031669 to remote] http.wire 73 - http-outgoing-5 << "HTTP/1.1 200 OK[\r][\n]"
12-09-2018 12:36:55 Wire.java DEBUG [Forwarding getElementText on session 1850fbce5f951b60a82aea7e87031669 to remote] http.wire 73 - http-outgoing-5 << "Content-Length:70[\r][\n]"
12-09-2018 12:36:55 Wire.java DEBUG [Forwarding getElementText on session 1850fbce5f951b60a82aea7e87031669 to remote] http.wire 73 - http-outgoing-5 << "Content-Type:application/json; charset=utf-8[\r][\n]"
12-09-2018 12:36:55 Wire.java DEBUG [Forwarding getElementText on session 1850fbce5f951b60a82aea7e87031669 to remote] http.wire 73 - http-outgoing-5 << "[\r][\n]"
12-09-2018 12:36:55 Wire.java DEBUG [Forwarding getElementText on session 1850fbce5f951b60a82aea7e87031669 to remote] http.wire 87 - http-outgoing-5 << "{"sessionId":"1850fbce5f951b60a82aea7e87031669","status":0,"value":""}"
12-09-2018 12:36:55 LoggingManagedHttpClientConnection.java DEBUG [Forwarding getElementText on session 1850fbce5f951b60a82aea7e87031669 to remote] http.headers 122 - http-outgoing-5 << HTTP/1.1 200 OK
12-09-2018 12:36:55 LoggingManagedHttpClientConnection.java DEBUG [Forwarding getElementText on session 1850fbce5f951b60a82aea7e87031669 to remote] http.headers 125 - http-outgoing-5 << Content-Length:70
12-09-2018 12:36:55 LoggingManagedHttpClientConnection.java DEBUG [Forwarding getElementText on session 1850fbce5f951b60a82aea7e87031669 to remote] http.headers 125 - http-outgoing-5 << Content-Type:application/json; charset=utf-8
12-09-2018 12:36:55 MainClientExec.java DEBUG [Forwarding getElementText on session 1850fbce5f951b60a82aea7e87031669 to remote] execchain.MainClientExec 285 - Connection can be kept alive indefinitely
12-09-2018 12:36:55 PoolingHttpClientConnectionManager.java DEBUG [Forwarding getElementText on session 1850fbce5f951b60a82aea7e87031669 to remote] conn.PoolingHttpClientConnectionManager 320 - Connection [id: 5][route: {}->http://localhost:19590] can be kept alive indefinitely
12-09-2018 12:36:55 PoolingHttpClientConnectionManager.java DEBUG [Forwarding getElementText on session 1850fbce5f951b60a82aea7e87031669 to remote] conn.PoolingHttpClientConnectionManager 326 - Connection released: [id: 5][route: {}->http://localhost:19590][total kept alive: 1; route allocated: 1 of 2000; total allocated: 1 of 2000]
12-09-2018 12:36:55 RequestAddCookies.java DEBUG [Forwarding getElementText on session 1850fbce5f951b60a82aea7e87031669 to remote] protocol.RequestAddCookies 123 - CookieSpec selected: default
12-09-2018 12:36:55 RequestAuthCache.java DEBUG [Forwarding getElementText on session 1850fbce5f951b60a82aea7e87031669 to remote] protocol.RequestAuthCache 77 - Auth cache not set in the context
12-09-2018 12:36:55 PoolingHttpClientConnectionManager.java DEBUG [Forwarding getElementText on session 1850fbce5f951b60a82aea7e87031669 to remote] conn.PoolingHttpClientConnectionManager 255 - Connection request: [route: {}->http://localhost:19590][total kept alive: 1; route allocated: 1 of 2000; total allocated: 1 of 2000]
12-09-2018 12:36:55 PoolingHttpClientConnectionManager.java DEBUG [Forwarding getElementText on session 1850fbce5f951b60a82aea7e87031669 to remote] conn.PoolingHttpClientConnectionManager 288 - Connection leased: [id: 5][route: {}->http://localhost:19590][total kept alive: 0; route allocated: 1 of 2000; total allocated: 1 of 2000]
12-09-2018 12:36:55 MainClientExec.java DEBUG [Forwarding getElementText on session 1850fbce5f951b60a82aea7e87031669 to remote] execchain.MainClientExec 208 - Stale connection check
12-09-2018 12:36:55 Wire.java DEBUG [Forwarding getElementText on session 1850fbce5f951b60a82aea7e87031669 to remote] http.wire 87 - http-outgoing-5 << "[read] I/O error: Read timed out"
12-09-2018 12:36:55 LoggingManagedHttpClientConnection.java DEBUG [Forwarding getElementText on session 1850fbce5f951b60a82aea7e87031669 to remote] conn.DefaultManagedHttpClientConnection 88 - http-outgoing-5: set socket timeout to 10800000
12-09-2018 12:36:55 MainClientExec.java DEBUG [Forwarding getElementText on session 1850fbce5f951b60a82aea7e87031669 to remote] execchain.MainClientExec 256 - Executing request GET /session/1850fbce5f951b60a82aea7e87031669/element/0.5698734955180493-8/text HTTP/1.1
12-09-2018 12:36:55 MainClientExec.java DEBUG [Forwarding getElementText on session 1850fbce5f951b60a82aea7e87031669 to remote] execchain.MainClientExec 261 - Target auth state: UNCHALLENGED
12-09-2018 12:36:55 MainClientExec.java DEBUG [Forwarding getElementText on session 1850fbce5f951b60a82aea7e87031669 to remote] execchain.MainClientExec 267 - Proxy auth state: UNCHALLENGED
12-09-2018 12:36:55 LoggingManagedHttpClientConnection.java DEBUG [Forwarding getElementText on session 1850fbce5f951b60a82aea7e87031669 to remote] http.headers 133 - http-outgoing-5 >> GET /session/1850fbce5f951b60a82aea7e87031669/element/0.5698734955180493-8/text HTTP/1.1
12-09-2018 12:36:55 LoggingManagedHttpClientConnection.java DEBUG [Forwarding getElementText on session 1850fbce5f951b60a82aea7e87031669 to remote] http.headers 136 - http-outgoing-5 >> Cache-Control: no-cache
12-09-2018 12:36:55 LoggingManagedHttpClientConnection.java DEBUG [Forwarding getElementText on session 1850fbce5f951b60a82aea7e87031669 to remote] http.headers 136 - http-outgoing-5 >> Host: localhost:19590
12-09-2018 12:36:55 LoggingManagedHttpClientConnection.java DEBUG [Forwarding getElementText on session 1850fbce5f951b60a82aea7e87031669 to remote] http.headers 136 - http-outgoing-5 >> Connection: Keep-Alive
12-09-2018 12:36:55 LoggingManagedHttpClientConnection.java DEBUG [Forwarding getElementText on session 1850fbce5f951b60a82aea7e87031669 to remote] http.headers 136 - http-outgoing-5 >> User-Agent: Apache-HttpClient/4.5.3 (Java/1.8.0_181)
12-09-2018 12:36:55 LoggingManagedHttpClientConnection.java DEBUG [Forwarding getElementText on session 1850fbce5f951b60a82aea7e87031669 to remote] http.headers 136 - http-outgoing-5 >> Accept-Encoding: gzip,deflate
12-09-2018 12:36:55 Wire.java DEBUG [Forwarding getElementText on session 1850fbce5f951b60a82aea7e87031669 to remote] http.wire 73 - http-outgoing-5 >> "GET /session/1850fbce5f951b60a82aea7e87031669/element/0.5698734955180493-8/text HTTP/1.1[\r][\n]"
12-09-2018 12:36:55 Wire.java DEBUG [Forwarding getElementText on session 1850fbce5f951b60a82aea7e87031669 to remote] http.wire 73 - http-outgoing-5 >> "Cache-Control: no-cache[\r][\n]"
12-09-2018 12:36:55 Wire.java DEBUG [Forwarding getElementText on session 1850fbce5f951b60a82aea7e87031669 to remote] http.wire 73 - http-outgoing-5 >> "Host: localhost:19590[\r][\n]"
12-09-2018 12:36:55 Wire.java DEBUG [Forwarding getElementText on session 1850fbce5f951b60a82aea7e87031669 to remote] http.wire 73 - http-outgoing-5 >> "Connection: Keep-Alive[\r][\n]"
12-09-2018 12:36:55 Wire.java DEBUG [Forwarding getElementText on session 1850fbce5f951b60a82aea7e87031669 to remote] http.wire 73 - http-outgoing-5 >> "User-Agent: Apache-HttpClient/4.5.3 (Java/1.8.0_181)[\r][\n]"
12-09-2018 12:36:55 Wire.java DEBUG [Forwarding getElementText on session 1850fbce5f951b60a82aea7e87031669 to remote] http.wire 73 - http-outgoing-5 >> "Accept-Encoding: gzip,deflate[\r][\n]"
12-09-2018 12:36:55 Wire.java DEBUG [Forwarding getElementText on session 1850fbce5f951b60a82aea7e87031669 to remote] http.wire 73 - http-outgoing-5 >> "[\r][\n]"
12-09-2018 12:36:55 Wire.java DEBUG [Forwarding getElementText on session 1850fbce5f951b60a82aea7e87031669 to remote] http.wire 73 - http-outgoing-5 << "HTTP/1.1 200 OK[\r][\n]"
12-09-2018 12:36:55 Wire.java DEBUG [Forwarding getElementText on session 1850fbce5f951b60a82aea7e87031669 to remote] http.wire 73 - http-outgoing-5 << "Content-Length:70[\r][\n]"
12-09-2018 12:36:55 Wire.java DEBUG [Forwarding getElementText on session 1850fbce5f951b60a82aea7e87031669 to remote] http.wire 73 - http-outgoing-5 << "Content-Type:application/json; charset=utf-8[\r][\n]"
12-09-2018 12:36:55 Wire.java DEBUG [Forwarding getElementText on session 1850fbce5f951b60a82aea7e87031669 to remote] http.wire 73 - http-outgoing-5 << "[\r][\n]"
12-09-2018 12:36:55 Wire.java DEBUG [Forwarding getElementText on session 1850fbce5f951b60a82aea7e87031669 to remote] http.wire 87 - http-outgoing-5 << "{"sessionId":"1850fbce5f951b60a82aea7e87031669","status":0,"value":""}"
12-09-2018 12:36:55 LoggingManagedHttpClientConnection.java DEBUG [Forwarding getElementText on session 1850fbce5f951b60a82aea7e87031669 to remote] http.headers 122 - http-outgoing-5 << HTTP/1.1 200 OK
12-09-2018 12:36:55 LoggingManagedHttpClientConnection.java DEBUG [Forwarding getElementText on session 1850fbce5f951b60a82aea7e87031669 to remote] http.headers 125 - http-outgoing-5 << Content-Length:70
12-09-2018 12:36:55 LoggingManagedHttpClientConnection.java DEBUG [Forwarding getElementText on session 1850fbce5f951b60a82aea7e87031669 to remote] http.headers 125 - http-outgoing-5 << Content-Type:application/json; charset=utf-8
12-09-2018 12:36:55 MainClientExec.java DEBUG [Forwarding getElementText on session 1850fbce5f951b60a82aea7e87031669 to remote] execchain.MainClientExec 285 - Connection can be kept alive indefinitely
12-09-2018 12:36:55 PoolingHttpClientConnectionManager.java DEBUG [Forwarding getElementText on session 1850fbce5f951b60a82aea7e87031669 to remote] conn.PoolingHttpClientConnectionManager 320 - Connection [id: 5][route: {}->http://localhost:19590] can be kept alive indefinitely
12-09-2018 12:36:55 PoolingHttpClientConnectionManager.java DEBUG [Forwarding getElementText on session 1850fbce5f951b60a82aea7e87031669 to remote] conn.PoolingHttpClientConnectionManager 326 - Connection released: [id: 5][route: {}->http://localhost:19590][total kept alive: 1; route allocated: 1 of 2000; total allocated: 1 of 2000]
12-09-2018 12:36:55 RequestAddCookies.java DEBUG [Forwarding getElementText on session 1850fbce5f951b60a82aea7e87031669 to remote] protocol.RequestAddCookies 123 - CookieSpec selected: default
12-09-2018 12:36:55 RequestAuthCache.java DEBUG [Forwarding getElementText on session 1850fbce5f951b60a82aea7e87031669 to remote] protocol.RequestAuthCache 77 - Auth cache not set in the context
12-09-2018 12:36:55 PoolingHttpClientConnectionManager.java DEBUG [Forwarding getElementText on session 1850fbce5f951b60a82aea7e87031669 to remote] conn.PoolingHttpClientConnectionManager 255 - Connection request: [route: {}->http://localhost:19590][total kept alive: 1; route allocated: 1 of 2000; total allocated: 1 of 2000]
12-09-2018 12:36:55 PoolingHttpClientConnectionManager.java DEBUG [Forwarding getElementText on session 1850fbce5f951b60a82aea7e87031669 to remote] conn.PoolingHttpClientConnectionManager 288 - Connection leased: [id: 5][route: {}->http://localhost:19590][total kept alive: 0; route allocated: 1 of 2000; total allocated: 1 of 2000]
12-09-2018 12:36:55 MainClientExec.java DEBUG [Forwarding getElementText on session 1850fbce5f951b60a82aea7e87031669 to remote] execchain.MainClientExec 208 - Stale connection check
12-09-2018 12:36:55 Wire.java DEBUG [Forwarding getElementText on session 1850fbce5f951b60a82aea7e87031669 to remote] http.wire 87 - http-outgoing-5 << "[read] I/O error: Read timed out"
12-09-2018 12:36:55 LoggingManagedHttpClientConnection.java DEBUG [Forwarding getElementText on session 1850fbce5f951b60a82aea7e87031669 to remote] conn.DefaultManagedHttpClientConnection 88 - http-outgoing-5: set socket timeout to 10800000
12-09-2018 12:36:55 MainClientExec.java DEBUG [Forwarding getElementText on session 1850fbce5f951b60a82aea7e87031669 to remote] execchain.MainClientExec 256 - Executing request GET /session/1850fbce5f951b60a82aea7e87031669/element/0.5698734955180493-9/text HTTP/1.1
12-09-2018 12:36:55 MainClientExec.java DEBUG [Forwarding getElementText on session 1850fbce5f951b60a82aea7e87031669 to remote] execchain.MainClientExec 261 - Target auth state: UNCHALLENGED
12-09-2018 12:36:55 MainClientExec.java DEBUG [Forwarding getElementText on session 1850fbce5f951b60a82aea7e87031669 to remote] execchain.MainClientExec 267 - Proxy auth state: UNCHALLENGED
12-09-2018 12:36:55 LoggingManagedHttpClientConnection.java DEBUG [Forwarding getElementText on session 1850fbce5f951b60a82aea7e87031669 to remote] http.headers 133 - http-outgoing-5 >> GET /session/1850fbce5f951b60a82aea7e87031669/element/0.5698734955180493-9/text HTTP/1.1
12-09-2018 12:36:55 LoggingManagedHttpClientConnection.java DEBUG [Forwarding getElementText on session 1850fbce5f951b60a82aea7e87031669 to remote] http.headers 136 - http-outgoing-5 >> Cache-Control: no-cache
12-09-2018 12:36:55 LoggingManagedHttpClientConnection.java DEBUG [Forwarding getElementText on session 1850fbce5f951b60a82aea7e87031669 to remote] http.headers 136 - http-outgoing-5 >> Host: localhost:19590
12-09-2018 12:36:55 LoggingManagedHttpClientConnection.java DEBUG [Forwarding getElementText on session 1850fbce5f951b60a82aea7e87031669 to remote] http.headers 136 - http-outgoing-5 >> Connection: Keep-Alive
12-09-2018 12:36:55 LoggingManagedHttpClientConnection.java DEBUG [Forwarding getElementText on session 1850fbce5f951b60a82aea7e87031669 to remote] http.headers 136 - http-outgoing-5 >> User-Agent: Apache-HttpClient/4.5.3 (Java/1.8.0_181)
12-09-2018 12:36:55 LoggingManagedHttpClientConnection.java DEBUG [Forwarding getElementText on session 1850fbce5f951b60a82aea7e87031669 to remote] http.headers 136 - http-outgoing-5 >> Accept-Encoding: gzip,deflate
12-09-2018 12:36:55 Wire.java DEBUG [Forwarding getElementText on session 1850fbce5f951b60a82aea7e87031669 to remote] http.wire 73 - http-outgoing-5 >> "GET /session/1850fbce5f951b60a82aea7e87031669/element/0.5698734955180493-9/text HTTP/1.1[\r][\n]"
12-09-2018 12:36:55 Wire.java DEBUG [Forwarding getElementText on session 1850fbce5f951b60a82aea7e87031669 to remote] http.wire 73 - http-outgoing-5 >> "Cache-Control: no-cache[\r][\n]"
12-09-2018 12:36:55 Wire.java DEBUG [Forwarding getElementText on session 1850fbce5f951b60a82aea7e87031669 to remote] http.wire 73 - http-outgoing-5 >> "Host: localhost:19590[\r][\n]"
12-09-2018 12:36:55 Wire.java DEBUG [Forwarding getElementText on session 1850fbce5f951b60a82aea7e87031669 to remote] http.wire 73 - http-outgoing-5 >> "Connection: Keep-Alive[\r][\n]"
12-09-2018 12:36:55 Wire.java DEBUG [Forwarding getElementText on session 1850fbce5f951b60a82aea7e87031669 to remote] http.wire 73 - http-outgoing-5 >> "User-Agent: Apache-HttpClient/4.5.3 (Java/1.8.0_181)[\r][\n]"
12-09-2018 12:36:55 Wire.java DEBUG [Forwarding getElementText on session 1850fbce5f951b60a82aea7e87031669 to remote] http.wire 73 - http-outgoing-5 >> "Accept-Encoding: gzip,deflate[\r][\n]"
12-09-2018 12:36:55 Wire.java DEBUG [Forwarding getElementText on session 1850fbce5f951b60a82aea7e87031669 to remote] http.wire 73 - http-outgoing-5 >> "[\r][\n]"
12-09-2018 12:36:55 Wire.java DEBUG [Forwarding getElementText on session 1850fbce5f951b60a82aea7e87031669 to remote] http.wire 73 - http-outgoing-5 << "HTTP/1.1 200 OK[\r][\n]"
12-09-2018 12:36:55 Wire.java DEBUG [Forwarding getElementText on session 1850fbce5f951b60a82aea7e87031669 to remote] http.wire 73 - http-outgoing-5 << "Content-Length:70[\r][\n]"
12-09-2018 12:36:55 Wire.java DEBUG [Forwarding getElementText on session 1850fbce5f951b60a82aea7e87031669 to remote] http.wire 73 - http-outgoing-5 << "Content-Type:application/json; charset=utf-8[\r][\n]"
12-09-2018 12:36:55 Wire.java DEBUG [Forwarding getElementText on session 1850fbce5f951b60a82aea7e87031669 to remote] http.wire 73 - http-outgoing-5 << "[\r][\n]"
12-09-2018 12:36:55 Wire.java DEBUG [Forwarding getElementText on session 1850fbce5f951b60a82aea7e87031669 to remote] http.wire 87 - http-outgoing-5 << "{"sessionId":"1850fbce5f951b60a82aea7e87031669","status":0,"value":""}"
12-09-2018 12:36:55 LoggingManagedHttpClientConnection.java DEBUG [Forwarding getElementText on session 1850fbce5f951b60a82aea7e87031669 to remote] http.headers 122 - http-outgoing-5 << HTTP/1.1 200 OK
12-09-2018 12:36:55 LoggingManagedHttpClientConnection.java DEBUG [Forwarding getElementText on session 1850fbce5f951b60a82aea7e87031669 to remote] http.headers 125 - http-outgoing-5 << Content-Length:70
12-09-2018 12:36:55 LoggingManagedHttpClientConnection.java DEBUG [Forwarding getElementText on session 1850fbce5f951b60a82aea7e87031669 to remote] http.headers 125 - http-outgoing-5 << Content-Type:application/json; charset=utf-8
12-09-2018 12:36:55 MainClientExec.java DEBUG [Forwarding getElementText on session 1850fbce5f951b60a82aea7e87031669 to remote] execchain.MainClientExec 285 - Connection can be kept alive indefinitely
12-09-2018 12:36:55 PoolingHttpClientConnectionManager.java DEBUG [Forwarding getElementText on session 1850fbce5f951b60a82aea7e87031669 to remote] conn.PoolingHttpClientConnectionManager 320 - Connection [id: 5][route: {}->http://localhost:19590] can be kept alive indefinitely
12-09-2018 12:36:55 PoolingHttpClientConnectionManager.java DEBUG [Forwarding getElementText on session 1850fbce5f951b60a82aea7e87031669 to remote] conn.PoolingHttpClientConnectionManager 326 - Connection released: [id: 5][route: {}->http://localhost:19590][total kept alive: 1; route allocated: 1 of 2000; total allocated: 1 of 2000]
12-09-2018 12:36:55 RequestAddCookies.java DEBUG [Forwarding getElementText on session 1850fbce5f951b60a82aea7e87031669 to remote] protocol.RequestAddCookies 123 - CookieSpec selected: default
12-09-2018 12:36:55 RequestAuthCache.java DEBUG [Forwarding getElementText on session 1850fbce5f951b60a82aea7e87031669 to remote] protocol.RequestAuthCache 77 - Auth cache not set in the context
12-09-2018 12:36:55 PoolingHttpClientConnectionManager.java DEBUG [Forwarding getElementText on session 1850fbce5f951b60a82aea7e87031669 to remote] conn.PoolingHttpClientConnectionManager 255 - Connection request: [route: {}->http://localhost:19590][total kept alive: 1; route allocated: 1 of 2000; total allocated: 1 of 2000]
12-09-2018 12:36:55 PoolingHttpClientConnectionManager.java DEBUG [Forwarding getElementText on session 1850fbce5f951b60a82aea7e87031669 to remote] conn.PoolingHttpClientConnectionManager 288 - Connection leased: [id: 5][route: {}->http://localhost:19590][total kept alive: 0; route allocated: 1 of 2000; total allocated: 1 of 2000]
12-09-2018 12:36:55 MainClientExec.java DEBUG [Forwarding getElementText on session 1850fbce5f951b60a82aea7e87031669 to remote] execchain.MainClientExec 208 - Stale connection check
12-09-2018 12:36:55 Wire.java DEBUG [Forwarding getElementText on session 1850fbce5f951b60a82aea7e87031669 to remote] http.wire 87 - http-outgoing-5 << "[read] I/O error: Read timed out"
12-09-2018 12:36:55 LoggingManagedHttpClientConnection.java DEBUG [Forwarding getElementText on session 1850fbce5f951b60a82aea7e87031669 to remote] conn.DefaultManagedHttpClientConnection 88 - http-outgoing-5: set socket timeout to 10800000
12-09-2018 12:36:55 MainClientExec.java DEBUG [Forwarding getElementText on session 1850fbce5f951b60a82aea7e87031669 to remote] execchain.MainClientExec 256 - Executing request GET /session/1850fbce5f951b60a82aea7e87031669/element/0.5698734955180493-9/text HTTP/1.1
12-09-2018 12:36:55 MainClientExec.java DEBUG [Forwarding getElementText on session 1850fbce5f951b60a82aea7e87031669 to remote] execchain.MainClientExec 261 - Target auth state: UNCHALLENGED
12-09-2018 12:36:55 MainClientExec.java DEBUG [Forwarding getElementText on session 1850fbce5f951b60a82aea7e87031669 to remote] execchain.MainClientExec 267 - Proxy auth state: UNCHALLENGED
12-09-2018 12:36:55 LoggingManagedHttpClientConnection.java DEBUG [Forwarding getElementText on session 1850fbce5f951b60a82aea7e87031669 to remote] http.headers 133 - http-outgoing-5 >> GET /session/1850fbce5f951b60a82aea7e87031669/element/0.5698734955180493-9/text HTTP/1.1
12-09-2018 12:36:55 LoggingManagedHttpClientConnection.java DEBUG [Forwarding getElementText on session 1850fbce5f951b60a82aea7e87031669 to remote] http.headers 136 - http-outgoing-5 >> Cache-Control: no-cache
12-09-2018 12:36:55 LoggingManagedHttpClientConnection.java DEBUG [Forwarding getElementText on session 1850fbce5f951b60a82aea7e87031669 to remote] http.headers 136 - http-outgoing-5 >> Host: localhost:19590
12-09-2018 12:36:55 LoggingManagedHttpClientConnection.java DEBUG [Forwarding getElementText on session 1850fbce5f951b60a82aea7e87031669 to remote] http.headers 136 - http-outgoing-5 >> Connection: Keep-Alive
12-09-2018 12:36:55 LoggingManagedHttpClientConnection.java DEBUG [Forwarding getElementText on session 1850fbce5f951b60a82aea7e87031669 to remote] http.headers 136 - http-outgoing-5 >> User-Agent: Apache-HttpClient/4.5.3 (Java/1.8.0_181)
12-09-2018 12:36:55 LoggingManagedHttpClientConnection.java DEBUG [Forwarding getElementText on session 1850fbce5f951b60a82aea7e87031669 to remote] http.headers 136 - http-outgoing-5 >> Accept-Encoding: gzip,deflate
12-09-2018 12:36:55 Wire.java DEBUG [Forwarding getElementText on session 1850fbce5f951b60a82aea7e87031669 to remote] http.wire 73 - http-outgoing-5 >> "GET /session/1850fbce5f951b60a82aea7e87031669/element/0.5698734955180493-9/text HTTP/1.1[\r][\n]"
12-09-2018 12:36:55 Wire.java DEBUG [Forwarding getElementText on session 1850fbce5f951b60a82aea7e87031669 to remote] http.wire 73 - http-outgoing-5 >> "Cache-Control: no-cache[\r][\n]"
12-09-2018 12:36:55 Wire.java DEBUG [Forwarding getElementText on session 1850fbce5f951b60a82aea7e87031669 to remote] http.wire 73 - http-outgoing-5 >> "Host: localhost:19590[\r][\n]"
12-09-2018 12:36:55 Wire.java DEBUG [Forwarding getElementText on session 1850fbce5f951b60a82aea7e87031669 to remote] http.wire 73 - http-outgoing-5 >> "Connection: Keep-Alive[\r][\n]"
12-09-2018 12:36:55 Wire.java DEBUG [Forwarding getElementText on session 1850fbce5f951b60a82aea7e87031669 to remote] http.wire 73 - http-outgoing-5 >> "User-Agent: Apache-HttpClient/4.5.3 (Java/1.8.0_181)[\r][\n]"
12-09-2018 12:36:55 Wire.java DEBUG [Forwarding getElementText on session 1850fbce5f951b60a82aea7e87031669 to remote] http.wire 73 - http-outgoing-5 >> "Accept-Encoding: gzip,deflate[\r][\n]"
12-09-2018 12:36:55 Wire.java DEBUG [Forwarding getElementText on session 1850fbce5f951b60a82aea7e87031669 to remote] http.wire 73 - http-outgoing-5 >> "[\r][\n]"
12-09-2018 12:36:55 Wire.java DEBUG [Forwarding getElementText on session 1850fbce5f951b60a82aea7e87031669 to remote] http.wire 73 - http-outgoing-5 << "HTTP/1.1 200 OK[\r][\n]"
12-09-2018 12:36:55 Wire.java DEBUG [Forwarding getElementText on session 1850fbce5f951b60a82aea7e87031669 to remote] http.wire 73 - http-outgoing-5 << "Content-Length:70[\r][\n]"
12-09-2018 12:36:55 Wire.java DEBUG [Forwarding getElementText on session 1850fbce5f951b60a82aea7e87031669 to remote] http.wire 73 - http-outgoing-5 << "Content-Type:application/json; charset=utf-8[\r][\n]"
12-09-2018 12:36:55 Wire.java DEBUG [Forwarding getElementText on session 1850fbce5f951b60a82aea7e87031669 to remote] http.wire 73 - http-outgoing-5 << "[\r][\n]"
12-09-2018 12:36:55 Wire.java DEBUG [Forwarding getElementText on session 1850fbce5f951b60a82aea7e87031669 to remote] http.wire 87 - http-outgoing-5 << "{"sessionId":"1850fbce5f951b60a82aea7e87031669","status":0,"value":""}"
12-09-2018 12:36:55 LoggingManagedHttpClientConnection.java DEBUG [Forwarding getElementText on session 1850fbce5f951b60a82aea7e87031669 to remote] http.headers 122 - http-outgoing-5 << HTTP/1.1 200 OK
12-09-2018 12:36:55 LoggingManagedHttpClientConnection.java DEBUG [Forwarding getElementText on session 1850fbce5f951b60a82aea7e87031669 to remote] http.headers 125 - http-outgoing-5 << Content-Length:70
12-09-2018 12:36:55 LoggingManagedHttpClientConnection.java DEBUG [Forwarding getElementText on session 1850fbce5f951b60a82aea7e87031669 to remote] http.headers 125 - http-outgoing-5 << Content-Type:application/json; charset=utf-8
12-09-2018 12:36:55 MainClientExec.java DEBUG [Forwarding getElementText on session 1850fbce5f951b60a82aea7e87031669 to remote] execchain.MainClientExec 285 - Connection can be kept alive indefinitely
12-09-2018 12:36:55 PoolingHttpClientConnectionManager.java DEBUG [Forwarding getElementText on session 1850fbce5f951b60a82aea7e87031669 to remote] conn.PoolingHttpClientConnectionManager 320 - Connection [id: 5][route: {}->http://localhost:19590] can be kept alive indefinitely
12-09-2018 12:36:55 PoolingHttpClientConnectionManager.java DEBUG [Forwarding getElementText on session 1850fbce5f951b60a82aea7e87031669 to remote] conn.PoolingHttpClientConnectionManager 326 - Connection released: [id: 5][route: {}->http://localhost:19590][total kept alive: 1; route allocated: 1 of 2000; total allocated: 1 of 2000]
12-09-2018 12:36:55 Base.java INFO  [main] InboxPage 31 - Execution Started
12-09-2018 12:36:55 RequestAddCookies.java DEBUG [Forwarding findElement on session 1850fbce5f951b60a82aea7e87031669 to remote] protocol.RequestAddCookies 123 - CookieSpec selected: default
12-09-2018 12:36:55 RequestAuthCache.java DEBUG [Forwarding findElement on session 1850fbce5f951b60a82aea7e87031669 to remote] protocol.RequestAuthCache 77 - Auth cache not set in the context
12-09-2018 12:36:55 PoolingHttpClientConnectionManager.java DEBUG [Forwarding findElement on session 1850fbce5f951b60a82aea7e87031669 to remote] conn.PoolingHttpClientConnectionManager 255 - Connection request: [route: {}->http://localhost:19590][total kept alive: 1; route allocated: 1 of 2000; total allocated: 1 of 2000]
12-09-2018 12:36:55 PoolingHttpClientConnectionManager.java DEBUG [Forwarding findElement on session 1850fbce5f951b60a82aea7e87031669 to remote] conn.PoolingHttpClientConnectionManager 288 - Connection leased: [id: 5][route: {}->http://localhost:19590][total kept alive: 0; route allocated: 1 of 2000; total allocated: 1 of 2000]
12-09-2018 12:36:55 MainClientExec.java DEBUG [Forwarding findElement on session 1850fbce5f951b60a82aea7e87031669 to remote] execchain.MainClientExec 208 - Stale connection check
12-09-2018 12:36:55 Wire.java DEBUG [Forwarding findElement on session 1850fbce5f951b60a82aea7e87031669 to remote] http.wire 87 - http-outgoing-5 << "[read] I/O error: Read timed out"
12-09-2018 12:36:55 LoggingManagedHttpClientConnection.java DEBUG [Forwarding findElement on session 1850fbce5f951b60a82aea7e87031669 to remote] conn.DefaultManagedHttpClientConnection 88 - http-outgoing-5: set socket timeout to 10800000
12-09-2018 12:36:55 MainClientExec.java DEBUG [Forwarding findElement on session 1850fbce5f951b60a82aea7e87031669 to remote] execchain.MainClientExec 256 - Executing request POST /session/1850fbce5f951b60a82aea7e87031669/element HTTP/1.1
12-09-2018 12:36:55 MainClientExec.java DEBUG [Forwarding findElement on session 1850fbce5f951b60a82aea7e87031669 to remote] execchain.MainClientExec 261 - Target auth state: UNCHALLENGED
12-09-2018 12:36:55 MainClientExec.java DEBUG [Forwarding findElement on session 1850fbce5f951b60a82aea7e87031669 to remote] execchain.MainClientExec 267 - Proxy auth state: UNCHALLENGED
12-09-2018 12:36:55 LoggingManagedHttpClientConnection.java DEBUG [Forwarding findElement on session 1850fbce5f951b60a82aea7e87031669 to remote] http.headers 133 - http-outgoing-5 >> POST /session/1850fbce5f951b60a82aea7e87031669/element HTTP/1.1
12-09-2018 12:36:55 LoggingManagedHttpClientConnection.java DEBUG [Forwarding findElement on session 1850fbce5f951b60a82aea7e87031669 to remote] http.headers 136 - http-outgoing-5 >> Content-Type: application/json; charset=utf-8
12-09-2018 12:36:55 LoggingManagedHttpClientConnection.java DEBUG [Forwarding findElement on session 1850fbce5f951b60a82aea7e87031669 to remote] http.headers 136 - http-outgoing-5 >> Content-Length: 55
12-09-2018 12:36:55 LoggingManagedHttpClientConnection.java DEBUG [Forwarding findElement on session 1850fbce5f951b60a82aea7e87031669 to remote] http.headers 136 - http-outgoing-5 >> Host: localhost:19590
12-09-2018 12:36:55 LoggingManagedHttpClientConnection.java DEBUG [Forwarding findElement on session 1850fbce5f951b60a82aea7e87031669 to remote] http.headers 136 - http-outgoing-5 >> Connection: Keep-Alive
12-09-2018 12:36:55 LoggingManagedHttpClientConnection.java DEBUG [Forwarding findElement on session 1850fbce5f951b60a82aea7e87031669 to remote] http.headers 136 - http-outgoing-5 >> User-Agent: Apache-HttpClient/4.5.3 (Java/1.8.0_181)
12-09-2018 12:36:55 LoggingManagedHttpClientConnection.java DEBUG [Forwarding findElement on session 1850fbce5f951b60a82aea7e87031669 to remote] http.headers 136 - http-outgoing-5 >> Accept-Encoding: gzip,deflate
12-09-2018 12:36:55 Wire.java DEBUG [Forwarding findElement on session 1850fbce5f951b60a82aea7e87031669 to remote] http.wire 73 - http-outgoing-5 >> "POST /session/1850fbce5f951b60a82aea7e87031669/element HTTP/1.1[\r][\n]"
12-09-2018 12:36:55 Wire.java DEBUG [Forwarding findElement on session 1850fbce5f951b60a82aea7e87031669 to remote] http.wire 73 - http-outgoing-5 >> "Content-Type: application/json; charset=utf-8[\r][\n]"
12-09-2018 12:36:55 Wire.java DEBUG [Forwarding findElement on session 1850fbce5f951b60a82aea7e87031669 to remote] http.wire 73 - http-outgoing-5 >> "Content-Length: 55[\r][\n]"
12-09-2018 12:36:55 Wire.java DEBUG [Forwarding findElement on session 1850fbce5f951b60a82aea7e87031669 to remote] http.wire 73 - http-outgoing-5 >> "Host: localhost:19590[\r][\n]"
12-09-2018 12:36:55 Wire.java DEBUG [Forwarding findElement on session 1850fbce5f951b60a82aea7e87031669 to remote] http.wire 73 - http-outgoing-5 >> "Connection: Keep-Alive[\r][\n]"
12-09-2018 12:36:55 Wire.java DEBUG [Forwarding findElement on session 1850fbce5f951b60a82aea7e87031669 to remote] http.wire 73 - http-outgoing-5 >> "User-Agent: Apache-HttpClient/4.5.3 (Java/1.8.0_181)[\r][\n]"
12-09-2018 12:36:55 Wire.java DEBUG [Forwarding findElement on session 1850fbce5f951b60a82aea7e87031669 to remote] http.wire 73 - http-outgoing-5 >> "Accept-Encoding: gzip,deflate[\r][\n]"
12-09-2018 12:36:55 Wire.java DEBUG [Forwarding findElement on session 1850fbce5f951b60a82aea7e87031669 to remote] http.wire 73 - http-outgoing-5 >> "[\r][\n]"
12-09-2018 12:36:55 Wire.java DEBUG [Forwarding findElement on session 1850fbce5f951b60a82aea7e87031669 to remote] http.wire 87 - http-outgoing-5 >> "{"using":"xpath","value":"//span[@class='gb_bb gbii']"}"
12-09-2018 12:36:55 Wire.java DEBUG [Forwarding findElement on session 1850fbce5f951b60a82aea7e87031669 to remote] http.wire 73 - http-outgoing-5 << "HTTP/1.1 200 OK[\r][\n]"
12-09-2018 12:36:55 Wire.java DEBUG [Forwarding findElement on session 1850fbce5f951b60a82aea7e87031669 to remote] http.wire 73 - http-outgoing-5 << "Content-Length:356[\r][\n]"
12-09-2018 12:36:55 Wire.java DEBUG [Forwarding findElement on session 1850fbce5f951b60a82aea7e87031669 to remote] http.wire 73 - http-outgoing-5 << "Content-Type:application/json; charset=utf-8[\r][\n]"
12-09-2018 12:36:55 Wire.java DEBUG [Forwarding findElement on session 1850fbce5f951b60a82aea7e87031669 to remote] http.wire 73 - http-outgoing-5 << "[\r][\n]"
12-09-2018 12:36:55 Wire.java DEBUG [Forwarding findElement on session 1850fbce5f951b60a82aea7e87031669 to remote] http.wire 87 - http-outgoing-5 << "{"sessionId":"1850fbce5f951b60a82aea7e87031669","status":7,"value":{"message":"no such element: Unable to locate element: {\"method\":\"xpath\",\"selector\":\"//span[@class='gb_bb gbii']\"}\n  (Session info: chrome=70.0.3538.110)\n  (Driver info: chromedriver=2.44.609538 (b655c5a60b0b544917107a59d4153d4bf78e1b90),platform=Windows NT 10.0.17134 x86_64)"}}"
12-09-2018 12:36:55 LoggingManagedHttpClientConnection.java DEBUG [Forwarding findElement on session 1850fbce5f951b60a82aea7e87031669 to remote] http.headers 122 - http-outgoing-5 << HTTP/1.1 200 OK
12-09-2018 12:36:55 LoggingManagedHttpClientConnection.java DEBUG [Forwarding findElement on session 1850fbce5f951b60a82aea7e87031669 to remote] http.headers 125 - http-outgoing-5 << Content-Length:356
12-09-2018 12:36:55 LoggingManagedHttpClientConnection.java DEBUG [Forwarding findElement on session 1850fbce5f951b60a82aea7e87031669 to remote] http.headers 125 - http-outgoing-5 << Content-Type:application/json; charset=utf-8
12-09-2018 12:36:55 MainClientExec.java DEBUG [Forwarding findElement on session 1850fbce5f951b60a82aea7e87031669 to remote] execchain.MainClientExec 285 - Connection can be kept alive indefinitely
12-09-2018 12:36:55 PoolingHttpClientConnectionManager.java DEBUG [Forwarding findElement on session 1850fbce5f951b60a82aea7e87031669 to remote] conn.PoolingHttpClientConnectionManager 320 - Connection [id: 5][route: {}->http://localhost:19590] can be kept alive indefinitely
12-09-2018 12:36:55 PoolingHttpClientConnectionManager.java DEBUG [Forwarding findElement on session 1850fbce5f951b60a82aea7e87031669 to remote] conn.PoolingHttpClientConnectionManager 326 - Connection released: [id: 5][route: {}->http://localhost:19590][total kept alive: 1; route allocated: 1 of 2000; total allocated: 1 of 2000]
12-09-2018 12:36:55 RequestAddCookies.java DEBUG [Forwarding findElement on session 1850fbce5f951b60a82aea7e87031669 to remote] protocol.RequestAddCookies 123 - CookieSpec selected: default
12-09-2018 12:36:55 RequestAuthCache.java DEBUG [Forwarding findElement on session 1850fbce5f951b60a82aea7e87031669 to remote] protocol.RequestAuthCache 77 - Auth cache not set in the context
12-09-2018 12:36:55 PoolingHttpClientConnectionManager.java DEBUG [Forwarding findElement on session 1850fbce5f951b60a82aea7e87031669 to remote] conn.PoolingHttpClientConnectionManager 255 - Connection request: [route: {}->http://localhost:19590][total kept alive: 1; route allocated: 1 of 2000; total allocated: 1 of 2000]
12-09-2018 12:36:55 PoolingHttpClientConnectionManager.java DEBUG [Forwarding findElement on session 1850fbce5f951b60a82aea7e87031669 to remote] conn.PoolingHttpClientConnectionManager 288 - Connection leased: [id: 5][route: {}->http://localhost:19590][total kept alive: 0; route allocated: 1 of 2000; total allocated: 1 of 2000]
12-09-2018 12:36:55 MainClientExec.java DEBUG [Forwarding findElement on session 1850fbce5f951b60a82aea7e87031669 to remote] execchain.MainClientExec 208 - Stale connection check
12-09-2018 12:36:55 Wire.java DEBUG [Forwarding findElement on session 1850fbce5f951b60a82aea7e87031669 to remote] http.wire 87 - http-outgoing-5 << "[read] I/O error: Read timed out"
12-09-2018 12:36:55 LoggingManagedHttpClientConnection.java DEBUG [Forwarding findElement on session 1850fbce5f951b60a82aea7e87031669 to remote] conn.DefaultManagedHttpClientConnection 88 - http-outgoing-5: set socket timeout to 10800000
12-09-2018 12:36:55 MainClientExec.java DEBUG [Forwarding findElement on session 1850fbce5f951b60a82aea7e87031669 to remote] execchain.MainClientExec 256 - Executing request POST /session/1850fbce5f951b60a82aea7e87031669/element HTTP/1.1
12-09-2018 12:36:55 MainClientExec.java DEBUG [Forwarding findElement on session 1850fbce5f951b60a82aea7e87031669 to remote] execchain.MainClientExec 261 - Target auth state: UNCHALLENGED
12-09-2018 12:36:55 MainClientExec.java DEBUG [Forwarding findElement on session 1850fbce5f951b60a82aea7e87031669 to remote] execchain.MainClientExec 267 - Proxy auth state: UNCHALLENGED
12-09-2018 12:36:55 LoggingManagedHttpClientConnection.java DEBUG [Forwarding findElement on session 1850fbce5f951b60a82aea7e87031669 to remote] http.headers 133 - http-outgoing-5 >> POST /session/1850fbce5f951b60a82aea7e87031669/element HTTP/1.1
12-09-2018 12:36:55 LoggingManagedHttpClientConnection.java DEBUG [Forwarding findElement on session 1850fbce5f951b60a82aea7e87031669 to remote] http.headers 136 - http-outgoing-5 >> Content-Type: application/json; charset=utf-8
12-09-2018 12:36:55 LoggingManagedHttpClientConnection.java DEBUG [Forwarding findElement on session 1850fbce5f951b60a82aea7e87031669 to remote] http.headers 136 - http-outgoing-5 >> Content-Length: 55
12-09-2018 12:36:55 LoggingManagedHttpClientConnection.java DEBUG [Forwarding findElement on session 1850fbce5f951b60a82aea7e87031669 to remote] http.headers 136 - http-outgoing-5 >> Host: localhost:19590
12-09-2018 12:36:55 LoggingManagedHttpClientConnection.java DEBUG [Forwarding findElement on session 1850fbce5f951b60a82aea7e87031669 to remote] http.headers 136 - http-outgoing-5 >> Connection: Keep-Alive
12-09-2018 12:36:55 LoggingManagedHttpClientConnection.java DEBUG [Forwarding findElement on session 1850fbce5f951b60a82aea7e87031669 to remote] http.headers 136 - http-outgoing-5 >> User-Agent: Apache-HttpClient/4.5.3 (Java/1.8.0_181)
12-09-2018 12:36:55 LoggingManagedHttpClientConnection.java DEBUG [Forwarding findElement on session 1850fbce5f951b60a82aea7e87031669 to remote] http.headers 136 - http-outgoing-5 >> Accept-Encoding: gzip,deflate
12-09-2018 12:36:55 Wire.java DEBUG [Forwarding findElement on session 1850fbce5f951b60a82aea7e87031669 to remote] http.wire 73 - http-outgoing-5 >> "POST /session/1850fbce5f951b60a82aea7e87031669/element HTTP/1.1[\r][\n]"
12-09-2018 12:36:55 Wire.java DEBUG [Forwarding findElement on session 1850fbce5f951b60a82aea7e87031669 to remote] http.wire 73 - http-outgoing-5 >> "Content-Type: application/json; charset=utf-8[\r][\n]"
12-09-2018 12:36:55 Wire.java DEBUG [Forwarding findElement on session 1850fbce5f951b60a82aea7e87031669 to remote] http.wire 73 - http-outgoing-5 >> "Content-Length: 55[\r][\n]"
12-09-2018 12:36:55 Wire.java DEBUG [Forwarding findElement on session 1850fbce5f951b60a82aea7e87031669 to remote] http.wire 73 - http-outgoing-5 >> "Host: localhost:19590[\r][\n]"
12-09-2018 12:36:55 Wire.java DEBUG [Forwarding findElement on session 1850fbce5f951b60a82aea7e87031669 to remote] http.wire 73 - http-outgoing-5 >> "Connection: Keep-Alive[\r][\n]"
12-09-2018 12:36:55 Wire.java DEBUG [Forwarding findElement on session 1850fbce5f951b60a82aea7e87031669 to remote] http.wire 73 - http-outgoing-5 >> "User-Agent: Apache-HttpClient/4.5.3 (Java/1.8.0_181)[\r][\n]"
12-09-2018 12:36:55 Wire.java DEBUG [Forwarding findElement on session 1850fbce5f951b60a82aea7e87031669 to remote] http.wire 73 - http-outgoing-5 >> "Accept-Encoding: gzip,deflate[\r][\n]"
12-09-2018 12:36:55 Wire.java DEBUG [Forwarding findElement on session 1850fbce5f951b60a82aea7e87031669 to remote] http.wire 73 - http-outgoing-5 >> "[\r][\n]"
12-09-2018 12:36:55 Wire.java DEBUG [Forwarding findElement on session 1850fbce5f951b60a82aea7e87031669 to remote] http.wire 87 - http-outgoing-5 >> "{"using":"xpath","value":"//span[@class='gb_bb gbii']"}"
12-09-2018 12:36:55 Wire.java DEBUG [Forwarding findElement on session 1850fbce5f951b60a82aea7e87031669 to remote] http.wire 73 - http-outgoing-5 << "HTTP/1.1 200 OK[\r][\n]"
12-09-2018 12:36:55 Wire.java DEBUG [Forwarding findElement on session 1850fbce5f951b60a82aea7e87031669 to remote] http.wire 73 - http-outgoing-5 << "Content-Length:356[\r][\n]"
12-09-2018 12:36:55 Wire.java DEBUG [Forwarding findElement on session 1850fbce5f951b60a82aea7e87031669 to remote] http.wire 73 - http-outgoing-5 << "Content-Type:application/json; charset=utf-8[\r][\n]"
12-09-2018 12:36:55 Wire.java DEBUG [Forwarding findElement on session 1850fbce5f951b60a82aea7e87031669 to remote] http.wire 73 - http-outgoing-5 << "[\r][\n]"
12-09-2018 12:36:55 Wire.java DEBUG [Forwarding findElement on session 1850fbce5f951b60a82aea7e87031669 to remote] http.wire 87 - http-outgoing-5 << "{"sessionId":"1850fbce5f951b60a82aea7e87031669","status":7,"value":{"message":"no such element: Unable to locate element: {\"method\":\"xpath\",\"selector\":\"//span[@class='gb_bb gbii']\"}\n  (Session info: chrome=70.0.3538.110)\n  (Driver info: chromedriver=2.44.609538 (b655c5a60b0b544917107a59d4153d4bf78e1b90),platform=Windows NT 10.0.17134 x86_64)"}}"
12-09-2018 12:36:55 LoggingManagedHttpClientConnection.java DEBUG [Forwarding findElement on session 1850fbce5f951b60a82aea7e87031669 to remote] http.headers 122 - http-outgoing-5 << HTTP/1.1 200 OK
12-09-2018 12:36:55 LoggingManagedHttpClientConnection.java DEBUG [Forwarding findElement on session 1850fbce5f951b60a82aea7e87031669 to remote] http.headers 125 - http-outgoing-5 << Content-Length:356
12-09-2018 12:36:55 LoggingManagedHttpClientConnection.java DEBUG [Forwarding findElement on session 1850fbce5f951b60a82aea7e87031669 to remote] http.headers 125 - http-outgoing-5 << Content-Type:application/json; charset=utf-8
12-09-2018 12:36:55 MainClientExec.java DEBUG [Forwarding findElement on session 1850fbce5f951b60a82aea7e87031669 to remote] execchain.MainClientExec 285 - Connection can be kept alive indefinitely
12-09-2018 12:36:55 PoolingHttpClientConnectionManager.java DEBUG [Forwarding findElement on session 1850fbce5f951b60a82aea7e87031669 to remote] conn.PoolingHttpClientConnectionManager 320 - Connection [id: 5][route: {}->http://localhost:19590] can be kept alive indefinitely
12-09-2018 12:36:55 PoolingHttpClientConnectionManager.java DEBUG [Forwarding findElement on session 1850fbce5f951b60a82aea7e87031669 to remote] conn.PoolingHttpClientConnectionManager 326 - Connection released: [id: 5][route: {}->http://localhost:19590][total kept alive: 1; route allocated: 1 of 2000; total allocated: 1 of 2000]
12-09-2018 12:36:56 RequestAddCookies.java DEBUG [Forwarding findElement on session 1850fbce5f951b60a82aea7e87031669 to remote] protocol.RequestAddCookies 123 - CookieSpec selected: default
12-09-2018 12:36:56 RequestAuthCache.java DEBUG [Forwarding findElement on session 1850fbce5f951b60a82aea7e87031669 to remote] protocol.RequestAuthCache 77 - Auth cache not set in the context
12-09-2018 12:36:56 PoolingHttpClientConnectionManager.java DEBUG [Forwarding findElement on session 1850fbce5f951b60a82aea7e87031669 to remote] conn.PoolingHttpClientConnectionManager 255 - Connection request: [route: {}->http://localhost:19590][total kept alive: 1; route allocated: 1 of 2000; total allocated: 1 of 2000]
12-09-2018 12:36:56 PoolingHttpClientConnectionManager.java DEBUG [Forwarding findElement on session 1850fbce5f951b60a82aea7e87031669 to remote] conn.PoolingHttpClientConnectionManager 288 - Connection leased: [id: 5][route: {}->http://localhost:19590][total kept alive: 0; route allocated: 1 of 2000; total allocated: 1 of 2000]
12-09-2018 12:36:56 MainClientExec.java DEBUG [Forwarding findElement on session 1850fbce5f951b60a82aea7e87031669 to remote] execchain.MainClientExec 208 - Stale connection check
12-09-2018 12:36:56 Wire.java DEBUG [Forwarding findElement on session 1850fbce5f951b60a82aea7e87031669 to remote] http.wire 87 - http-outgoing-5 << "[read] I/O error: Read timed out"
12-09-2018 12:36:56 LoggingManagedHttpClientConnection.java DEBUG [Forwarding findElement on session 1850fbce5f951b60a82aea7e87031669 to remote] conn.DefaultManagedHttpClientConnection 88 - http-outgoing-5: set socket timeout to 10800000
12-09-2018 12:36:56 MainClientExec.java DEBUG [Forwarding findElement on session 1850fbce5f951b60a82aea7e87031669 to remote] execchain.MainClientExec 256 - Executing request POST /session/1850fbce5f951b60a82aea7e87031669/element HTTP/1.1
12-09-2018 12:36:56 MainClientExec.java DEBUG [Forwarding findElement on session 1850fbce5f951b60a82aea7e87031669 to remote] execchain.MainClientExec 261 - Target auth state: UNCHALLENGED
12-09-2018 12:36:56 MainClientExec.java DEBUG [Forwarding findElement on session 1850fbce5f951b60a82aea7e87031669 to remote] execchain.MainClientExec 267 - Proxy auth state: UNCHALLENGED
12-09-2018 12:36:56 LoggingManagedHttpClientConnection.java DEBUG [Forwarding findElement on session 1850fbce5f951b60a82aea7e87031669 to remote] http.headers 133 - http-outgoing-5 >> POST /session/1850fbce5f951b60a82aea7e87031669/element HTTP/1.1
12-09-2018 12:36:56 LoggingManagedHttpClientConnection.java DEBUG [Forwarding findElement on session 1850fbce5f951b60a82aea7e87031669 to remote] http.headers 136 - http-outgoing-5 >> Content-Type: application/json; charset=utf-8
12-09-2018 12:36:56 LoggingManagedHttpClientConnection.java DEBUG [Forwarding findElement on session 1850fbce5f951b60a82aea7e87031669 to remote] http.headers 136 - http-outgoing-5 >> Content-Length: 55
12-09-2018 12:36:56 LoggingManagedHttpClientConnection.java DEBUG [Forwarding findElement on session 1850fbce5f951b60a82aea7e87031669 to remote] http.headers 136 - http-outgoing-5 >> Host: localhost:19590
12-09-2018 12:36:56 LoggingManagedHttpClientConnection.java DEBUG [Forwarding findElement on session 1850fbce5f951b60a82aea7e87031669 to remote] http.headers 136 - http-outgoing-5 >> Connection: Keep-Alive
12-09-2018 12:36:56 LoggingManagedHttpClientConnection.java DEBUG [Forwarding findElement on session 1850fbce5f951b60a82aea7e87031669 to remote] http.headers 136 - http-outgoing-5 >> User-Agent: Apache-HttpClient/4.5.3 (Java/1.8.0_181)
12-09-2018 12:36:56 LoggingManagedHttpClientConnection.java DEBUG [Forwarding findElement on session 1850fbce5f951b60a82aea7e87031669 to remote] http.headers 136 - http-outgoing-5 >> Accept-Encoding: gzip,deflate
12-09-2018 12:36:56 Wire.java DEBUG [Forwarding findElement on session 1850fbce5f951b60a82aea7e87031669 to remote] http.wire 73 - http-outgoing-5 >> "POST /session/1850fbce5f951b60a82aea7e87031669/element HTTP/1.1[\r][\n]"
12-09-2018 12:36:56 Wire.java DEBUG [Forwarding findElement on session 1850fbce5f951b60a82aea7e87031669 to remote] http.wire 73 - http-outgoing-5 >> "Content-Type: application/json; charset=utf-8[\r][\n]"
12-09-2018 12:36:56 Wire.java DEBUG [Forwarding findElement on session 1850fbce5f951b60a82aea7e87031669 to remote] http.wire 73 - http-outgoing-5 >> "Content-Length: 55[\r][\n]"
12-09-2018 12:36:56 Wire.java DEBUG [Forwarding findElement on session 1850fbce5f951b60a82aea7e87031669 to remote] http.wire 73 - http-outgoing-5 >> "Host: localhost:19590[\r][\n]"
12-09-2018 12:36:56 Wire.java DEBUG [Forwarding findElement on session 1850fbce5f951b60a82aea7e87031669 to remote] http.wire 73 - http-outgoing-5 >> "Connection: Keep-Alive[\r][\n]"
12-09-2018 12:36:56 Wire.java DEBUG [Forwarding findElement on session 1850fbce5f951b60a82aea7e87031669 to remote] http.wire 73 - http-outgoing-5 >> "User-Agent: Apache-HttpClient/4.5.3 (Java/1.8.0_181)[\r][\n]"
12-09-2018 12:36:56 Wire.java DEBUG [Forwarding findElement on session 1850fbce5f951b60a82aea7e87031669 to remote] http.wire 73 - http-outgoing-5 >> "Accept-Encoding: gzip,deflate[\r][\n]"
12-09-2018 12:36:56 Wire.java DEBUG [Forwarding findElement on session 1850fbce5f951b60a82aea7e87031669 to remote] http.wire 73 - http-outgoing-5 >> "[\r][\n]"
12-09-2018 12:36:56 Wire.java DEBUG [Forwarding findElement on session 1850fbce5f951b60a82aea7e87031669 to remote] http.wire 87 - http-outgoing-5 >> "{"using":"xpath","value":"//span[@class='gb_bb gbii']"}"
12-09-2018 12:36:56 Wire.java DEBUG [Forwarding findElement on session 1850fbce5f951b60a82aea7e87031669 to remote] http.wire 73 - http-outgoing-5 << "HTTP/1.1 200 OK[\r][\n]"
12-09-2018 12:36:56 Wire.java DEBUG [Forwarding findElement on session 1850fbce5f951b60a82aea7e87031669 to remote] http.wire 73 - http-outgoing-5 << "Content-Length:356[\r][\n]"
12-09-2018 12:36:56 Wire.java DEBUG [Forwarding findElement on session 1850fbce5f951b60a82aea7e87031669 to remote] http.wire 73 - http-outgoing-5 << "Content-Type:application/json; charset=utf-8[\r][\n]"
12-09-2018 12:36:56 Wire.java DEBUG [Forwarding findElement on session 1850fbce5f951b60a82aea7e87031669 to remote] http.wire 73 - http-outgoing-5 << "[\r][\n]"
12-09-2018 12:36:56 Wire.java DEBUG [Forwarding findElement on session 1850fbce5f951b60a82aea7e87031669 to remote] http.wire 87 - http-outgoing-5 << "{"sessionId":"1850fbce5f951b60a82aea7e87031669","status":7,"value":{"message":"no such element: Unable to locate element: {\"method\":\"xpath\",\"selector\":\"//span[@class='gb_bb gbii']\"}\n  (Session info: chrome=70.0.3538.110)\n  (Driver info: chromedriver=2.44.609538 (b655c5a60b0b544917107a59d4153d4bf78e1b90),platform=Windows NT 10.0.17134 x86_64)"}}"
12-09-2018 12:36:56 LoggingManagedHttpClientConnection.java DEBUG [Forwarding findElement on session 1850fbce5f951b60a82aea7e87031669 to remote] http.headers 122 - http-outgoing-5 << HTTP/1.1 200 OK
12-09-2018 12:36:56 LoggingManagedHttpClientConnection.java DEBUG [Forwarding findElement on session 1850fbce5f951b60a82aea7e87031669 to remote] http.headers 125 - http-outgoing-5 << Content-Length:356
12-09-2018 12:36:56 LoggingManagedHttpClientConnection.java DEBUG [Forwarding findElement on session 1850fbce5f951b60a82aea7e87031669 to remote] http.headers 125 - http-outgoing-5 << Content-Type:application/json; charset=utf-8
12-09-2018 12:36:56 MainClientExec.java DEBUG [Forwarding findElement on session 1850fbce5f951b60a82aea7e87031669 to remote] execchain.MainClientExec 285 - Connection can be kept alive indefinitely
12-09-2018 12:36:56 PoolingHttpClientConnectionManager.java DEBUG [Forwarding findElement on session 1850fbce5f951b60a82aea7e87031669 to remote] conn.PoolingHttpClientConnectionManager 320 - Connection [id: 5][route: {}->http://localhost:19590] can be kept alive indefinitely
12-09-2018 12:36:56 PoolingHttpClientConnectionManager.java DEBUG [Forwarding findElement on session 1850fbce5f951b60a82aea7e87031669 to remote] conn.PoolingHttpClientConnectionManager 326 - Connection released: [id: 5][route: {}->http://localhost:19590][total kept alive: 1; route allocated: 1 of 2000; total allocated: 1 of 2000]
12-09-2018 12:36:56 RequestAddCookies.java DEBUG [Forwarding findElement on session 1850fbce5f951b60a82aea7e87031669 to remote] protocol.RequestAddCookies 123 - CookieSpec selected: default
12-09-2018 12:36:56 RequestAuthCache.java DEBUG [Forwarding findElement on session 1850fbce5f951b60a82aea7e87031669 to remote] protocol.RequestAuthCache 77 - Auth cache not set in the context
12-09-2018 12:36:56 PoolingHttpClientConnectionManager.java DEBUG [Forwarding findElement on session 1850fbce5f951b60a82aea7e87031669 to remote] conn.PoolingHttpClientConnectionManager 255 - Connection request: [route: {}->http://localhost:19590][total kept alive: 1; route allocated: 1 of 2000; total allocated: 1 of 2000]
12-09-2018 12:36:56 PoolingHttpClientConnectionManager.java DEBUG [Forwarding findElement on session 1850fbce5f951b60a82aea7e87031669 to remote] conn.PoolingHttpClientConnectionManager 288 - Connection leased: [id: 5][route: {}->http://localhost:19590][total kept alive: 0; route allocated: 1 of 2000; total allocated: 1 of 2000]
12-09-2018 12:36:56 MainClientExec.java DEBUG [Forwarding findElement on session 1850fbce5f951b60a82aea7e87031669 to remote] execchain.MainClientExec 208 - Stale connection check
12-09-2018 12:36:56 Wire.java DEBUG [Forwarding findElement on session 1850fbce5f951b60a82aea7e87031669 to remote] http.wire 87 - http-outgoing-5 << "[read] I/O error: Read timed out"
12-09-2018 12:36:56 LoggingManagedHttpClientConnection.java DEBUG [Forwarding findElement on session 1850fbce5f951b60a82aea7e87031669 to remote] conn.DefaultManagedHttpClientConnection 88 - http-outgoing-5: set socket timeout to 10800000
12-09-2018 12:36:56 MainClientExec.java DEBUG [Forwarding findElement on session 1850fbce5f951b60a82aea7e87031669 to remote] execchain.MainClientExec 256 - Executing request POST /session/1850fbce5f951b60a82aea7e87031669/element HTTP/1.1
12-09-2018 12:36:56 MainClientExec.java DEBUG [Forwarding findElement on session 1850fbce5f951b60a82aea7e87031669 to remote] execchain.MainClientExec 261 - Target auth state: UNCHALLENGED
12-09-2018 12:36:56 MainClientExec.java DEBUG [Forwarding findElement on session 1850fbce5f951b60a82aea7e87031669 to remote] execchain.MainClientExec 267 - Proxy auth state: UNCHALLENGED
12-09-2018 12:36:56 LoggingManagedHttpClientConnection.java DEBUG [Forwarding findElement on session 1850fbce5f951b60a82aea7e87031669 to remote] http.headers 133 - http-outgoing-5 >> POST /session/1850fbce5f951b60a82aea7e87031669/element HTTP/1.1
12-09-2018 12:36:56 LoggingManagedHttpClientConnection.java DEBUG [Forwarding findElement on session 1850fbce5f951b60a82aea7e87031669 to remote] http.headers 136 - http-outgoing-5 >> Content-Type: application/json; charset=utf-8
12-09-2018 12:36:56 LoggingManagedHttpClientConnection.java DEBUG [Forwarding findElement on session 1850fbce5f951b60a82aea7e87031669 to remote] http.headers 136 - http-outgoing-5 >> Content-Length: 55
12-09-2018 12:36:56 LoggingManagedHttpClientConnection.java DEBUG [Forwarding findElement on session 1850fbce5f951b60a82aea7e87031669 to remote] http.headers 136 - http-outgoing-5 >> Host: localhost:19590
12-09-2018 12:36:56 LoggingManagedHttpClientConnection.java DEBUG [Forwarding findElement on session 1850fbce5f951b60a82aea7e87031669 to remote] http.headers 136 - http-outgoing-5 >> Connection: Keep-Alive
12-09-2018 12:36:56 LoggingManagedHttpClientConnection.java DEBUG [Forwarding findElement on session 1850fbce5f951b60a82aea7e87031669 to remote] http.headers 136 - http-outgoing-5 >> User-Agent: Apache-HttpClient/4.5.3 (Java/1.8.0_181)
12-09-2018 12:36:56 LoggingManagedHttpClientConnection.java DEBUG [Forwarding findElement on session 1850fbce5f951b60a82aea7e87031669 to remote] http.headers 136 - http-outgoing-5 >> Accept-Encoding: gzip,deflate
12-09-2018 12:36:56 Wire.java DEBUG [Forwarding findElement on session 1850fbce5f951b60a82aea7e87031669 to remote] http.wire 73 - http-outgoing-5 >> "POST /session/1850fbce5f951b60a82aea7e87031669/element HTTP/1.1[\r][\n]"
12-09-2018 12:36:56 Wire.java DEBUG [Forwarding findElement on session 1850fbce5f951b60a82aea7e87031669 to remote] http.wire 73 - http-outgoing-5 >> "Content-Type: application/json; charset=utf-8[\r][\n]"
12-09-2018 12:36:56 Wire.java DEBUG [Forwarding findElement on session 1850fbce5f951b60a82aea7e87031669 to remote] http.wire 73 - http-outgoing-5 >> "Content-Length: 55[\r][\n]"
12-09-2018 12:36:56 Wire.java DEBUG [Forwarding findElement on session 1850fbce5f951b60a82aea7e87031669 to remote] http.wire 73 - http-outgoing-5 >> "Host: localhost:19590[\r][\n]"
12-09-2018 12:36:56 Wire.java DEBUG [Forwarding findElement on session 1850fbce5f951b60a82aea7e87031669 to remote] http.wire 73 - http-outgoing-5 >> "Connection: Keep-Alive[\r][\n]"
12-09-2018 12:36:56 Wire.java DEBUG [Forwarding findElement on session 1850fbce5f951b60a82aea7e87031669 to remote] http.wire 73 - http-outgoing-5 >> "User-Agent: Apache-HttpClient/4.5.3 (Java/1.8.0_181)[\r][\n]"
12-09-2018 12:36:56 Wire.java DEBUG [Forwarding findElement on session 1850fbce5f951b60a82aea7e87031669 to remote] http.wire 73 - http-outgoing-5 >> "Accept-Encoding: gzip,deflate[\r][\n]"
12-09-2018 12:36:56 Wire.java DEBUG [Forwarding findElement on session 1850fbce5f951b60a82aea7e87031669 to remote] http.wire 73 - http-outgoing-5 >> "[\r][\n]"
12-09-2018 12:36:56 Wire.java DEBUG [Forwarding findElement on session 1850fbce5f951b60a82aea7e87031669 to remote] http.wire 87 - http-outgoing-5 >> "{"using":"xpath","value":"//span[@class='gb_bb gbii']"}"
12-09-2018 12:36:56 Wire.java DEBUG [Forwarding findElement on session 1850fbce5f951b60a82aea7e87031669 to remote] http.wire 73 - http-outgoing-5 << "HTTP/1.1 200 OK[\r][\n]"
12-09-2018 12:36:56 Wire.java DEBUG [Forwarding findElement on session 1850fbce5f951b60a82aea7e87031669 to remote] http.wire 73 - http-outgoing-5 << "Content-Length:356[\r][\n]"
12-09-2018 12:36:56 Wire.java DEBUG [Forwarding findElement on session 1850fbce5f951b60a82aea7e87031669 to remote] http.wire 73 - http-outgoing-5 << "Content-Type:application/json; charset=utf-8[\r][\n]"
12-09-2018 12:36:56 Wire.java DEBUG [Forwarding findElement on session 1850fbce5f951b60a82aea7e87031669 to remote] http.wire 73 - http-outgoing-5 << "[\r][\n]"
12-09-2018 12:36:56 Wire.java DEBUG [Forwarding findElement on session 1850fbce5f951b60a82aea7e87031669 to remote] http.wire 87 - http-outgoing-5 << "{"sessionId":"1850fbce5f951b60a82aea7e87031669","status":7,"value":{"message":"no such element: Unable to locate element: {\"method\":\"xpath\",\"selector\":\"//span[@class='gb_bb gbii']\"}\n  (Session info: chrome=70.0.3538.110)\n  (Driver info: chromedriver=2.44.609538 (b655c5a60b0b544917107a59d4153d4bf78e1b90),platform=Windows NT 10.0.17134 x86_64)"}}"
12-09-2018 12:36:56 LoggingManagedHttpClientConnection.java DEBUG [Forwarding findElement on session 1850fbce5f951b60a82aea7e87031669 to remote] http.headers 122 - http-outgoing-5 << HTTP/1.1 200 OK
12-09-2018 12:36:56 LoggingManagedHttpClientConnection.java DEBUG [Forwarding findElement on session 1850fbce5f951b60a82aea7e87031669 to remote] http.headers 125 - http-outgoing-5 << Content-Length:356
12-09-2018 12:36:56 LoggingManagedHttpClientConnection.java DEBUG [Forwarding findElement on session 1850fbce5f951b60a82aea7e87031669 to remote] http.headers 125 - http-outgoing-5 << Content-Type:application/json; charset=utf-8
12-09-2018 12:36:56 MainClientExec.java DEBUG [Forwarding findElement on session 1850fbce5f951b60a82aea7e87031669 to remote] execchain.MainClientExec 285 - Connection can be kept alive indefinitely
12-09-2018 12:36:56 PoolingHttpClientConnectionManager.java DEBUG [Forwarding findElement on session 1850fbce5f951b60a82aea7e87031669 to remote] conn.PoolingHttpClientConnectionManager 320 - Connection [id: 5][route: {}->http://localhost:19590] can be kept alive indefinitely
12-09-2018 12:36:56 PoolingHttpClientConnectionManager.java DEBUG [Forwarding findElement on session 1850fbce5f951b60a82aea7e87031669 to remote] conn.PoolingHttpClientConnectionManager 326 - Connection released: [id: 5][route: {}->http://localhost:19590][total kept alive: 1; route allocated: 1 of 2000; total allocated: 1 of 2000]
12-09-2018 12:36:57 RequestAddCookies.java DEBUG [Forwarding findElement on session 1850fbce5f951b60a82aea7e87031669 to remote] protocol.RequestAddCookies 123 - CookieSpec selected: default
12-09-2018 12:36:57 RequestAuthCache.java DEBUG [Forwarding findElement on session 1850fbce5f951b60a82aea7e87031669 to remote] protocol.RequestAuthCache 77 - Auth cache not set in the context
12-09-2018 12:36:57 PoolingHttpClientConnectionManager.java DEBUG [Forwarding findElement on session 1850fbce5f951b60a82aea7e87031669 to remote] conn.PoolingHttpClientConnectionManager 255 - Connection request: [route: {}->http://localhost:19590][total kept alive: 1; route allocated: 1 of 2000; total allocated: 1 of 2000]
12-09-2018 12:36:57 PoolingHttpClientConnectionManager.java DEBUG [Forwarding findElement on session 1850fbce5f951b60a82aea7e87031669 to remote] conn.PoolingHttpClientConnectionManager 288 - Connection leased: [id: 5][route: {}->http://localhost:19590][total kept alive: 0; route allocated: 1 of 2000; total allocated: 1 of 2000]
12-09-2018 12:36:57 MainClientExec.java DEBUG [Forwarding findElement on session 1850fbce5f951b60a82aea7e87031669 to remote] execchain.MainClientExec 208 - Stale connection check
12-09-2018 12:36:57 Wire.java DEBUG [Forwarding findElement on session 1850fbce5f951b60a82aea7e87031669 to remote] http.wire 87 - http-outgoing-5 << "[read] I/O error: Read timed out"
12-09-2018 12:36:57 LoggingManagedHttpClientConnection.java DEBUG [Forwarding findElement on session 1850fbce5f951b60a82aea7e87031669 to remote] conn.DefaultManagedHttpClientConnection 88 - http-outgoing-5: set socket timeout to 10800000
12-09-2018 12:36:57 MainClientExec.java DEBUG [Forwarding findElement on session 1850fbce5f951b60a82aea7e87031669 to remote] execchain.MainClientExec 256 - Executing request POST /session/1850fbce5f951b60a82aea7e87031669/element HTTP/1.1
12-09-2018 12:36:57 MainClientExec.java DEBUG [Forwarding findElement on session 1850fbce5f951b60a82aea7e87031669 to remote] execchain.MainClientExec 261 - Target auth state: UNCHALLENGED
12-09-2018 12:36:57 MainClientExec.java DEBUG [Forwarding findElement on session 1850fbce5f951b60a82aea7e87031669 to remote] execchain.MainClientExec 267 - Proxy auth state: UNCHALLENGED
12-09-2018 12:36:57 LoggingManagedHttpClientConnection.java DEBUG [Forwarding findElement on session 1850fbce5f951b60a82aea7e87031669 to remote] http.headers 133 - http-outgoing-5 >> POST /session/1850fbce5f951b60a82aea7e87031669/element HTTP/1.1
12-09-2018 12:36:57 LoggingManagedHttpClientConnection.java DEBUG [Forwarding findElement on session 1850fbce5f951b60a82aea7e87031669 to remote] http.headers 136 - http-outgoing-5 >> Content-Type: application/json; charset=utf-8
12-09-2018 12:36:57 LoggingManagedHttpClientConnection.java DEBUG [Forwarding findElement on session 1850fbce5f951b60a82aea7e87031669 to remote] http.headers 136 - http-outgoing-5 >> Content-Length: 55
12-09-2018 12:36:57 LoggingManagedHttpClientConnection.java DEBUG [Forwarding findElement on session 1850fbce5f951b60a82aea7e87031669 to remote] http.headers 136 - http-outgoing-5 >> Host: localhost:19590
12-09-2018 12:36:57 LoggingManagedHttpClientConnection.java DEBUG [Forwarding findElement on session 1850fbce5f951b60a82aea7e87031669 to remote] http.headers 136 - http-outgoing-5 >> Connection: Keep-Alive
12-09-2018 12:36:57 LoggingManagedHttpClientConnection.java DEBUG [Forwarding findElement on session 1850fbce5f951b60a82aea7e87031669 to remote] http.headers 136 - http-outgoing-5 >> User-Agent: Apache-HttpClient/4.5.3 (Java/1.8.0_181)
12-09-2018 12:36:57 LoggingManagedHttpClientConnection.java DEBUG [Forwarding findElement on session 1850fbce5f951b60a82aea7e87031669 to remote] http.headers 136 - http-outgoing-5 >> Accept-Encoding: gzip,deflate
12-09-2018 12:36:57 Wire.java DEBUG [Forwarding findElement on session 1850fbce5f951b60a82aea7e87031669 to remote] http.wire 73 - http-outgoing-5 >> "POST /session/1850fbce5f951b60a82aea7e87031669/element HTTP/1.1[\r][\n]"
12-09-2018 12:36:57 Wire.java DEBUG [Forwarding findElement on session 1850fbce5f951b60a82aea7e87031669 to remote] http.wire 73 - http-outgoing-5 >> "Content-Type: application/json; charset=utf-8[\r][\n]"
12-09-2018 12:36:57 Wire.java DEBUG [Forwarding findElement on session 1850fbce5f951b60a82aea7e87031669 to remote] http.wire 73 - http-outgoing-5 >> "Content-Length: 55[\r][\n]"
12-09-2018 12:36:57 Wire.java DEBUG [Forwarding findElement on session 1850fbce5f951b60a82aea7e87031669 to remote] http.wire 73 - http-outgoing-5 >> "Host: localhost:19590[\r][\n]"
12-09-2018 12:36:57 Wire.java DEBUG [Forwarding findElement on session 1850fbce5f951b60a82aea7e87031669 to remote] http.wire 73 - http-outgoing-5 >> "Connection: Keep-Alive[\r][\n]"
12-09-2018 12:36:57 Wire.java DEBUG [Forwarding findElement on session 1850fbce5f951b60a82aea7e87031669 to remote] http.wire 73 - http-outgoing-5 >> "User-Agent: Apache-HttpClient/4.5.3 (Java/1.8.0_181)[\r][\n]"
12-09-2018 12:36:57 Wire.java DEBUG [Forwarding findElement on session 1850fbce5f951b60a82aea7e87031669 to remote] http.wire 73 - http-outgoing-5 >> "Accept-Encoding: gzip,deflate[\r][\n]"
12-09-2018 12:36:57 Wire.java DEBUG [Forwarding findElement on session 1850fbce5f951b60a82aea7e87031669 to remote] http.wire 73 - http-outgoing-5 >> "[\r][\n]"
12-09-2018 12:36:57 Wire.java DEBUG [Forwarding findElement on session 1850fbce5f951b60a82aea7e87031669 to remote] http.wire 87 - http-outgoing-5 >> "{"using":"xpath","value":"//span[@class='gb_bb gbii']"}"
12-09-2018 12:37:03 Wire.java DEBUG [Forwarding findElement on session 1850fbce5f951b60a82aea7e87031669 to remote] http.wire 73 - http-outgoing-5 << "HTTP/1.1 200 OK[\r][\n]"
12-09-2018 12:37:03 Wire.java DEBUG [Forwarding findElement on session 1850fbce5f951b60a82aea7e87031669 to remote] http.wire 73 - http-outgoing-5 << "Content-Length:268[\r][\n]"
12-09-2018 12:37:03 Wire.java DEBUG [Forwarding findElement on session 1850fbce5f951b60a82aea7e87031669 to remote] http.wire 73 - http-outgoing-5 << "Content-Type:application/json; charset=utf-8[\r][\n]"
12-09-2018 12:37:03 Wire.java DEBUG [Forwarding findElement on session 1850fbce5f951b60a82aea7e87031669 to remote] http.wire 73 - http-outgoing-5 << "[\r][\n]"
12-09-2018 12:37:03 Wire.java DEBUG [Forwarding findElement on session 1850fbce5f951b60a82aea7e87031669 to remote] http.wire 87 - http-outgoing-5 << "{"sessionId":"1850fbce5f951b60a82aea7e87031669","status":100,"value":{"message":"chrome not reachable\n  (Session info: chrome=70.0.3538.110)\n  (Driver info: chromedriver=2.44.609538 (b655c5a60b0b544917107a59d4153d4bf78e1b90),platform=Windows NT 10.0.17134 x86_64)"}}"
12-09-2018 12:37:03 LoggingManagedHttpClientConnection.java DEBUG [Forwarding findElement on session 1850fbce5f951b60a82aea7e87031669 to remote] http.headers 122 - http-outgoing-5 << HTTP/1.1 200 OK
12-09-2018 12:37:03 LoggingManagedHttpClientConnection.java DEBUG [Forwarding findElement on session 1850fbce5f951b60a82aea7e87031669 to remote] http.headers 125 - http-outgoing-5 << Content-Length:268
12-09-2018 12:37:03 LoggingManagedHttpClientConnection.java DEBUG [Forwarding findElement on session 1850fbce5f951b60a82aea7e87031669 to remote] http.headers 125 - http-outgoing-5 << Content-Type:application/json; charset=utf-8
12-09-2018 12:37:03 MainClientExec.java DEBUG [Forwarding findElement on session 1850fbce5f951b60a82aea7e87031669 to remote] execchain.MainClientExec 285 - Connection can be kept alive indefinitely
12-09-2018 12:37:03 PoolingHttpClientConnectionManager.java DEBUG [Forwarding findElement on session 1850fbce5f951b60a82aea7e87031669 to remote] conn.PoolingHttpClientConnectionManager 320 - Connection [id: 5][route: {}->http://localhost:19590] can be kept alive indefinitely
12-09-2018 12:37:03 PoolingHttpClientConnectionManager.java DEBUG [Forwarding findElement on session 1850fbce5f951b60a82aea7e87031669 to remote] conn.PoolingHttpClientConnectionManager 326 - Connection released: [id: 5][route: {}->http://localhost:19590][total kept alive: 1; route allocated: 1 of 2000; total allocated: 1 of 2000]
12-09-2018 12:37:03 RequestAddCookies.java DEBUG [Forwarding close on session 1850fbce5f951b60a82aea7e87031669 to remote] protocol.RequestAddCookies 123 - CookieSpec selected: default
12-09-2018 12:37:03 RequestAuthCache.java DEBUG [Forwarding close on session 1850fbce5f951b60a82aea7e87031669 to remote] protocol.RequestAuthCache 77 - Auth cache not set in the context
12-09-2018 12:37:03 PoolingHttpClientConnectionManager.java DEBUG [Forwarding close on session 1850fbce5f951b60a82aea7e87031669 to remote] conn.PoolingHttpClientConnectionManager 255 - Connection request: [route: {}->http://localhost:19590][total kept alive: 1; route allocated: 1 of 2000; total allocated: 1 of 2000]
12-09-2018 12:37:03 PoolingHttpClientConnectionManager.java DEBUG [Forwarding close on session 1850fbce5f951b60a82aea7e87031669 to remote] conn.PoolingHttpClientConnectionManager 288 - Connection leased: [id: 5][route: {}->http://localhost:19590][total kept alive: 0; route allocated: 1 of 2000; total allocated: 1 of 2000]
12-09-2018 12:37:03 MainClientExec.java DEBUG [Forwarding close on session 1850fbce5f951b60a82aea7e87031669 to remote] execchain.MainClientExec 208 - Stale connection check
12-09-2018 12:37:03 Wire.java DEBUG [Forwarding close on session 1850fbce5f951b60a82aea7e87031669 to remote] http.wire 87 - http-outgoing-5 << "[read] I/O error: Read timed out"
12-09-2018 12:37:03 LoggingManagedHttpClientConnection.java DEBUG [Forwarding close on session 1850fbce5f951b60a82aea7e87031669 to remote] conn.DefaultManagedHttpClientConnection 88 - http-outgoing-5: set socket timeout to 10800000
12-09-2018 12:37:03 MainClientExec.java DEBUG [Forwarding close on session 1850fbce5f951b60a82aea7e87031669 to remote] execchain.MainClientExec 256 - Executing request DELETE /session/1850fbce5f951b60a82aea7e87031669/window HTTP/1.1
12-09-2018 12:37:03 MainClientExec.java DEBUG [Forwarding close on session 1850fbce5f951b60a82aea7e87031669 to remote] execchain.MainClientExec 261 - Target auth state: UNCHALLENGED
12-09-2018 12:37:03 MainClientExec.java DEBUG [Forwarding close on session 1850fbce5f951b60a82aea7e87031669 to remote] execchain.MainClientExec 267 - Proxy auth state: UNCHALLENGED
12-09-2018 12:37:03 LoggingManagedHttpClientConnection.java DEBUG [Forwarding close on session 1850fbce5f951b60a82aea7e87031669 to remote] http.headers 133 - http-outgoing-5 >> DELETE /session/1850fbce5f951b60a82aea7e87031669/window HTTP/1.1
12-09-2018 12:37:03 LoggingManagedHttpClientConnection.java DEBUG [Forwarding close on session 1850fbce5f951b60a82aea7e87031669 to remote] http.headers 136 - http-outgoing-5 >> Host: localhost:19590
12-09-2018 12:37:03 LoggingManagedHttpClientConnection.java DEBUG [Forwarding close on session 1850fbce5f951b60a82aea7e87031669 to remote] http.headers 136 - http-outgoing-5 >> Connection: Keep-Alive
12-09-2018 12:37:03 LoggingManagedHttpClientConnection.java DEBUG [Forwarding close on session 1850fbce5f951b60a82aea7e87031669 to remote] http.headers 136 - http-outgoing-5 >> User-Agent: Apache-HttpClient/4.5.3 (Java/1.8.0_181)
12-09-2018 12:37:03 LoggingManagedHttpClientConnection.java DEBUG [Forwarding close on session 1850fbce5f951b60a82aea7e87031669 to remote] http.headers 136 - http-outgoing-5 >> Accept-Encoding: gzip,deflate
12-09-2018 12:37:03 Wire.java DEBUG [Forwarding close on session 1850fbce5f951b60a82aea7e87031669 to remote] http.wire 73 - http-outgoing-5 >> "DELETE /session/1850fbce5f951b60a82aea7e87031669/window HTTP/1.1[\r][\n]"
12-09-2018 12:37:03 Wire.java DEBUG [Forwarding close on session 1850fbce5f951b60a82aea7e87031669 to remote] http.wire 73 - http-outgoing-5 >> "Host: localhost:19590[\r][\n]"
12-09-2018 12:37:03 Wire.java DEBUG [Forwarding close on session 1850fbce5f951b60a82aea7e87031669 to remote] http.wire 73 - http-outgoing-5 >> "Connection: Keep-Alive[\r][\n]"
12-09-2018 12:37:03 Wire.java DEBUG [Forwarding close on session 1850fbce5f951b60a82aea7e87031669 to remote] http.wire 73 - http-outgoing-5 >> "User-Agent: Apache-HttpClient/4.5.3 (Java/1.8.0_181)[\r][\n]"
12-09-2018 12:37:03 Wire.java DEBUG [Forwarding close on session 1850fbce5f951b60a82aea7e87031669 to remote] http.wire 73 - http-outgoing-5 >> "Accept-Encoding: gzip,deflate[\r][\n]"
12-09-2018 12:37:03 Wire.java DEBUG [Forwarding close on session 1850fbce5f951b60a82aea7e87031669 to remote] http.wire 73 - http-outgoing-5 >> "[\r][\n]"
12-09-2018 12:37:03 Wire.java DEBUG [Forwarding close on session 1850fbce5f951b60a82aea7e87031669 to remote] http.wire 73 - http-outgoing-5 << "HTTP/1.1 200 OK[\r][\n]"
12-09-2018 12:37:03 Wire.java DEBUG [Forwarding close on session 1850fbce5f951b60a82aea7e87031669 to remote] http.wire 73 - http-outgoing-5 << "Content-Length:268[\r][\n]"
12-09-2018 12:37:03 Wire.java DEBUG [Forwarding close on session 1850fbce5f951b60a82aea7e87031669 to remote] http.wire 73 - http-outgoing-5 << "Content-Type:application/json; charset=utf-8[\r][\n]"
12-09-2018 12:37:03 Wire.java DEBUG [Forwarding close on session 1850fbce5f951b60a82aea7e87031669 to remote] http.wire 73 - http-outgoing-5 << "[\r][\n]"
12-09-2018 12:37:03 Wire.java DEBUG [Forwarding close on session 1850fbce5f951b60a82aea7e87031669 to remote] http.wire 87 - http-outgoing-5 << "{"sessionId":"1850fbce5f951b60a82aea7e87031669","status":100,"value":{"message":"chrome not reachable\n  (Session info: chrome=70.0.3538.110)\n  (Driver info: chromedriver=2.44.609538 (b655c5a60b0b544917107a59d4153d4bf78e1b90),platform=Windows NT 10.0.17134 x86_64)"}}"
12-09-2018 12:37:03 LoggingManagedHttpClientConnection.java DEBUG [Forwarding close on session 1850fbce5f951b60a82aea7e87031669 to remote] http.headers 122 - http-outgoing-5 << HTTP/1.1 200 OK
12-09-2018 12:37:03 LoggingManagedHttpClientConnection.java DEBUG [Forwarding close on session 1850fbce5f951b60a82aea7e87031669 to remote] http.headers 125 - http-outgoing-5 << Content-Length:268
12-09-2018 12:37:03 LoggingManagedHttpClientConnection.java DEBUG [Forwarding close on session 1850fbce5f951b60a82aea7e87031669 to remote] http.headers 125 - http-outgoing-5 << Content-Type:application/json; charset=utf-8
12-09-2018 12:37:03 MainClientExec.java DEBUG [Forwarding close on session 1850fbce5f951b60a82aea7e87031669 to remote] execchain.MainClientExec 285 - Connection can be kept alive indefinitely
12-09-2018 12:37:03 PoolingHttpClientConnectionManager.java DEBUG [Forwarding close on session 1850fbce5f951b60a82aea7e87031669 to remote] conn.PoolingHttpClientConnectionManager 320 - Connection [id: 5][route: {}->http://localhost:19590] can be kept alive indefinitely
12-09-2018 12:37:03 PoolingHttpClientConnectionManager.java DEBUG [Forwarding close on session 1850fbce5f951b60a82aea7e87031669 to remote] conn.PoolingHttpClientConnectionManager 326 - Connection released: [id: 5][route: {}->http://localhost:19590][total kept alive: 1; route allocated: 1 of 2000; total allocated: 1 of 2000]
]]></system-out>
    <system-err><![CDATA[Starting ChromeDriver 2.44.609538 (b655c5a60b0b544917107a59d4153d4bf78e1b90) on port 19590
Only local connections are allowed.
Dec 09, 2018 12:36:47 PM org.openqa.selenium.remote.ProtocolHandshake createSession
INFO: Detected dialect: OSS
[1544339219.423][WARNING]: Timed out connecting to Chrome, retrying...
]]></system-err>
  </testcase>
  <testcase name="testGmailSignInComposeMailDeleteSentItemSignOut" classname="com.gmail.qa.test.GmailSignInComposeMailDeleteSentItemSignOutTest" time="18.03">
    <error message="chrome not reachable&#10;  (Session info: chrome=70.0.3538.110)&#10;  (Driver info: chromedriver=2.44.609538 (b655c5a60b0b544917107a59d4153d4bf78e1b90),platform=Windows NT 10.0.17134 x86_64) (WARNING: The server did not provide any stacktrace information)&#10;Command duration or timeout: 0 milliseconds&#10;Build info: version: &apos;3.5.3&apos;, revision: &apos;a88d25fe6b&apos;, time: &apos;2017-08-29T12:42:44.417Z&apos;&#10;System info: host: &apos;DESKTOP-VQGGT5N&apos;, ip: &apos;192.168.1.12&apos;, os.name: &apos;Windows 10&apos;, os.arch: &apos;amd64&apos;, os.version: &apos;10.0&apos;, java.version: &apos;1.8.0_181&apos;&#10;Driver info: org.openqa.selenium.chrome.ChromeDriver&#10;Capabilities [{mobileEmulationEnabled=false, hasTouchScreen=false, platform=XP, acceptSslCerts=false, goog:chromeOptions={debuggerAddress=localhost:50397}, acceptInsecureCerts=false, webStorageEnabled=true, browserName=chrome, takesScreenshot=true, javascriptEnabled=true, platformName=XP, setWindowRect=true, unexpectedAlertBehaviour=ignore, applicationCacheEnabled=false, rotatable=false, networkConnectionEnabled=false, chrome={chromedriverVersion=2.44.609538 (b655c5a60b0b544917107a59d4153d4bf78e1b90), userDataDir=C:\Users\chait\AppData\Local\Temp\scoped_dir2352_19639}, takesHeapSnapshot=true, unhandledPromptBehavior=ignore, pageLoadStrategy=normal, databaseEnabled=false, handlesAlerts=true, version=70.0.3538.110, browserConnectionEnabled=false, nativeEvents=true, locationContextEnabled=true, cssSelectorsEnabled=true}]&#10;Session ID: 1850fbce5f951b60a82aea7e87031669" type="org.openqa.selenium.WebDriverException">org.openqa.selenium.WebDriverException: 
chrome not reachable
  (Session info: chrome=70.0.3538.110)
  (Driver info: chromedriver=2.44.609538 (b655c5a60b0b544917107a59d4153d4bf78e1b90),platform=Windows NT 10.0.17134 x86_64) (WARNING: The server did not provide any stacktrace information)
Command duration or timeout: 0 milliseconds
Build info: version: '3.5.3', revision: 'a88d25fe6b', time: '2017-08-29T12:42:44.417Z'
System info: host: 'DESKTOP-VQGGT5N', ip: '192.168.1.12', os.name: 'Windows 10', os.arch: 'amd64', os.version: '10.0', java.version: '1.8.0_181'
Driver info: org.openqa.selenium.chrome.ChromeDriver
Capabilities [{mobileEmulationEnabled=false, hasTouchScreen=false, platform=XP, acceptSslCerts=false, goog:chromeOptions={debuggerAddress=localhost:50397}, acceptInsecureCerts=false, webStorageEnabled=true, browserName=chrome, takesScreenshot=true, javascriptEnabled=true, platformName=XP, setWindowRect=true, unexpectedAlertBehaviour=ignore, applicationCacheEnabled=false, rotatable=false, networkConnectionEnabled=false, chrome={chromedriverVersion=2.44.609538 (b655c5a60b0b544917107a59d4153d4bf78e1b90), userDataDir=C:\Users\chait\AppData\Local\Temp\scoped_dir2352_19639}, takesHeapSnapshot=true, unhandledPromptBehavior=ignore, pageLoadStrategy=normal, databaseEnabled=false, handlesAlerts=true, version=70.0.3538.110, browserConnectionEnabled=false, nativeEvents=true, locationContextEnabled=true, cssSelectorsEnabled=true}]
Session ID: 1850fbce5f951b60a82aea7e87031669
	at com.gmail.qa.test.GmailSignInComposeMailDeleteSentItemSignOutTest.end(GmailSignInComposeMailDeleteSentItemSignOutTest.java:56)
</error>
  </testcase>
</testsuite>